[2020-12-29 15:05:56,612][INFO][SERVER][Check][milvus_server] InstanceLockCheck passed.
[2020-12-29 15:05:56,614][INFO][SERVER][Check][milvus_server] InstanceLockCheck passed.
[2020-12-29 15:05:56,615][INFO][SERVER][Start][milvus_server] Milvus Release version: v0.9.1, built at 2020-05-28 17:39.31
[2020-12-29 15:05:56,615][INFO][SERVER][Start][milvus_server] CPU edition
[2020-12-29 15:05:56,615][INFO][SERVER][CheckCpuInstructionSet][milvus_server] Supported CPU instruction sets: avx2, sse4_2
[2020-12-29 15:05:56,618][INFO][SERVER][LogConfigInFile][milvus_server] 

***************Config in file***************

version: 0.4
server_config:
  address: 0.0.0.0
  port: 19530
  deploy_mode: single
  time_zone: UTC+8
  web_enable: true
  web_port: 19121
db_config:
  backend_url: sqlite://:@:/
  preload_collection: ~
  auto_flush_interval: 1
storage_config:
  primary_path: /var/lib/milvus
  secondary_path: ~
  file_cleanup_timeout: 10
metric_config:
  enable_monitor: false
  address: 127.0.0.1
  port: 9091
cache_config:
  cpu_cache_capacity: 1
  insert_buffer_size: 1
  cache_insert_data: false
engine_config:
  use_blas_threshold: 1100
  gpu_search_threshold: 1000
gpu_resource_config:
  enable: false
  cache_capacity: 1
  search_resources:
    - gpu0
  build_index_resources:
    - gpu0
tracing_config:
  json_config_path: ~
wal_config:
  enable: true
  recovery_error_ignore: true
  buffer_size: 256
  wal_path: /var/lib/milvus/wal
logs:
  trace.enable: true
  debug.enable: true
  info.enable: true
  warning.enable: true
  error.enable: true
  fatal.enable: true
  path: /var/lib/milvus/logs
  max_log_file_size: 1024
  log_rotate_num: 0
[2020-12-29 15:05:56,619][INFO][SERVER][LogCpuInfo][milvus_server] 

***************CPU***************

processor	: 1
vendor_id	: GenuineIntel
cpu family	: 6
model		: 142
model name	: Intel(R) Core(TM) i5-8250U CPU @ 1.60GHz
stepping	: 10
microcode	: 0xffffffff
cpu MHz		: 1799.999
cache size	: 6144 KB
physical id	: 0
siblings	: 2
core id		: 0
cpu cores	: 1
apicid		: 1
initial apicid	: 1
fpu		: yes
fpu_exception	: yes
cpuid level	: 21
wp		: yes
flags		: fpu vme de pse tsc msr pae mce cx8 apic sep mtrr pge mca cmov pat pse36 clflush mmx fxsr sse sse2 ss ht syscall nx pdpe1gb rdtscp lm constant_tsc rep_good nopl xtopology cpuid pni pclmulqdq ssse3 fma cx16 pcid sse4_1 sse4_2 movbe popcnt aes xsave avx f16c rdrand hypervisor lahf_lm abm 3dnowprefetch invpcid_single ssbd ibrs ibpb stibp fsgsbase bmi1 avx2 smep bmi2 erms invpcid mpx rdseed adx smap clflushopt xsaveopt xsavec xgetbv1 xsaves flush_l1d arch_capabilities
bugs		: cpu_meltdown spectre_v1 spectre_v2 spec_store_bypass l1tf mds swapgs itlb_multihit
bogomips	: 3599.99
clflush size	: 64
cache_alignment	: 64
address sizes	: 39 bits physical, 48 bits virtual
power management:


[2020-12-29 15:05:56,619][INFO][SERVER][LogConfigInMem][milvus_server] 

***************Config in memory***************

{
   "cache_config": {
      "cache_insert_data": "false",
      "cpu_cache_capacity": "1",
      "cpu_cache_threshold": "0.7",
      "insert_buffer_size": "1"
   },
   "db_config": {
      "archive_days_threshold": "0",
      "archive_disk_threshold": "0",
      "auto_flush_interval": "1",
      "backend_url": "sqlite://:@:/",
      "preload_collection": ""
   },
   "engine_config": {
      "omp_thread_num": "0",
      "simd_type": "auto",
      "use_blas_threshold": "1100"
   },
   "logs": {
      "debug.enable": "true",
      "error.enable": "true",
      "fatal.enable": "true",
      "info.enable": "true",
      "log_rotate_num": "0",
      "max_log_file_size": "1024",
      "path": "/var/lib/milvus/logs",
      "trace.enable": "true",
      "warning.enable": "true"
   },
   "metric_config": {
      "address": "127.0.0.1",
      "enable_monitor": "false",
      "port": "9091"
   },
   "server_config": {
      "address": "0.0.0.0",
      "deploy_mode": "single",
      "port": "19530",
      "time_zone": "UTC+8",
      "web_enable": "true",
      "web_port": "19121"
   },
   "storage_config": {
      "primary_path": "/var/lib/milvus",
      "secondary_path": ""
   },
   "tracing_config": {
      "json_config_path": ""
   },
   "wal_config": {
      "buffer_size": "256",
      "enable": "true",
      "recovery_error_ignore": "true",
      "wal_path": "/var/lib/milvus/wal"
   }
}
[2020-12-29 15:05:56,636][INFO][ENGINE][Build][milvus_server] Using SQLite
[2020-12-29 15:05:57,744][INFO][WAL][CollectionFlushed][wal_thread]  is flushed by lsn 0
[2020-12-29 15:05:58,746][INFO][WAL][CollectionFlushed][wal_thread]  is flushed by lsn 0
[2020-12-29 15:05:59,749][INFO][WAL][CollectionFlushed][wal_thread]  is flushed by lsn 0
[2020-12-29 15:06:00,752][INFO][WAL][CollectionFlushed][wal_thread]  is flushed by lsn 0
[2020-12-29 15:06:01,754][INFO][WAL][CollectionFlushed][wal_thread]  is flushed by lsn 0
[2020-12-29 15:06:02,757][INFO][WAL][CollectionFlushed][wal_thread]  is flushed by lsn 0
[2020-12-29 15:06:03,760][INFO][WAL][CollectionFlushed][wal_thread]  is flushed by lsn 0
[2020-12-29 15:06:04,763][INFO][WAL][CollectionFlushed][wal_thread]  is flushed by lsn 0
[2020-12-29 15:06:05,764][INFO][WAL][CollectionFlushed][wal_thread]  is flushed by lsn 0
[2020-12-29 15:06:06,767][INFO][WAL][CollectionFlushed][wal_thread]  is flushed by lsn 0
[2020-12-29 15:06:07,769][INFO][WAL][CollectionFlushed][wal_thread]  is flushed by lsn 0
[2020-12-29 15:06:08,771][INFO][WAL][CollectionFlushed][wal_thread]  is flushed by lsn 0
[2020-12-29 15:06:09,772][INFO][WAL][CollectionFlushed][wal_thread]  is flushed by lsn 0
[2020-12-29 15:06:10,776][INFO][WAL][CollectionFlushed][wal_thread]  is flushed by lsn 0
[2020-12-29 15:06:11,779][INFO][WAL][CollectionFlushed][wal_thread]  is flushed by lsn 0
[2020-12-29 15:06:12,782][INFO][WAL][CollectionFlushed][wal_thread]  is flushed by lsn 0
[2020-12-29 15:06:13,785][INFO][WAL][CollectionFlushed][wal_thread]  is flushed by lsn 0
[2020-12-29 15:06:14,789][INFO][WAL][CollectionFlushed][wal_thread]  is flushed by lsn 0
[2020-12-29 15:06:15,791][INFO][WAL][CollectionFlushed][wal_thread]  is flushed by lsn 0
[2020-12-29 15:06:16,794][INFO][WAL][CollectionFlushed][wal_thread]  is flushed by lsn 0
[2020-12-29 15:06:17,796][INFO][WAL][CollectionFlushed][wal_thread]  is flushed by lsn 0
[2020-12-29 15:06:18,797][INFO][WAL][CollectionFlushed][wal_thread]  is flushed by lsn 0
[2020-12-29 15:06:19,798][INFO][WAL][CollectionFlushed][wal_thread]  is flushed by lsn 0
[2020-12-29 15:06:20,802][INFO][WAL][CollectionFlushed][wal_thread]  is flushed by lsn 0
[2020-12-29 15:06:21,806][INFO][WAL][CollectionFlushed][wal_thread]  is flushed by lsn 0
[2020-12-29 15:06:22,809][INFO][WAL][CollectionFlushed][wal_thread]  is flushed by lsn 0
[2020-12-29 15:06:23,810][INFO][WAL][CollectionFlushed][wal_thread]  is flushed by lsn 0
[2020-12-29 15:06:24,813][INFO][WAL][CollectionFlushed][wal_thread]  is flushed by lsn 0
[2020-12-29 15:06:25,815][INFO][WAL][CollectionFlushed][wal_thread]  is flushed by lsn 0
[2020-12-29 15:06:26,817][INFO][WAL][CollectionFlushed][wal_thread]  is flushed by lsn 0
[2020-12-29 15:06:27,819][INFO][WAL][CollectionFlushed][wal_thread]  is flushed by lsn 0
[2020-12-29 15:06:28,820][INFO][WAL][CollectionFlushed][wal_thread]  is flushed by lsn 0
[2020-12-29 15:06:29,821][INFO][WAL][CollectionFlushed][wal_thread]  is flushed by lsn 0
[2020-12-29 15:06:30,823][INFO][WAL][CollectionFlushed][wal_thread]  is flushed by lsn 0
[2020-12-29 15:06:31,824][INFO][WAL][CollectionFlushed][wal_thread]  is flushed by lsn 0
[2020-12-29 15:06:32,826][INFO][WAL][CollectionFlushed][wal_thread]  is flushed by lsn 0
[2020-12-29 15:06:33,829][INFO][WAL][CollectionFlushed][wal_thread]  is flushed by lsn 0
[2020-12-29 15:06:34,830][INFO][WAL][CollectionFlushed][wal_thread]  is flushed by lsn 0
[2020-12-29 15:06:35,833][INFO][WAL][CollectionFlushed][wal_thread]  is flushed by lsn 0
[2020-12-29 15:06:36,836][INFO][WAL][CollectionFlushed][wal_thread]  is flushed by lsn 0
[2020-12-29 15:06:37,837][INFO][WAL][CollectionFlushed][wal_thread]  is flushed by lsn 0
[2020-12-29 15:06:38,838][INFO][WAL][CollectionFlushed][wal_thread]  is flushed by lsn 0
[2020-12-29 15:06:39,842][INFO][WAL][CollectionFlushed][wal_thread]  is flushed by lsn 0
[2020-12-29 15:06:40,845][INFO][WAL][CollectionFlushed][wal_thread]  is flushed by lsn 0
[2020-12-29 15:06:41,848][INFO][WAL][CollectionFlushed][wal_thread]  is flushed by lsn 0
[2020-12-29 15:06:42,850][INFO][WAL][CollectionFlushed][wal_thread]  is flushed by lsn 0
[2020-12-29 15:06:43,851][INFO][WAL][CollectionFlushed][wal_thread]  is flushed by lsn 0
[2020-12-29 15:06:44,854][INFO][WAL][CollectionFlushed][wal_thread]  is flushed by lsn 0
[2020-12-29 15:06:45,855][INFO][WAL][CollectionFlushed][wal_thread]  is flushed by lsn 0
[2020-12-29 15:06:46,859][INFO][WAL][CollectionFlushed][wal_thread]  is flushed by lsn 0
[2020-12-29 15:06:47,862][INFO][WAL][CollectionFlushed][wal_thread]  is flushed by lsn 0
[2020-12-29 15:06:48,864][INFO][WAL][CollectionFlushed][wal_thread]  is flushed by lsn 0
[2020-12-29 15:06:49,867][INFO][WAL][CollectionFlushed][wal_thread]  is flushed by lsn 0
[2020-12-29 15:06:50,871][INFO][WAL][CollectionFlushed][wal_thread]  is flushed by lsn 0
[2020-12-29 15:06:51,874][INFO][WAL][CollectionFlushed][wal_thread]  is flushed by lsn 0
[2020-12-29 15:06:52,877][INFO][WAL][CollectionFlushed][wal_thread]  is flushed by lsn 0
[2020-12-29 15:06:53,881][INFO][WAL][CollectionFlushed][wal_thread]  is flushed by lsn 0
[2020-12-29 15:06:54,885][INFO][WAL][CollectionFlushed][wal_thread]  is flushed by lsn 0
[2020-12-29 15:06:55,888][INFO][WAL][CollectionFlushed][wal_thread]  is flushed by lsn 0
[2020-12-29 15:06:56,891][INFO][WAL][CollectionFlushed][wal_thread]  is flushed by lsn 0
[2020-12-29 15:06:57,895][INFO][WAL][CollectionFlushed][wal_thread]  is flushed by lsn 0
[2020-12-29 15:06:58,899][INFO][WAL][CollectionFlushed][wal_thread]  is flushed by lsn 0
[2020-12-29 15:06:59,904][INFO][WAL][CollectionFlushed][wal_thread]  is flushed by lsn 0
[2020-12-29 15:07:00,907][INFO][WAL][CollectionFlushed][wal_thread]  is flushed by lsn 0
[2020-12-29 15:07:01,908][INFO][WAL][CollectionFlushed][wal_thread]  is flushed by lsn 0
[2020-12-29 15:07:02,910][INFO][WAL][CollectionFlushed][wal_thread]  is flushed by lsn 0
[2020-12-29 15:07:03,913][INFO][WAL][CollectionFlushed][wal_thread]  is flushed by lsn 0
[2020-12-29 15:07:04,914][INFO][WAL][CollectionFlushed][wal_thread]  is flushed by lsn 0
[2020-12-29 15:07:05,918][INFO][WAL][CollectionFlushed][wal_thread]  is flushed by lsn 0
[2020-12-29 15:07:06,921][INFO][WAL][CollectionFlushed][wal_thread]  is flushed by lsn 0
[2020-12-29 15:07:07,924][INFO][WAL][CollectionFlushed][wal_thread]  is flushed by lsn 0
[2020-12-29 15:07:08,927][INFO][WAL][CollectionFlushed][wal_thread]  is flushed by lsn 0
[2020-12-29 15:07:09,931][INFO][WAL][CollectionFlushed][wal_thread]  is flushed by lsn 0
[2020-12-29 15:07:10,934][INFO][WAL][CollectionFlushed][wal_thread]  is flushed by lsn 0
[2020-12-29 15:07:11,936][INFO][WAL][CollectionFlushed][wal_thread]  is flushed by lsn 0
[2020-12-29 15:07:12,939][INFO][WAL][CollectionFlushed][wal_thread]  is flushed by lsn 0
[2020-12-29 15:07:13,942][INFO][WAL][CollectionFlushed][wal_thread]  is flushed by lsn 0
[2020-12-29 15:07:14,946][INFO][WAL][CollectionFlushed][wal_thread]  is flushed by lsn 0
[2020-12-29 15:07:15,949][INFO][WAL][CollectionFlushed][wal_thread]  is flushed by lsn 0
[2020-12-29 15:07:16,953][INFO][WAL][CollectionFlushed][wal_thread]  is flushed by lsn 0
[2020-12-29 15:07:17,956][INFO][WAL][CollectionFlushed][wal_thread]  is flushed by lsn 0
[2020-12-29 15:07:18,959][INFO][WAL][CollectionFlushed][wal_thread]  is flushed by lsn 0
[2020-12-29 15:07:19,961][INFO][WAL][CollectionFlushed][wal_thread]  is flushed by lsn 0
[2020-12-29 15:07:20,964][INFO][WAL][CollectionFlushed][wal_thread]  is flushed by lsn 0
[2020-12-29 15:07:21,967][INFO][WAL][CollectionFlushed][wal_thread]  is flushed by lsn 0
[2020-12-29 15:07:22,968][INFO][WAL][CollectionFlushed][wal_thread]  is flushed by lsn 0
[2020-12-29 15:07:23,970][INFO][WAL][CollectionFlushed][wal_thread]  is flushed by lsn 0
[2020-12-29 15:07:24,972][INFO][WAL][CollectionFlushed][wal_thread]  is flushed by lsn 0
[2020-12-29 15:07:25,975][INFO][WAL][CollectionFlushed][wal_thread]  is flushed by lsn 0
[2020-12-29 15:07:26,979][INFO][WAL][CollectionFlushed][wal_thread]  is flushed by lsn 0
[2020-12-29 15:07:27,982][INFO][WAL][CollectionFlushed][wal_thread]  is flushed by lsn 0
[2020-12-29 15:07:28,985][INFO][WAL][CollectionFlushed][wal_thread]  is flushed by lsn 0
[2020-12-29 15:07:29,986][INFO][WAL][CollectionFlushed][wal_thread]  is flushed by lsn 0
[2020-12-29 15:07:30,990][INFO][WAL][CollectionFlushed][wal_thread]  is flushed by lsn 0
[2020-12-29 15:07:31,994][INFO][WAL][CollectionFlushed][wal_thread]  is flushed by lsn 0
[2020-12-29 15:07:32,998][INFO][WAL][CollectionFlushed][wal_thread]  is flushed by lsn 0
[2020-12-29 15:07:34,001][INFO][WAL][CollectionFlushed][wal_thread]  is flushed by lsn 0
[2020-12-29 15:07:35,005][INFO][WAL][CollectionFlushed][wal_thread]  is flushed by lsn 0
[2020-12-29 15:07:36,008][INFO][WAL][CollectionFlushed][wal_thread]  is flushed by lsn 0
[2020-12-29 15:07:37,012][INFO][WAL][CollectionFlushed][wal_thread]  is flushed by lsn 0
[2020-12-29 15:07:38,014][INFO][WAL][CollectionFlushed][wal_thread]  is flushed by lsn 0
[2020-12-29 15:07:39,016][INFO][WAL][CollectionFlushed][wal_thread]  is flushed by lsn 0
[2020-12-29 15:07:40,020][INFO][WAL][CollectionFlushed][wal_thread]  is flushed by lsn 0
[2020-12-29 15:07:41,023][INFO][WAL][CollectionFlushed][wal_thread]  is flushed by lsn 0
[2020-12-29 15:07:42,024][INFO][WAL][CollectionFlushed][wal_thread]  is flushed by lsn 0
[2020-12-29 15:07:43,026][INFO][WAL][CollectionFlushed][wal_thread]  is flushed by lsn 0
[2020-12-29 15:07:44,029][INFO][WAL][CollectionFlushed][wal_thread]  is flushed by lsn 0
[2020-12-29 15:07:45,030][INFO][WAL][CollectionFlushed][wal_thread]  is flushed by lsn 0
[2020-12-29 15:07:46,031][INFO][WAL][CollectionFlushed][wal_thread]  is flushed by lsn 0
[2020-12-29 15:07:47,033][INFO][WAL][CollectionFlushed][wal_thread]  is flushed by lsn 0
[2020-12-29 15:07:48,037][INFO][WAL][CollectionFlushed][wal_thread]  is flushed by lsn 0
[2020-12-29 15:07:49,040][INFO][WAL][CollectionFlushed][wal_thread]  is flushed by lsn 0
[2020-12-29 15:07:50,042][INFO][WAL][CollectionFlushed][wal_thread]  is flushed by lsn 0
[2020-12-29 15:07:51,045][INFO][WAL][CollectionFlushed][wal_thread]  is flushed by lsn 0
[2020-12-29 15:07:52,048][INFO][WAL][CollectionFlushed][wal_thread]  is flushed by lsn 0
[2020-12-29 15:07:53,055][INFO][WAL][CollectionFlushed][wal_thread]  is flushed by lsn 0
[2020-12-29 15:07:54,056][INFO][WAL][CollectionFlushed][wal_thread]  is flushed by lsn 0
[2020-12-29 15:07:55,059][INFO][WAL][CollectionFlushed][wal_thread]  is flushed by lsn 0
[2020-12-29 15:07:56,060][INFO][WAL][CollectionFlushed][wal_thread]  is flushed by lsn 0
[2020-12-29 15:07:57,064][INFO][WAL][CollectionFlushed][wal_thread]  is flushed by lsn 0
[2020-12-29 15:07:58,069][INFO][WAL][CollectionFlushed][wal_thread]  is flushed by lsn 0
[2020-12-29 15:07:59,072][INFO][WAL][CollectionFlushed][wal_thread]  is flushed by lsn 0
[2020-12-29 15:08:00,074][INFO][WAL][CollectionFlushed][wal_thread]  is flushed by lsn 0
[2020-12-29 15:08:01,077][INFO][WAL][CollectionFlushed][wal_thread]  is flushed by lsn 0
[2020-12-29 15:08:02,080][INFO][WAL][CollectionFlushed][wal_thread]  is flushed by lsn 0
[2020-12-29 15:08:03,084][INFO][WAL][CollectionFlushed][wal_thread]  is flushed by lsn 0
[2020-12-29 15:08:04,088][INFO][WAL][CollectionFlushed][wal_thread]  is flushed by lsn 0
[2020-12-29 15:08:05,091][INFO][WAL][CollectionFlushed][wal_thread]  is flushed by lsn 0
[2020-12-29 15:08:06,094][INFO][WAL][CollectionFlushed][wal_thread]  is flushed by lsn 0
[2020-12-29 15:08:07,097][INFO][WAL][CollectionFlushed][wal_thread]  is flushed by lsn 0
[2020-12-29 15:08:08,100][INFO][WAL][CollectionFlushed][wal_thread]  is flushed by lsn 0
[2020-12-29 15:08:09,103][INFO][WAL][CollectionFlushed][wal_thread]  is flushed by lsn 0
[2020-12-29 15:08:10,105][INFO][WAL][CollectionFlushed][wal_thread]  is flushed by lsn 0
[2020-12-29 15:08:11,107][INFO][WAL][CollectionFlushed][wal_thread]  is flushed by lsn 0
[2020-12-29 15:08:12,110][INFO][WAL][CollectionFlushed][wal_thread]  is flushed by lsn 0
[2020-12-29 15:08:13,112][INFO][WAL][CollectionFlushed][wal_thread]  is flushed by lsn 0
[2020-12-29 15:08:14,113][INFO][WAL][CollectionFlushed][wal_thread]  is flushed by lsn 0
[2020-12-29 15:08:15,115][INFO][WAL][CollectionFlushed][wal_thread]  is flushed by lsn 0
[2020-12-29 15:08:16,119][INFO][WAL][CollectionFlushed][wal_thread]  is flushed by lsn 0
[2020-12-29 15:08:17,122][INFO][WAL][CollectionFlushed][wal_thread]  is flushed by lsn 0
[2020-12-29 15:08:18,125][INFO][WAL][CollectionFlushed][wal_thread]  is flushed by lsn 0
[2020-12-29 15:08:19,126][INFO][WAL][CollectionFlushed][wal_thread]  is flushed by lsn 0
[2020-12-29 15:08:20,129][INFO][WAL][CollectionFlushed][wal_thread]  is flushed by lsn 0
[2020-12-29 15:08:21,132][INFO][WAL][CollectionFlushed][wal_thread]  is flushed by lsn 0
[2020-12-29 15:08:22,136][INFO][WAL][CollectionFlushed][wal_thread]  is flushed by lsn 0
[2020-12-29 15:08:23,140][INFO][WAL][CollectionFlushed][wal_thread]  is flushed by lsn 0
[2020-12-29 15:08:24,143][INFO][WAL][CollectionFlushed][wal_thread]  is flushed by lsn 0
[2020-12-29 15:08:25,145][INFO][WAL][CollectionFlushed][wal_thread]  is flushed by lsn 0
[2020-12-29 15:08:26,148][INFO][WAL][CollectionFlushed][wal_thread]  is flushed by lsn 0
[2020-12-29 15:08:27,152][INFO][WAL][CollectionFlushed][wal_thread]  is flushed by lsn 0
[2020-12-29 15:08:28,155][INFO][WAL][CollectionFlushed][wal_thread]  is flushed by lsn 0
[2020-12-29 15:08:29,157][INFO][WAL][CollectionFlushed][wal_thread]  is flushed by lsn 0
[2020-12-29 15:08:30,158][INFO][WAL][CollectionFlushed][wal_thread]  is flushed by lsn 0
[2020-12-29 15:08:31,160][INFO][WAL][CollectionFlushed][wal_thread]  is flushed by lsn 0
[2020-12-29 15:08:32,163][INFO][WAL][CollectionFlushed][wal_thread]  is flushed by lsn 0
[2020-12-29 15:08:33,164][INFO][WAL][CollectionFlushed][wal_thread]  is flushed by lsn 0
[2020-12-29 15:08:34,165][INFO][WAL][CollectionFlushed][wal_thread]  is flushed by lsn 0
[2020-12-29 15:08:35,167][INFO][WAL][CollectionFlushed][wal_thread]  is flushed by lsn 0
[2020-12-29 15:08:36,171][INFO][WAL][CollectionFlushed][wal_thread]  is flushed by lsn 0
[2020-12-29 15:08:37,174][INFO][WAL][CollectionFlushed][wal_thread]  is flushed by lsn 0
[2020-12-29 15:08:38,176][INFO][WAL][CollectionFlushed][wal_thread]  is flushed by lsn 0
[2020-12-29 15:08:39,179][INFO][WAL][CollectionFlushed][wal_thread]  is flushed by lsn 0
[2020-12-29 15:08:40,180][INFO][WAL][CollectionFlushed][wal_thread]  is flushed by lsn 0
[2020-12-29 15:08:41,181][INFO][WAL][CollectionFlushed][wal_thread]  is flushed by lsn 0
[2020-12-29 15:08:42,182][INFO][WAL][CollectionFlushed][wal_thread]  is flushed by lsn 0
[2020-12-29 15:08:43,183][INFO][WAL][CollectionFlushed][wal_thread]  is flushed by lsn 0
[2020-12-29 15:08:44,184][INFO][WAL][CollectionFlushed][wal_thread]  is flushed by lsn 0
[2020-12-29 15:08:45,185][INFO][WAL][CollectionFlushed][wal_thread]  is flushed by lsn 0
[2020-12-29 15:08:46,188][INFO][WAL][CollectionFlushed][wal_thread]  is flushed by lsn 0
[2020-12-29 15:08:47,189][INFO][WAL][CollectionFlushed][wal_thread]  is flushed by lsn 0
[2020-12-29 15:08:48,190][INFO][WAL][CollectionFlushed][wal_thread]  is flushed by lsn 0
[2020-12-29 15:08:49,192][INFO][WAL][CollectionFlushed][wal_thread]  is flushed by lsn 0
[2020-12-29 15:08:50,193][INFO][WAL][CollectionFlushed][wal_thread]  is flushed by lsn 0
[2020-12-29 15:08:51,194][INFO][WAL][CollectionFlushed][wal_thread]  is flushed by lsn 0
[2020-12-29 15:08:52,195][INFO][WAL][CollectionFlushed][wal_thread]  is flushed by lsn 0
[2020-12-29 15:08:53,195][INFO][WAL][CollectionFlushed][wal_thread]  is flushed by lsn 0
[2020-12-29 15:08:54,197][INFO][WAL][CollectionFlushed][wal_thread]  is flushed by lsn 0
[2020-12-29 15:08:55,198][INFO][WAL][CollectionFlushed][wal_thread]  is flushed by lsn 0
[2020-12-29 15:08:56,200][INFO][WAL][CollectionFlushed][wal_thread]  is flushed by lsn 0
[2020-12-29 15:08:57,201][INFO][WAL][CollectionFlushed][wal_thread]  is flushed by lsn 0
[2020-12-29 15:08:58,202][INFO][WAL][CollectionFlushed][wal_thread]  is flushed by lsn 0
[2020-12-29 15:08:59,204][INFO][WAL][CollectionFlushed][wal_thread]  is flushed by lsn 0
[2020-12-29 15:09:00,206][INFO][WAL][CollectionFlushed][wal_thread]  is flushed by lsn 0
[2020-12-29 15:09:01,208][INFO][WAL][CollectionFlushed][wal_thread]  is flushed by lsn 0
[2020-12-29 15:09:02,209][INFO][WAL][CollectionFlushed][wal_thread]  is flushed by lsn 0
[2020-12-29 15:09:03,210][INFO][WAL][CollectionFlushed][wal_thread]  is flushed by lsn 0
[2020-12-29 15:09:04,211][INFO][WAL][CollectionFlushed][wal_thread]  is flushed by lsn 0
[2020-12-29 15:09:05,213][INFO][WAL][CollectionFlushed][wal_thread]  is flushed by lsn 0
[2020-12-29 15:09:06,215][INFO][WAL][CollectionFlushed][wal_thread]  is flushed by lsn 0
[2020-12-29 15:09:07,217][INFO][WAL][CollectionFlushed][wal_thread]  is flushed by lsn 0
[2020-12-29 15:09:08,221][INFO][WAL][CollectionFlushed][wal_thread]  is flushed by lsn 0
[2020-12-29 15:09:09,224][INFO][WAL][CollectionFlushed][wal_thread]  is flushed by lsn 0
[2020-12-29 15:09:10,225][INFO][WAL][CollectionFlushed][wal_thread]  is flushed by lsn 0
[2020-12-29 15:09:11,226][INFO][WAL][CollectionFlushed][wal_thread]  is flushed by lsn 0
[2020-12-29 15:09:12,227][INFO][WAL][CollectionFlushed][wal_thread]  is flushed by lsn 0
[2020-12-29 15:09:13,229][INFO][WAL][CollectionFlushed][wal_thread]  is flushed by lsn 0
[2020-12-29 15:09:14,230][INFO][WAL][CollectionFlushed][wal_thread]  is flushed by lsn 0
[2020-12-29 15:09:15,233][INFO][WAL][CollectionFlushed][wal_thread]  is flushed by lsn 0
[2020-12-29 15:09:16,234][INFO][WAL][CollectionFlushed][wal_thread]  is flushed by lsn 0
[2020-12-29 15:09:17,237][INFO][WAL][CollectionFlushed][wal_thread]  is flushed by lsn 0
[2020-12-29 15:09:18,238][INFO][WAL][CollectionFlushed][wal_thread]  is flushed by lsn 0
[2020-12-29 15:09:19,238][INFO][WAL][CollectionFlushed][wal_thread]  is flushed by lsn 0
[2020-12-29 15:09:20,239][INFO][WAL][CollectionFlushed][wal_thread]  is flushed by lsn 0
[2020-12-29 15:09:21,240][INFO][WAL][CollectionFlushed][wal_thread]  is flushed by lsn 0
[2020-12-29 15:09:22,243][INFO][WAL][CollectionFlushed][wal_thread]  is flushed by lsn 0
[2020-12-29 15:09:23,244][INFO][WAL][CollectionFlushed][wal_thread]  is flushed by lsn 0
[2020-12-29 15:09:24,245][INFO][WAL][CollectionFlushed][wal_thread]  is flushed by lsn 0
[2020-12-29 15:09:25,246][INFO][WAL][CollectionFlushed][wal_thread]  is flushed by lsn 0
[2020-12-29 15:09:26,247][INFO][WAL][CollectionFlushed][wal_thread]  is flushed by lsn 0
[2020-12-29 15:09:27,250][INFO][WAL][CollectionFlushed][wal_thread]  is flushed by lsn 0
[2020-12-29 15:09:28,252][INFO][WAL][CollectionFlushed][wal_thread]  is flushed by lsn 0
[2020-12-29 15:09:29,254][INFO][WAL][CollectionFlushed][wal_thread]  is flushed by lsn 0
[2020-12-29 15:09:30,255][INFO][WAL][CollectionFlushed][wal_thread]  is flushed by lsn 0
[2020-12-29 15:09:31,255][INFO][WAL][CollectionFlushed][wal_thread]  is flushed by lsn 0
[2020-12-29 15:09:32,257][INFO][WAL][CollectionFlushed][wal_thread]  is flushed by lsn 0
[2020-12-29 15:09:33,259][INFO][WAL][CollectionFlushed][wal_thread]  is flushed by lsn 0
[2020-12-29 15:09:34,261][INFO][WAL][CollectionFlushed][wal_thread]  is flushed by lsn 0
[2020-12-29 15:09:35,262][INFO][WAL][CollectionFlushed][wal_thread]  is flushed by lsn 0
[2020-12-29 15:09:36,263][INFO][WAL][CollectionFlushed][wal_thread]  is flushed by lsn 0
[2020-12-29 15:09:37,266][INFO][WAL][CollectionFlushed][wal_thread]  is flushed by lsn 0
[2020-12-29 15:09:38,269][INFO][WAL][CollectionFlushed][wal_thread]  is flushed by lsn 0
[2020-12-29 15:09:39,271][INFO][WAL][CollectionFlushed][wal_thread]  is flushed by lsn 0
[2020-12-29 15:09:40,274][INFO][WAL][CollectionFlushed][wal_thread]  is flushed by lsn 0
[2020-12-29 15:09:41,275][INFO][WAL][CollectionFlushed][wal_thread]  is flushed by lsn 0
[2020-12-29 15:09:42,279][INFO][WAL][CollectionFlushed][wal_thread]  is flushed by lsn 0
[2020-12-29 15:09:43,283][INFO][WAL][CollectionFlushed][wal_thread]  is flushed by lsn 0
[2020-12-29 15:09:44,288][INFO][WAL][CollectionFlushed][wal_thread]  is flushed by lsn 0
[2020-12-29 15:09:45,292][INFO][WAL][CollectionFlushed][wal_thread]  is flushed by lsn 0
[2020-12-29 15:09:46,294][INFO][WAL][CollectionFlushed][wal_thread]  is flushed by lsn 0
[2020-12-29 15:09:47,295][INFO][WAL][CollectionFlushed][wal_thread]  is flushed by lsn 0
[2020-12-29 15:09:48,296][INFO][WAL][CollectionFlushed][wal_thread]  is flushed by lsn 0
[2020-12-29 15:09:49,297][INFO][WAL][CollectionFlushed][wal_thread]  is flushed by lsn 0
[2020-12-29 15:09:50,298][INFO][WAL][CollectionFlushed][wal_thread]  is flushed by lsn 0
[2020-12-29 15:09:51,299][INFO][WAL][CollectionFlushed][wal_thread]  is flushed by lsn 0
[2020-12-29 15:09:52,301][INFO][WAL][CollectionFlushed][wal_thread]  is flushed by lsn 0
[2020-12-29 15:09:53,307][INFO][WAL][CollectionFlushed][wal_thread]  is flushed by lsn 0
[2020-12-29 15:09:54,308][INFO][WAL][CollectionFlushed][wal_thread]  is flushed by lsn 0
[2020-12-29 15:09:55,309][INFO][WAL][CollectionFlushed][wal_thread]  is flushed by lsn 0
[2020-12-29 15:09:56,310][INFO][WAL][CollectionFlushed][wal_thread]  is flushed by lsn 0
[2020-12-29 15:09:57,313][INFO][WAL][CollectionFlushed][wal_thread]  is flushed by lsn 0
[2020-12-29 15:09:58,319][INFO][WAL][CollectionFlushed][wal_thread]  is flushed by lsn 0
[2020-12-29 15:09:59,321][INFO][WAL][CollectionFlushed][wal_thread]  is flushed by lsn 0
[2020-12-29 15:10:00,322][INFO][WAL][CollectionFlushed][wal_thread]  is flushed by lsn 0
[2020-12-29 15:10:01,323][INFO][WAL][CollectionFlushed][wal_thread]  is flushed by lsn 0
[2020-12-29 15:10:02,324][INFO][WAL][CollectionFlushed][wal_thread]  is flushed by lsn 0
[2020-12-29 15:10:03,325][INFO][WAL][CollectionFlushed][wal_thread]  is flushed by lsn 0
[2020-12-29 15:10:04,326][INFO][WAL][CollectionFlushed][wal_thread]  is flushed by lsn 0
[2020-12-29 15:10:05,327][INFO][WAL][CollectionFlushed][wal_thread]  is flushed by lsn 0
[2020-12-29 15:10:06,328][INFO][WAL][CollectionFlushed][wal_thread]  is flushed by lsn 0
[2020-12-29 15:10:07,330][INFO][WAL][CollectionFlushed][wal_thread]  is flushed by lsn 0
[2020-12-29 15:10:08,333][INFO][WAL][CollectionFlushed][wal_thread]  is flushed by lsn 0
[2020-12-29 15:10:09,336][INFO][WAL][CollectionFlushed][wal_thread]  is flushed by lsn 0
[2020-12-29 15:10:10,337][INFO][WAL][CollectionFlushed][wal_thread]  is flushed by lsn 0
[2020-12-29 15:10:11,339][INFO][WAL][CollectionFlushed][wal_thread]  is flushed by lsn 0
[2020-12-29 15:10:12,340][INFO][WAL][CollectionFlushed][wal_thread]  is flushed by lsn 0
[2020-12-29 15:10:13,342][INFO][WAL][CollectionFlushed][wal_thread]  is flushed by lsn 0
[2020-12-29 15:10:14,343][INFO][WAL][CollectionFlushed][wal_thread]  is flushed by lsn 0
[2020-12-29 15:10:15,345][INFO][WAL][CollectionFlushed][wal_thread]  is flushed by lsn 0
[2020-12-29 15:10:16,348][INFO][WAL][CollectionFlushed][wal_thread]  is flushed by lsn 0
[2020-12-29 15:10:17,349][INFO][WAL][CollectionFlushed][wal_thread]  is flushed by lsn 0
[2020-12-29 15:10:18,352][INFO][WAL][CollectionFlushed][wal_thread]  is flushed by lsn 0
[2020-12-29 15:10:19,355][INFO][WAL][CollectionFlushed][wal_thread]  is flushed by lsn 0
[2020-12-29 15:10:20,357][INFO][WAL][CollectionFlushed][wal_thread]  is flushed by lsn 0
[2020-12-29 15:10:21,357][INFO][WAL][CollectionFlushed][wal_thread]  is flushed by lsn 0
[2020-12-29 15:10:22,358][INFO][WAL][CollectionFlushed][wal_thread]  is flushed by lsn 0
[2020-12-29 15:10:23,359][INFO][WAL][CollectionFlushed][wal_thread]  is flushed by lsn 0
[2020-12-29 15:10:24,360][INFO][WAL][CollectionFlushed][wal_thread]  is flushed by lsn 0
[2020-12-29 15:10:24,804][INFO][SERVER][Cmd][grpcpp_sync_ser] Request [0] Cmd begin.
[2020-12-29 15:10:24,805][INFO][SERVER][PutToQueue][grpcpp_sync_ser] Create new thread for request group: info
[2020-12-29 15:10:24,806][INFO][SERVER][Cmd][grpcpp_sync_ser] Request [0] Cmd end.
[2020-12-29 15:10:24,809][INFO][SERVER][HasCollection][grpcpp_sync_ser] Request [1] HasCollection begin.
[2020-12-29 15:10:24,810][INFO][SERVER][HasCollection][grpcpp_sync_ser] Request [1] HasCollection end.
[2020-12-29 15:10:24,812][INFO][SERVER][DescribeCollection][grpcpp_sync_ser] Request [2] DescribeCollection begin.
[2020-12-29 15:10:24,813][INFO][SERVER][DescribeCollection][grpcpp_sync_ser] Request [2] DescribeCollection end.
[2020-12-29 15:10:24,828][INFO][SERVER][Insert][grpcpp_sync_ser] Request [3] Insert begin.
[2020-12-29 15:10:24,828][INFO][SERVER][PutToQueue][grpcpp_sync_ser] Create new thread for request group: ddl_dml
[2020-12-29 15:10:24,829][INFO][SERVER][OnExecute][reqsched_thread] [insert][0] Execute insert request.
[2020-12-29 15:10:24,832][INFO][WAL][Insert][reqsched_thread] [insert][0]retina_face insert in part  with lsn 4295390548
[2020-12-29 15:10:24,833][INFO][WAL][GetNextRecord][wal_thread] record type 2 collection retina_face lsn 4295390548
[2020-12-29 15:10:24,835][INFO][SERVER][Insert][grpcpp_sync_ser] Request [3] Insert end.
[2020-12-29 15:10:24,836][INFO][SERVER][Flush][grpcpp_sync_ser] Request [4] Flush begin.
[2020-12-29 15:10:24,860][INFO][WAL][Flush][reqsched_thread] retina_face want to be flush, lsn 4295390548
[2020-12-29 15:10:24,860][INFO][WAL][operator()][wal_thread] record flush collection retina_face lsn 4295390548
[2020-12-29 15:10:24,945][INFO][WAL][CollectionFlushed][wal_thread] retina_face is flushed by lsn 4295390548
[2020-12-29 15:10:24,947][INFO][SERVER][Flush][grpcpp_sync_ser] Request [4] Flush end.
[2020-12-29 15:10:24,949][INFO][SERVER][CountCollection][grpcpp_sync_ser] Request [5] CountCollection begin.
[2020-12-29 15:10:24,958][INFO][SERVER][CountCollection][grpcpp_sync_ser] Request [5] CountCollection end.
[2020-12-29 15:10:24,959][INFO][SERVER][ShowCollectionInfo][grpcpp_sync_ser] Request [6] ShowCollectionInfo begin.
[2020-12-29 15:10:24,963][INFO][SERVER][ShowCollectionInfo][grpcpp_sync_ser] Request [6] ShowCollectionInfo end.
[2020-12-29 15:10:24,964][INFO][SERVER][CreateIndex][grpcpp_sync_ser] Request [7] CreateIndex begin.
[2020-12-29 15:10:24,966][INFO][WAL][Flush][reqsched_thread]  want to be flush, lsn 4295390548
[2020-12-29 15:10:24,966][INFO][WAL][operator()][wal_thread] record flush collection  lsn 4295390548
[2020-12-29 15:10:25,139][INFO][WAL][CollectionFlushed][wal_thread]  is flushed by lsn 0
[2020-12-29 15:10:25,146][INFO][SERVER][CreateIndex][grpcpp_sync_ser] Request [7] CreateIndex end.
[2020-12-29 15:10:25,147][INFO][SERVER][DescribeIndex][grpcpp_sync_ser] Request [8] DescribeIndex begin.
[2020-12-29 15:10:25,149][INFO][SERVER][DescribeIndex][grpcpp_sync_ser] Request [8] DescribeIndex end.
[2020-12-29 15:10:26,142][INFO][WAL][CollectionFlushed][wal_thread]  is flushed by lsn 0
[2020-12-29 15:10:27,145][INFO][WAL][CollectionFlushed][wal_thread]  is flushed by lsn 0
[2020-12-29 15:10:28,148][INFO][WAL][CollectionFlushed][wal_thread]  is flushed by lsn 0
[2020-12-29 15:10:29,149][INFO][WAL][CollectionFlushed][wal_thread]  is flushed by lsn 0
[2020-12-29 15:10:30,152][INFO][WAL][CollectionFlushed][wal_thread]  is flushed by lsn 0
[2020-12-29 15:10:31,153][INFO][WAL][CollectionFlushed][wal_thread]  is flushed by lsn 0
[2020-12-29 15:10:32,154][INFO][WAL][CollectionFlushed][wal_thread]  is flushed by lsn 0
[2020-12-29 15:10:33,156][INFO][WAL][CollectionFlushed][wal_thread]  is flushed by lsn 0
[2020-12-29 15:10:34,158][INFO][WAL][CollectionFlushed][wal_thread]  is flushed by lsn 0
[2020-12-29 15:10:35,161][INFO][WAL][CollectionFlushed][wal_thread]  is flushed by lsn 0
[2020-12-29 15:10:36,162][INFO][WAL][CollectionFlushed][wal_thread]  is flushed by lsn 0
[2020-12-29 15:10:37,165][INFO][WAL][CollectionFlushed][wal_thread]  is flushed by lsn 0
[2020-12-29 15:10:38,168][INFO][WAL][CollectionFlushed][wal_thread]  is flushed by lsn 0
[2020-12-29 15:10:39,170][INFO][WAL][CollectionFlushed][wal_thread]  is flushed by lsn 0
[2020-12-29 15:10:40,171][INFO][WAL][CollectionFlushed][wal_thread]  is flushed by lsn 0
[2020-12-29 15:10:41,174][INFO][WAL][CollectionFlushed][wal_thread]  is flushed by lsn 0
[2020-12-29 15:10:42,178][INFO][WAL][CollectionFlushed][wal_thread]  is flushed by lsn 0
[2020-12-29 15:10:43,180][INFO][WAL][CollectionFlushed][wal_thread]  is flushed by lsn 0
[2020-12-29 15:10:44,182][INFO][WAL][CollectionFlushed][wal_thread]  is flushed by lsn 0
[2020-12-29 15:10:45,184][INFO][WAL][CollectionFlushed][wal_thread]  is flushed by lsn 0
[2020-12-29 15:10:46,186][INFO][WAL][CollectionFlushed][wal_thread]  is flushed by lsn 0
[2020-12-29 15:10:47,189][INFO][WAL][CollectionFlushed][wal_thread]  is flushed by lsn 0
[2020-12-29 15:10:48,191][INFO][WAL][CollectionFlushed][wal_thread]  is flushed by lsn 0
[2020-12-29 15:10:49,192][INFO][WAL][CollectionFlushed][wal_thread]  is flushed by lsn 0
[2020-12-29 15:10:50,194][INFO][WAL][CollectionFlushed][wal_thread]  is flushed by lsn 0
[2020-12-29 15:10:51,198][INFO][WAL][CollectionFlushed][wal_thread]  is flushed by lsn 0
[2020-12-29 15:10:52,201][INFO][WAL][CollectionFlushed][wal_thread]  is flushed by lsn 0
[2020-12-29 15:10:53,203][INFO][WAL][CollectionFlushed][wal_thread]  is flushed by lsn 0
[2020-12-29 15:10:54,206][INFO][WAL][CollectionFlushed][wal_thread]  is flushed by lsn 0
[2020-12-29 15:10:55,209][INFO][WAL][CollectionFlushed][wal_thread]  is flushed by lsn 0
[2020-12-29 15:10:56,212][INFO][WAL][CollectionFlushed][wal_thread]  is flushed by lsn 0
[2020-12-29 15:10:57,216][INFO][WAL][CollectionFlushed][wal_thread]  is flushed by lsn 0
[2020-12-29 15:10:58,219][INFO][WAL][CollectionFlushed][wal_thread]  is flushed by lsn 0
[2020-12-29 15:10:59,220][INFO][WAL][CollectionFlushed][wal_thread]  is flushed by lsn 0
[2020-12-29 15:11:00,221][INFO][WAL][CollectionFlushed][wal_thread]  is flushed by lsn 0
[2020-12-29 15:11:01,224][INFO][WAL][CollectionFlushed][wal_thread]  is flushed by lsn 0
[2020-12-29 15:11:02,227][INFO][WAL][CollectionFlushed][wal_thread]  is flushed by lsn 0
[2020-12-29 15:11:03,230][INFO][WAL][CollectionFlushed][wal_thread]  is flushed by lsn 0
[2020-12-29 15:11:04,232][INFO][WAL][CollectionFlushed][wal_thread]  is flushed by lsn 0
[2020-12-29 15:11:05,235][INFO][WAL][CollectionFlushed][wal_thread]  is flushed by lsn 0
[2020-12-29 15:11:06,237][INFO][WAL][CollectionFlushed][wal_thread]  is flushed by lsn 0
[2020-12-29 15:11:07,240][INFO][WAL][CollectionFlushed][wal_thread]  is flushed by lsn 0
[2020-12-29 15:11:08,244][INFO][WAL][CollectionFlushed][wal_thread]  is flushed by lsn 0
[2020-12-29 15:11:09,247][INFO][WAL][CollectionFlushed][wal_thread]  is flushed by lsn 0
[2020-12-29 15:11:10,248][INFO][WAL][CollectionFlushed][wal_thread]  is flushed by lsn 0
[2020-12-29 15:11:11,249][INFO][WAL][CollectionFlushed][wal_thread]  is flushed by lsn 0
[2020-12-29 15:11:12,250][INFO][WAL][CollectionFlushed][wal_thread]  is flushed by lsn 0
[2020-12-29 15:11:13,253][INFO][WAL][CollectionFlushed][wal_thread]  is flushed by lsn 0
[2020-12-29 15:11:14,257][INFO][WAL][CollectionFlushed][wal_thread]  is flushed by lsn 0
[2020-12-29 15:11:15,261][INFO][WAL][CollectionFlushed][wal_thread]  is flushed by lsn 0
[2020-12-29 15:11:16,265][INFO][WAL][CollectionFlushed][wal_thread]  is flushed by lsn 0
[2020-12-29 15:11:17,266][INFO][WAL][CollectionFlushed][wal_thread]  is flushed by lsn 0
[2020-12-29 15:11:18,268][INFO][WAL][CollectionFlushed][wal_thread]  is flushed by lsn 0
[2020-12-29 15:11:19,270][INFO][WAL][CollectionFlushed][wal_thread]  is flushed by lsn 0
[2020-12-29 15:11:20,272][INFO][WAL][CollectionFlushed][wal_thread]  is flushed by lsn 0
[2020-12-29 15:11:21,274][INFO][WAL][CollectionFlushed][wal_thread]  is flushed by lsn 0
[2020-12-29 15:11:22,276][INFO][WAL][CollectionFlushed][wal_thread]  is flushed by lsn 0
[2020-12-29 15:11:23,278][INFO][WAL][CollectionFlushed][wal_thread]  is flushed by lsn 0
[2020-12-29 15:11:24,281][INFO][WAL][CollectionFlushed][wal_thread]  is flushed by lsn 0
[2020-12-29 15:11:25,282][INFO][WAL][CollectionFlushed][wal_thread]  is flushed by lsn 0
[2020-12-29 15:11:26,283][INFO][WAL][CollectionFlushed][wal_thread]  is flushed by lsn 0
[2020-12-29 15:11:27,284][INFO][WAL][CollectionFlushed][wal_thread]  is flushed by lsn 0
[2020-12-29 15:11:28,286][INFO][WAL][CollectionFlushed][wal_thread]  is flushed by lsn 0
[2020-12-29 15:11:29,289][INFO][WAL][CollectionFlushed][wal_thread]  is flushed by lsn 0
[2020-12-29 15:11:30,292][INFO][WAL][CollectionFlushed][wal_thread]  is flushed by lsn 0
[2020-12-29 15:11:31,295][INFO][WAL][CollectionFlushed][wal_thread]  is flushed by lsn 0
[2020-12-29 15:11:32,296][INFO][WAL][CollectionFlushed][wal_thread]  is flushed by lsn 0
[2020-12-29 15:11:33,299][INFO][WAL][CollectionFlushed][wal_thread]  is flushed by lsn 0
[2020-12-29 15:11:34,303][INFO][WAL][CollectionFlushed][wal_thread]  is flushed by lsn 0
[2020-12-29 15:11:35,306][INFO][WAL][CollectionFlushed][wal_thread]  is flushed by lsn 0
[2020-12-29 15:11:36,308][INFO][WAL][CollectionFlushed][wal_thread]  is flushed by lsn 0
[2020-12-29 15:11:37,310][INFO][WAL][CollectionFlushed][wal_thread]  is flushed by lsn 0
[2020-12-29 15:11:38,310][INFO][WAL][CollectionFlushed][wal_thread]  is flushed by lsn 0
[2020-12-29 15:11:39,311][INFO][WAL][CollectionFlushed][wal_thread]  is flushed by lsn 0
[2020-12-29 15:11:40,313][INFO][WAL][CollectionFlushed][wal_thread]  is flushed by lsn 0
[2020-12-29 15:11:41,315][INFO][WAL][CollectionFlushed][wal_thread]  is flushed by lsn 0
[2020-12-29 15:11:42,318][INFO][WAL][CollectionFlushed][wal_thread]  is flushed by lsn 0
[2020-12-29 15:11:43,320][INFO][WAL][CollectionFlushed][wal_thread]  is flushed by lsn 0
[2020-12-29 15:11:44,323][INFO][WAL][CollectionFlushed][wal_thread]  is flushed by lsn 0
[2020-12-29 15:11:45,327][INFO][WAL][CollectionFlushed][wal_thread]  is flushed by lsn 0
[2020-12-29 15:11:46,332][INFO][WAL][CollectionFlushed][wal_thread]  is flushed by lsn 0
[2020-12-29 15:11:47,335][INFO][WAL][CollectionFlushed][wal_thread]  is flushed by lsn 0
[2020-12-29 15:11:48,336][INFO][WAL][CollectionFlushed][wal_thread]  is flushed by lsn 0
[2020-12-29 15:11:49,337][INFO][WAL][CollectionFlushed][wal_thread]  is flushed by lsn 0
[2020-12-29 15:11:50,338][INFO][WAL][CollectionFlushed][wal_thread]  is flushed by lsn 0
[2020-12-29 15:11:51,340][INFO][WAL][CollectionFlushed][wal_thread]  is flushed by lsn 0
[2020-12-29 15:11:52,341][INFO][WAL][CollectionFlushed][wal_thread]  is flushed by lsn 0
[2020-12-29 15:11:53,345][INFO][WAL][CollectionFlushed][wal_thread]  is flushed by lsn 0
[2020-12-29 15:11:54,346][INFO][WAL][CollectionFlushed][wal_thread]  is flushed by lsn 0
[2020-12-29 15:11:55,348][INFO][WAL][CollectionFlushed][wal_thread]  is flushed by lsn 0
[2020-12-29 15:11:56,351][INFO][WAL][CollectionFlushed][wal_thread]  is flushed by lsn 0
[2020-12-29 15:11:57,354][INFO][WAL][CollectionFlushed][wal_thread]  is flushed by lsn 0
[2020-12-29 15:11:58,357][INFO][WAL][CollectionFlushed][wal_thread]  is flushed by lsn 0
[2020-12-29 15:11:59,360][INFO][WAL][CollectionFlushed][wal_thread]  is flushed by lsn 0
[2020-12-29 15:12:00,364][INFO][WAL][CollectionFlushed][wal_thread]  is flushed by lsn 0
[2020-12-29 15:12:01,367][INFO][WAL][CollectionFlushed][wal_thread]  is flushed by lsn 0
[2020-12-29 15:12:02,370][INFO][WAL][CollectionFlushed][wal_thread]  is flushed by lsn 0
[2020-12-29 15:12:03,372][INFO][WAL][CollectionFlushed][wal_thread]  is flushed by lsn 0
[2020-12-29 15:12:04,375][INFO][WAL][CollectionFlushed][wal_thread]  is flushed by lsn 0
[2020-12-29 15:12:05,376][INFO][WAL][CollectionFlushed][wal_thread]  is flushed by lsn 0
[2020-12-29 15:12:06,378][INFO][WAL][CollectionFlushed][wal_thread]  is flushed by lsn 0
[2020-12-29 15:12:07,381][INFO][WAL][CollectionFlushed][wal_thread]  is flushed by lsn 0
[2020-12-29 15:12:08,385][INFO][WAL][CollectionFlushed][wal_thread]  is flushed by lsn 0
[2020-12-29 15:12:09,388][INFO][WAL][CollectionFlushed][wal_thread]  is flushed by lsn 0
[2020-12-29 15:12:10,391][INFO][WAL][CollectionFlushed][wal_thread]  is flushed by lsn 0
[2020-12-29 15:12:11,394][INFO][WAL][CollectionFlushed][wal_thread]  is flushed by lsn 0
[2020-12-29 15:12:12,395][INFO][WAL][CollectionFlushed][wal_thread]  is flushed by lsn 0
[2020-12-29 15:12:13,398][INFO][WAL][CollectionFlushed][wal_thread]  is flushed by lsn 0
[2020-12-29 15:12:14,401][INFO][WAL][CollectionFlushed][wal_thread]  is flushed by lsn 0
[2020-12-29 15:12:15,404][INFO][WAL][CollectionFlushed][wal_thread]  is flushed by lsn 0
[2020-12-29 15:12:16,406][INFO][WAL][CollectionFlushed][wal_thread]  is flushed by lsn 0
[2020-12-29 15:12:17,407][INFO][WAL][CollectionFlushed][wal_thread]  is flushed by lsn 0
[2020-12-29 15:12:18,408][INFO][WAL][CollectionFlushed][wal_thread]  is flushed by lsn 0
[2020-12-29 15:12:19,410][INFO][WAL][CollectionFlushed][wal_thread]  is flushed by lsn 0
[2020-12-29 15:12:20,412][INFO][WAL][CollectionFlushed][wal_thread]  is flushed by lsn 0
[2020-12-29 15:12:21,414][INFO][WAL][CollectionFlushed][wal_thread]  is flushed by lsn 0
[2020-12-29 15:12:22,417][INFO][WAL][CollectionFlushed][wal_thread]  is flushed by lsn 0
[2020-12-29 15:12:23,420][INFO][WAL][CollectionFlushed][wal_thread]  is flushed by lsn 0
[2020-12-29 15:12:24,422][INFO][WAL][CollectionFlushed][wal_thread]  is flushed by lsn 0
[2020-12-29 15:12:25,424][INFO][WAL][CollectionFlushed][wal_thread]  is flushed by lsn 0
[2020-12-29 15:12:26,429][INFO][WAL][CollectionFlushed][wal_thread]  is flushed by lsn 0
[2020-12-29 15:12:27,430][INFO][WAL][CollectionFlushed][wal_thread]  is flushed by lsn 0
[2020-12-29 15:12:28,433][INFO][WAL][CollectionFlushed][wal_thread]  is flushed by lsn 0
[2020-12-29 15:12:29,437][INFO][WAL][CollectionFlushed][wal_thread]  is flushed by lsn 0
[2020-12-29 15:12:30,440][INFO][WAL][CollectionFlushed][wal_thread]  is flushed by lsn 0
[2020-12-29 15:12:31,442][INFO][WAL][CollectionFlushed][wal_thread]  is flushed by lsn 0
[2020-12-29 15:12:32,444][INFO][WAL][CollectionFlushed][wal_thread]  is flushed by lsn 0
[2020-12-29 15:12:33,448][INFO][WAL][CollectionFlushed][wal_thread]  is flushed by lsn 0
[2020-12-29 15:12:34,452][INFO][WAL][CollectionFlushed][wal_thread]  is flushed by lsn 0
[2020-12-29 15:12:35,456][INFO][WAL][CollectionFlushed][wal_thread]  is flushed by lsn 0
[2020-12-29 15:12:36,459][INFO][WAL][CollectionFlushed][wal_thread]  is flushed by lsn 0
[2020-12-29 15:12:37,461][INFO][WAL][CollectionFlushed][wal_thread]  is flushed by lsn 0
[2020-12-29 15:12:38,463][INFO][WAL][CollectionFlushed][wal_thread]  is flushed by lsn 0
[2020-12-29 15:12:39,465][INFO][WAL][CollectionFlushed][wal_thread]  is flushed by lsn 0
[2020-12-29 15:12:40,468][INFO][WAL][CollectionFlushed][wal_thread]  is flushed by lsn 0
[2020-12-29 15:12:41,470][INFO][WAL][CollectionFlushed][wal_thread]  is flushed by lsn 0
[2020-12-29 15:12:42,473][INFO][WAL][CollectionFlushed][wal_thread]  is flushed by lsn 0
[2020-12-29 15:12:43,474][INFO][WAL][CollectionFlushed][wal_thread]  is flushed by lsn 0
[2020-12-29 15:12:44,477][INFO][WAL][CollectionFlushed][wal_thread]  is flushed by lsn 0
[2020-12-29 15:12:45,478][INFO][WAL][CollectionFlushed][wal_thread]  is flushed by lsn 0
[2020-12-29 15:12:46,481][INFO][WAL][CollectionFlushed][wal_thread]  is flushed by lsn 0
[2020-12-29 15:12:47,483][INFO][WAL][CollectionFlushed][wal_thread]  is flushed by lsn 0
[2020-12-29 15:12:48,486][INFO][WAL][CollectionFlushed][wal_thread]  is flushed by lsn 0
[2020-12-29 15:12:49,488][INFO][WAL][CollectionFlushed][wal_thread]  is flushed by lsn 0
[2020-12-29 15:12:50,490][INFO][WAL][CollectionFlushed][wal_thread]  is flushed by lsn 0
[2020-12-29 15:12:51,492][INFO][WAL][CollectionFlushed][wal_thread]  is flushed by lsn 0
[2020-12-29 15:12:52,495][INFO][WAL][CollectionFlushed][wal_thread]  is flushed by lsn 0
[2020-12-29 15:12:53,496][INFO][WAL][CollectionFlushed][wal_thread]  is flushed by lsn 0
[2020-12-29 15:12:54,499][INFO][WAL][CollectionFlushed][wal_thread]  is flushed by lsn 0
[2020-12-29 15:12:55,500][INFO][WAL][CollectionFlushed][wal_thread]  is flushed by lsn 0
[2020-12-29 15:12:56,502][INFO][WAL][CollectionFlushed][wal_thread]  is flushed by lsn 0
[2020-12-29 15:12:57,505][INFO][WAL][CollectionFlushed][wal_thread]  is flushed by lsn 0
[2020-12-29 15:12:58,509][INFO][WAL][CollectionFlushed][wal_thread]  is flushed by lsn 0
[2020-12-29 15:12:59,512][INFO][WAL][CollectionFlushed][wal_thread]  is flushed by lsn 0
[2020-12-29 15:13:00,514][INFO][WAL][CollectionFlushed][wal_thread]  is flushed by lsn 0
[2020-12-29 15:13:01,517][INFO][WAL][CollectionFlushed][wal_thread]  is flushed by lsn 0
[2020-12-29 15:13:02,521][INFO][WAL][CollectionFlushed][wal_thread]  is flushed by lsn 0
[2020-12-29 15:13:03,524][INFO][WAL][CollectionFlushed][wal_thread]  is flushed by lsn 0
[2020-12-29 15:13:04,527][INFO][WAL][CollectionFlushed][wal_thread]  is flushed by lsn 0
[2020-12-29 15:13:05,529][INFO][WAL][CollectionFlushed][wal_thread]  is flushed by lsn 0
[2020-12-29 15:13:06,532][INFO][WAL][CollectionFlushed][wal_thread]  is flushed by lsn 0
[2020-12-29 15:13:07,534][INFO][WAL][CollectionFlushed][wal_thread]  is flushed by lsn 0
[2020-12-29 15:13:08,536][INFO][WAL][CollectionFlushed][wal_thread]  is flushed by lsn 0
[2020-12-29 15:13:09,540][INFO][WAL][CollectionFlushed][wal_thread]  is flushed by lsn 0
[2020-12-29 15:13:10,543][INFO][WAL][CollectionFlushed][wal_thread]  is flushed by lsn 0
[2020-12-29 15:13:11,545][INFO][WAL][CollectionFlushed][wal_thread]  is flushed by lsn 0
[2020-12-29 15:13:12,548][INFO][WAL][CollectionFlushed][wal_thread]  is flushed by lsn 0
[2020-12-29 15:13:13,549][INFO][WAL][CollectionFlushed][wal_thread]  is flushed by lsn 0
[2020-12-29 15:13:14,551][INFO][WAL][CollectionFlushed][wal_thread]  is flushed by lsn 0
[2020-12-29 15:13:15,552][INFO][WAL][CollectionFlushed][wal_thread]  is flushed by lsn 0
[2020-12-29 15:13:16,553][INFO][WAL][CollectionFlushed][wal_thread]  is flushed by lsn 0
[2020-12-29 15:13:17,554][INFO][WAL][CollectionFlushed][wal_thread]  is flushed by lsn 0
[2020-12-29 15:13:18,556][INFO][WAL][CollectionFlushed][wal_thread]  is flushed by lsn 0
[2020-12-29 15:13:19,558][INFO][WAL][CollectionFlushed][wal_thread]  is flushed by lsn 0
[2020-12-29 15:13:20,561][INFO][WAL][CollectionFlushed][wal_thread]  is flushed by lsn 0
[2020-12-29 15:13:21,565][INFO][WAL][CollectionFlushed][wal_thread]  is flushed by lsn 0
[2020-12-29 15:13:22,569][INFO][WAL][CollectionFlushed][wal_thread]  is flushed by lsn 0
[2020-12-29 15:13:23,572][INFO][WAL][CollectionFlushed][wal_thread]  is flushed by lsn 0
[2020-12-29 15:13:24,576][INFO][WAL][CollectionFlushed][wal_thread]  is flushed by lsn 0
[2020-12-29 15:13:25,579][INFO][WAL][CollectionFlushed][wal_thread]  is flushed by lsn 0
[2020-12-29 15:13:26,581][INFO][WAL][CollectionFlushed][wal_thread]  is flushed by lsn 0
[2020-12-29 15:13:27,584][INFO][WAL][CollectionFlushed][wal_thread]  is flushed by lsn 0
[2020-12-29 15:13:28,588][INFO][WAL][CollectionFlushed][wal_thread]  is flushed by lsn 0
[2020-12-29 15:13:29,591][INFO][WAL][CollectionFlushed][wal_thread]  is flushed by lsn 0
[2020-12-29 15:13:30,596][INFO][WAL][CollectionFlushed][wal_thread]  is flushed by lsn 0
[2020-12-29 15:13:31,600][INFO][WAL][CollectionFlushed][wal_thread]  is flushed by lsn 0
[2020-12-29 15:13:32,603][INFO][WAL][CollectionFlushed][wal_thread]  is flushed by lsn 0
[2020-12-29 15:13:33,606][INFO][WAL][CollectionFlushed][wal_thread]  is flushed by lsn 0
[2020-12-29 15:13:34,610][INFO][WAL][CollectionFlushed][wal_thread]  is flushed by lsn 0
[2020-12-29 15:13:35,614][INFO][WAL][CollectionFlushed][wal_thread]  is flushed by lsn 0
[2020-12-29 15:13:36,617][INFO][WAL][CollectionFlushed][wal_thread]  is flushed by lsn 0
[2020-12-29 15:13:37,621][INFO][WAL][CollectionFlushed][wal_thread]  is flushed by lsn 0
[2020-12-29 15:13:38,624][INFO][WAL][CollectionFlushed][wal_thread]  is flushed by lsn 0
[2020-12-29 15:13:39,628][INFO][WAL][CollectionFlushed][wal_thread]  is flushed by lsn 0
[2020-12-29 15:13:40,631][INFO][WAL][CollectionFlushed][wal_thread]  is flushed by lsn 0
[2020-12-29 15:13:41,634][INFO][WAL][CollectionFlushed][wal_thread]  is flushed by lsn 0
[2020-12-29 15:13:42,637][INFO][WAL][CollectionFlushed][wal_thread]  is flushed by lsn 0
[2020-12-29 15:13:43,640][INFO][WAL][CollectionFlushed][wal_thread]  is flushed by lsn 0
[2020-12-29 15:13:44,641][INFO][WAL][CollectionFlushed][wal_thread]  is flushed by lsn 0
[2020-12-29 15:13:45,643][INFO][WAL][CollectionFlushed][wal_thread]  is flushed by lsn 0
[2020-12-29 15:13:46,646][INFO][WAL][CollectionFlushed][wal_thread]  is flushed by lsn 0
[2020-12-29 15:13:47,647][INFO][WAL][CollectionFlushed][wal_thread]  is flushed by lsn 0
[2020-12-29 15:13:48,648][INFO][WAL][CollectionFlushed][wal_thread]  is flushed by lsn 0
[2020-12-29 15:13:49,651][INFO][WAL][CollectionFlushed][wal_thread]  is flushed by lsn 0
[2020-12-29 15:13:50,652][INFO][WAL][CollectionFlushed][wal_thread]  is flushed by lsn 0
[2020-12-29 15:13:51,653][INFO][WAL][CollectionFlushed][wal_thread]  is flushed by lsn 0
[2020-12-29 15:13:52,654][INFO][WAL][CollectionFlushed][wal_thread]  is flushed by lsn 0
[2020-12-29 15:13:53,655][INFO][WAL][CollectionFlushed][wal_thread]  is flushed by lsn 0
[2020-12-29 15:13:54,657][INFO][WAL][CollectionFlushed][wal_thread]  is flushed by lsn 0
[2020-12-29 15:13:55,658][INFO][WAL][CollectionFlushed][wal_thread]  is flushed by lsn 0
[2020-12-29 15:13:56,659][INFO][WAL][CollectionFlushed][wal_thread]  is flushed by lsn 0
[2020-12-29 15:13:57,662][INFO][WAL][CollectionFlushed][wal_thread]  is flushed by lsn 0
[2020-12-29 15:13:58,663][INFO][WAL][CollectionFlushed][wal_thread]  is flushed by lsn 0
[2020-12-29 15:13:59,664][INFO][WAL][CollectionFlushed][wal_thread]  is flushed by lsn 0
[2020-12-29 15:14:00,666][INFO][WAL][CollectionFlushed][wal_thread]  is flushed by lsn 0
[2020-12-29 15:14:01,668][INFO][WAL][CollectionFlushed][wal_thread]  is flushed by lsn 0
[2020-12-29 15:14:02,669][INFO][WAL][CollectionFlushed][wal_thread]  is flushed by lsn 0
[2020-12-29 15:14:03,671][INFO][WAL][CollectionFlushed][wal_thread]  is flushed by lsn 0
[2020-12-29 15:14:04,673][INFO][WAL][CollectionFlushed][wal_thread]  is flushed by lsn 0
[2020-12-29 15:14:05,674][INFO][WAL][CollectionFlushed][wal_thread]  is flushed by lsn 0
[2020-12-29 15:14:06,675][INFO][WAL][CollectionFlushed][wal_thread]  is flushed by lsn 0
[2020-12-29 15:14:07,678][INFO][WAL][CollectionFlushed][wal_thread]  is flushed by lsn 0
[2020-12-29 15:14:08,679][INFO][WAL][CollectionFlushed][wal_thread]  is flushed by lsn 0
[2020-12-29 15:14:09,681][INFO][WAL][CollectionFlushed][wal_thread]  is flushed by lsn 0
[2020-12-29 15:14:10,682][INFO][WAL][CollectionFlushed][wal_thread]  is flushed by lsn 0
[2020-12-29 15:14:11,684][INFO][WAL][CollectionFlushed][wal_thread]  is flushed by lsn 0
[2020-12-29 15:14:12,685][INFO][WAL][CollectionFlushed][wal_thread]  is flushed by lsn 0
[2020-12-29 15:14:13,687][INFO][WAL][CollectionFlushed][wal_thread]  is flushed by lsn 0
[2020-12-29 15:14:14,689][INFO][WAL][CollectionFlushed][wal_thread]  is flushed by lsn 0
[2020-12-29 15:14:15,691][INFO][WAL][CollectionFlushed][wal_thread]  is flushed by lsn 0
[2020-12-29 15:14:16,693][INFO][WAL][CollectionFlushed][wal_thread]  is flushed by lsn 0
[2020-12-29 15:14:17,695][INFO][WAL][CollectionFlushed][wal_thread]  is flushed by lsn 0
[2020-12-29 15:14:18,697][INFO][WAL][CollectionFlushed][wal_thread]  is flushed by lsn 0
[2020-12-29 15:14:19,699][INFO][WAL][CollectionFlushed][wal_thread]  is flushed by lsn 0
[2020-12-29 15:14:20,700][INFO][WAL][CollectionFlushed][wal_thread]  is flushed by lsn 0
[2020-12-29 15:14:21,701][INFO][WAL][CollectionFlushed][wal_thread]  is flushed by lsn 0
[2020-12-29 15:14:22,702][INFO][WAL][CollectionFlushed][wal_thread]  is flushed by lsn 0
[2020-12-29 15:14:23,703][INFO][WAL][CollectionFlushed][wal_thread]  is flushed by lsn 0
[2020-12-29 15:14:24,705][INFO][WAL][CollectionFlushed][wal_thread]  is flushed by lsn 0
[2020-12-29 15:14:25,708][INFO][WAL][CollectionFlushed][wal_thread]  is flushed by lsn 0
[2020-12-29 15:14:26,712][INFO][WAL][CollectionFlushed][wal_thread]  is flushed by lsn 0
[2020-12-29 15:14:27,714][INFO][WAL][CollectionFlushed][wal_thread]  is flushed by lsn 0
[2020-12-29 15:14:28,717][INFO][WAL][CollectionFlushed][wal_thread]  is flushed by lsn 0
[2020-12-29 15:14:29,720][INFO][WAL][CollectionFlushed][wal_thread]  is flushed by lsn 0
[2020-12-29 15:14:30,723][INFO][WAL][CollectionFlushed][wal_thread]  is flushed by lsn 0
[2020-12-29 15:14:31,727][INFO][WAL][CollectionFlushed][wal_thread]  is flushed by lsn 0
[2020-12-29 15:14:32,730][INFO][WAL][CollectionFlushed][wal_thread]  is flushed by lsn 0
[2020-12-29 15:14:33,733][INFO][WAL][CollectionFlushed][wal_thread]  is flushed by lsn 0
[2020-12-29 15:14:34,736][INFO][WAL][CollectionFlushed][wal_thread]  is flushed by lsn 0
