[2020-12-30 12:23:53,096][INFO][SERVER][Check][milvus_server] InstanceLockCheck passed.
[2020-12-30 12:23:53,098][INFO][SERVER][Check][milvus_server] InstanceLockCheck passed.
[2020-12-30 12:23:53,098][INFO][SERVER][Start][milvus_server] Milvus Release version: v0.9.1, built at 2020-05-28 17:39.31
[2020-12-30 12:23:53,098][INFO][SERVER][Start][milvus_server] CPU edition
[2020-12-30 12:23:53,106][INFO][SERVER][CheckCpuInstructionSet][milvus_server] Supported CPU instruction sets: avx2, sse4_2
[2020-12-30 12:23:53,113][INFO][SERVER][LogConfigInFile][milvus_server] 

***************Config in file***************

version: 0.4
server_config:
  address: 0.0.0.0
  port: 19530
  deploy_mode: single
  time_zone: UTC+8
  web_enable: true
  web_port: 19121
db_config:
  backend_url: sqlite://:@:/
  preload_collection: ~
  auto_flush_interval: 1
storage_config:
  primary_path: /var/lib/milvus
  secondary_path: ~
  file_cleanup_timeout: 10
metric_config:
  enable_monitor: false
  address: 127.0.0.1
  port: 9091
cache_config:
  cpu_cache_capacity: 1
  insert_buffer_size: 1
  cache_insert_data: false
engine_config:
  use_blas_threshold: 1100
  gpu_search_threshold: 1000
gpu_resource_config:
  enable: false
  cache_capacity: 1
  search_resources:
    - gpu0
  build_index_resources:
    - gpu0
tracing_config:
  json_config_path: ~
wal_config:
  enable: true
  recovery_error_ignore: true
  buffer_size: 256
  wal_path: /var/lib/milvus/wal
logs:
  trace.enable: true
  debug.enable: true
  info.enable: true
  warning.enable: true
  error.enable: true
  fatal.enable: true
  path: /var/lib/milvus/logs
  max_log_file_size: 1024
  log_rotate_num: 0
[2020-12-30 12:23:53,114][INFO][SERVER][LogCpuInfo][milvus_server] 

***************CPU***************

processor	: 1
vendor_id	: GenuineIntel
cpu family	: 6
model		: 142
model name	: Intel(R) Core(TM) i5-8250U CPU @ 1.60GHz
stepping	: 10
microcode	: 0xffffffff
cpu MHz		: 1799.999
cache size	: 6144 KB
physical id	: 0
siblings	: 2
core id		: 0
cpu cores	: 1
apicid		: 1
initial apicid	: 1
fpu		: yes
fpu_exception	: yes
cpuid level	: 21
wp		: yes
flags		: fpu vme de pse tsc msr pae mce cx8 apic sep mtrr pge mca cmov pat pse36 clflush mmx fxsr sse sse2 ss ht syscall nx pdpe1gb rdtscp lm constant_tsc rep_good nopl xtopology cpuid pni pclmulqdq ssse3 fma cx16 pcid sse4_1 sse4_2 movbe popcnt aes xsave avx f16c rdrand hypervisor lahf_lm abm 3dnowprefetch invpcid_single ssbd ibrs ibpb stibp fsgsbase bmi1 avx2 smep bmi2 erms invpcid mpx rdseed adx smap clflushopt xsaveopt xsavec xgetbv1 xsaves flush_l1d arch_capabilities
bugs		: cpu_meltdown spectre_v1 spectre_v2 spec_store_bypass l1tf mds swapgs itlb_multihit
bogomips	: 3599.99
clflush size	: 64
cache_alignment	: 64
address sizes	: 39 bits physical, 48 bits virtual
power management:


[2020-12-30 12:23:53,115][INFO][SERVER][LogConfigInMem][milvus_server] 

***************Config in memory***************

{
   "cache_config": {
      "cache_insert_data": "false",
      "cpu_cache_capacity": "1",
      "cpu_cache_threshold": "0.7",
      "insert_buffer_size": "1"
   },
   "db_config": {
      "archive_days_threshold": "0",
      "archive_disk_threshold": "0",
      "auto_flush_interval": "1",
      "backend_url": "sqlite://:@:/",
      "preload_collection": ""
   },
   "engine_config": {
      "omp_thread_num": "0",
      "simd_type": "auto",
      "use_blas_threshold": "1100"
   },
   "logs": {
      "debug.enable": "true",
      "error.enable": "true",
      "fatal.enable": "true",
      "info.enable": "true",
      "log_rotate_num": "0",
      "max_log_file_size": "1024",
      "path": "/var/lib/milvus/logs",
      "trace.enable": "true",
      "warning.enable": "true"
   },
   "metric_config": {
      "address": "127.0.0.1",
      "enable_monitor": "false",
      "port": "9091"
   },
   "server_config": {
      "address": "0.0.0.0",
      "deploy_mode": "single",
      "port": "19530",
      "time_zone": "UTC+8",
      "web_enable": "true",
      "web_port": "19121"
   },
   "storage_config": {
      "primary_path": "/var/lib/milvus",
      "secondary_path": ""
   },
   "tracing_config": {
      "json_config_path": ""
   },
   "wal_config": {
      "buffer_size": "256",
      "enable": "true",
      "recovery_error_ignore": "true",
      "wal_path": "/var/lib/milvus/wal"
   }
}
[2020-12-30 12:23:53,118][INFO][ENGINE][Build][milvus_server] Using SQLite
[2020-12-30 12:23:54,535][INFO][WAL][CollectionFlushed][wal_thread]  is flushed by lsn 0
[2020-12-30 12:23:55,537][INFO][WAL][CollectionFlushed][wal_thread]  is flushed by lsn 0
[2020-12-30 12:23:56,539][INFO][WAL][CollectionFlushed][wal_thread]  is flushed by lsn 0
[2020-12-30 12:23:57,542][INFO][WAL][CollectionFlushed][wal_thread]  is flushed by lsn 0
[2020-12-30 12:23:58,544][INFO][WAL][CollectionFlushed][wal_thread]  is flushed by lsn 0
[2020-12-30 12:23:59,546][INFO][WAL][CollectionFlushed][wal_thread]  is flushed by lsn 0
[2020-12-30 12:24:00,549][INFO][WAL][CollectionFlushed][wal_thread]  is flushed by lsn 0
[2020-12-30 12:24:01,559][INFO][WAL][CollectionFlushed][wal_thread]  is flushed by lsn 0
[2020-12-30 12:24:02,562][INFO][WAL][CollectionFlushed][wal_thread]  is flushed by lsn 0
[2020-12-30 12:24:03,564][INFO][WAL][CollectionFlushed][wal_thread]  is flushed by lsn 0
[2020-12-30 12:24:04,566][INFO][WAL][CollectionFlushed][wal_thread]  is flushed by lsn 0
[2020-12-30 12:24:05,569][INFO][WAL][CollectionFlushed][wal_thread]  is flushed by lsn 0
[2020-12-30 12:24:06,571][INFO][WAL][CollectionFlushed][wal_thread]  is flushed by lsn 0
[2020-12-30 12:24:07,573][INFO][WAL][CollectionFlushed][wal_thread]  is flushed by lsn 0
[2020-12-30 12:24:08,576][INFO][WAL][CollectionFlushed][wal_thread]  is flushed by lsn 0
[2020-12-30 12:24:09,578][INFO][WAL][CollectionFlushed][wal_thread]  is flushed by lsn 0
[2020-12-30 12:24:10,581][INFO][WAL][CollectionFlushed][wal_thread]  is flushed by lsn 0
[2020-12-30 12:24:11,584][INFO][WAL][CollectionFlushed][wal_thread]  is flushed by lsn 0
[2020-12-30 12:24:12,585][INFO][WAL][CollectionFlushed][wal_thread]  is flushed by lsn 0
[2020-12-30 12:24:13,587][INFO][WAL][CollectionFlushed][wal_thread]  is flushed by lsn 0
[2020-12-30 12:24:14,590][INFO][WAL][CollectionFlushed][wal_thread]  is flushed by lsn 0
[2020-12-30 12:24:15,592][INFO][WAL][CollectionFlushed][wal_thread]  is flushed by lsn 0
[2020-12-30 12:24:16,595][INFO][WAL][CollectionFlushed][wal_thread]  is flushed by lsn 0
[2020-12-30 12:24:17,596][INFO][WAL][CollectionFlushed][wal_thread]  is flushed by lsn 0
[2020-12-30 12:24:18,600][INFO][WAL][CollectionFlushed][wal_thread]  is flushed by lsn 0
[2020-12-30 12:24:19,603][INFO][WAL][CollectionFlushed][wal_thread]  is flushed by lsn 0
[2020-12-30 12:24:20,606][INFO][WAL][CollectionFlushed][wal_thread]  is flushed by lsn 0
[2020-12-30 12:24:21,607][INFO][WAL][CollectionFlushed][wal_thread]  is flushed by lsn 0
[2020-12-30 12:24:22,609][INFO][WAL][CollectionFlushed][wal_thread]  is flushed by lsn 0
[2020-12-30 12:24:23,612][INFO][WAL][CollectionFlushed][wal_thread]  is flushed by lsn 0
[2020-12-30 12:24:24,615][INFO][WAL][CollectionFlushed][wal_thread]  is flushed by lsn 0
[2020-12-30 12:24:25,617][INFO][WAL][CollectionFlushed][wal_thread]  is flushed by lsn 0
[2020-12-30 12:24:26,620][INFO][WAL][CollectionFlushed][wal_thread]  is flushed by lsn 0
[2020-12-30 12:24:27,624][INFO][WAL][CollectionFlushed][wal_thread]  is flushed by lsn 0
[2020-12-30 12:24:28,628][INFO][WAL][CollectionFlushed][wal_thread]  is flushed by lsn 0
[2020-12-30 12:24:29,632][INFO][WAL][CollectionFlushed][wal_thread]  is flushed by lsn 0
[2020-12-30 12:24:30,636][INFO][WAL][CollectionFlushed][wal_thread]  is flushed by lsn 0
[2020-12-30 12:24:31,640][INFO][WAL][CollectionFlushed][wal_thread]  is flushed by lsn 0
[2020-12-30 12:24:32,644][INFO][WAL][CollectionFlushed][wal_thread]  is flushed by lsn 0
[2020-12-30 12:24:33,648][INFO][WAL][CollectionFlushed][wal_thread]  is flushed by lsn 0
[2020-12-30 12:24:34,651][INFO][WAL][CollectionFlushed][wal_thread]  is flushed by lsn 0
[2020-12-30 12:24:35,655][INFO][WAL][CollectionFlushed][wal_thread]  is flushed by lsn 0
[2020-12-30 12:24:36,658][INFO][WAL][CollectionFlushed][wal_thread]  is flushed by lsn 0
[2020-12-30 12:24:37,660][INFO][WAL][CollectionFlushed][wal_thread]  is flushed by lsn 0
[2020-12-30 12:24:38,664][INFO][WAL][CollectionFlushed][wal_thread]  is flushed by lsn 0
[2020-12-30 12:24:39,667][INFO][WAL][CollectionFlushed][wal_thread]  is flushed by lsn 0
[2020-12-30 12:24:40,671][INFO][WAL][CollectionFlushed][wal_thread]  is flushed by lsn 0
[2020-12-30 12:24:41,674][INFO][WAL][CollectionFlushed][wal_thread]  is flushed by lsn 0
[2020-12-30 12:24:42,677][INFO][WAL][CollectionFlushed][wal_thread]  is flushed by lsn 0
[2020-12-30 12:24:43,681][INFO][WAL][CollectionFlushed][wal_thread]  is flushed by lsn 0
[2020-12-30 12:24:44,683][INFO][WAL][CollectionFlushed][wal_thread]  is flushed by lsn 0
[2020-12-30 12:24:45,687][INFO][WAL][CollectionFlushed][wal_thread]  is flushed by lsn 0
[2020-12-30 12:24:46,690][INFO][WAL][CollectionFlushed][wal_thread]  is flushed by lsn 0
[2020-12-30 12:24:47,694][INFO][WAL][CollectionFlushed][wal_thread]  is flushed by lsn 0
[2020-12-30 12:24:48,697][INFO][WAL][CollectionFlushed][wal_thread]  is flushed by lsn 0
[2020-12-30 12:24:49,700][INFO][WAL][CollectionFlushed][wal_thread]  is flushed by lsn 0
[2020-12-30 12:24:50,703][INFO][WAL][CollectionFlushed][wal_thread]  is flushed by lsn 0
[2020-12-30 12:24:51,707][INFO][WAL][CollectionFlushed][wal_thread]  is flushed by lsn 0
[2020-12-30 12:24:52,711][INFO][WAL][CollectionFlushed][wal_thread]  is flushed by lsn 0
[2020-12-30 12:24:53,714][INFO][WAL][CollectionFlushed][wal_thread]  is flushed by lsn 0
[2020-12-30 12:24:54,717][INFO][WAL][CollectionFlushed][wal_thread]  is flushed by lsn 0
[2020-12-30 12:24:55,718][INFO][WAL][CollectionFlushed][wal_thread]  is flushed by lsn 0
[2020-12-30 12:24:56,722][INFO][WAL][CollectionFlushed][wal_thread]  is flushed by lsn 0
[2020-12-30 12:24:57,725][INFO][WAL][CollectionFlushed][wal_thread]  is flushed by lsn 0
[2020-12-30 12:24:58,729][INFO][WAL][CollectionFlushed][wal_thread]  is flushed by lsn 0
[2020-12-30 12:24:59,732][INFO][WAL][CollectionFlushed][wal_thread]  is flushed by lsn 0
[2020-12-30 12:25:00,736][INFO][WAL][CollectionFlushed][wal_thread]  is flushed by lsn 0
[2020-12-30 12:25:01,739][INFO][WAL][CollectionFlushed][wal_thread]  is flushed by lsn 0
[2020-12-30 12:25:02,742][INFO][WAL][CollectionFlushed][wal_thread]  is flushed by lsn 0
[2020-12-30 12:25:03,746][INFO][WAL][CollectionFlushed][wal_thread]  is flushed by lsn 0
[2020-12-30 12:25:04,749][INFO][WAL][CollectionFlushed][wal_thread]  is flushed by lsn 0
[2020-12-30 12:25:05,753][INFO][WAL][CollectionFlushed][wal_thread]  is flushed by lsn 0
[2020-12-30 12:25:06,756][INFO][WAL][CollectionFlushed][wal_thread]  is flushed by lsn 0
[2020-12-30 12:25:07,760][INFO][WAL][CollectionFlushed][wal_thread]  is flushed by lsn 0
[2020-12-30 12:25:08,764][INFO][WAL][CollectionFlushed][wal_thread]  is flushed by lsn 0
[2020-12-30 12:25:09,768][INFO][WAL][CollectionFlushed][wal_thread]  is flushed by lsn 0
[2020-12-30 12:25:10,771][INFO][WAL][CollectionFlushed][wal_thread]  is flushed by lsn 0
[2020-12-30 12:25:11,775][INFO][WAL][CollectionFlushed][wal_thread]  is flushed by lsn 0
[2020-12-30 12:25:12,778][INFO][WAL][CollectionFlushed][wal_thread]  is flushed by lsn 0
[2020-12-30 12:25:13,781][INFO][WAL][CollectionFlushed][wal_thread]  is flushed by lsn 0
[2020-12-30 12:25:14,785][INFO][WAL][CollectionFlushed][wal_thread]  is flushed by lsn 0
[2020-12-30 12:25:15,788][INFO][WAL][CollectionFlushed][wal_thread]  is flushed by lsn 0
[2020-12-30 12:25:16,791][INFO][WAL][CollectionFlushed][wal_thread]  is flushed by lsn 0
[2020-12-30 12:25:17,795][INFO][WAL][CollectionFlushed][wal_thread]  is flushed by lsn 0
[2020-12-30 12:25:18,799][INFO][WAL][CollectionFlushed][wal_thread]  is flushed by lsn 0
[2020-12-30 12:25:19,803][INFO][WAL][CollectionFlushed][wal_thread]  is flushed by lsn 0
[2020-12-30 12:25:20,805][INFO][WAL][CollectionFlushed][wal_thread]  is flushed by lsn 0
[2020-12-30 12:25:21,809][INFO][WAL][CollectionFlushed][wal_thread]  is flushed by lsn 0
[2020-12-30 12:25:22,813][INFO][WAL][CollectionFlushed][wal_thread]  is flushed by lsn 0
[2020-12-30 12:25:23,817][INFO][WAL][CollectionFlushed][wal_thread]  is flushed by lsn 0
[2020-12-30 12:25:24,820][INFO][WAL][CollectionFlushed][wal_thread]  is flushed by lsn 0
[2020-12-30 12:25:25,823][INFO][WAL][CollectionFlushed][wal_thread]  is flushed by lsn 0
[2020-12-30 12:25:26,827][INFO][WAL][CollectionFlushed][wal_thread]  is flushed by lsn 0
[2020-12-30 12:25:27,830][INFO][WAL][CollectionFlushed][wal_thread]  is flushed by lsn 0
[2020-12-30 12:25:28,833][INFO][WAL][CollectionFlushed][wal_thread]  is flushed by lsn 0
[2020-12-30 12:25:29,837][INFO][WAL][CollectionFlushed][wal_thread]  is flushed by lsn 0
[2020-12-30 12:25:30,841][INFO][WAL][CollectionFlushed][wal_thread]  is flushed by lsn 0
[2020-12-30 12:25:31,844][INFO][WAL][CollectionFlushed][wal_thread]  is flushed by lsn 0
[2020-12-30 12:25:32,847][INFO][WAL][CollectionFlushed][wal_thread]  is flushed by lsn 0
[2020-12-30 12:25:33,851][INFO][WAL][CollectionFlushed][wal_thread]  is flushed by lsn 0
[2020-12-30 12:25:34,855][INFO][WAL][CollectionFlushed][wal_thread]  is flushed by lsn 0
[2020-12-30 12:25:35,857][INFO][WAL][CollectionFlushed][wal_thread]  is flushed by lsn 0
[2020-12-30 12:25:36,861][INFO][WAL][CollectionFlushed][wal_thread]  is flushed by lsn 0
[2020-12-30 12:25:37,865][INFO][WAL][CollectionFlushed][wal_thread]  is flushed by lsn 0
[2020-12-30 12:25:38,869][INFO][WAL][CollectionFlushed][wal_thread]  is flushed by lsn 0
[2020-12-30 12:25:39,873][INFO][WAL][CollectionFlushed][wal_thread]  is flushed by lsn 0
[2020-12-30 12:25:40,876][INFO][WAL][CollectionFlushed][wal_thread]  is flushed by lsn 0
[2020-12-30 12:25:41,879][INFO][WAL][CollectionFlushed][wal_thread]  is flushed by lsn 0
[2020-12-30 12:25:42,883][INFO][WAL][CollectionFlushed][wal_thread]  is flushed by lsn 0
[2020-12-30 12:25:43,886][INFO][WAL][CollectionFlushed][wal_thread]  is flushed by lsn 0
[2020-12-30 12:25:44,890][INFO][WAL][CollectionFlushed][wal_thread]  is flushed by lsn 0
[2020-12-30 12:25:45,894][INFO][WAL][CollectionFlushed][wal_thread]  is flushed by lsn 0
[2020-12-30 12:25:46,897][INFO][WAL][CollectionFlushed][wal_thread]  is flushed by lsn 0
[2020-12-30 12:25:47,901][INFO][WAL][CollectionFlushed][wal_thread]  is flushed by lsn 0
[2020-12-30 12:25:48,903][INFO][WAL][CollectionFlushed][wal_thread]  is flushed by lsn 0
[2020-12-30 12:25:49,906][INFO][WAL][CollectionFlushed][wal_thread]  is flushed by lsn 0
[2020-12-30 12:25:50,910][INFO][WAL][CollectionFlushed][wal_thread]  is flushed by lsn 0
[2020-12-30 12:25:51,914][INFO][WAL][CollectionFlushed][wal_thread]  is flushed by lsn 0
[2020-12-30 12:25:52,917][INFO][WAL][CollectionFlushed][wal_thread]  is flushed by lsn 0
[2020-12-30 12:25:53,921][INFO][WAL][CollectionFlushed][wal_thread]  is flushed by lsn 0
[2020-12-30 12:25:54,924][INFO][WAL][CollectionFlushed][wal_thread]  is flushed by lsn 0
[2020-12-30 12:25:55,928][INFO][WAL][CollectionFlushed][wal_thread]  is flushed by lsn 0
[2020-12-30 12:25:56,931][INFO][WAL][CollectionFlushed][wal_thread]  is flushed by lsn 0
[2020-12-30 12:25:57,935][INFO][WAL][CollectionFlushed][wal_thread]  is flushed by lsn 0
[2020-12-30 12:25:58,937][INFO][WAL][CollectionFlushed][wal_thread]  is flushed by lsn 0
[2020-12-30 12:25:59,938][INFO][WAL][CollectionFlushed][wal_thread]  is flushed by lsn 0
[2020-12-30 12:26:00,941][INFO][WAL][CollectionFlushed][wal_thread]  is flushed by lsn 0
[2020-12-30 12:26:01,948][INFO][WAL][CollectionFlushed][wal_thread]  is flushed by lsn 0
[2020-12-30 12:26:02,951][INFO][WAL][CollectionFlushed][wal_thread]  is flushed by lsn 0
[2020-12-30 12:26:03,954][INFO][WAL][CollectionFlushed][wal_thread]  is flushed by lsn 0
[2020-12-30 12:26:04,957][INFO][WAL][CollectionFlushed][wal_thread]  is flushed by lsn 0
[2020-12-30 12:26:05,960][INFO][WAL][CollectionFlushed][wal_thread]  is flushed by lsn 0
[2020-12-30 12:26:06,963][INFO][WAL][CollectionFlushed][wal_thread]  is flushed by lsn 0
[2020-12-30 12:26:07,967][INFO][WAL][CollectionFlushed][wal_thread]  is flushed by lsn 0
[2020-12-30 12:26:08,970][INFO][WAL][CollectionFlushed][wal_thread]  is flushed by lsn 0
[2020-12-30 12:26:09,973][INFO][WAL][CollectionFlushed][wal_thread]  is flushed by lsn 0
[2020-12-30 12:26:10,976][INFO][WAL][CollectionFlushed][wal_thread]  is flushed by lsn 0
[2020-12-30 12:26:11,978][INFO][WAL][CollectionFlushed][wal_thread]  is flushed by lsn 0
[2020-12-30 12:26:12,981][INFO][WAL][CollectionFlushed][wal_thread]  is flushed by lsn 0
[2020-12-30 12:26:13,984][INFO][WAL][CollectionFlushed][wal_thread]  is flushed by lsn 0
[2020-12-30 12:26:14,986][INFO][WAL][CollectionFlushed][wal_thread]  is flushed by lsn 0
[2020-12-30 12:26:15,989][INFO][WAL][CollectionFlushed][wal_thread]  is flushed by lsn 0
[2020-12-30 12:26:16,990][INFO][WAL][CollectionFlushed][wal_thread]  is flushed by lsn 0
[2020-12-30 12:26:17,992][INFO][WAL][CollectionFlushed][wal_thread]  is flushed by lsn 0
[2020-12-30 12:26:18,994][INFO][WAL][CollectionFlushed][wal_thread]  is flushed by lsn 0
[2020-12-30 12:26:19,997][INFO][WAL][CollectionFlushed][wal_thread]  is flushed by lsn 0
[2020-12-30 12:26:20,998][INFO][WAL][CollectionFlushed][wal_thread]  is flushed by lsn 0
[2020-12-30 12:26:22,001][INFO][WAL][CollectionFlushed][wal_thread]  is flushed by lsn 0
[2020-12-30 12:26:23,003][INFO][WAL][CollectionFlushed][wal_thread]  is flushed by lsn 0
[2020-12-30 12:26:24,006][INFO][WAL][CollectionFlushed][wal_thread]  is flushed by lsn 0
[2020-12-30 12:26:25,009][INFO][WAL][CollectionFlushed][wal_thread]  is flushed by lsn 0
[2020-12-30 12:26:26,011][INFO][WAL][CollectionFlushed][wal_thread]  is flushed by lsn 0
[2020-12-30 12:26:27,013][INFO][WAL][CollectionFlushed][wal_thread]  is flushed by lsn 0
[2020-12-30 12:26:28,016][INFO][WAL][CollectionFlushed][wal_thread]  is flushed by lsn 0
[2020-12-30 12:26:29,019][INFO][WAL][CollectionFlushed][wal_thread]  is flushed by lsn 0
[2020-12-30 12:26:30,020][INFO][WAL][CollectionFlushed][wal_thread]  is flushed by lsn 0
[2020-12-30 12:26:31,022][INFO][WAL][CollectionFlushed][wal_thread]  is flushed by lsn 0
[2020-12-30 12:26:32,024][INFO][WAL][CollectionFlushed][wal_thread]  is flushed by lsn 0
[2020-12-30 12:26:33,027][INFO][WAL][CollectionFlushed][wal_thread]  is flushed by lsn 0
[2020-12-30 12:26:34,029][INFO][WAL][CollectionFlushed][wal_thread]  is flushed by lsn 0
[2020-12-30 12:26:35,032][INFO][WAL][CollectionFlushed][wal_thread]  is flushed by lsn 0
[2020-12-30 12:26:36,035][INFO][WAL][CollectionFlushed][wal_thread]  is flushed by lsn 0
[2020-12-30 12:26:37,038][INFO][WAL][CollectionFlushed][wal_thread]  is flushed by lsn 0
[2020-12-30 12:26:38,039][INFO][WAL][CollectionFlushed][wal_thread]  is flushed by lsn 0
[2020-12-30 12:26:39,042][INFO][WAL][CollectionFlushed][wal_thread]  is flushed by lsn 0
[2020-12-30 12:26:40,044][INFO][WAL][CollectionFlushed][wal_thread]  is flushed by lsn 0
[2020-12-30 12:26:41,048][INFO][WAL][CollectionFlushed][wal_thread]  is flushed by lsn 0
[2020-12-30 12:26:42,051][INFO][WAL][CollectionFlushed][wal_thread]  is flushed by lsn 0
[2020-12-30 12:26:43,054][INFO][WAL][CollectionFlushed][wal_thread]  is flushed by lsn 0
[2020-12-30 12:26:44,056][INFO][WAL][CollectionFlushed][wal_thread]  is flushed by lsn 0
[2020-12-30 12:26:45,060][INFO][WAL][CollectionFlushed][wal_thread]  is flushed by lsn 0
[2020-12-30 12:26:46,063][INFO][WAL][CollectionFlushed][wal_thread]  is flushed by lsn 0
[2020-12-30 12:26:47,066][INFO][WAL][CollectionFlushed][wal_thread]  is flushed by lsn 0
[2020-12-30 12:26:48,069][INFO][WAL][CollectionFlushed][wal_thread]  is flushed by lsn 0
[2020-12-30 12:26:49,073][INFO][WAL][CollectionFlushed][wal_thread]  is flushed by lsn 0
[2020-12-30 12:26:50,076][INFO][WAL][CollectionFlushed][wal_thread]  is flushed by lsn 0
[2020-12-30 12:26:51,079][INFO][WAL][CollectionFlushed][wal_thread]  is flushed by lsn 0
[2020-12-30 12:26:52,081][INFO][WAL][CollectionFlushed][wal_thread]  is flushed by lsn 0
[2020-12-30 12:26:53,084][INFO][WAL][CollectionFlushed][wal_thread]  is flushed by lsn 0
[2020-12-30 12:26:54,088][INFO][WAL][CollectionFlushed][wal_thread]  is flushed by lsn 0
[2020-12-30 12:26:55,091][INFO][WAL][CollectionFlushed][wal_thread]  is flushed by lsn 0
[2020-12-30 12:26:56,135][INFO][WAL][CollectionFlushed][wal_thread]  is flushed by lsn 0
[2020-12-30 12:26:57,139][INFO][WAL][CollectionFlushed][wal_thread]  is flushed by lsn 0
[2020-12-30 12:26:58,142][INFO][WAL][CollectionFlushed][wal_thread]  is flushed by lsn 0
[2020-12-30 12:26:59,145][INFO][WAL][CollectionFlushed][wal_thread]  is flushed by lsn 0
[2020-12-30 12:27:00,148][INFO][WAL][CollectionFlushed][wal_thread]  is flushed by lsn 0
[2020-12-30 12:27:01,149][INFO][WAL][CollectionFlushed][wal_thread]  is flushed by lsn 0
[2020-12-30 12:27:02,152][INFO][WAL][CollectionFlushed][wal_thread]  is flushed by lsn 0
[2020-12-30 12:27:03,155][INFO][WAL][CollectionFlushed][wal_thread]  is flushed by lsn 0
[2020-12-30 12:27:04,159][INFO][WAL][CollectionFlushed][wal_thread]  is flushed by lsn 0
[2020-12-30 12:27:05,162][INFO][WAL][CollectionFlushed][wal_thread]  is flushed by lsn 0
[2020-12-30 12:27:06,165][INFO][WAL][CollectionFlushed][wal_thread]  is flushed by lsn 0
[2020-12-30 12:27:07,169][INFO][WAL][CollectionFlushed][wal_thread]  is flushed by lsn 0
[2020-12-30 12:27:08,172][INFO][WAL][CollectionFlushed][wal_thread]  is flushed by lsn 0
[2020-12-30 12:27:09,175][INFO][WAL][CollectionFlushed][wal_thread]  is flushed by lsn 0
[2020-12-30 12:27:10,179][INFO][WAL][CollectionFlushed][wal_thread]  is flushed by lsn 0
[2020-12-30 12:27:11,182][INFO][WAL][CollectionFlushed][wal_thread]  is flushed by lsn 0
[2020-12-30 12:27:12,185][INFO][WAL][CollectionFlushed][wal_thread]  is flushed by lsn 0
[2020-12-30 12:27:13,186][INFO][WAL][CollectionFlushed][wal_thread]  is flushed by lsn 0
[2020-12-30 12:27:14,189][INFO][WAL][CollectionFlushed][wal_thread]  is flushed by lsn 0
[2020-12-30 12:27:15,193][INFO][WAL][CollectionFlushed][wal_thread]  is flushed by lsn 0
[2020-12-30 12:27:16,196][INFO][WAL][CollectionFlushed][wal_thread]  is flushed by lsn 0
[2020-12-30 12:27:17,199][INFO][WAL][CollectionFlushed][wal_thread]  is flushed by lsn 0
[2020-12-30 12:27:18,204][INFO][WAL][CollectionFlushed][wal_thread]  is flushed by lsn 0
[2020-12-30 12:27:19,207][INFO][WAL][CollectionFlushed][wal_thread]  is flushed by lsn 0
[2020-12-30 12:27:20,210][INFO][WAL][CollectionFlushed][wal_thread]  is flushed by lsn 0
[2020-12-30 12:27:21,213][INFO][WAL][CollectionFlushed][wal_thread]  is flushed by lsn 0
[2020-12-30 12:27:22,217][INFO][WAL][CollectionFlushed][wal_thread]  is flushed by lsn 0
[2020-12-30 12:27:23,220][INFO][WAL][CollectionFlushed][wal_thread]  is flushed by lsn 0
[2020-12-30 12:27:24,224][INFO][WAL][CollectionFlushed][wal_thread]  is flushed by lsn 0
[2020-12-30 12:27:25,227][INFO][WAL][CollectionFlushed][wal_thread]  is flushed by lsn 0
[2020-12-30 12:27:26,231][INFO][WAL][CollectionFlushed][wal_thread]  is flushed by lsn 0
[2020-12-30 12:27:27,235][INFO][WAL][CollectionFlushed][wal_thread]  is flushed by lsn 0
[2020-12-30 12:27:28,238][INFO][WAL][CollectionFlushed][wal_thread]  is flushed by lsn 0
[2020-12-30 12:27:29,241][INFO][WAL][CollectionFlushed][wal_thread]  is flushed by lsn 0
[2020-12-30 12:27:30,245][INFO][WAL][CollectionFlushed][wal_thread]  is flushed by lsn 0
[2020-12-30 12:27:31,248][INFO][WAL][CollectionFlushed][wal_thread]  is flushed by lsn 0
[2020-12-30 12:27:32,251][INFO][WAL][CollectionFlushed][wal_thread]  is flushed by lsn 0
[2020-12-30 12:27:33,254][INFO][WAL][CollectionFlushed][wal_thread]  is flushed by lsn 0
[2020-12-30 12:27:34,257][INFO][WAL][CollectionFlushed][wal_thread]  is flushed by lsn 0
[2020-12-30 12:27:35,259][INFO][WAL][CollectionFlushed][wal_thread]  is flushed by lsn 0
[2020-12-30 12:27:36,264][INFO][WAL][CollectionFlushed][wal_thread]  is flushed by lsn 0
[2020-12-30 12:27:37,268][INFO][WAL][CollectionFlushed][wal_thread]  is flushed by lsn 0
[2020-12-30 12:27:38,271][INFO][WAL][CollectionFlushed][wal_thread]  is flushed by lsn 0
[2020-12-30 12:27:39,274][INFO][WAL][CollectionFlushed][wal_thread]  is flushed by lsn 0
[2020-12-30 12:27:40,276][INFO][WAL][CollectionFlushed][wal_thread]  is flushed by lsn 0
[2020-12-30 12:27:41,278][INFO][WAL][CollectionFlushed][wal_thread]  is flushed by lsn 0
[2020-12-30 12:27:42,283][INFO][WAL][CollectionFlushed][wal_thread]  is flushed by lsn 0
[2020-12-30 12:27:43,286][INFO][WAL][CollectionFlushed][wal_thread]  is flushed by lsn 0
[2020-12-30 12:27:44,289][INFO][WAL][CollectionFlushed][wal_thread]  is flushed by lsn 0
[2020-12-30 12:27:45,293][INFO][WAL][CollectionFlushed][wal_thread]  is flushed by lsn 0
[2020-12-30 12:27:46,296][INFO][WAL][CollectionFlushed][wal_thread]  is flushed by lsn 0
[2020-12-30 12:27:47,299][INFO][WAL][CollectionFlushed][wal_thread]  is flushed by lsn 0
[2020-12-30 12:27:48,303][INFO][WAL][CollectionFlushed][wal_thread]  is flushed by lsn 0
[2020-12-30 12:27:49,307][INFO][WAL][CollectionFlushed][wal_thread]  is flushed by lsn 0
[2020-12-30 12:27:50,310][INFO][WAL][CollectionFlushed][wal_thread]  is flushed by lsn 0
[2020-12-30 12:27:51,313][INFO][WAL][CollectionFlushed][wal_thread]  is flushed by lsn 0
[2020-12-30 12:27:52,316][INFO][WAL][CollectionFlushed][wal_thread]  is flushed by lsn 0
[2020-12-30 12:27:53,319][INFO][WAL][CollectionFlushed][wal_thread]  is flushed by lsn 0
[2020-12-30 12:27:54,322][INFO][WAL][CollectionFlushed][wal_thread]  is flushed by lsn 0
[2020-12-30 12:27:55,325][INFO][WAL][CollectionFlushed][wal_thread]  is flushed by lsn 0
[2020-12-30 12:27:56,331][INFO][WAL][CollectionFlushed][wal_thread]  is flushed by lsn 0
[2020-12-30 12:27:57,332][INFO][WAL][CollectionFlushed][wal_thread]  is flushed by lsn 0
[2020-12-30 12:27:58,335][INFO][WAL][CollectionFlushed][wal_thread]  is flushed by lsn 0
[2020-12-30 12:27:59,338][INFO][WAL][CollectionFlushed][wal_thread]  is flushed by lsn 0
[2020-12-30 12:28:00,341][INFO][WAL][CollectionFlushed][wal_thread]  is flushed by lsn 0
[2020-12-30 12:28:01,343][INFO][WAL][CollectionFlushed][wal_thread]  is flushed by lsn 0
[2020-12-30 12:28:02,347][INFO][WAL][CollectionFlushed][wal_thread]  is flushed by lsn 0
[2020-12-30 12:28:03,351][INFO][WAL][CollectionFlushed][wal_thread]  is flushed by lsn 0
[2020-12-30 12:28:04,354][INFO][WAL][CollectionFlushed][wal_thread]  is flushed by lsn 0
[2020-12-30 12:28:05,357][INFO][WAL][CollectionFlushed][wal_thread]  is flushed by lsn 0
[2020-12-30 12:28:06,359][INFO][WAL][CollectionFlushed][wal_thread]  is flushed by lsn 0
[2020-12-30 12:28:07,360][INFO][WAL][CollectionFlushed][wal_thread]  is flushed by lsn 0
[2020-12-30 12:28:08,362][INFO][WAL][CollectionFlushed][wal_thread]  is flushed by lsn 0
[2020-12-30 12:28:09,365][INFO][WAL][CollectionFlushed][wal_thread]  is flushed by lsn 0
[2020-12-30 12:28:10,366][INFO][WAL][CollectionFlushed][wal_thread]  is flushed by lsn 0
[2020-12-30 12:28:11,368][INFO][WAL][CollectionFlushed][wal_thread]  is flushed by lsn 0
[2020-12-30 12:28:12,370][INFO][WAL][CollectionFlushed][wal_thread]  is flushed by lsn 0
[2020-12-30 12:28:13,373][INFO][WAL][CollectionFlushed][wal_thread]  is flushed by lsn 0
[2020-12-30 12:28:14,375][INFO][WAL][CollectionFlushed][wal_thread]  is flushed by lsn 0
[2020-12-30 12:28:15,377][INFO][WAL][CollectionFlushed][wal_thread]  is flushed by lsn 0
[2020-12-30 12:28:16,379][INFO][WAL][CollectionFlushed][wal_thread]  is flushed by lsn 0
[2020-12-30 12:28:17,382][INFO][WAL][CollectionFlushed][wal_thread]  is flushed by lsn 0
[2020-12-30 12:28:18,386][INFO][WAL][CollectionFlushed][wal_thread]  is flushed by lsn 0
[2020-12-30 12:28:19,389][INFO][WAL][CollectionFlushed][wal_thread]  is flushed by lsn 0
[2020-12-30 12:28:20,391][INFO][WAL][CollectionFlushed][wal_thread]  is flushed by lsn 0
[2020-12-30 12:28:21,393][INFO][WAL][CollectionFlushed][wal_thread]  is flushed by lsn 0
[2020-12-30 12:28:22,395][INFO][WAL][CollectionFlushed][wal_thread]  is flushed by lsn 0
[2020-12-30 12:28:23,399][INFO][WAL][CollectionFlushed][wal_thread]  is flushed by lsn 0
[2020-12-30 12:28:24,402][INFO][WAL][CollectionFlushed][wal_thread]  is flushed by lsn 0
[2020-12-30 12:28:25,405][INFO][WAL][CollectionFlushed][wal_thread]  is flushed by lsn 0
[2020-12-30 12:28:26,409][INFO][WAL][CollectionFlushed][wal_thread]  is flushed by lsn 0
[2020-12-30 12:28:27,412][INFO][WAL][CollectionFlushed][wal_thread]  is flushed by lsn 0
[2020-12-30 12:28:28,416][INFO][WAL][CollectionFlushed][wal_thread]  is flushed by lsn 0
[2020-12-30 12:28:29,418][INFO][WAL][CollectionFlushed][wal_thread]  is flushed by lsn 0
[2020-12-30 12:28:30,421][INFO][WAL][CollectionFlushed][wal_thread]  is flushed by lsn 0
[2020-12-30 12:28:31,424][INFO][WAL][CollectionFlushed][wal_thread]  is flushed by lsn 0
[2020-12-30 12:28:32,428][INFO][WAL][CollectionFlushed][wal_thread]  is flushed by lsn 0
[2020-12-30 12:28:33,432][INFO][WAL][CollectionFlushed][wal_thread]  is flushed by lsn 0
[2020-12-30 12:28:34,436][INFO][WAL][CollectionFlushed][wal_thread]  is flushed by lsn 0
[2020-12-30 12:28:35,439][INFO][WAL][CollectionFlushed][wal_thread]  is flushed by lsn 0
[2020-12-30 12:28:36,443][INFO][WAL][CollectionFlushed][wal_thread]  is flushed by lsn 0
[2020-12-30 12:28:37,446][INFO][WAL][CollectionFlushed][wal_thread]  is flushed by lsn 0
[2020-12-30 12:28:38,449][INFO][WAL][CollectionFlushed][wal_thread]  is flushed by lsn 0
