[2020-12-29 12:43:44,362][INFO][SERVER][Check][milvus_server] InstanceLockCheck passed.
[2020-12-29 12:43:44,366][INFO][SERVER][Check][milvus_server] InstanceLockCheck passed.
[2020-12-29 12:43:44,366][INFO][SERVER][Start][milvus_server] Milvus Release version: v0.9.1, built at 2020-05-28 17:39.31
[2020-12-29 12:43:44,367][INFO][SERVER][Start][milvus_server] CPU edition
[2020-12-29 12:43:44,369][INFO][SERVER][CheckCpuInstructionSet][milvus_server] Supported CPU instruction sets: avx2, sse4_2
[2020-12-29 12:43:44,373][INFO][SERVER][LogConfigInFile][milvus_server] 

***************Config in file***************

version: 0.4
server_config:
  address: 0.0.0.0
  port: 19530
  deploy_mode: single
  time_zone: UTC+8
  web_enable: true
  web_port: 19121
db_config:
  backend_url: sqlite://:@:/
  preload_collection: ~
  auto_flush_interval: 1
storage_config:
  primary_path: /var/lib/milvus
  secondary_path: ~
  file_cleanup_timeout: 10
metric_config:
  enable_monitor: false
  address: 127.0.0.1
  port: 9091
cache_config:
  cpu_cache_capacity: 1
  insert_buffer_size: 1
  cache_insert_data: false
engine_config:
  use_blas_threshold: 1100
  gpu_search_threshold: 1000
gpu_resource_config:
  enable: false
  cache_capacity: 1
  search_resources:
    - gpu0
  build_index_resources:
    - gpu0
tracing_config:
  json_config_path: ~
wal_config:
  enable: true
  recovery_error_ignore: true
  buffer_size: 256
  wal_path: /var/lib/milvus/wal
logs:
  trace.enable: true
  debug.enable: true
  info.enable: true
  warning.enable: true
  error.enable: true
  fatal.enable: true
  path: /var/lib/milvus/logs
  max_log_file_size: 1024
  log_rotate_num: 0
[2020-12-29 12:43:44,373][INFO][SERVER][LogCpuInfo][milvus_server] 

***************CPU***************

processor	: 1
vendor_id	: GenuineIntel
cpu family	: 6
model		: 142
model name	: Intel(R) Core(TM) i5-8250U CPU @ 1.60GHz
stepping	: 10
microcode	: 0xffffffff
cpu MHz		: 1799.999
cache size	: 6144 KB
physical id	: 0
siblings	: 2
core id		: 0
cpu cores	: 1
apicid		: 1
initial apicid	: 1
fpu		: yes
fpu_exception	: yes
cpuid level	: 21
wp		: yes
flags		: fpu vme de pse tsc msr pae mce cx8 apic sep mtrr pge mca cmov pat pse36 clflush mmx fxsr sse sse2 ss ht syscall nx pdpe1gb rdtscp lm constant_tsc rep_good nopl xtopology cpuid pni pclmulqdq ssse3 fma cx16 pcid sse4_1 sse4_2 movbe popcnt aes xsave avx f16c rdrand hypervisor lahf_lm abm 3dnowprefetch invpcid_single ssbd ibrs ibpb stibp fsgsbase bmi1 avx2 smep bmi2 erms invpcid mpx rdseed adx smap clflushopt xsaveopt xsavec xgetbv1 xsaves flush_l1d arch_capabilities
bugs		: cpu_meltdown spectre_v1 spectre_v2 spec_store_bypass l1tf mds swapgs itlb_multihit
bogomips	: 3599.99
clflush size	: 64
cache_alignment	: 64
address sizes	: 39 bits physical, 48 bits virtual
power management:


[2020-12-29 12:43:44,374][INFO][SERVER][LogConfigInMem][milvus_server] 

***************Config in memory***************

{
   "cache_config": {
      "cache_insert_data": "false",
      "cpu_cache_capacity": "1",
      "cpu_cache_threshold": "0.7",
      "insert_buffer_size": "1"
   },
   "db_config": {
      "archive_days_threshold": "0",
      "archive_disk_threshold": "0",
      "auto_flush_interval": "1",
      "backend_url": "sqlite://:@:/",
      "preload_collection": ""
   },
   "engine_config": {
      "omp_thread_num": "0",
      "simd_type": "auto",
      "use_blas_threshold": "1100"
   },
   "logs": {
      "debug.enable": "true",
      "error.enable": "true",
      "fatal.enable": "true",
      "info.enable": "true",
      "log_rotate_num": "0",
      "max_log_file_size": "1024",
      "path": "/var/lib/milvus/logs",
      "trace.enable": "true",
      "warning.enable": "true"
   },
   "metric_config": {
      "address": "127.0.0.1",
      "enable_monitor": "false",
      "port": "9091"
   },
   "server_config": {
      "address": "0.0.0.0",
      "deploy_mode": "single",
      "port": "19530",
      "time_zone": "UTC+8",
      "web_enable": "true",
      "web_port": "19121"
   },
   "storage_config": {
      "primary_path": "/var/lib/milvus",
      "secondary_path": ""
   },
   "tracing_config": {
      "json_config_path": ""
   },
   "wal_config": {
      "buffer_size": "256",
      "enable": "true",
      "recovery_error_ignore": "true",
      "wal_path": "/var/lib/milvus/wal"
   }
}
[2020-12-29 12:43:44,379][INFO][ENGINE][Build][milvus_server] Using SQLite
[2020-12-29 12:43:45,765][INFO][WAL][CollectionFlushed][wal_thread]  is flushed by lsn 0
[2020-12-29 12:43:46,766][INFO][WAL][CollectionFlushed][wal_thread]  is flushed by lsn 0
[2020-12-29 12:43:47,773][INFO][WAL][CollectionFlushed][wal_thread]  is flushed by lsn 0
[2020-12-29 12:43:48,775][INFO][WAL][CollectionFlushed][wal_thread]  is flushed by lsn 0
[2020-12-29 12:43:49,776][INFO][WAL][CollectionFlushed][wal_thread]  is flushed by lsn 0
[2020-12-29 12:43:50,779][INFO][WAL][CollectionFlushed][wal_thread]  is flushed by lsn 0
[2020-12-29 12:43:51,781][INFO][WAL][CollectionFlushed][wal_thread]  is flushed by lsn 0
[2020-12-29 12:43:52,782][INFO][WAL][CollectionFlushed][wal_thread]  is flushed by lsn 0
[2020-12-29 12:43:53,783][INFO][WAL][CollectionFlushed][wal_thread]  is flushed by lsn 0
[2020-12-29 12:43:54,787][INFO][WAL][CollectionFlushed][wal_thread]  is flushed by lsn 0
[2020-12-29 12:43:55,789][INFO][WAL][CollectionFlushed][wal_thread]  is flushed by lsn 0
[2020-12-29 12:43:56,792][INFO][WAL][CollectionFlushed][wal_thread]  is flushed by lsn 0
[2020-12-29 12:43:57,794][INFO][WAL][CollectionFlushed][wal_thread]  is flushed by lsn 0
[2020-12-29 12:43:58,796][INFO][WAL][CollectionFlushed][wal_thread]  is flushed by lsn 0
[2020-12-29 12:43:59,798][INFO][WAL][CollectionFlushed][wal_thread]  is flushed by lsn 0
[2020-12-29 12:44:00,800][INFO][WAL][CollectionFlushed][wal_thread]  is flushed by lsn 0
[2020-12-29 12:44:01,806][INFO][WAL][CollectionFlushed][wal_thread]  is flushed by lsn 0
[2020-12-29 12:44:02,809][INFO][WAL][CollectionFlushed][wal_thread]  is flushed by lsn 0
[2020-12-29 12:44:03,812][INFO][WAL][CollectionFlushed][wal_thread]  is flushed by lsn 0
[2020-12-29 12:44:04,815][INFO][WAL][CollectionFlushed][wal_thread]  is flushed by lsn 0
[2020-12-29 12:44:05,817][INFO][WAL][CollectionFlushed][wal_thread]  is flushed by lsn 0
[2020-12-29 12:44:06,820][INFO][WAL][CollectionFlushed][wal_thread]  is flushed by lsn 0
[2020-12-29 12:44:07,821][INFO][WAL][CollectionFlushed][wal_thread]  is flushed by lsn 0
[2020-12-29 12:44:08,822][INFO][WAL][CollectionFlushed][wal_thread]  is flushed by lsn 0
[2020-12-29 12:44:09,824][INFO][WAL][CollectionFlushed][wal_thread]  is flushed by lsn 0
[2020-12-29 12:44:10,825][INFO][WAL][CollectionFlushed][wal_thread]  is flushed by lsn 0
[2020-12-29 12:44:11,829][INFO][WAL][CollectionFlushed][wal_thread]  is flushed by lsn 0
[2020-12-29 12:44:12,832][INFO][WAL][CollectionFlushed][wal_thread]  is flushed by lsn 0
[2020-12-29 12:44:13,834][INFO][WAL][CollectionFlushed][wal_thread]  is flushed by lsn 0
[2020-12-29 12:44:14,838][INFO][WAL][CollectionFlushed][wal_thread]  is flushed by lsn 0
[2020-12-29 12:44:15,841][INFO][WAL][CollectionFlushed][wal_thread]  is flushed by lsn 0
[2020-12-29 12:44:16,844][INFO][WAL][CollectionFlushed][wal_thread]  is flushed by lsn 0
[2020-12-29 12:44:17,847][INFO][WAL][CollectionFlushed][wal_thread]  is flushed by lsn 0
[2020-12-29 12:44:18,850][INFO][WAL][CollectionFlushed][wal_thread]  is flushed by lsn 0
[2020-12-29 12:44:19,851][INFO][WAL][CollectionFlushed][wal_thread]  is flushed by lsn 0
[2020-12-29 12:44:20,852][INFO][WAL][CollectionFlushed][wal_thread]  is flushed by lsn 0
[2020-12-29 12:44:21,856][INFO][WAL][CollectionFlushed][wal_thread]  is flushed by lsn 0
[2020-12-29 12:44:22,859][INFO][WAL][CollectionFlushed][wal_thread]  is flushed by lsn 0
[2020-12-29 12:44:23,863][INFO][WAL][CollectionFlushed][wal_thread]  is flushed by lsn 0
[2020-12-29 12:44:24,867][INFO][WAL][CollectionFlushed][wal_thread]  is flushed by lsn 0
[2020-12-29 12:44:25,868][INFO][WAL][CollectionFlushed][wal_thread]  is flushed by lsn 0
[2020-12-29 12:44:26,871][INFO][WAL][CollectionFlushed][wal_thread]  is flushed by lsn 0
[2020-12-29 12:44:27,873][INFO][WAL][CollectionFlushed][wal_thread]  is flushed by lsn 0
[2020-12-29 12:44:28,878][INFO][WAL][CollectionFlushed][wal_thread]  is flushed by lsn 0
[2020-12-29 12:44:29,881][INFO][WAL][CollectionFlushed][wal_thread]  is flushed by lsn 0
[2020-12-29 12:44:30,885][INFO][WAL][CollectionFlushed][wal_thread]  is flushed by lsn 0
[2020-12-29 12:44:31,888][INFO][WAL][CollectionFlushed][wal_thread]  is flushed by lsn 0
[2020-12-29 12:44:32,889][INFO][WAL][CollectionFlushed][wal_thread]  is flushed by lsn 0
[2020-12-29 12:44:33,891][INFO][WAL][CollectionFlushed][wal_thread]  is flushed by lsn 0
[2020-12-29 12:44:34,895][INFO][WAL][CollectionFlushed][wal_thread]  is flushed by lsn 0
[2020-12-29 12:44:35,898][INFO][WAL][CollectionFlushed][wal_thread]  is flushed by lsn 0
[2020-12-29 12:44:36,902][INFO][WAL][CollectionFlushed][wal_thread]  is flushed by lsn 0
[2020-12-29 12:44:37,904][INFO][WAL][CollectionFlushed][wal_thread]  is flushed by lsn 0
[2020-12-29 12:44:38,907][INFO][WAL][CollectionFlushed][wal_thread]  is flushed by lsn 0
[2020-12-29 12:44:39,911][INFO][WAL][CollectionFlushed][wal_thread]  is flushed by lsn 0
[2020-12-29 12:44:40,914][INFO][WAL][CollectionFlushed][wal_thread]  is flushed by lsn 0
[2020-12-29 12:44:41,916][INFO][WAL][CollectionFlushed][wal_thread]  is flushed by lsn 0
[2020-12-29 12:44:42,920][INFO][WAL][CollectionFlushed][wal_thread]  is flushed by lsn 0
[2020-12-29 12:44:43,923][INFO][WAL][CollectionFlushed][wal_thread]  is flushed by lsn 0
[2020-12-29 12:44:44,925][INFO][WAL][CollectionFlushed][wal_thread]  is flushed by lsn 0
[2020-12-29 12:44:45,927][INFO][WAL][CollectionFlushed][wal_thread]  is flushed by lsn 0
[2020-12-29 12:44:46,932][INFO][WAL][CollectionFlushed][wal_thread]  is flushed by lsn 0
[2020-12-29 12:44:47,932][INFO][WAL][CollectionFlushed][wal_thread]  is flushed by lsn 0
[2020-12-29 12:44:48,933][INFO][WAL][CollectionFlushed][wal_thread]  is flushed by lsn 0
[2020-12-29 12:44:49,935][INFO][WAL][CollectionFlushed][wal_thread]  is flushed by lsn 0
[2020-12-29 12:44:50,938][INFO][WAL][CollectionFlushed][wal_thread]  is flushed by lsn 0
[2020-12-29 12:44:51,943][INFO][WAL][CollectionFlushed][wal_thread]  is flushed by lsn 0
[2020-12-29 12:44:52,945][INFO][WAL][CollectionFlushed][wal_thread]  is flushed by lsn 0
[2020-12-29 12:44:53,948][INFO][WAL][CollectionFlushed][wal_thread]  is flushed by lsn 0
[2020-12-29 12:44:54,951][INFO][WAL][CollectionFlushed][wal_thread]  is flushed by lsn 0
[2020-12-29 12:44:55,955][INFO][WAL][CollectionFlushed][wal_thread]  is flushed by lsn 0
[2020-12-29 12:44:56,958][INFO][WAL][CollectionFlushed][wal_thread]  is flushed by lsn 0
[2020-12-29 12:44:57,960][INFO][WAL][CollectionFlushed][wal_thread]  is flushed by lsn 0
[2020-12-29 12:44:58,963][INFO][WAL][CollectionFlushed][wal_thread]  is flushed by lsn 0
[2020-12-29 12:44:59,966][INFO][WAL][CollectionFlushed][wal_thread]  is flushed by lsn 0
[2020-12-29 12:45:00,969][INFO][WAL][CollectionFlushed][wal_thread]  is flushed by lsn 0
[2020-12-29 12:45:01,972][INFO][WAL][CollectionFlushed][wal_thread]  is flushed by lsn 0
[2020-12-29 12:45:02,975][INFO][WAL][CollectionFlushed][wal_thread]  is flushed by lsn 0
[2020-12-29 12:45:03,979][INFO][WAL][CollectionFlushed][wal_thread]  is flushed by lsn 0
[2020-12-29 12:45:04,981][INFO][WAL][CollectionFlushed][wal_thread]  is flushed by lsn 0
[2020-12-29 12:45:05,983][INFO][WAL][CollectionFlushed][wal_thread]  is flushed by lsn 0
[2020-12-29 12:45:06,986][INFO][WAL][CollectionFlushed][wal_thread]  is flushed by lsn 0
[2020-12-29 12:45:07,987][INFO][WAL][CollectionFlushed][wal_thread]  is flushed by lsn 0
[2020-12-29 12:45:08,989][INFO][WAL][CollectionFlushed][wal_thread]  is flushed by lsn 0
[2020-12-29 12:45:09,990][INFO][WAL][CollectionFlushed][wal_thread]  is flushed by lsn 0
[2020-12-29 12:45:10,992][INFO][WAL][CollectionFlushed][wal_thread]  is flushed by lsn 0
[2020-12-29 12:45:11,994][INFO][WAL][CollectionFlushed][wal_thread]  is flushed by lsn 0
[2020-12-29 12:45:12,995][INFO][WAL][CollectionFlushed][wal_thread]  is flushed by lsn 0
[2020-12-29 12:45:13,996][INFO][WAL][CollectionFlushed][wal_thread]  is flushed by lsn 0
[2020-12-29 12:45:14,998][INFO][WAL][CollectionFlushed][wal_thread]  is flushed by lsn 0
[2020-12-29 12:45:16,001][INFO][WAL][CollectionFlushed][wal_thread]  is flushed by lsn 0
[2020-12-29 12:45:17,002][INFO][WAL][CollectionFlushed][wal_thread]  is flushed by lsn 0
[2020-12-29 12:45:18,005][INFO][WAL][CollectionFlushed][wal_thread]  is flushed by lsn 0
[2020-12-29 12:45:19,007][INFO][WAL][CollectionFlushed][wal_thread]  is flushed by lsn 0
[2020-12-29 12:45:20,009][INFO][WAL][CollectionFlushed][wal_thread]  is flushed by lsn 0
[2020-12-29 12:45:21,011][INFO][WAL][CollectionFlushed][wal_thread]  is flushed by lsn 0
[2020-12-29 12:45:22,012][INFO][WAL][CollectionFlushed][wal_thread]  is flushed by lsn 0
[2020-12-29 12:45:23,013][INFO][WAL][CollectionFlushed][wal_thread]  is flushed by lsn 0
[2020-12-29 12:45:24,016][INFO][WAL][CollectionFlushed][wal_thread]  is flushed by lsn 0
[2020-12-29 12:45:25,019][INFO][WAL][CollectionFlushed][wal_thread]  is flushed by lsn 0
[2020-12-29 12:45:26,063][INFO][WAL][CollectionFlushed][wal_thread]  is flushed by lsn 0
[2020-12-29 12:45:27,065][INFO][WAL][CollectionFlushed][wal_thread]  is flushed by lsn 0
[2020-12-29 12:45:28,067][INFO][WAL][CollectionFlushed][wal_thread]  is flushed by lsn 0
[2020-12-29 12:45:29,070][INFO][WAL][CollectionFlushed][wal_thread]  is flushed by lsn 0
[2020-12-29 12:45:30,072][INFO][WAL][CollectionFlushed][wal_thread]  is flushed by lsn 0
[2020-12-29 12:45:31,074][INFO][WAL][CollectionFlushed][wal_thread]  is flushed by lsn 0
[2020-12-29 12:45:32,076][INFO][WAL][CollectionFlushed][wal_thread]  is flushed by lsn 0
[2020-12-29 12:45:33,079][INFO][WAL][CollectionFlushed][wal_thread]  is flushed by lsn 0
[2020-12-29 12:45:34,082][INFO][WAL][CollectionFlushed][wal_thread]  is flushed by lsn 0
[2020-12-29 12:45:35,085][INFO][WAL][CollectionFlushed][wal_thread]  is flushed by lsn 0
[2020-12-29 12:45:36,086][INFO][WAL][CollectionFlushed][wal_thread]  is flushed by lsn 0
[2020-12-29 12:45:37,088][INFO][WAL][CollectionFlushed][wal_thread]  is flushed by lsn 0
[2020-12-29 12:45:38,090][INFO][WAL][CollectionFlushed][wal_thread]  is flushed by lsn 0
[2020-12-29 12:45:39,091][INFO][WAL][CollectionFlushed][wal_thread]  is flushed by lsn 0
[2020-12-29 12:45:40,092][INFO][WAL][CollectionFlushed][wal_thread]  is flushed by lsn 0
[2020-12-29 12:45:41,094][INFO][WAL][CollectionFlushed][wal_thread]  is flushed by lsn 0
[2020-12-29 12:45:42,097][INFO][WAL][CollectionFlushed][wal_thread]  is flushed by lsn 0
[2020-12-29 12:45:43,098][INFO][WAL][CollectionFlushed][wal_thread]  is flushed by lsn 0
[2020-12-29 12:45:44,103][INFO][WAL][CollectionFlushed][wal_thread]  is flushed by lsn 0
[2020-12-29 12:45:45,107][INFO][WAL][CollectionFlushed][wal_thread]  is flushed by lsn 0
[2020-12-29 12:45:46,110][INFO][WAL][CollectionFlushed][wal_thread]  is flushed by lsn 0
[2020-12-29 12:45:47,114][INFO][WAL][CollectionFlushed][wal_thread]  is flushed by lsn 0
[2020-12-29 12:45:48,117][INFO][WAL][CollectionFlushed][wal_thread]  is flushed by lsn 0
[2020-12-29 12:45:49,121][INFO][WAL][CollectionFlushed][wal_thread]  is flushed by lsn 0
[2020-12-29 12:45:50,124][INFO][WAL][CollectionFlushed][wal_thread]  is flushed by lsn 0
[2020-12-29 12:45:51,128][INFO][WAL][CollectionFlushed][wal_thread]  is flushed by lsn 0
[2020-12-29 12:45:52,131][INFO][WAL][CollectionFlushed][wal_thread]  is flushed by lsn 0
[2020-12-29 12:45:53,134][INFO][WAL][CollectionFlushed][wal_thread]  is flushed by lsn 0
[2020-12-29 12:45:54,137][INFO][WAL][CollectionFlushed][wal_thread]  is flushed by lsn 0
[2020-12-29 12:45:55,141][INFO][WAL][CollectionFlushed][wal_thread]  is flushed by lsn 0
[2020-12-29 12:45:56,145][INFO][WAL][CollectionFlushed][wal_thread]  is flushed by lsn 0
[2020-12-29 12:45:57,148][INFO][WAL][CollectionFlushed][wal_thread]  is flushed by lsn 0
[2020-12-29 12:45:58,151][INFO][WAL][CollectionFlushed][wal_thread]  is flushed by lsn 0
[2020-12-29 12:45:59,154][INFO][WAL][CollectionFlushed][wal_thread]  is flushed by lsn 0
[2020-12-29 12:46:00,156][INFO][WAL][CollectionFlushed][wal_thread]  is flushed by lsn 0
[2020-12-29 12:46:01,159][INFO][WAL][CollectionFlushed][wal_thread]  is flushed by lsn 0
[2020-12-29 12:46:02,164][INFO][WAL][CollectionFlushed][wal_thread]  is flushed by lsn 0
[2020-12-29 12:46:03,168][INFO][WAL][CollectionFlushed][wal_thread]  is flushed by lsn 0
[2020-12-29 12:46:04,171][INFO][WAL][CollectionFlushed][wal_thread]  is flushed by lsn 0
[2020-12-29 12:46:05,173][INFO][WAL][CollectionFlushed][wal_thread]  is flushed by lsn 0
[2020-12-29 12:46:06,175][INFO][WAL][CollectionFlushed][wal_thread]  is flushed by lsn 0
[2020-12-29 12:46:07,179][INFO][WAL][CollectionFlushed][wal_thread]  is flushed by lsn 0
[2020-12-29 12:46:08,180][INFO][WAL][CollectionFlushed][wal_thread]  is flushed by lsn 0
[2020-12-29 12:46:09,181][INFO][WAL][CollectionFlushed][wal_thread]  is flushed by lsn 0
[2020-12-29 12:46:10,182][INFO][WAL][CollectionFlushed][wal_thread]  is flushed by lsn 0
[2020-12-29 12:46:11,184][INFO][WAL][CollectionFlushed][wal_thread]  is flushed by lsn 0
[2020-12-29 12:46:12,188][INFO][WAL][CollectionFlushed][wal_thread]  is flushed by lsn 0
[2020-12-29 12:46:13,191][INFO][WAL][CollectionFlushed][wal_thread]  is flushed by lsn 0
[2020-12-29 12:46:14,193][INFO][WAL][CollectionFlushed][wal_thread]  is flushed by lsn 0
[2020-12-29 12:46:15,196][INFO][WAL][CollectionFlushed][wal_thread]  is flushed by lsn 0
[2020-12-29 12:46:16,197][INFO][WAL][CollectionFlushed][wal_thread]  is flushed by lsn 0
[2020-12-29 12:46:17,200][INFO][WAL][CollectionFlushed][wal_thread]  is flushed by lsn 0
[2020-12-29 12:46:18,203][INFO][WAL][CollectionFlushed][wal_thread]  is flushed by lsn 0
[2020-12-29 12:46:19,212][INFO][WAL][CollectionFlushed][wal_thread]  is flushed by lsn 0
[2020-12-29 12:46:20,213][INFO][WAL][CollectionFlushed][wal_thread]  is flushed by lsn 0
[2020-12-29 12:46:21,215][INFO][WAL][CollectionFlushed][wal_thread]  is flushed by lsn 0
[2020-12-29 12:46:22,219][INFO][WAL][CollectionFlushed][wal_thread]  is flushed by lsn 0
[2020-12-29 12:46:23,223][INFO][WAL][CollectionFlushed][wal_thread]  is flushed by lsn 0
[2020-12-29 12:46:24,226][INFO][WAL][CollectionFlushed][wal_thread]  is flushed by lsn 0
[2020-12-29 12:46:25,229][INFO][WAL][CollectionFlushed][wal_thread]  is flushed by lsn 0
[2020-12-29 12:46:26,231][INFO][WAL][CollectionFlushed][wal_thread]  is flushed by lsn 0
[2020-12-29 12:46:27,235][INFO][WAL][CollectionFlushed][wal_thread]  is flushed by lsn 0
[2020-12-29 12:46:28,238][INFO][WAL][CollectionFlushed][wal_thread]  is flushed by lsn 0
[2020-12-29 12:46:29,241][INFO][WAL][CollectionFlushed][wal_thread]  is flushed by lsn 0
[2020-12-29 12:46:30,243][INFO][WAL][CollectionFlushed][wal_thread]  is flushed by lsn 0
[2020-12-29 12:46:31,245][INFO][WAL][CollectionFlushed][wal_thread]  is flushed by lsn 0
[2020-12-29 12:46:32,247][INFO][WAL][CollectionFlushed][wal_thread]  is flushed by lsn 0
[2020-12-29 12:46:33,250][INFO][WAL][CollectionFlushed][wal_thread]  is flushed by lsn 0
[2020-12-29 12:46:34,254][INFO][WAL][CollectionFlushed][wal_thread]  is flushed by lsn 0
[2020-12-29 12:46:35,257][INFO][WAL][CollectionFlushed][wal_thread]  is flushed by lsn 0
[2020-12-29 12:46:36,259][INFO][WAL][CollectionFlushed][wal_thread]  is flushed by lsn 0
[2020-12-29 12:46:37,263][INFO][WAL][CollectionFlushed][wal_thread]  is flushed by lsn 0
[2020-12-29 12:46:38,266][INFO][WAL][CollectionFlushed][wal_thread]  is flushed by lsn 0
[2020-12-29 12:46:39,269][INFO][WAL][CollectionFlushed][wal_thread]  is flushed by lsn 0
