[2020-12-24 13:02:27,393][INFO][SERVER][Check][milvus_server] InstanceLockCheck passed.
[2020-12-24 13:02:27,395][INFO][SERVER][Check][milvus_server] InstanceLockCheck passed.
[2020-12-24 13:02:27,397][INFO][SERVER][Start][milvus_server] Milvus Release version: v0.9.1, built at 2020-05-28 17:39.31
[2020-12-24 13:02:27,397][INFO][SERVER][Start][milvus_server] CPU edition
[2020-12-24 13:02:27,415][INFO][SERVER][CheckCpuInstructionSet][milvus_server] Supported CPU instruction sets: avx2, sse4_2
[2020-12-24 13:02:27,432][INFO][SERVER][LogConfigInFile][milvus_server] 

***************Config in file***************

version: 0.4
server_config:
  address: 0.0.0.0
  port: 19530
  deploy_mode: single
  time_zone: UTC+8
  web_enable: true
  web_port: 19121
db_config:
  backend_url: sqlite://:@:/
  preload_collection: ~
  auto_flush_interval: 1
storage_config:
  primary_path: /var/lib/milvus
  secondary_path: ~
  file_cleanup_timeout: 10
metric_config:
  enable_monitor: false
  address: 127.0.0.1
  port: 9091
cache_config:
  cpu_cache_capacity: 1
  insert_buffer_size: 1
  cache_insert_data: false
engine_config:
  use_blas_threshold: 1100
  gpu_search_threshold: 1000
gpu_resource_config:
  enable: false
  cache_capacity: 1
  search_resources:
    - gpu0
  build_index_resources:
    - gpu0
tracing_config:
  json_config_path: ~
wal_config:
  enable: true
  recovery_error_ignore: true
  buffer_size: 256
  wal_path: /var/lib/milvus/wal
logs:
  trace.enable: true
  debug.enable: true
  info.enable: true
  warning.enable: true
  error.enable: true
  fatal.enable: true
  path: /var/lib/milvus/logs
  max_log_file_size: 1024
  log_rotate_num: 0
[2020-12-24 13:02:27,433][INFO][SERVER][LogCpuInfo][milvus_server] 

***************CPU***************

processor	: 7
vendor_id	: GenuineIntel
cpu family	: 6
model		: 142
model name	: Intel(R) Core(TM) i5-8250U CPU @ 1.60GHz
stepping	: 10
microcode	: 0xffffffff
cpu MHz		: 1799.999
cache size	: 6144 KB
physical id	: 0
siblings	: 8
core id		: 3
cpu cores	: 4
apicid		: 7
initial apicid	: 7
fpu		: yes
fpu_exception	: yes
cpuid level	: 21
wp		: yes
flags		: fpu vme de pse tsc msr pae mce cx8 apic sep mtrr pge mca cmov pat pse36 clflush mmx fxsr sse sse2 ss ht syscall nx pdpe1gb rdtscp lm constant_tsc rep_good nopl xtopology cpuid pni pclmulqdq ssse3 fma cx16 pcid sse4_1 sse4_2 movbe popcnt aes xsave avx f16c rdrand hypervisor lahf_lm abm 3dnowprefetch invpcid_single pti ssbd ibrs ibpb stibp fsgsbase bmi1 avx2 smep bmi2 erms invpcid mpx rdseed adx smap clflushopt xsaveopt xsavec xgetbv1 xsaves flush_l1d arch_capabilities
bugs		: cpu_meltdown spectre_v1 spectre_v2 spec_store_bypass l1tf mds swapgs itlb_multihit srbds
bogomips	: 3599.99
clflush size	: 64
cache_alignment	: 64
address sizes	: 39 bits physical, 48 bits virtual
power management:


[2020-12-24 13:02:27,434][INFO][SERVER][LogConfigInMem][milvus_server] 

***************Config in memory***************

{
   "cache_config": {
      "cache_insert_data": "false",
      "cpu_cache_capacity": "1",
      "cpu_cache_threshold": "0.7",
      "insert_buffer_size": "1"
   },
   "db_config": {
      "archive_days_threshold": "0",
      "archive_disk_threshold": "0",
      "auto_flush_interval": "1",
      "backend_url": "sqlite://:@:/",
      "preload_collection": ""
   },
   "engine_config": {
      "omp_thread_num": "0",
      "simd_type": "auto",
      "use_blas_threshold": "1100"
   },
   "logs": {
      "debug.enable": "true",
      "error.enable": "true",
      "fatal.enable": "true",
      "info.enable": "true",
      "log_rotate_num": "0",
      "max_log_file_size": "1024",
      "path": "/var/lib/milvus/logs",
      "trace.enable": "true",
      "warning.enable": "true"
   },
   "metric_config": {
      "address": "127.0.0.1",
      "enable_monitor": "false",
      "port": "9091"
   },
   "server_config": {
      "address": "0.0.0.0",
      "deploy_mode": "single",
      "port": "19530",
      "time_zone": "UTC+8",
      "web_enable": "true",
      "web_port": "19121"
   },
   "storage_config": {
      "primary_path": "/var/lib/milvus",
      "secondary_path": ""
   },
   "tracing_config": {
      "json_config_path": ""
   },
   "wal_config": {
      "buffer_size": "256",
      "enable": "true",
      "recovery_error_ignore": "true",
      "wal_path": "/var/lib/milvus/wal"
   }
}
[2020-12-24 13:02:27,441][INFO][ENGINE][Build][milvus_server] Using SQLite
[2020-12-24 13:02:28,849][INFO][WAL][CollectionFlushed][wal_thread]  is flushed by lsn 0
[2020-12-24 13:02:29,851][INFO][WAL][CollectionFlushed][wal_thread]  is flushed by lsn 0
[2020-12-24 13:02:30,852][INFO][WAL][CollectionFlushed][wal_thread]  is flushed by lsn 0
[2020-12-24 13:02:31,856][INFO][WAL][CollectionFlushed][wal_thread]  is flushed by lsn 0
[2020-12-24 13:02:32,861][INFO][WAL][CollectionFlushed][wal_thread]  is flushed by lsn 0
[2020-12-24 13:02:33,863][INFO][WAL][CollectionFlushed][wal_thread]  is flushed by lsn 0
[2020-12-24 13:02:34,866][INFO][WAL][CollectionFlushed][wal_thread]  is flushed by lsn 0
[2020-12-24 13:02:35,871][INFO][WAL][CollectionFlushed][wal_thread]  is flushed by lsn 0
[2020-12-24 13:02:36,875][INFO][WAL][CollectionFlushed][wal_thread]  is flushed by lsn 0
[2020-12-24 13:02:37,880][INFO][WAL][CollectionFlushed][wal_thread]  is flushed by lsn 0
[2020-12-24 13:02:38,885][INFO][WAL][CollectionFlushed][wal_thread]  is flushed by lsn 0
[2020-12-24 13:02:39,890][INFO][WAL][CollectionFlushed][wal_thread]  is flushed by lsn 0
[2020-12-24 13:02:40,892][INFO][WAL][CollectionFlushed][wal_thread]  is flushed by lsn 0
[2020-12-24 13:02:41,896][INFO][WAL][CollectionFlushed][wal_thread]  is flushed by lsn 0
[2020-12-24 13:02:42,900][INFO][WAL][CollectionFlushed][wal_thread]  is flushed by lsn 0
[2020-12-24 13:02:43,904][INFO][WAL][CollectionFlushed][wal_thread]  is flushed by lsn 0
[2020-12-24 13:02:44,908][INFO][WAL][CollectionFlushed][wal_thread]  is flushed by lsn 0
[2020-12-24 13:02:46,503][INFO][WAL][CollectionFlushed][wal_thread]  is flushed by lsn 0
[2020-12-24 13:02:47,505][INFO][WAL][CollectionFlushed][wal_thread]  is flushed by lsn 0
[2020-12-24 13:02:48,507][INFO][WAL][CollectionFlushed][wal_thread]  is flushed by lsn 0
[2020-12-24 13:02:49,508][INFO][WAL][CollectionFlushed][wal_thread]  is flushed by lsn 0
[2020-12-24 13:02:50,509][INFO][WAL][CollectionFlushed][wal_thread]  is flushed by lsn 0
[2020-12-24 13:02:51,511][INFO][WAL][CollectionFlushed][wal_thread]  is flushed by lsn 0
[2020-12-24 13:02:52,512][INFO][WAL][CollectionFlushed][wal_thread]  is flushed by lsn 0
[2020-12-24 13:02:53,513][INFO][WAL][CollectionFlushed][wal_thread]  is flushed by lsn 0
[2020-12-24 13:02:54,515][INFO][WAL][CollectionFlushed][wal_thread]  is flushed by lsn 0
[2020-12-24 13:02:55,517][INFO][WAL][CollectionFlushed][wal_thread]  is flushed by lsn 0
[2020-12-24 13:02:56,518][INFO][WAL][CollectionFlushed][wal_thread]  is flushed by lsn 0
[2020-12-24 13:02:57,519][INFO][WAL][CollectionFlushed][wal_thread]  is flushed by lsn 0
[2020-12-24 13:02:58,521][INFO][WAL][CollectionFlushed][wal_thread]  is flushed by lsn 0
[2020-12-24 13:02:59,522][INFO][WAL][CollectionFlushed][wal_thread]  is flushed by lsn 0
[2020-12-24 13:03:00,524][INFO][WAL][CollectionFlushed][wal_thread]  is flushed by lsn 0
[2020-12-24 13:03:01,526][INFO][WAL][CollectionFlushed][wal_thread]  is flushed by lsn 0
[2020-12-24 13:03:02,530][INFO][WAL][CollectionFlushed][wal_thread]  is flushed by lsn 0
[2020-12-24 13:03:03,532][INFO][WAL][CollectionFlushed][wal_thread]  is flushed by lsn 0
[2020-12-24 13:03:04,534][INFO][WAL][CollectionFlushed][wal_thread]  is flushed by lsn 0
[2020-12-24 13:03:05,535][INFO][WAL][CollectionFlushed][wal_thread]  is flushed by lsn 0
[2020-12-24 13:03:06,537][INFO][WAL][CollectionFlushed][wal_thread]  is flushed by lsn 0
[2020-12-24 13:03:07,539][INFO][WAL][CollectionFlushed][wal_thread]  is flushed by lsn 0
[2020-12-24 13:03:08,540][INFO][WAL][CollectionFlushed][wal_thread]  is flushed by lsn 0
[2020-12-24 13:03:09,542][INFO][WAL][CollectionFlushed][wal_thread]  is flushed by lsn 0
[2020-12-24 13:03:10,543][INFO][WAL][CollectionFlushed][wal_thread]  is flushed by lsn 0
[2020-12-24 13:03:11,547][INFO][WAL][CollectionFlushed][wal_thread]  is flushed by lsn 0
[2020-12-24 13:03:12,551][INFO][WAL][CollectionFlushed][wal_thread]  is flushed by lsn 0
[2020-12-24 13:03:13,554][INFO][WAL][CollectionFlushed][wal_thread]  is flushed by lsn 0
[2020-12-24 13:03:14,555][INFO][WAL][CollectionFlushed][wal_thread]  is flushed by lsn 0
[2020-12-24 13:03:15,556][INFO][WAL][CollectionFlushed][wal_thread]  is flushed by lsn 0
[2020-12-24 13:03:16,558][INFO][WAL][CollectionFlushed][wal_thread]  is flushed by lsn 0
[2020-12-24 13:03:17,560][INFO][WAL][CollectionFlushed][wal_thread]  is flushed by lsn 0
[2020-12-24 13:03:18,561][INFO][WAL][CollectionFlushed][wal_thread]  is flushed by lsn 0
[2020-12-24 13:03:19,565][INFO][WAL][CollectionFlushed][wal_thread]  is flushed by lsn 0
[2020-12-24 13:03:20,567][INFO][WAL][CollectionFlushed][wal_thread]  is flushed by lsn 0
[2020-12-24 13:03:21,569][INFO][WAL][CollectionFlushed][wal_thread]  is flushed by lsn 0
[2020-12-24 13:03:22,571][INFO][WAL][CollectionFlushed][wal_thread]  is flushed by lsn 0
[2020-12-24 13:03:23,572][INFO][WAL][CollectionFlushed][wal_thread]  is flushed by lsn 0
[2020-12-24 13:03:24,573][INFO][WAL][CollectionFlushed][wal_thread]  is flushed by lsn 0
[2020-12-24 13:03:25,575][INFO][WAL][CollectionFlushed][wal_thread]  is flushed by lsn 0
[2020-12-24 13:03:26,580][INFO][WAL][CollectionFlushed][wal_thread]  is flushed by lsn 0
[2020-12-24 13:03:27,584][INFO][WAL][CollectionFlushed][wal_thread]  is flushed by lsn 0
[2020-12-24 13:03:28,589][INFO][WAL][CollectionFlushed][wal_thread]  is flushed by lsn 0
[2020-12-24 13:03:29,594][INFO][WAL][CollectionFlushed][wal_thread]  is flushed by lsn 0
[2020-12-24 13:03:30,599][INFO][WAL][CollectionFlushed][wal_thread]  is flushed by lsn 0
[2020-12-24 13:03:31,601][INFO][WAL][CollectionFlushed][wal_thread]  is flushed by lsn 0
[2020-12-24 13:03:32,603][INFO][WAL][CollectionFlushed][wal_thread]  is flushed by lsn 0
[2020-12-24 13:03:33,604][INFO][WAL][CollectionFlushed][wal_thread]  is flushed by lsn 0
[2020-12-24 13:03:34,605][INFO][WAL][CollectionFlushed][wal_thread]  is flushed by lsn 0
[2020-12-24 13:03:35,607][INFO][WAL][CollectionFlushed][wal_thread]  is flushed by lsn 0
[2020-12-24 13:03:36,611][INFO][WAL][CollectionFlushed][wal_thread]  is flushed by lsn 0
[2020-12-24 13:03:37,509][INFO][SERVER][Cmd][grpcpp_sync_ser] Request [0] Cmd begin.
[2020-12-24 13:03:37,512][INFO][SERVER][PutToQueue][grpcpp_sync_ser] Create new thread for request group: info
[2020-12-24 13:03:37,515][INFO][SERVER][Cmd][grpcpp_sync_ser] Request [0] Cmd end.
[2020-12-24 13:03:37,553][INFO][SERVER][HasCollection][grpcpp_sync_ser] Request [1] HasCollection begin.
[2020-12-24 13:03:37,558][INFO][SERVER][HasCollection][grpcpp_sync_ser] Request [1] HasCollection end.
[2020-12-24 13:03:37,564][INFO][SERVER][DescribeCollection][grpcpp_sync_ser] Request [2] DescribeCollection begin.
[2020-12-24 13:03:37,568][INFO][SERVER][DescribeCollection][grpcpp_sync_ser] Request [2] DescribeCollection end.
[2020-12-24 13:03:37,599][INFO][SERVER][Insert][grpcpp_sync_ser] Request [3] Insert begin.
[2020-12-24 13:03:37,600][INFO][SERVER][PutToQueue][grpcpp_sync_ser] Create new thread for request group: ddl_dml
[2020-12-24 13:03:37,601][INFO][SERVER][OnExecute][reqsched_thread] [insert][0] Execute insert request.
[2020-12-24 13:03:37,615][INFO][WAL][CollectionFlushed][wal_thread]  is flushed by lsn 0
[2020-12-24 13:03:37,616][INFO][WAL][GetNextRecord][wal_thread] record type 2 collection retina_face lsn 4295157332
[2020-12-24 13:03:37,616][INFO][WAL][Insert][reqsched_thread] [insert][0]retina_face insert in part  with lsn 4295157332
[2020-12-24 13:03:37,630][INFO][SERVER][Insert][grpcpp_sync_ser] Request [3] Insert end.
[2020-12-24 13:03:37,639][INFO][SERVER][Flush][grpcpp_sync_ser] Request [4] Flush begin.
[2020-12-24 13:03:37,766][INFO][WAL][Flush][reqsched_thread] retina_face want to be flush, lsn 4295157332
[2020-12-24 13:03:37,767][INFO][WAL][operator()][wal_thread] record flush collection retina_face lsn 4295157332
[2020-12-24 13:03:38,060][INFO][WAL][CollectionFlushed][wal_thread] retina_face is flushed by lsn 4295157332
[2020-12-24 13:03:38,062][INFO][SERVER][Flush][grpcpp_sync_ser] Request [4] Flush end.
[2020-12-24 13:03:38,066][INFO][SERVER][CountCollection][grpcpp_sync_ser] Request [5] CountCollection begin.
[2020-12-24 13:03:38,070][INFO][SERVER][CountCollection][grpcpp_sync_ser] Request [5] CountCollection end.
[2020-12-24 13:03:38,074][INFO][SERVER][ShowCollectionInfo][grpcpp_sync_ser] Request [6] ShowCollectionInfo begin.
[2020-12-24 13:03:38,128][INFO][SERVER][ShowCollectionInfo][grpcpp_sync_ser] Request [6] ShowCollectionInfo end.
[2020-12-24 13:03:38,133][INFO][SERVER][CreateIndex][grpcpp_sync_ser] Request [7] CreateIndex begin.
[2020-12-24 13:03:38,135][INFO][WAL][Flush][reqsched_thread]  want to be flush, lsn 4295157332
[2020-12-24 13:03:38,135][INFO][WAL][operator()][wal_thread] record flush collection  lsn 4295157332
[2020-12-24 13:03:38,478][INFO][WAL][CollectionFlushed][wal_thread]  is flushed by lsn 0
[2020-12-24 13:03:38,484][INFO][SERVER][CreateIndex][grpcpp_sync_ser] Request [7] CreateIndex end.
[2020-12-24 13:03:38,488][INFO][SERVER][DescribeIndex][grpcpp_sync_ser] Request [8] DescribeIndex begin.
[2020-12-24 13:03:38,489][INFO][SERVER][DescribeIndex][grpcpp_sync_ser] Request [8] DescribeIndex end.
[2020-12-24 13:03:38,493][INFO][SERVER][Search][grpcpp_sync_ser] Request [9] Search begin.
[2020-12-24 13:03:38,494][INFO][SERVER][OnPreExecute][grpcpp_sync_ser] [search][0] Search pre-execute. Check search parameters
[2020-12-24 13:03:38,495][INFO][SERVER][PutToQueue][grpcpp_sync_ser] Create new thread for request group: dql
[2020-12-24 13:03:38,495][INFO][SERVER][OnExecute][reqsched_thread] [search][0] Search execute.
[2020-12-24 13:03:38,527][INFO][SERVER][Search][grpcpp_sync_ser] Request [9] Search end.
[2020-12-24 13:03:39,479][INFO][WAL][CollectionFlushed][wal_thread]  is flushed by lsn 0
[2020-12-24 13:03:40,481][INFO][WAL][CollectionFlushed][wal_thread]  is flushed by lsn 0
[2020-12-24 13:03:41,483][INFO][WAL][CollectionFlushed][wal_thread]  is flushed by lsn 0
[2020-12-24 13:03:42,487][INFO][WAL][CollectionFlushed][wal_thread]  is flushed by lsn 0
[2020-12-24 13:03:43,491][INFO][WAL][CollectionFlushed][wal_thread]  is flushed by lsn 0
[2020-12-24 13:03:44,494][INFO][WAL][CollectionFlushed][wal_thread]  is flushed by lsn 0
[2020-12-24 13:03:45,495][INFO][WAL][CollectionFlushed][wal_thread]  is flushed by lsn 0
[2020-12-24 13:03:46,498][INFO][WAL][CollectionFlushed][wal_thread]  is flushed by lsn 0
[2020-12-24 13:03:47,502][INFO][WAL][CollectionFlushed][wal_thread]  is flushed by lsn 0
[2020-12-24 13:03:48,506][INFO][WAL][CollectionFlushed][wal_thread]  is flushed by lsn 0
[2020-12-24 13:03:49,510][INFO][WAL][CollectionFlushed][wal_thread]  is flushed by lsn 0
[2020-12-24 13:03:50,514][INFO][WAL][CollectionFlushed][wal_thread]  is flushed by lsn 0
[2020-12-24 13:03:51,516][INFO][WAL][CollectionFlushed][wal_thread]  is flushed by lsn 0
[2020-12-24 13:03:52,519][INFO][WAL][CollectionFlushed][wal_thread]  is flushed by lsn 0
[2020-12-24 13:03:53,523][INFO][WAL][CollectionFlushed][wal_thread]  is flushed by lsn 0
[2020-12-24 13:03:54,527][INFO][WAL][CollectionFlushed][wal_thread]  is flushed by lsn 0
[2020-12-24 13:03:55,531][INFO][WAL][CollectionFlushed][wal_thread]  is flushed by lsn 0
[2020-12-24 13:03:56,535][INFO][WAL][CollectionFlushed][wal_thread]  is flushed by lsn 0
[2020-12-24 13:03:57,539][INFO][WAL][CollectionFlushed][wal_thread]  is flushed by lsn 0
[2020-12-24 13:03:58,543][INFO][WAL][CollectionFlushed][wal_thread]  is flushed by lsn 0
[2020-12-24 13:03:59,547][INFO][WAL][CollectionFlushed][wal_thread]  is flushed by lsn 0
[2020-12-24 13:04:00,551][INFO][WAL][CollectionFlushed][wal_thread]  is flushed by lsn 0
[2020-12-24 13:04:01,555][INFO][WAL][CollectionFlushed][wal_thread]  is flushed by lsn 0
[2020-12-24 13:04:02,557][INFO][WAL][CollectionFlushed][wal_thread]  is flushed by lsn 0
[2020-12-24 13:04:03,560][INFO][WAL][CollectionFlushed][wal_thread]  is flushed by lsn 0
[2020-12-24 13:04:04,564][INFO][WAL][CollectionFlushed][wal_thread]  is flushed by lsn 0
[2020-12-24 13:04:05,568][INFO][WAL][CollectionFlushed][wal_thread]  is flushed by lsn 0
[2020-12-24 13:04:06,572][INFO][WAL][CollectionFlushed][wal_thread]  is flushed by lsn 0
[2020-12-24 13:04:07,576][INFO][WAL][CollectionFlushed][wal_thread]  is flushed by lsn 0
[2020-12-24 13:04:08,580][INFO][WAL][CollectionFlushed][wal_thread]  is flushed by lsn 0
[2020-12-24 13:04:09,584][INFO][WAL][CollectionFlushed][wal_thread]  is flushed by lsn 0
[2020-12-24 13:04:10,588][INFO][WAL][CollectionFlushed][wal_thread]  is flushed by lsn 0
[2020-12-24 13:04:11,591][INFO][WAL][CollectionFlushed][wal_thread]  is flushed by lsn 0
[2020-12-24 13:04:12,594][INFO][WAL][CollectionFlushed][wal_thread]  is flushed by lsn 0
[2020-12-24 13:04:13,596][INFO][WAL][CollectionFlushed][wal_thread]  is flushed by lsn 0
[2020-12-24 13:04:14,599][INFO][WAL][CollectionFlushed][wal_thread]  is flushed by lsn 0
[2020-12-24 13:04:15,604][INFO][WAL][CollectionFlushed][wal_thread]  is flushed by lsn 0
[2020-12-24 13:04:16,608][INFO][WAL][CollectionFlushed][wal_thread]  is flushed by lsn 0
[2020-12-24 13:04:17,612][INFO][WAL][CollectionFlushed][wal_thread]  is flushed by lsn 0
[2020-12-24 13:04:18,616][INFO][WAL][CollectionFlushed][wal_thread]  is flushed by lsn 0
[2020-12-24 13:04:19,620][INFO][WAL][CollectionFlushed][wal_thread]  is flushed by lsn 0
[2020-12-24 13:04:20,624][INFO][WAL][CollectionFlushed][wal_thread]  is flushed by lsn 0
[2020-12-24 13:04:21,628][INFO][WAL][CollectionFlushed][wal_thread]  is flushed by lsn 0
[2020-12-24 13:04:22,631][INFO][WAL][CollectionFlushed][wal_thread]  is flushed by lsn 0
[2020-12-24 13:04:23,633][INFO][WAL][CollectionFlushed][wal_thread]  is flushed by lsn 0
[2020-12-24 13:04:24,636][INFO][WAL][CollectionFlushed][wal_thread]  is flushed by lsn 0
[2020-12-24 13:04:25,638][INFO][WAL][CollectionFlushed][wal_thread]  is flushed by lsn 0
[2020-12-24 13:04:26,639][INFO][WAL][CollectionFlushed][wal_thread]  is flushed by lsn 0
[2020-12-24 13:04:27,640][INFO][WAL][CollectionFlushed][wal_thread]  is flushed by lsn 0
[2020-12-24 13:04:28,642][INFO][WAL][CollectionFlushed][wal_thread]  is flushed by lsn 0
[2020-12-24 13:04:29,644][INFO][WAL][CollectionFlushed][wal_thread]  is flushed by lsn 0
[2020-12-24 13:04:30,645][INFO][WAL][CollectionFlushed][wal_thread]  is flushed by lsn 0
[2020-12-24 13:04:31,647][INFO][WAL][CollectionFlushed][wal_thread]  is flushed by lsn 0
[2020-12-24 13:04:32,649][INFO][WAL][CollectionFlushed][wal_thread]  is flushed by lsn 0
[2020-12-24 13:04:33,650][INFO][WAL][CollectionFlushed][wal_thread]  is flushed by lsn 0
[2020-12-24 13:04:34,651][INFO][WAL][CollectionFlushed][wal_thread]  is flushed by lsn 0
[2020-12-24 13:04:35,652][INFO][WAL][CollectionFlushed][wal_thread]  is flushed by lsn 0
[2020-12-24 13:04:36,653][INFO][WAL][CollectionFlushed][wal_thread]  is flushed by lsn 0
[2020-12-24 13:04:42,889][INFO][WAL][CollectionFlushed][wal_thread]  is flushed by lsn 0
[2020-12-24 13:04:43,899][INFO][WAL][CollectionFlushed][wal_thread]  is flushed by lsn 0
[2020-12-24 13:04:44,901][INFO][WAL][CollectionFlushed][wal_thread]  is flushed by lsn 0
[2020-12-24 13:04:57,618][INFO][WAL][CollectionFlushed][wal_thread]  is flushed by lsn 0
[2020-12-25 09:17:49,200][INFO][WAL][CollectionFlushed][wal_thread]  is flushed by lsn 0
[2020-12-25 09:17:50,210][INFO][WAL][CollectionFlushed][wal_thread]  is flushed by lsn 0
[2020-12-25 09:17:51,211][INFO][WAL][CollectionFlushed][wal_thread]  is flushed by lsn 0
[2020-12-25 09:17:52,212][INFO][WAL][CollectionFlushed][wal_thread]  is flushed by lsn 0
[2020-12-25 09:17:53,250][INFO][WAL][CollectionFlushed][wal_thread]  is flushed by lsn 0
[2020-12-25 09:17:54,261][INFO][WAL][CollectionFlushed][wal_thread]  is flushed by lsn 0
[2020-12-25 09:17:55,262][INFO][WAL][CollectionFlushed][wal_thread]  is flushed by lsn 0
[2020-12-25 09:17:56,263][INFO][WAL][CollectionFlushed][wal_thread]  is flushed by lsn 0
[2020-12-25 09:17:57,264][INFO][WAL][CollectionFlushed][wal_thread]  is flushed by lsn 0
[2020-12-25 09:17:58,266][INFO][WAL][CollectionFlushed][wal_thread]  is flushed by lsn 0
[2020-12-25 09:17:59,268][INFO][WAL][CollectionFlushed][wal_thread]  is flushed by lsn 0
[2020-12-25 09:18:00,270][INFO][WAL][CollectionFlushed][wal_thread]  is flushed by lsn 0
[2020-12-25 09:18:01,271][INFO][WAL][CollectionFlushed][wal_thread]  is flushed by lsn 0
[2020-12-25 09:18:02,273][INFO][WAL][CollectionFlushed][wal_thread]  is flushed by lsn 0
[2020-12-25 09:18:03,274][INFO][WAL][CollectionFlushed][wal_thread]  is flushed by lsn 0
[2020-12-25 09:18:04,276][INFO][WAL][CollectionFlushed][wal_thread]  is flushed by lsn 0
[2020-12-25 09:18:05,278][INFO][WAL][CollectionFlushed][wal_thread]  is flushed by lsn 0
[2020-12-25 09:18:06,279][INFO][WAL][CollectionFlushed][wal_thread]  is flushed by lsn 0
[2020-12-25 09:18:07,281][INFO][WAL][CollectionFlushed][wal_thread]  is flushed by lsn 0
[2020-12-25 09:18:08,283][INFO][WAL][CollectionFlushed][wal_thread]  is flushed by lsn 0
[2020-12-25 09:18:09,284][INFO][WAL][CollectionFlushed][wal_thread]  is flushed by lsn 0
[2020-12-25 09:18:10,286][INFO][WAL][CollectionFlushed][wal_thread]  is flushed by lsn 0
[2020-12-25 09:18:11,287][INFO][WAL][CollectionFlushed][wal_thread]  is flushed by lsn 0
[2020-12-25 09:18:12,289][INFO][WAL][CollectionFlushed][wal_thread]  is flushed by lsn 0
[2020-12-25 09:18:13,291][INFO][WAL][CollectionFlushed][wal_thread]  is flushed by lsn 0
[2020-12-25 09:18:14,293][INFO][WAL][CollectionFlushed][wal_thread]  is flushed by lsn 0
[2020-12-25 09:18:15,294][INFO][WAL][CollectionFlushed][wal_thread]  is flushed by lsn 0
[2020-12-25 09:18:16,296][INFO][WAL][CollectionFlushed][wal_thread]  is flushed by lsn 0
[2020-12-25 09:18:17,297][INFO][WAL][CollectionFlushed][wal_thread]  is flushed by lsn 0
[2020-12-25 09:18:18,299][INFO][WAL][CollectionFlushed][wal_thread]  is flushed by lsn 0
[2020-12-25 09:18:19,301][INFO][WAL][CollectionFlushed][wal_thread]  is flushed by lsn 0
[2020-12-25 09:18:20,302][INFO][WAL][CollectionFlushed][wal_thread]  is flushed by lsn 0
[2020-12-25 09:18:21,304][INFO][WAL][CollectionFlushed][wal_thread]  is flushed by lsn 0
[2020-12-25 09:18:22,305][INFO][WAL][CollectionFlushed][wal_thread]  is flushed by lsn 0
[2020-12-25 09:18:23,306][INFO][WAL][CollectionFlushed][wal_thread]  is flushed by lsn 0
[2020-12-25 09:18:24,308][INFO][WAL][CollectionFlushed][wal_thread]  is flushed by lsn 0
[2020-12-25 09:18:25,309][INFO][WAL][CollectionFlushed][wal_thread]  is flushed by lsn 0
[2020-12-25 09:18:26,310][INFO][WAL][CollectionFlushed][wal_thread]  is flushed by lsn 0
[2020-12-25 09:18:27,312][INFO][WAL][CollectionFlushed][wal_thread]  is flushed by lsn 0
[2020-12-25 09:18:28,314][INFO][WAL][CollectionFlushed][wal_thread]  is flushed by lsn 0
[2020-12-25 09:18:29,315][INFO][WAL][CollectionFlushed][wal_thread]  is flushed by lsn 0
[2020-12-25 09:18:30,317][INFO][WAL][CollectionFlushed][wal_thread]  is flushed by lsn 0
[2020-12-25 09:18:31,318][INFO][WAL][CollectionFlushed][wal_thread]  is flushed by lsn 0
[2020-12-25 09:18:32,320][INFO][WAL][CollectionFlushed][wal_thread]  is flushed by lsn 0
[2020-12-25 09:18:33,321][INFO][WAL][CollectionFlushed][wal_thread]  is flushed by lsn 0
[2020-12-25 09:18:34,323][INFO][WAL][CollectionFlushed][wal_thread]  is flushed by lsn 0
[2020-12-25 09:18:35,325][INFO][WAL][CollectionFlushed][wal_thread]  is flushed by lsn 0
[2020-12-25 09:18:36,326][INFO][WAL][CollectionFlushed][wal_thread]  is flushed by lsn 0
[2020-12-25 09:18:37,328][INFO][WAL][CollectionFlushed][wal_thread]  is flushed by lsn 0
[2020-12-25 09:18:38,329][INFO][WAL][CollectionFlushed][wal_thread]  is flushed by lsn 0
[2020-12-25 09:18:39,331][INFO][WAL][CollectionFlushed][wal_thread]  is flushed by lsn 0
[2020-12-25 09:18:40,333][INFO][WAL][CollectionFlushed][wal_thread]  is flushed by lsn 0
[2020-12-25 09:18:41,335][INFO][WAL][CollectionFlushed][wal_thread]  is flushed by lsn 0
[2020-12-25 09:18:42,337][INFO][WAL][CollectionFlushed][wal_thread]  is flushed by lsn 0
[2020-12-25 09:18:43,339][INFO][WAL][CollectionFlushed][wal_thread]  is flushed by lsn 0
[2020-12-25 09:18:44,341][INFO][WAL][CollectionFlushed][wal_thread]  is flushed by lsn 0
[2020-12-25 09:18:45,343][INFO][WAL][CollectionFlushed][wal_thread]  is flushed by lsn 0
[2020-12-25 09:18:46,345][INFO][WAL][CollectionFlushed][wal_thread]  is flushed by lsn 0
[2020-12-25 09:18:47,346][INFO][WAL][CollectionFlushed][wal_thread]  is flushed by lsn 0
[2020-12-25 09:18:48,348][INFO][WAL][CollectionFlushed][wal_thread]  is flushed by lsn 0
[2020-12-25 09:18:49,350][INFO][WAL][CollectionFlushed][wal_thread]  is flushed by lsn 0
[2020-12-25 09:18:50,351][INFO][WAL][CollectionFlushed][wal_thread]  is flushed by lsn 0
[2020-12-25 09:18:51,353][INFO][WAL][CollectionFlushed][wal_thread]  is flushed by lsn 0
[2020-12-25 09:18:52,355][INFO][WAL][CollectionFlushed][wal_thread]  is flushed by lsn 0
[2020-12-25 09:18:53,357][INFO][WAL][CollectionFlushed][wal_thread]  is flushed by lsn 0
[2020-12-25 09:18:54,358][INFO][WAL][CollectionFlushed][wal_thread]  is flushed by lsn 0
[2020-12-25 09:18:55,359][INFO][WAL][CollectionFlushed][wal_thread]  is flushed by lsn 0
[2020-12-25 09:18:56,361][INFO][WAL][CollectionFlushed][wal_thread]  is flushed by lsn 0
[2020-12-25 09:18:57,362][INFO][WAL][CollectionFlushed][wal_thread]  is flushed by lsn 0
[2020-12-25 09:18:58,363][INFO][WAL][CollectionFlushed][wal_thread]  is flushed by lsn 0
[2020-12-25 09:18:59,364][INFO][WAL][CollectionFlushed][wal_thread]  is flushed by lsn 0
[2020-12-25 09:19:00,366][INFO][WAL][CollectionFlushed][wal_thread]  is flushed by lsn 0
[2020-12-25 09:19:01,368][INFO][WAL][CollectionFlushed][wal_thread]  is flushed by lsn 0
[2020-12-25 09:19:02,370][INFO][WAL][CollectionFlushed][wal_thread]  is flushed by lsn 0
[2020-12-25 09:19:03,371][INFO][WAL][CollectionFlushed][wal_thread]  is flushed by lsn 0
[2020-12-25 09:19:04,374][INFO][WAL][CollectionFlushed][wal_thread]  is flushed by lsn 0
[2020-12-25 09:19:05,375][INFO][WAL][CollectionFlushed][wal_thread]  is flushed by lsn 0
[2020-12-25 09:19:06,377][INFO][WAL][CollectionFlushed][wal_thread]  is flushed by lsn 0
[2020-12-25 09:19:07,379][INFO][WAL][CollectionFlushed][wal_thread]  is flushed by lsn 0
[2020-12-25 09:19:08,381][INFO][WAL][CollectionFlushed][wal_thread]  is flushed by lsn 0
[2020-12-25 09:19:09,383][INFO][WAL][CollectionFlushed][wal_thread]  is flushed by lsn 0
[2020-12-25 09:19:10,384][INFO][WAL][CollectionFlushed][wal_thread]  is flushed by lsn 0
[2020-12-25 09:19:11,385][INFO][WAL][CollectionFlushed][wal_thread]  is flushed by lsn 0
[2020-12-25 09:19:12,387][INFO][WAL][CollectionFlushed][wal_thread]  is flushed by lsn 0
[2020-12-25 09:19:13,389][INFO][WAL][CollectionFlushed][wal_thread]  is flushed by lsn 0
[2020-12-25 09:19:14,390][INFO][WAL][CollectionFlushed][wal_thread]  is flushed by lsn 0
[2020-12-25 09:19:15,392][INFO][WAL][CollectionFlushed][wal_thread]  is flushed by lsn 0
[2020-12-25 09:19:16,394][INFO][WAL][CollectionFlushed][wal_thread]  is flushed by lsn 0
[2020-12-25 09:19:17,396][INFO][WAL][CollectionFlushed][wal_thread]  is flushed by lsn 0
[2020-12-25 09:19:18,398][INFO][WAL][CollectionFlushed][wal_thread]  is flushed by lsn 0
[2020-12-25 09:19:19,402][INFO][WAL][CollectionFlushed][wal_thread]  is flushed by lsn 0
[2020-12-25 09:19:20,407][INFO][WAL][CollectionFlushed][wal_thread]  is flushed by lsn 0
[2020-12-25 09:19:21,411][INFO][WAL][CollectionFlushed][wal_thread]  is flushed by lsn 0
[2020-12-25 09:19:22,415][INFO][WAL][CollectionFlushed][wal_thread]  is flushed by lsn 0
[2020-12-25 09:19:23,417][INFO][WAL][CollectionFlushed][wal_thread]  is flushed by lsn 0
[2020-12-25 09:19:24,421][INFO][WAL][CollectionFlushed][wal_thread]  is flushed by lsn 0
[2020-12-25 09:19:25,423][INFO][WAL][CollectionFlushed][wal_thread]  is flushed by lsn 0
[2020-12-25 09:19:26,426][INFO][WAL][CollectionFlushed][wal_thread]  is flushed by lsn 0
[2020-12-25 09:19:27,428][INFO][WAL][CollectionFlushed][wal_thread]  is flushed by lsn 0
[2020-12-25 09:19:28,431][INFO][WAL][CollectionFlushed][wal_thread]  is flushed by lsn 0
[2020-12-25 09:19:29,433][INFO][WAL][CollectionFlushed][wal_thread]  is flushed by lsn 0
[2020-12-25 09:19:30,434][INFO][WAL][CollectionFlushed][wal_thread]  is flushed by lsn 0
[2020-12-25 09:19:31,436][INFO][WAL][CollectionFlushed][wal_thread]  is flushed by lsn 0
[2020-12-25 09:19:32,437][INFO][WAL][CollectionFlushed][wal_thread]  is flushed by lsn 0
[2020-12-25 09:19:33,438][INFO][WAL][CollectionFlushed][wal_thread]  is flushed by lsn 0
[2020-12-25 09:19:34,439][INFO][WAL][CollectionFlushed][wal_thread]  is flushed by lsn 0
[2020-12-25 09:19:35,440][INFO][WAL][CollectionFlushed][wal_thread]  is flushed by lsn 0
[2020-12-25 09:19:36,441][INFO][WAL][CollectionFlushed][wal_thread]  is flushed by lsn 0
[2020-12-25 09:19:37,444][INFO][WAL][CollectionFlushed][wal_thread]  is flushed by lsn 0
[2020-12-25 09:19:38,445][INFO][WAL][CollectionFlushed][wal_thread]  is flushed by lsn 0
[2020-12-25 09:19:39,449][INFO][WAL][CollectionFlushed][wal_thread]  is flushed by lsn 0
[2020-12-25 09:19:40,452][INFO][WAL][CollectionFlushed][wal_thread]  is flushed by lsn 0
[2020-12-25 09:19:41,453][INFO][WAL][CollectionFlushed][wal_thread]  is flushed by lsn 0
[2020-12-25 09:19:42,455][INFO][WAL][CollectionFlushed][wal_thread]  is flushed by lsn 0
[2020-12-25 09:19:43,457][INFO][WAL][CollectionFlushed][wal_thread]  is flushed by lsn 0
[2020-12-25 09:19:44,458][INFO][WAL][CollectionFlushed][wal_thread]  is flushed by lsn 0
[2020-12-25 09:19:45,460][INFO][WAL][CollectionFlushed][wal_thread]  is flushed by lsn 0
[2020-12-25 09:19:46,462][INFO][WAL][CollectionFlushed][wal_thread]  is flushed by lsn 0
[2020-12-25 09:19:47,464][INFO][WAL][CollectionFlushed][wal_thread]  is flushed by lsn 0
[2020-12-25 09:19:48,467][INFO][WAL][CollectionFlushed][wal_thread]  is flushed by lsn 0
[2020-12-25 09:19:49,469][INFO][WAL][CollectionFlushed][wal_thread]  is flushed by lsn 0
[2020-12-25 09:19:50,473][INFO][WAL][CollectionFlushed][wal_thread]  is flushed by lsn 0
[2020-12-25 09:19:51,475][INFO][WAL][CollectionFlushed][wal_thread]  is flushed by lsn 0
[2020-12-25 09:19:52,477][INFO][WAL][CollectionFlushed][wal_thread]  is flushed by lsn 0
[2020-12-25 09:19:53,478][INFO][WAL][CollectionFlushed][wal_thread]  is flushed by lsn 0
[2020-12-25 09:19:54,481][INFO][WAL][CollectionFlushed][wal_thread]  is flushed by lsn 0
[2020-12-25 09:19:55,484][INFO][WAL][CollectionFlushed][wal_thread]  is flushed by lsn 0
[2020-12-25 09:19:56,486][INFO][WAL][CollectionFlushed][wal_thread]  is flushed by lsn 0
[2020-12-25 09:19:57,488][INFO][WAL][CollectionFlushed][wal_thread]  is flushed by lsn 0
[2020-12-25 09:19:58,491][INFO][WAL][CollectionFlushed][wal_thread]  is flushed by lsn 0
[2020-12-25 09:19:59,495][INFO][WAL][CollectionFlushed][wal_thread]  is flushed by lsn 0
[2020-12-25 09:20:00,498][INFO][WAL][CollectionFlushed][wal_thread]  is flushed by lsn 0
[2020-12-25 09:20:01,499][INFO][WAL][CollectionFlushed][wal_thread]  is flushed by lsn 0
[2020-12-25 09:20:02,501][INFO][WAL][CollectionFlushed][wal_thread]  is flushed by lsn 0
[2020-12-25 09:20:03,504][INFO][WAL][CollectionFlushed][wal_thread]  is flushed by lsn 0
[2020-12-25 09:20:04,506][INFO][WAL][CollectionFlushed][wal_thread]  is flushed by lsn 0
[2020-12-25 09:20:05,509][INFO][WAL][CollectionFlushed][wal_thread]  is flushed by lsn 0
[2020-12-25 09:20:06,513][INFO][WAL][CollectionFlushed][wal_thread]  is flushed by lsn 0
