[2020-12-26 11:56:55,407][INFO][SERVER][Check][milvus_server] InstanceLockCheck passed.
[2020-12-26 11:56:55,411][INFO][SERVER][Check][milvus_server] InstanceLockCheck passed.
[2020-12-26 11:56:55,412][INFO][SERVER][Start][milvus_server] Milvus Release version: v0.9.1, built at 2020-05-28 17:39.31
[2020-12-26 11:56:55,412][INFO][SERVER][Start][milvus_server] CPU edition
[2020-12-26 11:56:55,413][INFO][SERVER][CheckCpuInstructionSet][milvus_server] Supported CPU instruction sets: avx2, sse4_2
[2020-12-26 11:56:55,448][INFO][SERVER][LogConfigInFile][milvus_server] 

***************Config in file***************

version: 0.4
server_config:
  address: 0.0.0.0
  port: 19530
  deploy_mode: single
  time_zone: UTC+8
  web_enable: true
  web_port: 19121
db_config:
  backend_url: sqlite://:@:/
  preload_collection: ~
  auto_flush_interval: 1
storage_config:
  primary_path: /var/lib/milvus
  secondary_path: ~
  file_cleanup_timeout: 10
metric_config:
  enable_monitor: false
  address: 127.0.0.1
  port: 9091
cache_config:
  cpu_cache_capacity: 1
  insert_buffer_size: 1
  cache_insert_data: false
engine_config:
  use_blas_threshold: 1100
  gpu_search_threshold: 1000
gpu_resource_config:
  enable: false
  cache_capacity: 1
  search_resources:
    - gpu0
  build_index_resources:
    - gpu0
tracing_config:
  json_config_path: ~
wal_config:
  enable: true
  recovery_error_ignore: true
  buffer_size: 256
  wal_path: /var/lib/milvus/wal
logs:
  trace.enable: true
  debug.enable: true
  info.enable: true
  warning.enable: true
  error.enable: true
  fatal.enable: true
  path: /var/lib/milvus/logs
  max_log_file_size: 1024
  log_rotate_num: 0
[2020-12-26 11:56:55,449][INFO][SERVER][LogCpuInfo][milvus_server] 

***************CPU***************

processor	: 1
vendor_id	: GenuineIntel
cpu family	: 6
model		: 142
model name	: Intel(R) Core(TM) i5-8250U CPU @ 1.60GHz
stepping	: 10
microcode	: 0xffffffff
cpu MHz		: 1800.000
cache size	: 6144 KB
physical id	: 0
siblings	: 2
core id		: 0
cpu cores	: 1
apicid		: 1
initial apicid	: 1
fpu		: yes
fpu_exception	: yes
cpuid level	: 21
wp		: yes
flags		: fpu vme de pse tsc msr pae mce cx8 apic sep mtrr pge mca cmov pat pse36 clflush mmx fxsr sse sse2 ss ht syscall nx pdpe1gb rdtscp lm constant_tsc rep_good nopl xtopology cpuid pni pclmulqdq ssse3 fma cx16 pcid sse4_1 sse4_2 movbe popcnt aes xsave avx f16c rdrand hypervisor lahf_lm abm 3dnowprefetch invpcid_single ssbd ibrs ibpb stibp fsgsbase bmi1 avx2 smep bmi2 erms invpcid mpx rdseed adx smap clflushopt xsaveopt xsavec xgetbv1 xsaves flush_l1d arch_capabilities
bugs		: cpu_meltdown spectre_v1 spectre_v2 spec_store_bypass l1tf mds swapgs itlb_multihit
bogomips	: 3600.00
clflush size	: 64
cache_alignment	: 64
address sizes	: 39 bits physical, 48 bits virtual
power management:


[2020-12-26 11:56:55,450][INFO][SERVER][LogConfigInMem][milvus_server] 

***************Config in memory***************

{
   "cache_config": {
      "cache_insert_data": "false",
      "cpu_cache_capacity": "1",
      "cpu_cache_threshold": "0.7",
      "insert_buffer_size": "1"
   },
   "db_config": {
      "archive_days_threshold": "0",
      "archive_disk_threshold": "0",
      "auto_flush_interval": "1",
      "backend_url": "sqlite://:@:/",
      "preload_collection": ""
   },
   "engine_config": {
      "omp_thread_num": "0",
      "simd_type": "auto",
      "use_blas_threshold": "1100"
   },
   "logs": {
      "debug.enable": "true",
      "error.enable": "true",
      "fatal.enable": "true",
      "info.enable": "true",
      "log_rotate_num": "0",
      "max_log_file_size": "1024",
      "path": "/var/lib/milvus/logs",
      "trace.enable": "true",
      "warning.enable": "true"
   },
   "metric_config": {
      "address": "127.0.0.1",
      "enable_monitor": "false",
      "port": "9091"
   },
   "server_config": {
      "address": "0.0.0.0",
      "deploy_mode": "single",
      "port": "19530",
      "time_zone": "UTC+8",
      "web_enable": "true",
      "web_port": "19121"
   },
   "storage_config": {
      "primary_path": "/var/lib/milvus",
      "secondary_path": ""
   },
   "tracing_config": {
      "json_config_path": ""
   },
   "wal_config": {
      "buffer_size": "256",
      "enable": "true",
      "recovery_error_ignore": "true",
      "wal_path": "/var/lib/milvus/wal"
   }
}
[2020-12-26 11:56:55,472][INFO][ENGINE][Build][milvus_server] Using SQLite
[2020-12-26 11:56:57,182][INFO][WAL][CollectionFlushed][wal_thread]  is flushed by lsn 0
[2020-12-26 11:56:58,183][INFO][WAL][CollectionFlushed][wal_thread]  is flushed by lsn 0
[2020-12-26 11:56:59,184][INFO][WAL][CollectionFlushed][wal_thread]  is flushed by lsn 0
[2020-12-26 11:57:00,185][INFO][WAL][CollectionFlushed][wal_thread]  is flushed by lsn 0
[2020-12-26 11:57:01,186][INFO][WAL][CollectionFlushed][wal_thread]  is flushed by lsn 0
[2020-12-26 11:57:02,186][INFO][WAL][CollectionFlushed][wal_thread]  is flushed by lsn 0
[2020-12-26 11:57:03,187][INFO][WAL][CollectionFlushed][wal_thread]  is flushed by lsn 0
[2020-12-26 11:57:04,188][INFO][WAL][CollectionFlushed][wal_thread]  is flushed by lsn 0
[2020-12-26 11:57:05,190][INFO][WAL][CollectionFlushed][wal_thread]  is flushed by lsn 0
[2020-12-26 11:57:06,191][INFO][WAL][CollectionFlushed][wal_thread]  is flushed by lsn 0
[2020-12-26 11:57:07,192][INFO][WAL][CollectionFlushed][wal_thread]  is flushed by lsn 0
[2020-12-26 11:57:08,193][INFO][WAL][CollectionFlushed][wal_thread]  is flushed by lsn 0
[2020-12-26 11:57:09,194][INFO][WAL][CollectionFlushed][wal_thread]  is flushed by lsn 0
[2020-12-26 11:57:10,195][INFO][WAL][CollectionFlushed][wal_thread]  is flushed by lsn 0
[2020-12-26 11:57:11,196][INFO][WAL][CollectionFlushed][wal_thread]  is flushed by lsn 0
[2020-12-26 11:57:12,197][INFO][WAL][CollectionFlushed][wal_thread]  is flushed by lsn 0
[2020-12-26 11:57:13,198][INFO][WAL][CollectionFlushed][wal_thread]  is flushed by lsn 0
[2020-12-26 11:57:14,199][INFO][WAL][CollectionFlushed][wal_thread]  is flushed by lsn 0
[2020-12-26 11:57:15,200][INFO][WAL][CollectionFlushed][wal_thread]  is flushed by lsn 0
[2020-12-26 11:57:16,201][INFO][WAL][CollectionFlushed][wal_thread]  is flushed by lsn 0
[2020-12-26 11:57:17,202][INFO][WAL][CollectionFlushed][wal_thread]  is flushed by lsn 0
[2020-12-26 11:57:18,202][INFO][WAL][CollectionFlushed][wal_thread]  is flushed by lsn 0
[2020-12-26 11:57:19,203][INFO][WAL][CollectionFlushed][wal_thread]  is flushed by lsn 0
[2020-12-26 11:57:20,204][INFO][WAL][CollectionFlushed][wal_thread]  is flushed by lsn 0
[2020-12-26 11:57:21,205][INFO][WAL][CollectionFlushed][wal_thread]  is flushed by lsn 0
[2020-12-26 11:57:22,206][INFO][WAL][CollectionFlushed][wal_thread]  is flushed by lsn 0
[2020-12-26 11:57:23,207][INFO][WAL][CollectionFlushed][wal_thread]  is flushed by lsn 0
[2020-12-26 11:57:24,207][INFO][WAL][CollectionFlushed][wal_thread]  is flushed by lsn 0
[2020-12-26 11:57:25,208][INFO][WAL][CollectionFlushed][wal_thread]  is flushed by lsn 0
[2020-12-26 11:57:26,210][INFO][WAL][CollectionFlushed][wal_thread]  is flushed by lsn 0
[2020-12-26 11:57:27,211][INFO][WAL][CollectionFlushed][wal_thread]  is flushed by lsn 0
[2020-12-26 11:57:28,212][INFO][WAL][CollectionFlushed][wal_thread]  is flushed by lsn 0
[2020-12-26 11:57:29,213][INFO][WAL][CollectionFlushed][wal_thread]  is flushed by lsn 0
[2020-12-26 11:57:30,214][INFO][WAL][CollectionFlushed][wal_thread]  is flushed by lsn 0
[2020-12-26 11:57:31,215][INFO][WAL][CollectionFlushed][wal_thread]  is flushed by lsn 0
[2020-12-26 11:57:32,216][INFO][WAL][CollectionFlushed][wal_thread]  is flushed by lsn 0
[2020-12-26 11:57:33,217][INFO][WAL][CollectionFlushed][wal_thread]  is flushed by lsn 0
[2020-12-26 11:57:34,218][INFO][WAL][CollectionFlushed][wal_thread]  is flushed by lsn 0
[2020-12-26 11:57:35,219][INFO][WAL][CollectionFlushed][wal_thread]  is flushed by lsn 0
[2020-12-26 11:57:36,220][INFO][WAL][CollectionFlushed][wal_thread]  is flushed by lsn 0
[2020-12-26 11:57:37,221][INFO][WAL][CollectionFlushed][wal_thread]  is flushed by lsn 0
[2020-12-26 11:57:38,222][INFO][WAL][CollectionFlushed][wal_thread]  is flushed by lsn 0
[2020-12-26 11:57:39,223][INFO][WAL][CollectionFlushed][wal_thread]  is flushed by lsn 0
[2020-12-26 11:57:40,224][INFO][WAL][CollectionFlushed][wal_thread]  is flushed by lsn 0
[2020-12-26 11:57:41,225][INFO][WAL][CollectionFlushed][wal_thread]  is flushed by lsn 0
[2020-12-26 11:57:42,226][INFO][WAL][CollectionFlushed][wal_thread]  is flushed by lsn 0
[2020-12-26 11:57:43,227][INFO][WAL][CollectionFlushed][wal_thread]  is flushed by lsn 0
[2020-12-26 11:57:44,228][INFO][WAL][CollectionFlushed][wal_thread]  is flushed by lsn 0
[2020-12-26 11:57:45,229][INFO][WAL][CollectionFlushed][wal_thread]  is flushed by lsn 0
[2020-12-26 11:57:46,230][INFO][WAL][CollectionFlushed][wal_thread]  is flushed by lsn 0
[2020-12-26 11:57:47,232][INFO][WAL][CollectionFlushed][wal_thread]  is flushed by lsn 0
[2020-12-26 11:57:48,233][INFO][WAL][CollectionFlushed][wal_thread]  is flushed by lsn 0
[2020-12-26 11:57:49,234][INFO][WAL][CollectionFlushed][wal_thread]  is flushed by lsn 0
[2020-12-26 11:57:50,235][INFO][WAL][CollectionFlushed][wal_thread]  is flushed by lsn 0
[2020-12-26 11:57:51,236][INFO][WAL][CollectionFlushed][wal_thread]  is flushed by lsn 0
[2020-12-26 11:57:52,237][INFO][WAL][CollectionFlushed][wal_thread]  is flushed by lsn 0
[2020-12-26 11:57:53,238][INFO][WAL][CollectionFlushed][wal_thread]  is flushed by lsn 0
[2020-12-26 11:57:54,239][INFO][WAL][CollectionFlushed][wal_thread]  is flushed by lsn 0
[2020-12-26 11:57:55,241][INFO][WAL][CollectionFlushed][wal_thread]  is flushed by lsn 0
[2020-12-26 11:57:56,242][INFO][WAL][CollectionFlushed][wal_thread]  is flushed by lsn 0
[2020-12-26 11:57:57,243][INFO][WAL][CollectionFlushed][wal_thread]  is flushed by lsn 0
[2020-12-26 11:57:58,244][INFO][WAL][CollectionFlushed][wal_thread]  is flushed by lsn 0
[2020-12-26 11:57:59,245][INFO][WAL][CollectionFlushed][wal_thread]  is flushed by lsn 0
[2020-12-26 11:58:00,246][INFO][WAL][CollectionFlushed][wal_thread]  is flushed by lsn 0
[2020-12-26 11:58:01,247][INFO][WAL][CollectionFlushed][wal_thread]  is flushed by lsn 0
[2020-12-26 11:58:02,248][INFO][WAL][CollectionFlushed][wal_thread]  is flushed by lsn 0
[2020-12-26 11:58:03,249][INFO][WAL][CollectionFlushed][wal_thread]  is flushed by lsn 0
[2020-12-26 11:58:04,250][INFO][WAL][CollectionFlushed][wal_thread]  is flushed by lsn 0
[2020-12-26 11:58:05,251][INFO][WAL][CollectionFlushed][wal_thread]  is flushed by lsn 0
[2020-12-26 11:58:06,252][INFO][WAL][CollectionFlushed][wal_thread]  is flushed by lsn 0
[2020-12-26 11:58:07,253][INFO][WAL][CollectionFlushed][wal_thread]  is flushed by lsn 0
[2020-12-26 11:58:08,254][INFO][WAL][CollectionFlushed][wal_thread]  is flushed by lsn 0
[2020-12-26 11:58:09,255][INFO][WAL][CollectionFlushed][wal_thread]  is flushed by lsn 0
[2020-12-26 11:58:10,256][INFO][WAL][CollectionFlushed][wal_thread]  is flushed by lsn 0
[2020-12-26 11:58:11,258][INFO][WAL][CollectionFlushed][wal_thread]  is flushed by lsn 0
[2020-12-26 11:58:12,259][INFO][WAL][CollectionFlushed][wal_thread]  is flushed by lsn 0
[2020-12-26 11:58:13,260][INFO][WAL][CollectionFlushed][wal_thread]  is flushed by lsn 0
[2020-12-26 11:58:14,261][INFO][WAL][CollectionFlushed][wal_thread]  is flushed by lsn 0
[2020-12-26 11:58:15,262][INFO][WAL][CollectionFlushed][wal_thread]  is flushed by lsn 0
[2020-12-26 11:58:15,629][INFO][SERVER][Cmd][grpcpp_sync_ser] Request [0] Cmd begin.
[2020-12-26 11:58:15,629][INFO][SERVER][PutToQueue][grpcpp_sync_ser] Create new thread for request group: info
[2020-12-26 11:58:15,630][INFO][SERVER][Cmd][grpcpp_sync_ser] Request [0] Cmd end.
[2020-12-26 11:58:15,663][INFO][SERVER][HasCollection][grpcpp_sync_ser] Request [1] HasCollection begin.
[2020-12-26 11:58:15,664][INFO][SERVER][HasCollection][grpcpp_sync_ser] Request [1] HasCollection end.
[2020-12-26 11:58:15,677][INFO][SERVER][DescribeCollection][grpcpp_sync_ser] Request [2] DescribeCollection begin.
[2020-12-26 11:58:15,679][INFO][SERVER][DescribeCollection][grpcpp_sync_ser] Request [2] DescribeCollection end.
[2020-12-26 11:58:15,727][INFO][SERVER][Insert][grpcpp_sync_ser] Request [3] Insert begin.
[2020-12-26 11:58:15,727][INFO][SERVER][PutToQueue][grpcpp_sync_ser] Create new thread for request group: ddl_dml
[2020-12-26 11:58:15,727][INFO][SERVER][OnExecute][reqsched_thread] [insert][0] Execute insert request.
[2020-12-26 11:58:15,776][INFO][WAL][Insert][reqsched_thread] [insert][0]retina_face insert in part  with lsn 4295367580
[2020-12-26 11:58:15,777][INFO][WAL][GetNextRecord][wal_thread] record type 2 collection retina_face lsn 4295367580
[2020-12-26 11:58:15,780][INFO][SERVER][Insert][grpcpp_sync_ser] Request [3] Insert end.
[2020-12-26 11:58:15,823][INFO][SERVER][Flush][grpcpp_sync_ser] Request [4] Flush begin.
[2020-12-26 11:58:15,882][INFO][WAL][Flush][reqsched_thread] retina_face want to be flush, lsn 4295367580
[2020-12-26 11:58:15,882][INFO][WAL][operator()][wal_thread] record flush collection retina_face lsn 4295367580
[2020-12-26 11:58:16,014][INFO][WAL][CollectionFlushed][wal_thread] retina_face is flushed by lsn 4295367580
[2020-12-26 11:58:16,016][INFO][SERVER][Flush][grpcpp_sync_ser] Request [4] Flush end.
[2020-12-26 11:58:16,019][INFO][SERVER][CountCollection][grpcpp_sync_ser] Request [5] CountCollection begin.
[2020-12-26 11:58:16,027][INFO][SERVER][CountCollection][grpcpp_sync_ser] Request [5] CountCollection end.
[2020-12-26 11:58:16,031][INFO][SERVER][ShowCollectionInfo][grpcpp_sync_ser] Request [6] ShowCollectionInfo begin.
[2020-12-26 11:58:16,036][INFO][SERVER][ShowCollectionInfo][grpcpp_sync_ser] Request [6] ShowCollectionInfo end.
[2020-12-26 11:58:16,040][INFO][SERVER][CreateIndex][grpcpp_sync_ser] Request [7] CreateIndex begin.
[2020-12-26 11:58:16,042][INFO][WAL][Flush][reqsched_thread]  want to be flush, lsn 4295367580
[2020-12-26 11:58:16,042][INFO][WAL][operator()][wal_thread] record flush collection  lsn 4295367580
[2020-12-26 11:58:16,180][INFO][WAL][CollectionFlushed][wal_thread]  is flushed by lsn 0
[2020-12-26 11:58:16,184][INFO][SERVER][CreateIndex][grpcpp_sync_ser] Request [7] CreateIndex end.
[2020-12-26 11:58:16,186][INFO][SERVER][DescribeIndex][grpcpp_sync_ser] Request [8] DescribeIndex begin.
[2020-12-26 11:58:16,188][INFO][SERVER][DescribeIndex][grpcpp_sync_ser] Request [8] DescribeIndex end.
[2020-12-26 11:58:17,181][INFO][WAL][CollectionFlushed][wal_thread]  is flushed by lsn 0
[2020-12-26 11:58:18,182][INFO][WAL][CollectionFlushed][wal_thread]  is flushed by lsn 0
[2020-12-26 11:58:19,183][INFO][WAL][CollectionFlushed][wal_thread]  is flushed by lsn 0
[2020-12-26 11:58:20,183][INFO][WAL][CollectionFlushed][wal_thread]  is flushed by lsn 0
[2020-12-26 11:58:21,184][INFO][WAL][CollectionFlushed][wal_thread]  is flushed by lsn 0
[2020-12-26 11:58:22,185][INFO][WAL][CollectionFlushed][wal_thread]  is flushed by lsn 0
[2020-12-26 11:58:23,186][INFO][WAL][CollectionFlushed][wal_thread]  is flushed by lsn 0
[2020-12-26 11:58:24,187][INFO][WAL][CollectionFlushed][wal_thread]  is flushed by lsn 0
[2020-12-26 11:58:25,188][INFO][WAL][CollectionFlushed][wal_thread]  is flushed by lsn 0
[2020-12-26 11:58:26,189][INFO][WAL][CollectionFlushed][wal_thread]  is flushed by lsn 0
[2020-12-26 11:58:27,190][INFO][WAL][CollectionFlushed][wal_thread]  is flushed by lsn 0
[2020-12-26 11:58:28,191][INFO][WAL][CollectionFlushed][wal_thread]  is flushed by lsn 0
[2020-12-26 11:58:29,192][INFO][WAL][CollectionFlushed][wal_thread]  is flushed by lsn 0
[2020-12-26 11:58:30,192][INFO][WAL][CollectionFlushed][wal_thread]  is flushed by lsn 0
[2020-12-26 11:58:31,193][INFO][WAL][CollectionFlushed][wal_thread]  is flushed by lsn 0
[2020-12-26 11:58:32,194][INFO][WAL][CollectionFlushed][wal_thread]  is flushed by lsn 0
[2020-12-26 11:58:33,195][INFO][WAL][CollectionFlushed][wal_thread]  is flushed by lsn 0
[2020-12-26 11:58:34,196][INFO][WAL][CollectionFlushed][wal_thread]  is flushed by lsn 0
[2020-12-26 11:58:35,274][INFO][WAL][CollectionFlushed][wal_thread]  is flushed by lsn 0
[2020-12-26 11:58:36,275][INFO][WAL][CollectionFlushed][wal_thread]  is flushed by lsn 0
[2020-12-26 11:58:37,277][INFO][WAL][CollectionFlushed][wal_thread]  is flushed by lsn 0
[2020-12-26 11:58:38,278][INFO][WAL][CollectionFlushed][wal_thread]  is flushed by lsn 0
[2020-12-26 11:58:39,279][INFO][WAL][CollectionFlushed][wal_thread]  is flushed by lsn 0
[2020-12-26 11:58:40,199][INFO][SERVER][Cmd][grpcpp_sync_ser] Request [9] Cmd begin.
[2020-12-26 11:58:40,200][INFO][SERVER][Cmd][grpcpp_sync_ser] Request [9] Cmd end.
[2020-12-26 11:58:40,203][INFO][SERVER][HasCollection][grpcpp_sync_ser] Request [10] HasCollection begin.
[2020-12-26 11:58:40,204][INFO][SERVER][HasCollection][grpcpp_sync_ser] Request [10] HasCollection end.
[2020-12-26 11:58:40,207][INFO][SERVER][DescribeCollection][grpcpp_sync_ser] Request [11] DescribeCollection begin.
[2020-12-26 11:58:40,208][INFO][SERVER][DescribeCollection][grpcpp_sync_ser] Request [11] DescribeCollection end.
[2020-12-26 11:58:40,212][INFO][SERVER][Insert][grpcpp_sync_ser] Request [12] Insert begin.
[2020-12-26 11:58:40,212][INFO][SERVER][OnExecute][reqsched_thread] [insert][0] Execute insert request.
[2020-12-26 11:58:40,223][INFO][WAL][Insert][reqsched_thread] [insert][0]retina_face insert in part  with lsn 4295369668
[2020-12-26 11:58:40,225][INFO][WAL][GetNextRecord][wal_thread] record type 2 collection retina_face lsn 4295369668
[2020-12-26 11:58:40,228][INFO][SERVER][Insert][grpcpp_sync_ser] Request [12] Insert end.
[2020-12-26 11:58:40,233][INFO][SERVER][Flush][grpcpp_sync_ser] Request [13] Flush begin.
[2020-12-26 11:58:40,237][INFO][WAL][Flush][reqsched_thread] retina_face want to be flush, lsn 4295369668
[2020-12-26 11:58:40,238][INFO][WAL][operator()][wal_thread] record flush collection retina_face lsn 4295369668
[2020-12-26 11:58:40,303][INFO][WAL][CollectionFlushed][wal_thread] retina_face is flushed by lsn 4295369668
[2020-12-26 11:58:40,304][INFO][SERVER][Flush][grpcpp_sync_ser] Request [13] Flush end.
[2020-12-26 11:58:40,309][INFO][SERVER][CountCollection][grpcpp_sync_ser] Request [14] CountCollection begin.
[2020-12-26 11:58:40,319][INFO][SERVER][CountCollection][grpcpp_sync_ser] Request [14] CountCollection end.
[2020-12-26 11:58:40,322][INFO][SERVER][ShowCollectionInfo][grpcpp_sync_ser] Request [15] ShowCollectionInfo begin.
[2020-12-26 11:58:40,328][INFO][SERVER][ShowCollectionInfo][grpcpp_sync_ser] Request [15] ShowCollectionInfo end.
[2020-12-26 11:58:40,335][INFO][SERVER][Search][grpcpp_sync_ser] Request [16] Search begin.
[2020-12-26 11:58:40,336][INFO][SERVER][OnPreExecute][grpcpp_sync_ser] [search][0] Search pre-execute. Check search parameters
[2020-12-26 11:58:40,337][INFO][SERVER][PutToQueue][grpcpp_sync_ser] Create new thread for request group: dql
[2020-12-26 11:58:40,338][INFO][SERVER][OnExecute][reqsched_thread] [search][0] Search execute.
[2020-12-26 11:58:40,410][INFO][SERVER][Search][grpcpp_sync_ser] Request [16] Search end.
[2020-12-26 11:58:40,458][INFO][WAL][CollectionFlushed][wal_thread]  is flushed by lsn 0
[2020-12-26 11:58:41,459][INFO][WAL][CollectionFlushed][wal_thread]  is flushed by lsn 0
[2020-12-26 11:58:42,460][INFO][WAL][CollectionFlushed][wal_thread]  is flushed by lsn 0
[2020-12-26 11:58:43,461][INFO][WAL][CollectionFlushed][wal_thread]  is flushed by lsn 0
[2020-12-26 11:58:44,462][INFO][WAL][CollectionFlushed][wal_thread]  is flushed by lsn 0
[2020-12-26 11:58:45,463][INFO][WAL][CollectionFlushed][wal_thread]  is flushed by lsn 0
[2020-12-26 11:58:46,464][INFO][WAL][CollectionFlushed][wal_thread]  is flushed by lsn 0
[2020-12-26 11:58:47,465][INFO][WAL][CollectionFlushed][wal_thread]  is flushed by lsn 0
[2020-12-26 11:58:48,466][INFO][WAL][CollectionFlushed][wal_thread]  is flushed by lsn 0
[2020-12-26 11:58:49,467][INFO][WAL][CollectionFlushed][wal_thread]  is flushed by lsn 0
[2020-12-26 11:58:50,467][INFO][WAL][CollectionFlushed][wal_thread]  is flushed by lsn 0
[2020-12-26 11:58:51,468][INFO][WAL][CollectionFlushed][wal_thread]  is flushed by lsn 0
[2020-12-26 11:58:52,469][INFO][WAL][CollectionFlushed][wal_thread]  is flushed by lsn 0
[2020-12-26 11:58:53,470][INFO][WAL][CollectionFlushed][wal_thread]  is flushed by lsn 0
[2020-12-26 11:58:54,471][INFO][WAL][CollectionFlushed][wal_thread]  is flushed by lsn 0
[2020-12-26 11:58:55,472][INFO][WAL][CollectionFlushed][wal_thread]  is flushed by lsn 0
[2020-12-26 11:58:56,473][INFO][WAL][CollectionFlushed][wal_thread]  is flushed by lsn 0
[2020-12-26 11:58:57,474][INFO][WAL][CollectionFlushed][wal_thread]  is flushed by lsn 0
[2020-12-26 11:58:58,475][INFO][WAL][CollectionFlushed][wal_thread]  is flushed by lsn 0
[2020-12-26 11:58:59,476][INFO][WAL][CollectionFlushed][wal_thread]  is flushed by lsn 0
[2020-12-26 11:59:00,477][INFO][WAL][CollectionFlushed][wal_thread]  is flushed by lsn 0
[2020-12-26 11:59:01,478][INFO][WAL][CollectionFlushed][wal_thread]  is flushed by lsn 0
[2020-12-26 11:59:02,479][INFO][WAL][CollectionFlushed][wal_thread]  is flushed by lsn 0
[2020-12-26 11:59:03,480][INFO][WAL][CollectionFlushed][wal_thread]  is flushed by lsn 0
[2020-12-26 11:59:04,481][INFO][WAL][CollectionFlushed][wal_thread]  is flushed by lsn 0
[2020-12-26 11:59:05,483][INFO][WAL][CollectionFlushed][wal_thread]  is flushed by lsn 0
[2020-12-26 11:59:06,468][INFO][SERVER][Cmd][grpcpp_sync_ser] Request [17] Cmd begin.
[2020-12-26 11:59:06,469][INFO][SERVER][Cmd][grpcpp_sync_ser] Request [17] Cmd end.
[2020-12-26 11:59:06,473][INFO][SERVER][HasCollection][grpcpp_sync_ser] Request [18] HasCollection begin.
[2020-12-26 11:59:06,474][INFO][SERVER][HasCollection][grpcpp_sync_ser] Request [18] HasCollection end.
[2020-12-26 11:59:06,477][INFO][SERVER][DescribeCollection][grpcpp_sync_ser] Request [19] DescribeCollection begin.
[2020-12-26 11:59:06,479][INFO][SERVER][DescribeCollection][grpcpp_sync_ser] Request [19] DescribeCollection end.
[2020-12-26 11:59:06,484][INFO][SERVER][Insert][grpcpp_sync_ser] Request [20] Insert begin.
[2020-12-26 11:59:06,484][INFO][WAL][CollectionFlushed][wal_thread]  is flushed by lsn 0
[2020-12-26 11:59:06,485][INFO][SERVER][OnExecute][reqsched_thread] [insert][0] Execute insert request.
[2020-12-26 11:59:06,488][INFO][WAL][Insert][reqsched_thread] [insert][0]retina_face insert in part  with lsn 4295371756
[2020-12-26 11:59:06,491][INFO][SERVER][Insert][grpcpp_sync_ser] Request [20] Insert end.
[2020-12-26 11:59:06,491][INFO][WAL][GetNextRecord][wal_thread] record type 2 collection retina_face lsn 4295371756
[2020-12-26 11:59:06,495][INFO][SERVER][Flush][grpcpp_sync_ser] Request [21] Flush begin.
[2020-12-26 11:59:06,503][INFO][WAL][Flush][reqsched_thread] retina_face want to be flush, lsn 4295371756
[2020-12-26 11:59:06,503][INFO][WAL][operator()][wal_thread] record flush collection retina_face lsn 4295371756
[2020-12-26 11:59:06,676][INFO][WAL][CollectionFlushed][wal_thread] retina_face is flushed by lsn 4295371756
[2020-12-26 11:59:06,697][INFO][SERVER][Flush][grpcpp_sync_ser] Request [21] Flush end.
[2020-12-26 11:59:06,700][INFO][SERVER][CountCollection][grpcpp_sync_ser] Request [22] CountCollection begin.
[2020-12-26 11:59:06,709][INFO][SERVER][CountCollection][grpcpp_sync_ser] Request [22] CountCollection end.
[2020-12-26 11:59:06,712][INFO][SERVER][ShowCollectionInfo][grpcpp_sync_ser] Request [23] ShowCollectionInfo begin.
[2020-12-26 11:59:06,717][INFO][SERVER][ShowCollectionInfo][grpcpp_sync_ser] Request [23] ShowCollectionInfo end.
[2020-12-26 11:59:06,721][INFO][SERVER][Search][grpcpp_sync_ser] Request [24] Search begin.
[2020-12-26 11:59:06,722][INFO][SERVER][OnPreExecute][grpcpp_sync_ser] [search][0] Search pre-execute. Check search parameters
[2020-12-26 11:59:06,723][INFO][SERVER][OnExecute][reqsched_thread] [search][0] Search execute.
[2020-12-26 11:59:06,780][INFO][SERVER][Search][grpcpp_sync_ser] Request [24] Search end.
[2020-12-26 11:59:07,485][INFO][WAL][CollectionFlushed][wal_thread]  is flushed by lsn 0
[2020-12-26 11:59:08,486][INFO][WAL][CollectionFlushed][wal_thread]  is flushed by lsn 0
[2020-12-26 11:59:09,487][INFO][WAL][CollectionFlushed][wal_thread]  is flushed by lsn 0
[2020-12-26 11:59:10,488][INFO][WAL][CollectionFlushed][wal_thread]  is flushed by lsn 0
[2020-12-26 11:59:11,489][INFO][WAL][CollectionFlushed][wal_thread]  is flushed by lsn 0
[2020-12-26 11:59:12,489][INFO][WAL][CollectionFlushed][wal_thread]  is flushed by lsn 0
[2020-12-26 11:59:13,490][INFO][WAL][CollectionFlushed][wal_thread]  is flushed by lsn 0
[2020-12-26 11:59:14,491][INFO][WAL][CollectionFlushed][wal_thread]  is flushed by lsn 0
[2020-12-26 11:59:15,492][INFO][WAL][CollectionFlushed][wal_thread]  is flushed by lsn 0
[2020-12-26 11:59:16,493][INFO][WAL][CollectionFlushed][wal_thread]  is flushed by lsn 0
[2020-12-26 11:59:17,494][INFO][WAL][CollectionFlushed][wal_thread]  is flushed by lsn 0
[2020-12-26 11:59:18,495][INFO][WAL][CollectionFlushed][wal_thread]  is flushed by lsn 0
[2020-12-26 11:59:19,496][INFO][WAL][CollectionFlushed][wal_thread]  is flushed by lsn 0
[2020-12-26 11:59:20,497][INFO][WAL][CollectionFlushed][wal_thread]  is flushed by lsn 0
[2020-12-26 11:59:21,498][INFO][WAL][CollectionFlushed][wal_thread]  is flushed by lsn 0
[2020-12-26 11:59:22,499][INFO][WAL][CollectionFlushed][wal_thread]  is flushed by lsn 0
[2020-12-26 11:59:23,500][INFO][WAL][CollectionFlushed][wal_thread]  is flushed by lsn 0
[2020-12-26 11:59:24,501][INFO][WAL][CollectionFlushed][wal_thread]  is flushed by lsn 0
[2020-12-26 11:59:25,525][INFO][WAL][CollectionFlushed][wal_thread]  is flushed by lsn 0
[2020-12-26 11:59:26,526][INFO][WAL][CollectionFlushed][wal_thread]  is flushed by lsn 0
[2020-12-26 11:59:27,527][INFO][WAL][CollectionFlushed][wal_thread]  is flushed by lsn 0
[2020-12-26 11:59:28,528][INFO][WAL][CollectionFlushed][wal_thread]  is flushed by lsn 0
[2020-12-26 11:59:29,529][INFO][WAL][CollectionFlushed][wal_thread]  is flushed by lsn 0
[2020-12-26 11:59:30,530][INFO][WAL][CollectionFlushed][wal_thread]  is flushed by lsn 0
[2020-12-26 11:59:31,531][INFO][WAL][CollectionFlushed][wal_thread]  is flushed by lsn 0
[2020-12-26 11:59:32,532][INFO][WAL][CollectionFlushed][wal_thread]  is flushed by lsn 0
[2020-12-26 11:59:33,533][INFO][WAL][CollectionFlushed][wal_thread]  is flushed by lsn 0
[2020-12-26 11:59:34,534][INFO][WAL][CollectionFlushed][wal_thread]  is flushed by lsn 0
[2020-12-26 11:59:35,535][INFO][WAL][CollectionFlushed][wal_thread]  is flushed by lsn 0
[2020-12-26 11:59:36,536][INFO][WAL][CollectionFlushed][wal_thread]  is flushed by lsn 0
[2020-12-26 11:59:37,537][INFO][WAL][CollectionFlushed][wal_thread]  is flushed by lsn 0
[2020-12-26 11:59:38,538][INFO][WAL][CollectionFlushed][wal_thread]  is flushed by lsn 0
[2020-12-26 11:59:39,539][INFO][WAL][CollectionFlushed][wal_thread]  is flushed by lsn 0
[2020-12-26 11:59:40,540][INFO][WAL][CollectionFlushed][wal_thread]  is flushed by lsn 0
[2020-12-26 11:59:41,540][INFO][WAL][CollectionFlushed][wal_thread]  is flushed by lsn 0
[2020-12-26 11:59:42,541][INFO][WAL][CollectionFlushed][wal_thread]  is flushed by lsn 0
[2020-12-26 11:59:43,542][INFO][WAL][CollectionFlushed][wal_thread]  is flushed by lsn 0
[2020-12-26 11:59:44,543][INFO][WAL][CollectionFlushed][wal_thread]  is flushed by lsn 0
[2020-12-26 11:59:45,544][INFO][WAL][CollectionFlushed][wal_thread]  is flushed by lsn 0
[2020-12-26 11:59:46,545][INFO][WAL][CollectionFlushed][wal_thread]  is flushed by lsn 0
[2020-12-26 11:59:47,546][INFO][WAL][CollectionFlushed][wal_thread]  is flushed by lsn 0
[2020-12-26 11:59:48,547][INFO][WAL][CollectionFlushed][wal_thread]  is flushed by lsn 0
[2020-12-26 11:59:49,548][INFO][WAL][CollectionFlushed][wal_thread]  is flushed by lsn 0
[2020-12-26 11:59:50,549][INFO][WAL][CollectionFlushed][wal_thread]  is flushed by lsn 0
[2020-12-26 11:59:51,550][INFO][WAL][CollectionFlushed][wal_thread]  is flushed by lsn 0
[2020-12-26 11:59:52,550][INFO][WAL][CollectionFlushed][wal_thread]  is flushed by lsn 0
[2020-12-26 11:59:53,551][INFO][WAL][CollectionFlushed][wal_thread]  is flushed by lsn 0
[2020-12-26 11:59:54,552][INFO][WAL][CollectionFlushed][wal_thread]  is flushed by lsn 0
[2020-12-26 11:59:55,553][INFO][WAL][CollectionFlushed][wal_thread]  is flushed by lsn 0
[2020-12-26 11:59:56,554][INFO][WAL][CollectionFlushed][wal_thread]  is flushed by lsn 0
[2020-12-26 11:59:57,555][INFO][WAL][CollectionFlushed][wal_thread]  is flushed by lsn 0
[2020-12-26 11:59:58,556][INFO][WAL][CollectionFlushed][wal_thread]  is flushed by lsn 0
[2020-12-26 11:59:59,557][INFO][WAL][CollectionFlushed][wal_thread]  is flushed by lsn 0
[2020-12-26 12:00:00,558][INFO][WAL][CollectionFlushed][wal_thread]  is flushed by lsn 0
[2020-12-26 12:00:01,559][INFO][WAL][CollectionFlushed][wal_thread]  is flushed by lsn 0
[2020-12-26 12:00:02,560][INFO][WAL][CollectionFlushed][wal_thread]  is flushed by lsn 0
[2020-12-26 12:00:03,561][INFO][WAL][CollectionFlushed][wal_thread]  is flushed by lsn 0
[2020-12-26 12:00:04,562][INFO][WAL][CollectionFlushed][wal_thread]  is flushed by lsn 0
[2020-12-26 12:00:05,563][INFO][WAL][CollectionFlushed][wal_thread]  is flushed by lsn 0
[2020-12-26 12:00:06,564][INFO][WAL][CollectionFlushed][wal_thread]  is flushed by lsn 0
[2020-12-26 12:00:07,565][INFO][WAL][CollectionFlushed][wal_thread]  is flushed by lsn 0
[2020-12-26 12:00:08,565][INFO][WAL][CollectionFlushed][wal_thread]  is flushed by lsn 0
[2020-12-26 12:00:09,566][INFO][WAL][CollectionFlushed][wal_thread]  is flushed by lsn 0
[2020-12-26 12:00:10,567][INFO][WAL][CollectionFlushed][wal_thread]  is flushed by lsn 0
[2020-12-26 12:00:11,568][INFO][WAL][CollectionFlushed][wal_thread]  is flushed by lsn 0
[2020-12-26 12:00:12,569][INFO][WAL][CollectionFlushed][wal_thread]  is flushed by lsn 0
[2020-12-26 12:00:13,570][INFO][WAL][CollectionFlushed][wal_thread]  is flushed by lsn 0
[2020-12-26 12:00:14,571][INFO][WAL][CollectionFlushed][wal_thread]  is flushed by lsn 0
[2020-12-26 12:00:15,571][INFO][WAL][CollectionFlushed][wal_thread]  is flushed by lsn 0
[2020-12-26 12:00:16,572][INFO][WAL][CollectionFlushed][wal_thread]  is flushed by lsn 0
[2020-12-26 12:00:17,573][INFO][WAL][CollectionFlushed][wal_thread]  is flushed by lsn 0
[2020-12-26 12:00:18,574][INFO][WAL][CollectionFlushed][wal_thread]  is flushed by lsn 0
[2020-12-26 12:00:19,575][INFO][WAL][CollectionFlushed][wal_thread]  is flushed by lsn 0
[2020-12-26 12:00:20,576][INFO][WAL][CollectionFlushed][wal_thread]  is flushed by lsn 0
[2020-12-26 12:00:21,577][INFO][WAL][CollectionFlushed][wal_thread]  is flushed by lsn 0
[2020-12-26 12:00:22,578][INFO][WAL][CollectionFlushed][wal_thread]  is flushed by lsn 0
[2020-12-26 12:00:23,579][INFO][WAL][CollectionFlushed][wal_thread]  is flushed by lsn 0
[2020-12-26 12:00:24,580][INFO][WAL][CollectionFlushed][wal_thread]  is flushed by lsn 0
[2020-12-26 12:00:25,581][INFO][WAL][CollectionFlushed][wal_thread]  is flushed by lsn 0
[2020-12-26 12:00:26,582][INFO][WAL][CollectionFlushed][wal_thread]  is flushed by lsn 0
[2020-12-26 12:00:27,583][INFO][WAL][CollectionFlushed][wal_thread]  is flushed by lsn 0
[2020-12-26 12:00:28,584][INFO][WAL][CollectionFlushed][wal_thread]  is flushed by lsn 0
[2020-12-26 12:00:29,585][INFO][WAL][CollectionFlushed][wal_thread]  is flushed by lsn 0
[2020-12-26 12:00:30,586][INFO][WAL][CollectionFlushed][wal_thread]  is flushed by lsn 0
[2020-12-26 12:00:31,587][INFO][WAL][CollectionFlushed][wal_thread]  is flushed by lsn 0
[2020-12-26 12:00:32,588][INFO][WAL][CollectionFlushed][wal_thread]  is flushed by lsn 0
[2020-12-26 12:00:33,589][INFO][WAL][CollectionFlushed][wal_thread]  is flushed by lsn 0
[2020-12-26 12:00:34,590][INFO][WAL][CollectionFlushed][wal_thread]  is flushed by lsn 0
[2020-12-26 12:00:35,591][INFO][WAL][CollectionFlushed][wal_thread]  is flushed by lsn 0
[2020-12-26 12:00:36,591][INFO][WAL][CollectionFlushed][wal_thread]  is flushed by lsn 0
[2020-12-26 12:00:37,592][INFO][WAL][CollectionFlushed][wal_thread]  is flushed by lsn 0
[2020-12-26 12:00:38,593][INFO][WAL][CollectionFlushed][wal_thread]  is flushed by lsn 0
[2020-12-26 12:00:39,594][INFO][WAL][CollectionFlushed][wal_thread]  is flushed by lsn 0
[2020-12-26 12:00:40,595][INFO][WAL][CollectionFlushed][wal_thread]  is flushed by lsn 0
[2020-12-26 12:00:41,596][INFO][WAL][CollectionFlushed][wal_thread]  is flushed by lsn 0
[2020-12-26 12:00:42,597][INFO][WAL][CollectionFlushed][wal_thread]  is flushed by lsn 0
[2020-12-26 12:00:43,598][INFO][WAL][CollectionFlushed][wal_thread]  is flushed by lsn 0
[2020-12-26 12:00:44,599][INFO][WAL][CollectionFlushed][wal_thread]  is flushed by lsn 0
[2020-12-26 12:00:45,599][INFO][WAL][CollectionFlushed][wal_thread]  is flushed by lsn 0
[2020-12-26 12:00:46,600][INFO][WAL][CollectionFlushed][wal_thread]  is flushed by lsn 0
[2020-12-26 12:00:47,601][INFO][WAL][CollectionFlushed][wal_thread]  is flushed by lsn 0
[2020-12-26 12:00:48,602][INFO][WAL][CollectionFlushed][wal_thread]  is flushed by lsn 0
[2020-12-26 12:00:49,603][INFO][WAL][CollectionFlushed][wal_thread]  is flushed by lsn 0
[2020-12-26 12:00:50,604][INFO][WAL][CollectionFlushed][wal_thread]  is flushed by lsn 0
[2020-12-26 12:00:51,605][INFO][WAL][CollectionFlushed][wal_thread]  is flushed by lsn 0
[2020-12-26 12:00:52,606][INFO][WAL][CollectionFlushed][wal_thread]  is flushed by lsn 0
[2020-12-26 12:00:53,607][INFO][WAL][CollectionFlushed][wal_thread]  is flushed by lsn 0
[2020-12-26 12:00:54,607][INFO][WAL][CollectionFlushed][wal_thread]  is flushed by lsn 0
[2020-12-26 12:00:55,608][INFO][WAL][CollectionFlushed][wal_thread]  is flushed by lsn 0
[2020-12-26 12:00:56,609][INFO][WAL][CollectionFlushed][wal_thread]  is flushed by lsn 0
[2020-12-26 12:00:57,610][INFO][WAL][CollectionFlushed][wal_thread]  is flushed by lsn 0
[2020-12-26 12:00:58,611][INFO][WAL][CollectionFlushed][wal_thread]  is flushed by lsn 0
[2020-12-26 12:00:59,612][INFO][WAL][CollectionFlushed][wal_thread]  is flushed by lsn 0
[2020-12-26 12:01:00,613][INFO][WAL][CollectionFlushed][wal_thread]  is flushed by lsn 0
[2020-12-26 12:01:01,613][INFO][WAL][CollectionFlushed][wal_thread]  is flushed by lsn 0
[2020-12-26 12:01:02,614][INFO][WAL][CollectionFlushed][wal_thread]  is flushed by lsn 0
[2020-12-26 12:01:03,615][INFO][WAL][CollectionFlushed][wal_thread]  is flushed by lsn 0
[2020-12-26 12:01:04,616][INFO][WAL][CollectionFlushed][wal_thread]  is flushed by lsn 0
[2020-12-26 12:01:05,617][INFO][WAL][CollectionFlushed][wal_thread]  is flushed by lsn 0
[2020-12-26 12:01:06,618][INFO][WAL][CollectionFlushed][wal_thread]  is flushed by lsn 0
[2020-12-26 12:01:07,619][INFO][WAL][CollectionFlushed][wal_thread]  is flushed by lsn 0
[2020-12-26 12:01:08,623][INFO][WAL][CollectionFlushed][wal_thread]  is flushed by lsn 0
[2020-12-26 12:01:09,624][INFO][WAL][CollectionFlushed][wal_thread]  is flushed by lsn 0
[2020-12-26 12:01:10,625][INFO][WAL][CollectionFlushed][wal_thread]  is flushed by lsn 0
[2020-12-26 12:01:11,626][INFO][WAL][CollectionFlushed][wal_thread]  is flushed by lsn 0
[2020-12-26 12:01:12,627][INFO][WAL][CollectionFlushed][wal_thread]  is flushed by lsn 0
[2020-12-26 12:01:13,628][INFO][WAL][CollectionFlushed][wal_thread]  is flushed by lsn 0
[2020-12-26 12:01:14,628][INFO][WAL][CollectionFlushed][wal_thread]  is flushed by lsn 0
[2020-12-26 12:01:15,629][INFO][WAL][CollectionFlushed][wal_thread]  is flushed by lsn 0
[2020-12-26 12:01:16,630][INFO][WAL][CollectionFlushed][wal_thread]  is flushed by lsn 0
[2020-12-26 12:01:17,631][INFO][WAL][CollectionFlushed][wal_thread]  is flushed by lsn 0
[2020-12-26 12:01:18,632][INFO][WAL][CollectionFlushed][wal_thread]  is flushed by lsn 0
[2020-12-26 12:01:19,633][INFO][WAL][CollectionFlushed][wal_thread]  is flushed by lsn 0
[2020-12-26 12:01:20,634][INFO][WAL][CollectionFlushed][wal_thread]  is flushed by lsn 0
[2020-12-26 12:01:21,635][INFO][WAL][CollectionFlushed][wal_thread]  is flushed by lsn 0
[2020-12-26 12:01:22,636][INFO][WAL][CollectionFlushed][wal_thread]  is flushed by lsn 0
[2020-12-26 12:01:23,637][INFO][WAL][CollectionFlushed][wal_thread]  is flushed by lsn 0
[2020-12-26 12:01:24,637][INFO][WAL][CollectionFlushed][wal_thread]  is flushed by lsn 0
[2020-12-26 12:01:25,639][INFO][WAL][CollectionFlushed][wal_thread]  is flushed by lsn 0
[2020-12-26 12:01:26,640][INFO][WAL][CollectionFlushed][wal_thread]  is flushed by lsn 0
[2020-12-26 12:01:27,641][INFO][WAL][CollectionFlushed][wal_thread]  is flushed by lsn 0
[2020-12-26 12:01:28,642][INFO][WAL][CollectionFlushed][wal_thread]  is flushed by lsn 0
[2020-12-26 12:01:29,643][INFO][WAL][CollectionFlushed][wal_thread]  is flushed by lsn 0
[2020-12-26 12:01:30,644][INFO][WAL][CollectionFlushed][wal_thread]  is flushed by lsn 0
[2020-12-26 12:01:31,645][INFO][WAL][CollectionFlushed][wal_thread]  is flushed by lsn 0
[2020-12-26 12:01:32,646][INFO][WAL][CollectionFlushed][wal_thread]  is flushed by lsn 0
[2020-12-26 12:01:33,646][INFO][WAL][CollectionFlushed][wal_thread]  is flushed by lsn 0
[2020-12-26 12:01:34,647][INFO][WAL][CollectionFlushed][wal_thread]  is flushed by lsn 0
[2020-12-26 12:01:35,648][INFO][WAL][CollectionFlushed][wal_thread]  is flushed by lsn 0
[2020-12-26 12:01:36,649][INFO][WAL][CollectionFlushed][wal_thread]  is flushed by lsn 0
[2020-12-26 12:01:37,650][INFO][WAL][CollectionFlushed][wal_thread]  is flushed by lsn 0
[2020-12-26 12:01:38,651][INFO][WAL][CollectionFlushed][wal_thread]  is flushed by lsn 0
[2020-12-26 12:01:39,652][INFO][WAL][CollectionFlushed][wal_thread]  is flushed by lsn 0
[2020-12-26 12:01:40,653][INFO][WAL][CollectionFlushed][wal_thread]  is flushed by lsn 0
[2020-12-26 12:01:41,654][INFO][WAL][CollectionFlushed][wal_thread]  is flushed by lsn 0
[2020-12-26 12:01:42,655][INFO][WAL][CollectionFlushed][wal_thread]  is flushed by lsn 0
[2020-12-26 12:01:43,655][INFO][WAL][CollectionFlushed][wal_thread]  is flushed by lsn 0
[2020-12-26 12:01:44,656][INFO][WAL][CollectionFlushed][wal_thread]  is flushed by lsn 0
[2020-12-26 12:01:45,657][INFO][WAL][CollectionFlushed][wal_thread]  is flushed by lsn 0
[2020-12-26 12:01:46,658][INFO][WAL][CollectionFlushed][wal_thread]  is flushed by lsn 0
[2020-12-26 12:01:47,659][INFO][WAL][CollectionFlushed][wal_thread]  is flushed by lsn 0
[2020-12-26 12:01:48,660][INFO][WAL][CollectionFlushed][wal_thread]  is flushed by lsn 0
[2020-12-26 12:01:49,661][INFO][WAL][CollectionFlushed][wal_thread]  is flushed by lsn 0
[2020-12-26 12:01:50,662][INFO][WAL][CollectionFlushed][wal_thread]  is flushed by lsn 0
[2020-12-26 12:01:51,663][INFO][WAL][CollectionFlushed][wal_thread]  is flushed by lsn 0
[2020-12-26 12:01:52,664][INFO][WAL][CollectionFlushed][wal_thread]  is flushed by lsn 0
[2020-12-26 12:01:53,665][INFO][WAL][CollectionFlushed][wal_thread]  is flushed by lsn 0
[2020-12-26 12:01:54,666][INFO][WAL][CollectionFlushed][wal_thread]  is flushed by lsn 0
[2020-12-26 12:01:55,666][INFO][WAL][CollectionFlushed][wal_thread]  is flushed by lsn 0
[2020-12-26 12:01:56,667][INFO][WAL][CollectionFlushed][wal_thread]  is flushed by lsn 0
[2020-12-26 12:01:57,668][INFO][WAL][CollectionFlushed][wal_thread]  is flushed by lsn 0
[2020-12-26 12:01:58,669][INFO][WAL][CollectionFlushed][wal_thread]  is flushed by lsn 0
[2020-12-26 12:01:59,670][INFO][WAL][CollectionFlushed][wal_thread]  is flushed by lsn 0
[2020-12-26 12:02:00,671][INFO][WAL][CollectionFlushed][wal_thread]  is flushed by lsn 0
[2020-12-26 12:02:01,672][INFO][WAL][CollectionFlushed][wal_thread]  is flushed by lsn 0
[2020-12-26 12:02:02,673][INFO][WAL][CollectionFlushed][wal_thread]  is flushed by lsn 0
[2020-12-26 12:02:03,675][INFO][WAL][CollectionFlushed][wal_thread]  is flushed by lsn 0
[2020-12-26 12:02:04,676][INFO][WAL][CollectionFlushed][wal_thread]  is flushed by lsn 0
[2020-12-26 12:02:05,677][INFO][WAL][CollectionFlushed][wal_thread]  is flushed by lsn 0
[2020-12-26 12:02:06,678][INFO][WAL][CollectionFlushed][wal_thread]  is flushed by lsn 0
[2020-12-26 12:02:07,679][INFO][WAL][CollectionFlushed][wal_thread]  is flushed by lsn 0
[2020-12-26 12:02:08,680][INFO][WAL][CollectionFlushed][wal_thread]  is flushed by lsn 0
[2020-12-26 12:02:09,681][INFO][WAL][CollectionFlushed][wal_thread]  is flushed by lsn 0
[2020-12-26 12:02:10,685][INFO][WAL][CollectionFlushed][wal_thread]  is flushed by lsn 0
[2020-12-26 12:02:11,686][INFO][WAL][CollectionFlushed][wal_thread]  is flushed by lsn 0
[2020-12-26 12:02:12,687][INFO][WAL][CollectionFlushed][wal_thread]  is flushed by lsn 0
[2020-12-26 12:02:13,688][INFO][WAL][CollectionFlushed][wal_thread]  is flushed by lsn 0
[2020-12-26 12:02:14,689][INFO][WAL][CollectionFlushed][wal_thread]  is flushed by lsn 0
[2020-12-26 12:02:15,690][INFO][WAL][CollectionFlushed][wal_thread]  is flushed by lsn 0
[2020-12-26 12:02:16,690][INFO][WAL][CollectionFlushed][wal_thread]  is flushed by lsn 0
[2020-12-26 12:02:17,691][INFO][WAL][CollectionFlushed][wal_thread]  is flushed by lsn 0
[2020-12-26 12:02:18,692][INFO][WAL][CollectionFlushed][wal_thread]  is flushed by lsn 0
[2020-12-26 12:02:19,021][INFO][SERVER][Cmd][grpcpp_sync_ser] Request [25] Cmd begin.
[2020-12-26 12:02:19,022][INFO][SERVER][Cmd][grpcpp_sync_ser] Request [25] Cmd end.
[2020-12-26 12:02:19,025][INFO][SERVER][HasCollection][grpcpp_sync_ser] Request [26] HasCollection begin.
[2020-12-26 12:02:19,026][INFO][SERVER][HasCollection][grpcpp_sync_ser] Request [26] HasCollection end.
[2020-12-26 12:02:19,028][INFO][SERVER][DescribeCollection][grpcpp_sync_ser] Request [27] DescribeCollection begin.
[2020-12-26 12:02:19,029][INFO][SERVER][DescribeCollection][grpcpp_sync_ser] Request [27] DescribeCollection end.
[2020-12-26 12:02:19,033][INFO][SERVER][Insert][grpcpp_sync_ser] Request [28] Insert begin.
[2020-12-26 12:02:19,033][INFO][SERVER][OnExecute][reqsched_thread] [insert][0] Execute insert request.
[2020-12-26 12:02:19,035][INFO][WAL][Insert][reqsched_thread] [insert][0]retina_face insert in part  with lsn 4295373844
[2020-12-26 12:02:19,038][INFO][WAL][GetNextRecord][wal_thread] record type 2 collection retina_face lsn 4295373844
[2020-12-26 12:02:19,039][INFO][SERVER][Insert][grpcpp_sync_ser] Request [28] Insert end.
[2020-12-26 12:02:19,042][INFO][SERVER][Flush][grpcpp_sync_ser] Request [29] Flush begin.
[2020-12-26 12:02:19,058][INFO][WAL][Flush][reqsched_thread] retina_face want to be flush, lsn 4295373844
[2020-12-26 12:02:19,058][INFO][WAL][operator()][wal_thread] record flush collection retina_face lsn 4295373844
[2020-12-26 12:02:19,097][INFO][WAL][CollectionFlushed][wal_thread] retina_face is flushed by lsn 4295373844
[2020-12-26 12:02:19,098][INFO][SERVER][Flush][grpcpp_sync_ser] Request [29] Flush end.
[2020-12-26 12:02:19,102][INFO][SERVER][CountCollection][grpcpp_sync_ser] Request [30] CountCollection begin.
[2020-12-26 12:02:19,110][INFO][SERVER][CountCollection][grpcpp_sync_ser] Request [30] CountCollection end.
[2020-12-26 12:02:19,112][INFO][SERVER][ShowCollectionInfo][grpcpp_sync_ser] Request [31] ShowCollectionInfo begin.
[2020-12-26 12:02:19,118][INFO][SERVER][ShowCollectionInfo][grpcpp_sync_ser] Request [31] ShowCollectionInfo end.
[2020-12-26 12:02:19,123][INFO][SERVER][Search][grpcpp_sync_ser] Request [32] Search begin.
[2020-12-26 12:02:19,123][INFO][SERVER][OnPreExecute][grpcpp_sync_ser] [search][0] Search pre-execute. Check search parameters
[2020-12-26 12:02:19,124][INFO][SERVER][OnExecute][reqsched_thread] [search][0] Search execute.
[2020-12-26 12:02:19,164][INFO][SERVER][Search][grpcpp_sync_ser] Request [32] Search end.
[2020-12-26 12:02:19,693][INFO][WAL][CollectionFlushed][wal_thread]  is flushed by lsn 0
[2020-12-26 12:02:20,694][INFO][WAL][CollectionFlushed][wal_thread]  is flushed by lsn 0
[2020-12-26 12:02:21,695][INFO][WAL][CollectionFlushed][wal_thread]  is flushed by lsn 0
[2020-12-26 12:02:22,696][INFO][WAL][CollectionFlushed][wal_thread]  is flushed by lsn 0
[2020-12-26 12:02:23,697][INFO][WAL][CollectionFlushed][wal_thread]  is flushed by lsn 0
[2020-12-26 12:02:24,698][INFO][WAL][CollectionFlushed][wal_thread]  is flushed by lsn 0
[2020-12-26 12:02:25,699][INFO][WAL][CollectionFlushed][wal_thread]  is flushed by lsn 0
[2020-12-26 12:02:26,700][INFO][WAL][CollectionFlushed][wal_thread]  is flushed by lsn 0
[2020-12-26 12:02:27,701][INFO][WAL][CollectionFlushed][wal_thread]  is flushed by lsn 0
[2020-12-26 12:02:28,702][INFO][WAL][CollectionFlushed][wal_thread]  is flushed by lsn 0
[2020-12-26 12:02:29,702][INFO][WAL][CollectionFlushed][wal_thread]  is flushed by lsn 0
[2020-12-26 12:02:30,703][INFO][WAL][CollectionFlushed][wal_thread]  is flushed by lsn 0
[2020-12-26 12:02:31,704][INFO][WAL][CollectionFlushed][wal_thread]  is flushed by lsn 0
[2020-12-26 12:02:32,705][INFO][WAL][CollectionFlushed][wal_thread]  is flushed by lsn 0
[2020-12-26 12:02:33,706][INFO][WAL][CollectionFlushed][wal_thread]  is flushed by lsn 0
[2020-12-26 12:02:34,707][INFO][WAL][CollectionFlushed][wal_thread]  is flushed by lsn 0
[2020-12-26 12:02:35,708][INFO][WAL][CollectionFlushed][wal_thread]  is flushed by lsn 0
[2020-12-26 12:02:36,709][INFO][WAL][CollectionFlushed][wal_thread]  is flushed by lsn 0
[2020-12-26 12:02:37,710][INFO][WAL][CollectionFlushed][wal_thread]  is flushed by lsn 0
[2020-12-26 12:02:38,711][INFO][WAL][CollectionFlushed][wal_thread]  is flushed by lsn 0
[2020-12-26 12:02:39,711][INFO][WAL][CollectionFlushed][wal_thread]  is flushed by lsn 0
[2020-12-26 12:02:40,713][INFO][WAL][CollectionFlushed][wal_thread]  is flushed by lsn 0
[2020-12-26 12:02:41,714][INFO][WAL][CollectionFlushed][wal_thread]  is flushed by lsn 0
[2020-12-26 12:02:42,714][INFO][WAL][CollectionFlushed][wal_thread]  is flushed by lsn 0
[2020-12-26 12:02:43,715][INFO][WAL][CollectionFlushed][wal_thread]  is flushed by lsn 0
[2020-12-26 12:02:44,716][INFO][WAL][CollectionFlushed][wal_thread]  is flushed by lsn 0
[2020-12-26 12:02:45,717][INFO][WAL][CollectionFlushed][wal_thread]  is flushed by lsn 0
[2020-12-26 12:02:46,718][INFO][WAL][CollectionFlushed][wal_thread]  is flushed by lsn 0
[2020-12-26 12:02:47,719][INFO][WAL][CollectionFlushed][wal_thread]  is flushed by lsn 0
[2020-12-26 12:02:48,719][INFO][WAL][CollectionFlushed][wal_thread]  is flushed by lsn 0
[2020-12-26 12:02:49,721][INFO][WAL][CollectionFlushed][wal_thread]  is flushed by lsn 0
[2020-12-26 12:02:50,722][INFO][WAL][CollectionFlushed][wal_thread]  is flushed by lsn 0
[2020-12-26 12:02:51,722][INFO][WAL][CollectionFlushed][wal_thread]  is flushed by lsn 0
[2020-12-26 12:02:52,723][INFO][WAL][CollectionFlushed][wal_thread]  is flushed by lsn 0
[2020-12-26 12:02:53,724][INFO][WAL][CollectionFlushed][wal_thread]  is flushed by lsn 0
[2020-12-26 12:02:54,725][INFO][WAL][CollectionFlushed][wal_thread]  is flushed by lsn 0
[2020-12-26 12:02:55,726][INFO][WAL][CollectionFlushed][wal_thread]  is flushed by lsn 0
[2020-12-26 12:02:56,727][INFO][WAL][CollectionFlushed][wal_thread]  is flushed by lsn 0
[2020-12-26 12:02:57,728][INFO][WAL][CollectionFlushed][wal_thread]  is flushed by lsn 0
[2020-12-26 12:02:58,729][INFO][WAL][CollectionFlushed][wal_thread]  is flushed by lsn 0
[2020-12-26 12:02:59,730][INFO][WAL][CollectionFlushed][wal_thread]  is flushed by lsn 0
[2020-12-26 12:03:00,731][INFO][WAL][CollectionFlushed][wal_thread]  is flushed by lsn 0
[2020-12-26 12:03:01,731][INFO][WAL][CollectionFlushed][wal_thread]  is flushed by lsn 0
[2020-12-26 12:03:02,732][INFO][WAL][CollectionFlushed][wal_thread]  is flushed by lsn 0
[2020-12-26 12:03:03,733][INFO][WAL][CollectionFlushed][wal_thread]  is flushed by lsn 0
[2020-12-26 12:03:04,734][INFO][WAL][CollectionFlushed][wal_thread]  is flushed by lsn 0
[2020-12-26 12:03:05,735][INFO][WAL][CollectionFlushed][wal_thread]  is flushed by lsn 0
[2020-12-26 12:03:06,736][INFO][WAL][CollectionFlushed][wal_thread]  is flushed by lsn 0
[2020-12-26 12:03:07,737][INFO][WAL][CollectionFlushed][wal_thread]  is flushed by lsn 0
[2020-12-26 12:03:08,738][INFO][WAL][CollectionFlushed][wal_thread]  is flushed by lsn 0
[2020-12-26 12:03:09,738][INFO][WAL][CollectionFlushed][wal_thread]  is flushed by lsn 0
[2020-12-26 12:03:10,739][INFO][WAL][CollectionFlushed][wal_thread]  is flushed by lsn 0
[2020-12-26 12:03:11,740][INFO][WAL][CollectionFlushed][wal_thread]  is flushed by lsn 0
[2020-12-26 12:03:12,741][INFO][WAL][CollectionFlushed][wal_thread]  is flushed by lsn 0
[2020-12-26 12:03:13,742][INFO][WAL][CollectionFlushed][wal_thread]  is flushed by lsn 0
[2020-12-26 12:03:14,743][INFO][WAL][CollectionFlushed][wal_thread]  is flushed by lsn 0
[2020-12-26 12:03:15,744][INFO][WAL][CollectionFlushed][wal_thread]  is flushed by lsn 0
[2020-12-26 12:03:16,745][INFO][WAL][CollectionFlushed][wal_thread]  is flushed by lsn 0
[2020-12-26 12:03:17,746][INFO][WAL][CollectionFlushed][wal_thread]  is flushed by lsn 0
[2020-12-26 12:03:18,747][INFO][WAL][CollectionFlushed][wal_thread]  is flushed by lsn 0
[2020-12-26 12:03:19,747][INFO][WAL][CollectionFlushed][wal_thread]  is flushed by lsn 0
[2020-12-26 12:03:20,748][INFO][WAL][CollectionFlushed][wal_thread]  is flushed by lsn 0
[2020-12-26 12:03:21,749][INFO][WAL][CollectionFlushed][wal_thread]  is flushed by lsn 0
[2020-12-26 12:03:22,750][INFO][WAL][CollectionFlushed][wal_thread]  is flushed by lsn 0
[2020-12-26 12:03:23,751][INFO][WAL][CollectionFlushed][wal_thread]  is flushed by lsn 0
[2020-12-26 12:03:24,752][INFO][WAL][CollectionFlushed][wal_thread]  is flushed by lsn 0
[2020-12-26 12:03:25,753][INFO][WAL][CollectionFlushed][wal_thread]  is flushed by lsn 0
[2020-12-26 12:03:26,754][INFO][WAL][CollectionFlushed][wal_thread]  is flushed by lsn 0
[2020-12-26 12:03:27,755][INFO][WAL][CollectionFlushed][wal_thread]  is flushed by lsn 0
[2020-12-26 12:03:28,756][INFO][WAL][CollectionFlushed][wal_thread]  is flushed by lsn 0
[2020-12-26 12:03:29,757][INFO][WAL][CollectionFlushed][wal_thread]  is flushed by lsn 0
[2020-12-26 12:03:30,758][INFO][WAL][CollectionFlushed][wal_thread]  is flushed by lsn 0
[2020-12-26 12:03:31,759][INFO][WAL][CollectionFlushed][wal_thread]  is flushed by lsn 0
[2020-12-26 12:03:32,760][INFO][WAL][CollectionFlushed][wal_thread]  is flushed by lsn 0
[2020-12-26 12:03:33,761][INFO][WAL][CollectionFlushed][wal_thread]  is flushed by lsn 0
[2020-12-26 12:03:34,761][INFO][WAL][CollectionFlushed][wal_thread]  is flushed by lsn 0
[2020-12-26 12:03:35,762][INFO][WAL][CollectionFlushed][wal_thread]  is flushed by lsn 0
[2020-12-26 12:03:36,763][INFO][WAL][CollectionFlushed][wal_thread]  is flushed by lsn 0
[2020-12-26 12:03:37,764][INFO][WAL][CollectionFlushed][wal_thread]  is flushed by lsn 0
[2020-12-26 12:03:38,765][INFO][WAL][CollectionFlushed][wal_thread]  is flushed by lsn 0
[2020-12-26 12:03:39,765][INFO][WAL][CollectionFlushed][wal_thread]  is flushed by lsn 0
[2020-12-26 12:03:40,766][INFO][WAL][CollectionFlushed][wal_thread]  is flushed by lsn 0
[2020-12-26 12:03:41,767][INFO][WAL][CollectionFlushed][wal_thread]  is flushed by lsn 0
[2020-12-26 12:03:42,768][INFO][WAL][CollectionFlushed][wal_thread]  is flushed by lsn 0
[2020-12-26 12:03:43,769][INFO][WAL][CollectionFlushed][wal_thread]  is flushed by lsn 0
[2020-12-26 12:03:44,770][INFO][WAL][CollectionFlushed][wal_thread]  is flushed by lsn 0
[2020-12-26 12:03:45,771][INFO][WAL][CollectionFlushed][wal_thread]  is flushed by lsn 0
[2020-12-26 12:03:46,772][INFO][WAL][CollectionFlushed][wal_thread]  is flushed by lsn 0
[2020-12-26 12:03:47,773][INFO][WAL][CollectionFlushed][wal_thread]  is flushed by lsn 0
[2020-12-26 12:03:48,774][INFO][WAL][CollectionFlushed][wal_thread]  is flushed by lsn 0
[2020-12-26 12:03:49,774][INFO][WAL][CollectionFlushed][wal_thread]  is flushed by lsn 0
[2020-12-26 12:03:50,775][INFO][WAL][CollectionFlushed][wal_thread]  is flushed by lsn 0
[2020-12-26 12:03:51,776][INFO][WAL][CollectionFlushed][wal_thread]  is flushed by lsn 0
[2020-12-26 12:03:52,777][INFO][WAL][CollectionFlushed][wal_thread]  is flushed by lsn 0
[2020-12-26 12:03:53,778][INFO][WAL][CollectionFlushed][wal_thread]  is flushed by lsn 0
[2020-12-26 12:03:54,779][INFO][WAL][CollectionFlushed][wal_thread]  is flushed by lsn 0
[2020-12-26 12:03:55,780][INFO][WAL][CollectionFlushed][wal_thread]  is flushed by lsn 0
[2020-12-26 12:03:56,780][INFO][WAL][CollectionFlushed][wal_thread]  is flushed by lsn 0
[2020-12-26 12:03:57,781][INFO][WAL][CollectionFlushed][wal_thread]  is flushed by lsn 0
[2020-12-26 12:03:58,782][INFO][WAL][CollectionFlushed][wal_thread]  is flushed by lsn 0
[2020-12-26 12:03:59,783][INFO][WAL][CollectionFlushed][wal_thread]  is flushed by lsn 0
[2020-12-26 12:04:00,784][INFO][WAL][CollectionFlushed][wal_thread]  is flushed by lsn 0
[2020-12-26 12:04:01,784][INFO][WAL][CollectionFlushed][wal_thread]  is flushed by lsn 0
[2020-12-26 12:04:02,785][INFO][WAL][CollectionFlushed][wal_thread]  is flushed by lsn 0
[2020-12-26 12:04:03,786][INFO][WAL][CollectionFlushed][wal_thread]  is flushed by lsn 0
[2020-12-26 12:04:04,787][INFO][WAL][CollectionFlushed][wal_thread]  is flushed by lsn 0
[2020-12-26 12:04:05,788][INFO][WAL][CollectionFlushed][wal_thread]  is flushed by lsn 0
[2020-12-26 12:04:06,789][INFO][WAL][CollectionFlushed][wal_thread]  is flushed by lsn 0
[2020-12-26 12:04:07,789][INFO][WAL][CollectionFlushed][wal_thread]  is flushed by lsn 0
[2020-12-26 12:04:08,790][INFO][WAL][CollectionFlushed][wal_thread]  is flushed by lsn 0
[2020-12-26 12:04:09,791][INFO][WAL][CollectionFlushed][wal_thread]  is flushed by lsn 0
[2020-12-26 12:04:10,792][INFO][WAL][CollectionFlushed][wal_thread]  is flushed by lsn 0
[2020-12-26 12:04:11,793][INFO][WAL][CollectionFlushed][wal_thread]  is flushed by lsn 0
[2020-12-26 12:04:12,794][INFO][WAL][CollectionFlushed][wal_thread]  is flushed by lsn 0
[2020-12-26 12:04:13,795][INFO][WAL][CollectionFlushed][wal_thread]  is flushed by lsn 0
[2020-12-26 12:04:14,796][INFO][WAL][CollectionFlushed][wal_thread]  is flushed by lsn 0
[2020-12-26 12:04:15,797][INFO][WAL][CollectionFlushed][wal_thread]  is flushed by lsn 0
[2020-12-26 12:04:16,798][INFO][WAL][CollectionFlushed][wal_thread]  is flushed by lsn 0
[2020-12-26 12:04:17,799][INFO][WAL][CollectionFlushed][wal_thread]  is flushed by lsn 0
[2020-12-26 12:04:18,800][INFO][WAL][CollectionFlushed][wal_thread]  is flushed by lsn 0
[2020-12-26 12:04:19,801][INFO][WAL][CollectionFlushed][wal_thread]  is flushed by lsn 0
[2020-12-26 12:04:20,804][INFO][WAL][CollectionFlushed][wal_thread]  is flushed by lsn 0
[2020-12-26 12:04:21,804][INFO][WAL][CollectionFlushed][wal_thread]  is flushed by lsn 0
[2020-12-26 12:04:22,805][INFO][WAL][CollectionFlushed][wal_thread]  is flushed by lsn 0
[2020-12-26 12:04:23,806][INFO][WAL][CollectionFlushed][wal_thread]  is flushed by lsn 0
[2020-12-26 12:04:24,807][INFO][WAL][CollectionFlushed][wal_thread]  is flushed by lsn 0
[2020-12-26 12:04:25,808][INFO][WAL][CollectionFlushed][wal_thread]  is flushed by lsn 0
[2020-12-26 12:04:26,810][INFO][WAL][CollectionFlushed][wal_thread]  is flushed by lsn 0
[2020-12-26 12:04:27,810][INFO][WAL][CollectionFlushed][wal_thread]  is flushed by lsn 0
[2020-12-26 12:04:28,811][INFO][WAL][CollectionFlushed][wal_thread]  is flushed by lsn 0
[2020-12-26 12:04:29,812][INFO][WAL][CollectionFlushed][wal_thread]  is flushed by lsn 0
[2020-12-26 12:04:30,816][INFO][WAL][CollectionFlushed][wal_thread]  is flushed by lsn 0
[2020-12-26 12:04:31,817][INFO][WAL][CollectionFlushed][wal_thread]  is flushed by lsn 0
[2020-12-26 12:04:32,819][INFO][WAL][CollectionFlushed][wal_thread]  is flushed by lsn 0
[2020-12-26 12:04:33,820][INFO][WAL][CollectionFlushed][wal_thread]  is flushed by lsn 0
[2020-12-26 12:04:34,821][INFO][WAL][CollectionFlushed][wal_thread]  is flushed by lsn 0
[2020-12-26 12:04:35,822][INFO][WAL][CollectionFlushed][wal_thread]  is flushed by lsn 0
[2020-12-26 12:04:36,824][INFO][WAL][CollectionFlushed][wal_thread]  is flushed by lsn 0
[2020-12-26 12:04:37,825][INFO][WAL][CollectionFlushed][wal_thread]  is flushed by lsn 0
[2020-12-26 12:04:38,825][INFO][WAL][CollectionFlushed][wal_thread]  is flushed by lsn 0
[2020-12-26 12:04:39,826][INFO][WAL][CollectionFlushed][wal_thread]  is flushed by lsn 0
[2020-12-26 12:04:40,828][INFO][WAL][CollectionFlushed][wal_thread]  is flushed by lsn 0
[2020-12-26 12:04:41,828][INFO][WAL][CollectionFlushed][wal_thread]  is flushed by lsn 0
[2020-12-26 12:04:42,829][INFO][WAL][CollectionFlushed][wal_thread]  is flushed by lsn 0
[2020-12-26 12:04:43,830][INFO][WAL][CollectionFlushed][wal_thread]  is flushed by lsn 0
[2020-12-26 12:04:44,831][INFO][WAL][CollectionFlushed][wal_thread]  is flushed by lsn 0
[2020-12-26 12:04:45,832][INFO][WAL][CollectionFlushed][wal_thread]  is flushed by lsn 0
[2020-12-26 12:04:46,833][INFO][WAL][CollectionFlushed][wal_thread]  is flushed by lsn 0
[2020-12-26 12:04:47,834][INFO][WAL][CollectionFlushed][wal_thread]  is flushed by lsn 0
[2020-12-26 12:04:48,835][INFO][WAL][CollectionFlushed][wal_thread]  is flushed by lsn 0
[2020-12-26 12:04:49,836][INFO][WAL][CollectionFlushed][wal_thread]  is flushed by lsn 0
[2020-12-26 12:04:50,836][INFO][WAL][CollectionFlushed][wal_thread]  is flushed by lsn 0
[2020-12-26 12:04:51,837][INFO][WAL][CollectionFlushed][wal_thread]  is flushed by lsn 0
[2020-12-26 12:04:52,838][INFO][WAL][CollectionFlushed][wal_thread]  is flushed by lsn 0
[2020-12-26 12:04:53,839][INFO][WAL][CollectionFlushed][wal_thread]  is flushed by lsn 0
[2020-12-26 12:04:54,840][INFO][WAL][CollectionFlushed][wal_thread]  is flushed by lsn 0
[2020-12-26 12:04:55,841][INFO][WAL][CollectionFlushed][wal_thread]  is flushed by lsn 0
[2020-12-26 12:04:56,842][INFO][WAL][CollectionFlushed][wal_thread]  is flushed by lsn 0
[2020-12-26 12:04:57,843][INFO][WAL][CollectionFlushed][wal_thread]  is flushed by lsn 0
[2020-12-26 12:04:58,844][INFO][WAL][CollectionFlushed][wal_thread]  is flushed by lsn 0
[2020-12-26 12:04:59,845][INFO][WAL][CollectionFlushed][wal_thread]  is flushed by lsn 0
[2020-12-26 12:05:00,846][INFO][WAL][CollectionFlushed][wal_thread]  is flushed by lsn 0
[2020-12-26 12:05:01,847][INFO][WAL][CollectionFlushed][wal_thread]  is flushed by lsn 0
[2020-12-26 12:05:02,848][INFO][WAL][CollectionFlushed][wal_thread]  is flushed by lsn 0
[2020-12-26 12:05:03,849][INFO][WAL][CollectionFlushed][wal_thread]  is flushed by lsn 0
[2020-12-26 12:05:04,850][INFO][WAL][CollectionFlushed][wal_thread]  is flushed by lsn 0
[2020-12-26 12:05:05,851][INFO][WAL][CollectionFlushed][wal_thread]  is flushed by lsn 0
[2020-12-26 12:05:06,852][INFO][WAL][CollectionFlushed][wal_thread]  is flushed by lsn 0
[2020-12-26 12:05:07,853][INFO][WAL][CollectionFlushed][wal_thread]  is flushed by lsn 0
[2020-12-26 12:05:08,854][INFO][WAL][CollectionFlushed][wal_thread]  is flushed by lsn 0
[2020-12-26 12:05:09,855][INFO][WAL][CollectionFlushed][wal_thread]  is flushed by lsn 0
[2020-12-26 12:05:10,856][INFO][WAL][CollectionFlushed][wal_thread]  is flushed by lsn 0
[2020-12-26 12:05:11,857][INFO][WAL][CollectionFlushed][wal_thread]  is flushed by lsn 0
[2020-12-26 12:05:12,858][INFO][WAL][CollectionFlushed][wal_thread]  is flushed by lsn 0
[2020-12-26 12:05:13,859][INFO][WAL][CollectionFlushed][wal_thread]  is flushed by lsn 0
[2020-12-26 12:05:14,860][INFO][WAL][CollectionFlushed][wal_thread]  is flushed by lsn 0
[2020-12-26 12:05:15,861][INFO][WAL][CollectionFlushed][wal_thread]  is flushed by lsn 0
[2020-12-26 12:05:16,862][INFO][WAL][CollectionFlushed][wal_thread]  is flushed by lsn 0
[2020-12-26 12:05:17,863][INFO][WAL][CollectionFlushed][wal_thread]  is flushed by lsn 0
[2020-12-26 12:05:18,864][INFO][WAL][CollectionFlushed][wal_thread]  is flushed by lsn 0
[2020-12-26 12:05:19,866][INFO][WAL][CollectionFlushed][wal_thread]  is flushed by lsn 0
[2020-12-26 12:05:20,867][INFO][WAL][CollectionFlushed][wal_thread]  is flushed by lsn 0
[2020-12-26 12:05:21,869][INFO][WAL][CollectionFlushed][wal_thread]  is flushed by lsn 0
[2020-12-26 12:05:22,870][INFO][WAL][CollectionFlushed][wal_thread]  is flushed by lsn 0
[2020-12-26 12:05:23,872][INFO][WAL][CollectionFlushed][wal_thread]  is flushed by lsn 0
[2020-12-26 12:05:24,873][INFO][WAL][CollectionFlushed][wal_thread]  is flushed by lsn 0
[2020-12-26 12:05:25,874][INFO][WAL][CollectionFlushed][wal_thread]  is flushed by lsn 0
[2020-12-26 12:05:26,877][INFO][WAL][CollectionFlushed][wal_thread]  is flushed by lsn 0
[2020-12-26 12:05:27,878][INFO][WAL][CollectionFlushed][wal_thread]  is flushed by lsn 0
[2020-12-26 12:05:28,879][INFO][WAL][CollectionFlushed][wal_thread]  is flushed by lsn 0
[2020-12-26 12:05:29,881][INFO][WAL][CollectionFlushed][wal_thread]  is flushed by lsn 0
[2020-12-26 12:05:30,882][INFO][WAL][CollectionFlushed][wal_thread]  is flushed by lsn 0
[2020-12-26 12:05:31,898][INFO][WAL][CollectionFlushed][wal_thread]  is flushed by lsn 0
[2020-12-26 12:05:32,898][INFO][WAL][CollectionFlushed][wal_thread]  is flushed by lsn 0
[2020-12-26 12:05:33,900][INFO][WAL][CollectionFlushed][wal_thread]  is flushed by lsn 0
[2020-12-26 12:05:34,901][INFO][WAL][CollectionFlushed][wal_thread]  is flushed by lsn 0
[2020-12-26 12:05:35,902][INFO][WAL][CollectionFlushed][wal_thread]  is flushed by lsn 0
[2020-12-26 12:05:36,903][INFO][WAL][CollectionFlushed][wal_thread]  is flushed by lsn 0
[2020-12-26 12:05:37,904][INFO][WAL][CollectionFlushed][wal_thread]  is flushed by lsn 0
[2020-12-26 12:05:38,905][INFO][WAL][CollectionFlushed][wal_thread]  is flushed by lsn 0
[2020-12-26 12:05:39,905][INFO][WAL][CollectionFlushed][wal_thread]  is flushed by lsn 0
[2020-12-26 12:05:40,907][INFO][WAL][CollectionFlushed][wal_thread]  is flushed by lsn 0
[2020-12-26 12:05:41,908][INFO][WAL][CollectionFlushed][wal_thread]  is flushed by lsn 0
[2020-12-26 12:05:42,909][INFO][WAL][CollectionFlushed][wal_thread]  is flushed by lsn 0
[2020-12-26 12:05:43,910][INFO][WAL][CollectionFlushed][wal_thread]  is flushed by lsn 0
[2020-12-26 12:05:44,910][INFO][WAL][CollectionFlushed][wal_thread]  is flushed by lsn 0
[2020-12-26 12:05:45,911][INFO][WAL][CollectionFlushed][wal_thread]  is flushed by lsn 0
[2020-12-26 12:05:46,912][INFO][WAL][CollectionFlushed][wal_thread]  is flushed by lsn 0
[2020-12-26 12:05:47,913][INFO][WAL][CollectionFlushed][wal_thread]  is flushed by lsn 0
[2020-12-26 12:05:48,914][INFO][WAL][CollectionFlushed][wal_thread]  is flushed by lsn 0
[2020-12-26 12:05:49,915][INFO][WAL][CollectionFlushed][wal_thread]  is flushed by lsn 0
[2020-12-26 12:05:50,916][INFO][WAL][CollectionFlushed][wal_thread]  is flushed by lsn 0
[2020-12-26 12:05:51,917][INFO][WAL][CollectionFlushed][wal_thread]  is flushed by lsn 0
[2020-12-26 12:05:52,919][INFO][WAL][CollectionFlushed][wal_thread]  is flushed by lsn 0
[2020-12-26 12:05:53,919][INFO][WAL][CollectionFlushed][wal_thread]  is flushed by lsn 0
[2020-12-26 12:05:54,920][INFO][WAL][CollectionFlushed][wal_thread]  is flushed by lsn 0
[2020-12-26 12:05:55,921][INFO][WAL][CollectionFlushed][wal_thread]  is flushed by lsn 0
[2020-12-26 12:05:56,923][INFO][WAL][CollectionFlushed][wal_thread]  is flushed by lsn 0
[2020-12-26 12:05:57,924][INFO][WAL][CollectionFlushed][wal_thread]  is flushed by lsn 0
[2020-12-26 12:05:58,925][INFO][WAL][CollectionFlushed][wal_thread]  is flushed by lsn 0
[2020-12-26 12:05:59,926][INFO][WAL][CollectionFlushed][wal_thread]  is flushed by lsn 0
[2020-12-26 12:06:00,926][INFO][WAL][CollectionFlushed][wal_thread]  is flushed by lsn 0
[2020-12-26 12:06:01,927][INFO][WAL][CollectionFlushed][wal_thread]  is flushed by lsn 0
[2020-12-26 12:06:02,928][INFO][WAL][CollectionFlushed][wal_thread]  is flushed by lsn 0
[2020-12-26 12:06:03,929][INFO][WAL][CollectionFlushed][wal_thread]  is flushed by lsn 0
[2020-12-26 12:06:04,931][INFO][WAL][CollectionFlushed][wal_thread]  is flushed by lsn 0
[2020-12-26 12:06:05,932][INFO][WAL][CollectionFlushed][wal_thread]  is flushed by lsn 0
[2020-12-26 12:06:06,933][INFO][WAL][CollectionFlushed][wal_thread]  is flushed by lsn 0
[2020-12-26 12:06:07,934][INFO][WAL][CollectionFlushed][wal_thread]  is flushed by lsn 0
[2020-12-26 12:06:08,935][INFO][WAL][CollectionFlushed][wal_thread]  is flushed by lsn 0
[2020-12-26 12:06:09,937][INFO][WAL][CollectionFlushed][wal_thread]  is flushed by lsn 0
[2020-12-26 12:06:10,938][INFO][WAL][CollectionFlushed][wal_thread]  is flushed by lsn 0
