[2020-12-30 16:38:36,563][DEBUG][ENGINE][CheckCpuInstructionSet][milvus_server] Supported CPU instruction sets: avx2, sse4_2
[2020-12-30 16:38:36,573][DEBUG][ENGINE][Initialize][milvus_server] FAISS hook AVX2
[2020-12-30 16:38:36,821][DEBUG][WAL][Init][milvus_server] start_lsn 4295396812 end_lsn 4295432308
[2020-12-30 16:39:50,237][DEBUG][SERVER][OnPostRecvInitialMetaData][grpcpp_sync_ser] milvus generate request_id: 0
[2020-12-30 16:39:50,275][DEBUG][SERVER][PrintTimeRecord][reqsched_thread] CmdRequest(cmd=version): totally cost (0.000001 second [0.001100 ms])
[2020-12-30 16:39:50,287][DEBUG][SERVER][OnPostRecvInitialMetaData][grpcpp_sync_ser] milvus generate request_id: 1
[2020-12-30 16:39:50,303][DEBUG][SERVER][PrintTimeRecord][reqsched_thread] HasCollectionRequest(collection=retina_face): totally cost (0.000107 second [0.107300 ms])
[2020-12-30 16:39:50,305][DEBUG][SERVER][OnPostRecvInitialMetaData][grpcpp_sync_ser] milvus generate request_id: 2
[2020-12-30 16:39:50,306][DEBUG][SERVER][PrintTimeRecord][reqsched_thread] DescribeCollectionRequest(collection=retina_face): totally cost (0.000165 second [0.165200 ms])
[2020-12-30 16:39:50,309][DEBUG][SERVER][OnPostRecvInitialMetaData][grpcpp_sync_ser] milvus generate request_id: 3
[2020-12-30 16:39:50,311][DEBUG][SERVER][PrintTimeRecord][reqsched_thread] [insert][0] InsertRequest(collection=retina_face, n=1, partition_tag=): check validation (0.000126 second [0.126100 ms])
[2020-12-30 16:39:50,311][DEBUG][SERVER][PrintTimeRecord][reqsched_thread] [insert][0] InsertRequest(collection=retina_face, n=1, partition_tag=): prepare vectors data (0.000525 second [0.525100 ms])
[2020-12-30 16:39:50,314][DEBUG][ENGINE][UpdateCollectionFlag][reqsched_thread] Successfully update collection flag, collection id = retina_face
[2020-12-30 16:39:50,315][DEBUG][SERVER][PrintTimeRecord][reqsched_thread] [insert][0] InsertRequest(collection=retina_face, n=1, partition_tag=): add vectors to engine (0.003324 second [3.323600 ms])
[2020-12-30 16:39:50,315][DEBUG][SERVER][PrintTimeRecord][reqsched_thread] [insert][0] InsertRequest(collection=retina_face, n=1, partition_tag=): total cost (0.004778 second [4.778400 ms])
[2020-12-30 16:39:50,317][DEBUG][SERVER][OnPostRecvInitialMetaData][grpcpp_sync_ser] milvus generate request_id: 4
[2020-12-30 16:39:50,318][DEBUG][ENGINE][CreateCollectionFile][wal_thread] Successfully create collection file, file id = 1609317590315217000
[2020-12-30 16:39:50,318][DEBUG][SERVER][OnExecute][reqsched_thread] FlushRequest flush collections: retina_face, 
[2020-12-30 16:39:50,345][DEBUG][ENGINE][Add][wal_thread] [insert][0]Insert float data into segment
[2020-12-30 16:39:50,345][DEBUG][ENGINE][Flush][reqsched_thread] Begin flush collection: retina_face
[2020-12-30 16:39:50,345][DEBUG][ENGINE][Flush][reqsched_thread] WAL flush
[2020-12-30 16:39:50,347][DEBUG][ENGINE][Flush][wal_thread] Flushing collection: retina_face
[2020-12-30 16:39:50,354][DEBUG][SERVER][PrintTimeRecord][wal_thread] SegmentWriter::WriteBloomFilter: Initializing bloom filter (0.006452 second [6.451700 ms])
[2020-12-30 16:39:50,364][DEBUG][SERVER][PrintTimeRecord][wal_thread] SegmentWriter::WriteBloomFilter: Adding 1 ids to bloom filter (0.010386 second [10.385600 ms])
[2020-12-30 16:39:50,365][DEBUG][SERVER][PrintTimeRecord][wal_thread] SegmentWriter::WriteBloomFilter: Writing bloom filter (0.001128 second [1.127900 ms])
[2020-12-30 16:39:50,366][DEBUG][SERVER][PrintTimeRecord][wal_thread] SegmentWriter::Serialize: Writing bloom filter done (0.018280 second [18.279600 ms])
[2020-12-30 16:39:50,369][DEBUG][SERVER][PrintTimeRecord][wal_thread] write vectors: write rv done (0.001767 second [1.767500 ms])
[2020-12-30 16:39:50,371][DEBUG][SERVER][PrintTimeRecord][wal_thread] write vectors: write uids done (0.002376 second [2.375500 ms])
[2020-12-30 16:39:50,372][DEBUG][SERVER][PrintTimeRecord][wal_thread] SegmentWriter::Serialize: Writing vectors and uids done (0.005974 second [5.974400 ms])
[2020-12-30 16:39:50,393][DEBUG][SERVER][PrintTimeRecord][wal_thread] SegmentWriter::Serialize: Writing deleted docs done (0.020863 second [20.863000 ms])
[2020-12-30 16:39:50,393][DEBUG][ENGINE][Serialize][wal_thread] New raw file 1609317590315217000 of size 2048 bytes, lsn = 4295434396
[2020-12-30 16:39:50,394][DEBUG][ENGINE][Serialize][wal_thread] Flushed segment 1609317590315217000
[2020-12-30 16:39:50,399][DEBUG][ENGINE][UpdateCollectionFiles][wal_thread] Update 1 collection files
[2020-12-30 16:39:50,400][DEBUG][ENGINE][UpdateCollectionFlushLSN][wal_thread] Successfully update collection flush_lsn, collection id = retina_face flush_lsn = 4295434396
[2020-12-30 16:39:50,401][DEBUG][SERVER][PrintTimeRecord][wal_thread] MemTable::Serialize collection retina_face: Finished flushing (0.053583 second [53.583300 ms])
[2020-12-30 16:39:50,401][DEBUG][ENGINE][Flush][wal_thread] Flushed collection: retina_face
[2020-12-30 16:39:50,402][DEBUG][ENGINE][Flush][reqsched_thread] End flush collection: retina_face
[2020-12-30 16:39:50,403][DEBUG][SERVER][PrintTimeRecord][reqsched_thread] FlushRequest flush collections: retina_face, : totally cost (0.084881 second [84.881400 ms])
[2020-12-30 16:39:50,405][DEBUG][SERVER][OnPostRecvInitialMetaData][grpcpp_sync_ser] milvus generate request_id: 5
[2020-12-30 16:39:50,405][DEBUG][ENGINE][FilesToMerge][milvus_server] Collect 2 to-merge files in collection retina_face
[2020-12-30 16:39:50,406][DEBUG][ENGINE][MarkOngoingFileNoLock][milvus_server] Mark ongoing file:1609316403836908000 refcount:1
[2020-12-30 16:39:50,406][DEBUG][ENGINE][MarkOngoingFileNoLock][milvus_server] Mark ongoing file:1609317590315217000 refcount:1
[2020-12-30 16:39:50,407][DEBUG][SERVER][PrintTimeRecord][reqsched_thread] CountCollectionRequest(collection=retina_face): check validation (0.000171 second [0.171000 ms])
[2020-12-30 16:39:50,408][DEBUG][SERVER][PrintTimeRecord][reqsched_thread] CountCollectionRequest(collection=retina_face): totally cost (0.000940 second [0.940500 ms])
[2020-12-30 16:39:50,410][DEBUG][SERVER][OnPostRecvInitialMetaData][grpcpp_sync_ser] milvus generate request_id: 6
[2020-12-30 16:39:50,411][DEBUG][ENGINE][MarkOngoingFileNoLock][reqsched_thread] Mark ongoing file:1609316403836908000 refcount:2
[2020-12-30 16:39:50,411][DEBUG][ENGINE][MarkOngoingFileNoLock][reqsched_thread] Mark ongoing file:1609317590315217000 refcount:2
[2020-12-30 16:39:50,412][DEBUG][ENGINE][FilesByType][reqsched_thread] Get collection files by type. raw files:2 to_index files:0 index files:0
[2020-12-30 16:39:50,412][DEBUG][ENGINE][UnmarkOngoingFileNoLock][reqsched_thread] Unmark ongoing file:1609316403836908000 refcount:1
[2020-12-30 16:39:50,412][DEBUG][ENGINE][UnmarkOngoingFileNoLock][reqsched_thread] Unmark ongoing file:1609317590315217000 refcount:1
[2020-12-30 16:39:50,413][DEBUG][SERVER][PrintTimeRecord][reqsched_thread] ShowCollectionInfoRequest(collection=retina_face): totally cost (0.001886 second [1.885800 ms])
[2020-12-30 16:39:50,414][DEBUG][SERVER][OnPostRecvInitialMetaData][grpcpp_sync_ser] milvus generate request_id: 7
[2020-12-30 16:39:50,415][DEBUG][ENGINE][CreateCollectionFile][milvus_server] Successfully create collection file, file id = 1609317590413821000
[2020-12-30 16:39:50,420][DEBUG][ENGINE][Merge][milvus_server] Merging from /var/lib/milvus/db/tables/retina_face/1609317590315217000 to /var/lib/milvus/db/tables/retina_face/1609317590413821000
[2020-12-30 16:39:50,420][DEBUG][SERVER][PrintTimeRecord][reqsched_thread] CreateIndexRequest(collection=retina_face): check validation (0.004494 second [4.494300 ms])
[2020-12-30 16:39:50,420][DEBUG][ENGINE][Flush][reqsched_thread] Begin flush all collections
[2020-12-30 16:39:50,421][DEBUG][ENGINE][Flush][reqsched_thread] WAL flush
[2020-12-30 16:39:50,429][DEBUG][SERVER][PrintTimeRecord][milvus_server] SegmentWriter::Merge: Loading segment (0.008615 second [8.615400 ms])
[2020-12-30 16:39:50,429][DEBUG][SERVER][PrintTimeRecord][milvus_server] SegmentWriter::Merge: erase (0.000405 second [0.405400 ms])
[2020-12-30 16:39:50,429][DEBUG][SERVER][PrintTimeRecord][milvus_server] SegmentWriter::Merge: Adding 1 vectors and uids (0.000368 second [0.368300 ms])
[2020-12-30 16:39:50,430][DEBUG][ENGINE][Merge][milvus_server] Merging completed from /var/lib/milvus/db/tables/retina_face/1609317590315217000 to /var/lib/milvus/db/tables/retina_face/1609317590413821000
[2020-12-30 16:39:50,430][DEBUG][ENGINE][Merge][milvus_server] Merging from /var/lib/milvus/db/tables/retina_face/1609316403836908000 to /var/lib/milvus/db/tables/retina_face/1609317590413821000
[2020-12-30 16:39:50,467][DEBUG][SERVER][PrintTimeRecord][milvus_server] SegmentWriter::Merge: Loading segment (0.036298 second [36.298100 ms])
[2020-12-30 16:39:50,468][DEBUG][SERVER][PrintTimeRecord][milvus_server] SegmentWriter::Merge: erase (0.000872 second [0.872400 ms])
[2020-12-30 16:39:50,468][DEBUG][SERVER][PrintTimeRecord][milvus_server] SegmentWriter::Merge: Adding 37 vectors and uids (0.000471 second [0.470800 ms])
[2020-12-30 16:39:50,468][DEBUG][ENGINE][Merge][milvus_server] Merging completed from /var/lib/milvus/db/tables/retina_face/1609316403836908000 to /var/lib/milvus/db/tables/retina_face/1609317590413821000
[2020-12-30 16:39:50,469][DEBUG][ENGINE][Execute][milvus_server] Merge task files size info:2056, 76072, 
[2020-12-30 16:39:50,475][DEBUG][SERVER][PrintTimeRecord][milvus_server] SegmentWriter::WriteBloomFilter: Initializing bloom filter (0.005304 second [5.303600 ms])
[2020-12-30 16:39:50,510][DEBUG][SERVER][PrintTimeRecord][milvus_server] SegmentWriter::WriteBloomFilter: Adding 38 ids to bloom filter (0.035515 second [35.515100 ms])
[2020-12-30 16:39:50,513][DEBUG][SERVER][PrintTimeRecord][milvus_server] SegmentWriter::WriteBloomFilter: Writing bloom filter (0.002651 second [2.651400 ms])
[2020-12-30 16:39:50,513][DEBUG][SERVER][PrintTimeRecord][milvus_server] SegmentWriter::Serialize: Writing bloom filter done (0.043934 second [43.934300 ms])
[2020-12-30 16:39:50,517][DEBUG][SERVER][PrintTimeRecord][milvus_server] write vectors: write rv done (0.002470 second [2.470000 ms])
[2020-12-30 16:39:50,537][DEBUG][SERVER][PrintTimeRecord][milvus_server] write vectors: write uids done (0.020361 second [20.361000 ms])
[2020-12-30 16:39:50,539][DEBUG][SERVER][PrintTimeRecord][milvus_server] SegmentWriter::Serialize: Writing vectors and uids done (0.025902 second [25.902200 ms])
[2020-12-30 16:39:50,552][DEBUG][SERVER][PrintTimeRecord][milvus_server] SegmentWriter::Serialize: Writing deleted docs done (0.012616 second [12.616200 ms])
[2020-12-30 16:39:50,554][DEBUG][ENGINE][UpdateCollectionFiles][milvus_server] Update 3 collection files
[2020-12-30 16:39:50,555][DEBUG][ENGINE][Execute][milvus_server] New merged segment 1609317590413821000 of size 78128 bytes
[2020-12-30 16:39:50,557][DEBUG][ENGINE][UnmarkOngoingFileNoLock][milvus_server] Unmark ongoing file:1609317590315217000 refcount:0
[2020-12-30 16:39:50,569][DEBUG][ENGINE][UnmarkOngoingFileNoLock][milvus_server] Unmark ongoing file:1609316403836908000 refcount:0
[2020-12-30 16:39:50,575][DEBUG][ENGINE][Flush][reqsched_thread] End flush all collections
[2020-12-30 16:39:50,582][DEBUG][ENGINE][MarkOngoingFileNoLock][reqsched_thread] Mark ongoing file:1609317590413821000 refcount:1
[2020-12-30 16:39:50,582][DEBUG][ENGINE][FilesByType][reqsched_thread] Get collection files by type. raw files:1 new files:0 new_merge files:0 new_index files:0 to_index files:0
[2020-12-30 16:39:50,583][DEBUG][ENGINE][UnmarkOngoingFileNoLock][reqsched_thread] Unmark ongoing file:1609317590413821000 refcount:0
[2020-12-30 16:39:50,584][DEBUG][ENGINE][WaitCollectionIndexRecursively][reqsched_thread] WaitCollectionIndexRecursively finished
[2020-12-30 16:39:50,584][DEBUG][SERVER][PrintTimeRecord][reqsched_thread] CreateIndexRequest(collection=retina_face): totally cost (0.169013 second [169.013300 ms])
[2020-12-30 16:39:50,586][DEBUG][SERVER][OnPostRecvInitialMetaData][grpcpp_sync_ser] milvus generate request_id: 8
[2020-12-30 16:39:50,587][DEBUG][SERVER][PrintTimeRecord][reqsched_thread] DescribeIndexRequest(collection=retina_face): totally cost (0.000158 second [0.157800 ms])
[2020-12-30 16:40:00,591][DEBUG][ENGINE][operator()][milvus_server] Remove file id:1609316403836908000 location:/var/lib/milvus/db/tables/retina_face/1609316403836908000/1609316403836908000
[2020-12-30 16:40:00,592][DEBUG][ENGINE][operator()][milvus_server] Remove file id:1609317590315217000 location:/var/lib/milvus/db/tables/retina_face/1609317590315217000/1609317590315217000
[2020-12-30 16:40:00,593][DEBUG][ENGINE][CleanUpFilesWithTTL][milvus_server] Clean 2 files expired in 10 seconds
[2020-12-30 16:40:00,599][DEBUG][ENGINE][CleanUpFilesWithTTL][milvus_server] Remove segment directory: /var/lib/milvus/db/tables/retina_face/1609316403836908000
[2020-12-30 16:40:00,605][DEBUG][ENGINE][CleanUpFilesWithTTL][milvus_server] Remove segment directory: /var/lib/milvus/db/tables/retina_face/1609317590315217000
[2020-12-30 16:40:00,605][DEBUG][ENGINE][CleanUpFilesWithTTL][milvus_server] Remove 2 segments folder
[2020-12-30 16:40:01,869][DEBUG][SERVER][OnPostRecvInitialMetaData][grpcpp_sync_ser] milvus generate request_id: 9
[2020-12-30 16:40:01,870][DEBUG][SERVER][PrintTimeRecord][reqsched_thread] CmdRequest(cmd=version): totally cost (0.000001 second [0.000600 ms])
[2020-12-30 16:40:01,872][DEBUG][SERVER][OnPostRecvInitialMetaData][grpcpp_sync_ser] milvus generate request_id: 10
[2020-12-30 16:40:01,873][DEBUG][SERVER][PrintTimeRecord][reqsched_thread] HasCollectionRequest(collection=retina_face): totally cost (0.000102 second [0.102300 ms])
[2020-12-30 16:40:01,875][DEBUG][SERVER][OnPostRecvInitialMetaData][grpcpp_sync_ser] milvus generate request_id: 11
[2020-12-30 16:40:01,875][DEBUG][SERVER][PrintTimeRecord][reqsched_thread] DescribeCollectionRequest(collection=retina_face): totally cost (0.000124 second [0.124000 ms])
[2020-12-30 16:40:01,877][DEBUG][SERVER][OnPostRecvInitialMetaData][grpcpp_sync_ser] milvus generate request_id: 12
[2020-12-30 16:40:01,879][DEBUG][SERVER][PrintTimeRecord][reqsched_thread] [insert][0] InsertRequest(collection=retina_face, n=1, partition_tag=): check validation (0.000090 second [0.090500 ms])
[2020-12-30 16:40:01,879][DEBUG][SERVER][PrintTimeRecord][reqsched_thread] [insert][0] InsertRequest(collection=retina_face, n=1, partition_tag=): prepare vectors data (0.000382 second [0.381900 ms])
[2020-12-30 16:40:01,881][DEBUG][ENGINE][UpdateCollectionFlag][reqsched_thread] Successfully update collection flag, collection id = retina_face
[2020-12-30 16:40:01,881][DEBUG][SERVER][PrintTimeRecord][reqsched_thread] [insert][0] InsertRequest(collection=retina_face, n=1, partition_tag=): add vectors to engine (0.002118 second [2.117800 ms])
[2020-12-30 16:40:01,882][DEBUG][SERVER][PrintTimeRecord][reqsched_thread] [insert][0] InsertRequest(collection=retina_face, n=1, partition_tag=): total cost (0.003173 second [3.172900 ms])
[2020-12-30 16:40:01,882][DEBUG][ENGINE][CreateCollectionFile][wal_thread] Successfully create collection file, file id = 1609317601881866000
[2020-12-30 16:40:01,883][DEBUG][SERVER][OnPostRecvInitialMetaData][grpcpp_sync_ser] milvus generate request_id: 13
[2020-12-30 16:40:01,884][DEBUG][SERVER][OnExecute][reqsched_thread] FlushRequest flush collections: retina_face, 
[2020-12-30 16:40:01,887][DEBUG][ENGINE][Add][wal_thread] [insert][0]Insert float data into segment
[2020-12-30 16:40:01,889][DEBUG][ENGINE][Flush][reqsched_thread] Begin flush collection: retina_face
[2020-12-30 16:40:01,889][DEBUG][ENGINE][Flush][reqsched_thread] WAL flush
[2020-12-30 16:40:01,890][DEBUG][ENGINE][Flush][wal_thread] Flushing collection: retina_face
[2020-12-30 16:40:01,894][DEBUG][SERVER][PrintTimeRecord][wal_thread] SegmentWriter::WriteBloomFilter: Initializing bloom filter (0.003700 second [3.700200 ms])
[2020-12-30 16:40:01,903][DEBUG][SERVER][PrintTimeRecord][wal_thread] SegmentWriter::WriteBloomFilter: Adding 1 ids to bloom filter (0.008879 second [8.879400 ms])
[2020-12-30 16:40:01,904][DEBUG][SERVER][PrintTimeRecord][wal_thread] SegmentWriter::WriteBloomFilter: Writing bloom filter (0.000520 second [0.519600 ms])
[2020-12-30 16:40:01,904][DEBUG][SERVER][PrintTimeRecord][wal_thread] SegmentWriter::Serialize: Writing bloom filter done (0.013634 second [13.634200 ms])
[2020-12-30 16:40:01,908][DEBUG][SERVER][PrintTimeRecord][wal_thread] write vectors: write rv done (0.002283 second [2.282700 ms])
[2020-12-30 16:40:01,911][DEBUG][SERVER][PrintTimeRecord][wal_thread] write vectors: write uids done (0.003253 second [3.253300 ms])
[2020-12-30 16:40:01,912][DEBUG][SERVER][PrintTimeRecord][wal_thread] SegmentWriter::Serialize: Writing vectors and uids done (0.007430 second [7.430300 ms])
[2020-12-30 16:40:01,916][DEBUG][SERVER][PrintTimeRecord][wal_thread] SegmentWriter::Serialize: Writing deleted docs done (0.003884 second [3.884000 ms])
[2020-12-30 16:40:01,916][DEBUG][ENGINE][Serialize][wal_thread] New raw file 1609317601881866000 of size 2048 bytes, lsn = 4295436484
[2020-12-30 16:40:01,916][DEBUG][ENGINE][Serialize][wal_thread] Flushed segment 1609317601881866000
[2020-12-30 16:40:01,920][DEBUG][ENGINE][UpdateCollectionFiles][wal_thread] Update 1 collection files
[2020-12-30 16:40:01,921][DEBUG][ENGINE][UpdateCollectionFlushLSN][wal_thread] Successfully update collection flush_lsn, collection id = retina_face flush_lsn = 4295436484
[2020-12-30 16:40:01,922][DEBUG][SERVER][PrintTimeRecord][wal_thread] MemTable::Serialize collection retina_face: Finished flushing (0.030894 second [30.893600 ms])
[2020-12-30 16:40:01,922][DEBUG][ENGINE][Flush][wal_thread] Flushed collection: retina_face
[2020-12-30 16:40:01,923][DEBUG][ENGINE][Flush][reqsched_thread] End flush collection: retina_face
[2020-12-30 16:40:01,923][DEBUG][SERVER][PrintTimeRecord][reqsched_thread] FlushRequest flush collections: retina_face, : totally cost (0.038736 second [38.736300 ms])
[2020-12-30 16:40:01,924][DEBUG][ENGINE][FilesToMerge][milvus_server] Collect 2 to-merge files in collection retina_face
[2020-12-30 16:40:01,924][DEBUG][ENGINE][MarkOngoingFileNoLock][milvus_server] Mark ongoing file:1609317590413821000 refcount:1
[2020-12-30 16:40:01,925][DEBUG][SERVER][OnPostRecvInitialMetaData][grpcpp_sync_ser] milvus generate request_id: 14
[2020-12-30 16:40:01,925][DEBUG][ENGINE][MarkOngoingFileNoLock][milvus_server] Mark ongoing file:1609317601881866000 refcount:1
[2020-12-30 16:40:01,927][DEBUG][SERVER][PrintTimeRecord][reqsched_thread] CountCollectionRequest(collection=retina_face): check validation (0.000091 second [0.091100 ms])
[2020-12-30 16:40:01,927][DEBUG][ENGINE][CreateCollectionFile][milvus_server] Successfully create collection file, file id = 1609317601927066000
[2020-12-30 16:40:01,932][DEBUG][ENGINE][Merge][milvus_server] Merging from /var/lib/milvus/db/tables/retina_face/1609317601881866000 to /var/lib/milvus/db/tables/retina_face/1609317601927066000
[2020-12-30 16:40:01,932][DEBUG][SERVER][PrintTimeRecord][reqsched_thread] CountCollectionRequest(collection=retina_face): totally cost (0.006327 second [6.327400 ms])
[2020-12-30 16:40:01,933][DEBUG][SERVER][OnPostRecvInitialMetaData][grpcpp_sync_ser] milvus generate request_id: 15
[2020-12-30 16:40:01,935][DEBUG][ENGINE][MarkOngoingFileNoLock][reqsched_thread] Mark ongoing file:1609317590413821000 refcount:2
[2020-12-30 16:40:01,936][DEBUG][ENGINE][MarkOngoingFileNoLock][reqsched_thread] Mark ongoing file:1609317601881866000 refcount:2
[2020-12-30 16:40:01,937][DEBUG][ENGINE][FilesByType][reqsched_thread] Get collection files by type. raw files:2 to_index files:0 index files:0
[2020-12-30 16:40:01,939][DEBUG][ENGINE][UnmarkOngoingFileNoLock][reqsched_thread] Unmark ongoing file:1609317590413821000 refcount:1
[2020-12-30 16:40:01,940][DEBUG][ENGINE][UnmarkOngoingFileNoLock][reqsched_thread] Unmark ongoing file:1609317601881866000 refcount:1
[2020-12-30 16:40:01,940][DEBUG][SERVER][PrintTimeRecord][reqsched_thread] ShowCollectionInfoRequest(collection=retina_face): totally cost (0.005373 second [5.373400 ms])
[2020-12-30 16:40:01,942][DEBUG][SERVER][OnPostRecvInitialMetaData][grpcpp_sync_ser] milvus generate request_id: 16
[2020-12-30 16:40:01,943][DEBUG][SERVER][PrintTimeRecord][grpcpp_sync_ser] [search][0] SearchRequest pre-execute(collection=retina_face): totally cost (0.000005 second [0.004800 ms])
[2020-12-30 16:40:01,944][DEBUG][SERVER][PrintTimeRecord][milvus_server] SegmentWriter::Merge: Loading segment (0.010614 second [10.614100 ms])
[2020-12-30 16:40:01,944][DEBUG][SERVER][PrintTimeRecord][milvus_server] SegmentWriter::Merge: erase (0.001433 second [1.433200 ms])
[2020-12-30 16:40:01,945][DEBUG][SERVER][PrintTimeRecord][milvus_server] SegmentWriter::Merge: Adding 1 vectors and uids (0.000345 second [0.345400 ms])
[2020-12-30 16:40:01,945][DEBUG][SERVER][PrintTimeRecord][reqsched_thread] [search][0] SearchRequest execute(collection=retina_face, nq=1, k=10): check validation (0.000111 second [0.110600 ms])
[2020-12-30 16:40:01,946][DEBUG][ENGINE][Merge][milvus_server] Merging completed from /var/lib/milvus/db/tables/retina_face/1609317601881866000 to /var/lib/milvus/db/tables/retina_face/1609317601927066000
[2020-12-30 16:40:01,946][DEBUG][ENGINE][MarkOngoingFileNoLock][reqsched_thread] Mark ongoing file:1609317590413821000 refcount:2
[2020-12-30 16:40:01,947][DEBUG][ENGINE][Merge][milvus_server] Merging from /var/lib/milvus/db/tables/retina_face/1609317590413821000 to /var/lib/milvus/db/tables/retina_face/1609317601927066000
[2020-12-30 16:40:01,947][DEBUG][ENGINE][MarkOngoingFileNoLock][reqsched_thread] Mark ongoing file:1609317601881866000 refcount:2
[2020-12-30 16:40:01,947][DEBUG][ENGINE][FilesToSearch][reqsched_thread] Collect 2 to-search files in collection retina_face
[2020-12-30 16:40:01,948][DEBUG][ENGINE][FilesToSearchEx][reqsched_thread] No file to search for collection: retina_face
[2020-12-30 16:40:01,949][DEBUG][SERVER][print][reqsched_thread] [CACHE CPU] [item count]: 0, [usage] 0MB, [capacity] 1024MB
[2020-12-30 16:40:01,950][DEBUG][ENGINE][QueryAsync][reqsched_thread] Engine query begin, index file count: 2
[2020-12-30 16:40:01,950][DEBUG][SERVER][AddIndexFile][reqsched_thread] [search][0] SearchJob 0 add index file: 81
[2020-12-30 16:40:01,951][DEBUG][SERVER][AddIndexFile][reqsched_thread] [search][0] SearchJob 0 add index file: 82
[2020-12-30 16:40:01,952][DEBUG][ENGINE][Build][jobmgr_thread] EngineFactory index type: 1
[2020-12-30 16:40:01,952][DEBUG][ENGINE][ExecutionEngineImpl][jobmgr_thread] Index params: {"dim":512,"gpu_id":0,"metric_type":"L2","nlist":2048}
[2020-12-30 16:40:01,957][DEBUG][SERVER][PrintTimeRecord][milvus_server] SegmentWriter::Merge: Loading segment (0.010180 second [10.179800 ms])
[2020-12-30 16:40:01,957][DEBUG][SERVER][PrintTimeRecord][milvus_server] SegmentWriter::Merge: erase (0.000344 second [0.344400 ms])
[2020-12-30 16:40:01,958][DEBUG][SERVER][PrintTimeRecord][milvus_server] SegmentWriter::Merge: Adding 38 vectors and uids (0.000459 second [0.458600 ms])
[2020-12-30 16:40:01,959][DEBUG][ENGINE][Merge][milvus_server] Merging completed from /var/lib/milvus/db/tables/retina_face/1609317590413821000 to /var/lib/milvus/db/tables/retina_face/1609317601927066000
[2020-12-30 16:40:01,959][DEBUG][ENGINE][Execute][milvus_server] Merge task files size info:2056, 78128, 
[2020-12-30 16:40:01,964][DEBUG][SERVER][PrintTimeRecord][milvus_server] SegmentWriter::WriteBloomFilter: Initializing bloom filter (0.004305 second [4.305000 ms])
[2020-12-30 16:40:01,973][DEBUG][ENGINE][Build][jobmgr_thread] EngineFactory index type: 1
[2020-12-30 16:40:01,974][DEBUG][ENGINE][ExecutionEngineImpl][jobmgr_thread] Index params: {"dim":512,"gpu_id":0,"metric_type":"L2","nlist":2048}
[2020-12-30 16:40:01,974][DEBUG][SERVER][Run][jobmgr_thread] FallbackPass!
[2020-12-30 16:40:01,975][DEBUG][SERVER][Run][jobmgr_thread] FallbackPass!
[2020-12-30 16:40:01,975][DEBUG][ENGINE][Load][taskloader_th] Index params: {"dim":512,"gpu_id":0,"metric_type":"L2"}
[2020-12-30 16:40:01,989][DEBUG][ENGINE][Load][taskloader_th] set uids 1 for index /var/lib/milvus/db/tables/retina_face/1609317601881866000/1609317601881866000
[2020-12-30 16:40:01,990][DEBUG][ENGINE][Load][taskloader_th] Finished loading raw data from segment /var/lib/milvus/db/tables/retina_face/1609317601881866000
[2020-12-30 16:40:01,991][DEBUG][SERVER][insert_internal][taskloader_th] [CACHE CPU] Insert /var/lib/milvus/db/tables/retina_face/1609317601881866000/1609317601881866000 size: 0MB into cache
[2020-12-30 16:40:01,992][DEBUG][SERVER][insert_internal][taskloader_th] [CACHE CPU] Count: 1, Usage: 0MB, Capacity: 1024MB
[2020-12-30 16:40:01,993][DEBUG][SERVER][PrintTimeRecord][taskloader_th] [search][0]: Search task load file id:82 DISK2CPU file type:1 size:2057 bytes from location: /var/lib/milvus/db/tables/retina_face/1609317601881866000/1609317601881866000 totally cost (0.017431 second [17.430800 ms])
[2020-12-30 16:40:01,994][DEBUG][ENGINE][Load][taskloader_th] Index params: {"dim":512,"gpu_id":0,"metric_type":"L2"}
[2020-12-30 16:40:01,994][DEBUG][SERVER][PrintTimeRecord][taskexector_th] [search][0] ExecutionEngineImpl::Search float: query prepare (0.000003 second [0.002700 ms])
[2020-12-30 16:40:01,996][DEBUG][SERVER][PrintTimeRecord][taskexector_th] [search][0] ExecutionEngineImpl::Search float: query done (0.002540 second [2.540400 ms])
[2020-12-30 16:40:01,999][DEBUG][ENGINE][Search][taskexector_th] [search][0] get 1 uids from index /var/lib/milvus/db/tables/retina_face/1609317601881866000/1609317601881866000
[2020-12-30 16:40:02,000][DEBUG][SERVER][PrintTimeRecord][taskexector_th] [search][0] ExecutionEngineImpl::Search float: map uids 10 (0.003616 second [3.616400 ms])
[2020-12-30 16:40:02,000][DEBUG][SERVER][SearchDone][taskexector_th] [search][0] SearchJob 0 finish index file: 82
[2020-12-30 16:40:02,001][DEBUG][SERVER][PrintTimeRecord][taskexector_th] [search][0] DoSearch file id:82: totally cost (0.007081 second [7.081400 ms])
[2020-12-30 16:40:02,003][DEBUG][SERVER][PrintTimeRecord][milvus_server] SegmentWriter::WriteBloomFilter: Adding 39 ids to bloom filter (0.038734 second [38.733800 ms])
[2020-12-30 16:40:02,003][DEBUG][SERVER][PrintTimeRecord][milvus_server] SegmentWriter::WriteBloomFilter: Writing bloom filter (0.000665 second [0.664600 ms])
[2020-12-30 16:40:02,004][DEBUG][SERVER][PrintTimeRecord][milvus_server] SegmentWriter::Serialize: Writing bloom filter done (0.044159 second [44.158600 ms])
[2020-12-30 16:40:02,004][DEBUG][ENGINE][Load][taskloader_th] set uids 38 for index /var/lib/milvus/db/tables/retina_face/1609317590413821000/1609317590413821000
[2020-12-30 16:40:02,005][DEBUG][ENGINE][Load][taskloader_th] Finished loading raw data from segment /var/lib/milvus/db/tables/retina_face/1609317590413821000
[2020-12-30 16:40:02,009][DEBUG][SERVER][insert_internal][taskloader_th] [CACHE CPU] Insert /var/lib/milvus/db/tables/retina_face/1609317590413821000/1609317590413821000 size: 0MB into cache
[2020-12-30 16:40:02,009][DEBUG][SERVER][insert_internal][taskloader_th] [CACHE CPU] Count: 2, Usage: 0MB, Capacity: 1024MB
[2020-12-30 16:40:02,010][DEBUG][SERVER][PrintTimeRecord][taskloader_th] [search][0]: Search task load file id:81 DISK2CPU file type:1 size:78133 bytes from location: /var/lib/milvus/db/tables/retina_face/1609317590413821000/1609317590413821000 totally cost (0.016120 second [16.119900 ms])
[2020-12-30 16:40:02,011][DEBUG][SERVER][PrintTimeRecord][taskexector_th] [search][0] ExecutionEngineImpl::Search float: query prepare (0.000003 second [0.003100 ms])
[2020-12-30 16:40:02,011][DEBUG][SERVER][PrintTimeRecord][milvus_server] write vectors: write rv done (0.005465 second [5.465200 ms])
[2020-12-30 16:40:02,012][DEBUG][SERVER][PrintTimeRecord][taskexector_th] [search][0] ExecutionEngineImpl::Search float: query done (0.000754 second [0.754200 ms])
[2020-12-30 16:40:02,012][DEBUG][ENGINE][Search][taskexector_th] [search][0] get 38 uids from index /var/lib/milvus/db/tables/retina_face/1609317590413821000/1609317590413821000
[2020-12-30 16:40:02,013][DEBUG][SERVER][PrintTimeRecord][taskexector_th] [search][0] ExecutionEngineImpl::Search float: map uids 10 (0.001097 second [1.096500 ms])
[2020-12-30 16:40:02,013][DEBUG][SERVER][SearchDone][taskexector_th] [search][0] SearchJob 0 finish index file: 81
[2020-12-30 16:40:02,013][DEBUG][SERVER][WaitResult][reqsched_thread] [search][0] SearchJob 0 all done
[2020-12-30 16:40:02,014][DEBUG][SERVER][PrintTimeRecord][taskexector_th] [search][0] DoSearch file id:81: totally cost (0.002660 second [2.660100 ms])
[2020-12-30 16:40:02,015][DEBUG][SERVER][PrintTimeRecord][milvus_server] write vectors: write uids done (0.002999 second [2.999200 ms])
[2020-12-30 16:40:02,016][DEBUG][ENGINE][UnmarkOngoingFileNoLock][reqsched_thread] Unmark ongoing file:1609317590413821000 refcount:1
[2020-12-30 16:40:02,016][DEBUG][ENGINE][UnmarkOngoingFileNoLock][reqsched_thread] Unmark ongoing file:1609317601881866000 refcount:1
[2020-12-30 16:40:02,016][DEBUG][SERVER][PrintTimeRecord][milvus_server] SegmentWriter::Serialize: Writing vectors and uids done (0.012464 second [12.463700 ms])
[2020-12-30 16:40:02,017][DEBUG][SERVER][PrintTimeRecord][reqsched_thread] Engine query totally cost (0.066579 second [66.579400 ms])
[2020-12-30 16:40:02,017][DEBUG][SERVER][print][reqsched_thread] [CACHE CPU] [item count]: 2, [usage] 0MB, [capacity] 1024MB
[2020-12-30 16:40:02,018][DEBUG][SERVER][PrintTimeRecord][reqsched_thread] [search][0] SearchRequest execute(collection=retina_face, nq=1, k=10): query vectors from engine (0.072797 second [72.796500 ms])
[2020-12-30 16:40:02,018][DEBUG][SERVER][PrintTimeRecord][reqsched_thread] [search][0] SearchRequest execute(collection=retina_face, nq=1, k=10): construct result (0.000410 second [0.409800 ms])
[2020-12-30 16:40:02,018][DEBUG][SERVER][PrintTimeRecord][reqsched_thread] [search][0] SearchRequest execute(collection=retina_face, nq=1, k=10): totally cost (0.073759 second [73.759200 ms])
[2020-12-30 16:40:02,027][DEBUG][SERVER][PrintTimeRecord][milvus_server] SegmentWriter::Serialize: Writing deleted docs done (0.011255 second [11.254700 ms])
[2020-12-30 16:40:02,029][DEBUG][ENGINE][UpdateCollectionFiles][milvus_server] Update 3 collection files
[2020-12-30 16:40:02,030][DEBUG][ENGINE][Execute][milvus_server] New merged segment 1609317601927066000 of size 80184 bytes
[2020-12-30 16:40:02,031][DEBUG][ENGINE][UnmarkOngoingFileNoLock][milvus_server] Unmark ongoing file:1609317601881866000 refcount:0
[2020-12-30 16:40:02,056][DEBUG][ENGINE][UnmarkOngoingFileNoLock][milvus_server] Unmark ongoing file:1609317590413821000 refcount:0
[2020-12-30 16:40:12,611][DEBUG][SERVER][erase_internal][milvus_server] [CACHE CPU] Erase /var/lib/milvus/db/tables/retina_face/1609317590413821000/1609317590413821000 size: 0MB from cache
[2020-12-30 16:40:12,612][DEBUG][SERVER][erase_internal][milvus_server] [CACHE CPU] Count: 1, Usage: 0MB, Capacity: 1024MB
[2020-12-30 16:40:12,614][DEBUG][ENGINE][operator()][milvus_server] Remove file id:1609317590413821000 location:/var/lib/milvus/db/tables/retina_face/1609317590413821000/1609317590413821000
[2020-12-30 16:40:12,615][DEBUG][SERVER][erase_internal][milvus_server] [CACHE CPU] Erase /var/lib/milvus/db/tables/retina_face/1609317601881866000/1609317601881866000 size: 0MB from cache
[2020-12-30 16:40:12,615][DEBUG][SERVER][erase_internal][milvus_server] [CACHE CPU] Count: 0, Usage: 0MB, Capacity: 1024MB
[2020-12-30 16:40:12,617][DEBUG][ENGINE][operator()][milvus_server] Remove file id:1609317601881866000 location:/var/lib/milvus/db/tables/retina_face/1609317601881866000/1609317601881866000
[2020-12-30 16:40:12,619][DEBUG][ENGINE][CleanUpFilesWithTTL][milvus_server] Clean 2 files expired in 10 seconds
[2020-12-30 16:40:12,626][DEBUG][ENGINE][CleanUpFilesWithTTL][milvus_server] Remove segment directory: /var/lib/milvus/db/tables/retina_face/1609317590413821000
[2020-12-30 16:40:12,633][DEBUG][ENGINE][CleanUpFilesWithTTL][milvus_server] Remove segment directory: /var/lib/milvus/db/tables/retina_face/1609317601881866000
[2020-12-30 16:40:12,633][DEBUG][ENGINE][CleanUpFilesWithTTL][milvus_server] Remove 2 segments folder
[2020-12-30 16:41:05,349][DEBUG][SERVER][OnPostRecvInitialMetaData][grpcpp_sync_ser] milvus generate request_id: 17
[2020-12-30 16:41:05,351][DEBUG][SERVER][PrintTimeRecord][reqsched_thread] CmdRequest(cmd=version): totally cost (0.000001 second [0.000900 ms])
[2020-12-30 16:41:05,352][DEBUG][SERVER][OnPostRecvInitialMetaData][grpcpp_sync_ser] milvus generate request_id: 18
[2020-12-30 16:41:05,354][DEBUG][SERVER][PrintTimeRecord][reqsched_thread] HasCollectionRequest(collection=retina_face): totally cost (0.000087 second [0.086900 ms])
[2020-12-30 16:41:05,355][DEBUG][SERVER][OnPostRecvInitialMetaData][grpcpp_sync_ser] milvus generate request_id: 19
[2020-12-30 16:41:05,356][DEBUG][SERVER][PrintTimeRecord][reqsched_thread] DescribeCollectionRequest(collection=retina_face): totally cost (0.000107 second [0.106600 ms])
[2020-12-30 16:41:05,358][DEBUG][SERVER][OnPostRecvInitialMetaData][grpcpp_sync_ser] milvus generate request_id: 20
[2020-12-30 16:41:05,360][DEBUG][SERVER][PrintTimeRecord][reqsched_thread] [insert][0] InsertRequest(collection=retina_face, n=1, partition_tag=): check validation (0.000110 second [0.110300 ms])
[2020-12-30 16:41:05,360][DEBUG][SERVER][PrintTimeRecord][reqsched_thread] [insert][0] InsertRequest(collection=retina_face, n=1, partition_tag=): prepare vectors data (0.000441 second [0.440900 ms])
[2020-12-30 16:41:05,362][DEBUG][ENGINE][UpdateCollectionFlag][reqsched_thread] Successfully update collection flag, collection id = retina_face
[2020-12-30 16:41:05,363][DEBUG][SERVER][PrintTimeRecord][reqsched_thread] [insert][0] InsertRequest(collection=retina_face, n=1, partition_tag=): add vectors to engine (0.002512 second [2.511800 ms])
[2020-12-30 16:41:05,363][DEBUG][SERVER][PrintTimeRecord][reqsched_thread] [insert][0] InsertRequest(collection=retina_face, n=1, partition_tag=): total cost (0.003431 second [3.431300 ms])
[2020-12-30 16:41:05,365][DEBUG][SERVER][OnPostRecvInitialMetaData][grpcpp_sync_ser] milvus generate request_id: 21
[2020-12-30 16:41:05,366][DEBUG][ENGINE][CreateCollectionFile][wal_thread] Successfully create collection file, file id = 1609317665364625000
[2020-12-30 16:41:05,367][DEBUG][SERVER][OnExecute][reqsched_thread] FlushRequest flush collections: retina_face, 
[2020-12-30 16:41:05,370][DEBUG][ENGINE][Add][wal_thread] [insert][0]Insert float data into segment
[2020-12-30 16:41:05,371][DEBUG][ENGINE][Flush][reqsched_thread] Begin flush collection: retina_face
[2020-12-30 16:41:05,371][DEBUG][ENGINE][Flush][reqsched_thread] WAL flush
[2020-12-30 16:41:05,373][DEBUG][ENGINE][Flush][wal_thread] Flushing collection: retina_face
[2020-12-30 16:41:05,378][DEBUG][SERVER][PrintTimeRecord][wal_thread] SegmentWriter::WriteBloomFilter: Initializing bloom filter (0.004089 second [4.089500 ms])
[2020-12-30 16:41:05,389][DEBUG][SERVER][PrintTimeRecord][wal_thread] SegmentWriter::WriteBloomFilter: Adding 1 ids to bloom filter (0.011443 second [11.443300 ms])
[2020-12-30 16:41:05,390][DEBUG][SERVER][PrintTimeRecord][wal_thread] SegmentWriter::WriteBloomFilter: Writing bloom filter (0.000524 second [0.524000 ms])
[2020-12-30 16:41:05,390][DEBUG][SERVER][PrintTimeRecord][wal_thread] SegmentWriter::Serialize: Writing bloom filter done (0.016453 second [16.453200 ms])
[2020-12-30 16:41:05,393][DEBUG][SERVER][PrintTimeRecord][wal_thread] write vectors: write rv done (0.001747 second [1.747500 ms])
[2020-12-30 16:41:05,395][DEBUG][SERVER][PrintTimeRecord][wal_thread] write vectors: write uids done (0.002097 second [2.096800 ms])
[2020-12-30 16:41:05,396][DEBUG][SERVER][PrintTimeRecord][wal_thread] SegmentWriter::Serialize: Writing vectors and uids done (0.005828 second [5.828000 ms])
[2020-12-30 16:41:05,400][DEBUG][SERVER][PrintTimeRecord][wal_thread] SegmentWriter::Serialize: Writing deleted docs done (0.003811 second [3.811200 ms])
[2020-12-30 16:41:05,400][DEBUG][ENGINE][Serialize][wal_thread] New raw file 1609317665364625000 of size 2048 bytes, lsn = 4295438572
[2020-12-30 16:41:05,400][DEBUG][ENGINE][Serialize][wal_thread] Flushed segment 1609317665364625000
[2020-12-30 16:41:05,403][DEBUG][ENGINE][UpdateCollectionFiles][wal_thread] Update 1 collection files
[2020-12-30 16:41:05,405][DEBUG][ENGINE][UpdateCollectionFlushLSN][wal_thread] Successfully update collection flush_lsn, collection id = retina_face flush_lsn = 4295438572
[2020-12-30 16:41:05,405][DEBUG][SERVER][PrintTimeRecord][wal_thread] MemTable::Serialize collection retina_face: Finished flushing (0.031298 second [31.298500 ms])
[2020-12-30 16:41:05,405][DEBUG][ENGINE][Flush][wal_thread] Flushed collection: retina_face
[2020-12-30 16:41:05,406][DEBUG][ENGINE][Flush][reqsched_thread] End flush collection: retina_face
[2020-12-30 16:41:05,407][DEBUG][SERVER][PrintTimeRecord][reqsched_thread] FlushRequest flush collections: retina_face, : totally cost (0.040358 second [40.357800 ms])
[2020-12-30 16:41:05,408][DEBUG][ENGINE][FilesToMerge][milvus_server] Collect 2 to-merge files in collection retina_face
[2020-12-30 16:41:05,408][DEBUG][ENGINE][MarkOngoingFileNoLock][milvus_server] Mark ongoing file:1609317601927066000 refcount:1
[2020-12-30 16:41:05,409][DEBUG][SERVER][OnPostRecvInitialMetaData][grpcpp_sync_ser] milvus generate request_id: 22
[2020-12-30 16:41:05,409][DEBUG][ENGINE][MarkOngoingFileNoLock][milvus_server] Mark ongoing file:1609317665364625000 refcount:1
[2020-12-30 16:41:05,410][DEBUG][SERVER][PrintTimeRecord][reqsched_thread] CountCollectionRequest(collection=retina_face): check validation (0.000096 second [0.096000 ms])
[2020-12-30 16:41:05,411][DEBUG][ENGINE][CreateCollectionFile][milvus_server] Successfully create collection file, file id = 1609317665410774000
[2020-12-30 16:41:05,415][DEBUG][ENGINE][Merge][milvus_server] Merging from /var/lib/milvus/db/tables/retina_face/1609317665364625000 to /var/lib/milvus/db/tables/retina_face/1609317665410774000
[2020-12-30 16:41:05,415][DEBUG][SERVER][PrintTimeRecord][reqsched_thread] CountCollectionRequest(collection=retina_face): totally cost (0.005299 second [5.298700 ms])
[2020-12-30 16:41:05,418][DEBUG][SERVER][OnPostRecvInitialMetaData][grpcpp_sync_ser] milvus generate request_id: 23
[2020-12-30 16:41:05,420][DEBUG][ENGINE][MarkOngoingFileNoLock][reqsched_thread] Mark ongoing file:1609317601927066000 refcount:2
[2020-12-30 16:41:05,421][DEBUG][ENGINE][MarkOngoingFileNoLock][reqsched_thread] Mark ongoing file:1609317665364625000 refcount:2
[2020-12-30 16:41:05,421][DEBUG][ENGINE][FilesByType][reqsched_thread] Get collection files by type. raw files:2 to_index files:0 index files:0
[2020-12-30 16:41:05,422][DEBUG][ENGINE][UnmarkOngoingFileNoLock][reqsched_thread] Unmark ongoing file:1609317601927066000 refcount:1
[2020-12-30 16:41:05,422][DEBUG][ENGINE][UnmarkOngoingFileNoLock][reqsched_thread] Unmark ongoing file:1609317665364625000 refcount:1
[2020-12-30 16:41:05,423][DEBUG][SERVER][PrintTimeRecord][reqsched_thread] ShowCollectionInfoRequest(collection=retina_face): totally cost (0.004315 second [4.315200 ms])
[2020-12-30 16:41:05,425][DEBUG][SERVER][OnPostRecvInitialMetaData][grpcpp_sync_ser] milvus generate request_id: 24
[2020-12-30 16:41:05,426][DEBUG][SERVER][PrintTimeRecord][reqsched_thread] CreateIndexRequest(collection=retina_face): check validation (0.000203 second [0.203400 ms])
[2020-12-30 16:41:05,426][DEBUG][ENGINE][Flush][reqsched_thread] Begin flush all collections
[2020-12-30 16:41:05,426][DEBUG][ENGINE][Flush][reqsched_thread] WAL flush
[2020-12-30 16:41:05,427][DEBUG][SERVER][PrintTimeRecord][milvus_server] SegmentWriter::Merge: Loading segment (0.010686 second [10.685700 ms])
[2020-12-30 16:41:05,428][DEBUG][SERVER][PrintTimeRecord][milvus_server] SegmentWriter::Merge: erase (0.001784 second [1.783700 ms])
[2020-12-30 16:41:05,428][DEBUG][SERVER][PrintTimeRecord][milvus_server] SegmentWriter::Merge: Adding 1 vectors and uids (0.000260 second [0.260500 ms])
[2020-12-30 16:41:05,428][DEBUG][ENGINE][Merge][milvus_server] Merging completed from /var/lib/milvus/db/tables/retina_face/1609317665364625000 to /var/lib/milvus/db/tables/retina_face/1609317665410774000
[2020-12-30 16:41:05,429][DEBUG][ENGINE][Merge][milvus_server] Merging from /var/lib/milvus/db/tables/retina_face/1609317601927066000 to /var/lib/milvus/db/tables/retina_face/1609317665410774000
[2020-12-30 16:41:05,435][DEBUG][SERVER][PrintTimeRecord][milvus_server] SegmentWriter::Merge: Loading segment (0.006580 second [6.580400 ms])
[2020-12-30 16:41:05,436][DEBUG][SERVER][PrintTimeRecord][milvus_server] SegmentWriter::Merge: erase (0.000485 second [0.485100 ms])
[2020-12-30 16:41:05,436][DEBUG][SERVER][PrintTimeRecord][milvus_server] SegmentWriter::Merge: Adding 39 vectors and uids (0.000387 second [0.387400 ms])
[2020-12-30 16:41:05,437][DEBUG][ENGINE][Merge][milvus_server] Merging completed from /var/lib/milvus/db/tables/retina_face/1609317601927066000 to /var/lib/milvus/db/tables/retina_face/1609317665410774000
[2020-12-30 16:41:05,437][DEBUG][ENGINE][Execute][milvus_server] Merge task files size info:2056, 80184, 
[2020-12-30 16:41:05,442][DEBUG][SERVER][PrintTimeRecord][milvus_server] SegmentWriter::WriteBloomFilter: Initializing bloom filter (0.004409 second [4.408600 ms])
[2020-12-30 16:41:05,466][DEBUG][SERVER][PrintTimeRecord][milvus_server] SegmentWriter::WriteBloomFilter: Adding 40 ids to bloom filter (0.023646 second [23.646000 ms])
[2020-12-30 16:41:05,466][DEBUG][SERVER][PrintTimeRecord][milvus_server] SegmentWriter::WriteBloomFilter: Writing bloom filter (0.000327 second [0.327000 ms])
[2020-12-30 16:41:05,466][DEBUG][SERVER][PrintTimeRecord][milvus_server] SegmentWriter::Serialize: Writing bloom filter done (0.028726 second [28.725800 ms])
[2020-12-30 16:41:05,471][DEBUG][SERVER][PrintTimeRecord][milvus_server] write vectors: write rv done (0.003190 second [3.190000 ms])
[2020-12-30 16:41:05,474][DEBUG][SERVER][PrintTimeRecord][milvus_server] write vectors: write uids done (0.003215 second [3.214900 ms])
[2020-12-30 16:41:05,475][DEBUG][SERVER][PrintTimeRecord][milvus_server] SegmentWriter::Serialize: Writing vectors and uids done (0.008489 second [8.489100 ms])
[2020-12-30 16:41:05,479][DEBUG][SERVER][PrintTimeRecord][milvus_server] SegmentWriter::Serialize: Writing deleted docs done (0.004170 second [4.169900 ms])
[2020-12-30 16:41:05,480][DEBUG][ENGINE][UpdateCollectionFiles][milvus_server] Update 3 collection files
[2020-12-30 16:41:05,480][DEBUG][ENGINE][Execute][milvus_server] New merged segment 1609317665410774000 of size 82240 bytes
[2020-12-30 16:41:05,481][DEBUG][ENGINE][UnmarkOngoingFileNoLock][milvus_server] Unmark ongoing file:1609317665364625000 refcount:0
[2020-12-30 16:41:05,495][DEBUG][ENGINE][UnmarkOngoingFileNoLock][milvus_server] Unmark ongoing file:1609317601927066000 refcount:0
[2020-12-30 16:41:05,500][DEBUG][ENGINE][Flush][reqsched_thread] End flush all collections
[2020-12-30 16:41:05,506][DEBUG][ENGINE][MarkOngoingFileNoLock][reqsched_thread] Mark ongoing file:1609317665410774000 refcount:1
[2020-12-30 16:41:05,506][DEBUG][ENGINE][FilesByType][reqsched_thread] Get collection files by type. raw files:1 new files:0 new_merge files:0 new_index files:0 to_index files:0
[2020-12-30 16:41:05,507][DEBUG][ENGINE][UnmarkOngoingFileNoLock][reqsched_thread] Unmark ongoing file:1609317665410774000 refcount:0
[2020-12-30 16:41:05,508][DEBUG][ENGINE][WaitCollectionIndexRecursively][reqsched_thread] WaitCollectionIndexRecursively finished
[2020-12-30 16:41:05,508][DEBUG][SERVER][PrintTimeRecord][reqsched_thread] CreateIndexRequest(collection=retina_face): totally cost (0.082714 second [82.713700 ms])
[2020-12-30 16:41:05,512][DEBUG][SERVER][OnPostRecvInitialMetaData][grpcpp_sync_ser] milvus generate request_id: 25
[2020-12-30 16:41:05,513][DEBUG][SERVER][PrintTimeRecord][reqsched_thread] DescribeIndexRequest(collection=retina_face): totally cost (0.000170 second [0.170400 ms])
[2020-12-30 16:41:15,522][DEBUG][ENGINE][operator()][milvus_server] Remove file id:1609317601927066000 location:/var/lib/milvus/db/tables/retina_face/1609317601927066000/1609317601927066000
[2020-12-30 16:41:15,523][DEBUG][ENGINE][operator()][milvus_server] Remove file id:1609317665364625000 location:/var/lib/milvus/db/tables/retina_face/1609317665364625000/1609317665364625000
[2020-12-30 16:41:15,525][DEBUG][ENGINE][CleanUpFilesWithTTL][milvus_server] Clean 2 files expired in 10 seconds
[2020-12-30 16:41:15,533][DEBUG][ENGINE][CleanUpFilesWithTTL][milvus_server] Remove segment directory: /var/lib/milvus/db/tables/retina_face/1609317601927066000
[2020-12-30 16:41:15,540][DEBUG][ENGINE][CleanUpFilesWithTTL][milvus_server] Remove segment directory: /var/lib/milvus/db/tables/retina_face/1609317665364625000
[2020-12-30 16:41:15,542][DEBUG][ENGINE][CleanUpFilesWithTTL][milvus_server] Remove 2 segments folder
[2020-12-30 16:41:26,901][DEBUG][SERVER][OnPostRecvInitialMetaData][grpcpp_sync_ser] milvus generate request_id: 26
[2020-12-30 16:41:26,902][DEBUG][SERVER][PrintTimeRecord][reqsched_thread] CmdRequest(cmd=version): totally cost (0.000000 second [0.000400 ms])
[2020-12-30 16:41:26,904][DEBUG][SERVER][OnPostRecvInitialMetaData][grpcpp_sync_ser] milvus generate request_id: 27
[2020-12-30 16:41:26,905][DEBUG][SERVER][PrintTimeRecord][reqsched_thread] HasCollectionRequest(collection=retina_face): totally cost (0.000082 second [0.081600 ms])
[2020-12-30 16:41:26,907][DEBUG][SERVER][OnPostRecvInitialMetaData][grpcpp_sync_ser] milvus generate request_id: 28
[2020-12-30 16:41:26,908][DEBUG][SERVER][PrintTimeRecord][reqsched_thread] DescribeCollectionRequest(collection=retina_face): totally cost (0.000123 second [0.123000 ms])
[2020-12-30 16:41:26,910][DEBUG][SERVER][OnPostRecvInitialMetaData][grpcpp_sync_ser] milvus generate request_id: 29
[2020-12-30 16:41:26,912][DEBUG][SERVER][PrintTimeRecord][reqsched_thread] [insert][0] InsertRequest(collection=retina_face, n=1, partition_tag=): check validation (0.000203 second [0.202800 ms])
[2020-12-30 16:41:26,913][DEBUG][SERVER][PrintTimeRecord][reqsched_thread] [insert][0] InsertRequest(collection=retina_face, n=1, partition_tag=): prepare vectors data (0.000456 second [0.456000 ms])
[2020-12-30 16:41:26,914][DEBUG][ENGINE][UpdateCollectionFlag][reqsched_thread] Successfully update collection flag, collection id = retina_face
[2020-12-30 16:41:26,915][DEBUG][SERVER][PrintTimeRecord][reqsched_thread] [insert][0] InsertRequest(collection=retina_face, n=1, partition_tag=): add vectors to engine (0.002167 second [2.167100 ms])
[2020-12-30 16:41:26,915][DEBUG][SERVER][PrintTimeRecord][reqsched_thread] [insert][0] InsertRequest(collection=retina_face, n=1, partition_tag=): total cost (0.003538 second [3.538500 ms])
[2020-12-30 16:41:26,916][DEBUG][ENGINE][CreateCollectionFile][wal_thread] Successfully create collection file, file id = 1609317686915697000
[2020-12-30 16:41:26,917][DEBUG][SERVER][OnPostRecvInitialMetaData][grpcpp_sync_ser] milvus generate request_id: 30
[2020-12-30 16:41:26,918][DEBUG][SERVER][OnExecute][reqsched_thread] FlushRequest flush collections: retina_face, 
[2020-12-30 16:41:26,921][DEBUG][ENGINE][Add][wal_thread] [insert][0]Insert float data into segment
[2020-12-30 16:41:26,921][DEBUG][ENGINE][Flush][reqsched_thread] Begin flush collection: retina_face
[2020-12-30 16:41:26,921][DEBUG][ENGINE][Flush][reqsched_thread] WAL flush
[2020-12-30 16:41:26,922][DEBUG][ENGINE][Flush][wal_thread] Flushing collection: retina_face
[2020-12-30 16:41:26,928][DEBUG][SERVER][PrintTimeRecord][wal_thread] SegmentWriter::WriteBloomFilter: Initializing bloom filter (0.005022 second [5.022300 ms])
[2020-12-30 16:41:26,934][DEBUG][SERVER][PrintTimeRecord][wal_thread] SegmentWriter::WriteBloomFilter: Adding 1 ids to bloom filter (0.005957 second [5.957000 ms])
[2020-12-30 16:41:26,934][DEBUG][SERVER][PrintTimeRecord][wal_thread] SegmentWriter::WriteBloomFilter: Writing bloom filter (0.000408 second [0.408500 ms])
[2020-12-30 16:41:26,934][DEBUG][SERVER][PrintTimeRecord][wal_thread] SegmentWriter::Serialize: Writing bloom filter done (0.011792 second [11.792000 ms])
[2020-12-30 16:41:26,938][DEBUG][SERVER][PrintTimeRecord][wal_thread] write vectors: write rv done (0.002814 second [2.814500 ms])
[2020-12-30 16:41:26,941][DEBUG][SERVER][PrintTimeRecord][wal_thread] write vectors: write uids done (0.002374 second [2.374400 ms])
[2020-12-30 16:41:26,942][DEBUG][SERVER][PrintTimeRecord][wal_thread] SegmentWriter::Serialize: Writing vectors and uids done (0.007245 second [7.244600 ms])
[2020-12-30 16:41:26,947][DEBUG][SERVER][PrintTimeRecord][wal_thread] SegmentWriter::Serialize: Writing deleted docs done (0.004994 second [4.994200 ms])
[2020-12-30 16:41:26,947][DEBUG][ENGINE][Serialize][wal_thread] New raw file 1609317686915697000 of size 2048 bytes, lsn = 4295440660
[2020-12-30 16:41:26,947][DEBUG][ENGINE][Serialize][wal_thread] Flushed segment 1609317686915697000
[2020-12-30 16:41:26,951][DEBUG][ENGINE][UpdateCollectionFiles][wal_thread] Update 1 collection files
[2020-12-30 16:41:26,952][DEBUG][ENGINE][UpdateCollectionFlushLSN][wal_thread] Successfully update collection flush_lsn, collection id = retina_face flush_lsn = 4295440660
[2020-12-30 16:41:26,952][DEBUG][SERVER][PrintTimeRecord][wal_thread] MemTable::Serialize collection retina_face: Finished flushing (0.029351 second [29.351200 ms])
[2020-12-30 16:41:26,952][DEBUG][ENGINE][Flush][wal_thread] Flushed collection: retina_face
[2020-12-30 16:41:26,953][DEBUG][ENGINE][Flush][reqsched_thread] End flush collection: retina_face
[2020-12-30 16:41:26,954][DEBUG][SERVER][PrintTimeRecord][reqsched_thread] FlushRequest flush collections: retina_face, : totally cost (0.035912 second [35.911800 ms])
[2020-12-30 16:41:26,955][DEBUG][ENGINE][FilesToMerge][milvus_server] Collect 2 to-merge files in collection retina_face
[2020-12-30 16:41:26,956][DEBUG][SERVER][OnPostRecvInitialMetaData][grpcpp_sync_ser] milvus generate request_id: 31
[2020-12-30 16:41:26,958][DEBUG][ENGINE][MarkOngoingFileNoLock][milvus_server] Mark ongoing file:1609317665410774000 refcount:1
[2020-12-30 16:41:26,959][DEBUG][ENGINE][MarkOngoingFileNoLock][milvus_server] Mark ongoing file:1609317686915697000 refcount:1
[2020-12-30 16:41:26,960][DEBUG][SERVER][PrintTimeRecord][reqsched_thread] CountCollectionRequest(collection=retina_face): check validation (0.000142 second [0.141600 ms])
[2020-12-30 16:41:26,961][DEBUG][SERVER][PrintTimeRecord][reqsched_thread] CountCollectionRequest(collection=retina_face): totally cost (0.000921 second [0.921400 ms])
[2020-12-30 16:41:26,962][DEBUG][ENGINE][CreateCollectionFile][milvus_server] Successfully create collection file, file id = 1609317686961167000
[2020-12-30 16:41:26,963][DEBUG][SERVER][OnPostRecvInitialMetaData][grpcpp_sync_ser] milvus generate request_id: 32
[2020-12-30 16:41:26,967][DEBUG][ENGINE][Merge][milvus_server] Merging from /var/lib/milvus/db/tables/retina_face/1609317686915697000 to /var/lib/milvus/db/tables/retina_face/1609317686961167000
[2020-12-30 16:41:26,968][DEBUG][ENGINE][MarkOngoingFileNoLock][reqsched_thread] Mark ongoing file:1609317665410774000 refcount:2
[2020-12-30 16:41:26,968][DEBUG][ENGINE][MarkOngoingFileNoLock][reqsched_thread] Mark ongoing file:1609317686915697000 refcount:2
[2020-12-30 16:41:26,969][DEBUG][ENGINE][FilesByType][reqsched_thread] Get collection files by type. raw files:2 to_index files:0 index files:0
[2020-12-30 16:41:26,969][DEBUG][ENGINE][UnmarkOngoingFileNoLock][reqsched_thread] Unmark ongoing file:1609317665410774000 refcount:1
[2020-12-30 16:41:26,970][DEBUG][ENGINE][UnmarkOngoingFileNoLock][reqsched_thread] Unmark ongoing file:1609317686915697000 refcount:1
[2020-12-30 16:41:26,971][DEBUG][SERVER][PrintTimeRecord][reqsched_thread] ShowCollectionInfoRequest(collection=retina_face): totally cost (0.006961 second [6.961000 ms])
[2020-12-30 16:41:26,972][DEBUG][SERVER][OnPostRecvInitialMetaData][grpcpp_sync_ser] milvus generate request_id: 33
[2020-12-30 16:41:26,974][DEBUG][SERVER][PrintTimeRecord][grpcpp_sync_ser] [search][0] SearchRequest pre-execute(collection=retina_face): totally cost (0.000005 second [0.005400 ms])
[2020-12-30 16:41:26,975][DEBUG][SERVER][PrintTimeRecord][reqsched_thread] [search][0] SearchRequest execute(collection=retina_face, nq=1, k=10): check validation (0.000127 second [0.126600 ms])
[2020-12-30 16:41:26,976][DEBUG][ENGINE][MarkOngoingFileNoLock][reqsched_thread] Mark ongoing file:1609317665410774000 refcount:2
[2020-12-30 16:41:26,976][DEBUG][ENGINE][MarkOngoingFileNoLock][reqsched_thread] Mark ongoing file:1609317686915697000 refcount:2
[2020-12-30 16:41:26,976][DEBUG][ENGINE][FilesToSearch][reqsched_thread] Collect 2 to-search files in collection retina_face
[2020-12-30 16:41:26,977][DEBUG][SERVER][PrintTimeRecord][milvus_server] SegmentWriter::Merge: Loading segment (0.008558 second [8.558400 ms])
[2020-12-30 16:41:26,977][DEBUG][SERVER][PrintTimeRecord][milvus_server] SegmentWriter::Merge: erase (0.001285 second [1.285300 ms])
[2020-12-30 16:41:26,978][DEBUG][ENGINE][FilesToSearchEx][reqsched_thread] No file to search for collection: retina_face
[2020-12-30 16:41:26,978][DEBUG][SERVER][print][reqsched_thread] [CACHE CPU] [item count]: 0, [usage] 0MB, [capacity] 1024MB
[2020-12-30 16:41:26,979][DEBUG][ENGINE][QueryAsync][reqsched_thread] Engine query begin, index file count: 2
[2020-12-30 16:41:26,979][DEBUG][SERVER][AddIndexFile][reqsched_thread] [search][0] SearchJob 1 add index file: 85
[2020-12-30 16:41:26,979][DEBUG][SERVER][AddIndexFile][reqsched_thread] [search][0] SearchJob 1 add index file: 86
[2020-12-30 16:41:26,980][DEBUG][SERVER][PrintTimeRecord][milvus_server] SegmentWriter::Merge: Adding 1 vectors and uids (0.000423 second [0.422600 ms])
[2020-12-30 16:41:26,980][DEBUG][ENGINE][Merge][milvus_server] Merging completed from /var/lib/milvus/db/tables/retina_face/1609317686915697000 to /var/lib/milvus/db/tables/retina_face/1609317686961167000
[2020-12-30 16:41:26,980][DEBUG][ENGINE][Build][jobmgr_thread] EngineFactory index type: 1
[2020-12-30 16:41:26,981][DEBUG][ENGINE][Merge][milvus_server] Merging from /var/lib/milvus/db/tables/retina_face/1609317665410774000 to /var/lib/milvus/db/tables/retina_face/1609317686961167000
[2020-12-30 16:41:26,981][DEBUG][ENGINE][ExecutionEngineImpl][jobmgr_thread] Index params: {"dim":512,"gpu_id":0,"metric_type":"L2","nlist":2048}
[2020-12-30 16:41:26,982][DEBUG][ENGINE][Build][jobmgr_thread] EngineFactory index type: 1
[2020-12-30 16:41:26,982][DEBUG][ENGINE][ExecutionEngineImpl][jobmgr_thread] Index params: {"dim":512,"gpu_id":0,"metric_type":"L2","nlist":2048}
[2020-12-30 16:41:26,982][DEBUG][SERVER][Run][jobmgr_thread] FallbackPass!
[2020-12-30 16:41:26,983][DEBUG][SERVER][Run][jobmgr_thread] FallbackPass!
[2020-12-30 16:41:26,983][DEBUG][ENGINE][Load][taskloader_th] Index params: {"dim":512,"gpu_id":0,"metric_type":"L2"}
[2020-12-30 16:41:26,987][DEBUG][ENGINE][Load][taskloader_th] set uids 1 for index /var/lib/milvus/db/tables/retina_face/1609317686915697000/1609317686915697000
[2020-12-30 16:41:26,987][DEBUG][ENGINE][Load][taskloader_th] Finished loading raw data from segment /var/lib/milvus/db/tables/retina_face/1609317686915697000
[2020-12-30 16:41:26,988][DEBUG][SERVER][insert_internal][taskloader_th] [CACHE CPU] Insert /var/lib/milvus/db/tables/retina_face/1609317686915697000/1609317686915697000 size: 0MB into cache
[2020-12-30 16:41:26,988][DEBUG][SERVER][insert_internal][taskloader_th] [CACHE CPU] Count: 1, Usage: 0MB, Capacity: 1024MB
[2020-12-30 16:41:26,988][DEBUG][SERVER][PrintTimeRecord][taskloader_th] [search][0]: Search task load file id:86 DISK2CPU file type:1 size:2057 bytes from location: /var/lib/milvus/db/tables/retina_face/1609317686915697000/1609317686915697000 totally cost (0.005056 second [5.055600 ms])
[2020-12-30 16:41:26,989][DEBUG][ENGINE][Load][taskloader_th] Index params: {"dim":512,"gpu_id":0,"metric_type":"L2"}
[2020-12-30 16:41:26,990][DEBUG][SERVER][PrintTimeRecord][taskexector_th] [search][0] ExecutionEngineImpl::Search float: query prepare (0.000003 second [0.002600 ms])
[2020-12-30 16:41:26,990][DEBUG][SERVER][PrintTimeRecord][taskexector_th] [search][0] ExecutionEngineImpl::Search float: query done (0.001152 second [1.152300 ms])
[2020-12-30 16:41:26,993][DEBUG][ENGINE][Search][taskexector_th] [search][0] get 1 uids from index /var/lib/milvus/db/tables/retina_face/1609317686915697000/1609317686915697000
[2020-12-30 16:41:26,994][DEBUG][SERVER][PrintTimeRecord][taskexector_th] [search][0] ExecutionEngineImpl::Search float: map uids 10 (0.003677 second [3.677200 ms])
[2020-12-30 16:41:26,994][DEBUG][SERVER][SearchDone][taskexector_th] [search][0] SearchJob 1 finish index file: 86
[2020-12-30 16:41:26,995][DEBUG][SERVER][PrintTimeRecord][milvus_server] SegmentWriter::Merge: Loading segment (0.012232 second [12.231600 ms])
[2020-12-30 16:41:26,995][DEBUG][SERVER][PrintTimeRecord][taskexector_th] [search][0] DoSearch file id:86: totally cost (0.005745 second [5.745200 ms])
[2020-12-30 16:41:26,996][DEBUG][ENGINE][Load][taskloader_th] set uids 40 for index /var/lib/milvus/db/tables/retina_face/1609317665410774000/1609317665410774000
[2020-12-30 16:41:26,996][DEBUG][SERVER][PrintTimeRecord][milvus_server] SegmentWriter::Merge: erase (0.001989 second [1.988600 ms])
[2020-12-30 16:41:26,996][DEBUG][ENGINE][Load][taskloader_th] Finished loading raw data from segment /var/lib/milvus/db/tables/retina_face/1609317665410774000
[2020-12-30 16:41:26,997][DEBUG][SERVER][PrintTimeRecord][milvus_server] SegmentWriter::Merge: Adding 40 vectors and uids (0.000910 second [0.910200 ms])
[2020-12-30 16:41:26,997][DEBUG][ENGINE][Merge][milvus_server] Merging completed from /var/lib/milvus/db/tables/retina_face/1609317665410774000 to /var/lib/milvus/db/tables/retina_face/1609317686961167000
[2020-12-30 16:41:26,997][DEBUG][SERVER][insert_internal][taskloader_th] [CACHE CPU] Insert /var/lib/milvus/db/tables/retina_face/1609317665410774000/1609317665410774000 size: 0MB into cache
[2020-12-30 16:41:26,998][DEBUG][SERVER][insert_internal][taskloader_th] [CACHE CPU] Count: 2, Usage: 0MB, Capacity: 1024MB
[2020-12-30 16:41:26,998][DEBUG][SERVER][PrintTimeRecord][taskloader_th] [search][0]: Search task load file id:85 DISK2CPU file type:1 size:82245 bytes from location: /var/lib/milvus/db/tables/retina_face/1609317665410774000/1609317665410774000 totally cost (0.008925 second [8.924700 ms])
[2020-12-30 16:41:26,998][DEBUG][SERVER][PrintTimeRecord][taskexector_th] [search][0] ExecutionEngineImpl::Search float: query prepare (0.000003 second [0.003000 ms])
[2020-12-30 16:41:26,999][DEBUG][SERVER][PrintTimeRecord][taskexector_th] [search][0] ExecutionEngineImpl::Search float: query done (0.000309 second [0.308800 ms])
[2020-12-30 16:41:27,000][DEBUG][ENGINE][Search][taskexector_th] [search][0] get 40 uids from index /var/lib/milvus/db/tables/retina_face/1609317665410774000/1609317665410774000
[2020-12-30 16:41:27,001][DEBUG][SERVER][PrintTimeRecord][taskexector_th] [search][0] ExecutionEngineImpl::Search float: map uids 10 (0.002091 second [2.091200 ms])
[2020-12-30 16:41:27,001][DEBUG][SERVER][SearchDone][taskexector_th] [search][0] SearchJob 1 finish index file: 85
[2020-12-30 16:41:27,001][DEBUG][ENGINE][Execute][milvus_server] Merge task files size info:2056, 82240, 
[2020-12-30 16:41:27,002][DEBUG][SERVER][WaitResult][reqsched_thread] [search][0] SearchJob 1 all done
[2020-12-30 16:41:27,002][DEBUG][ENGINE][UnmarkOngoingFileNoLock][reqsched_thread] Unmark ongoing file:1609317665410774000 refcount:1
[2020-12-30 16:41:27,003][DEBUG][SERVER][PrintTimeRecord][taskexector_th] [search][0] DoSearch file id:85: totally cost (0.003068 second [3.067700 ms])
[2020-12-30 16:41:27,003][DEBUG][ENGINE][UnmarkOngoingFileNoLock][reqsched_thread] Unmark ongoing file:1609317686915697000 refcount:1
[2020-12-30 16:41:27,003][DEBUG][SERVER][PrintTimeRecord][reqsched_thread] Engine query totally cost (0.024890 second [24.890000 ms])
[2020-12-30 16:41:27,004][DEBUG][SERVER][print][reqsched_thread] [CACHE CPU] [item count]: 2, [usage] 0MB, [capacity] 1024MB
[2020-12-30 16:41:27,004][DEBUG][SERVER][PrintTimeRecord][reqsched_thread] [search][0] SearchRequest execute(collection=retina_face, nq=1, k=10): query vectors from engine (0.029444 second [29.443900 ms])
[2020-12-30 16:41:27,004][DEBUG][SERVER][PrintTimeRecord][reqsched_thread] [search][0] SearchRequest execute(collection=retina_face, nq=1, k=10): construct result (0.000360 second [0.360500 ms])
[2020-12-30 16:41:27,005][DEBUG][SERVER][PrintTimeRecord][reqsched_thread] [search][0] SearchRequest execute(collection=retina_face, nq=1, k=10): totally cost (0.030328 second [30.327900 ms])
[2020-12-30 16:41:27,009][DEBUG][SERVER][PrintTimeRecord][milvus_server] SegmentWriter::WriteBloomFilter: Initializing bloom filter (0.006865 second [6.864900 ms])
[2020-12-30 16:41:27,054][DEBUG][SERVER][PrintTimeRecord][milvus_server] SegmentWriter::WriteBloomFilter: Adding 41 ids to bloom filter (0.045527 second [45.526900 ms])
[2020-12-30 16:41:27,055][DEBUG][SERVER][PrintTimeRecord][milvus_server] SegmentWriter::WriteBloomFilter: Writing bloom filter (0.000808 second [0.807900 ms])
[2020-12-30 16:41:27,056][DEBUG][SERVER][PrintTimeRecord][milvus_server] SegmentWriter::Serialize: Writing bloom filter done (0.053903 second [53.903100 ms])
[2020-12-30 16:41:27,062][DEBUG][SERVER][PrintTimeRecord][milvus_server] write vectors: write rv done (0.004618 second [4.618300 ms])
[2020-12-30 16:41:27,067][DEBUG][SERVER][PrintTimeRecord][milvus_server] write vectors: write uids done (0.004952 second [4.951500 ms])
[2020-12-30 16:41:27,070][DEBUG][SERVER][PrintTimeRecord][milvus_server] SegmentWriter::Serialize: Writing vectors and uids done (0.014685 second [14.685200 ms])
[2020-12-30 16:41:27,079][DEBUG][SERVER][PrintTimeRecord][milvus_server] SegmentWriter::Serialize: Writing deleted docs done (0.008585 second [8.585000 ms])
[2020-12-30 16:41:27,082][DEBUG][ENGINE][UpdateCollectionFiles][milvus_server] Update 3 collection files
[2020-12-30 16:41:27,083][DEBUG][ENGINE][Execute][milvus_server] New merged segment 1609317686961167000 of size 84296 bytes
[2020-12-30 16:41:27,084][DEBUG][ENGINE][UnmarkOngoingFileNoLock][milvus_server] Unmark ongoing file:1609317686915697000 refcount:0
[2020-12-30 16:41:27,106][DEBUG][ENGINE][UnmarkOngoingFileNoLock][milvus_server] Unmark ongoing file:1609317665410774000 refcount:0
[2020-12-30 16:41:37,561][DEBUG][SERVER][erase_internal][milvus_server] [CACHE CPU] Erase /var/lib/milvus/db/tables/retina_face/1609317665410774000/1609317665410774000 size: 0MB from cache
[2020-12-30 16:41:37,563][DEBUG][SERVER][erase_internal][milvus_server] [CACHE CPU] Count: 1, Usage: 0MB, Capacity: 1024MB
[2020-12-30 16:41:37,567][DEBUG][ENGINE][operator()][milvus_server] Remove file id:1609317665410774000 location:/var/lib/milvus/db/tables/retina_face/1609317665410774000/1609317665410774000
[2020-12-30 16:41:37,569][DEBUG][SERVER][erase_internal][milvus_server] [CACHE CPU] Erase /var/lib/milvus/db/tables/retina_face/1609317686915697000/1609317686915697000 size: 0MB from cache
[2020-12-30 16:41:37,570][DEBUG][SERVER][erase_internal][milvus_server] [CACHE CPU] Count: 0, Usage: 0MB, Capacity: 1024MB
[2020-12-30 16:41:37,574][DEBUG][ENGINE][operator()][milvus_server] Remove file id:1609317686915697000 location:/var/lib/milvus/db/tables/retina_face/1609317686915697000/1609317686915697000
[2020-12-30 16:41:37,578][DEBUG][ENGINE][CleanUpFilesWithTTL][milvus_server] Clean 2 files expired in 10 seconds
[2020-12-30 16:41:37,596][DEBUG][ENGINE][CleanUpFilesWithTTL][milvus_server] Remove segment directory: /var/lib/milvus/db/tables/retina_face/1609317665410774000
[2020-12-30 16:41:37,604][DEBUG][ENGINE][CleanUpFilesWithTTL][milvus_server] Remove segment directory: /var/lib/milvus/db/tables/retina_face/1609317686915697000
[2020-12-30 16:41:37,605][DEBUG][ENGINE][CleanUpFilesWithTTL][milvus_server] Remove 2 segments folder
