[2020-12-28 09:48:16,702][INFO][SERVER][Check][milvus_server] InstanceLockCheck passed.
[2020-12-28 09:48:16,703][INFO][SERVER][Check][milvus_server] InstanceLockCheck passed.
[2020-12-28 09:48:16,703][INFO][SERVER][Start][milvus_server] Milvus Release version: v0.9.1, built at 2020-05-28 17:39.31
[2020-12-28 09:48:16,704][INFO][SERVER][Start][milvus_server] CPU edition
[2020-12-28 09:48:16,706][INFO][SERVER][CheckCpuInstructionSet][milvus_server] Supported CPU instruction sets: avx2, sse4_2
[2020-12-28 09:48:16,708][INFO][SERVER][LogConfigInFile][milvus_server] 

***************Config in file***************

version: 0.4
server_config:
  address: 0.0.0.0
  port: 19530
  deploy_mode: single
  time_zone: UTC+8
  web_enable: true
  web_port: 19121
db_config:
  backend_url: sqlite://:@:/
  preload_collection: ~
  auto_flush_interval: 1
storage_config:
  primary_path: /var/lib/milvus
  secondary_path: ~
  file_cleanup_timeout: 10
metric_config:
  enable_monitor: false
  address: 127.0.0.1
  port: 9091
cache_config:
  cpu_cache_capacity: 1
  insert_buffer_size: 1
  cache_insert_data: false
engine_config:
  use_blas_threshold: 1100
  gpu_search_threshold: 1000
gpu_resource_config:
  enable: false
  cache_capacity: 1
  search_resources:
    - gpu0
  build_index_resources:
    - gpu0
tracing_config:
  json_config_path: ~
wal_config:
  enable: true
  recovery_error_ignore: true
  buffer_size: 256
  wal_path: /var/lib/milvus/wal
logs:
  trace.enable: true
  debug.enable: true
  info.enable: true
  warning.enable: true
  error.enable: true
  fatal.enable: true
  path: /var/lib/milvus/logs
  max_log_file_size: 1024
  log_rotate_num: 0
[2020-12-28 09:48:16,709][INFO][SERVER][LogCpuInfo][milvus_server] 

***************CPU***************

processor	: 1
vendor_id	: GenuineIntel
cpu family	: 6
model		: 142
model name	: Intel(R) Core(TM) i5-8250U CPU @ 1.60GHz
stepping	: 10
microcode	: 0xffffffff
cpu MHz		: 1800.000
cache size	: 6144 KB
physical id	: 0
siblings	: 2
core id		: 0
cpu cores	: 1
apicid		: 1
initial apicid	: 1
fpu		: yes
fpu_exception	: yes
cpuid level	: 21
wp		: yes
flags		: fpu vme de pse tsc msr pae mce cx8 apic sep mtrr pge mca cmov pat pse36 clflush mmx fxsr sse sse2 ss ht syscall nx pdpe1gb rdtscp lm constant_tsc rep_good nopl xtopology cpuid pni pclmulqdq ssse3 fma cx16 pcid sse4_1 sse4_2 movbe popcnt aes xsave avx f16c rdrand hypervisor lahf_lm abm 3dnowprefetch invpcid_single ssbd ibrs ibpb stibp fsgsbase bmi1 avx2 smep bmi2 erms invpcid mpx rdseed adx smap clflushopt xsaveopt xsavec xgetbv1 xsaves flush_l1d arch_capabilities
bugs		: cpu_meltdown spectre_v1 spectre_v2 spec_store_bypass l1tf mds swapgs itlb_multihit
bogomips	: 3600.00
clflush size	: 64
cache_alignment	: 64
address sizes	: 39 bits physical, 48 bits virtual
power management:


[2020-12-28 09:48:16,709][INFO][SERVER][LogConfigInMem][milvus_server] 

***************Config in memory***************

{
   "cache_config": {
      "cache_insert_data": "false",
      "cpu_cache_capacity": "1",
      "cpu_cache_threshold": "0.7",
      "insert_buffer_size": "1"
   },
   "db_config": {
      "archive_days_threshold": "0",
      "archive_disk_threshold": "0",
      "auto_flush_interval": "1",
      "backend_url": "sqlite://:@:/",
      "preload_collection": ""
   },
   "engine_config": {
      "omp_thread_num": "0",
      "simd_type": "auto",
      "use_blas_threshold": "1100"
   },
   "logs": {
      "debug.enable": "true",
      "error.enable": "true",
      "fatal.enable": "true",
      "info.enable": "true",
      "log_rotate_num": "0",
      "max_log_file_size": "1024",
      "path": "/var/lib/milvus/logs",
      "trace.enable": "true",
      "warning.enable": "true"
   },
   "metric_config": {
      "address": "127.0.0.1",
      "enable_monitor": "false",
      "port": "9091"
   },
   "server_config": {
      "address": "0.0.0.0",
      "deploy_mode": "single",
      "port": "19530",
      "time_zone": "UTC+8",
      "web_enable": "true",
      "web_port": "19121"
   },
   "storage_config": {
      "primary_path": "/var/lib/milvus",
      "secondary_path": ""
   },
   "tracing_config": {
      "json_config_path": ""
   },
   "wal_config": {
      "buffer_size": "256",
      "enable": "true",
      "recovery_error_ignore": "true",
      "wal_path": "/var/lib/milvus/wal"
   }
}
[2020-12-28 09:48:16,712][INFO][ENGINE][Build][milvus_server] Using SQLite
[2020-12-28 09:48:18,008][INFO][WAL][CollectionFlushed][wal_thread]  is flushed by lsn 0
[2020-12-28 09:48:19,009][INFO][WAL][CollectionFlushed][wal_thread]  is flushed by lsn 0
[2020-12-28 09:48:20,010][INFO][WAL][CollectionFlushed][wal_thread]  is flushed by lsn 0
[2020-12-28 09:48:21,011][INFO][WAL][CollectionFlushed][wal_thread]  is flushed by lsn 0
[2020-12-28 09:48:22,012][INFO][WAL][CollectionFlushed][wal_thread]  is flushed by lsn 0
[2020-12-28 09:48:23,012][INFO][WAL][CollectionFlushed][wal_thread]  is flushed by lsn 0
[2020-12-28 09:48:24,013][INFO][WAL][CollectionFlushed][wal_thread]  is flushed by lsn 0
[2020-12-28 09:48:25,014][INFO][WAL][CollectionFlushed][wal_thread]  is flushed by lsn 0
[2020-12-28 09:48:26,015][INFO][WAL][CollectionFlushed][wal_thread]  is flushed by lsn 0
[2020-12-28 09:48:27,016][INFO][WAL][CollectionFlushed][wal_thread]  is flushed by lsn 0
[2020-12-28 09:48:28,017][INFO][WAL][CollectionFlushed][wal_thread]  is flushed by lsn 0
[2020-12-28 09:48:29,018][INFO][WAL][CollectionFlushed][wal_thread]  is flushed by lsn 0
[2020-12-28 09:48:30,019][INFO][WAL][CollectionFlushed][wal_thread]  is flushed by lsn 0
[2020-12-28 09:48:31,020][INFO][WAL][CollectionFlushed][wal_thread]  is flushed by lsn 0
[2020-12-28 09:48:32,021][INFO][WAL][CollectionFlushed][wal_thread]  is flushed by lsn 0
[2020-12-28 09:48:33,022][INFO][WAL][CollectionFlushed][wal_thread]  is flushed by lsn 0
[2020-12-28 09:48:34,023][INFO][WAL][CollectionFlushed][wal_thread]  is flushed by lsn 0
[2020-12-28 09:48:35,024][INFO][WAL][CollectionFlushed][wal_thread]  is flushed by lsn 0
[2020-12-28 09:48:36,025][INFO][WAL][CollectionFlushed][wal_thread]  is flushed by lsn 0
[2020-12-28 09:48:37,026][INFO][WAL][CollectionFlushed][wal_thread]  is flushed by lsn 0
[2020-12-28 09:48:38,027][INFO][WAL][CollectionFlushed][wal_thread]  is flushed by lsn 0
[2020-12-28 09:48:39,028][INFO][WAL][CollectionFlushed][wal_thread]  is flushed by lsn 0
[2020-12-28 09:48:40,031][INFO][WAL][CollectionFlushed][wal_thread]  is flushed by lsn 0
[2020-12-28 09:48:41,032][INFO][WAL][CollectionFlushed][wal_thread]  is flushed by lsn 0
[2020-12-28 09:48:42,033][INFO][WAL][CollectionFlushed][wal_thread]  is flushed by lsn 0
[2020-12-28 09:48:43,034][INFO][WAL][CollectionFlushed][wal_thread]  is flushed by lsn 0
[2020-12-28 09:48:44,035][INFO][WAL][CollectionFlushed][wal_thread]  is flushed by lsn 0
[2020-12-28 09:48:45,036][INFO][WAL][CollectionFlushed][wal_thread]  is flushed by lsn 0
[2020-12-28 09:48:46,037][INFO][WAL][CollectionFlushed][wal_thread]  is flushed by lsn 0
[2020-12-28 09:48:47,038][INFO][WAL][CollectionFlushed][wal_thread]  is flushed by lsn 0
[2020-12-28 09:48:48,039][INFO][WAL][CollectionFlushed][wal_thread]  is flushed by lsn 0
[2020-12-28 09:48:49,041][INFO][WAL][CollectionFlushed][wal_thread]  is flushed by lsn 0
[2020-12-28 09:48:50,041][INFO][WAL][CollectionFlushed][wal_thread]  is flushed by lsn 0
[2020-12-28 09:48:51,042][INFO][WAL][CollectionFlushed][wal_thread]  is flushed by lsn 0
[2020-12-28 09:48:52,043][INFO][WAL][CollectionFlushed][wal_thread]  is flushed by lsn 0
[2020-12-28 09:48:53,044][INFO][WAL][CollectionFlushed][wal_thread]  is flushed by lsn 0
[2020-12-28 09:48:54,045][INFO][WAL][CollectionFlushed][wal_thread]  is flushed by lsn 0
[2020-12-28 09:48:55,046][INFO][WAL][CollectionFlushed][wal_thread]  is flushed by lsn 0
[2020-12-28 09:48:56,047][INFO][WAL][CollectionFlushed][wal_thread]  is flushed by lsn 0
[2020-12-28 09:48:57,048][INFO][WAL][CollectionFlushed][wal_thread]  is flushed by lsn 0
[2020-12-28 09:48:58,050][INFO][WAL][CollectionFlushed][wal_thread]  is flushed by lsn 0
[2020-12-28 09:48:59,050][INFO][WAL][CollectionFlushed][wal_thread]  is flushed by lsn 0
[2020-12-28 09:49:00,051][INFO][WAL][CollectionFlushed][wal_thread]  is flushed by lsn 0
[2020-12-28 09:49:01,052][INFO][WAL][CollectionFlushed][wal_thread]  is flushed by lsn 0
[2020-12-28 09:49:02,053][INFO][WAL][CollectionFlushed][wal_thread]  is flushed by lsn 0
[2020-12-28 09:49:03,054][INFO][WAL][CollectionFlushed][wal_thread]  is flushed by lsn 0
[2020-12-28 09:49:04,055][INFO][WAL][CollectionFlushed][wal_thread]  is flushed by lsn 0
[2020-12-28 09:49:05,056][INFO][WAL][CollectionFlushed][wal_thread]  is flushed by lsn 0
[2020-12-28 09:49:06,057][INFO][WAL][CollectionFlushed][wal_thread]  is flushed by lsn 0
[2020-12-28 09:49:07,058][INFO][WAL][CollectionFlushed][wal_thread]  is flushed by lsn 0
[2020-12-28 09:49:08,059][INFO][WAL][CollectionFlushed][wal_thread]  is flushed by lsn 0
[2020-12-28 09:49:09,060][INFO][WAL][CollectionFlushed][wal_thread]  is flushed by lsn 0
[2020-12-28 09:49:10,060][INFO][WAL][CollectionFlushed][wal_thread]  is flushed by lsn 0
[2020-12-28 09:49:11,061][INFO][WAL][CollectionFlushed][wal_thread]  is flushed by lsn 0
[2020-12-28 09:49:12,062][INFO][WAL][CollectionFlushed][wal_thread]  is flushed by lsn 0
[2020-12-28 09:49:13,063][INFO][WAL][CollectionFlushed][wal_thread]  is flushed by lsn 0
[2020-12-28 09:49:14,064][INFO][WAL][CollectionFlushed][wal_thread]  is flushed by lsn 0
[2020-12-28 09:49:15,065][INFO][WAL][CollectionFlushed][wal_thread]  is flushed by lsn 0
[2020-12-28 09:49:16,066][INFO][WAL][CollectionFlushed][wal_thread]  is flushed by lsn 0
[2020-12-28 09:49:17,067][INFO][WAL][CollectionFlushed][wal_thread]  is flushed by lsn 0
[2020-12-28 09:49:18,068][INFO][WAL][CollectionFlushed][wal_thread]  is flushed by lsn 0
[2020-12-28 09:49:19,069][INFO][WAL][CollectionFlushed][wal_thread]  is flushed by lsn 0
[2020-12-28 09:49:20,070][INFO][WAL][CollectionFlushed][wal_thread]  is flushed by lsn 0
[2020-12-28 09:49:21,071][INFO][WAL][CollectionFlushed][wal_thread]  is flushed by lsn 0
[2020-12-28 09:49:22,072][INFO][WAL][CollectionFlushed][wal_thread]  is flushed by lsn 0
[2020-12-28 09:49:23,073][INFO][WAL][CollectionFlushed][wal_thread]  is flushed by lsn 0
[2020-12-28 09:49:24,074][INFO][WAL][CollectionFlushed][wal_thread]  is flushed by lsn 0
[2020-12-28 09:49:25,076][INFO][WAL][CollectionFlushed][wal_thread]  is flushed by lsn 0
[2020-12-28 09:49:26,078][INFO][WAL][CollectionFlushed][wal_thread]  is flushed by lsn 0
[2020-12-28 09:49:27,078][INFO][WAL][CollectionFlushed][wal_thread]  is flushed by lsn 0
[2020-12-28 09:49:28,079][INFO][WAL][CollectionFlushed][wal_thread]  is flushed by lsn 0
[2020-12-28 09:49:29,080][INFO][WAL][CollectionFlushed][wal_thread]  is flushed by lsn 0
[2020-12-28 09:49:30,081][INFO][WAL][CollectionFlushed][wal_thread]  is flushed by lsn 0
[2020-12-28 09:49:31,082][INFO][WAL][CollectionFlushed][wal_thread]  is flushed by lsn 0
[2020-12-28 09:49:32,083][INFO][WAL][CollectionFlushed][wal_thread]  is flushed by lsn 0
[2020-12-28 09:49:33,084][INFO][WAL][CollectionFlushed][wal_thread]  is flushed by lsn 0
[2020-12-28 09:49:34,085][INFO][WAL][CollectionFlushed][wal_thread]  is flushed by lsn 0
[2020-12-28 09:49:35,086][INFO][WAL][CollectionFlushed][wal_thread]  is flushed by lsn 0
[2020-12-28 09:49:36,087][INFO][WAL][CollectionFlushed][wal_thread]  is flushed by lsn 0
[2020-12-28 09:49:37,088][INFO][WAL][CollectionFlushed][wal_thread]  is flushed by lsn 0
[2020-12-28 09:49:38,089][INFO][WAL][CollectionFlushed][wal_thread]  is flushed by lsn 0
[2020-12-28 09:49:39,090][INFO][WAL][CollectionFlushed][wal_thread]  is flushed by lsn 0
[2020-12-28 09:49:40,091][INFO][WAL][CollectionFlushed][wal_thread]  is flushed by lsn 0
[2020-12-28 09:49:41,093][INFO][WAL][CollectionFlushed][wal_thread]  is flushed by lsn 0
[2020-12-28 09:49:42,094][INFO][WAL][CollectionFlushed][wal_thread]  is flushed by lsn 0
[2020-12-28 09:49:43,095][INFO][WAL][CollectionFlushed][wal_thread]  is flushed by lsn 0
[2020-12-28 09:49:44,096][INFO][WAL][CollectionFlushed][wal_thread]  is flushed by lsn 0
[2020-12-28 09:49:45,097][INFO][WAL][CollectionFlushed][wal_thread]  is flushed by lsn 0
[2020-12-28 09:49:46,098][INFO][WAL][CollectionFlushed][wal_thread]  is flushed by lsn 0
[2020-12-28 09:49:47,182][INFO][WAL][CollectionFlushed][wal_thread]  is flushed by lsn 0
[2020-12-28 09:49:48,182][INFO][WAL][CollectionFlushed][wal_thread]  is flushed by lsn 0
[2020-12-28 09:49:49,183][INFO][WAL][CollectionFlushed][wal_thread]  is flushed by lsn 0
[2020-12-28 09:49:50,185][INFO][WAL][CollectionFlushed][wal_thread]  is flushed by lsn 0
[2020-12-28 09:49:51,186][INFO][WAL][CollectionFlushed][wal_thread]  is flushed by lsn 0
[2020-12-28 09:49:52,187][INFO][WAL][CollectionFlushed][wal_thread]  is flushed by lsn 0
[2020-12-28 09:49:53,188][INFO][WAL][CollectionFlushed][wal_thread]  is flushed by lsn 0
[2020-12-28 09:49:54,189][INFO][WAL][CollectionFlushed][wal_thread]  is flushed by lsn 0
[2020-12-28 09:49:55,190][INFO][WAL][CollectionFlushed][wal_thread]  is flushed by lsn 0
[2020-12-28 09:49:56,190][INFO][WAL][CollectionFlushed][wal_thread]  is flushed by lsn 0
[2020-12-28 09:49:57,191][INFO][WAL][CollectionFlushed][wal_thread]  is flushed by lsn 0
[2020-12-28 09:49:58,192][INFO][WAL][CollectionFlushed][wal_thread]  is flushed by lsn 0
[2020-12-28 09:49:59,193][INFO][WAL][CollectionFlushed][wal_thread]  is flushed by lsn 0
[2020-12-28 09:50:00,194][INFO][WAL][CollectionFlushed][wal_thread]  is flushed by lsn 0
[2020-12-28 09:50:01,195][INFO][WAL][CollectionFlushed][wal_thread]  is flushed by lsn 0
[2020-12-28 09:50:02,197][INFO][WAL][CollectionFlushed][wal_thread]  is flushed by lsn 0
[2020-12-28 09:50:03,198][INFO][WAL][CollectionFlushed][wal_thread]  is flushed by lsn 0
[2020-12-28 09:50:04,198][INFO][WAL][CollectionFlushed][wal_thread]  is flushed by lsn 0
[2020-12-28 09:50:05,199][INFO][WAL][CollectionFlushed][wal_thread]  is flushed by lsn 0
[2020-12-28 09:50:06,200][INFO][WAL][CollectionFlushed][wal_thread]  is flushed by lsn 0
[2020-12-28 09:50:07,201][INFO][WAL][CollectionFlushed][wal_thread]  is flushed by lsn 0
[2020-12-28 09:50:08,202][INFO][WAL][CollectionFlushed][wal_thread]  is flushed by lsn 0
[2020-12-28 09:50:09,203][INFO][WAL][CollectionFlushed][wal_thread]  is flushed by lsn 0
[2020-12-28 09:50:10,204][INFO][WAL][CollectionFlushed][wal_thread]  is flushed by lsn 0
[2020-12-28 09:50:11,205][INFO][WAL][CollectionFlushed][wal_thread]  is flushed by lsn 0
[2020-12-28 09:50:12,206][INFO][WAL][CollectionFlushed][wal_thread]  is flushed by lsn 0
[2020-12-28 09:50:13,207][INFO][WAL][CollectionFlushed][wal_thread]  is flushed by lsn 0
[2020-12-28 09:50:14,208][INFO][WAL][CollectionFlushed][wal_thread]  is flushed by lsn 0
[2020-12-28 09:50:15,209][INFO][WAL][CollectionFlushed][wal_thread]  is flushed by lsn 0
[2020-12-28 09:50:16,209][INFO][WAL][CollectionFlushed][wal_thread]  is flushed by lsn 0
[2020-12-28 09:50:17,212][INFO][WAL][CollectionFlushed][wal_thread]  is flushed by lsn 0
[2020-12-28 09:50:18,213][INFO][WAL][CollectionFlushed][wal_thread]  is flushed by lsn 0
[2020-12-28 09:50:19,214][INFO][WAL][CollectionFlushed][wal_thread]  is flushed by lsn 0
[2020-12-28 09:50:20,222][INFO][WAL][CollectionFlushed][wal_thread]  is flushed by lsn 0
[2020-12-28 09:50:21,223][INFO][WAL][CollectionFlushed][wal_thread]  is flushed by lsn 0
[2020-12-28 09:50:22,225][INFO][WAL][CollectionFlushed][wal_thread]  is flushed by lsn 0
[2020-12-28 09:50:23,226][INFO][WAL][CollectionFlushed][wal_thread]  is flushed by lsn 0
[2020-12-28 09:50:24,227][INFO][WAL][CollectionFlushed][wal_thread]  is flushed by lsn 0
[2020-12-28 09:50:25,228][INFO][WAL][CollectionFlushed][wal_thread]  is flushed by lsn 0
[2020-12-28 09:50:26,229][INFO][WAL][CollectionFlushed][wal_thread]  is flushed by lsn 0
[2020-12-28 09:50:27,230][INFO][WAL][CollectionFlushed][wal_thread]  is flushed by lsn 0
[2020-12-28 09:50:28,230][INFO][WAL][CollectionFlushed][wal_thread]  is flushed by lsn 0
[2020-12-28 09:50:29,231][INFO][WAL][CollectionFlushed][wal_thread]  is flushed by lsn 0
[2020-12-28 09:50:30,232][INFO][WAL][CollectionFlushed][wal_thread]  is flushed by lsn 0
[2020-12-28 09:50:31,233][INFO][WAL][CollectionFlushed][wal_thread]  is flushed by lsn 0
[2020-12-28 09:50:32,234][INFO][WAL][CollectionFlushed][wal_thread]  is flushed by lsn 0
[2020-12-28 09:50:33,235][INFO][WAL][CollectionFlushed][wal_thread]  is flushed by lsn 0
[2020-12-28 09:50:34,236][INFO][WAL][CollectionFlushed][wal_thread]  is flushed by lsn 0
[2020-12-28 09:50:35,237][INFO][WAL][CollectionFlushed][wal_thread]  is flushed by lsn 0
[2020-12-28 09:50:36,238][INFO][WAL][CollectionFlushed][wal_thread]  is flushed by lsn 0
[2020-12-28 09:50:37,239][INFO][WAL][CollectionFlushed][wal_thread]  is flushed by lsn 0
[2020-12-28 09:50:38,240][INFO][WAL][CollectionFlushed][wal_thread]  is flushed by lsn 0
[2020-12-28 09:50:39,241][INFO][WAL][CollectionFlushed][wal_thread]  is flushed by lsn 0
[2020-12-28 09:50:40,242][INFO][WAL][CollectionFlushed][wal_thread]  is flushed by lsn 0
[2020-12-28 09:50:41,243][INFO][WAL][CollectionFlushed][wal_thread]  is flushed by lsn 0
[2020-12-28 09:50:42,245][INFO][WAL][CollectionFlushed][wal_thread]  is flushed by lsn 0
[2020-12-28 09:50:43,246][INFO][WAL][CollectionFlushed][wal_thread]  is flushed by lsn 0
[2020-12-28 09:50:44,246][INFO][WAL][CollectionFlushed][wal_thread]  is flushed by lsn 0
[2020-12-28 09:50:45,247][INFO][WAL][CollectionFlushed][wal_thread]  is flushed by lsn 0
[2020-12-28 09:50:46,248][INFO][WAL][CollectionFlushed][wal_thread]  is flushed by lsn 0
[2020-12-28 09:50:47,249][INFO][WAL][CollectionFlushed][wal_thread]  is flushed by lsn 0
[2020-12-28 09:50:48,250][INFO][WAL][CollectionFlushed][wal_thread]  is flushed by lsn 0
[2020-12-28 09:50:49,251][INFO][WAL][CollectionFlushed][wal_thread]  is flushed by lsn 0
[2020-12-28 09:50:50,252][INFO][WAL][CollectionFlushed][wal_thread]  is flushed by lsn 0
[2020-12-28 09:50:51,253][INFO][WAL][CollectionFlushed][wal_thread]  is flushed by lsn 0
[2020-12-28 09:50:52,253][INFO][WAL][CollectionFlushed][wal_thread]  is flushed by lsn 0
[2020-12-28 09:50:53,254][INFO][WAL][CollectionFlushed][wal_thread]  is flushed by lsn 0
[2020-12-28 09:50:54,255][INFO][WAL][CollectionFlushed][wal_thread]  is flushed by lsn 0
[2020-12-28 09:50:55,256][INFO][WAL][CollectionFlushed][wal_thread]  is flushed by lsn 0
[2020-12-28 09:50:56,257][INFO][WAL][CollectionFlushed][wal_thread]  is flushed by lsn 0
[2020-12-28 09:50:57,258][INFO][WAL][CollectionFlushed][wal_thread]  is flushed by lsn 0
[2020-12-28 09:50:58,259][INFO][WAL][CollectionFlushed][wal_thread]  is flushed by lsn 0
[2020-12-28 09:50:59,260][INFO][WAL][CollectionFlushed][wal_thread]  is flushed by lsn 0
[2020-12-28 09:51:00,261][INFO][WAL][CollectionFlushed][wal_thread]  is flushed by lsn 0
[2020-12-28 09:51:01,262][INFO][WAL][CollectionFlushed][wal_thread]  is flushed by lsn 0
[2020-12-28 09:51:02,263][INFO][WAL][CollectionFlushed][wal_thread]  is flushed by lsn 0
[2020-12-28 09:51:03,264][INFO][WAL][CollectionFlushed][wal_thread]  is flushed by lsn 0
[2020-12-28 09:51:04,264][INFO][WAL][CollectionFlushed][wal_thread]  is flushed by lsn 0
[2020-12-28 09:51:05,265][INFO][WAL][CollectionFlushed][wal_thread]  is flushed by lsn 0
[2020-12-28 09:51:06,267][INFO][WAL][CollectionFlushed][wal_thread]  is flushed by lsn 0
[2020-12-28 09:51:07,267][INFO][WAL][CollectionFlushed][wal_thread]  is flushed by lsn 0
[2020-12-28 09:51:08,268][INFO][WAL][CollectionFlushed][wal_thread]  is flushed by lsn 0
[2020-12-28 09:51:09,269][INFO][WAL][CollectionFlushed][wal_thread]  is flushed by lsn 0
[2020-12-28 09:51:10,270][INFO][WAL][CollectionFlushed][wal_thread]  is flushed by lsn 0
[2020-12-28 09:51:11,271][INFO][WAL][CollectionFlushed][wal_thread]  is flushed by lsn 0
[2020-12-28 09:51:12,272][INFO][WAL][CollectionFlushed][wal_thread]  is flushed by lsn 0
[2020-12-28 09:51:13,273][INFO][WAL][CollectionFlushed][wal_thread]  is flushed by lsn 0
[2020-12-28 09:51:14,273][INFO][WAL][CollectionFlushed][wal_thread]  is flushed by lsn 0
[2020-12-28 09:51:15,274][INFO][WAL][CollectionFlushed][wal_thread]  is flushed by lsn 0
[2020-12-28 09:51:16,276][INFO][WAL][CollectionFlushed][wal_thread]  is flushed by lsn 0
[2020-12-28 09:51:17,277][INFO][WAL][CollectionFlushed][wal_thread]  is flushed by lsn 0
[2020-12-28 09:51:18,278][INFO][WAL][CollectionFlushed][wal_thread]  is flushed by lsn 0
[2020-12-28 09:51:19,279][INFO][WAL][CollectionFlushed][wal_thread]  is flushed by lsn 0
[2020-12-28 09:51:20,280][INFO][WAL][CollectionFlushed][wal_thread]  is flushed by lsn 0
[2020-12-28 09:51:21,280][INFO][WAL][CollectionFlushed][wal_thread]  is flushed by lsn 0
[2020-12-28 09:51:22,281][INFO][WAL][CollectionFlushed][wal_thread]  is flushed by lsn 0
[2020-12-28 09:51:23,282][INFO][WAL][CollectionFlushed][wal_thread]  is flushed by lsn 0
[2020-12-28 09:51:24,283][INFO][WAL][CollectionFlushed][wal_thread]  is flushed by lsn 0
[2020-12-28 09:51:25,284][INFO][WAL][CollectionFlushed][wal_thread]  is flushed by lsn 0
[2020-12-28 09:51:26,285][INFO][WAL][CollectionFlushed][wal_thread]  is flushed by lsn 0
[2020-12-28 09:51:27,287][INFO][WAL][CollectionFlushed][wal_thread]  is flushed by lsn 0
[2020-12-28 09:51:28,288][INFO][WAL][CollectionFlushed][wal_thread]  is flushed by lsn 0
[2020-12-28 09:51:29,289][INFO][WAL][CollectionFlushed][wal_thread]  is flushed by lsn 0
[2020-12-28 09:51:30,290][INFO][WAL][CollectionFlushed][wal_thread]  is flushed by lsn 0
[2020-12-28 09:51:31,291][INFO][WAL][CollectionFlushed][wal_thread]  is flushed by lsn 0
[2020-12-28 09:51:32,292][INFO][WAL][CollectionFlushed][wal_thread]  is flushed by lsn 0
[2020-12-28 09:51:33,293][INFO][WAL][CollectionFlushed][wal_thread]  is flushed by lsn 0
[2020-12-28 09:51:34,295][INFO][WAL][CollectionFlushed][wal_thread]  is flushed by lsn 0
[2020-12-28 09:51:35,295][INFO][WAL][CollectionFlushed][wal_thread]  is flushed by lsn 0
[2020-12-28 09:51:36,296][INFO][WAL][CollectionFlushed][wal_thread]  is flushed by lsn 0
[2020-12-28 09:51:37,297][INFO][WAL][CollectionFlushed][wal_thread]  is flushed by lsn 0
[2020-12-28 09:51:38,299][INFO][WAL][CollectionFlushed][wal_thread]  is flushed by lsn 0
[2020-12-28 09:51:39,301][INFO][WAL][CollectionFlushed][wal_thread]  is flushed by lsn 0
[2020-12-28 09:51:40,301][INFO][WAL][CollectionFlushed][wal_thread]  is flushed by lsn 0
[2020-12-28 09:51:41,302][INFO][WAL][CollectionFlushed][wal_thread]  is flushed by lsn 0
[2020-12-28 09:51:42,303][INFO][WAL][CollectionFlushed][wal_thread]  is flushed by lsn 0
[2020-12-28 09:51:43,304][INFO][WAL][CollectionFlushed][wal_thread]  is flushed by lsn 0
[2020-12-28 09:51:44,305][INFO][WAL][CollectionFlushed][wal_thread]  is flushed by lsn 0
[2020-12-28 09:51:45,306][INFO][WAL][CollectionFlushed][wal_thread]  is flushed by lsn 0
[2020-12-28 09:51:46,307][INFO][WAL][CollectionFlushed][wal_thread]  is flushed by lsn 0
[2020-12-28 09:51:47,308][INFO][WAL][CollectionFlushed][wal_thread]  is flushed by lsn 0
[2020-12-28 09:51:48,309][INFO][WAL][CollectionFlushed][wal_thread]  is flushed by lsn 0
[2020-12-28 09:51:49,310][INFO][WAL][CollectionFlushed][wal_thread]  is flushed by lsn 0
[2020-12-28 09:51:50,311][INFO][WAL][CollectionFlushed][wal_thread]  is flushed by lsn 0
[2020-12-28 09:51:51,312][INFO][WAL][CollectionFlushed][wal_thread]  is flushed by lsn 0
[2020-12-28 09:51:52,313][INFO][WAL][CollectionFlushed][wal_thread]  is flushed by lsn 0
[2020-12-28 09:51:53,313][INFO][WAL][CollectionFlushed][wal_thread]  is flushed by lsn 0
[2020-12-28 09:51:54,314][INFO][WAL][CollectionFlushed][wal_thread]  is flushed by lsn 0
[2020-12-28 09:51:55,315][INFO][WAL][CollectionFlushed][wal_thread]  is flushed by lsn 0
[2020-12-28 09:51:56,316][INFO][WAL][CollectionFlushed][wal_thread]  is flushed by lsn 0
[2020-12-28 09:51:57,317][INFO][WAL][CollectionFlushed][wal_thread]  is flushed by lsn 0
[2020-12-28 09:51:58,318][INFO][WAL][CollectionFlushed][wal_thread]  is flushed by lsn 0
[2020-12-28 09:51:59,319][INFO][WAL][CollectionFlushed][wal_thread]  is flushed by lsn 0
[2020-12-28 09:52:00,320][INFO][WAL][CollectionFlushed][wal_thread]  is flushed by lsn 0
[2020-12-28 09:52:01,321][INFO][WAL][CollectionFlushed][wal_thread]  is flushed by lsn 0
[2020-12-28 09:52:02,322][INFO][WAL][CollectionFlushed][wal_thread]  is flushed by lsn 0
[2020-12-28 09:52:03,323][INFO][WAL][CollectionFlushed][wal_thread]  is flushed by lsn 0
[2020-12-28 09:52:04,324][INFO][WAL][CollectionFlushed][wal_thread]  is flushed by lsn 0
[2020-12-28 09:52:05,325][INFO][WAL][CollectionFlushed][wal_thread]  is flushed by lsn 0
[2020-12-28 09:52:06,326][INFO][WAL][CollectionFlushed][wal_thread]  is flushed by lsn 0
[2020-12-28 09:52:07,326][INFO][WAL][CollectionFlushed][wal_thread]  is flushed by lsn 0
[2020-12-28 09:52:08,327][INFO][WAL][CollectionFlushed][wal_thread]  is flushed by lsn 0
[2020-12-28 09:52:09,328][INFO][WAL][CollectionFlushed][wal_thread]  is flushed by lsn 0
[2020-12-28 09:52:10,330][INFO][WAL][CollectionFlushed][wal_thread]  is flushed by lsn 0
[2020-12-28 09:52:11,331][INFO][WAL][CollectionFlushed][wal_thread]  is flushed by lsn 0
[2020-12-28 09:52:12,332][INFO][WAL][CollectionFlushed][wal_thread]  is flushed by lsn 0
[2020-12-28 09:52:13,334][INFO][WAL][CollectionFlushed][wal_thread]  is flushed by lsn 0
[2020-12-28 09:52:14,335][INFO][WAL][CollectionFlushed][wal_thread]  is flushed by lsn 0
[2020-12-28 09:52:15,336][INFO][WAL][CollectionFlushed][wal_thread]  is flushed by lsn 0
[2020-12-28 09:52:16,337][INFO][WAL][CollectionFlushed][wal_thread]  is flushed by lsn 0
[2020-12-28 09:52:17,338][INFO][WAL][CollectionFlushed][wal_thread]  is flushed by lsn 0
[2020-12-28 09:52:18,339][INFO][WAL][CollectionFlushed][wal_thread]  is flushed by lsn 0
[2020-12-28 09:52:19,340][INFO][WAL][CollectionFlushed][wal_thread]  is flushed by lsn 0
[2020-12-28 09:52:20,342][INFO][WAL][CollectionFlushed][wal_thread]  is flushed by lsn 0
[2020-12-28 09:52:21,343][INFO][WAL][CollectionFlushed][wal_thread]  is flushed by lsn 0
[2020-12-28 09:52:22,344][INFO][WAL][CollectionFlushed][wal_thread]  is flushed by lsn 0
[2020-12-28 09:52:23,345][INFO][WAL][CollectionFlushed][wal_thread]  is flushed by lsn 0
[2020-12-28 09:52:24,346][INFO][WAL][CollectionFlushed][wal_thread]  is flushed by lsn 0
[2020-12-28 09:52:25,347][INFO][WAL][CollectionFlushed][wal_thread]  is flushed by lsn 0
[2020-12-28 09:52:26,348][INFO][WAL][CollectionFlushed][wal_thread]  is flushed by lsn 0
[2020-12-28 09:52:27,349][INFO][WAL][CollectionFlushed][wal_thread]  is flushed by lsn 0
[2020-12-28 09:52:28,349][INFO][WAL][CollectionFlushed][wal_thread]  is flushed by lsn 0
[2020-12-28 09:52:29,350][INFO][WAL][CollectionFlushed][wal_thread]  is flushed by lsn 0
[2020-12-28 09:52:30,351][INFO][WAL][CollectionFlushed][wal_thread]  is flushed by lsn 0
[2020-12-28 09:52:31,352][INFO][WAL][CollectionFlushed][wal_thread]  is flushed by lsn 0
[2020-12-28 09:52:32,353][INFO][WAL][CollectionFlushed][wal_thread]  is flushed by lsn 0
[2020-12-28 09:52:33,354][INFO][WAL][CollectionFlushed][wal_thread]  is flushed by lsn 0
[2020-12-28 09:52:34,355][INFO][WAL][CollectionFlushed][wal_thread]  is flushed by lsn 0
[2020-12-28 09:52:35,380][INFO][WAL][CollectionFlushed][wal_thread]  is flushed by lsn 0
[2020-12-28 09:52:36,381][INFO][WAL][CollectionFlushed][wal_thread]  is flushed by lsn 0
[2020-12-28 09:52:37,382][INFO][WAL][CollectionFlushed][wal_thread]  is flushed by lsn 0
[2020-12-28 09:52:38,383][INFO][WAL][CollectionFlushed][wal_thread]  is flushed by lsn 0
[2020-12-28 09:52:39,384][INFO][WAL][CollectionFlushed][wal_thread]  is flushed by lsn 0
[2020-12-28 09:52:40,385][INFO][WAL][CollectionFlushed][wal_thread]  is flushed by lsn 0
[2020-12-28 09:52:41,387][INFO][WAL][CollectionFlushed][wal_thread]  is flushed by lsn 0
[2020-12-28 09:52:42,388][INFO][WAL][CollectionFlushed][wal_thread]  is flushed by lsn 0
[2020-12-28 09:52:43,389][INFO][WAL][CollectionFlushed][wal_thread]  is flushed by lsn 0
[2020-12-28 09:52:44,390][INFO][WAL][CollectionFlushed][wal_thread]  is flushed by lsn 0
[2020-12-28 09:52:45,391][INFO][WAL][CollectionFlushed][wal_thread]  is flushed by lsn 0
[2020-12-28 09:52:46,392][INFO][WAL][CollectionFlushed][wal_thread]  is flushed by lsn 0
[2020-12-28 09:52:47,393][INFO][WAL][CollectionFlushed][wal_thread]  is flushed by lsn 0
[2020-12-28 09:52:48,399][INFO][WAL][CollectionFlushed][wal_thread]  is flushed by lsn 0
[2020-12-28 09:52:49,400][INFO][WAL][CollectionFlushed][wal_thread]  is flushed by lsn 0
[2020-12-28 09:52:50,401][INFO][WAL][CollectionFlushed][wal_thread]  is flushed by lsn 0
[2020-12-28 09:52:51,402][INFO][WAL][CollectionFlushed][wal_thread]  is flushed by lsn 0
[2020-12-28 09:52:52,403][INFO][WAL][CollectionFlushed][wal_thread]  is flushed by lsn 0
[2020-12-28 09:52:53,404][INFO][WAL][CollectionFlushed][wal_thread]  is flushed by lsn 0
[2020-12-28 09:52:54,405][INFO][WAL][CollectionFlushed][wal_thread]  is flushed by lsn 0
[2020-12-28 09:52:55,406][INFO][WAL][CollectionFlushed][wal_thread]  is flushed by lsn 0
[2020-12-28 09:52:56,407][INFO][WAL][CollectionFlushed][wal_thread]  is flushed by lsn 0
[2020-12-28 09:52:57,408][INFO][WAL][CollectionFlushed][wal_thread]  is flushed by lsn 0
[2020-12-28 09:52:58,409][INFO][WAL][CollectionFlushed][wal_thread]  is flushed by lsn 0
[2020-12-28 09:52:59,410][INFO][WAL][CollectionFlushed][wal_thread]  is flushed by lsn 0
[2020-12-28 09:53:00,411][INFO][WAL][CollectionFlushed][wal_thread]  is flushed by lsn 0
[2020-12-28 09:53:01,412][INFO][WAL][CollectionFlushed][wal_thread]  is flushed by lsn 0
[2020-12-28 09:53:02,414][INFO][WAL][CollectionFlushed][wal_thread]  is flushed by lsn 0
[2020-12-28 09:53:03,415][INFO][WAL][CollectionFlushed][wal_thread]  is flushed by lsn 0
[2020-12-28 09:53:04,416][INFO][WAL][CollectionFlushed][wal_thread]  is flushed by lsn 0
[2020-12-28 09:53:05,417][INFO][WAL][CollectionFlushed][wal_thread]  is flushed by lsn 0
[2020-12-28 09:53:06,418][INFO][WAL][CollectionFlushed][wal_thread]  is flushed by lsn 0
[2020-12-28 09:53:07,419][INFO][WAL][CollectionFlushed][wal_thread]  is flushed by lsn 0
[2020-12-28 09:53:08,420][INFO][WAL][CollectionFlushed][wal_thread]  is flushed by lsn 0
[2020-12-28 09:53:08,921][INFO][SERVER][Cmd][grpcpp_sync_ser] Request [0] Cmd begin.
[2020-12-28 09:53:08,922][INFO][SERVER][PutToQueue][grpcpp_sync_ser] Create new thread for request group: info
[2020-12-28 09:53:08,927][INFO][SERVER][Cmd][grpcpp_sync_ser] Request [0] Cmd end.
[2020-12-28 09:53:08,975][INFO][SERVER][HasCollection][grpcpp_sync_ser] Request [1] HasCollection begin.
[2020-12-28 09:53:08,994][INFO][SERVER][HasCollection][grpcpp_sync_ser] Request [1] HasCollection end.
[2020-12-28 09:53:08,998][INFO][SERVER][DescribeCollection][grpcpp_sync_ser] Request [2] DescribeCollection begin.
[2020-12-28 09:53:08,999][INFO][SERVER][DescribeCollection][grpcpp_sync_ser] Request [2] DescribeCollection end.
[2020-12-28 09:53:09,036][INFO][SERVER][Insert][grpcpp_sync_ser] Request [3] Insert begin.
[2020-12-28 09:53:09,037][INFO][SERVER][PutToQueue][grpcpp_sync_ser] Create new thread for request group: ddl_dml
[2020-12-28 09:53:09,040][INFO][SERVER][OnExecute][reqsched_thread] [insert][0] Execute insert request.
[2020-12-28 09:53:09,070][INFO][WAL][Insert][reqsched_thread] [insert][0]retina_face insert in part  with lsn 4295382196
[2020-12-28 09:53:09,082][INFO][WAL][GetNextRecord][wal_thread] record type 2 collection retina_face lsn 4295382196
[2020-12-28 09:53:09,086][INFO][SERVER][Insert][grpcpp_sync_ser] Request [3] Insert end.
[2020-12-28 09:53:09,090][INFO][SERVER][Flush][grpcpp_sync_ser] Request [4] Flush begin.
[2020-12-28 09:53:09,178][INFO][WAL][Flush][reqsched_thread] retina_face want to be flush, lsn 4295382196
[2020-12-28 09:53:09,178][INFO][WAL][operator()][wal_thread] record flush collection retina_face lsn 4295382196
[2020-12-28 09:53:09,281][INFO][WAL][CollectionFlushed][wal_thread] retina_face is flushed by lsn 4295382196
[2020-12-28 09:53:09,284][INFO][SERVER][Flush][grpcpp_sync_ser] Request [4] Flush end.
[2020-12-28 09:53:09,288][INFO][SERVER][CountCollection][grpcpp_sync_ser] Request [5] CountCollection begin.
[2020-12-28 09:53:09,299][INFO][SERVER][CountCollection][grpcpp_sync_ser] Request [5] CountCollection end.
[2020-12-28 09:53:09,304][INFO][SERVER][ShowCollectionInfo][grpcpp_sync_ser] Request [6] ShowCollectionInfo begin.
[2020-12-28 09:53:09,308][INFO][SERVER][ShowCollectionInfo][grpcpp_sync_ser] Request [6] ShowCollectionInfo end.
[2020-12-28 09:53:09,340][INFO][SERVER][Search][grpcpp_sync_ser] Request [7] Search begin.
[2020-12-28 09:53:09,340][INFO][SERVER][OnPreExecute][grpcpp_sync_ser] [search][0] Search pre-execute. Check search parameters
[2020-12-28 09:53:09,342][INFO][SERVER][PutToQueue][grpcpp_sync_ser] Create new thread for request group: dql
[2020-12-28 09:53:09,342][INFO][SERVER][OnExecute][reqsched_thread] [search][0] Search execute.
[2020-12-28 09:53:09,385][INFO][SERVER][Search][grpcpp_sync_ser] Request [7] Search end.
[2020-12-28 09:53:09,471][INFO][WAL][CollectionFlushed][wal_thread]  is flushed by lsn 0
[2020-12-28 09:53:10,477][INFO][WAL][CollectionFlushed][wal_thread]  is flushed by lsn 0
[2020-12-28 09:53:11,478][INFO][WAL][CollectionFlushed][wal_thread]  is flushed by lsn 0
[2020-12-28 09:53:12,479][INFO][WAL][CollectionFlushed][wal_thread]  is flushed by lsn 0
[2020-12-28 09:53:13,480][INFO][WAL][CollectionFlushed][wal_thread]  is flushed by lsn 0
[2020-12-28 09:53:14,481][INFO][WAL][CollectionFlushed][wal_thread]  is flushed by lsn 0
[2020-12-28 09:53:15,481][INFO][WAL][CollectionFlushed][wal_thread]  is flushed by lsn 0
[2020-12-28 09:53:16,482][INFO][WAL][CollectionFlushed][wal_thread]  is flushed by lsn 0
[2020-12-28 09:53:17,483][INFO][WAL][CollectionFlushed][wal_thread]  is flushed by lsn 0
[2020-12-28 09:53:18,484][INFO][WAL][CollectionFlushed][wal_thread]  is flushed by lsn 0
[2020-12-28 09:53:19,485][INFO][WAL][CollectionFlushed][wal_thread]  is flushed by lsn 0
[2020-12-28 09:53:20,486][INFO][WAL][CollectionFlushed][wal_thread]  is flushed by lsn 0
[2020-12-28 09:53:21,487][INFO][WAL][CollectionFlushed][wal_thread]  is flushed by lsn 0
[2020-12-28 09:53:22,488][INFO][WAL][CollectionFlushed][wal_thread]  is flushed by lsn 0
[2020-12-28 09:53:23,488][INFO][WAL][CollectionFlushed][wal_thread]  is flushed by lsn 0
[2020-12-28 09:53:24,489][INFO][WAL][CollectionFlushed][wal_thread]  is flushed by lsn 0
[2020-12-28 09:53:25,490][INFO][WAL][CollectionFlushed][wal_thread]  is flushed by lsn 0
[2020-12-28 09:53:26,491][INFO][WAL][CollectionFlushed][wal_thread]  is flushed by lsn 0
[2020-12-28 09:53:27,492][INFO][WAL][CollectionFlushed][wal_thread]  is flushed by lsn 0
[2020-12-28 09:53:28,493][INFO][WAL][CollectionFlushed][wal_thread]  is flushed by lsn 0
[2020-12-28 09:53:29,494][INFO][WAL][CollectionFlushed][wal_thread]  is flushed by lsn 0
[2020-12-28 09:53:30,495][INFO][WAL][CollectionFlushed][wal_thread]  is flushed by lsn 0
[2020-12-28 09:53:31,496][INFO][WAL][CollectionFlushed][wal_thread]  is flushed by lsn 0
[2020-12-28 09:53:32,497][INFO][WAL][CollectionFlushed][wal_thread]  is flushed by lsn 0
[2020-12-28 09:53:33,498][INFO][WAL][CollectionFlushed][wal_thread]  is flushed by lsn 0
[2020-12-28 09:53:34,499][INFO][WAL][CollectionFlushed][wal_thread]  is flushed by lsn 0
[2020-12-28 09:53:35,499][INFO][WAL][CollectionFlushed][wal_thread]  is flushed by lsn 0
[2020-12-28 09:53:36,500][INFO][WAL][CollectionFlushed][wal_thread]  is flushed by lsn 0
[2020-12-28 09:53:37,501][INFO][WAL][CollectionFlushed][wal_thread]  is flushed by lsn 0
[2020-12-28 09:53:38,502][INFO][WAL][CollectionFlushed][wal_thread]  is flushed by lsn 0
[2020-12-28 09:53:39,503][INFO][WAL][CollectionFlushed][wal_thread]  is flushed by lsn 0
[2020-12-28 09:53:40,504][INFO][WAL][CollectionFlushed][wal_thread]  is flushed by lsn 0
[2020-12-28 09:53:41,505][INFO][WAL][CollectionFlushed][wal_thread]  is flushed by lsn 0
[2020-12-28 09:53:42,506][INFO][WAL][CollectionFlushed][wal_thread]  is flushed by lsn 0
[2020-12-28 09:53:43,506][INFO][WAL][CollectionFlushed][wal_thread]  is flushed by lsn 0
[2020-12-28 09:53:44,507][INFO][WAL][CollectionFlushed][wal_thread]  is flushed by lsn 0
[2020-12-28 09:53:45,508][INFO][WAL][CollectionFlushed][wal_thread]  is flushed by lsn 0
[2020-12-28 09:53:46,510][INFO][WAL][CollectionFlushed][wal_thread]  is flushed by lsn 0
[2020-12-28 09:53:47,511][INFO][WAL][CollectionFlushed][wal_thread]  is flushed by lsn 0
[2020-12-28 09:53:48,512][INFO][WAL][CollectionFlushed][wal_thread]  is flushed by lsn 0
[2020-12-28 09:53:49,513][INFO][WAL][CollectionFlushed][wal_thread]  is flushed by lsn 0
[2020-12-28 09:53:50,514][INFO][WAL][CollectionFlushed][wal_thread]  is flushed by lsn 0
[2020-12-28 09:53:51,514][INFO][WAL][CollectionFlushed][wal_thread]  is flushed by lsn 0
[2020-12-28 09:53:52,515][INFO][WAL][CollectionFlushed][wal_thread]  is flushed by lsn 0
[2020-12-28 09:53:53,516][INFO][WAL][CollectionFlushed][wal_thread]  is flushed by lsn 0
[2020-12-28 09:53:54,517][INFO][WAL][CollectionFlushed][wal_thread]  is flushed by lsn 0
[2020-12-28 09:53:55,518][INFO][WAL][CollectionFlushed][wal_thread]  is flushed by lsn 0
[2020-12-28 09:53:56,519][INFO][WAL][CollectionFlushed][wal_thread]  is flushed by lsn 0
[2020-12-28 09:53:57,520][INFO][WAL][CollectionFlushed][wal_thread]  is flushed by lsn 0
[2020-12-28 09:53:58,521][INFO][WAL][CollectionFlushed][wal_thread]  is flushed by lsn 0
[2020-12-28 09:53:59,522][INFO][WAL][CollectionFlushed][wal_thread]  is flushed by lsn 0
[2020-12-28 09:54:00,523][INFO][WAL][CollectionFlushed][wal_thread]  is flushed by lsn 0
[2020-12-28 09:54:01,523][INFO][WAL][CollectionFlushed][wal_thread]  is flushed by lsn 0
[2020-12-28 09:54:02,524][INFO][WAL][CollectionFlushed][wal_thread]  is flushed by lsn 0
[2020-12-28 09:54:03,525][INFO][WAL][CollectionFlushed][wal_thread]  is flushed by lsn 0
[2020-12-28 09:54:04,526][INFO][WAL][CollectionFlushed][wal_thread]  is flushed by lsn 0
[2020-12-28 09:54:05,527][INFO][WAL][CollectionFlushed][wal_thread]  is flushed by lsn 0
[2020-12-28 09:54:06,528][INFO][WAL][CollectionFlushed][wal_thread]  is flushed by lsn 0
[2020-12-28 09:54:07,529][INFO][WAL][CollectionFlushed][wal_thread]  is flushed by lsn 0
[2020-12-28 09:54:08,530][INFO][WAL][CollectionFlushed][wal_thread]  is flushed by lsn 0
[2020-12-28 09:54:09,530][INFO][WAL][CollectionFlushed][wal_thread]  is flushed by lsn 0
[2020-12-28 09:54:10,531][INFO][WAL][CollectionFlushed][wal_thread]  is flushed by lsn 0
[2020-12-28 09:54:11,532][INFO][WAL][CollectionFlushed][wal_thread]  is flushed by lsn 0
[2020-12-28 09:54:12,533][INFO][WAL][CollectionFlushed][wal_thread]  is flushed by lsn 0
[2020-12-28 09:54:13,534][INFO][WAL][CollectionFlushed][wal_thread]  is flushed by lsn 0
[2020-12-28 09:54:14,535][INFO][WAL][CollectionFlushed][wal_thread]  is flushed by lsn 0
[2020-12-28 09:54:15,536][INFO][WAL][CollectionFlushed][wal_thread]  is flushed by lsn 0
[2020-12-28 09:54:16,536][INFO][WAL][CollectionFlushed][wal_thread]  is flushed by lsn 0
[2020-12-28 09:54:17,537][INFO][WAL][CollectionFlushed][wal_thread]  is flushed by lsn 0
[2020-12-28 09:54:18,538][INFO][WAL][CollectionFlushed][wal_thread]  is flushed by lsn 0
[2020-12-28 09:54:19,539][INFO][WAL][CollectionFlushed][wal_thread]  is flushed by lsn 0
[2020-12-28 09:54:20,540][INFO][WAL][CollectionFlushed][wal_thread]  is flushed by lsn 0
[2020-12-28 09:54:21,541][INFO][WAL][CollectionFlushed][wal_thread]  is flushed by lsn 0
[2020-12-28 09:54:22,542][INFO][WAL][CollectionFlushed][wal_thread]  is flushed by lsn 0
[2020-12-28 09:54:23,543][INFO][WAL][CollectionFlushed][wal_thread]  is flushed by lsn 0
[2020-12-28 09:54:24,544][INFO][WAL][CollectionFlushed][wal_thread]  is flushed by lsn 0
[2020-12-28 09:54:25,544][INFO][WAL][CollectionFlushed][wal_thread]  is flushed by lsn 0
[2020-12-28 09:54:26,545][INFO][WAL][CollectionFlushed][wal_thread]  is flushed by lsn 0
[2020-12-28 09:54:27,546][INFO][WAL][CollectionFlushed][wal_thread]  is flushed by lsn 0
[2020-12-28 09:54:28,547][INFO][WAL][CollectionFlushed][wal_thread]  is flushed by lsn 0
[2020-12-28 09:54:29,548][INFO][WAL][CollectionFlushed][wal_thread]  is flushed by lsn 0
[2020-12-28 09:54:30,549][INFO][WAL][CollectionFlushed][wal_thread]  is flushed by lsn 0
[2020-12-28 09:54:31,550][INFO][WAL][CollectionFlushed][wal_thread]  is flushed by lsn 0
[2020-12-28 09:54:32,551][INFO][WAL][CollectionFlushed][wal_thread]  is flushed by lsn 0
[2020-12-28 09:54:33,552][INFO][WAL][CollectionFlushed][wal_thread]  is flushed by lsn 0
[2020-12-28 09:54:34,553][INFO][WAL][CollectionFlushed][wal_thread]  is flushed by lsn 0
[2020-12-28 09:54:35,554][INFO][WAL][CollectionFlushed][wal_thread]  is flushed by lsn 0
[2020-12-28 09:54:36,555][INFO][WAL][CollectionFlushed][wal_thread]  is flushed by lsn 0
[2020-12-28 09:54:37,556][INFO][WAL][CollectionFlushed][wal_thread]  is flushed by lsn 0
[2020-12-28 09:54:38,557][INFO][WAL][CollectionFlushed][wal_thread]  is flushed by lsn 0
[2020-12-28 09:54:39,558][INFO][WAL][CollectionFlushed][wal_thread]  is flushed by lsn 0
[2020-12-28 09:54:40,560][INFO][WAL][CollectionFlushed][wal_thread]  is flushed by lsn 0
[2020-12-28 09:54:41,561][INFO][WAL][CollectionFlushed][wal_thread]  is flushed by lsn 0
[2020-12-28 09:54:42,562][INFO][WAL][CollectionFlushed][wal_thread]  is flushed by lsn 0
[2020-12-28 09:54:43,563][INFO][WAL][CollectionFlushed][wal_thread]  is flushed by lsn 0
[2020-12-28 09:54:44,564][INFO][WAL][CollectionFlushed][wal_thread]  is flushed by lsn 0
[2020-12-28 09:54:45,565][INFO][WAL][CollectionFlushed][wal_thread]  is flushed by lsn 0
[2020-12-28 09:54:46,566][INFO][WAL][CollectionFlushed][wal_thread]  is flushed by lsn 0
[2020-12-28 09:54:47,566][INFO][WAL][CollectionFlushed][wal_thread]  is flushed by lsn 0
[2020-12-28 09:54:48,567][INFO][WAL][CollectionFlushed][wal_thread]  is flushed by lsn 0
[2020-12-28 09:54:49,568][INFO][WAL][CollectionFlushed][wal_thread]  is flushed by lsn 0
[2020-12-28 09:54:50,569][INFO][WAL][CollectionFlushed][wal_thread]  is flushed by lsn 0
[2020-12-28 09:54:51,570][INFO][WAL][CollectionFlushed][wal_thread]  is flushed by lsn 0
[2020-12-28 09:54:52,571][INFO][WAL][CollectionFlushed][wal_thread]  is flushed by lsn 0
[2020-12-28 09:54:53,572][INFO][WAL][CollectionFlushed][wal_thread]  is flushed by lsn 0
[2020-12-28 09:54:54,572][INFO][WAL][CollectionFlushed][wal_thread]  is flushed by lsn 0
[2020-12-28 09:54:55,573][INFO][WAL][CollectionFlushed][wal_thread]  is flushed by lsn 0
[2020-12-28 09:54:56,574][INFO][WAL][CollectionFlushed][wal_thread]  is flushed by lsn 0
[2020-12-28 09:54:57,575][INFO][WAL][CollectionFlushed][wal_thread]  is flushed by lsn 0
[2020-12-28 09:54:58,576][INFO][WAL][CollectionFlushed][wal_thread]  is flushed by lsn 0
[2020-12-28 09:54:59,577][INFO][WAL][CollectionFlushed][wal_thread]  is flushed by lsn 0
[2020-12-28 09:55:00,578][INFO][WAL][CollectionFlushed][wal_thread]  is flushed by lsn 0
[2020-12-28 09:55:01,579][INFO][WAL][CollectionFlushed][wal_thread]  is flushed by lsn 0
[2020-12-28 09:55:02,580][INFO][WAL][CollectionFlushed][wal_thread]  is flushed by lsn 0
[2020-12-28 09:55:03,581][INFO][WAL][CollectionFlushed][wal_thread]  is flushed by lsn 0
[2020-12-28 09:55:04,582][INFO][WAL][CollectionFlushed][wal_thread]  is flushed by lsn 0
[2020-12-28 09:55:05,583][INFO][WAL][CollectionFlushed][wal_thread]  is flushed by lsn 0
[2020-12-28 09:55:06,584][INFO][WAL][CollectionFlushed][wal_thread]  is flushed by lsn 0
[2020-12-28 09:55:07,585][INFO][WAL][CollectionFlushed][wal_thread]  is flushed by lsn 0
[2020-12-28 09:55:08,585][INFO][WAL][CollectionFlushed][wal_thread]  is flushed by lsn 0
[2020-12-28 09:55:09,586][INFO][WAL][CollectionFlushed][wal_thread]  is flushed by lsn 0
[2020-12-28 09:55:10,590][INFO][WAL][CollectionFlushed][wal_thread]  is flushed by lsn 0
[2020-12-28 09:55:11,591][INFO][WAL][CollectionFlushed][wal_thread]  is flushed by lsn 0
[2020-12-28 09:55:12,592][INFO][WAL][CollectionFlushed][wal_thread]  is flushed by lsn 0
[2020-12-28 09:55:13,593][INFO][WAL][CollectionFlushed][wal_thread]  is flushed by lsn 0
[2020-12-28 09:55:14,594][INFO][WAL][CollectionFlushed][wal_thread]  is flushed by lsn 0
[2020-12-28 09:55:15,595][INFO][WAL][CollectionFlushed][wal_thread]  is flushed by lsn 0
[2020-12-28 09:55:16,595][INFO][WAL][CollectionFlushed][wal_thread]  is flushed by lsn 0
[2020-12-28 09:55:17,596][INFO][WAL][CollectionFlushed][wal_thread]  is flushed by lsn 0
[2020-12-28 09:55:18,597][INFO][WAL][CollectionFlushed][wal_thread]  is flushed by lsn 0
[2020-12-28 09:55:19,598][INFO][WAL][CollectionFlushed][wal_thread]  is flushed by lsn 0
[2020-12-28 09:55:20,599][INFO][WAL][CollectionFlushed][wal_thread]  is flushed by lsn 0
[2020-12-28 09:55:21,600][INFO][WAL][CollectionFlushed][wal_thread]  is flushed by lsn 0
[2020-12-28 09:55:22,601][INFO][WAL][CollectionFlushed][wal_thread]  is flushed by lsn 0
[2020-12-28 09:55:23,602][INFO][WAL][CollectionFlushed][wal_thread]  is flushed by lsn 0
[2020-12-28 09:55:24,602][INFO][WAL][CollectionFlushed][wal_thread]  is flushed by lsn 0
[2020-12-28 09:55:25,603][INFO][WAL][CollectionFlushed][wal_thread]  is flushed by lsn 0
[2020-12-28 09:55:26,604][INFO][WAL][CollectionFlushed][wal_thread]  is flushed by lsn 0
[2020-12-28 09:55:27,605][INFO][WAL][CollectionFlushed][wal_thread]  is flushed by lsn 0
[2020-12-28 09:55:28,606][INFO][WAL][CollectionFlushed][wal_thread]  is flushed by lsn 0
[2020-12-28 09:55:29,607][INFO][WAL][CollectionFlushed][wal_thread]  is flushed by lsn 0
[2020-12-28 09:55:30,608][INFO][WAL][CollectionFlushed][wal_thread]  is flushed by lsn 0
[2020-12-28 09:55:31,609][INFO][WAL][CollectionFlushed][wal_thread]  is flushed by lsn 0
