[2020-12-28 15:00:49,798][INFO][SERVER][Check][milvus_server] InstanceLockCheck passed.
[2020-12-28 15:00:49,801][INFO][SERVER][Check][milvus_server] InstanceLockCheck passed.
[2020-12-28 15:00:49,802][INFO][SERVER][Start][milvus_server] Milvus Release version: v0.9.1, built at 2020-05-28 17:39.31
[2020-12-28 15:00:49,802][INFO][SERVER][Start][milvus_server] CPU edition
[2020-12-28 15:00:49,804][INFO][SERVER][CheckCpuInstructionSet][milvus_server] Supported CPU instruction sets: avx2, sse4_2
[2020-12-28 15:00:49,832][INFO][SERVER][LogConfigInFile][milvus_server] 

***************Config in file***************

version: 0.4
server_config:
  address: 0.0.0.0
  port: 19530
  deploy_mode: single
  time_zone: UTC+8
  web_enable: true
  web_port: 19121
db_config:
  backend_url: sqlite://:@:/
  preload_collection: ~
  auto_flush_interval: 1
storage_config:
  primary_path: /var/lib/milvus
  secondary_path: ~
  file_cleanup_timeout: 10
metric_config:
  enable_monitor: false
  address: 127.0.0.1
  port: 9091
cache_config:
  cpu_cache_capacity: 1
  insert_buffer_size: 1
  cache_insert_data: false
engine_config:
  use_blas_threshold: 1100
  gpu_search_threshold: 1000
gpu_resource_config:
  enable: false
  cache_capacity: 1
  search_resources:
    - gpu0
  build_index_resources:
    - gpu0
tracing_config:
  json_config_path: ~
wal_config:
  enable: true
  recovery_error_ignore: true
  buffer_size: 256
  wal_path: /var/lib/milvus/wal
logs:
  trace.enable: true
  debug.enable: true
  info.enable: true
  warning.enable: true
  error.enable: true
  fatal.enable: true
  path: /var/lib/milvus/logs
  max_log_file_size: 1024
  log_rotate_num: 0
[2020-12-28 15:00:49,854][INFO][SERVER][LogCpuInfo][milvus_server] 

***************CPU***************

processor	: 1
vendor_id	: GenuineIntel
cpu family	: 6
model		: 142
model name	: Intel(R) Core(TM) i5-8250U CPU @ 1.60GHz
stepping	: 10
microcode	: 0xffffffff
cpu MHz		: 1800.000
cache size	: 6144 KB
physical id	: 0
siblings	: 2
core id		: 0
cpu cores	: 1
apicid		: 1
initial apicid	: 1
fpu		: yes
fpu_exception	: yes
cpuid level	: 21
wp		: yes
flags		: fpu vme de pse tsc msr pae mce cx8 apic sep mtrr pge mca cmov pat pse36 clflush mmx fxsr sse sse2 ss ht syscall nx pdpe1gb rdtscp lm constant_tsc rep_good nopl xtopology cpuid pni pclmulqdq ssse3 fma cx16 pcid sse4_1 sse4_2 movbe popcnt aes xsave avx f16c rdrand hypervisor lahf_lm abm 3dnowprefetch invpcid_single ssbd ibrs ibpb stibp fsgsbase bmi1 avx2 smep bmi2 erms invpcid mpx rdseed adx smap clflushopt xsaveopt xsavec xgetbv1 xsaves flush_l1d arch_capabilities
bugs		: cpu_meltdown spectre_v1 spectre_v2 spec_store_bypass l1tf mds swapgs itlb_multihit
bogomips	: 3600.00
clflush size	: 64
cache_alignment	: 64
address sizes	: 39 bits physical, 48 bits virtual
power management:


[2020-12-28 15:00:49,855][INFO][SERVER][LogConfigInMem][milvus_server] 

***************Config in memory***************

{
   "cache_config": {
      "cache_insert_data": "false",
      "cpu_cache_capacity": "1",
      "cpu_cache_threshold": "0.7",
      "insert_buffer_size": "1"
   },
   "db_config": {
      "archive_days_threshold": "0",
      "archive_disk_threshold": "0",
      "auto_flush_interval": "1",
      "backend_url": "sqlite://:@:/",
      "preload_collection": ""
   },
   "engine_config": {
      "omp_thread_num": "0",
      "simd_type": "auto",
      "use_blas_threshold": "1100"
   },
   "logs": {
      "debug.enable": "true",
      "error.enable": "true",
      "fatal.enable": "true",
      "info.enable": "true",
      "log_rotate_num": "0",
      "max_log_file_size": "1024",
      "path": "/var/lib/milvus/logs",
      "trace.enable": "true",
      "warning.enable": "true"
   },
   "metric_config": {
      "address": "127.0.0.1",
      "enable_monitor": "false",
      "port": "9091"
   },
   "server_config": {
      "address": "0.0.0.0",
      "deploy_mode": "single",
      "port": "19530",
      "time_zone": "UTC+8",
      "web_enable": "true",
      "web_port": "19121"
   },
   "storage_config": {
      "primary_path": "/var/lib/milvus",
      "secondary_path": ""
   },
   "tracing_config": {
      "json_config_path": ""
   },
   "wal_config": {
      "buffer_size": "256",
      "enable": "true",
      "recovery_error_ignore": "true",
      "wal_path": "/var/lib/milvus/wal"
   }
}
[2020-12-28 15:00:49,950][INFO][ENGINE][Build][milvus_server] Using SQLite
[2020-12-28 15:00:51,262][INFO][WAL][CollectionFlushed][wal_thread]  is flushed by lsn 0
[2020-12-28 15:00:52,263][INFO][WAL][CollectionFlushed][wal_thread]  is flushed by lsn 0
[2020-12-28 15:00:53,267][INFO][WAL][CollectionFlushed][wal_thread]  is flushed by lsn 0
[2020-12-28 15:00:54,268][INFO][WAL][CollectionFlushed][wal_thread]  is flushed by lsn 0
[2020-12-28 15:00:55,269][INFO][WAL][CollectionFlushed][wal_thread]  is flushed by lsn 0
[2020-12-28 15:00:56,270][INFO][WAL][CollectionFlushed][wal_thread]  is flushed by lsn 0
[2020-12-28 15:00:57,271][INFO][WAL][CollectionFlushed][wal_thread]  is flushed by lsn 0
[2020-12-28 15:00:58,272][INFO][WAL][CollectionFlushed][wal_thread]  is flushed by lsn 0
[2020-12-28 15:00:59,272][INFO][WAL][CollectionFlushed][wal_thread]  is flushed by lsn 0
[2020-12-28 15:01:00,274][INFO][WAL][CollectionFlushed][wal_thread]  is flushed by lsn 0
[2020-12-28 15:01:01,274][INFO][WAL][CollectionFlushed][wal_thread]  is flushed by lsn 0
[2020-12-28 15:01:02,275][INFO][WAL][CollectionFlushed][wal_thread]  is flushed by lsn 0
[2020-12-28 15:01:03,276][INFO][WAL][CollectionFlushed][wal_thread]  is flushed by lsn 0
[2020-12-28 15:01:04,277][INFO][WAL][CollectionFlushed][wal_thread]  is flushed by lsn 0
[2020-12-28 15:01:05,278][INFO][WAL][CollectionFlushed][wal_thread]  is flushed by lsn 0
[2020-12-28 15:01:06,279][INFO][WAL][CollectionFlushed][wal_thread]  is flushed by lsn 0
[2020-12-28 15:01:07,280][INFO][WAL][CollectionFlushed][wal_thread]  is flushed by lsn 0
[2020-12-28 15:01:08,280][INFO][WAL][CollectionFlushed][wal_thread]  is flushed by lsn 0
[2020-12-28 15:01:09,281][INFO][WAL][CollectionFlushed][wal_thread]  is flushed by lsn 0
[2020-12-28 15:01:10,282][INFO][WAL][CollectionFlushed][wal_thread]  is flushed by lsn 0
[2020-12-28 15:01:11,283][INFO][WAL][CollectionFlushed][wal_thread]  is flushed by lsn 0
[2020-12-28 15:01:12,284][INFO][WAL][CollectionFlushed][wal_thread]  is flushed by lsn 0
[2020-12-28 15:01:13,285][INFO][WAL][CollectionFlushed][wal_thread]  is flushed by lsn 0
[2020-12-28 15:01:14,286][INFO][WAL][CollectionFlushed][wal_thread]  is flushed by lsn 0
[2020-12-28 15:01:15,287][INFO][WAL][CollectionFlushed][wal_thread]  is flushed by lsn 0
[2020-12-28 15:01:16,288][INFO][WAL][CollectionFlushed][wal_thread]  is flushed by lsn 0
[2020-12-28 15:01:17,288][INFO][WAL][CollectionFlushed][wal_thread]  is flushed by lsn 0
[2020-12-28 15:01:18,290][INFO][WAL][CollectionFlushed][wal_thread]  is flushed by lsn 0
[2020-12-28 15:01:19,291][INFO][WAL][CollectionFlushed][wal_thread]  is flushed by lsn 0
[2020-12-28 15:01:20,292][INFO][WAL][CollectionFlushed][wal_thread]  is flushed by lsn 0
[2020-12-28 15:01:21,293][INFO][WAL][CollectionFlushed][wal_thread]  is flushed by lsn 0
[2020-12-28 15:01:22,295][INFO][WAL][CollectionFlushed][wal_thread]  is flushed by lsn 0
[2020-12-28 15:01:23,297][INFO][WAL][CollectionFlushed][wal_thread]  is flushed by lsn 0
[2020-12-28 15:01:24,298][INFO][WAL][CollectionFlushed][wal_thread]  is flushed by lsn 0
[2020-12-28 15:01:25,299][INFO][WAL][CollectionFlushed][wal_thread]  is flushed by lsn 0
[2020-12-28 15:01:26,300][INFO][WAL][CollectionFlushed][wal_thread]  is flushed by lsn 0
[2020-12-28 15:01:27,300][INFO][WAL][CollectionFlushed][wal_thread]  is flushed by lsn 0
[2020-12-28 15:01:28,301][INFO][WAL][CollectionFlushed][wal_thread]  is flushed by lsn 0
[2020-12-28 15:01:29,302][INFO][WAL][CollectionFlushed][wal_thread]  is flushed by lsn 0
[2020-12-28 15:01:30,303][INFO][WAL][CollectionFlushed][wal_thread]  is flushed by lsn 0
[2020-12-28 15:01:31,304][INFO][WAL][CollectionFlushed][wal_thread]  is flushed by lsn 0
[2020-12-28 15:01:32,305][INFO][WAL][CollectionFlushed][wal_thread]  is flushed by lsn 0
[2020-12-28 15:01:33,306][INFO][WAL][CollectionFlushed][wal_thread]  is flushed by lsn 0
[2020-12-28 15:01:34,307][INFO][WAL][CollectionFlushed][wal_thread]  is flushed by lsn 0
[2020-12-28 15:01:35,308][INFO][WAL][CollectionFlushed][wal_thread]  is flushed by lsn 0
[2020-12-28 15:01:36,309][INFO][WAL][CollectionFlushed][wal_thread]  is flushed by lsn 0
[2020-12-28 15:01:37,310][INFO][WAL][CollectionFlushed][wal_thread]  is flushed by lsn 0
[2020-12-28 15:01:38,310][INFO][WAL][CollectionFlushed][wal_thread]  is flushed by lsn 0
[2020-12-28 15:01:39,311][INFO][WAL][CollectionFlushed][wal_thread]  is flushed by lsn 0
[2020-12-28 15:01:40,312][INFO][WAL][CollectionFlushed][wal_thread]  is flushed by lsn 0
[2020-12-28 15:01:41,313][INFO][WAL][CollectionFlushed][wal_thread]  is flushed by lsn 0
[2020-12-28 15:01:42,314][INFO][WAL][CollectionFlushed][wal_thread]  is flushed by lsn 0
[2020-12-28 15:01:43,315][INFO][WAL][CollectionFlushed][wal_thread]  is flushed by lsn 0
[2020-12-28 15:01:44,316][INFO][WAL][CollectionFlushed][wal_thread]  is flushed by lsn 0
[2020-12-28 15:01:45,317][INFO][WAL][CollectionFlushed][wal_thread]  is flushed by lsn 0
[2020-12-28 15:01:46,318][INFO][WAL][CollectionFlushed][wal_thread]  is flushed by lsn 0
[2020-12-28 15:01:47,318][INFO][WAL][CollectionFlushed][wal_thread]  is flushed by lsn 0
[2020-12-28 15:01:48,319][INFO][WAL][CollectionFlushed][wal_thread]  is flushed by lsn 0
[2020-12-28 15:01:49,320][INFO][WAL][CollectionFlushed][wal_thread]  is flushed by lsn 0
[2020-12-28 15:01:50,321][INFO][WAL][CollectionFlushed][wal_thread]  is flushed by lsn 0
[2020-12-28 15:01:51,322][INFO][WAL][CollectionFlushed][wal_thread]  is flushed by lsn 0
[2020-12-28 15:01:52,323][INFO][WAL][CollectionFlushed][wal_thread]  is flushed by lsn 0
[2020-12-28 15:01:53,324][INFO][WAL][CollectionFlushed][wal_thread]  is flushed by lsn 0
[2020-12-28 15:01:54,325][INFO][WAL][CollectionFlushed][wal_thread]  is flushed by lsn 0
[2020-12-28 15:01:55,326][INFO][WAL][CollectionFlushed][wal_thread]  is flushed by lsn 0
[2020-12-28 15:01:56,327][INFO][WAL][CollectionFlushed][wal_thread]  is flushed by lsn 0
[2020-12-28 15:01:57,328][INFO][WAL][CollectionFlushed][wal_thread]  is flushed by lsn 0
