[2021-01-14 15:01:36,229][INFO][SERVER][Check][milvus_server] InstanceLockCheck passed.
[2021-01-14 15:01:36,231][INFO][SERVER][Check][milvus_server] InstanceLockCheck passed.
[2021-01-14 15:01:36,231][INFO][SERVER][Start][milvus_server] Milvus Release version: v0.10.4, built at 2020-12-01 14:51.19
[2021-01-14 15:01:36,232][INFO][SERVER][Start][milvus_server] CPU edition
[2021-01-14 15:01:36,235][INFO][SERVER][CheckCpuInstructionSet][milvus_server] Supported CPU instruction sets: avx2, sse4_2
[2021-01-14 15:01:36,243][INFO][SERVER][LogConfigInFile][milvus_server] 

***************Config in file***************

version: 0.5
cluster:
  enable: false
  role: rw
general:
  timezone: UTC+8
  meta_uri: sqlite://:@:/
network:
  bind.address: 0.0.0.0
  bind.port: 19530
  http.enable: true
  http.port: 19121
storage:
  path: /var/lib/milvus
  auto_flush_interval: 1
wal:
  enable: true
  recovery_error_ignore: false
  buffer_size: 256MB
  path: /var/lib/milvus/wal
cache:
  cache_size: 1GB
  insert_buffer_size: 1GB
  preload_collection: ~
gpu:
  enable: false
  cache_size: 1GB
  gpu_search_threshold: 1000
  search_devices:
    - gpu0
  build_index_devices:
    - gpu0
fpga:
  enable: false
  search_devices:
    - fpga0
logs:
  level: debug
  trace.enable: true
  path: /var/lib/milvus/logs
  max_log_file_size: 1024MB
  log_rotate_num: 0
metric:
  enable: false
  address: 127.0.0.1
  port: 9091
[2021-01-14 15:01:36,248][INFO][SERVER][LogCpuInfo][milvus_server] 

***************CPU***************

processor	: 1
vendor_id	: GenuineIntel
cpu family	: 6
model		: 142
model name	: Intel(R) Core(TM) i5-8250U CPU @ 1.60GHz
stepping	: 10
microcode	: 0xffffffff
cpu MHz		: 1799.998
cache size	: 6144 KB
physical id	: 0
siblings	: 2
core id		: 0
cpu cores	: 1
apicid		: 1
initial apicid	: 1
fpu		: yes
fpu_exception	: yes
cpuid level	: 21
wp		: yes
flags		: fpu vme de pse tsc msr pae mce cx8 apic sep mtrr pge mca cmov pat pse36 clflush mmx fxsr sse sse2 ss ht syscall nx pdpe1gb rdtscp lm constant_tsc rep_good nopl xtopology cpuid pni pclmulqdq ssse3 fma cx16 pcid sse4_1 sse4_2 movbe popcnt aes xsave avx f16c rdrand hypervisor lahf_lm abm 3dnowprefetch invpcid_single ssbd ibrs ibpb stibp fsgsbase bmi1 avx2 smep bmi2 erms invpcid mpx rdseed adx smap clflushopt xsaveopt xsavec xgetbv1 xsaves flush_l1d arch_capabilities
bugs		: cpu_meltdown spectre_v1 spectre_v2 spec_store_bypass l1tf mds swapgs itlb_multihit
bogomips	: 3599.99
clflush size	: 64
cache_alignment	: 64
address sizes	: 39 bits physical, 48 bits virtual
power management:


[2021-01-14 15:01:36,249][INFO][SERVER][LogConfigInMem][milvus_server] 

***************Config in memory***************

{
   "cache": {
      "cache_insert_data": "false",
      "cache_size": "1GB",
      "cpu_cache_threshold": "0.7",
      "insert_buffer_size": "1GB",
      "preload_collection": ""
   },
   "cluster": {
      "enable": "false",
      "role": "rw"
   },
   "db_config": {
      "archive_days_threshold": "0",
      "archive_disk_threshold": "0"
   },
   "engine_config": {
      "max_partition_num": "4096",
      "omp_thread_num": "0",
      "simd_type": "auto",
      "use_blas_threshold": "1100"
   },
   "general": {
      "meta_uri": "sqlite://:@:/",
      "timezone": "UTC+8"
   },
   "logs": {
      "level": "debug",
      "log_rotate_num": "0",
      "max_log_file_size": "1024MB",
      "path": "/var/lib/milvus/logs",
      "trace.enable": "true"
   },
   "metric": {
      "address": "127.0.0.1",
      "enable": "false",
      "port": "9091"
   },
   "network": {
      "bind.address": "0.0.0.0",
      "bind.port": "19530",
      "http.enable": "true",
      "http.port": "19121"
   },
   "storage": {
      "auto_flush_interval": "1",
      "path": "/var/lib/milvus"
   },
   "tracing_config": {
      "json_config_path": ""
   },
   "wal": {
      "buffer_size": "256MB",
      "enable": "true",
      "path": "/var/lib/milvus/wal",
      "recovery_error_ignore": "false"
   }
}
[2021-01-14 15:01:36,258][INFO][ENGINE][Build][milvus_server] Using SQLite
[2021-01-14 15:01:42,368][INFO][SERVER][Cmd][grpcpp_sync_ser] Request [0] Cmd begin.
[2021-01-14 15:01:42,369][INFO][SERVER][PutToQueue][grpcpp_sync_ser] Create new thread for request group: info
[2021-01-14 15:01:42,370][INFO][SERVER][Cmd][grpcpp_sync_ser] Request [0] Cmd end.
[2021-01-14 15:01:42,372][INFO][SERVER][HasCollection][grpcpp_sync_ser] Request [1] HasCollection begin.
[2021-01-14 15:01:42,373][INFO][SERVER][HasCollection][grpcpp_sync_ser] Request [1] HasCollection end.
[2021-01-14 15:02:06,658][INFO][SERVER][Cmd][grpcpp_sync_ser] Request [2] Cmd begin.
[2021-01-14 15:02:06,659][INFO][SERVER][Cmd][grpcpp_sync_ser] Request [2] Cmd end.
[2021-01-14 15:02:06,665][INFO][SERVER][HasCollection][grpcpp_sync_ser] Request [3] HasCollection begin.
[2021-01-14 15:02:06,667][INFO][SERVER][HasCollection][grpcpp_sync_ser] Request [3] HasCollection end.
[2021-01-14 15:02:15,492][INFO][SERVER][Cmd][grpcpp_sync_ser] Request [4] Cmd begin.
[2021-01-14 15:02:15,493][INFO][SERVER][Cmd][grpcpp_sync_ser] Request [4] Cmd end.
[2021-01-14 15:02:15,498][INFO][SERVER][HasCollection][grpcpp_sync_ser] Request [5] HasCollection begin.
[2021-01-14 15:02:15,500][INFO][SERVER][HasCollection][grpcpp_sync_ser] Request [5] HasCollection end.
[2021-01-14 15:22:08,932][INFO][SERVER][Insert][grpcpp_sync_ser] Request [6] Insert begin.
[2021-01-14 15:22:08,949][INFO][SERVER][PutToQueue][grpcpp_sync_ser] Create new thread for request group: ddl_dml
[2021-01-14 15:22:08,950][INFO][SERVER][OnExecute][reqsched_thread] [insert][0] Execute insert request.
[2021-01-14 15:22:08,970][INFO][WAL][Insert][reqsched_thread] [insert][0]retina_face insert in part  with lsn 4295471980
[2021-01-14 15:22:08,971][INFO][WAL][GetNextRecord][wal_thread] record type 2 collection retina_face lsn 4295471980
[2021-01-14 15:22:08,973][INFO][SERVER][Insert][grpcpp_sync_ser] Request [6] Insert end.
[2021-01-14 15:22:08,975][INFO][SERVER][Flush][grpcpp_sync_ser] Request [7] Flush begin.
[2021-01-14 15:22:08,978][INFO][WAL][Flush][reqsched_thread] retina_face want to be flush, lsn 4295471980
[2021-01-14 15:22:08,993][INFO][WAL][operator()][wal_thread] record flush collection retina_face lsn 4295471980
[2021-01-14 15:22:09,088][INFO][WAL][CollectionFlushed][wal_thread] retina_face is flushed by lsn 4295471980
[2021-01-14 15:22:09,090][INFO][SERVER][Flush][grpcpp_sync_ser] Request [7] Flush end.
[2021-01-14 15:22:19,273][INFO][SERVER][CpuCacheMgr][milvus_server] cpu cache.size: 1073741824
[2021-01-14 15:23:20,320][INFO][SERVER][Insert][grpcpp_sync_ser] Request [8] Insert begin.
[2021-01-14 15:23:20,320][INFO][SERVER][OnExecute][reqsched_thread] [insert][0] Execute insert request.
[2021-01-14 15:23:20,322][INFO][WAL][Insert][reqsched_thread] [insert][0]retina_face insert in part  with lsn 4295474068
[2021-01-14 15:23:20,323][INFO][WAL][GetNextRecord][wal_thread] record type 2 collection retina_face lsn 4295474068
[2021-01-14 15:23:20,326][INFO][SERVER][Insert][grpcpp_sync_ser] Request [8] Insert end.
[2021-01-14 15:23:20,328][INFO][SERVER][Flush][grpcpp_sync_ser] Request [9] Flush begin.
[2021-01-14 15:23:20,331][INFO][WAL][Flush][reqsched_thread] retina_face want to be flush, lsn 4295474068
[2021-01-14 15:23:20,332][INFO][WAL][operator()][wal_thread] record flush collection retina_face lsn 4295474068
[2021-01-14 15:23:20,370][INFO][WAL][CollectionFlushed][wal_thread] retina_face is flushed by lsn 4295474068
[2021-01-14 15:23:20,371][INFO][SERVER][Flush][grpcpp_sync_ser] Request [9] Flush end.
[2021-01-14 15:23:31,379][INFO][SERVER][Search][grpcpp_sync_ser] Request [10] Search begin.
[2021-01-14 15:23:31,414][INFO][SERVER][OnPreExecute][grpcpp_sync_ser] [search][0] Search pre-execute. Check search parameters
[2021-01-14 15:23:31,415][INFO][SERVER][PutToQueue][grpcpp_sync_ser] Create new thread for request group: dql
[2021-01-14 15:23:31,427][INFO][SERVER][OnExecute][reqsched_thread] [search][0] Search execute.
[2021-01-14 15:23:31,475][INFO][SERVER][Search][grpcpp_sync_ser] Request [10] Search end.
[2021-01-14 15:23:56,495][INFO][SERVER][Search][grpcpp_sync_ser] Request [11] Search begin.
[2021-01-14 15:23:56,495][INFO][SERVER][OnPreExecute][grpcpp_sync_ser] [search][0] Search pre-execute. Check search parameters
[2021-01-14 15:23:56,497][INFO][SERVER][OnExecute][reqsched_thread] [search][0] Search execute.
[2021-01-14 15:23:56,508][INFO][SERVER][Search][grpcpp_sync_ser] Request [11] Search end.
[2021-01-14 15:24:08,976][INFO][SERVER][Search][grpcpp_sync_ser] Request [12] Search begin.
[2021-01-14 15:24:08,976][INFO][SERVER][OnPreExecute][grpcpp_sync_ser] [search][0] Search pre-execute. Check search parameters
[2021-01-14 15:24:08,977][INFO][SERVER][OnExecute][reqsched_thread] [search][0] Search execute.
[2021-01-14 15:24:08,989][INFO][SERVER][Search][grpcpp_sync_ser] Request [12] Search end.
[2021-01-14 15:24:38,020][INFO][SERVER][Search][grpcpp_sync_ser] Request [13] Search begin.
[2021-01-14 15:24:38,021][INFO][SERVER][OnPreExecute][grpcpp_sync_ser] [search][0] Search pre-execute. Check search parameters
[2021-01-14 15:24:38,022][INFO][SERVER][OnExecute][reqsched_thread] [search][0] Search execute.
[2021-01-14 15:24:38,035][INFO][SERVER][Search][grpcpp_sync_ser] Request [13] Search end.
[2021-01-14 15:24:48,907][INFO][SERVER][Search][grpcpp_sync_ser] Request [14] Search begin.
[2021-01-14 15:24:48,908][INFO][SERVER][OnPreExecute][grpcpp_sync_ser] [search][0] Search pre-execute. Check search parameters
[2021-01-14 15:24:48,920][INFO][SERVER][OnExecute][reqsched_thread] [search][0] Search execute.
[2021-01-14 15:24:48,932][INFO][SERVER][Search][grpcpp_sync_ser] Request [14] Search end.
[2021-01-14 16:50:56,272][INFO][SERVER][Search][grpcpp_sync_ser] Request [15] Search begin.
[2021-01-14 16:50:56,272][INFO][SERVER][OnPreExecute][grpcpp_sync_ser] [search][0] Search pre-execute. Check search parameters
[2021-01-14 16:50:56,273][INFO][SERVER][OnExecute][reqsched_thread] [search][0] Search execute.
[2021-01-14 16:50:56,296][INFO][SERVER][Search][grpcpp_sync_ser] Request [15] Search end.
[2021-01-14 16:50:58,390][INFO][SERVER][Search][grpcpp_sync_ser] Request [16] Search begin.
[2021-01-14 16:50:58,390][INFO][SERVER][OnPreExecute][grpcpp_sync_ser] [search][0] Search pre-execute. Check search parameters
[2021-01-14 16:50:58,391][INFO][SERVER][OnExecute][reqsched_thread] [search][0] Search execute.
[2021-01-14 16:50:58,401][INFO][SERVER][Search][grpcpp_sync_ser] Request [16] Search end.
[2021-01-14 16:51:02,818][INFO][SERVER][Search][grpcpp_sync_ser] Request [17] Search begin.
[2021-01-14 16:51:02,818][INFO][SERVER][OnPreExecute][grpcpp_sync_ser] [search][0] Search pre-execute. Check search parameters
[2021-01-14 16:51:02,819][INFO][SERVER][OnExecute][reqsched_thread] [search][0] Search execute.
[2021-01-14 16:51:02,830][INFO][SERVER][Search][grpcpp_sync_ser] Request [17] Search end.
[2021-01-14 16:51:07,025][INFO][SERVER][Search][grpcpp_sync_ser] Request [18] Search begin.
[2021-01-14 16:51:07,026][INFO][SERVER][OnPreExecute][grpcpp_sync_ser] [search][0] Search pre-execute. Check search parameters
[2021-01-14 16:51:07,026][INFO][SERVER][OnExecute][reqsched_thread] [search][0] Search execute.
[2021-01-14 16:51:07,037][INFO][SERVER][Search][grpcpp_sync_ser] Request [18] Search end.
[2021-01-14 16:51:10,344][INFO][SERVER][Search][grpcpp_sync_ser] Request [19] Search begin.
[2021-01-14 16:51:10,344][INFO][SERVER][OnPreExecute][grpcpp_sync_ser] [search][0] Search pre-execute. Check search parameters
[2021-01-14 16:51:10,345][INFO][SERVER][OnExecute][reqsched_thread] [search][0] Search execute.
[2021-01-14 16:51:10,355][INFO][SERVER][Search][grpcpp_sync_ser] Request [19] Search end.
[2021-01-14 16:51:13,688][INFO][SERVER][Search][grpcpp_sync_ser] Request [20] Search begin.
[2021-01-14 16:51:13,688][INFO][SERVER][OnPreExecute][grpcpp_sync_ser] [search][0] Search pre-execute. Check search parameters
[2021-01-14 16:51:13,690][INFO][SERVER][OnExecute][reqsched_thread] [search][0] Search execute.
[2021-01-14 16:51:13,702][INFO][SERVER][Search][grpcpp_sync_ser] Request [20] Search end.
[2021-01-14 17:10:27,829][INFO][SERVER][HandleSignal][milvus_server] Release lock!15
[2021-01-14 17:10:27,831][INFO][SERVER][HandleSignal][milvus_server] Server received critical signal: 15
[2021-01-14 17:10:27,833][INFO][SERVER][PrintStacktrace][milvus_server] Call stack:
[2021-01-14 17:10:27,865][INFO][SERVER][PrintStacktrace][milvus_server] /var/lib/milvus/bin/milvus_server() [0x6717ec]
[2021-01-14 17:10:27,866][INFO][SERVER][PrintStacktrace][milvus_server] /var/lib/milvus/bin/milvus_server() [0x6722d4]
[2021-01-14 17:10:27,866][INFO][SERVER][PrintStacktrace][milvus_server] /lib64/libc.so.6(+0x36400) [0x7f832cb61400]
[2021-01-14 17:10:27,867][INFO][SERVER][PrintStacktrace][milvus_server] /lib64/libpthread.so.0(pause+0x2d) [0x7f832d93cf5d]
[2021-01-14 17:10:27,867][INFO][SERVER][PrintStacktrace][milvus_server] /var/lib/milvus/bin/milvus_server() [0x428609]
[2021-01-14 17:10:27,867][INFO][SERVER][PrintStacktrace][milvus_server] /lib64/libc.so.6(__libc_start_main+0xf5) [0x7f832cb4d555]
[2021-01-14 17:10:27,868][INFO][SERVER][PrintStacktrace][milvus_server] /var/lib/milvus/bin/milvus_server() [0x432727]
[2021-01-14 17:10:28,211][INFO][SERVER][Stop][milvus_server] Scheduler gonna stop...
[2021-01-14 17:10:28,241][INFO][SERVER][Stop][milvus_server] Scheduler stopped
