[2021-01-14 14:13:54,523][INFO][SERVER][Check][milvus_server] InstanceLockCheck passed.
[2021-01-14 14:13:54,525][INFO][SERVER][Check][milvus_server] InstanceLockCheck passed.
[2021-01-14 14:13:54,525][INFO][SERVER][Start][milvus_server] Milvus Release version: v0.10.4, built at 2020-12-01 14:51.19
[2021-01-14 14:13:54,526][INFO][SERVER][Start][milvus_server] CPU edition
[2021-01-14 14:13:54,530][INFO][SERVER][CheckCpuInstructionSet][milvus_server] Supported CPU instruction sets: avx2, sse4_2
[2021-01-14 14:13:54,533][INFO][SERVER][LogConfigInFile][milvus_server] 

***************Config in file***************

version: 0.5
cluster:
  enable: false
  role: rw
general:
  timezone: UTC+8
  meta_uri: sqlite://:@:/
network:
  bind.address: 0.0.0.0
  bind.port: 19530
  http.enable: true
  http.port: 19121
storage:
  path: /var/lib/milvus
  auto_flush_interval: 1
wal:
  enable: true
  recovery_error_ignore: false
  buffer_size: 256MB
  path: /var/lib/milvus/wal
cache:
  cache_size: 1GB
  insert_buffer_size: 1GB
  preload_collection: ~
gpu:
  enable: false
  cache_size: 1GB
  gpu_search_threshold: 1000
  search_devices:
    - gpu0
  build_index_devices:
    - gpu0
fpga:
  enable: false
  search_devices:
    - fpga0
logs:
  level: debug
  trace.enable: true
  path: /var/lib/milvus/logs
  max_log_file_size: 1024MB
  log_rotate_num: 0
metric:
  enable: false
  address: 127.0.0.1
  port: 9091
[2021-01-14 14:13:54,556][INFO][SERVER][LogCpuInfo][milvus_server] 

***************CPU***************

processor	: 1
vendor_id	: GenuineIntel
cpu family	: 6
model		: 142
model name	: Intel(R) Core(TM) i5-8250U CPU @ 1.60GHz
stepping	: 10
microcode	: 0xffffffff
cpu MHz		: 1799.998
cache size	: 6144 KB
physical id	: 0
siblings	: 2
core id		: 0
cpu cores	: 1
apicid		: 1
initial apicid	: 1
fpu		: yes
fpu_exception	: yes
cpuid level	: 21
wp		: yes
flags		: fpu vme de pse tsc msr pae mce cx8 apic sep mtrr pge mca cmov pat pse36 clflush mmx fxsr sse sse2 ss ht syscall nx pdpe1gb rdtscp lm constant_tsc rep_good nopl xtopology cpuid pni pclmulqdq ssse3 fma cx16 pcid sse4_1 sse4_2 movbe popcnt aes xsave avx f16c rdrand hypervisor lahf_lm abm 3dnowprefetch invpcid_single ssbd ibrs ibpb stibp fsgsbase bmi1 avx2 smep bmi2 erms invpcid mpx rdseed adx smap clflushopt xsaveopt xsavec xgetbv1 xsaves flush_l1d arch_capabilities
bugs		: cpu_meltdown spectre_v1 spectre_v2 spec_store_bypass l1tf mds swapgs itlb_multihit
bogomips	: 3599.99
clflush size	: 64
cache_alignment	: 64
address sizes	: 39 bits physical, 48 bits virtual
power management:


[2021-01-14 14:13:54,561][INFO][SERVER][LogConfigInMem][milvus_server] 

***************Config in memory***************

{
   "cache": {
      "cache_insert_data": "false",
      "cache_size": "1GB",
      "cpu_cache_threshold": "0.7",
      "insert_buffer_size": "1GB",
      "preload_collection": ""
   },
   "cluster": {
      "enable": "false",
      "role": "rw"
   },
   "db_config": {
      "archive_days_threshold": "0",
      "archive_disk_threshold": "0"
   },
   "engine_config": {
      "max_partition_num": "4096",
      "omp_thread_num": "0",
      "simd_type": "auto",
      "use_blas_threshold": "1100"
   },
   "general": {
      "meta_uri": "sqlite://:@:/",
      "timezone": "UTC+8"
   },
   "logs": {
      "level": "debug",
      "log_rotate_num": "0",
      "max_log_file_size": "1024MB",
      "path": "/var/lib/milvus/logs",
      "trace.enable": "true"
   },
   "metric": {
      "address": "127.0.0.1",
      "enable": "false",
      "port": "9091"
   },
   "network": {
      "bind.address": "0.0.0.0",
      "bind.port": "19530",
      "http.enable": "true",
      "http.port": "19121"
   },
   "storage": {
      "auto_flush_interval": "1",
      "path": "/var/lib/milvus"
   },
   "tracing_config": {
      "json_config_path": ""
   },
   "wal": {
      "buffer_size": "256MB",
      "enable": "true",
      "path": "/var/lib/milvus/wal",
      "recovery_error_ignore": "false"
   }
}
[2021-01-14 14:13:54,564][INFO][ENGINE][Build][milvus_server] Using SQLite
[2021-01-14 14:14:00,312][INFO][SERVER][Cmd][grpcpp_sync_ser] Request [0] Cmd begin.
[2021-01-14 14:14:00,314][INFO][SERVER][PutToQueue][grpcpp_sync_ser] Create new thread for request group: info
[2021-01-14 14:14:00,318][INFO][SERVER][Cmd][grpcpp_sync_ser] Request [0] Cmd end.
[2021-01-14 14:14:00,324][INFO][SERVER][HasCollection][grpcpp_sync_ser] Request [1] HasCollection begin.
[2021-01-14 14:14:00,374][INFO][SERVER][HasCollection][grpcpp_sync_ser] Request [1] HasCollection end.
[2021-01-14 14:14:15,036][INFO][SERVER][Cmd][grpcpp_sync_ser] Request [2] Cmd begin.
[2021-01-14 14:14:15,037][INFO][SERVER][Cmd][grpcpp_sync_ser] Request [2] Cmd end.
[2021-01-14 14:14:15,040][INFO][SERVER][HasCollection][grpcpp_sync_ser] Request [3] HasCollection begin.
[2021-01-14 14:14:15,041][INFO][SERVER][HasCollection][grpcpp_sync_ser] Request [3] HasCollection end.
[2021-01-14 14:39:14,315][INFO][SERVER][Cmd][grpcpp_sync_ser] Request [4] Cmd begin.
[2021-01-14 14:39:14,316][INFO][SERVER][Cmd][grpcpp_sync_ser] Request [4] Cmd end.
[2021-01-14 14:39:14,322][INFO][SERVER][HasCollection][grpcpp_sync_ser] Request [5] HasCollection begin.
[2021-01-14 14:39:14,325][INFO][SERVER][HasCollection][grpcpp_sync_ser] Request [5] HasCollection end.
[2021-01-14 14:40:34,222][INFO][SERVER][Insert][grpcpp_sync_ser] Request [6] Insert begin.
[2021-01-14 14:40:34,222][INFO][SERVER][PutToQueue][grpcpp_sync_ser] Create new thread for request group: ddl_dml
[2021-01-14 14:40:34,223][INFO][SERVER][OnExecute][reqsched_thread] [insert][0] Execute insert request.
[2021-01-14 14:40:34,257][INFO][WAL][Insert][reqsched_thread] [insert][0]retina_face insert in part  with lsn 4295469892
[2021-01-14 14:40:34,257][INFO][WAL][GetNextRecord][wal_thread] record type 2 collection retina_face lsn 4295469892
[2021-01-14 14:40:34,266][INFO][SERVER][Insert][grpcpp_sync_ser] Request [6] Insert end.
[2021-01-14 14:40:34,270][INFO][SERVER][Flush][grpcpp_sync_ser] Request [7] Flush begin.
[2021-01-14 14:40:34,297][INFO][WAL][Flush][reqsched_thread] retina_face want to be flush, lsn 4295469892
[2021-01-14 14:40:34,306][INFO][WAL][operator()][wal_thread] record flush collection retina_face lsn 4295469892
[2021-01-14 14:40:34,423][INFO][WAL][CollectionFlushed][wal_thread] retina_face is flushed by lsn 4295469892
[2021-01-14 14:40:34,426][INFO][SERVER][Flush][grpcpp_sync_ser] Request [7] Flush end.
[2021-01-14 14:40:44,869][INFO][SERVER][CpuCacheMgr][milvus_server] cpu cache.size: 1073741824
[2021-01-14 14:44:00,790][INFO][SERVER][HandleSignal][milvus_server] Release lock!15
[2021-01-14 14:44:00,790][INFO][SERVER][HandleSignal][milvus_server] Server received critical signal: 15
[2021-01-14 14:44:00,791][INFO][SERVER][PrintStacktrace][milvus_server] Call stack:
[2021-01-14 14:44:00,792][INFO][SERVER][PrintStacktrace][milvus_server] /var/lib/milvus/bin/milvus_server() [0x6717ec]
[2021-01-14 14:44:00,793][INFO][SERVER][PrintStacktrace][milvus_server] /var/lib/milvus/bin/milvus_server() [0x6722d4]
[2021-01-14 14:44:00,793][INFO][SERVER][PrintStacktrace][milvus_server] /lib64/libc.so.6(+0x36400) [0x7f6d79639400]
[2021-01-14 14:44:00,796][INFO][SERVER][PrintStacktrace][milvus_server] /lib64/libpthread.so.0(pause+0x2d) [0x7f6d7a414f5d]
[2021-01-14 14:44:00,797][INFO][SERVER][PrintStacktrace][milvus_server] /var/lib/milvus/bin/milvus_server() [0x428609]
[2021-01-14 14:44:00,797][INFO][SERVER][PrintStacktrace][milvus_server] /lib64/libc.so.6(__libc_start_main+0xf5) [0x7f6d79625555]
[2021-01-14 14:44:00,797][INFO][SERVER][PrintStacktrace][milvus_server] /var/lib/milvus/bin/milvus_server() [0x432727]
[2021-01-14 14:44:00,833][INFO][SERVER][Stop][milvus_server] Scheduler gonna stop...
[2021-01-14 14:44:00,836][INFO][SERVER][Stop][milvus_server] Scheduler stopped
