[2021-01-07 09:54:59,692][INFO][SERVER][Check][milvus_server] InstanceLockCheck passed.
[2021-01-07 09:54:59,696][INFO][SERVER][Check][milvus_server] InstanceLockCheck passed.
[2021-01-07 09:54:59,696][INFO][SERVER][Start][milvus_server] Milvus Release version: v0.10.4, built at 2020-12-01 14:51.19
[2021-01-07 09:54:59,696][INFO][SERVER][Start][milvus_server] CPU edition
[2021-01-07 09:54:59,704][INFO][SERVER][CheckCpuInstructionSet][milvus_server] Supported CPU instruction sets: avx2, sse4_2
[2021-01-07 09:54:59,707][INFO][SERVER][LogConfigInFile][milvus_server] 

***************Config in file***************

version: 0.5
cluster:
  enable: false
  role: rw
general:
  timezone: UTC+8
  meta_uri: sqlite://:@:/
network:
  bind.address: 0.0.0.0
  bind.port: 19530
  http.enable: true
  http.port: 19121
storage:
  path: /var/lib/milvus
  auto_flush_interval: 1
wal:
  enable: true
  recovery_error_ignore: false
  buffer_size: 256MB
  path: /var/lib/milvus/wal
cache:
  cache_size: 1GB
  insert_buffer_size: 1GB
  preload_collection: ~
gpu:
  enable: false
  cache_size: 1GB
  gpu_search_threshold: 1000
  search_devices:
    - gpu0
  build_index_devices:
    - gpu0
fpga:
  enable: false
  search_devices:
    - fpga0
logs:
  level: debug
  trace.enable: true
  path: /var/lib/milvus/logs
  max_log_file_size: 1024MB
  log_rotate_num: 0
metric:
  enable: false
  address: 127.0.0.1
  port: 9091
[2021-01-07 09:54:59,729][INFO][SERVER][LogCpuInfo][milvus_server] 

***************CPU***************

processor	: 1
vendor_id	: GenuineIntel
cpu family	: 6
model		: 142
model name	: Intel(R) Core(TM) i5-8250U CPU @ 1.60GHz
stepping	: 10
microcode	: 0xffffffff
cpu MHz		: 1799.999
cache size	: 6144 KB
physical id	: 0
siblings	: 2
core id		: 0
cpu cores	: 1
apicid		: 1
initial apicid	: 1
fpu		: yes
fpu_exception	: yes
cpuid level	: 21
wp		: yes
flags		: fpu vme de pse tsc msr pae mce cx8 apic sep mtrr pge mca cmov pat pse36 clflush mmx fxsr sse sse2 ss ht syscall nx pdpe1gb rdtscp lm constant_tsc rep_good nopl xtopology cpuid pni pclmulqdq ssse3 fma cx16 pcid sse4_1 sse4_2 movbe popcnt aes xsave avx f16c rdrand hypervisor lahf_lm abm 3dnowprefetch invpcid_single ssbd ibrs ibpb stibp fsgsbase bmi1 avx2 smep bmi2 erms invpcid mpx rdseed adx smap clflushopt xsaveopt xsavec xgetbv1 xsaves flush_l1d arch_capabilities
bugs		: cpu_meltdown spectre_v1 spectre_v2 spec_store_bypass l1tf mds swapgs itlb_multihit
bogomips	: 3599.99
clflush size	: 64
cache_alignment	: 64
address sizes	: 39 bits physical, 48 bits virtual
power management:


[2021-01-07 09:54:59,730][INFO][SERVER][LogConfigInMem][milvus_server] 

***************Config in memory***************

{
   "cache": {
      "cache_insert_data": "false",
      "cache_size": "1GB",
      "cpu_cache_threshold": "0.7",
      "insert_buffer_size": "1GB",
      "preload_collection": ""
   },
   "cluster": {
      "enable": "false",
      "role": "rw"
   },
   "db_config": {
      "archive_days_threshold": "0",
      "archive_disk_threshold": "0"
   },
   "engine_config": {
      "max_partition_num": "4096",
      "omp_thread_num": "0",
      "simd_type": "auto",
      "use_blas_threshold": "1100"
   },
   "general": {
      "meta_uri": "sqlite://:@:/",
      "timezone": "UTC+8"
   },
   "logs": {
      "level": "debug",
      "log_rotate_num": "0",
      "max_log_file_size": "1024MB",
      "path": "/var/lib/milvus/logs",
      "trace.enable": "true"
   },
   "metric": {
      "address": "127.0.0.1",
      "enable": "false",
      "port": "9091"
   },
   "network": {
      "bind.address": "0.0.0.0",
      "bind.port": "19530",
      "http.enable": "true",
      "http.port": "19121"
   },
   "storage": {
      "auto_flush_interval": "1",
      "path": "/var/lib/milvus"
   },
   "tracing_config": {
      "json_config_path": ""
   },
   "wal": {
      "buffer_size": "256MB",
      "enable": "true",
      "path": "/var/lib/milvus/wal",
      "recovery_error_ignore": "false"
   }
}
[2021-01-07 09:54:59,792][INFO][ENGINE][Build][milvus_server] Using SQLite
[2021-01-07 09:55:02,337][INFO][SERVER][Cmd][grpcpp_sync_ser] Request [0] Cmd begin.
[2021-01-07 09:55:02,338][INFO][SERVER][PutToQueue][grpcpp_sync_ser] Create new thread for request group: info
[2021-01-07 09:55:02,339][INFO][SERVER][Cmd][grpcpp_sync_ser] Request [0] Cmd end.
[2021-01-07 09:55:02,341][INFO][SERVER][HasCollection][grpcpp_sync_ser] Request [1] HasCollection begin.
[2021-01-07 09:55:02,342][INFO][SERVER][HasCollection][grpcpp_sync_ser] Request [1] HasCollection end.
[2021-01-07 09:57:18,049][INFO][SERVER][Insert][grpcpp_sync_ser] Request [2] Insert begin.
[2021-01-07 09:57:18,049][INFO][SERVER][PutToQueue][grpcpp_sync_ser] Create new thread for request group: ddl_dml
[2021-01-07 09:57:18,050][INFO][SERVER][OnExecute][reqsched_thread] [insert][0] Execute insert request.
[2021-01-07 09:57:18,055][INFO][WAL][Insert][reqsched_thread] [insert][0]retina_face insert in part  with lsn 4295455276
[2021-01-07 09:57:18,056][INFO][WAL][GetNextRecord][wal_thread] record type 2 collection retina_face lsn 4295455276
[2021-01-07 09:57:18,062][INFO][SERVER][Insert][grpcpp_sync_ser] Request [2] Insert end.
[2021-01-07 09:57:18,065][INFO][SERVER][Flush][grpcpp_sync_ser] Request [3] Flush begin.
[2021-01-07 09:57:18,184][INFO][WAL][Flush][reqsched_thread] retina_face want to be flush, lsn 4295455276
[2021-01-07 09:57:18,223][INFO][WAL][operator()][wal_thread] record flush collection retina_face lsn 4295455276
[2021-01-07 09:57:18,275][INFO][WAL][CollectionFlushed][wal_thread] retina_face is flushed by lsn 4295455276
[2021-01-07 09:57:18,277][INFO][SERVER][Flush][grpcpp_sync_ser] Request [3] Flush end.
[2021-01-07 09:57:28,735][INFO][SERVER][CpuCacheMgr][milvus_server] cpu cache.size: 1073741824
[2021-01-07 09:57:39,254][INFO][SERVER][Search][grpcpp_sync_ser] Request [4] Search begin.
[2021-01-07 09:57:39,254][INFO][SERVER][OnPreExecute][grpcpp_sync_ser] [search][0] Search pre-execute. Check search parameters
[2021-01-07 09:57:39,255][INFO][SERVER][PutToQueue][grpcpp_sync_ser] Create new thread for request group: dql
[2021-01-07 09:57:39,255][INFO][SERVER][OnExecute][reqsched_thread] [search][0] Search execute.
[2021-01-07 09:57:39,295][INFO][SERVER][Search][grpcpp_sync_ser] Request [4] Search end.
[2021-01-07 10:11:22,980][INFO][SERVER][Insert][grpcpp_sync_ser] Request [5] Insert begin.
[2021-01-07 10:11:23,023][INFO][SERVER][OnExecute][reqsched_thread] [insert][0] Execute insert request.
[2021-01-07 10:11:23,122][INFO][WAL][Insert][reqsched_thread] [insert][0]retina_face insert in part  with lsn 4295457364
[2021-01-07 10:11:23,124][INFO][WAL][GetNextRecord][wal_thread] record type 2 collection retina_face lsn 4295457364
[2021-01-07 10:11:23,181][INFO][SERVER][Insert][grpcpp_sync_ser] Request [5] Insert end.
[2021-01-07 10:11:23,185][INFO][SERVER][Flush][grpcpp_sync_ser] Request [6] Flush begin.
[2021-01-07 10:11:23,204][INFO][WAL][Flush][reqsched_thread] retina_face want to be flush, lsn 4295457364
[2021-01-07 10:11:23,264][INFO][WAL][operator()][wal_thread] record flush collection retina_face lsn 4295457364
[2021-01-07 10:11:23,361][INFO][WAL][CollectionFlushed][wal_thread] retina_face is flushed by lsn 4295457364
[2021-01-07 10:11:23,363][INFO][SERVER][Flush][grpcpp_sync_ser] Request [6] Flush end.
[2021-01-07 10:11:52,839][INFO][SERVER][Insert][grpcpp_sync_ser] Request [7] Insert begin.
[2021-01-07 10:11:52,839][INFO][SERVER][OnExecute][reqsched_thread] [insert][0] Execute insert request.
[2021-01-07 10:11:52,842][INFO][WAL][Insert][reqsched_thread] [insert][0]retina_face insert in part  with lsn 4295459452
[2021-01-07 10:11:52,843][INFO][WAL][GetNextRecord][wal_thread] record type 2 collection retina_face lsn 4295459452
[2021-01-07 10:11:52,845][INFO][SERVER][Insert][grpcpp_sync_ser] Request [7] Insert end.
[2021-01-07 10:11:52,847][INFO][SERVER][Flush][grpcpp_sync_ser] Request [8] Flush begin.
[2021-01-07 10:11:52,849][INFO][WAL][Flush][reqsched_thread] retina_face want to be flush, lsn 4295459452
[2021-01-07 10:11:52,851][INFO][WAL][operator()][wal_thread] record flush collection retina_face lsn 4295459452
[2021-01-07 10:11:52,885][INFO][WAL][CollectionFlushed][wal_thread] retina_face is flushed by lsn 4295459452
[2021-01-07 10:11:52,886][INFO][SERVER][Flush][grpcpp_sync_ser] Request [8] Flush end.
[2021-01-07 10:13:02,485][INFO][SERVER][Search][grpcpp_sync_ser] Request [9] Search begin.
[2021-01-07 10:13:02,495][INFO][SERVER][OnPreExecute][grpcpp_sync_ser] [search][0] Search pre-execute. Check search parameters
[2021-01-07 10:13:02,497][INFO][SERVER][OnExecute][reqsched_thread] [search][0] Search execute.
[2021-01-07 10:13:02,580][INFO][SERVER][Search][grpcpp_sync_ser] Request [9] Search end.
[2021-01-07 10:14:22,679][INFO][SERVER][Search][grpcpp_sync_ser] Request [10] Search begin.
[2021-01-07 10:14:22,680][INFO][SERVER][OnPreExecute][grpcpp_sync_ser] [search][0] Search pre-execute. Check search parameters
[2021-01-07 10:14:22,680][INFO][SERVER][OnExecute][reqsched_thread] [search][0] Search execute.
[2021-01-07 10:14:22,696][INFO][SERVER][Search][grpcpp_sync_ser] Request [10] Search end.
[2021-01-07 10:15:24,370][INFO][SERVER][Search][grpcpp_sync_ser] Request [11] Search begin.
[2021-01-07 10:15:24,371][INFO][SERVER][OnPreExecute][grpcpp_sync_ser] [search][0] Search pre-execute. Check search parameters
[2021-01-07 10:15:24,372][INFO][SERVER][OnExecute][reqsched_thread] [search][0] Search execute.
[2021-01-07 10:15:24,384][INFO][SERVER][Search][grpcpp_sync_ser] Request [11] Search end.
[2021-01-07 10:21:38,091][INFO][SERVER][Cmd][grpcpp_sync_ser] Request [12] Cmd begin.
[2021-01-07 10:21:38,092][INFO][SERVER][Cmd][grpcpp_sync_ser] Request [12] Cmd end.
[2021-01-07 10:21:38,097][INFO][SERVER][HasCollection][grpcpp_sync_ser] Request [13] HasCollection begin.
[2021-01-07 10:21:38,098][INFO][SERVER][HasCollection][grpcpp_sync_ser] Request [13] HasCollection end.
[2021-01-07 10:22:48,458][INFO][SERVER][Cmd][grpcpp_sync_ser] Request [14] Cmd begin.
[2021-01-07 10:22:48,460][INFO][SERVER][Cmd][grpcpp_sync_ser] Request [14] Cmd end.
[2021-01-07 10:22:48,464][INFO][SERVER][HasCollection][grpcpp_sync_ser] Request [15] HasCollection begin.
[2021-01-07 10:22:48,466][INFO][SERVER][HasCollection][grpcpp_sync_ser] Request [15] HasCollection end.
[2021-01-07 10:24:38,432][INFO][SERVER][Cmd][grpcpp_sync_ser] Request [16] Cmd begin.
[2021-01-07 10:24:38,433][INFO][SERVER][Cmd][grpcpp_sync_ser] Request [16] Cmd end.
[2021-01-07 10:24:38,437][INFO][SERVER][HasCollection][grpcpp_sync_ser] Request [17] HasCollection begin.
[2021-01-07 10:24:38,439][INFO][SERVER][HasCollection][grpcpp_sync_ser] Request [17] HasCollection end.
[2021-01-07 10:25:46,788][INFO][SERVER][Search][grpcpp_sync_ser] Request [18] Search begin.
[2021-01-07 10:25:46,801][INFO][SERVER][OnPreExecute][grpcpp_sync_ser] [search][0] Search pre-execute. Check search parameters
[2021-01-07 10:25:46,817][INFO][SERVER][OnExecute][reqsched_thread] [search][0] Search execute.
[2021-01-07 10:25:46,901][INFO][SERVER][Search][grpcpp_sync_ser] Request [18] Search end.
[2021-01-07 10:27:14,200][INFO][SERVER][Cmd][grpcpp_sync_ser] Request [19] Cmd begin.
[2021-01-07 10:27:14,202][INFO][SERVER][Cmd][grpcpp_sync_ser] Request [19] Cmd end.
[2021-01-07 10:27:14,208][INFO][SERVER][HasCollection][grpcpp_sync_ser] Request [20] HasCollection begin.
[2021-01-07 10:27:14,209][INFO][SERVER][HasCollection][grpcpp_sync_ser] Request [20] HasCollection end.
[2021-01-07 10:28:04,317][INFO][SERVER][Search][grpcpp_sync_ser] Request [21] Search begin.
[2021-01-07 10:28:04,324][INFO][SERVER][OnPreExecute][grpcpp_sync_ser] [search][0] Search pre-execute. Check search parameters
[2021-01-07 10:28:04,328][INFO][SERVER][OnExecute][reqsched_thread] [search][0] Search execute.
[2021-01-07 10:28:04,375][INFO][SERVER][Search][grpcpp_sync_ser] Request [21] Search end.
[2021-01-07 10:30:28,526][INFO][SERVER][Search][grpcpp_sync_ser] Request [22] Search begin.
[2021-01-07 10:30:28,546][INFO][SERVER][OnPreExecute][grpcpp_sync_ser] [search][0] Search pre-execute. Check search parameters
[2021-01-07 10:30:28,550][INFO][SERVER][OnExecute][reqsched_thread] [search][0] Search execute.
[2021-01-07 10:30:28,586][INFO][SERVER][Search][grpcpp_sync_ser] Request [22] Search end.
[2021-01-07 10:32:48,726][INFO][SERVER][Cmd][grpcpp_sync_ser] Request [23] Cmd begin.
[2021-01-07 10:32:48,728][INFO][SERVER][Cmd][grpcpp_sync_ser] Request [23] Cmd end.
[2021-01-07 10:32:48,732][INFO][SERVER][HasCollection][grpcpp_sync_ser] Request [24] HasCollection begin.
[2021-01-07 10:32:48,734][INFO][SERVER][HasCollection][grpcpp_sync_ser] Request [24] HasCollection end.
[2021-01-07 10:33:41,402][INFO][SERVER][Search][grpcpp_sync_ser] Request [25] Search begin.
[2021-01-07 10:33:41,410][INFO][SERVER][OnPreExecute][grpcpp_sync_ser] [search][0] Search pre-execute. Check search parameters
[2021-01-07 10:33:41,419][INFO][SERVER][OnExecute][reqsched_thread] [search][0] Search execute.
[2021-01-07 10:33:41,474][INFO][SERVER][Search][grpcpp_sync_ser] Request [25] Search end.
[2021-01-07 10:35:23,920][INFO][SERVER][Cmd][grpcpp_sync_ser] Request [26] Cmd begin.
[2021-01-07 10:35:23,921][INFO][SERVER][Cmd][grpcpp_sync_ser] Request [26] Cmd end.
[2021-01-07 10:35:23,927][INFO][SERVER][HasCollection][grpcpp_sync_ser] Request [27] HasCollection begin.
[2021-01-07 10:35:23,929][INFO][SERVER][HasCollection][grpcpp_sync_ser] Request [27] HasCollection end.
[2021-01-07 10:36:42,703][INFO][SERVER][DropCollection][grpcpp_sync_ser] Request [28] DropCollection begin.
[2021-01-07 10:36:42,736][INFO][WAL][DropCollection][reqsched_thread] drop collection retina_face
[2021-01-07 10:36:42,781][INFO][WAL][Flush][reqsched_thread]  want to be flush, lsn 4295459452
[2021-01-07 10:36:42,781][INFO][WAL][operator()][wal_thread] record flush collection  lsn 4295459452
[2021-01-07 10:36:42,784][INFO][SERVER][DropCollection][grpcpp_sync_ser] Request [28] DropCollection end.
[2021-01-07 10:36:42,830][INFO][SERVER][Search][grpcpp_sync_ser] Request [29] Search begin.
[2021-01-07 10:36:42,831][INFO][SERVER][OnPreExecute][grpcpp_sync_ser] [search][0] Search pre-execute. Check search parameters
[2021-01-07 10:36:42,833][INFO][SERVER][OnExecute][reqsched_thread] [search][0] Search execute.
[2021-01-07 10:36:42,849][INFO][SERVER][Search][grpcpp_sync_ser] Request [29] Search end.
[2021-01-07 10:37:41,647][INFO][SERVER][Cmd][grpcpp_sync_ser] Request [30] Cmd begin.
[2021-01-07 10:37:41,648][INFO][SERVER][Cmd][grpcpp_sync_ser] Request [30] Cmd end.
[2021-01-07 10:37:41,653][INFO][SERVER][HasCollection][grpcpp_sync_ser] Request [31] HasCollection begin.
[2021-01-07 10:37:41,654][INFO][SERVER][HasCollection][grpcpp_sync_ser] Request [31] HasCollection end.
[2021-01-07 10:37:41,689][INFO][SERVER][CreateCollection][grpcpp_sync_ser] Request [32] CreateCollection begin.
[2021-01-07 10:37:41,691][INFO][WAL][CreateCollection][reqsched_thread] create collection retina_face 4295459452
[2021-01-07 10:37:41,799][INFO][SERVER][CreateCollection][grpcpp_sync_ser] Request [32] CreateCollection end.
[2021-01-07 10:38:29,033][INFO][SERVER][Insert][grpcpp_sync_ser] Request [33] Insert begin.
[2021-01-07 10:38:29,034][INFO][SERVER][OnExecute][reqsched_thread] [insert][0] Execute insert request.
[2021-01-07 10:38:29,083][INFO][WAL][Insert][reqsched_thread] [insert][0]retina_face insert in part  with lsn 4295461540
[2021-01-07 10:38:29,084][INFO][WAL][GetNextRecord][wal_thread] record type 2 collection retina_face lsn 4295461540
[2021-01-07 10:38:29,088][INFO][SERVER][Insert][grpcpp_sync_ser] Request [33] Insert end.
[2021-01-07 10:38:29,093][INFO][SERVER][Flush][grpcpp_sync_ser] Request [34] Flush begin.
[2021-01-07 10:38:29,099][INFO][WAL][Flush][reqsched_thread] retina_face want to be flush, lsn 4295461540
[2021-01-07 10:38:29,099][INFO][WAL][operator()][wal_thread] record flush collection retina_face lsn 4295461540
[2021-01-07 10:38:29,174][INFO][WAL][CollectionFlushed][wal_thread] retina_face is flushed by lsn 4295461540
[2021-01-07 10:38:29,176][INFO][SERVER][Flush][grpcpp_sync_ser] Request [34] Flush end.
[2021-01-07 10:38:48,982][INFO][SERVER][Search][grpcpp_sync_ser] Request [35] Search begin.
[2021-01-07 10:38:48,983][INFO][SERVER][OnPreExecute][grpcpp_sync_ser] [search][0] Search pre-execute. Check search parameters
[2021-01-07 10:38:48,983][INFO][SERVER][OnExecute][reqsched_thread] [search][0] Search execute.
[2021-01-07 10:38:49,028][INFO][SERVER][Search][grpcpp_sync_ser] Request [35] Search end.
[2021-01-07 10:39:48,093][INFO][SERVER][Cmd][grpcpp_sync_ser] Request [36] Cmd begin.
[2021-01-07 10:39:48,094][INFO][SERVER][Cmd][grpcpp_sync_ser] Request [36] Cmd end.
[2021-01-07 10:39:48,097][INFO][SERVER][HasCollection][grpcpp_sync_ser] Request [37] HasCollection begin.
[2021-01-07 10:39:48,098][INFO][SERVER][HasCollection][grpcpp_sync_ser] Request [37] HasCollection end.
[2021-01-07 10:40:02,550][INFO][SERVER][Insert][grpcpp_sync_ser] Request [38] Insert begin.
[2021-01-07 10:40:02,550][INFO][SERVER][OnExecute][reqsched_thread] [insert][0] Execute insert request.
[2021-01-07 10:40:02,553][INFO][WAL][Insert][reqsched_thread] [insert][0]retina_face insert in part  with lsn 4295463628
[2021-01-07 10:40:02,554][INFO][WAL][GetNextRecord][wal_thread] record type 2 collection retina_face lsn 4295463628
[2021-01-07 10:40:02,557][INFO][SERVER][Insert][grpcpp_sync_ser] Request [38] Insert end.
[2021-01-07 10:40:02,560][INFO][SERVER][Flush][grpcpp_sync_ser] Request [39] Flush begin.
[2021-01-07 10:40:02,563][INFO][WAL][Flush][reqsched_thread] retina_face want to be flush, lsn 4295463628
[2021-01-07 10:40:02,563][INFO][WAL][operator()][wal_thread] record flush collection retina_face lsn 4295463628
[2021-01-07 10:40:02,631][INFO][WAL][CollectionFlushed][wal_thread] retina_face is flushed by lsn 4295463628
[2021-01-07 10:40:02,632][INFO][SERVER][Flush][grpcpp_sync_ser] Request [39] Flush end.
[2021-01-07 10:40:57,790][INFO][SERVER][Insert][grpcpp_sync_ser] Request [40] Insert begin.
[2021-01-07 10:40:57,790][INFO][SERVER][OnExecute][reqsched_thread] [insert][0] Execute insert request.
[2021-01-07 10:40:57,793][INFO][WAL][Insert][reqsched_thread] [insert][0]retina_face insert in part  with lsn 4295465716
[2021-01-07 10:40:57,795][INFO][WAL][GetNextRecord][wal_thread] record type 2 collection retina_face lsn 4295465716
[2021-01-07 10:40:57,796][INFO][SERVER][Insert][grpcpp_sync_ser] Request [40] Insert end.
[2021-01-07 10:40:57,799][INFO][SERVER][Flush][grpcpp_sync_ser] Request [41] Flush begin.
[2021-01-07 10:40:57,801][INFO][WAL][Flush][reqsched_thread] retina_face want to be flush, lsn 4295465716
[2021-01-07 10:40:57,805][INFO][WAL][operator()][wal_thread] record flush collection retina_face lsn 4295465716
[2021-01-07 10:40:57,845][INFO][WAL][CollectionFlushed][wal_thread] retina_face is flushed by lsn 4295465716
[2021-01-07 10:40:57,847][INFO][SERVER][Flush][grpcpp_sync_ser] Request [41] Flush end.
[2021-01-07 10:41:14,999][INFO][SERVER][Insert][grpcpp_sync_ser] Request [42] Insert begin.
[2021-01-07 10:41:15,000][INFO][SERVER][OnExecute][reqsched_thread] [insert][0] Execute insert request.
[2021-01-07 10:41:15,002][INFO][WAL][Insert][reqsched_thread] [insert][0]retina_face insert in part  with lsn 4295467804
[2021-01-07 10:41:15,004][INFO][WAL][GetNextRecord][wal_thread] record type 2 collection retina_face lsn 4295467804
[2021-01-07 10:41:15,005][INFO][SERVER][Insert][grpcpp_sync_ser] Request [42] Insert end.
[2021-01-07 10:41:15,008][INFO][SERVER][Flush][grpcpp_sync_ser] Request [43] Flush begin.
[2021-01-07 10:41:15,011][INFO][WAL][Flush][reqsched_thread] retina_face want to be flush, lsn 4295467804
[2021-01-07 10:41:15,013][INFO][WAL][operator()][wal_thread] record flush collection retina_face lsn 4295467804
[2021-01-07 10:41:15,052][INFO][WAL][CollectionFlushed][wal_thread] retina_face is flushed by lsn 4295467804
[2021-01-07 10:41:15,053][INFO][SERVER][Flush][grpcpp_sync_ser] Request [43] Flush end.
[2021-01-07 10:42:03,498][INFO][SERVER][Search][grpcpp_sync_ser] Request [44] Search begin.
[2021-01-07 10:42:03,498][INFO][SERVER][OnPreExecute][grpcpp_sync_ser] [search][0] Search pre-execute. Check search parameters
[2021-01-07 10:42:03,499][INFO][SERVER][OnExecute][reqsched_thread] [search][0] Search execute.
[2021-01-07 10:42:03,525][INFO][SERVER][Search][grpcpp_sync_ser] Request [44] Search end.
[2021-01-07 10:43:39,744][INFO][SERVER][Search][grpcpp_sync_ser] Request [45] Search begin.
[2021-01-07 10:43:39,745][INFO][SERVER][OnPreExecute][grpcpp_sync_ser] [search][0] Search pre-execute. Check search parameters
[2021-01-07 10:43:39,746][INFO][SERVER][OnExecute][reqsched_thread] [search][0] Search execute.
[2021-01-07 10:43:39,759][INFO][SERVER][Search][grpcpp_sync_ser] Request [45] Search end.
[2021-01-07 10:43:46,858][INFO][SERVER][Search][grpcpp_sync_ser] Request [46] Search begin.
[2021-01-07 10:43:46,858][INFO][SERVER][OnPreExecute][grpcpp_sync_ser] [search][0] Search pre-execute. Check search parameters
[2021-01-07 10:43:46,860][INFO][SERVER][OnExecute][reqsched_thread] [search][0] Search execute.
[2021-01-07 10:43:46,873][INFO][SERVER][Search][grpcpp_sync_ser] Request [46] Search end.
[2021-01-07 10:45:27,106][INFO][SERVER][Cmd][grpcpp_sync_ser] Request [47] Cmd begin.
[2021-01-07 10:45:27,107][INFO][SERVER][Cmd][grpcpp_sync_ser] Request [47] Cmd end.
[2021-01-07 10:45:27,112][INFO][SERVER][HasCollection][grpcpp_sync_ser] Request [48] HasCollection begin.
[2021-01-07 10:45:27,114][INFO][SERVER][HasCollection][grpcpp_sync_ser] Request [48] HasCollection end.
[2021-01-07 10:45:41,858][INFO][SERVER][Search][grpcpp_sync_ser] Request [49] Search begin.
[2021-01-07 10:45:41,859][INFO][SERVER][OnPreExecute][grpcpp_sync_ser] [search][0] Search pre-execute. Check search parameters
[2021-01-07 10:45:41,860][INFO][SERVER][OnExecute][reqsched_thread] [search][0] Search execute.
[2021-01-07 10:45:41,872][INFO][SERVER][Search][grpcpp_sync_ser] Request [49] Search end.
[2021-01-07 10:47:21,506][INFO][SERVER][Search][grpcpp_sync_ser] Request [50] Search begin.
[2021-01-07 10:47:21,506][INFO][SERVER][OnPreExecute][grpcpp_sync_ser] [search][0] Search pre-execute. Check search parameters
[2021-01-07 10:47:21,508][INFO][SERVER][OnExecute][reqsched_thread] [search][0] Search execute.
[2021-01-07 10:47:21,522][INFO][SERVER][Search][grpcpp_sync_ser] Request [50] Search end.
[2021-01-07 11:38:23,791][INFO][SERVER][HandleSignal][milvus_server] Release lock!15
[2021-01-07 11:38:23,792][INFO][SERVER][HandleSignal][milvus_server] Server received critical signal: 15
[2021-01-07 11:38:23,792][INFO][SERVER][PrintStacktrace][milvus_server] Call stack:
[2021-01-07 11:38:23,916][INFO][SERVER][PrintStacktrace][milvus_server] /var/lib/milvus/bin/milvus_server() [0x6717ec]
[2021-01-07 11:38:23,916][INFO][SERVER][PrintStacktrace][milvus_server] /var/lib/milvus/bin/milvus_server() [0x6722d4]
[2021-01-07 11:38:23,917][INFO][SERVER][PrintStacktrace][milvus_server] /lib64/libc.so.6(+0x36400) [0x7fd9c6090400]
[2021-01-07 11:38:23,917][INFO][SERVER][PrintStacktrace][milvus_server] /lib64/libpthread.so.0(pause+0x2d) [0x7fd9c6e6bf5d]
[2021-01-07 11:38:23,918][INFO][SERVER][PrintStacktrace][milvus_server] /var/lib/milvus/bin/milvus_server() [0x428609]
[2021-01-07 11:38:23,918][INFO][SERVER][PrintStacktrace][milvus_server] /lib64/libc.so.6(__libc_start_main+0xf5) [0x7fd9c607c555]
[2021-01-07 11:38:23,918][INFO][SERVER][PrintStacktrace][milvus_server] /var/lib/milvus/bin/milvus_server() [0x432727]
[2021-01-07 11:38:26,392][INFO][SERVER][Stop][milvus_server] Scheduler gonna stop...
[2021-01-07 11:38:26,471][INFO][SERVER][Stop][milvus_server] Scheduler stopped
