[2020-12-28 12:28:36,119][INFO][SERVER][Check][milvus_server] InstanceLockCheck passed.
[2020-12-28 12:28:36,121][INFO][SERVER][Check][milvus_server] InstanceLockCheck passed.
[2020-12-28 12:28:36,122][INFO][SERVER][Start][milvus_server] Milvus Release version: v0.9.1, built at 2020-05-28 17:39.31
[2020-12-28 12:28:36,123][INFO][SERVER][Start][milvus_server] CPU edition
[2020-12-28 12:28:36,125][INFO][SERVER][CheckCpuInstructionSet][milvus_server] Supported CPU instruction sets: avx2, sse4_2
[2020-12-28 12:28:36,129][INFO][SERVER][LogConfigInFile][milvus_server] 

***************Config in file***************

version: 0.4
server_config:
  address: 0.0.0.0
  port: 19530
  deploy_mode: single
  time_zone: UTC+8
  web_enable: true
  web_port: 19121
db_config:
  backend_url: sqlite://:@:/
  preload_collection: ~
  auto_flush_interval: 1
storage_config:
  primary_path: /var/lib/milvus
  secondary_path: ~
  file_cleanup_timeout: 10
metric_config:
  enable_monitor: false
  address: 127.0.0.1
  port: 9091
cache_config:
  cpu_cache_capacity: 1
  insert_buffer_size: 1
  cache_insert_data: false
engine_config:
  use_blas_threshold: 1100
  gpu_search_threshold: 1000
gpu_resource_config:
  enable: false
  cache_capacity: 1
  search_resources:
    - gpu0
  build_index_resources:
    - gpu0
tracing_config:
  json_config_path: ~
wal_config:
  enable: true
  recovery_error_ignore: true
  buffer_size: 256
  wal_path: /var/lib/milvus/wal
logs:
  trace.enable: true
  debug.enable: true
  info.enable: true
  warning.enable: true
  error.enable: true
  fatal.enable: true
  path: /var/lib/milvus/logs
  max_log_file_size: 1024
  log_rotate_num: 0
[2020-12-28 12:28:36,130][INFO][SERVER][LogCpuInfo][milvus_server] 

***************CPU***************

processor	: 1
vendor_id	: GenuineIntel
cpu family	: 6
model		: 142
model name	: Intel(R) Core(TM) i5-8250U CPU @ 1.60GHz
stepping	: 10
microcode	: 0xffffffff
cpu MHz		: 1800.000
cache size	: 6144 KB
physical id	: 0
siblings	: 2
core id		: 0
cpu cores	: 1
apicid		: 1
initial apicid	: 1
fpu		: yes
fpu_exception	: yes
cpuid level	: 21
wp		: yes
flags		: fpu vme de pse tsc msr pae mce cx8 apic sep mtrr pge mca cmov pat pse36 clflush mmx fxsr sse sse2 ss ht syscall nx pdpe1gb rdtscp lm constant_tsc rep_good nopl xtopology cpuid pni pclmulqdq ssse3 fma cx16 pcid sse4_1 sse4_2 movbe popcnt aes xsave avx f16c rdrand hypervisor lahf_lm abm 3dnowprefetch invpcid_single ssbd ibrs ibpb stibp fsgsbase bmi1 avx2 smep bmi2 erms invpcid mpx rdseed adx smap clflushopt xsaveopt xsavec xgetbv1 xsaves flush_l1d arch_capabilities
bugs		: cpu_meltdown spectre_v1 spectre_v2 spec_store_bypass l1tf mds swapgs itlb_multihit
bogomips	: 3600.00
clflush size	: 64
cache_alignment	: 64
address sizes	: 39 bits physical, 48 bits virtual
power management:


[2020-12-28 12:28:36,131][INFO][SERVER][LogConfigInMem][milvus_server] 

***************Config in memory***************

{
   "cache_config": {
      "cache_insert_data": "false",
      "cpu_cache_capacity": "1",
      "cpu_cache_threshold": "0.7",
      "insert_buffer_size": "1"
   },
   "db_config": {
      "archive_days_threshold": "0",
      "archive_disk_threshold": "0",
      "auto_flush_interval": "1",
      "backend_url": "sqlite://:@:/",
      "preload_collection": ""
   },
   "engine_config": {
      "omp_thread_num": "0",
      "simd_type": "auto",
      "use_blas_threshold": "1100"
   },
   "logs": {
      "debug.enable": "true",
      "error.enable": "true",
      "fatal.enable": "true",
      "info.enable": "true",
      "log_rotate_num": "0",
      "max_log_file_size": "1024",
      "path": "/var/lib/milvus/logs",
      "trace.enable": "true",
      "warning.enable": "true"
   },
   "metric_config": {
      "address": "127.0.0.1",
      "enable_monitor": "false",
      "port": "9091"
   },
   "server_config": {
      "address": "0.0.0.0",
      "deploy_mode": "single",
      "port": "19530",
      "time_zone": "UTC+8",
      "web_enable": "true",
      "web_port": "19121"
   },
   "storage_config": {
      "primary_path": "/var/lib/milvus",
      "secondary_path": ""
   },
   "tracing_config": {
      "json_config_path": ""
   },
   "wal_config": {
      "buffer_size": "256",
      "enable": "true",
      "recovery_error_ignore": "true",
      "wal_path": "/var/lib/milvus/wal"
   }
}
[2020-12-28 12:28:36,133][INFO][ENGINE][Build][milvus_server] Using SQLite
[2020-12-28 12:28:37,587][INFO][WAL][CollectionFlushed][wal_thread]  is flushed by lsn 0
[2020-12-28 12:28:38,588][INFO][WAL][CollectionFlushed][wal_thread]  is flushed by lsn 0
[2020-12-28 12:28:39,589][INFO][WAL][CollectionFlushed][wal_thread]  is flushed by lsn 0
[2020-12-28 12:28:40,590][INFO][WAL][CollectionFlushed][wal_thread]  is flushed by lsn 0
[2020-12-28 12:28:41,591][INFO][WAL][CollectionFlushed][wal_thread]  is flushed by lsn 0
[2020-12-28 12:28:42,591][INFO][WAL][CollectionFlushed][wal_thread]  is flushed by lsn 0
[2020-12-28 12:28:43,592][INFO][WAL][CollectionFlushed][wal_thread]  is flushed by lsn 0
[2020-12-28 12:28:44,593][INFO][WAL][CollectionFlushed][wal_thread]  is flushed by lsn 0
[2020-12-28 12:28:45,594][INFO][WAL][CollectionFlushed][wal_thread]  is flushed by lsn 0
[2020-12-28 12:28:46,594][INFO][WAL][CollectionFlushed][wal_thread]  is flushed by lsn 0
[2020-12-28 12:28:47,595][INFO][WAL][CollectionFlushed][wal_thread]  is flushed by lsn 0
[2020-12-28 12:28:48,596][INFO][WAL][CollectionFlushed][wal_thread]  is flushed by lsn 0
[2020-12-28 12:28:49,597][INFO][WAL][CollectionFlushed][wal_thread]  is flushed by lsn 0
[2020-12-28 12:28:50,597][INFO][WAL][CollectionFlushed][wal_thread]  is flushed by lsn 0
[2020-12-28 12:28:51,599][INFO][WAL][CollectionFlushed][wal_thread]  is flushed by lsn 0
[2020-12-28 12:28:52,600][INFO][WAL][CollectionFlushed][wal_thread]  is flushed by lsn 0
[2020-12-28 12:28:53,601][INFO][WAL][CollectionFlushed][wal_thread]  is flushed by lsn 0
[2020-12-28 12:28:54,602][INFO][WAL][CollectionFlushed][wal_thread]  is flushed by lsn 0
[2020-12-28 12:28:55,603][INFO][WAL][CollectionFlushed][wal_thread]  is flushed by lsn 0
[2020-12-28 12:28:56,604][INFO][WAL][CollectionFlushed][wal_thread]  is flushed by lsn 0
[2020-12-28 12:28:57,604][INFO][WAL][CollectionFlushed][wal_thread]  is flushed by lsn 0
[2020-12-28 12:28:58,607][INFO][WAL][CollectionFlushed][wal_thread]  is flushed by lsn 0
[2020-12-28 12:28:59,607][INFO][WAL][CollectionFlushed][wal_thread]  is flushed by lsn 0
[2020-12-28 12:29:00,608][INFO][WAL][CollectionFlushed][wal_thread]  is flushed by lsn 0
[2020-12-28 12:29:01,609][INFO][WAL][CollectionFlushed][wal_thread]  is flushed by lsn 0
[2020-12-28 12:29:02,610][INFO][WAL][CollectionFlushed][wal_thread]  is flushed by lsn 0
[2020-12-28 12:29:03,611][INFO][WAL][CollectionFlushed][wal_thread]  is flushed by lsn 0
[2020-12-28 12:29:04,612][INFO][WAL][CollectionFlushed][wal_thread]  is flushed by lsn 0
[2020-12-28 12:29:05,612][INFO][WAL][CollectionFlushed][wal_thread]  is flushed by lsn 0
[2020-12-28 12:29:06,613][INFO][WAL][CollectionFlushed][wal_thread]  is flushed by lsn 0
