[2020-12-28 10:01:08,826][INFO][SERVER][Check][milvus_server] InstanceLockCheck passed.
[2020-12-28 10:01:08,827][INFO][SERVER][Check][milvus_server] InstanceLockCheck passed.
[2020-12-28 10:01:08,828][INFO][SERVER][Start][milvus_server] Milvus Release version: v0.9.1, built at 2020-05-28 17:39.31
[2020-12-28 10:01:08,828][INFO][SERVER][Start][milvus_server] CPU edition
[2020-12-28 10:01:08,831][INFO][SERVER][CheckCpuInstructionSet][milvus_server] Supported CPU instruction sets: avx2, sse4_2
[2020-12-28 10:01:08,834][INFO][SERVER][LogConfigInFile][milvus_server] 

***************Config in file***************

version: 0.4
server_config:
  address: 0.0.0.0
  port: 19530
  deploy_mode: single
  time_zone: UTC+8
  web_enable: true
  web_port: 19121
db_config:
  backend_url: sqlite://:@:/
  preload_collection: ~
  auto_flush_interval: 1
storage_config:
  primary_path: /var/lib/milvus
  secondary_path: ~
  file_cleanup_timeout: 10
metric_config:
  enable_monitor: false
  address: 127.0.0.1
  port: 9091
cache_config:
  cpu_cache_capacity: 1
  insert_buffer_size: 1
  cache_insert_data: false
engine_config:
  use_blas_threshold: 1100
  gpu_search_threshold: 1000
gpu_resource_config:
  enable: false
  cache_capacity: 1
  search_resources:
    - gpu0
  build_index_resources:
    - gpu0
tracing_config:
  json_config_path: ~
wal_config:
  enable: true
  recovery_error_ignore: true
  buffer_size: 256
  wal_path: /var/lib/milvus/wal
logs:
  trace.enable: true
  debug.enable: true
  info.enable: true
  warning.enable: true
  error.enable: true
  fatal.enable: true
  path: /var/lib/milvus/logs
  max_log_file_size: 1024
  log_rotate_num: 0
[2020-12-28 10:01:08,848][INFO][SERVER][LogCpuInfo][milvus_server] 

***************CPU***************

processor	: 1
vendor_id	: GenuineIntel
cpu family	: 6
model		: 142
model name	: Intel(R) Core(TM) i5-8250U CPU @ 1.60GHz
stepping	: 10
microcode	: 0xffffffff
cpu MHz		: 1800.000
cache size	: 6144 KB
physical id	: 0
siblings	: 2
core id		: 0
cpu cores	: 1
apicid		: 1
initial apicid	: 1
fpu		: yes
fpu_exception	: yes
cpuid level	: 21
wp		: yes
flags		: fpu vme de pse tsc msr pae mce cx8 apic sep mtrr pge mca cmov pat pse36 clflush mmx fxsr sse sse2 ss ht syscall nx pdpe1gb rdtscp lm constant_tsc rep_good nopl xtopology cpuid pni pclmulqdq ssse3 fma cx16 pcid sse4_1 sse4_2 movbe popcnt aes xsave avx f16c rdrand hypervisor lahf_lm abm 3dnowprefetch invpcid_single ssbd ibrs ibpb stibp fsgsbase bmi1 avx2 smep bmi2 erms invpcid mpx rdseed adx smap clflushopt xsaveopt xsavec xgetbv1 xsaves flush_l1d arch_capabilities
bugs		: cpu_meltdown spectre_v1 spectre_v2 spec_store_bypass l1tf mds swapgs itlb_multihit
bogomips	: 3600.00
clflush size	: 64
cache_alignment	: 64
address sizes	: 39 bits physical, 48 bits virtual
power management:


[2020-12-28 10:01:08,849][INFO][SERVER][LogConfigInMem][milvus_server] 

***************Config in memory***************

{
   "cache_config": {
      "cache_insert_data": "false",
      "cpu_cache_capacity": "1",
      "cpu_cache_threshold": "0.7",
      "insert_buffer_size": "1"
   },
   "db_config": {
      "archive_days_threshold": "0",
      "archive_disk_threshold": "0",
      "auto_flush_interval": "1",
      "backend_url": "sqlite://:@:/",
      "preload_collection": ""
   },
   "engine_config": {
      "omp_thread_num": "0",
      "simd_type": "auto",
      "use_blas_threshold": "1100"
   },
   "logs": {
      "debug.enable": "true",
      "error.enable": "true",
      "fatal.enable": "true",
      "info.enable": "true",
      "log_rotate_num": "0",
      "max_log_file_size": "1024",
      "path": "/var/lib/milvus/logs",
      "trace.enable": "true",
      "warning.enable": "true"
   },
   "metric_config": {
      "address": "127.0.0.1",
      "enable_monitor": "false",
      "port": "9091"
   },
   "server_config": {
      "address": "0.0.0.0",
      "deploy_mode": "single",
      "port": "19530",
      "time_zone": "UTC+8",
      "web_enable": "true",
      "web_port": "19121"
   },
   "storage_config": {
      "primary_path": "/var/lib/milvus",
      "secondary_path": ""
   },
   "tracing_config": {
      "json_config_path": ""
   },
   "wal_config": {
      "buffer_size": "256",
      "enable": "true",
      "recovery_error_ignore": "true",
      "wal_path": "/var/lib/milvus/wal"
   }
}
[2020-12-28 10:01:08,854][INFO][ENGINE][Build][milvus_server] Using SQLite
[2020-12-28 10:01:10,048][INFO][WAL][CollectionFlushed][wal_thread]  is flushed by lsn 0
[2020-12-28 10:01:11,049][INFO][WAL][CollectionFlushed][wal_thread]  is flushed by lsn 0
[2020-12-28 10:01:12,050][INFO][WAL][CollectionFlushed][wal_thread]  is flushed by lsn 0
[2020-12-28 10:01:13,050][INFO][WAL][CollectionFlushed][wal_thread]  is flushed by lsn 0
[2020-12-28 10:01:14,051][INFO][WAL][CollectionFlushed][wal_thread]  is flushed by lsn 0
[2020-12-28 10:01:15,052][INFO][WAL][CollectionFlushed][wal_thread]  is flushed by lsn 0
[2020-12-28 10:01:16,053][INFO][WAL][CollectionFlushed][wal_thread]  is flushed by lsn 0
[2020-12-28 10:01:17,054][INFO][WAL][CollectionFlushed][wal_thread]  is flushed by lsn 0
[2020-12-28 10:01:18,055][INFO][WAL][CollectionFlushed][wal_thread]  is flushed by lsn 0
[2020-12-28 10:01:19,056][INFO][WAL][CollectionFlushed][wal_thread]  is flushed by lsn 0
[2020-12-28 10:01:20,057][INFO][WAL][CollectionFlushed][wal_thread]  is flushed by lsn 0
[2020-12-28 10:01:21,058][INFO][WAL][CollectionFlushed][wal_thread]  is flushed by lsn 0
[2020-12-28 10:01:22,059][INFO][WAL][CollectionFlushed][wal_thread]  is flushed by lsn 0
[2020-12-28 10:01:23,060][INFO][WAL][CollectionFlushed][wal_thread]  is flushed by lsn 0
[2020-12-28 10:01:24,061][INFO][WAL][CollectionFlushed][wal_thread]  is flushed by lsn 0
[2020-12-28 10:01:25,062][INFO][WAL][CollectionFlushed][wal_thread]  is flushed by lsn 0
[2020-12-28 10:01:26,063][INFO][WAL][CollectionFlushed][wal_thread]  is flushed by lsn 0
[2020-12-28 10:01:27,064][INFO][WAL][CollectionFlushed][wal_thread]  is flushed by lsn 0
[2020-12-28 10:01:28,065][INFO][WAL][CollectionFlushed][wal_thread]  is flushed by lsn 0
[2020-12-28 10:01:29,066][INFO][WAL][CollectionFlushed][wal_thread]  is flushed by lsn 0
[2020-12-28 10:01:30,066][INFO][WAL][CollectionFlushed][wal_thread]  is flushed by lsn 0
[2020-12-28 10:01:31,067][INFO][WAL][CollectionFlushed][wal_thread]  is flushed by lsn 0
[2020-12-28 10:01:32,068][INFO][WAL][CollectionFlushed][wal_thread]  is flushed by lsn 0
[2020-12-28 10:01:33,069][INFO][WAL][CollectionFlushed][wal_thread]  is flushed by lsn 0
[2020-12-28 10:01:34,071][INFO][WAL][CollectionFlushed][wal_thread]  is flushed by lsn 0
[2020-12-28 10:01:35,074][INFO][WAL][CollectionFlushed][wal_thread]  is flushed by lsn 0
[2020-12-28 10:01:36,075][INFO][WAL][CollectionFlushed][wal_thread]  is flushed by lsn 0
[2020-12-28 10:01:37,076][INFO][WAL][CollectionFlushed][wal_thread]  is flushed by lsn 0
[2020-12-28 10:01:38,077][INFO][WAL][CollectionFlushed][wal_thread]  is flushed by lsn 0
[2020-12-28 10:01:39,078][INFO][WAL][CollectionFlushed][wal_thread]  is flushed by lsn 0
[2020-12-28 10:01:40,079][INFO][WAL][CollectionFlushed][wal_thread]  is flushed by lsn 0
[2020-12-28 10:01:41,080][INFO][WAL][CollectionFlushed][wal_thread]  is flushed by lsn 0
[2020-12-28 10:01:42,081][INFO][WAL][CollectionFlushed][wal_thread]  is flushed by lsn 0
[2020-12-28 10:01:43,082][INFO][WAL][CollectionFlushed][wal_thread]  is flushed by lsn 0
[2020-12-28 10:01:44,083][INFO][WAL][CollectionFlushed][wal_thread]  is flushed by lsn 0
[2020-12-28 10:01:45,084][INFO][WAL][CollectionFlushed][wal_thread]  is flushed by lsn 0
[2020-12-28 10:01:46,085][INFO][WAL][CollectionFlushed][wal_thread]  is flushed by lsn 0
[2020-12-28 10:01:47,086][INFO][WAL][CollectionFlushed][wal_thread]  is flushed by lsn 0
[2020-12-28 10:01:48,087][INFO][WAL][CollectionFlushed][wal_thread]  is flushed by lsn 0
[2020-12-28 10:01:49,088][INFO][WAL][CollectionFlushed][wal_thread]  is flushed by lsn 0
[2020-12-28 10:01:50,089][INFO][WAL][CollectionFlushed][wal_thread]  is flushed by lsn 0
[2020-12-28 10:01:51,090][INFO][WAL][CollectionFlushed][wal_thread]  is flushed by lsn 0
[2020-12-28 10:01:52,091][INFO][WAL][CollectionFlushed][wal_thread]  is flushed by lsn 0
[2020-12-28 10:01:53,138][INFO][WAL][CollectionFlushed][wal_thread]  is flushed by lsn 0
[2020-12-28 10:01:54,143][INFO][WAL][CollectionFlushed][wal_thread]  is flushed by lsn 0
[2020-12-28 10:01:55,145][INFO][WAL][CollectionFlushed][wal_thread]  is flushed by lsn 0
[2020-12-28 10:01:56,146][INFO][WAL][CollectionFlushed][wal_thread]  is flushed by lsn 0
[2020-12-28 10:01:57,149][INFO][WAL][CollectionFlushed][wal_thread]  is flushed by lsn 0
[2020-12-28 10:01:58,150][INFO][WAL][CollectionFlushed][wal_thread]  is flushed by lsn 0
[2020-12-28 10:01:59,158][INFO][WAL][CollectionFlushed][wal_thread]  is flushed by lsn 0
[2020-12-28 10:02:00,159][INFO][WAL][CollectionFlushed][wal_thread]  is flushed by lsn 0
[2020-12-28 10:02:01,163][INFO][WAL][CollectionFlushed][wal_thread]  is flushed by lsn 0
[2020-12-28 10:02:02,165][INFO][WAL][CollectionFlushed][wal_thread]  is flushed by lsn 0
[2020-12-28 10:02:03,170][INFO][WAL][CollectionFlushed][wal_thread]  is flushed by lsn 0
[2020-12-28 10:02:04,173][INFO][WAL][CollectionFlushed][wal_thread]  is flushed by lsn 0
[2020-12-28 10:02:05,174][INFO][WAL][CollectionFlushed][wal_thread]  is flushed by lsn 0
[2020-12-28 10:02:06,175][INFO][WAL][CollectionFlushed][wal_thread]  is flushed by lsn 0
[2020-12-28 10:02:07,176][INFO][WAL][CollectionFlushed][wal_thread]  is flushed by lsn 0
[2020-12-28 10:02:08,179][INFO][WAL][CollectionFlushed][wal_thread]  is flushed by lsn 0
[2020-12-28 10:02:09,181][INFO][WAL][CollectionFlushed][wal_thread]  is flushed by lsn 0
[2020-12-28 10:02:10,183][INFO][WAL][CollectionFlushed][wal_thread]  is flushed by lsn 0
[2020-12-28 10:02:11,184][INFO][WAL][CollectionFlushed][wal_thread]  is flushed by lsn 0
[2020-12-28 10:02:12,185][INFO][WAL][CollectionFlushed][wal_thread]  is flushed by lsn 0
[2020-12-28 10:02:13,188][INFO][WAL][CollectionFlushed][wal_thread]  is flushed by lsn 0
[2020-12-28 10:02:14,189][INFO][WAL][CollectionFlushed][wal_thread]  is flushed by lsn 0
[2020-12-28 10:02:15,190][INFO][WAL][CollectionFlushed][wal_thread]  is flushed by lsn 0
[2020-12-28 10:02:16,196][INFO][WAL][CollectionFlushed][wal_thread]  is flushed by lsn 0
[2020-12-28 10:02:17,197][INFO][WAL][CollectionFlushed][wal_thread]  is flushed by lsn 0
[2020-12-28 10:02:18,219][INFO][WAL][CollectionFlushed][wal_thread]  is flushed by lsn 0
[2020-12-28 10:02:19,221][INFO][WAL][CollectionFlushed][wal_thread]  is flushed by lsn 0
[2020-12-28 10:02:20,224][INFO][WAL][CollectionFlushed][wal_thread]  is flushed by lsn 0
[2020-12-28 10:02:21,230][INFO][WAL][CollectionFlushed][wal_thread]  is flushed by lsn 0
[2020-12-28 10:02:22,231][INFO][WAL][CollectionFlushed][wal_thread]  is flushed by lsn 0
[2020-12-28 10:02:23,238][INFO][WAL][CollectionFlushed][wal_thread]  is flushed by lsn 0
[2020-12-28 10:02:24,240][INFO][WAL][CollectionFlushed][wal_thread]  is flushed by lsn 0
[2020-12-28 10:02:25,241][INFO][WAL][CollectionFlushed][wal_thread]  is flushed by lsn 0
[2020-12-28 10:02:26,242][INFO][WAL][CollectionFlushed][wal_thread]  is flushed by lsn 0
[2020-12-28 10:02:27,243][INFO][WAL][CollectionFlushed][wal_thread]  is flushed by lsn 0
[2020-12-28 10:02:28,245][INFO][WAL][CollectionFlushed][wal_thread]  is flushed by lsn 0
[2020-12-28 10:02:29,246][INFO][WAL][CollectionFlushed][wal_thread]  is flushed by lsn 0
[2020-12-28 10:02:30,247][INFO][WAL][CollectionFlushed][wal_thread]  is flushed by lsn 0
[2020-12-28 10:02:31,250][INFO][WAL][CollectionFlushed][wal_thread]  is flushed by lsn 0
[2020-12-28 10:02:32,251][INFO][WAL][CollectionFlushed][wal_thread]  is flushed by lsn 0
[2020-12-28 10:02:33,253][INFO][WAL][CollectionFlushed][wal_thread]  is flushed by lsn 0
[2020-12-28 10:02:34,255][INFO][WAL][CollectionFlushed][wal_thread]  is flushed by lsn 0
[2020-12-28 10:02:35,280][INFO][WAL][CollectionFlushed][wal_thread]  is flushed by lsn 0
[2020-12-28 10:02:36,282][INFO][WAL][CollectionFlushed][wal_thread]  is flushed by lsn 0
[2020-12-28 10:02:37,284][INFO][WAL][CollectionFlushed][wal_thread]  is flushed by lsn 0
[2020-12-28 10:02:38,285][INFO][WAL][CollectionFlushed][wal_thread]  is flushed by lsn 0
[2020-12-28 10:02:39,286][INFO][WAL][CollectionFlushed][wal_thread]  is flushed by lsn 0
[2020-12-28 10:02:40,286][INFO][WAL][CollectionFlushed][wal_thread]  is flushed by lsn 0
[2020-12-28 10:02:41,288][INFO][WAL][CollectionFlushed][wal_thread]  is flushed by lsn 0
[2020-12-28 10:02:42,289][INFO][WAL][CollectionFlushed][wal_thread]  is flushed by lsn 0
[2020-12-28 10:02:43,291][INFO][WAL][CollectionFlushed][wal_thread]  is flushed by lsn 0
[2020-12-28 10:02:44,292][INFO][WAL][CollectionFlushed][wal_thread]  is flushed by lsn 0
[2020-12-28 10:02:45,293][INFO][WAL][CollectionFlushed][wal_thread]  is flushed by lsn 0
[2020-12-28 10:02:46,294][INFO][WAL][CollectionFlushed][wal_thread]  is flushed by lsn 0
[2020-12-28 10:02:47,295][INFO][WAL][CollectionFlushed][wal_thread]  is flushed by lsn 0
[2020-12-28 10:02:48,296][INFO][WAL][CollectionFlushed][wal_thread]  is flushed by lsn 0
[2020-12-28 10:02:49,297][INFO][WAL][CollectionFlushed][wal_thread]  is flushed by lsn 0
[2020-12-28 10:02:50,298][INFO][WAL][CollectionFlushed][wal_thread]  is flushed by lsn 0
[2020-12-28 10:02:51,300][INFO][WAL][CollectionFlushed][wal_thread]  is flushed by lsn 0
[2020-12-28 10:02:52,301][INFO][WAL][CollectionFlushed][wal_thread]  is flushed by lsn 0
[2020-12-28 10:02:53,303][INFO][WAL][CollectionFlushed][wal_thread]  is flushed by lsn 0
[2020-12-28 10:02:54,304][INFO][WAL][CollectionFlushed][wal_thread]  is flushed by lsn 0
[2020-12-28 10:02:55,306][INFO][WAL][CollectionFlushed][wal_thread]  is flushed by lsn 0
[2020-12-28 10:02:56,306][INFO][WAL][CollectionFlushed][wal_thread]  is flushed by lsn 0
[2020-12-28 10:02:57,307][INFO][WAL][CollectionFlushed][wal_thread]  is flushed by lsn 0
[2020-12-28 10:02:58,308][INFO][WAL][CollectionFlushed][wal_thread]  is flushed by lsn 0
[2020-12-28 10:02:59,309][INFO][WAL][CollectionFlushed][wal_thread]  is flushed by lsn 0
[2020-12-28 10:03:00,310][INFO][WAL][CollectionFlushed][wal_thread]  is flushed by lsn 0
[2020-12-28 10:03:01,311][INFO][WAL][CollectionFlushed][wal_thread]  is flushed by lsn 0
[2020-12-28 10:03:02,312][INFO][WAL][CollectionFlushed][wal_thread]  is flushed by lsn 0
[2020-12-28 10:03:03,313][INFO][WAL][CollectionFlushed][wal_thread]  is flushed by lsn 0
[2020-12-28 10:03:04,314][INFO][WAL][CollectionFlushed][wal_thread]  is flushed by lsn 0
[2020-12-28 10:03:05,315][INFO][WAL][CollectionFlushed][wal_thread]  is flushed by lsn 0
[2020-12-28 10:03:06,316][INFO][WAL][CollectionFlushed][wal_thread]  is flushed by lsn 0
[2020-12-28 10:03:07,318][INFO][WAL][CollectionFlushed][wal_thread]  is flushed by lsn 0
[2020-12-28 10:03:08,319][INFO][WAL][CollectionFlushed][wal_thread]  is flushed by lsn 0
[2020-12-28 10:03:09,321][INFO][WAL][CollectionFlushed][wal_thread]  is flushed by lsn 0
[2020-12-28 10:03:10,322][INFO][WAL][CollectionFlushed][wal_thread]  is flushed by lsn 0
[2020-12-28 10:03:11,323][INFO][WAL][CollectionFlushed][wal_thread]  is flushed by lsn 0
[2020-12-28 10:03:12,326][INFO][WAL][CollectionFlushed][wal_thread]  is flushed by lsn 0
[2020-12-28 10:03:13,327][INFO][WAL][CollectionFlushed][wal_thread]  is flushed by lsn 0
[2020-12-28 10:03:14,328][INFO][WAL][CollectionFlushed][wal_thread]  is flushed by lsn 0
[2020-12-28 10:03:15,329][INFO][WAL][CollectionFlushed][wal_thread]  is flushed by lsn 0
[2020-12-28 10:03:16,330][INFO][WAL][CollectionFlushed][wal_thread]  is flushed by lsn 0
[2020-12-28 10:03:17,331][INFO][WAL][CollectionFlushed][wal_thread]  is flushed by lsn 0
[2020-12-28 10:03:18,332][INFO][WAL][CollectionFlushed][wal_thread]  is flushed by lsn 0
[2020-12-28 10:03:19,335][INFO][WAL][CollectionFlushed][wal_thread]  is flushed by lsn 0
[2020-12-28 10:03:20,336][INFO][WAL][CollectionFlushed][wal_thread]  is flushed by lsn 0
[2020-12-28 10:03:21,337][INFO][WAL][CollectionFlushed][wal_thread]  is flushed by lsn 0
[2020-12-28 10:03:22,338][INFO][WAL][CollectionFlushed][wal_thread]  is flushed by lsn 0
[2020-12-28 10:03:23,339][INFO][WAL][CollectionFlushed][wal_thread]  is flushed by lsn 0
[2020-12-28 10:03:24,339][INFO][WAL][CollectionFlushed][wal_thread]  is flushed by lsn 0
[2020-12-28 10:03:25,340][INFO][WAL][CollectionFlushed][wal_thread]  is flushed by lsn 0
[2020-12-28 10:03:26,341][INFO][WAL][CollectionFlushed][wal_thread]  is flushed by lsn 0
[2020-12-28 10:03:27,342][INFO][WAL][CollectionFlushed][wal_thread]  is flushed by lsn 0
[2020-12-28 10:03:28,343][INFO][WAL][CollectionFlushed][wal_thread]  is flushed by lsn 0
[2020-12-28 10:03:29,344][INFO][WAL][CollectionFlushed][wal_thread]  is flushed by lsn 0
[2020-12-28 10:03:30,345][INFO][WAL][CollectionFlushed][wal_thread]  is flushed by lsn 0
[2020-12-28 10:03:31,346][INFO][WAL][CollectionFlushed][wal_thread]  is flushed by lsn 0
[2020-12-28 10:03:32,347][INFO][WAL][CollectionFlushed][wal_thread]  is flushed by lsn 0
[2020-12-28 10:03:33,347][INFO][WAL][CollectionFlushed][wal_thread]  is flushed by lsn 0
[2020-12-28 10:03:34,348][INFO][WAL][CollectionFlushed][wal_thread]  is flushed by lsn 0
[2020-12-28 10:03:35,352][INFO][WAL][CollectionFlushed][wal_thread]  is flushed by lsn 0
[2020-12-28 10:03:36,353][INFO][WAL][CollectionFlushed][wal_thread]  is flushed by lsn 0
[2020-12-28 10:03:37,354][INFO][WAL][CollectionFlushed][wal_thread]  is flushed by lsn 0
[2020-12-28 10:03:38,355][INFO][WAL][CollectionFlushed][wal_thread]  is flushed by lsn 0
[2020-12-28 10:03:39,357][INFO][WAL][CollectionFlushed][wal_thread]  is flushed by lsn 0
[2020-12-28 10:03:40,357][INFO][WAL][CollectionFlushed][wal_thread]  is flushed by lsn 0
[2020-12-28 10:03:41,358][INFO][WAL][CollectionFlushed][wal_thread]  is flushed by lsn 0
[2020-12-28 10:03:42,359][INFO][WAL][CollectionFlushed][wal_thread]  is flushed by lsn 0
[2020-12-28 10:03:43,360][INFO][WAL][CollectionFlushed][wal_thread]  is flushed by lsn 0
[2020-12-28 10:03:44,361][INFO][WAL][CollectionFlushed][wal_thread]  is flushed by lsn 0
[2020-12-28 10:03:45,362][INFO][WAL][CollectionFlushed][wal_thread]  is flushed by lsn 0
[2020-12-28 10:03:46,363][INFO][WAL][CollectionFlushed][wal_thread]  is flushed by lsn 0
[2020-12-28 10:03:47,364][INFO][WAL][CollectionFlushed][wal_thread]  is flushed by lsn 0
[2020-12-28 10:03:48,365][INFO][WAL][CollectionFlushed][wal_thread]  is flushed by lsn 0
[2020-12-28 10:03:49,365][INFO][WAL][CollectionFlushed][wal_thread]  is flushed by lsn 0
[2020-12-28 10:03:50,366][INFO][WAL][CollectionFlushed][wal_thread]  is flushed by lsn 0
[2020-12-28 10:03:51,367][INFO][WAL][CollectionFlushed][wal_thread]  is flushed by lsn 0
[2020-12-28 10:03:52,368][INFO][WAL][CollectionFlushed][wal_thread]  is flushed by lsn 0
[2020-12-28 10:03:53,369][INFO][WAL][CollectionFlushed][wal_thread]  is flushed by lsn 0
[2020-12-28 10:03:54,370][INFO][WAL][CollectionFlushed][wal_thread]  is flushed by lsn 0
[2020-12-28 10:03:55,371][INFO][WAL][CollectionFlushed][wal_thread]  is flushed by lsn 0
[2020-12-28 10:03:56,372][INFO][WAL][CollectionFlushed][wal_thread]  is flushed by lsn 0
[2020-12-28 10:03:57,373][INFO][WAL][CollectionFlushed][wal_thread]  is flushed by lsn 0
[2020-12-28 10:03:58,374][INFO][WAL][CollectionFlushed][wal_thread]  is flushed by lsn 0
[2020-12-28 10:03:59,375][INFO][WAL][CollectionFlushed][wal_thread]  is flushed by lsn 0
[2020-12-28 10:04:00,375][INFO][WAL][CollectionFlushed][wal_thread]  is flushed by lsn 0
[2020-12-28 10:04:01,376][INFO][WAL][CollectionFlushed][wal_thread]  is flushed by lsn 0
[2020-12-28 10:04:02,377][INFO][WAL][CollectionFlushed][wal_thread]  is flushed by lsn 0
[2020-12-28 10:04:03,378][INFO][WAL][CollectionFlushed][wal_thread]  is flushed by lsn 0
[2020-12-28 10:04:04,379][INFO][WAL][CollectionFlushed][wal_thread]  is flushed by lsn 0
[2020-12-28 10:04:05,380][INFO][WAL][CollectionFlushed][wal_thread]  is flushed by lsn 0
[2020-12-28 10:04:06,381][INFO][WAL][CollectionFlushed][wal_thread]  is flushed by lsn 0
[2020-12-28 10:04:07,381][INFO][WAL][CollectionFlushed][wal_thread]  is flushed by lsn 0
[2020-12-28 10:04:08,382][INFO][WAL][CollectionFlushed][wal_thread]  is flushed by lsn 0
[2020-12-28 10:04:09,383][INFO][WAL][CollectionFlushed][wal_thread]  is flushed by lsn 0
[2020-12-28 10:04:10,384][INFO][WAL][CollectionFlushed][wal_thread]  is flushed by lsn 0
[2020-12-28 10:04:11,385][INFO][WAL][CollectionFlushed][wal_thread]  is flushed by lsn 0
[2020-12-28 10:04:12,386][INFO][WAL][CollectionFlushed][wal_thread]  is flushed by lsn 0
[2020-12-28 10:04:13,387][INFO][WAL][CollectionFlushed][wal_thread]  is flushed by lsn 0
[2020-12-28 10:04:14,388][INFO][WAL][CollectionFlushed][wal_thread]  is flushed by lsn 0
[2020-12-28 10:04:15,389][INFO][WAL][CollectionFlushed][wal_thread]  is flushed by lsn 0
[2020-12-28 10:04:16,390][INFO][WAL][CollectionFlushed][wal_thread]  is flushed by lsn 0
[2020-12-28 10:04:17,391][INFO][WAL][CollectionFlushed][wal_thread]  is flushed by lsn 0
[2020-12-28 10:04:18,392][INFO][WAL][CollectionFlushed][wal_thread]  is flushed by lsn 0
[2020-12-28 10:04:19,394][INFO][WAL][CollectionFlushed][wal_thread]  is flushed by lsn 0
[2020-12-28 10:04:20,395][INFO][WAL][CollectionFlushed][wal_thread]  is flushed by lsn 0
[2020-12-28 10:04:21,396][INFO][WAL][CollectionFlushed][wal_thread]  is flushed by lsn 0
[2020-12-28 10:04:22,397][INFO][WAL][CollectionFlushed][wal_thread]  is flushed by lsn 0
[2020-12-28 10:04:23,398][INFO][WAL][CollectionFlushed][wal_thread]  is flushed by lsn 0
[2020-12-28 10:04:24,399][INFO][WAL][CollectionFlushed][wal_thread]  is flushed by lsn 0
[2020-12-28 10:04:25,400][INFO][WAL][CollectionFlushed][wal_thread]  is flushed by lsn 0
[2020-12-28 10:04:26,401][INFO][WAL][CollectionFlushed][wal_thread]  is flushed by lsn 0
[2020-12-28 10:04:27,402][INFO][WAL][CollectionFlushed][wal_thread]  is flushed by lsn 0
[2020-12-28 10:04:28,403][INFO][WAL][CollectionFlushed][wal_thread]  is flushed by lsn 0
[2020-12-28 10:04:29,404][INFO][WAL][CollectionFlushed][wal_thread]  is flushed by lsn 0
[2020-12-28 10:04:30,405][INFO][WAL][CollectionFlushed][wal_thread]  is flushed by lsn 0
[2020-12-28 10:04:31,406][INFO][WAL][CollectionFlushed][wal_thread]  is flushed by lsn 0
[2020-12-28 10:04:32,407][INFO][WAL][CollectionFlushed][wal_thread]  is flushed by lsn 0
[2020-12-28 10:04:33,408][INFO][WAL][CollectionFlushed][wal_thread]  is flushed by lsn 0
[2020-12-28 10:04:34,408][INFO][WAL][CollectionFlushed][wal_thread]  is flushed by lsn 0
[2020-12-28 10:04:35,409][INFO][WAL][CollectionFlushed][wal_thread]  is flushed by lsn 0
[2020-12-28 10:04:36,410][INFO][WAL][CollectionFlushed][wal_thread]  is flushed by lsn 0
[2020-12-28 10:04:37,411][INFO][WAL][CollectionFlushed][wal_thread]  is flushed by lsn 0
[2020-12-28 10:04:38,412][INFO][WAL][CollectionFlushed][wal_thread]  is flushed by lsn 0
[2020-12-28 10:04:39,413][INFO][WAL][CollectionFlushed][wal_thread]  is flushed by lsn 0
[2020-12-28 10:04:40,414][INFO][WAL][CollectionFlushed][wal_thread]  is flushed by lsn 0
[2020-12-28 10:04:41,415][INFO][WAL][CollectionFlushed][wal_thread]  is flushed by lsn 0
[2020-12-28 10:04:42,416][INFO][WAL][CollectionFlushed][wal_thread]  is flushed by lsn 0
[2020-12-28 10:04:43,417][INFO][WAL][CollectionFlushed][wal_thread]  is flushed by lsn 0
[2020-12-28 10:04:44,418][INFO][WAL][CollectionFlushed][wal_thread]  is flushed by lsn 0
[2020-12-28 10:04:45,419][INFO][WAL][CollectionFlushed][wal_thread]  is flushed by lsn 0
[2020-12-28 10:04:46,420][INFO][WAL][CollectionFlushed][wal_thread]  is flushed by lsn 0
[2020-12-28 10:04:47,421][INFO][WAL][CollectionFlushed][wal_thread]  is flushed by lsn 0
[2020-12-28 10:04:48,422][INFO][WAL][CollectionFlushed][wal_thread]  is flushed by lsn 0
[2020-12-28 10:04:49,423][INFO][WAL][CollectionFlushed][wal_thread]  is flushed by lsn 0
[2020-12-28 10:04:50,424][INFO][WAL][CollectionFlushed][wal_thread]  is flushed by lsn 0
[2020-12-28 10:04:51,425][INFO][WAL][CollectionFlushed][wal_thread]  is flushed by lsn 0
[2020-12-28 10:04:52,426][INFO][WAL][CollectionFlushed][wal_thread]  is flushed by lsn 0
[2020-12-28 10:04:53,427][INFO][WAL][CollectionFlushed][wal_thread]  is flushed by lsn 0
[2020-12-28 10:04:54,428][INFO][WAL][CollectionFlushed][wal_thread]  is flushed by lsn 0
[2020-12-28 10:04:55,429][INFO][WAL][CollectionFlushed][wal_thread]  is flushed by lsn 0
[2020-12-28 10:04:56,429][INFO][WAL][CollectionFlushed][wal_thread]  is flushed by lsn 0
[2020-12-28 10:04:57,430][INFO][WAL][CollectionFlushed][wal_thread]  is flushed by lsn 0
[2020-12-28 10:04:58,431][INFO][WAL][CollectionFlushed][wal_thread]  is flushed by lsn 0
[2020-12-28 10:04:59,432][INFO][WAL][CollectionFlushed][wal_thread]  is flushed by lsn 0
[2020-12-28 10:05:00,433][INFO][WAL][CollectionFlushed][wal_thread]  is flushed by lsn 0
[2020-12-28 10:05:01,434][INFO][WAL][CollectionFlushed][wal_thread]  is flushed by lsn 0
[2020-12-28 10:05:02,435][INFO][WAL][CollectionFlushed][wal_thread]  is flushed by lsn 0
[2020-12-28 10:05:03,436][INFO][WAL][CollectionFlushed][wal_thread]  is flushed by lsn 0
[2020-12-28 10:05:04,437][INFO][WAL][CollectionFlushed][wal_thread]  is flushed by lsn 0
[2020-12-28 10:05:05,437][INFO][WAL][CollectionFlushed][wal_thread]  is flushed by lsn 0
[2020-12-28 10:05:06,438][INFO][WAL][CollectionFlushed][wal_thread]  is flushed by lsn 0
[2020-12-28 10:05:07,439][INFO][WAL][CollectionFlushed][wal_thread]  is flushed by lsn 0
[2020-12-28 10:05:08,440][INFO][WAL][CollectionFlushed][wal_thread]  is flushed by lsn 0
[2020-12-28 10:05:09,441][INFO][WAL][CollectionFlushed][wal_thread]  is flushed by lsn 0
[2020-12-28 10:05:10,442][INFO][WAL][CollectionFlushed][wal_thread]  is flushed by lsn 0
[2020-12-28 10:05:11,443][INFO][WAL][CollectionFlushed][wal_thread]  is flushed by lsn 0
[2020-12-28 10:05:12,444][INFO][WAL][CollectionFlushed][wal_thread]  is flushed by lsn 0
[2020-12-28 10:05:13,445][INFO][WAL][CollectionFlushed][wal_thread]  is flushed by lsn 0
[2020-12-28 10:05:14,445][INFO][WAL][CollectionFlushed][wal_thread]  is flushed by lsn 0
[2020-12-28 10:05:15,446][INFO][WAL][CollectionFlushed][wal_thread]  is flushed by lsn 0
[2020-12-28 10:05:16,447][INFO][WAL][CollectionFlushed][wal_thread]  is flushed by lsn 0
[2020-12-28 10:05:17,448][INFO][WAL][CollectionFlushed][wal_thread]  is flushed by lsn 0
[2020-12-28 10:05:18,451][INFO][WAL][CollectionFlushed][wal_thread]  is flushed by lsn 0
[2020-12-28 10:05:19,452][INFO][WAL][CollectionFlushed][wal_thread]  is flushed by lsn 0
[2020-12-28 10:05:20,453][INFO][WAL][CollectionFlushed][wal_thread]  is flushed by lsn 0
[2020-12-28 10:05:21,453][INFO][WAL][CollectionFlushed][wal_thread]  is flushed by lsn 0
[2020-12-28 10:05:22,454][INFO][WAL][CollectionFlushed][wal_thread]  is flushed by lsn 0
[2020-12-28 10:05:23,455][INFO][WAL][CollectionFlushed][wal_thread]  is flushed by lsn 0
[2020-12-28 10:05:24,456][INFO][WAL][CollectionFlushed][wal_thread]  is flushed by lsn 0
[2020-12-28 10:05:25,457][INFO][WAL][CollectionFlushed][wal_thread]  is flushed by lsn 0
[2020-12-28 10:05:26,458][INFO][WAL][CollectionFlushed][wal_thread]  is flushed by lsn 0
[2020-12-28 10:05:27,459][INFO][WAL][CollectionFlushed][wal_thread]  is flushed by lsn 0
[2020-12-28 10:05:28,459][INFO][WAL][CollectionFlushed][wal_thread]  is flushed by lsn 0
[2020-12-28 10:05:29,460][INFO][WAL][CollectionFlushed][wal_thread]  is flushed by lsn 0
[2020-12-28 10:05:30,461][INFO][WAL][CollectionFlushed][wal_thread]  is flushed by lsn 0
[2020-12-28 10:05:31,462][INFO][WAL][CollectionFlushed][wal_thread]  is flushed by lsn 0
[2020-12-28 10:05:32,463][INFO][WAL][CollectionFlushed][wal_thread]  is flushed by lsn 0
[2020-12-28 10:05:33,464][INFO][WAL][CollectionFlushed][wal_thread]  is flushed by lsn 0
[2020-12-28 10:05:34,465][INFO][WAL][CollectionFlushed][wal_thread]  is flushed by lsn 0
[2020-12-28 10:05:35,468][INFO][WAL][CollectionFlushed][wal_thread]  is flushed by lsn 0
[2020-12-28 10:05:36,469][INFO][WAL][CollectionFlushed][wal_thread]  is flushed by lsn 0
[2020-12-28 10:05:37,469][INFO][WAL][CollectionFlushed][wal_thread]  is flushed by lsn 0
[2020-12-28 10:05:38,470][INFO][WAL][CollectionFlushed][wal_thread]  is flushed by lsn 0
[2020-12-28 10:05:39,471][INFO][WAL][CollectionFlushed][wal_thread]  is flushed by lsn 0
[2020-12-28 10:05:40,472][INFO][WAL][CollectionFlushed][wal_thread]  is flushed by lsn 0
[2020-12-28 10:05:41,473][INFO][WAL][CollectionFlushed][wal_thread]  is flushed by lsn 0
[2020-12-28 10:05:42,474][INFO][WAL][CollectionFlushed][wal_thread]  is flushed by lsn 0
[2020-12-28 10:05:43,475][INFO][WAL][CollectionFlushed][wal_thread]  is flushed by lsn 0
[2020-12-28 10:05:44,477][INFO][WAL][CollectionFlushed][wal_thread]  is flushed by lsn 0
[2020-12-28 10:05:45,478][INFO][WAL][CollectionFlushed][wal_thread]  is flushed by lsn 0
[2020-12-28 10:05:46,479][INFO][WAL][CollectionFlushed][wal_thread]  is flushed by lsn 0
[2020-12-28 10:05:47,480][INFO][WAL][CollectionFlushed][wal_thread]  is flushed by lsn 0
[2020-12-28 10:05:48,481][INFO][WAL][CollectionFlushed][wal_thread]  is flushed by lsn 0
[2020-12-28 10:05:49,481][INFO][WAL][CollectionFlushed][wal_thread]  is flushed by lsn 0
[2020-12-28 10:05:50,482][INFO][WAL][CollectionFlushed][wal_thread]  is flushed by lsn 0
[2020-12-28 10:05:51,483][INFO][WAL][CollectionFlushed][wal_thread]  is flushed by lsn 0
[2020-12-28 10:05:52,485][INFO][WAL][CollectionFlushed][wal_thread]  is flushed by lsn 0
[2020-12-28 10:05:53,486][INFO][WAL][CollectionFlushed][wal_thread]  is flushed by lsn 0
[2020-12-28 10:05:54,487][INFO][WAL][CollectionFlushed][wal_thread]  is flushed by lsn 0
[2020-12-28 10:05:55,487][INFO][WAL][CollectionFlushed][wal_thread]  is flushed by lsn 0
[2020-12-28 10:05:56,488][INFO][WAL][CollectionFlushed][wal_thread]  is flushed by lsn 0
[2020-12-28 10:05:57,489][INFO][WAL][CollectionFlushed][wal_thread]  is flushed by lsn 0
[2020-12-28 10:05:58,490][INFO][WAL][CollectionFlushed][wal_thread]  is flushed by lsn 0
[2020-12-28 10:05:59,491][INFO][WAL][CollectionFlushed][wal_thread]  is flushed by lsn 0
[2020-12-28 10:06:00,492][INFO][WAL][CollectionFlushed][wal_thread]  is flushed by lsn 0
[2020-12-28 10:06:01,492][INFO][WAL][CollectionFlushed][wal_thread]  is flushed by lsn 0
[2020-12-28 10:06:02,493][INFO][WAL][CollectionFlushed][wal_thread]  is flushed by lsn 0
[2020-12-28 10:06:03,494][INFO][WAL][CollectionFlushed][wal_thread]  is flushed by lsn 0
[2020-12-28 10:06:04,495][INFO][WAL][CollectionFlushed][wal_thread]  is flushed by lsn 0
[2020-12-28 10:06:05,496][INFO][WAL][CollectionFlushed][wal_thread]  is flushed by lsn 0
[2020-12-28 10:06:06,497][INFO][WAL][CollectionFlushed][wal_thread]  is flushed by lsn 0
[2020-12-28 10:06:07,498][INFO][WAL][CollectionFlushed][wal_thread]  is flushed by lsn 0
[2020-12-28 10:06:08,499][INFO][WAL][CollectionFlushed][wal_thread]  is flushed by lsn 0
[2020-12-28 10:06:09,500][INFO][WAL][CollectionFlushed][wal_thread]  is flushed by lsn 0
[2020-12-28 10:06:10,501][INFO][WAL][CollectionFlushed][wal_thread]  is flushed by lsn 0
[2020-12-28 10:06:11,502][INFO][WAL][CollectionFlushed][wal_thread]  is flushed by lsn 0
[2020-12-28 10:06:12,503][INFO][WAL][CollectionFlushed][wal_thread]  is flushed by lsn 0
[2020-12-28 10:06:13,504][INFO][WAL][CollectionFlushed][wal_thread]  is flushed by lsn 0
[2020-12-28 10:06:14,505][INFO][WAL][CollectionFlushed][wal_thread]  is flushed by lsn 0
[2020-12-28 10:06:15,506][INFO][WAL][CollectionFlushed][wal_thread]  is flushed by lsn 0
[2020-12-28 10:06:16,506][INFO][WAL][CollectionFlushed][wal_thread]  is flushed by lsn 0
[2020-12-28 10:06:17,507][INFO][WAL][CollectionFlushed][wal_thread]  is flushed by lsn 0
[2020-12-28 10:06:18,508][INFO][WAL][CollectionFlushed][wal_thread]  is flushed by lsn 0
[2020-12-28 10:06:19,509][INFO][WAL][CollectionFlushed][wal_thread]  is flushed by lsn 0
[2020-12-28 10:06:20,510][INFO][WAL][CollectionFlushed][wal_thread]  is flushed by lsn 0
[2020-12-28 10:06:21,511][INFO][WAL][CollectionFlushed][wal_thread]  is flushed by lsn 0
[2020-12-28 10:06:22,512][INFO][WAL][CollectionFlushed][wal_thread]  is flushed by lsn 0
[2020-12-28 10:06:23,513][INFO][WAL][CollectionFlushed][wal_thread]  is flushed by lsn 0
[2020-12-28 10:06:24,514][INFO][WAL][CollectionFlushed][wal_thread]  is flushed by lsn 0
[2020-12-28 10:06:25,515][INFO][WAL][CollectionFlushed][wal_thread]  is flushed by lsn 0
[2020-12-28 10:06:26,516][INFO][WAL][CollectionFlushed][wal_thread]  is flushed by lsn 0
[2020-12-28 10:06:27,517][INFO][WAL][CollectionFlushed][wal_thread]  is flushed by lsn 0
[2020-12-28 10:06:28,518][INFO][WAL][CollectionFlushed][wal_thread]  is flushed by lsn 0
[2020-12-28 10:06:29,534][INFO][WAL][CollectionFlushed][wal_thread]  is flushed by lsn 0
[2020-12-28 10:06:30,535][INFO][WAL][CollectionFlushed][wal_thread]  is flushed by lsn 0
[2020-12-28 10:06:31,536][INFO][WAL][CollectionFlushed][wal_thread]  is flushed by lsn 0
[2020-12-28 10:06:32,537][INFO][WAL][CollectionFlushed][wal_thread]  is flushed by lsn 0
[2020-12-28 10:06:33,538][INFO][WAL][CollectionFlushed][wal_thread]  is flushed by lsn 0
[2020-12-28 10:06:34,539][INFO][WAL][CollectionFlushed][wal_thread]  is flushed by lsn 0
[2020-12-28 10:06:35,540][INFO][WAL][CollectionFlushed][wal_thread]  is flushed by lsn 0
[2020-12-28 10:06:36,542][INFO][WAL][CollectionFlushed][wal_thread]  is flushed by lsn 0
[2020-12-28 10:06:37,543][INFO][WAL][CollectionFlushed][wal_thread]  is flushed by lsn 0
[2020-12-28 10:06:38,544][INFO][WAL][CollectionFlushed][wal_thread]  is flushed by lsn 0
[2020-12-28 10:06:39,545][INFO][WAL][CollectionFlushed][wal_thread]  is flushed by lsn 0
[2020-12-28 10:06:40,546][INFO][WAL][CollectionFlushed][wal_thread]  is flushed by lsn 0
[2020-12-28 10:06:41,547][INFO][WAL][CollectionFlushed][wal_thread]  is flushed by lsn 0
[2020-12-28 10:06:42,547][INFO][WAL][CollectionFlushed][wal_thread]  is flushed by lsn 0
[2020-12-28 10:06:43,548][INFO][WAL][CollectionFlushed][wal_thread]  is flushed by lsn 0
[2020-12-28 10:06:44,549][INFO][WAL][CollectionFlushed][wal_thread]  is flushed by lsn 0
[2020-12-28 10:06:45,550][INFO][WAL][CollectionFlushed][wal_thread]  is flushed by lsn 0
[2020-12-28 10:06:46,551][INFO][WAL][CollectionFlushed][wal_thread]  is flushed by lsn 0
[2020-12-28 10:06:47,552][INFO][WAL][CollectionFlushed][wal_thread]  is flushed by lsn 0
[2020-12-28 10:06:48,553][INFO][WAL][CollectionFlushed][wal_thread]  is flushed by lsn 0
[2020-12-28 10:06:49,554][INFO][WAL][CollectionFlushed][wal_thread]  is flushed by lsn 0
[2020-12-28 10:06:50,555][INFO][WAL][CollectionFlushed][wal_thread]  is flushed by lsn 0
[2020-12-28 10:06:51,556][INFO][WAL][CollectionFlushed][wal_thread]  is flushed by lsn 0
[2020-12-28 10:06:52,557][INFO][WAL][CollectionFlushed][wal_thread]  is flushed by lsn 0
[2020-12-28 10:06:53,558][INFO][WAL][CollectionFlushed][wal_thread]  is flushed by lsn 0
[2020-12-28 10:06:54,559][INFO][WAL][CollectionFlushed][wal_thread]  is flushed by lsn 0
[2020-12-28 10:06:55,560][INFO][WAL][CollectionFlushed][wal_thread]  is flushed by lsn 0
[2020-12-28 10:06:56,561][INFO][WAL][CollectionFlushed][wal_thread]  is flushed by lsn 0
[2020-12-28 10:06:57,561][INFO][WAL][CollectionFlushed][wal_thread]  is flushed by lsn 0
[2020-12-28 10:06:58,562][INFO][WAL][CollectionFlushed][wal_thread]  is flushed by lsn 0
[2020-12-28 10:06:59,563][INFO][WAL][CollectionFlushed][wal_thread]  is flushed by lsn 0
[2020-12-28 10:07:00,564][INFO][WAL][CollectionFlushed][wal_thread]  is flushed by lsn 0
[2020-12-28 10:07:01,565][INFO][WAL][CollectionFlushed][wal_thread]  is flushed by lsn 0
[2020-12-28 10:07:02,567][INFO][WAL][CollectionFlushed][wal_thread]  is flushed by lsn 0
[2020-12-28 10:07:03,568][INFO][WAL][CollectionFlushed][wal_thread]  is flushed by lsn 0
[2020-12-28 10:07:04,569][INFO][WAL][CollectionFlushed][wal_thread]  is flushed by lsn 0
[2020-12-28 10:07:05,570][INFO][WAL][CollectionFlushed][wal_thread]  is flushed by lsn 0
[2020-12-28 10:07:06,570][INFO][WAL][CollectionFlushed][wal_thread]  is flushed by lsn 0
[2020-12-28 10:07:07,571][INFO][WAL][CollectionFlushed][wal_thread]  is flushed by lsn 0
[2020-12-28 10:07:08,572][INFO][WAL][CollectionFlushed][wal_thread]  is flushed by lsn 0
[2020-12-28 10:07:09,573][INFO][WAL][CollectionFlushed][wal_thread]  is flushed by lsn 0
[2020-12-28 10:07:10,574][INFO][WAL][CollectionFlushed][wal_thread]  is flushed by lsn 0
[2020-12-28 10:07:11,575][INFO][WAL][CollectionFlushed][wal_thread]  is flushed by lsn 0
[2020-12-28 10:07:12,576][INFO][WAL][CollectionFlushed][wal_thread]  is flushed by lsn 0
[2020-12-28 10:07:13,577][INFO][WAL][CollectionFlushed][wal_thread]  is flushed by lsn 0
[2020-12-28 10:07:14,578][INFO][WAL][CollectionFlushed][wal_thread]  is flushed by lsn 0
[2020-12-28 10:07:15,579][INFO][WAL][CollectionFlushed][wal_thread]  is flushed by lsn 0
[2020-12-28 10:07:16,580][INFO][WAL][CollectionFlushed][wal_thread]  is flushed by lsn 0
[2020-12-28 10:07:17,581][INFO][WAL][CollectionFlushed][wal_thread]  is flushed by lsn 0
[2020-12-28 10:07:18,582][INFO][WAL][CollectionFlushed][wal_thread]  is flushed by lsn 0
[2020-12-28 10:07:19,583][INFO][WAL][CollectionFlushed][wal_thread]  is flushed by lsn 0
[2020-12-28 10:07:20,585][INFO][WAL][CollectionFlushed][wal_thread]  is flushed by lsn 0
[2020-12-28 10:07:21,586][INFO][WAL][CollectionFlushed][wal_thread]  is flushed by lsn 0
[2020-12-28 10:07:22,586][INFO][WAL][CollectionFlushed][wal_thread]  is flushed by lsn 0
[2020-12-28 10:07:23,587][INFO][WAL][CollectionFlushed][wal_thread]  is flushed by lsn 0
[2020-12-28 10:07:24,588][INFO][WAL][CollectionFlushed][wal_thread]  is flushed by lsn 0
[2020-12-28 10:07:25,589][INFO][WAL][CollectionFlushed][wal_thread]  is flushed by lsn 0
[2020-12-28 10:07:26,590][INFO][WAL][CollectionFlushed][wal_thread]  is flushed by lsn 0
[2020-12-28 10:07:27,591][INFO][WAL][CollectionFlushed][wal_thread]  is flushed by lsn 0
[2020-12-28 10:07:28,592][INFO][WAL][CollectionFlushed][wal_thread]  is flushed by lsn 0
[2020-12-28 10:07:29,593][INFO][WAL][CollectionFlushed][wal_thread]  is flushed by lsn 0
[2020-12-28 10:07:30,594][INFO][WAL][CollectionFlushed][wal_thread]  is flushed by lsn 0
[2020-12-28 10:07:31,595][INFO][WAL][CollectionFlushed][wal_thread]  is flushed by lsn 0
[2020-12-28 10:07:32,596][INFO][WAL][CollectionFlushed][wal_thread]  is flushed by lsn 0
[2020-12-28 10:07:33,597][INFO][WAL][CollectionFlushed][wal_thread]  is flushed by lsn 0
[2020-12-28 10:07:34,598][INFO][WAL][CollectionFlushed][wal_thread]  is flushed by lsn 0
[2020-12-28 10:07:35,601][INFO][WAL][CollectionFlushed][wal_thread]  is flushed by lsn 0
[2020-12-28 10:07:36,602][INFO][WAL][CollectionFlushed][wal_thread]  is flushed by lsn 0
[2020-12-28 10:07:37,602][INFO][WAL][CollectionFlushed][wal_thread]  is flushed by lsn 0
[2020-12-28 10:07:38,603][INFO][WAL][CollectionFlushed][wal_thread]  is flushed by lsn 0
[2020-12-28 10:07:39,604][INFO][WAL][CollectionFlushed][wal_thread]  is flushed by lsn 0
[2020-12-28 10:07:40,605][INFO][WAL][CollectionFlushed][wal_thread]  is flushed by lsn 0
[2020-12-28 10:07:41,606][INFO][WAL][CollectionFlushed][wal_thread]  is flushed by lsn 0
[2020-12-28 10:07:42,607][INFO][WAL][CollectionFlushed][wal_thread]  is flushed by lsn 0
[2020-12-28 10:07:43,607][INFO][WAL][CollectionFlushed][wal_thread]  is flushed by lsn 0
[2020-12-28 10:07:44,608][INFO][WAL][CollectionFlushed][wal_thread]  is flushed by lsn 0
[2020-12-28 10:07:45,609][INFO][WAL][CollectionFlushed][wal_thread]  is flushed by lsn 0
[2020-12-28 10:07:46,610][INFO][WAL][CollectionFlushed][wal_thread]  is flushed by lsn 0
[2020-12-28 10:07:47,611][INFO][WAL][CollectionFlushed][wal_thread]  is flushed by lsn 0
[2020-12-28 10:07:48,612][INFO][WAL][CollectionFlushed][wal_thread]  is flushed by lsn 0
[2020-12-28 10:07:49,613][INFO][WAL][CollectionFlushed][wal_thread]  is flushed by lsn 0
[2020-12-28 10:07:50,614][INFO][WAL][CollectionFlushed][wal_thread]  is flushed by lsn 0
[2020-12-28 10:07:51,615][INFO][WAL][CollectionFlushed][wal_thread]  is flushed by lsn 0
[2020-12-28 10:07:52,615][INFO][WAL][CollectionFlushed][wal_thread]  is flushed by lsn 0
[2020-12-28 10:07:53,616][INFO][WAL][CollectionFlushed][wal_thread]  is flushed by lsn 0
[2020-12-28 10:07:54,617][INFO][WAL][CollectionFlushed][wal_thread]  is flushed by lsn 0
[2020-12-28 10:07:55,618][INFO][WAL][CollectionFlushed][wal_thread]  is flushed by lsn 0
[2020-12-28 10:07:56,619][INFO][WAL][CollectionFlushed][wal_thread]  is flushed by lsn 0
[2020-12-28 10:07:57,620][INFO][WAL][CollectionFlushed][wal_thread]  is flushed by lsn 0
[2020-12-28 10:07:58,621][INFO][WAL][CollectionFlushed][wal_thread]  is flushed by lsn 0
[2020-12-28 10:07:59,621][INFO][WAL][CollectionFlushed][wal_thread]  is flushed by lsn 0
[2020-12-28 10:08:00,622][INFO][WAL][CollectionFlushed][wal_thread]  is flushed by lsn 0
[2020-12-28 10:08:01,623][INFO][WAL][CollectionFlushed][wal_thread]  is flushed by lsn 0
[2020-12-28 10:08:02,624][INFO][WAL][CollectionFlushed][wal_thread]  is flushed by lsn 0
[2020-12-28 10:08:03,625][INFO][WAL][CollectionFlushed][wal_thread]  is flushed by lsn 0
[2020-12-28 10:08:04,626][INFO][WAL][CollectionFlushed][wal_thread]  is flushed by lsn 0
[2020-12-28 10:08:05,627][INFO][WAL][CollectionFlushed][wal_thread]  is flushed by lsn 0
[2020-12-28 10:08:06,627][INFO][WAL][CollectionFlushed][wal_thread]  is flushed by lsn 0
[2020-12-28 10:08:07,628][INFO][WAL][CollectionFlushed][wal_thread]  is flushed by lsn 0
[2020-12-28 10:08:08,629][INFO][WAL][CollectionFlushed][wal_thread]  is flushed by lsn 0
[2020-12-28 10:08:09,630][INFO][WAL][CollectionFlushed][wal_thread]  is flushed by lsn 0
[2020-12-28 10:08:10,631][INFO][WAL][CollectionFlushed][wal_thread]  is flushed by lsn 0
[2020-12-28 10:08:11,631][INFO][WAL][CollectionFlushed][wal_thread]  is flushed by lsn 0
[2020-12-28 10:08:12,635][INFO][WAL][CollectionFlushed][wal_thread]  is flushed by lsn 0
[2020-12-28 10:08:13,636][INFO][WAL][CollectionFlushed][wal_thread]  is flushed by lsn 0
[2020-12-28 10:08:14,637][INFO][WAL][CollectionFlushed][wal_thread]  is flushed by lsn 0
[2020-12-28 10:08:15,637][INFO][WAL][CollectionFlushed][wal_thread]  is flushed by lsn 0
[2020-12-28 10:08:16,638][INFO][WAL][CollectionFlushed][wal_thread]  is flushed by lsn 0
[2020-12-28 10:08:17,639][INFO][WAL][CollectionFlushed][wal_thread]  is flushed by lsn 0
[2020-12-28 10:08:18,640][INFO][WAL][CollectionFlushed][wal_thread]  is flushed by lsn 0
[2020-12-28 10:08:19,641][INFO][WAL][CollectionFlushed][wal_thread]  is flushed by lsn 0
[2020-12-28 10:08:20,642][INFO][WAL][CollectionFlushed][wal_thread]  is flushed by lsn 0
[2020-12-28 10:08:21,642][INFO][WAL][CollectionFlushed][wal_thread]  is flushed by lsn 0
[2020-12-28 10:08:22,643][INFO][WAL][CollectionFlushed][wal_thread]  is flushed by lsn 0
[2020-12-28 10:08:23,644][INFO][WAL][CollectionFlushed][wal_thread]  is flushed by lsn 0
[2020-12-28 10:08:24,645][INFO][WAL][CollectionFlushed][wal_thread]  is flushed by lsn 0
[2020-12-28 10:08:25,646][INFO][WAL][CollectionFlushed][wal_thread]  is flushed by lsn 0
[2020-12-28 10:08:26,647][INFO][WAL][CollectionFlushed][wal_thread]  is flushed by lsn 0
[2020-12-28 10:08:27,648][INFO][WAL][CollectionFlushed][wal_thread]  is flushed by lsn 0
[2020-12-28 10:08:28,649][INFO][WAL][CollectionFlushed][wal_thread]  is flushed by lsn 0
[2020-12-28 10:08:29,650][INFO][WAL][CollectionFlushed][wal_thread]  is flushed by lsn 0
[2020-12-28 10:08:30,651][INFO][WAL][CollectionFlushed][wal_thread]  is flushed by lsn 0
[2020-12-28 10:08:31,652][INFO][WAL][CollectionFlushed][wal_thread]  is flushed by lsn 0
[2020-12-28 10:08:32,664][INFO][WAL][CollectionFlushed][wal_thread]  is flushed by lsn 0
[2020-12-28 10:08:33,665][INFO][WAL][CollectionFlushed][wal_thread]  is flushed by lsn 0
[2020-12-28 10:08:34,666][INFO][WAL][CollectionFlushed][wal_thread]  is flushed by lsn 0
[2020-12-28 10:08:35,667][INFO][WAL][CollectionFlushed][wal_thread]  is flushed by lsn 0
[2020-12-28 10:08:36,668][INFO][WAL][CollectionFlushed][wal_thread]  is flushed by lsn 0
[2020-12-28 10:08:37,669][INFO][WAL][CollectionFlushed][wal_thread]  is flushed by lsn 0
[2020-12-28 10:08:38,670][INFO][WAL][CollectionFlushed][wal_thread]  is flushed by lsn 0
[2020-12-28 10:08:39,671][INFO][WAL][CollectionFlushed][wal_thread]  is flushed by lsn 0
[2020-12-28 10:08:40,672][INFO][WAL][CollectionFlushed][wal_thread]  is flushed by lsn 0
[2020-12-28 10:08:41,673][INFO][WAL][CollectionFlushed][wal_thread]  is flushed by lsn 0
[2020-12-28 10:08:42,673][INFO][WAL][CollectionFlushed][wal_thread]  is flushed by lsn 0
[2020-12-28 10:08:43,674][INFO][WAL][CollectionFlushed][wal_thread]  is flushed by lsn 0
[2020-12-28 10:08:44,675][INFO][WAL][CollectionFlushed][wal_thread]  is flushed by lsn 0
[2020-12-28 10:08:45,676][INFO][WAL][CollectionFlushed][wal_thread]  is flushed by lsn 0
[2020-12-28 10:08:46,677][INFO][WAL][CollectionFlushed][wal_thread]  is flushed by lsn 0
[2020-12-28 10:08:47,678][INFO][WAL][CollectionFlushed][wal_thread]  is flushed by lsn 0
[2020-12-28 10:08:48,679][INFO][WAL][CollectionFlushed][wal_thread]  is flushed by lsn 0
[2020-12-28 10:08:49,692][INFO][WAL][CollectionFlushed][wal_thread]  is flushed by lsn 0
[2020-12-28 10:08:50,693][INFO][WAL][CollectionFlushed][wal_thread]  is flushed by lsn 0
[2020-12-28 10:08:51,693][INFO][WAL][CollectionFlushed][wal_thread]  is flushed by lsn 0
[2020-12-28 10:08:52,694][INFO][WAL][CollectionFlushed][wal_thread]  is flushed by lsn 0
[2020-12-28 10:08:53,695][INFO][WAL][CollectionFlushed][wal_thread]  is flushed by lsn 0
[2020-12-28 10:08:54,696][INFO][WAL][CollectionFlushed][wal_thread]  is flushed by lsn 0
[2020-12-28 10:08:55,697][INFO][WAL][CollectionFlushed][wal_thread]  is flushed by lsn 0
[2020-12-28 10:08:56,698][INFO][WAL][CollectionFlushed][wal_thread]  is flushed by lsn 0
[2020-12-28 10:08:57,699][INFO][WAL][CollectionFlushed][wal_thread]  is flushed by lsn 0
[2020-12-28 10:08:58,700][INFO][WAL][CollectionFlushed][wal_thread]  is flushed by lsn 0
[2020-12-28 10:08:59,701][INFO][WAL][CollectionFlushed][wal_thread]  is flushed by lsn 0
[2020-12-28 10:09:00,702][INFO][WAL][CollectionFlushed][wal_thread]  is flushed by lsn 0
[2020-12-28 10:09:01,703][INFO][WAL][CollectionFlushed][wal_thread]  is flushed by lsn 0
[2020-12-28 10:09:02,704][INFO][WAL][CollectionFlushed][wal_thread]  is flushed by lsn 0
[2020-12-28 10:09:03,704][INFO][WAL][CollectionFlushed][wal_thread]  is flushed by lsn 0
[2020-12-28 10:09:04,705][INFO][WAL][CollectionFlushed][wal_thread]  is flushed by lsn 0
[2020-12-28 10:09:05,706][INFO][WAL][CollectionFlushed][wal_thread]  is flushed by lsn 0
[2020-12-28 10:09:06,707][INFO][WAL][CollectionFlushed][wal_thread]  is flushed by lsn 0
[2020-12-28 10:09:07,708][INFO][WAL][CollectionFlushed][wal_thread]  is flushed by lsn 0
[2020-12-28 10:09:08,709][INFO][WAL][CollectionFlushed][wal_thread]  is flushed by lsn 0
[2020-12-28 10:09:09,710][INFO][WAL][CollectionFlushed][wal_thread]  is flushed by lsn 0
[2020-12-28 10:09:10,711][INFO][WAL][CollectionFlushed][wal_thread]  is flushed by lsn 0
[2020-12-28 10:09:11,712][INFO][WAL][CollectionFlushed][wal_thread]  is flushed by lsn 0
[2020-12-28 10:09:12,713][INFO][WAL][CollectionFlushed][wal_thread]  is flushed by lsn 0
[2020-12-28 10:09:13,714][INFO][WAL][CollectionFlushed][wal_thread]  is flushed by lsn 0
[2020-12-28 10:09:14,715][INFO][WAL][CollectionFlushed][wal_thread]  is flushed by lsn 0
[2020-12-28 10:09:15,715][INFO][WAL][CollectionFlushed][wal_thread]  is flushed by lsn 0
[2020-12-28 10:09:16,716][INFO][WAL][CollectionFlushed][wal_thread]  is flushed by lsn 0
[2020-12-28 10:09:17,717][INFO][WAL][CollectionFlushed][wal_thread]  is flushed by lsn 0
[2020-12-28 10:09:18,720][INFO][WAL][CollectionFlushed][wal_thread]  is flushed by lsn 0
[2020-12-28 10:09:19,721][INFO][WAL][CollectionFlushed][wal_thread]  is flushed by lsn 0
[2020-12-28 10:09:20,722][INFO][WAL][CollectionFlushed][wal_thread]  is flushed by lsn 0
[2020-12-28 10:09:21,723][INFO][WAL][CollectionFlushed][wal_thread]  is flushed by lsn 0
[2020-12-28 10:09:22,724][INFO][WAL][CollectionFlushed][wal_thread]  is flushed by lsn 0
[2020-12-28 10:09:23,724][INFO][WAL][CollectionFlushed][wal_thread]  is flushed by lsn 0
[2020-12-28 10:09:24,725][INFO][WAL][CollectionFlushed][wal_thread]  is flushed by lsn 0
[2020-12-28 10:09:25,726][INFO][WAL][CollectionFlushed][wal_thread]  is flushed by lsn 0
[2020-12-28 10:09:26,727][INFO][WAL][CollectionFlushed][wal_thread]  is flushed by lsn 0
[2020-12-28 10:09:27,728][INFO][WAL][CollectionFlushed][wal_thread]  is flushed by lsn 0
[2020-12-28 10:09:28,729][INFO][WAL][CollectionFlushed][wal_thread]  is flushed by lsn 0
[2020-12-28 10:09:29,730][INFO][WAL][CollectionFlushed][wal_thread]  is flushed by lsn 0
[2020-12-28 10:09:30,731][INFO][WAL][CollectionFlushed][wal_thread]  is flushed by lsn 0
[2020-12-28 10:09:31,731][INFO][WAL][CollectionFlushed][wal_thread]  is flushed by lsn 0
[2020-12-28 10:09:32,732][INFO][WAL][CollectionFlushed][wal_thread]  is flushed by lsn 0
[2020-12-28 10:09:33,733][INFO][WAL][CollectionFlushed][wal_thread]  is flushed by lsn 0
[2020-12-28 10:09:34,734][INFO][WAL][CollectionFlushed][wal_thread]  is flushed by lsn 0
[2020-12-28 10:09:35,737][INFO][WAL][CollectionFlushed][wal_thread]  is flushed by lsn 0
[2020-12-28 10:09:36,738][INFO][WAL][CollectionFlushed][wal_thread]  is flushed by lsn 0
[2020-12-28 10:09:37,739][INFO][WAL][CollectionFlushed][wal_thread]  is flushed by lsn 0
[2020-12-28 10:09:38,740][INFO][WAL][CollectionFlushed][wal_thread]  is flushed by lsn 0
[2020-12-28 10:09:39,741][INFO][WAL][CollectionFlushed][wal_thread]  is flushed by lsn 0
[2020-12-28 10:09:40,742][INFO][WAL][CollectionFlushed][wal_thread]  is flushed by lsn 0
[2020-12-28 10:09:41,743][INFO][WAL][CollectionFlushed][wal_thread]  is flushed by lsn 0
[2020-12-28 10:09:42,744][INFO][WAL][CollectionFlushed][wal_thread]  is flushed by lsn 0
[2020-12-28 10:09:43,745][INFO][WAL][CollectionFlushed][wal_thread]  is flushed by lsn 0
[2020-12-28 10:09:44,746][INFO][WAL][CollectionFlushed][wal_thread]  is flushed by lsn 0
[2020-12-28 10:09:45,747][INFO][WAL][CollectionFlushed][wal_thread]  is flushed by lsn 0
[2020-12-28 10:09:46,748][INFO][WAL][CollectionFlushed][wal_thread]  is flushed by lsn 0
[2020-12-28 10:09:47,748][INFO][WAL][CollectionFlushed][wal_thread]  is flushed by lsn 0
[2020-12-28 10:09:48,749][INFO][WAL][CollectionFlushed][wal_thread]  is flushed by lsn 0
[2020-12-28 10:09:49,750][INFO][WAL][CollectionFlushed][wal_thread]  is flushed by lsn 0
[2020-12-28 10:09:50,751][INFO][WAL][CollectionFlushed][wal_thread]  is flushed by lsn 0
[2020-12-28 10:09:51,752][INFO][WAL][CollectionFlushed][wal_thread]  is flushed by lsn 0
[2020-12-28 10:09:52,753][INFO][WAL][CollectionFlushed][wal_thread]  is flushed by lsn 0
[2020-12-28 10:09:53,754][INFO][WAL][CollectionFlushed][wal_thread]  is flushed by lsn 0
[2020-12-28 10:09:54,755][INFO][WAL][CollectionFlushed][wal_thread]  is flushed by lsn 0
[2020-12-28 10:09:55,756][INFO][WAL][CollectionFlushed][wal_thread]  is flushed by lsn 0
[2020-12-28 10:09:56,757][INFO][WAL][CollectionFlushed][wal_thread]  is flushed by lsn 0
[2020-12-28 10:09:57,758][INFO][WAL][CollectionFlushed][wal_thread]  is flushed by lsn 0
[2020-12-28 10:09:58,759][INFO][WAL][CollectionFlushed][wal_thread]  is flushed by lsn 0
[2020-12-28 10:09:59,760][INFO][WAL][CollectionFlushed][wal_thread]  is flushed by lsn 0
[2020-12-28 10:10:00,761][INFO][WAL][CollectionFlushed][wal_thread]  is flushed by lsn 0
[2020-12-28 10:10:01,762][INFO][WAL][CollectionFlushed][wal_thread]  is flushed by lsn 0
[2020-12-28 10:10:02,763][INFO][WAL][CollectionFlushed][wal_thread]  is flushed by lsn 0
[2020-12-28 10:10:03,764][INFO][WAL][CollectionFlushed][wal_thread]  is flushed by lsn 0
[2020-12-28 10:10:04,765][INFO][WAL][CollectionFlushed][wal_thread]  is flushed by lsn 0
[2020-12-28 10:10:05,766][INFO][WAL][CollectionFlushed][wal_thread]  is flushed by lsn 0
[2020-12-28 10:10:06,767][INFO][WAL][CollectionFlushed][wal_thread]  is flushed by lsn 0
[2020-12-28 10:10:07,768][INFO][WAL][CollectionFlushed][wal_thread]  is flushed by lsn 0
[2020-12-28 10:10:08,769][INFO][WAL][CollectionFlushed][wal_thread]  is flushed by lsn 0
[2020-12-28 10:10:09,770][INFO][WAL][CollectionFlushed][wal_thread]  is flushed by lsn 0
[2020-12-28 10:10:10,771][INFO][WAL][CollectionFlushed][wal_thread]  is flushed by lsn 0
[2020-12-28 10:10:11,771][INFO][WAL][CollectionFlushed][wal_thread]  is flushed by lsn 0
[2020-12-28 10:10:12,772][INFO][WAL][CollectionFlushed][wal_thread]  is flushed by lsn 0
[2020-12-28 10:10:13,773][INFO][WAL][CollectionFlushed][wal_thread]  is flushed by lsn 0
[2020-12-28 10:10:14,774][INFO][WAL][CollectionFlushed][wal_thread]  is flushed by lsn 0
[2020-12-28 10:10:15,775][INFO][WAL][CollectionFlushed][wal_thread]  is flushed by lsn 0
[2020-12-28 10:10:16,776][INFO][WAL][CollectionFlushed][wal_thread]  is flushed by lsn 0
[2020-12-28 10:10:17,777][INFO][WAL][CollectionFlushed][wal_thread]  is flushed by lsn 0
[2020-12-28 10:10:18,778][INFO][WAL][CollectionFlushed][wal_thread]  is flushed by lsn 0
[2020-12-28 10:10:19,778][INFO][WAL][CollectionFlushed][wal_thread]  is flushed by lsn 0
[2020-12-28 10:10:20,779][INFO][WAL][CollectionFlushed][wal_thread]  is flushed by lsn 0
[2020-12-28 10:10:21,780][INFO][WAL][CollectionFlushed][wal_thread]  is flushed by lsn 0
[2020-12-28 10:10:22,781][INFO][WAL][CollectionFlushed][wal_thread]  is flushed by lsn 0
[2020-12-28 10:10:23,782][INFO][WAL][CollectionFlushed][wal_thread]  is flushed by lsn 0
[2020-12-28 10:10:24,783][INFO][WAL][CollectionFlushed][wal_thread]  is flushed by lsn 0
[2020-12-28 10:10:25,784][INFO][WAL][CollectionFlushed][wal_thread]  is flushed by lsn 0
[2020-12-28 10:10:26,785][INFO][WAL][CollectionFlushed][wal_thread]  is flushed by lsn 0
[2020-12-28 10:10:27,786][INFO][WAL][CollectionFlushed][wal_thread]  is flushed by lsn 0
[2020-12-28 10:10:28,786][INFO][WAL][CollectionFlushed][wal_thread]  is flushed by lsn 0
[2020-12-28 10:10:29,787][INFO][WAL][CollectionFlushed][wal_thread]  is flushed by lsn 0
[2020-12-28 10:10:30,788][INFO][WAL][CollectionFlushed][wal_thread]  is flushed by lsn 0
[2020-12-28 10:10:31,789][INFO][WAL][CollectionFlushed][wal_thread]  is flushed by lsn 0
[2020-12-28 10:10:32,790][INFO][WAL][CollectionFlushed][wal_thread]  is flushed by lsn 0
[2020-12-28 10:10:33,791][INFO][WAL][CollectionFlushed][wal_thread]  is flushed by lsn 0
[2020-12-28 10:10:34,792][INFO][WAL][CollectionFlushed][wal_thread]  is flushed by lsn 0
[2020-12-28 10:10:35,793][INFO][WAL][CollectionFlushed][wal_thread]  is flushed by lsn 0
[2020-12-28 10:10:36,793][INFO][WAL][CollectionFlushed][wal_thread]  is flushed by lsn 0
[2020-12-28 10:10:37,794][INFO][WAL][CollectionFlushed][wal_thread]  is flushed by lsn 0
[2020-12-28 10:10:38,795][INFO][WAL][CollectionFlushed][wal_thread]  is flushed by lsn 0
[2020-12-28 10:10:39,796][INFO][WAL][CollectionFlushed][wal_thread]  is flushed by lsn 0
[2020-12-28 10:10:40,797][INFO][WAL][CollectionFlushed][wal_thread]  is flushed by lsn 0
[2020-12-28 10:10:41,798][INFO][WAL][CollectionFlushed][wal_thread]  is flushed by lsn 0
[2020-12-28 10:10:42,799][INFO][WAL][CollectionFlushed][wal_thread]  is flushed by lsn 0
[2020-12-28 10:10:43,800][INFO][WAL][CollectionFlushed][wal_thread]  is flushed by lsn 0
[2020-12-28 10:10:44,801][INFO][WAL][CollectionFlushed][wal_thread]  is flushed by lsn 0
[2020-12-28 10:10:45,802][INFO][WAL][CollectionFlushed][wal_thread]  is flushed by lsn 0
[2020-12-28 10:10:46,803][INFO][WAL][CollectionFlushed][wal_thread]  is flushed by lsn 0
[2020-12-28 10:10:47,804][INFO][WAL][CollectionFlushed][wal_thread]  is flushed by lsn 0
[2020-12-28 10:10:48,805][INFO][WAL][CollectionFlushed][wal_thread]  is flushed by lsn 0
[2020-12-28 10:10:49,806][INFO][WAL][CollectionFlushed][wal_thread]  is flushed by lsn 0
[2020-12-28 10:10:50,807][INFO][WAL][CollectionFlushed][wal_thread]  is flushed by lsn 0
[2020-12-28 10:10:51,808][INFO][WAL][CollectionFlushed][wal_thread]  is flushed by lsn 0
[2020-12-28 10:10:52,808][INFO][WAL][CollectionFlushed][wal_thread]  is flushed by lsn 0
[2020-12-28 10:10:53,809][INFO][WAL][CollectionFlushed][wal_thread]  is flushed by lsn 0
[2020-12-28 10:10:54,810][INFO][WAL][CollectionFlushed][wal_thread]  is flushed by lsn 0
[2020-12-28 10:10:55,811][INFO][WAL][CollectionFlushed][wal_thread]  is flushed by lsn 0
[2020-12-28 10:10:56,812][INFO][WAL][CollectionFlushed][wal_thread]  is flushed by lsn 0
[2020-12-28 10:10:57,813][INFO][WAL][CollectionFlushed][wal_thread]  is flushed by lsn 0
[2020-12-28 10:10:58,814][INFO][WAL][CollectionFlushed][wal_thread]  is flushed by lsn 0
[2020-12-28 10:10:59,815][INFO][WAL][CollectionFlushed][wal_thread]  is flushed by lsn 0
[2020-12-28 10:11:00,816][INFO][WAL][CollectionFlushed][wal_thread]  is flushed by lsn 0
[2020-12-28 10:11:01,817][INFO][WAL][CollectionFlushed][wal_thread]  is flushed by lsn 0
[2020-12-28 10:11:02,818][INFO][WAL][CollectionFlushed][wal_thread]  is flushed by lsn 0
[2020-12-28 10:11:03,819][INFO][WAL][CollectionFlushed][wal_thread]  is flushed by lsn 0
[2020-12-28 10:11:04,820][INFO][WAL][CollectionFlushed][wal_thread]  is flushed by lsn 0
[2020-12-28 10:11:05,821][INFO][WAL][CollectionFlushed][wal_thread]  is flushed by lsn 0
[2020-12-28 10:11:06,821][INFO][WAL][CollectionFlushed][wal_thread]  is flushed by lsn 0
[2020-12-28 10:11:07,822][INFO][WAL][CollectionFlushed][wal_thread]  is flushed by lsn 0
[2020-12-28 10:11:08,823][INFO][WAL][CollectionFlushed][wal_thread]  is flushed by lsn 0
[2020-12-28 10:11:09,824][INFO][WAL][CollectionFlushed][wal_thread]  is flushed by lsn 0
[2020-12-28 10:11:10,825][INFO][WAL][CollectionFlushed][wal_thread]  is flushed by lsn 0
[2020-12-28 10:11:11,826][INFO][WAL][CollectionFlushed][wal_thread]  is flushed by lsn 0
[2020-12-28 10:11:12,827][INFO][WAL][CollectionFlushed][wal_thread]  is flushed by lsn 0
[2020-12-28 10:11:13,828][INFO][WAL][CollectionFlushed][wal_thread]  is flushed by lsn 0
[2020-12-28 10:11:14,829][INFO][WAL][CollectionFlushed][wal_thread]  is flushed by lsn 0
[2020-12-28 10:11:15,830][INFO][WAL][CollectionFlushed][wal_thread]  is flushed by lsn 0
[2020-12-28 10:11:16,831][INFO][WAL][CollectionFlushed][wal_thread]  is flushed by lsn 0
[2020-12-28 10:11:17,832][INFO][WAL][CollectionFlushed][wal_thread]  is flushed by lsn 0
[2020-12-28 10:11:18,836][INFO][WAL][CollectionFlushed][wal_thread]  is flushed by lsn 0
[2020-12-28 10:11:19,837][INFO][WAL][CollectionFlushed][wal_thread]  is flushed by lsn 0
[2020-12-28 10:11:20,838][INFO][WAL][CollectionFlushed][wal_thread]  is flushed by lsn 0
[2020-12-28 10:11:21,839][INFO][WAL][CollectionFlushed][wal_thread]  is flushed by lsn 0
[2020-12-28 10:11:22,840][INFO][WAL][CollectionFlushed][wal_thread]  is flushed by lsn 0
[2020-12-28 10:11:23,841][INFO][WAL][CollectionFlushed][wal_thread]  is flushed by lsn 0
[2020-12-28 10:11:24,842][INFO][WAL][CollectionFlushed][wal_thread]  is flushed by lsn 0
[2020-12-28 10:11:25,843][INFO][WAL][CollectionFlushed][wal_thread]  is flushed by lsn 0
[2020-12-28 10:11:26,844][INFO][WAL][CollectionFlushed][wal_thread]  is flushed by lsn 0
[2020-12-28 10:11:27,845][INFO][WAL][CollectionFlushed][wal_thread]  is flushed by lsn 0
[2020-12-28 10:11:28,846][INFO][WAL][CollectionFlushed][wal_thread]  is flushed by lsn 0
[2020-12-28 10:11:29,846][INFO][WAL][CollectionFlushed][wal_thread]  is flushed by lsn 0
[2020-12-28 10:11:30,847][INFO][WAL][CollectionFlushed][wal_thread]  is flushed by lsn 0
[2020-12-28 10:11:31,848][INFO][WAL][CollectionFlushed][wal_thread]  is flushed by lsn 0
[2020-12-28 10:11:32,849][INFO][WAL][CollectionFlushed][wal_thread]  is flushed by lsn 0
[2020-12-28 10:11:33,850][INFO][WAL][CollectionFlushed][wal_thread]  is flushed by lsn 0
[2020-12-28 10:11:34,851][INFO][WAL][CollectionFlushed][wal_thread]  is flushed by lsn 0
[2020-12-28 10:11:35,852][INFO][WAL][CollectionFlushed][wal_thread]  is flushed by lsn 0
[2020-12-28 10:11:36,854][INFO][WAL][CollectionFlushed][wal_thread]  is flushed by lsn 0
[2020-12-28 10:11:37,855][INFO][WAL][CollectionFlushed][wal_thread]  is flushed by lsn 0
[2020-12-28 10:11:38,856][INFO][WAL][CollectionFlushed][wal_thread]  is flushed by lsn 0
[2020-12-28 10:11:39,856][INFO][WAL][CollectionFlushed][wal_thread]  is flushed by lsn 0
[2020-12-28 10:11:40,857][INFO][WAL][CollectionFlushed][wal_thread]  is flushed by lsn 0
[2020-12-28 10:11:41,858][INFO][WAL][CollectionFlushed][wal_thread]  is flushed by lsn 0
[2020-12-28 10:11:42,859][INFO][WAL][CollectionFlushed][wal_thread]  is flushed by lsn 0
[2020-12-28 10:11:43,860][INFO][WAL][CollectionFlushed][wal_thread]  is flushed by lsn 0
[2020-12-28 10:11:44,861][INFO][WAL][CollectionFlushed][wal_thread]  is flushed by lsn 0
[2020-12-28 10:11:45,862][INFO][WAL][CollectionFlushed][wal_thread]  is flushed by lsn 0
[2020-12-28 10:11:46,865][INFO][WAL][CollectionFlushed][wal_thread]  is flushed by lsn 0
[2020-12-28 10:11:47,866][INFO][WAL][CollectionFlushed][wal_thread]  is flushed by lsn 0
[2020-12-28 10:11:48,867][INFO][WAL][CollectionFlushed][wal_thread]  is flushed by lsn 0
[2020-12-28 10:11:49,868][INFO][WAL][CollectionFlushed][wal_thread]  is flushed by lsn 0
[2020-12-28 10:11:50,869][INFO][WAL][CollectionFlushed][wal_thread]  is flushed by lsn 0
[2020-12-28 10:11:51,870][INFO][WAL][CollectionFlushed][wal_thread]  is flushed by lsn 0
[2020-12-28 10:11:52,871][INFO][WAL][CollectionFlushed][wal_thread]  is flushed by lsn 0
[2020-12-28 10:11:53,872][INFO][WAL][CollectionFlushed][wal_thread]  is flushed by lsn 0
[2020-12-28 10:11:54,873][INFO][WAL][CollectionFlushed][wal_thread]  is flushed by lsn 0
[2020-12-28 10:11:55,874][INFO][WAL][CollectionFlushed][wal_thread]  is flushed by lsn 0
[2020-12-28 10:11:56,875][INFO][WAL][CollectionFlushed][wal_thread]  is flushed by lsn 0
