[2020-12-28 14:46:25,385][DEBUG][ENGINE][CheckCpuInstructionSet][milvus_server] Supported CPU instruction sets: avx2, sse4_2
[2020-12-28 14:46:25,424][DEBUG][ENGINE][Initialize][milvus_server] FAISS hook AVX2
[2020-12-28 14:46:25,638][DEBUG][WAL][Init][milvus_server] start_lsn 4295327908 end_lsn 4295384284
[2020-12-28 14:48:05,232][DEBUG][SERVER][OnPostRecvInitialMetaData][grpcpp_sync_ser] milvus generate request_id: 0
[2020-12-28 14:48:05,236][DEBUG][SERVER][PrintTimeRecord][reqsched_thread] CmdRequest(cmd=version): totally cost (0.000001 second [0.001000 ms])
[2020-12-28 14:48:05,258][DEBUG][SERVER][OnPostRecvInitialMetaData][grpcpp_sync_ser] milvus generate request_id: 1
[2020-12-28 14:48:05,259][DEBUG][SERVER][PrintTimeRecord][reqsched_thread] HasCollectionRequest(collection=retina_face): totally cost (0.000134 second [0.134000 ms])
[2020-12-28 14:48:05,268][DEBUG][SERVER][OnPostRecvInitialMetaData][grpcpp_sync_ser] milvus generate request_id: 2
[2020-12-28 14:48:05,270][DEBUG][SERVER][PrintTimeRecord][reqsched_thread] DescribeCollectionRequest(collection=retina_face): totally cost (0.000116 second [0.115600 ms])
[2020-12-28 14:48:05,309][DEBUG][SERVER][OnPostRecvInitialMetaData][grpcpp_sync_ser] milvus generate request_id: 3
[2020-12-28 14:48:05,313][DEBUG][SERVER][PrintTimeRecord][reqsched_thread] [insert][0] InsertRequest(collection=retina_face, n=1, partition_tag=): check validation (0.000179 second [0.178700 ms])
[2020-12-28 14:48:05,314][DEBUG][SERVER][PrintTimeRecord][reqsched_thread] [insert][0] InsertRequest(collection=retina_face, n=1, partition_tag=): prepare vectors data (0.000409 second [0.408800 ms])
[2020-12-28 14:48:05,335][DEBUG][ENGINE][UpdateCollectionFlag][reqsched_thread] Successfully update collection flag, collection id = retina_face
[2020-12-28 14:48:05,336][DEBUG][SERVER][PrintTimeRecord][reqsched_thread] [insert][0] InsertRequest(collection=retina_face, n=1, partition_tag=): add vectors to engine (0.022351 second [22.351100 ms])
[2020-12-28 14:48:05,336][DEBUG][SERVER][PrintTimeRecord][reqsched_thread] [insert][0] InsertRequest(collection=retina_face, n=1, partition_tag=): total cost (0.023364 second [23.364400 ms])
[2020-12-28 14:48:05,340][DEBUG][ENGINE][CreateCollectionFile][wal_thread] Successfully create collection file, file id = 1609138085336570000
[2020-12-28 14:48:05,353][DEBUG][ENGINE][Add][wal_thread] [insert][0]Insert float data into segment
[2020-12-28 14:48:05,376][DEBUG][SERVER][OnPostRecvInitialMetaData][grpcpp_sync_ser] milvus generate request_id: 4
[2020-12-28 14:48:05,377][DEBUG][SERVER][OnExecute][reqsched_thread] FlushRequest flush collections: retina_face, 
[2020-12-28 14:48:05,378][DEBUG][ENGINE][Flush][reqsched_thread] Begin flush collection: retina_face
[2020-12-28 14:48:05,379][DEBUG][ENGINE][Flush][reqsched_thread] WAL flush
[2020-12-28 14:48:05,380][DEBUG][ENGINE][Flush][wal_thread] Flushing collection: retina_face
[2020-12-28 14:48:05,414][DEBUG][SERVER][PrintTimeRecord][wal_thread] SegmentWriter::WriteBloomFilter: Initializing bloom filter (0.032562 second [32.561900 ms])
[2020-12-28 14:48:05,446][DEBUG][SERVER][PrintTimeRecord][wal_thread] SegmentWriter::WriteBloomFilter: Adding 1 ids to bloom filter (0.032105 second [32.105200 ms])
[2020-12-28 14:48:05,447][DEBUG][SERVER][PrintTimeRecord][wal_thread] SegmentWriter::WriteBloomFilter: Writing bloom filter (0.000812 second [0.811900 ms])
[2020-12-28 14:48:05,447][DEBUG][SERVER][PrintTimeRecord][wal_thread] SegmentWriter::Serialize: Writing bloom filter done (0.066123 second [66.123400 ms])
[2020-12-28 14:48:05,454][DEBUG][SERVER][PrintTimeRecord][wal_thread] write vectors: write rv done (0.003867 second [3.867500 ms])
[2020-12-28 14:48:05,475][DEBUG][SERVER][PrintTimeRecord][wal_thread] write vectors: write uids done (0.021475 second [21.474800 ms])
[2020-12-28 14:48:05,478][DEBUG][SERVER][PrintTimeRecord][wal_thread] SegmentWriter::Serialize: Writing vectors and uids done (0.030366 second [30.366300 ms])
[2020-12-28 14:48:05,486][DEBUG][SERVER][PrintTimeRecord][wal_thread] SegmentWriter::Serialize: Writing deleted docs done (0.007799 second [7.799400 ms])
[2020-12-28 14:48:05,486][DEBUG][ENGINE][Serialize][wal_thread] New raw file 1609138085336570000 of size 2048 bytes, lsn = 4295386372
[2020-12-28 14:48:05,486][DEBUG][ENGINE][Serialize][wal_thread] Flushed segment 1609138085336570000
[2020-12-28 14:48:05,493][DEBUG][ENGINE][UpdateCollectionFiles][wal_thread] Update 1 collection files
[2020-12-28 14:48:05,494][DEBUG][ENGINE][UpdateCollectionFlushLSN][wal_thread] Successfully update collection flush_lsn, collection id = retina_face flush_lsn = 4295386372
[2020-12-28 14:48:05,495][DEBUG][SERVER][PrintTimeRecord][wal_thread] MemTable::Serialize collection retina_face: Finished flushing (0.113426 second [113.426200 ms])
[2020-12-28 14:48:05,495][DEBUG][ENGINE][Flush][wal_thread] Flushed collection: retina_face
[2020-12-28 14:48:05,496][DEBUG][ENGINE][Flush][reqsched_thread] End flush collection: retina_face
[2020-12-28 14:48:05,497][DEBUG][SERVER][PrintTimeRecord][reqsched_thread] FlushRequest flush collections: retina_face, : totally cost (0.120313 second [120.313200 ms])
[2020-12-28 14:48:05,499][DEBUG][ENGINE][FilesToMerge][milvus_server] Collect 2 to-merge files in collection retina_face
[2020-12-28 14:48:05,500][DEBUG][ENGINE][MarkOngoingFileNoLock][milvus_server] Mark ongoing file:1609122218016696000 refcount:1
[2020-12-28 14:48:05,501][DEBUG][SERVER][OnPostRecvInitialMetaData][grpcpp_sync_ser] milvus generate request_id: 5
[2020-12-28 14:48:05,501][DEBUG][ENGINE][MarkOngoingFileNoLock][milvus_server] Mark ongoing file:1609138085336570000 refcount:1
[2020-12-28 14:48:05,502][DEBUG][SERVER][PrintTimeRecord][reqsched_thread] CountCollectionRequest(collection=retina_face): check validation (0.000104 second [0.104000 ms])
[2020-12-28 14:48:05,503][DEBUG][ENGINE][CreateCollectionFile][milvus_server] Successfully create collection file, file id = 1609138085502936000
[2020-12-28 14:48:05,510][DEBUG][ENGINE][Merge][milvus_server] Merging from /var/lib/milvus/db/tables/retina_face/1609138085336570000 to /var/lib/milvus/db/tables/retina_face/1609138085502936000
[2020-12-28 14:48:05,510][DEBUG][SERVER][PrintTimeRecord][reqsched_thread] CountCollectionRequest(collection=retina_face): totally cost (0.007990 second [7.989800 ms])
[2020-12-28 14:48:05,513][DEBUG][SERVER][OnPostRecvInitialMetaData][grpcpp_sync_ser] milvus generate request_id: 6
[2020-12-28 14:48:05,514][DEBUG][ENGINE][MarkOngoingFileNoLock][reqsched_thread] Mark ongoing file:1609122218016696000 refcount:2
[2020-12-28 14:48:05,515][DEBUG][ENGINE][MarkOngoingFileNoLock][reqsched_thread] Mark ongoing file:1609138085336570000 refcount:2
[2020-12-28 14:48:05,515][DEBUG][ENGINE][FilesByType][reqsched_thread] Get collection files by type. raw files:2 to_index files:0 index files:0
[2020-12-28 14:48:05,516][DEBUG][ENGINE][UnmarkOngoingFileNoLock][reqsched_thread] Unmark ongoing file:1609122218016696000 refcount:1
[2020-12-28 14:48:05,516][DEBUG][ENGINE][UnmarkOngoingFileNoLock][reqsched_thread] Unmark ongoing file:1609138085336570000 refcount:1
[2020-12-28 14:48:05,517][DEBUG][SERVER][PrintTimeRecord][reqsched_thread] ShowCollectionInfoRequest(collection=retina_face): totally cost (0.002690 second [2.689800 ms])
[2020-12-28 14:48:05,522][DEBUG][SERVER][OnPostRecvInitialMetaData][grpcpp_sync_ser] milvus generate request_id: 7
[2020-12-28 14:48:05,523][DEBUG][SERVER][PrintTimeRecord][reqsched_thread] CreateIndexRequest(collection=retina_face): check validation (0.000181 second [0.180900 ms])
[2020-12-28 14:48:05,524][DEBUG][ENGINE][Flush][reqsched_thread] Begin flush all collections
[2020-12-28 14:48:05,524][DEBUG][ENGINE][Flush][reqsched_thread] WAL flush
[2020-12-28 14:48:05,525][DEBUG][SERVER][PrintTimeRecord][milvus_server] SegmentWriter::Merge: Loading segment (0.014243 second [14.243200 ms])
[2020-12-28 14:48:05,526][DEBUG][SERVER][PrintTimeRecord][milvus_server] SegmentWriter::Merge: erase (0.000817 second [0.817500 ms])
[2020-12-28 14:48:05,526][DEBUG][SERVER][PrintTimeRecord][milvus_server] SegmentWriter::Merge: Adding 1 vectors and uids (0.000823 second [0.823200 ms])
[2020-12-28 14:48:05,526][DEBUG][ENGINE][Merge][milvus_server] Merging completed from /var/lib/milvus/db/tables/retina_face/1609138085336570000 to /var/lib/milvus/db/tables/retina_face/1609138085502936000
[2020-12-28 14:48:05,527][DEBUG][ENGINE][Merge][milvus_server] Merging from /var/lib/milvus/db/tables/retina_face/1609122218016696000 to /var/lib/milvus/db/tables/retina_face/1609138085502936000
[2020-12-28 14:48:05,580][DEBUG][SERVER][PrintTimeRecord][milvus_server] SegmentWriter::Merge: Loading segment (0.052982 second [52.982100 ms])
[2020-12-28 14:48:05,581][DEBUG][SERVER][PrintTimeRecord][milvus_server] SegmentWriter::Merge: erase (0.000453 second [0.453200 ms])
[2020-12-28 14:48:05,581][DEBUG][SERVER][PrintTimeRecord][milvus_server] SegmentWriter::Merge: Adding 14 vectors and uids (0.000410 second [0.409800 ms])
[2020-12-28 14:48:05,582][DEBUG][ENGINE][Merge][milvus_server] Merging completed from /var/lib/milvus/db/tables/retina_face/1609122218016696000 to /var/lib/milvus/db/tables/retina_face/1609138085502936000
[2020-12-28 14:48:05,582][DEBUG][ENGINE][Execute][milvus_server] Merge task files size info:2056, 28784, 
[2020-12-28 14:48:05,614][DEBUG][SERVER][PrintTimeRecord][milvus_server] SegmentWriter::WriteBloomFilter: Initializing bloom filter (0.031405 second [31.405100 ms])
[2020-12-28 14:48:05,660][DEBUG][SERVER][PrintTimeRecord][milvus_server] SegmentWriter::WriteBloomFilter: Adding 15 ids to bloom filter (0.045819 second [45.819500 ms])
[2020-12-28 14:48:05,660][DEBUG][SERVER][PrintTimeRecord][milvus_server] SegmentWriter::WriteBloomFilter: Writing bloom filter (0.000419 second [0.418700 ms])
[2020-12-28 14:48:05,661][DEBUG][SERVER][PrintTimeRecord][milvus_server] SegmentWriter::Serialize: Writing bloom filter done (0.078111 second [78.111400 ms])
[2020-12-28 14:48:05,666][DEBUG][SERVER][PrintTimeRecord][milvus_server] write vectors: write rv done (0.004632 second [4.632400 ms])
[2020-12-28 14:48:05,670][DEBUG][SERVER][PrintTimeRecord][milvus_server] write vectors: write uids done (0.003639 second [3.638700 ms])
[2020-12-28 14:48:05,671][DEBUG][SERVER][PrintTimeRecord][milvus_server] SegmentWriter::Serialize: Writing vectors and uids done (0.010377 second [10.377500 ms])
[2020-12-28 14:48:05,677][DEBUG][SERVER][PrintTimeRecord][milvus_server] SegmentWriter::Serialize: Writing deleted docs done (0.006397 second [6.397100 ms])
[2020-12-28 14:48:05,679][DEBUG][ENGINE][UpdateCollectionFiles][milvus_server] Update 3 collection files
[2020-12-28 14:48:05,679][DEBUG][ENGINE][Execute][milvus_server] New merged segment 1609138085502936000 of size 30840 bytes
[2020-12-28 14:48:05,680][DEBUG][ENGINE][UnmarkOngoingFileNoLock][milvus_server] Unmark ongoing file:1609138085336570000 refcount:0
[2020-12-28 14:48:05,693][DEBUG][ENGINE][UnmarkOngoingFileNoLock][milvus_server] Unmark ongoing file:1609122218016696000 refcount:0
[2020-12-28 14:48:05,710][DEBUG][ENGINE][Flush][reqsched_thread] End flush all collections
[2020-12-28 14:48:05,713][DEBUG][ENGINE][MarkOngoingFileNoLock][reqsched_thread] Mark ongoing file:1609138085502936000 refcount:1
[2020-12-28 14:48:05,714][DEBUG][ENGINE][FilesByType][reqsched_thread] Get collection files by type. raw files:1 new files:0 new_merge files:0 new_index files:0 to_index files:0
[2020-12-28 14:48:05,714][DEBUG][ENGINE][UnmarkOngoingFileNoLock][reqsched_thread] Unmark ongoing file:1609138085502936000 refcount:0
[2020-12-28 14:48:05,715][DEBUG][ENGINE][WaitCollectionIndexRecursively][reqsched_thread] WaitCollectionIndexRecursively finished
[2020-12-28 14:48:05,715][DEBUG][SERVER][PrintTimeRecord][reqsched_thread] CreateIndexRequest(collection=retina_face): totally cost (0.191939 second [191.939100 ms])
[2020-12-28 14:48:05,717][DEBUG][SERVER][OnPostRecvInitialMetaData][grpcpp_sync_ser] milvus generate request_id: 8
[2020-12-28 14:48:05,719][DEBUG][SERVER][PrintTimeRecord][reqsched_thread] DescribeIndexRequest(collection=retina_face): totally cost (0.000193 second [0.193400 ms])
[2020-12-28 14:48:15,720][DEBUG][ENGINE][operator()][milvus_server] Remove file id:1609122218016696000 location:/var/lib/milvus/db/tables/retina_face/1609122218016696000/1609122218016696000
[2020-12-28 14:48:15,721][DEBUG][ENGINE][operator()][milvus_server] Remove file id:1609138085336570000 location:/var/lib/milvus/db/tables/retina_face/1609138085336570000/1609138085336570000
[2020-12-28 14:48:15,723][DEBUG][ENGINE][CleanUpFilesWithTTL][milvus_server] Clean 2 files expired in 10 seconds
[2020-12-28 14:48:15,738][DEBUG][ENGINE][CleanUpFilesWithTTL][milvus_server] Remove segment directory: /var/lib/milvus/db/tables/retina_face/1609122218016696000
[2020-12-28 14:48:15,753][DEBUG][ENGINE][CleanUpFilesWithTTL][milvus_server] Remove segment directory: /var/lib/milvus/db/tables/retina_face/1609138085336570000
[2020-12-28 14:48:15,754][DEBUG][ENGINE][CleanUpFilesWithTTL][milvus_server] Remove 2 segments folder
