[2020-12-29 12:49:24,853][INFO][SERVER][Check][milvus_server] InstanceLockCheck passed.
[2020-12-29 12:49:24,855][INFO][SERVER][Check][milvus_server] InstanceLockCheck passed.
[2020-12-29 12:49:24,855][INFO][SERVER][Start][milvus_server] Milvus Release version: v0.9.1, built at 2020-05-28 17:39.31
[2020-12-29 12:49:24,855][INFO][SERVER][Start][milvus_server] CPU edition
[2020-12-29 12:49:24,856][INFO][SERVER][CheckCpuInstructionSet][milvus_server] Supported CPU instruction sets: avx2, sse4_2
[2020-12-29 12:49:24,858][INFO][SERVER][LogConfigInFile][milvus_server] 

***************Config in file***************

version: 0.4
server_config:
  address: 0.0.0.0
  port: 19530
  deploy_mode: single
  time_zone: UTC+8
  web_enable: true
  web_port: 19121
db_config:
  backend_url: sqlite://:@:/
  preload_collection: ~
  auto_flush_interval: 1
storage_config:
  primary_path: /var/lib/milvus
  secondary_path: ~
  file_cleanup_timeout: 10
metric_config:
  enable_monitor: false
  address: 127.0.0.1
  port: 9091
cache_config:
  cpu_cache_capacity: 1
  insert_buffer_size: 1
  cache_insert_data: false
engine_config:
  use_blas_threshold: 1100
  gpu_search_threshold: 1000
gpu_resource_config:
  enable: false
  cache_capacity: 1
  search_resources:
    - gpu0
  build_index_resources:
    - gpu0
tracing_config:
  json_config_path: ~
wal_config:
  enable: true
  recovery_error_ignore: true
  buffer_size: 256
  wal_path: /var/lib/milvus/wal
logs:
  trace.enable: true
  debug.enable: true
  info.enable: true
  warning.enable: true
  error.enable: true
  fatal.enable: true
  path: /var/lib/milvus/logs
  max_log_file_size: 1024
  log_rotate_num: 0
[2020-12-29 12:49:24,872][INFO][SERVER][LogCpuInfo][milvus_server] 

***************CPU***************

processor	: 1
vendor_id	: GenuineIntel
cpu family	: 6
model		: 142
model name	: Intel(R) Core(TM) i5-8250U CPU @ 1.60GHz
stepping	: 10
microcode	: 0xffffffff
cpu MHz		: 1799.999
cache size	: 6144 KB
physical id	: 0
siblings	: 2
core id		: 0
cpu cores	: 1
apicid		: 1
initial apicid	: 1
fpu		: yes
fpu_exception	: yes
cpuid level	: 21
wp		: yes
flags		: fpu vme de pse tsc msr pae mce cx8 apic sep mtrr pge mca cmov pat pse36 clflush mmx fxsr sse sse2 ss ht syscall nx pdpe1gb rdtscp lm constant_tsc rep_good nopl xtopology cpuid pni pclmulqdq ssse3 fma cx16 pcid sse4_1 sse4_2 movbe popcnt aes xsave avx f16c rdrand hypervisor lahf_lm abm 3dnowprefetch invpcid_single ssbd ibrs ibpb stibp fsgsbase bmi1 avx2 smep bmi2 erms invpcid mpx rdseed adx smap clflushopt xsaveopt xsavec xgetbv1 xsaves flush_l1d arch_capabilities
bugs		: cpu_meltdown spectre_v1 spectre_v2 spec_store_bypass l1tf mds swapgs itlb_multihit
bogomips	: 3599.99
clflush size	: 64
cache_alignment	: 64
address sizes	: 39 bits physical, 48 bits virtual
power management:


[2020-12-29 12:49:24,873][INFO][SERVER][LogConfigInMem][milvus_server] 

***************Config in memory***************

{
   "cache_config": {
      "cache_insert_data": "false",
      "cpu_cache_capacity": "1",
      "cpu_cache_threshold": "0.7",
      "insert_buffer_size": "1"
   },
   "db_config": {
      "archive_days_threshold": "0",
      "archive_disk_threshold": "0",
      "auto_flush_interval": "1",
      "backend_url": "sqlite://:@:/",
      "preload_collection": ""
   },
   "engine_config": {
      "omp_thread_num": "0",
      "simd_type": "auto",
      "use_blas_threshold": "1100"
   },
   "logs": {
      "debug.enable": "true",
      "error.enable": "true",
      "fatal.enable": "true",
      "info.enable": "true",
      "log_rotate_num": "0",
      "max_log_file_size": "1024",
      "path": "/var/lib/milvus/logs",
      "trace.enable": "true",
      "warning.enable": "true"
   },
   "metric_config": {
      "address": "127.0.0.1",
      "enable_monitor": "false",
      "port": "9091"
   },
   "server_config": {
      "address": "0.0.0.0",
      "deploy_mode": "single",
      "port": "19530",
      "time_zone": "UTC+8",
      "web_enable": "true",
      "web_port": "19121"
   },
   "storage_config": {
      "primary_path": "/var/lib/milvus",
      "secondary_path": ""
   },
   "tracing_config": {
      "json_config_path": ""
   },
   "wal_config": {
      "buffer_size": "256",
      "enable": "true",
      "recovery_error_ignore": "true",
      "wal_path": "/var/lib/milvus/wal"
   }
}
[2020-12-29 12:49:24,875][INFO][ENGINE][Build][milvus_server] Using SQLite
[2020-12-29 12:49:25,932][INFO][WAL][CollectionFlushed][wal_thread]  is flushed by lsn 0
[2020-12-29 12:49:26,938][INFO][WAL][CollectionFlushed][wal_thread]  is flushed by lsn 0
[2020-12-29 12:49:27,941][INFO][WAL][CollectionFlushed][wal_thread]  is flushed by lsn 0
[2020-12-29 12:49:39,379][INFO][SERVER][Check][milvus_server] InstanceLockCheck passed.
[2020-12-29 12:49:39,380][INFO][SERVER][Check][milvus_server] InstanceLockCheck passed.
[2020-12-29 12:49:39,380][INFO][SERVER][Start][milvus_server] Milvus Release version: v0.9.1, built at 2020-05-28 17:39.31
[2020-12-29 12:49:39,381][INFO][SERVER][Start][milvus_server] CPU edition
[2020-12-29 12:49:39,381][INFO][SERVER][CheckCpuInstructionSet][milvus_server] Supported CPU instruction sets: avx2, sse4_2
[2020-12-29 12:49:39,383][INFO][SERVER][LogConfigInFile][milvus_server] 

***************Config in file***************

version: 0.4
server_config:
  address: 0.0.0.0
  port: 19530
  deploy_mode: single
  time_zone: UTC+8
  web_enable: true
  web_port: 19121
db_config:
  backend_url: sqlite://:@:/
  preload_collection: ~
  auto_flush_interval: 1
storage_config:
  primary_path: /var/lib/milvus
  secondary_path: ~
  file_cleanup_timeout: 10
metric_config:
  enable_monitor: false
  address: 127.0.0.1
  port: 9091
cache_config:
  cpu_cache_capacity: 1
  insert_buffer_size: 1
  cache_insert_data: false
engine_config:
  use_blas_threshold: 1100
  gpu_search_threshold: 1000
gpu_resource_config:
  enable: false
  cache_capacity: 1
  search_resources:
    - gpu0
  build_index_resources:
    - gpu0
tracing_config:
  json_config_path: ~
wal_config:
  enable: true
  recovery_error_ignore: true
  buffer_size: 256
  wal_path: /var/lib/milvus/wal
logs:
  trace.enable: true
  debug.enable: true
  info.enable: true
  warning.enable: true
  error.enable: true
  fatal.enable: true
  path: /var/lib/milvus/logs
  max_log_file_size: 1024
  log_rotate_num: 0
[2020-12-29 12:49:39,384][INFO][SERVER][LogCpuInfo][milvus_server] 

***************CPU***************

processor	: 1
vendor_id	: GenuineIntel
cpu family	: 6
model		: 142
model name	: Intel(R) Core(TM) i5-8250U CPU @ 1.60GHz
stepping	: 10
microcode	: 0xffffffff
cpu MHz		: 1799.999
cache size	: 6144 KB
physical id	: 0
siblings	: 2
core id		: 0
cpu cores	: 1
apicid		: 1
initial apicid	: 1
fpu		: yes
fpu_exception	: yes
cpuid level	: 21
wp		: yes
flags		: fpu vme de pse tsc msr pae mce cx8 apic sep mtrr pge mca cmov pat pse36 clflush mmx fxsr sse sse2 ss ht syscall nx pdpe1gb rdtscp lm constant_tsc rep_good nopl xtopology cpuid pni pclmulqdq ssse3 fma cx16 pcid sse4_1 sse4_2 movbe popcnt aes xsave avx f16c rdrand hypervisor lahf_lm abm 3dnowprefetch invpcid_single ssbd ibrs ibpb stibp fsgsbase bmi1 avx2 smep bmi2 erms invpcid mpx rdseed adx smap clflushopt xsaveopt xsavec xgetbv1 xsaves flush_l1d arch_capabilities
bugs		: cpu_meltdown spectre_v1 spectre_v2 spec_store_bypass l1tf mds swapgs itlb_multihit
bogomips	: 3599.99
clflush size	: 64
cache_alignment	: 64
address sizes	: 39 bits physical, 48 bits virtual
power management:


[2020-12-29 12:49:39,384][INFO][SERVER][LogConfigInMem][milvus_server] 

***************Config in memory***************

{
   "cache_config": {
      "cache_insert_data": "false",
      "cpu_cache_capacity": "1",
      "cpu_cache_threshold": "0.7",
      "insert_buffer_size": "1"
   },
   "db_config": {
      "archive_days_threshold": "0",
      "archive_disk_threshold": "0",
      "auto_flush_interval": "1",
      "backend_url": "sqlite://:@:/",
      "preload_collection": ""
   },
   "engine_config": {
      "omp_thread_num": "0",
      "simd_type": "auto",
      "use_blas_threshold": "1100"
   },
   "logs": {
      "debug.enable": "true",
      "error.enable": "true",
      "fatal.enable": "true",
      "info.enable": "true",
      "log_rotate_num": "0",
      "max_log_file_size": "1024",
      "path": "/var/lib/milvus/logs",
      "trace.enable": "true",
      "warning.enable": "true"
   },
   "metric_config": {
      "address": "127.0.0.1",
      "enable_monitor": "false",
      "port": "9091"
   },
   "server_config": {
      "address": "0.0.0.0",
      "deploy_mode": "single",
      "port": "19530",
      "time_zone": "UTC+8",
      "web_enable": "true",
      "web_port": "19121"
   },
   "storage_config": {
      "primary_path": "/var/lib/milvus",
      "secondary_path": ""
   },
   "tracing_config": {
      "json_config_path": ""
   },
   "wal_config": {
      "buffer_size": "256",
      "enable": "true",
      "recovery_error_ignore": "true",
      "wal_path": "/var/lib/milvus/wal"
   }
}
[2020-12-29 12:49:39,386][INFO][ENGINE][Build][milvus_server] Using SQLite
[2020-12-29 12:49:40,437][INFO][WAL][CollectionFlushed][wal_thread]  is flushed by lsn 0
[2020-12-29 12:49:41,441][INFO][WAL][CollectionFlushed][wal_thread]  is flushed by lsn 0
[2020-12-29 12:49:42,444][INFO][WAL][CollectionFlushed][wal_thread]  is flushed by lsn 0
[2020-12-29 12:49:43,447][INFO][WAL][CollectionFlushed][wal_thread]  is flushed by lsn 0
[2020-12-29 12:49:44,449][INFO][WAL][CollectionFlushed][wal_thread]  is flushed by lsn 0
[2020-12-29 12:49:45,452][INFO][WAL][CollectionFlushed][wal_thread]  is flushed by lsn 0
[2020-12-29 12:49:46,455][INFO][WAL][CollectionFlushed][wal_thread]  is flushed by lsn 0
[2020-12-29 12:49:47,459][INFO][WAL][CollectionFlushed][wal_thread]  is flushed by lsn 0
[2020-12-29 12:49:48,461][INFO][WAL][CollectionFlushed][wal_thread]  is flushed by lsn 0
[2020-12-29 12:49:49,463][INFO][WAL][CollectionFlushed][wal_thread]  is flushed by lsn 0
[2020-12-29 12:49:50,467][INFO][WAL][CollectionFlushed][wal_thread]  is flushed by lsn 0
[2020-12-29 12:49:51,470][INFO][WAL][CollectionFlushed][wal_thread]  is flushed by lsn 0
[2020-12-29 12:49:52,473][INFO][WAL][CollectionFlushed][wal_thread]  is flushed by lsn 0
[2020-12-29 12:49:53,476][INFO][WAL][CollectionFlushed][wal_thread]  is flushed by lsn 0
[2020-12-29 12:49:54,478][INFO][WAL][CollectionFlushed][wal_thread]  is flushed by lsn 0
[2020-12-29 12:49:55,481][INFO][WAL][CollectionFlushed][wal_thread]  is flushed by lsn 0
[2020-12-29 12:49:56,483][INFO][WAL][CollectionFlushed][wal_thread]  is flushed by lsn 0
[2020-12-29 12:49:57,486][INFO][WAL][CollectionFlushed][wal_thread]  is flushed by lsn 0
[2020-12-29 12:49:58,490][INFO][WAL][CollectionFlushed][wal_thread]  is flushed by lsn 0
[2020-12-29 12:49:59,493][INFO][WAL][CollectionFlushed][wal_thread]  is flushed by lsn 0
[2020-12-29 12:50:00,496][INFO][WAL][CollectionFlushed][wal_thread]  is flushed by lsn 0
[2020-12-29 12:50:01,499][INFO][WAL][CollectionFlushed][wal_thread]  is flushed by lsn 0
[2020-12-29 12:50:02,503][INFO][WAL][CollectionFlushed][wal_thread]  is flushed by lsn 0
[2020-12-29 12:50:03,507][INFO][WAL][CollectionFlushed][wal_thread]  is flushed by lsn 0
[2020-12-29 12:50:04,510][INFO][WAL][CollectionFlushed][wal_thread]  is flushed by lsn 0
[2020-12-29 12:50:05,514][INFO][WAL][CollectionFlushed][wal_thread]  is flushed by lsn 0
[2020-12-29 12:50:06,518][INFO][WAL][CollectionFlushed][wal_thread]  is flushed by lsn 0
[2020-12-29 12:50:07,522][INFO][WAL][CollectionFlushed][wal_thread]  is flushed by lsn 0
[2020-12-29 12:50:08,525][INFO][WAL][CollectionFlushed][wal_thread]  is flushed by lsn 0
[2020-12-29 12:50:09,528][INFO][WAL][CollectionFlushed][wal_thread]  is flushed by lsn 0
[2020-12-29 12:50:10,532][INFO][WAL][CollectionFlushed][wal_thread]  is flushed by lsn 0
[2020-12-29 12:50:11,535][INFO][WAL][CollectionFlushed][wal_thread]  is flushed by lsn 0
[2020-12-29 12:50:12,538][INFO][WAL][CollectionFlushed][wal_thread]  is flushed by lsn 0
[2020-12-29 12:50:13,542][INFO][WAL][CollectionFlushed][wal_thread]  is flushed by lsn 0
[2020-12-29 12:50:14,545][INFO][WAL][CollectionFlushed][wal_thread]  is flushed by lsn 0
[2020-12-29 12:50:15,548][INFO][WAL][CollectionFlushed][wal_thread]  is flushed by lsn 0
[2020-12-29 12:50:16,550][INFO][WAL][CollectionFlushed][wal_thread]  is flushed by lsn 0
[2020-12-29 12:50:17,554][INFO][WAL][CollectionFlushed][wal_thread]  is flushed by lsn 0
[2020-12-29 12:50:18,558][INFO][WAL][CollectionFlushed][wal_thread]  is flushed by lsn 0
[2020-12-29 12:50:19,561][INFO][WAL][CollectionFlushed][wal_thread]  is flushed by lsn 0
[2020-12-29 12:50:20,563][INFO][WAL][CollectionFlushed][wal_thread]  is flushed by lsn 0
[2020-12-29 12:50:21,567][INFO][WAL][CollectionFlushed][wal_thread]  is flushed by lsn 0
[2020-12-29 12:50:22,572][INFO][WAL][CollectionFlushed][wal_thread]  is flushed by lsn 0
[2020-12-29 12:50:23,575][INFO][WAL][CollectionFlushed][wal_thread]  is flushed by lsn 0
[2020-12-29 12:50:24,577][INFO][WAL][CollectionFlushed][wal_thread]  is flushed by lsn 0
[2020-12-29 12:50:25,578][INFO][WAL][CollectionFlushed][wal_thread]  is flushed by lsn 0
[2020-12-29 12:50:26,580][INFO][WAL][CollectionFlushed][wal_thread]  is flushed by lsn 0
[2020-12-29 12:50:27,582][INFO][WAL][CollectionFlushed][wal_thread]  is flushed by lsn 0
[2020-12-29 12:50:28,584][INFO][WAL][CollectionFlushed][wal_thread]  is flushed by lsn 0
[2020-12-29 12:50:29,587][INFO][WAL][CollectionFlushed][wal_thread]  is flushed by lsn 0
[2020-12-29 12:50:30,590][INFO][WAL][CollectionFlushed][wal_thread]  is flushed by lsn 0
[2020-12-29 12:50:31,592][INFO][WAL][CollectionFlushed][wal_thread]  is flushed by lsn 0
[2020-12-29 12:50:32,596][INFO][WAL][CollectionFlushed][wal_thread]  is flushed by lsn 0
[2020-12-29 12:50:33,599][INFO][WAL][CollectionFlushed][wal_thread]  is flushed by lsn 0
[2020-12-29 12:50:34,604][INFO][WAL][CollectionFlushed][wal_thread]  is flushed by lsn 0
[2020-12-29 12:50:35,608][INFO][WAL][CollectionFlushed][wal_thread]  is flushed by lsn 0
