[2021-01-12 09:38:11,506][INFO][SERVER][Check][milvus_server] InstanceLockCheck passed.
[2021-01-12 09:38:11,511][INFO][SERVER][Check][milvus_server] InstanceLockCheck passed.
[2021-01-12 09:38:11,511][INFO][SERVER][Start][milvus_server] Milvus Release version: v0.10.4, built at 2020-12-01 14:51.19
[2021-01-12 09:38:11,512][INFO][SERVER][Start][milvus_server] CPU edition
[2021-01-12 09:38:11,514][INFO][SERVER][CheckCpuInstructionSet][milvus_server] Supported CPU instruction sets: avx2, sse4_2
[2021-01-12 09:38:11,567][INFO][SERVER][LogConfigInFile][milvus_server] 

***************Config in file***************

version: 0.5
cluster:
  enable: false
  role: rw
general:
  timezone: UTC+8
  meta_uri: sqlite://:@:/
network:
  bind.address: 0.0.0.0
  bind.port: 19530
  http.enable: true
  http.port: 19121
storage:
  path: /var/lib/milvus
  auto_flush_interval: 1
wal:
  enable: true
  recovery_error_ignore: false
  buffer_size: 256MB
  path: /var/lib/milvus/wal
cache:
  cache_size: 1GB
  insert_buffer_size: 1GB
  preload_collection: ~
gpu:
  enable: false
  cache_size: 1GB
  gpu_search_threshold: 1000
  search_devices:
    - gpu0
  build_index_devices:
    - gpu0
fpga:
  enable: false
  search_devices:
    - fpga0
logs:
  level: debug
  trace.enable: true
  path: /var/lib/milvus/logs
  max_log_file_size: 1024MB
  log_rotate_num: 0
metric:
  enable: false
  address: 127.0.0.1
  port: 9091
[2021-01-12 09:38:11,568][INFO][SERVER][LogCpuInfo][milvus_server] 

***************CPU***************

processor	: 1
vendor_id	: GenuineIntel
cpu family	: 6
model		: 142
model name	: Intel(R) Core(TM) i5-8250U CPU @ 1.60GHz
stepping	: 10
microcode	: 0xffffffff
cpu MHz		: 1799.999
cache size	: 6144 KB
physical id	: 0
siblings	: 2
core id		: 0
cpu cores	: 1
apicid		: 1
initial apicid	: 1
fpu		: yes
fpu_exception	: yes
cpuid level	: 21
wp		: yes
flags		: fpu vme de pse tsc msr pae mce cx8 apic sep mtrr pge mca cmov pat pse36 clflush mmx fxsr sse sse2 ss ht syscall nx pdpe1gb rdtscp lm constant_tsc rep_good nopl xtopology cpuid pni pclmulqdq ssse3 fma cx16 pcid sse4_1 sse4_2 movbe popcnt aes xsave avx f16c rdrand hypervisor lahf_lm abm 3dnowprefetch invpcid_single ssbd ibrs ibpb stibp fsgsbase bmi1 avx2 smep bmi2 erms invpcid mpx rdseed adx smap clflushopt xsaveopt xsavec xgetbv1 xsaves flush_l1d arch_capabilities
bugs		: cpu_meltdown spectre_v1 spectre_v2 spec_store_bypass l1tf mds swapgs itlb_multihit
bogomips	: 3599.99
clflush size	: 64
cache_alignment	: 64
address sizes	: 39 bits physical, 48 bits virtual
power management:


[2021-01-12 09:38:11,569][INFO][SERVER][LogConfigInMem][milvus_server] 

***************Config in memory***************

{
   "cache": {
      "cache_insert_data": "false",
      "cache_size": "1GB",
      "cpu_cache_threshold": "0.7",
      "insert_buffer_size": "1GB",
      "preload_collection": ""
   },
   "cluster": {
      "enable": "false",
      "role": "rw"
   },
   "db_config": {
      "archive_days_threshold": "0",
      "archive_disk_threshold": "0"
   },
   "engine_config": {
      "max_partition_num": "4096",
      "omp_thread_num": "0",
      "simd_type": "auto",
      "use_blas_threshold": "1100"
   },
   "general": {
      "meta_uri": "sqlite://:@:/",
      "timezone": "UTC+8"
   },
   "logs": {
      "level": "debug",
      "log_rotate_num": "0",
      "max_log_file_size": "1024MB",
      "path": "/var/lib/milvus/logs",
      "trace.enable": "true"
   },
   "metric": {
      "address": "127.0.0.1",
      "enable": "false",
      "port": "9091"
   },
   "network": {
      "bind.address": "0.0.0.0",
      "bind.port": "19530",
      "http.enable": "true",
      "http.port": "19121"
   },
   "storage": {
      "auto_flush_interval": "1",
      "path": "/var/lib/milvus"
   },
   "tracing_config": {
      "json_config_path": ""
   },
   "wal": {
      "buffer_size": "256MB",
      "enable": "true",
      "path": "/var/lib/milvus/wal",
      "recovery_error_ignore": "false"
   }
}
[2021-01-12 09:38:11,703][INFO][ENGINE][Build][milvus_server] Using SQLite
[2021-01-12 09:38:16,573][INFO][SERVER][Cmd][grpcpp_sync_ser] Request [0] Cmd begin.
[2021-01-12 09:38:16,574][INFO][SERVER][PutToQueue][grpcpp_sync_ser] Create new thread for request group: info
[2021-01-12 09:38:16,576][INFO][SERVER][Cmd][grpcpp_sync_ser] Request [0] Cmd end.
[2021-01-12 09:38:16,578][INFO][SERVER][HasCollection][grpcpp_sync_ser] Request [1] HasCollection begin.
[2021-01-12 09:38:16,589][INFO][SERVER][HasCollection][grpcpp_sync_ser] Request [1] HasCollection end.
[2021-01-12 09:38:30,722][INFO][SERVER][Cmd][grpcpp_sync_ser] Request [2] Cmd begin.
[2021-01-12 09:38:30,723][INFO][SERVER][Cmd][grpcpp_sync_ser] Request [2] Cmd end.
[2021-01-12 09:38:30,725][INFO][SERVER][HasCollection][grpcpp_sync_ser] Request [3] HasCollection begin.
[2021-01-12 09:38:30,726][INFO][SERVER][HasCollection][grpcpp_sync_ser] Request [3] HasCollection end.
[2021-01-12 09:38:51,995][INFO][SERVER][Cmd][grpcpp_sync_ser] Request [4] Cmd begin.
[2021-01-12 09:38:51,996][INFO][SERVER][Cmd][grpcpp_sync_ser] Request [4] Cmd end.
[2021-01-12 09:38:51,998][INFO][SERVER][HasCollection][grpcpp_sync_ser] Request [5] HasCollection begin.
[2021-01-12 09:38:51,999][INFO][SERVER][HasCollection][grpcpp_sync_ser] Request [5] HasCollection end.
[2021-01-12 09:46:57,511][INFO][SERVER][Cmd][grpcpp_sync_ser] Request [6] Cmd begin.
[2021-01-12 09:46:57,512][INFO][SERVER][Cmd][grpcpp_sync_ser] Request [6] Cmd end.
[2021-01-12 09:46:57,516][INFO][SERVER][HasCollection][grpcpp_sync_ser] Request [7] HasCollection begin.
[2021-01-12 09:46:57,517][INFO][SERVER][HasCollection][grpcpp_sync_ser] Request [7] HasCollection end.
[2021-01-12 09:47:15,531][INFO][SERVER][Cmd][grpcpp_sync_ser] Request [8] Cmd begin.
[2021-01-12 09:47:15,532][INFO][SERVER][Cmd][grpcpp_sync_ser] Request [8] Cmd end.
[2021-01-12 09:47:15,535][INFO][SERVER][HasCollection][grpcpp_sync_ser] Request [9] HasCollection begin.
[2021-01-12 09:47:15,537][INFO][SERVER][HasCollection][grpcpp_sync_ser] Request [9] HasCollection end.
[2021-01-12 09:49:09,508][INFO][SERVER][Cmd][grpcpp_sync_ser] Request [10] Cmd begin.
[2021-01-12 09:49:09,509][INFO][SERVER][Cmd][grpcpp_sync_ser] Request [10] Cmd end.
[2021-01-12 09:49:09,512][INFO][SERVER][HasCollection][grpcpp_sync_ser] Request [11] HasCollection begin.
[2021-01-12 09:49:09,514][INFO][SERVER][HasCollection][grpcpp_sync_ser] Request [11] HasCollection end.
[2021-01-12 09:50:18,605][INFO][SERVER][Cmd][grpcpp_sync_ser] Request [12] Cmd begin.
[2021-01-12 09:50:18,605][INFO][SERVER][Cmd][grpcpp_sync_ser] Request [12] Cmd end.
[2021-01-12 09:50:18,609][INFO][SERVER][HasCollection][grpcpp_sync_ser] Request [13] HasCollection begin.
[2021-01-12 09:50:18,610][INFO][SERVER][HasCollection][grpcpp_sync_ser] Request [13] HasCollection end.
[2021-01-12 09:52:07,483][INFO][SERVER][HandleSignal][milvus_server] Release lock!15
[2021-01-12 09:52:07,484][INFO][SERVER][HandleSignal][milvus_server] Server received critical signal: 15
[2021-01-12 09:52:07,485][INFO][SERVER][PrintStacktrace][milvus_server] Call stack:
[2021-01-12 09:52:07,609][INFO][SERVER][PrintStacktrace][milvus_server] /var/lib/milvus/bin/milvus_server() [0x6717ec]
[2021-01-12 09:52:07,672][INFO][SERVER][PrintStacktrace][milvus_server] /var/lib/milvus/bin/milvus_server() [0x6722d4]
[2021-01-12 09:52:07,673][INFO][SERVER][PrintStacktrace][milvus_server] /lib64/libc.so.6(+0x36400) [0x7ff733e44400]
[2021-01-12 09:52:07,673][INFO][SERVER][PrintStacktrace][milvus_server] /lib64/libpthread.so.0(pause+0x2d) [0x7ff734c1ff5d]
[2021-01-12 09:52:07,674][INFO][SERVER][PrintStacktrace][milvus_server] /var/lib/milvus/bin/milvus_server() [0x428609]
[2021-01-12 09:52:07,674][INFO][SERVER][PrintStacktrace][milvus_server] /lib64/libc.so.6(__libc_start_main+0xf5) [0x7ff733e30555]
[2021-01-12 09:52:07,675][INFO][SERVER][PrintStacktrace][milvus_server] /var/lib/milvus/bin/milvus_server() [0x432727]
[2021-01-12 09:52:07,931][INFO][SERVER][Stop][milvus_server] Scheduler gonna stop...
[2021-01-12 09:52:07,932][INFO][SERVER][Stop][milvus_server] Scheduler stopped
