[2021-01-15 14:43:43,075][INFO][SERVER][Check][milvus_server] InstanceLockCheck passed.
[2021-01-15 14:43:43,113][INFO][SERVER][Check][milvus_server] InstanceLockCheck passed.
[2021-01-15 14:43:43,114][INFO][SERVER][Start][milvus_server] Milvus Release version: v0.10.4, built at 2020-12-01 14:51.19
[2021-01-15 14:43:43,114][INFO][SERVER][Start][milvus_server] CPU edition
[2021-01-15 14:43:43,124][INFO][SERVER][CheckCpuInstructionSet][milvus_server] Supported CPU instruction sets: avx2, sse4_2
[2021-01-15 14:43:43,128][INFO][SERVER][LogConfigInFile][milvus_server] 

***************Config in file***************

version: 0.5
cluster:
  enable: false
  role: rw
general:
  timezone: UTC+8
  meta_uri: sqlite://:@:/
network:
  bind.address: 0.0.0.0
  bind.port: 19530
  http.enable: true
  http.port: 19121
storage:
  path: /var/lib/milvus
  auto_flush_interval: 1
wal:
  enable: true
  recovery_error_ignore: false
  buffer_size: 256MB
  path: /var/lib/milvus/wal
cache:
  cache_size: 1GB
  insert_buffer_size: 1GB
  preload_collection: ~
gpu:
  enable: false
  cache_size: 1GB
  gpu_search_threshold: 1000
  search_devices:
    - gpu0
  build_index_devices:
    - gpu0
fpga:
  enable: false
  search_devices:
    - fpga0
logs:
  level: debug
  trace.enable: true
  path: /var/lib/milvus/logs
  max_log_file_size: 1024MB
  log_rotate_num: 0
metric:
  enable: false
  address: 127.0.0.1
  port: 9091
[2021-01-15 14:43:43,129][INFO][SERVER][LogCpuInfo][milvus_server] 

***************CPU***************

processor	: 1
vendor_id	: GenuineIntel
cpu family	: 6
model		: 142
model name	: Intel(R) Core(TM) i5-8250U CPU @ 1.60GHz
stepping	: 10
microcode	: 0xffffffff
cpu MHz		: 1799.998
cache size	: 6144 KB
physical id	: 0
siblings	: 2
core id		: 0
cpu cores	: 1
apicid		: 1
initial apicid	: 1
fpu		: yes
fpu_exception	: yes
cpuid level	: 21
wp		: yes
flags		: fpu vme de pse tsc msr pae mce cx8 apic sep mtrr pge mca cmov pat pse36 clflush mmx fxsr sse sse2 ss ht syscall nx pdpe1gb rdtscp lm constant_tsc rep_good nopl xtopology cpuid pni pclmulqdq ssse3 fma cx16 pcid sse4_1 sse4_2 movbe popcnt aes xsave avx f16c rdrand hypervisor lahf_lm abm 3dnowprefetch invpcid_single ssbd ibrs ibpb stibp fsgsbase bmi1 avx2 smep bmi2 erms invpcid mpx rdseed adx smap clflushopt xsaveopt xsavec xgetbv1 xsaves flush_l1d arch_capabilities
bugs		: cpu_meltdown spectre_v1 spectre_v2 spec_store_bypass l1tf mds swapgs itlb_multihit
bogomips	: 3599.99
clflush size	: 64
cache_alignment	: 64
address sizes	: 39 bits physical, 48 bits virtual
power management:


[2021-01-15 14:43:43,130][INFO][SERVER][LogConfigInMem][milvus_server] 

***************Config in memory***************

{
   "cache": {
      "cache_insert_data": "false",
      "cache_size": "1GB",
      "cpu_cache_threshold": "0.7",
      "insert_buffer_size": "1GB",
      "preload_collection": ""
   },
   "cluster": {
      "enable": "false",
      "role": "rw"
   },
   "db_config": {
      "archive_days_threshold": "0",
      "archive_disk_threshold": "0"
   },
   "engine_config": {
      "max_partition_num": "4096",
      "omp_thread_num": "0",
      "simd_type": "auto",
      "use_blas_threshold": "1100"
   },
   "general": {
      "meta_uri": "sqlite://:@:/",
      "timezone": "UTC+8"
   },
   "logs": {
      "level": "debug",
      "log_rotate_num": "0",
      "max_log_file_size": "1024MB",
      "path": "/var/lib/milvus/logs",
      "trace.enable": "true"
   },
   "metric": {
      "address": "127.0.0.1",
      "enable": "false",
      "port": "9091"
   },
   "network": {
      "bind.address": "0.0.0.0",
      "bind.port": "19530",
      "http.enable": "true",
      "http.port": "19121"
   },
   "storage": {
      "auto_flush_interval": "1",
      "path": "/var/lib/milvus"
   },
   "tracing_config": {
      "json_config_path": ""
   },
   "wal": {
      "buffer_size": "256MB",
      "enable": "true",
      "path": "/var/lib/milvus/wal",
      "recovery_error_ignore": "false"
   }
}
[2021-01-15 14:43:43,199][INFO][ENGINE][Build][milvus_server] Using SQLite
[2021-01-15 14:47:24,011][INFO][SERVER][Cmd][grpcpp_sync_ser] Request [0] Cmd begin.
[2021-01-15 14:47:24,012][INFO][SERVER][PutToQueue][grpcpp_sync_ser] Create new thread for request group: info
[2021-01-15 14:47:24,013][INFO][SERVER][Cmd][grpcpp_sync_ser] Request [0] Cmd end.
[2021-01-15 14:47:24,016][INFO][SERVER][HasCollection][grpcpp_sync_ser] Request [1] HasCollection begin.
[2021-01-15 14:47:24,050][INFO][SERVER][HasCollection][grpcpp_sync_ser] Request [1] HasCollection end.
[2021-01-15 14:47:43,674][INFO][SERVER][Cmd][grpcpp_sync_ser] Request [2] Cmd begin.
[2021-01-15 14:47:43,675][INFO][SERVER][Cmd][grpcpp_sync_ser] Request [2] Cmd end.
[2021-01-15 14:47:43,682][INFO][SERVER][HasCollection][grpcpp_sync_ser] Request [3] HasCollection begin.
[2021-01-15 14:47:43,683][INFO][SERVER][HasCollection][grpcpp_sync_ser] Request [3] HasCollection end.
[2021-01-15 14:53:01,245][INFO][SERVER][Search][grpcpp_sync_ser] Request [4] Search begin.
[2021-01-15 14:53:01,289][INFO][SERVER][OnPreExecute][grpcpp_sync_ser] [search][0] Search pre-execute. Check search parameters
[2021-01-15 14:53:01,322][INFO][SERVER][PutToQueue][grpcpp_sync_ser] Create new thread for request group: dql
[2021-01-15 14:53:01,358][INFO][SERVER][OnExecute][reqsched_thread] [search][0] Search execute.
[2021-01-15 14:53:01,566][INFO][SERVER][CpuCacheMgr][reqsched_thread] cpu cache.size: 1073741824
[2021-01-15 14:53:01,752][INFO][SERVER][Search][grpcpp_sync_ser] Request [4] Search end.
[2021-01-15 14:53:03,539][INFO][SERVER][Search][grpcpp_sync_ser] Request [5] Search begin.
[2021-01-15 14:53:03,540][INFO][SERVER][OnPreExecute][grpcpp_sync_ser] [search][0] Search pre-execute. Check search parameters
[2021-01-15 14:53:03,540][INFO][SERVER][OnExecute][reqsched_thread] [search][0] Search execute.
[2021-01-15 14:53:03,550][INFO][SERVER][Search][grpcpp_sync_ser] Request [5] Search end.
[2021-01-15 14:53:08,287][INFO][SERVER][Search][grpcpp_sync_ser] Request [6] Search begin.
[2021-01-15 14:53:08,287][INFO][SERVER][OnPreExecute][grpcpp_sync_ser] [search][0] Search pre-execute. Check search parameters
[2021-01-15 14:53:08,288][INFO][SERVER][OnExecute][reqsched_thread] [search][0] Search execute.
[2021-01-15 14:53:08,298][INFO][SERVER][Search][grpcpp_sync_ser] Request [6] Search end.
[2021-01-15 14:53:12,989][INFO][SERVER][Search][grpcpp_sync_ser] Request [7] Search begin.
[2021-01-15 14:53:12,990][INFO][SERVER][OnPreExecute][grpcpp_sync_ser] [search][0] Search pre-execute. Check search parameters
[2021-01-15 14:53:12,991][INFO][SERVER][OnExecute][reqsched_thread] [search][0] Search execute.
[2021-01-15 14:53:13,003][INFO][SERVER][Search][grpcpp_sync_ser] Request [7] Search end.
[2021-01-15 14:53:16,487][INFO][SERVER][Search][grpcpp_sync_ser] Request [8] Search begin.
[2021-01-15 14:53:16,487][INFO][SERVER][OnPreExecute][grpcpp_sync_ser] [search][0] Search pre-execute. Check search parameters
[2021-01-15 14:53:16,488][INFO][SERVER][OnExecute][reqsched_thread] [search][0] Search execute.
[2021-01-15 14:53:16,499][INFO][SERVER][Search][grpcpp_sync_ser] Request [8] Search end.
[2021-01-15 14:53:19,755][INFO][SERVER][Search][grpcpp_sync_ser] Request [9] Search begin.
[2021-01-15 14:53:19,755][INFO][SERVER][OnPreExecute][grpcpp_sync_ser] [search][0] Search pre-execute. Check search parameters
[2021-01-15 14:53:19,756][INFO][SERVER][OnExecute][reqsched_thread] [search][0] Search execute.
[2021-01-15 14:53:19,766][INFO][SERVER][Search][grpcpp_sync_ser] Request [9] Search end.
[2021-01-15 14:53:20,966][INFO][SERVER][Insert][grpcpp_sync_ser] Request [10] Insert begin.
[2021-01-15 14:53:20,966][INFO][SERVER][PutToQueue][grpcpp_sync_ser] Create new thread for request group: ddl_dml
[2021-01-15 14:53:20,967][INFO][SERVER][OnExecute][reqsched_thread] [insert][0] Execute insert request.
[2021-01-15 14:53:21,032][INFO][WAL][Insert][reqsched_thread] [insert][0]retina_face insert in part  with lsn 4295480332
[2021-01-15 14:53:21,033][INFO][WAL][GetNextRecord][wal_thread] record type 2 collection retina_face lsn 4295480332
[2021-01-15 14:53:21,052][INFO][SERVER][Insert][grpcpp_sync_ser] Request [10] Insert end.
[2021-01-15 14:53:21,054][INFO][SERVER][Flush][grpcpp_sync_ser] Request [11] Flush begin.
[2021-01-15 14:53:21,056][INFO][WAL][Flush][reqsched_thread] retina_face want to be flush, lsn 4295480332
[2021-01-15 14:53:21,158][INFO][WAL][operator()][wal_thread] record flush collection retina_face lsn 4295480332
[2021-01-15 14:53:21,291][INFO][WAL][CollectionFlushed][wal_thread] retina_face is flushed by lsn 4295480332
[2021-01-15 14:53:21,292][INFO][SERVER][Flush][grpcpp_sync_ser] Request [11] Flush end.
[2021-01-15 14:53:22,215][INFO][SERVER][Insert][grpcpp_sync_ser] Request [12] Insert begin.
[2021-01-15 14:53:22,216][INFO][SERVER][OnExecute][reqsched_thread] [insert][0] Execute insert request.
[2021-01-15 14:53:22,218][INFO][WAL][Insert][reqsched_thread] [insert][0]retina_face insert in part  with lsn 4295482420
[2021-01-15 14:53:22,219][INFO][WAL][GetNextRecord][wal_thread] record type 2 collection retina_face lsn 4295482420
[2021-01-15 14:53:22,222][INFO][SERVER][Insert][grpcpp_sync_ser] Request [12] Insert end.
[2021-01-15 14:53:22,224][INFO][SERVER][Flush][grpcpp_sync_ser] Request [13] Flush begin.
[2021-01-15 14:53:22,227][INFO][WAL][Flush][reqsched_thread] retina_face want to be flush, lsn 4295482420
[2021-01-15 14:53:22,227][INFO][WAL][operator()][wal_thread] record flush collection retina_face lsn 4295482420
[2021-01-15 14:53:22,357][INFO][WAL][CollectionFlushed][wal_thread] retina_face is flushed by lsn 4295482420
[2021-01-15 14:53:22,359][INFO][SERVER][Flush][grpcpp_sync_ser] Request [13] Flush end.
[2021-01-15 14:55:36,047][INFO][SERVER][Search][grpcpp_sync_ser] Request [14] Search begin.
[2021-01-15 14:55:36,047][INFO][SERVER][OnPreExecute][grpcpp_sync_ser] [search][0] Search pre-execute. Check search parameters
[2021-01-15 14:55:36,048][INFO][SERVER][OnExecute][reqsched_thread] [search][0] Search execute.
[2021-01-15 14:55:36,072][INFO][SERVER][Search][grpcpp_sync_ser] Request [14] Search end.
[2021-01-15 14:55:38,372][INFO][SERVER][Search][grpcpp_sync_ser] Request [15] Search begin.
[2021-01-15 14:55:38,372][INFO][SERVER][OnPreExecute][grpcpp_sync_ser] [search][0] Search pre-execute. Check search parameters
[2021-01-15 14:55:38,373][INFO][SERVER][OnExecute][reqsched_thread] [search][0] Search execute.
[2021-01-15 14:55:38,382][INFO][SERVER][Search][grpcpp_sync_ser] Request [15] Search end.
[2021-01-15 14:55:42,694][INFO][SERVER][Search][grpcpp_sync_ser] Request [16] Search begin.
[2021-01-15 14:55:42,695][INFO][SERVER][OnPreExecute][grpcpp_sync_ser] [search][0] Search pre-execute. Check search parameters
[2021-01-15 14:55:42,695][INFO][SERVER][OnExecute][reqsched_thread] [search][0] Search execute.
[2021-01-15 14:55:42,708][INFO][SERVER][Search][grpcpp_sync_ser] Request [16] Search end.
[2021-01-15 14:55:46,982][INFO][SERVER][Search][grpcpp_sync_ser] Request [17] Search begin.
[2021-01-15 14:55:46,982][INFO][SERVER][OnPreExecute][grpcpp_sync_ser] [search][0] Search pre-execute. Check search parameters
[2021-01-15 14:55:46,983][INFO][SERVER][OnExecute][reqsched_thread] [search][0] Search execute.
[2021-01-15 14:55:46,993][INFO][SERVER][Search][grpcpp_sync_ser] Request [17] Search end.
[2021-01-15 14:55:50,333][INFO][SERVER][Search][grpcpp_sync_ser] Request [18] Search begin.
[2021-01-15 14:55:50,333][INFO][SERVER][OnPreExecute][grpcpp_sync_ser] [search][0] Search pre-execute. Check search parameters
[2021-01-15 14:55:50,334][INFO][SERVER][OnExecute][reqsched_thread] [search][0] Search execute.
[2021-01-15 14:55:50,343][INFO][SERVER][Search][grpcpp_sync_ser] Request [18] Search end.
[2021-01-15 14:55:53,676][INFO][SERVER][Search][grpcpp_sync_ser] Request [19] Search begin.
[2021-01-15 14:55:53,677][INFO][SERVER][OnPreExecute][grpcpp_sync_ser] [search][0] Search pre-execute. Check search parameters
[2021-01-15 14:55:53,678][INFO][SERVER][OnExecute][reqsched_thread] [search][0] Search execute.
[2021-01-15 14:55:53,689][INFO][SERVER][Search][grpcpp_sync_ser] Request [19] Search end.
[2021-01-15 15:00:43,415][INFO][SERVER][Search][grpcpp_sync_ser] Request [20] Search begin.
[2021-01-15 15:00:43,416][INFO][SERVER][OnPreExecute][grpcpp_sync_ser] [search][0] Search pre-execute. Check search parameters
[2021-01-15 15:00:43,416][INFO][SERVER][OnExecute][reqsched_thread] [search][0] Search execute.
[2021-01-15 15:00:43,425][INFO][SERVER][Search][grpcpp_sync_ser] Request [20] Search end.
[2021-01-15 15:00:45,562][INFO][SERVER][Search][grpcpp_sync_ser] Request [21] Search begin.
[2021-01-15 15:00:45,562][INFO][SERVER][OnPreExecute][grpcpp_sync_ser] [search][0] Search pre-execute. Check search parameters
[2021-01-15 15:00:45,563][INFO][SERVER][OnExecute][reqsched_thread] [search][0] Search execute.
[2021-01-15 15:00:45,573][INFO][SERVER][Search][grpcpp_sync_ser] Request [21] Search end.
[2021-01-15 15:00:47,666][INFO][SERVER][Search][grpcpp_sync_ser] Request [22] Search begin.
[2021-01-15 15:00:47,666][INFO][SERVER][OnPreExecute][grpcpp_sync_ser] [search][0] Search pre-execute. Check search parameters
[2021-01-15 15:00:47,667][INFO][SERVER][OnExecute][reqsched_thread] [search][0] Search execute.
[2021-01-15 15:00:47,677][INFO][SERVER][Search][grpcpp_sync_ser] Request [22] Search end.
[2021-01-15 15:00:49,785][INFO][SERVER][Search][grpcpp_sync_ser] Request [23] Search begin.
[2021-01-15 15:00:49,785][INFO][SERVER][OnPreExecute][grpcpp_sync_ser] [search][0] Search pre-execute. Check search parameters
[2021-01-15 15:00:49,786][INFO][SERVER][OnExecute][reqsched_thread] [search][0] Search execute.
[2021-01-15 15:00:49,794][INFO][SERVER][Search][grpcpp_sync_ser] Request [23] Search end.
[2021-01-15 15:00:51,918][INFO][SERVER][Search][grpcpp_sync_ser] Request [24] Search begin.
[2021-01-15 15:00:51,918][INFO][SERVER][OnPreExecute][grpcpp_sync_ser] [search][0] Search pre-execute. Check search parameters
[2021-01-15 15:00:51,919][INFO][SERVER][OnExecute][reqsched_thread] [search][0] Search execute.
[2021-01-15 15:00:51,929][INFO][SERVER][Search][grpcpp_sync_ser] Request [24] Search end.
[2021-01-15 15:00:54,046][INFO][SERVER][Search][grpcpp_sync_ser] Request [25] Search begin.
[2021-01-15 15:00:54,046][INFO][SERVER][OnPreExecute][grpcpp_sync_ser] [search][0] Search pre-execute. Check search parameters
[2021-01-15 15:00:54,047][INFO][SERVER][OnExecute][reqsched_thread] [search][0] Search execute.
[2021-01-15 15:00:54,058][INFO][SERVER][Search][grpcpp_sync_ser] Request [25] Search end.
[2021-01-15 15:00:58,313][INFO][SERVER][Search][grpcpp_sync_ser] Request [26] Search begin.
[2021-01-15 15:00:58,313][INFO][SERVER][OnPreExecute][grpcpp_sync_ser] [search][0] Search pre-execute. Check search parameters
[2021-01-15 15:00:58,314][INFO][SERVER][OnExecute][reqsched_thread] [search][0] Search execute.
[2021-01-15 15:00:58,321][INFO][SERVER][Search][grpcpp_sync_ser] Request [26] Search end.
[2021-01-15 15:01:02,582][INFO][SERVER][Search][grpcpp_sync_ser] Request [27] Search begin.
[2021-01-15 15:01:02,582][INFO][SERVER][OnPreExecute][grpcpp_sync_ser] [search][0] Search pre-execute. Check search parameters
[2021-01-15 15:01:02,583][INFO][SERVER][OnExecute][reqsched_thread] [search][0] Search execute.
[2021-01-15 15:01:02,592][INFO][SERVER][Search][grpcpp_sync_ser] Request [27] Search end.
[2021-01-15 15:01:06,863][INFO][SERVER][Search][grpcpp_sync_ser] Request [28] Search begin.
[2021-01-15 15:01:06,864][INFO][SERVER][OnPreExecute][grpcpp_sync_ser] [search][0] Search pre-execute. Check search parameters
[2021-01-15 15:01:06,864][INFO][SERVER][OnExecute][reqsched_thread] [search][0] Search execute.
[2021-01-15 15:01:06,905][INFO][SERVER][Search][grpcpp_sync_ser] Request [28] Search end.
[2021-01-15 15:01:11,157][INFO][SERVER][Search][grpcpp_sync_ser] Request [29] Search begin.
[2021-01-15 15:01:11,157][INFO][SERVER][OnPreExecute][grpcpp_sync_ser] [search][0] Search pre-execute. Check search parameters
[2021-01-15 15:01:11,157][INFO][SERVER][OnExecute][reqsched_thread] [search][0] Search execute.
[2021-01-15 15:01:11,167][INFO][SERVER][Search][grpcpp_sync_ser] Request [29] Search end.
[2021-01-15 15:01:15,443][INFO][SERVER][Search][grpcpp_sync_ser] Request [30] Search begin.
[2021-01-15 15:01:15,443][INFO][SERVER][OnPreExecute][grpcpp_sync_ser] [search][0] Search pre-execute. Check search parameters
[2021-01-15 15:01:15,443][INFO][SERVER][OnExecute][reqsched_thread] [search][0] Search execute.
[2021-01-15 15:01:15,454][INFO][SERVER][Search][grpcpp_sync_ser] Request [30] Search end.
[2021-01-15 15:01:19,782][INFO][SERVER][Search][grpcpp_sync_ser] Request [31] Search begin.
[2021-01-15 15:01:19,782][INFO][SERVER][OnPreExecute][grpcpp_sync_ser] [search][0] Search pre-execute. Check search parameters
[2021-01-15 15:01:19,783][INFO][SERVER][OnExecute][reqsched_thread] [search][0] Search execute.
[2021-01-15 15:01:19,793][INFO][SERVER][Search][grpcpp_sync_ser] Request [31] Search end.
[2021-01-15 15:01:23,331][INFO][SERVER][Search][grpcpp_sync_ser] Request [32] Search begin.
[2021-01-15 15:01:23,332][INFO][SERVER][OnPreExecute][grpcpp_sync_ser] [search][0] Search pre-execute. Check search parameters
[2021-01-15 15:01:23,332][INFO][SERVER][OnExecute][reqsched_thread] [search][0] Search execute.
[2021-01-15 15:01:23,345][INFO][SERVER][Search][grpcpp_sync_ser] Request [32] Search end.
[2021-01-15 15:01:26,677][INFO][SERVER][Search][grpcpp_sync_ser] Request [33] Search begin.
[2021-01-15 15:01:26,677][INFO][SERVER][OnPreExecute][grpcpp_sync_ser] [search][0] Search pre-execute. Check search parameters
[2021-01-15 15:01:26,678][INFO][SERVER][OnExecute][reqsched_thread] [search][0] Search execute.
[2021-01-15 15:01:26,686][INFO][SERVER][Search][grpcpp_sync_ser] Request [33] Search end.
[2021-01-15 15:01:30,023][INFO][SERVER][Search][grpcpp_sync_ser] Request [34] Search begin.
[2021-01-15 15:01:30,023][INFO][SERVER][OnPreExecute][grpcpp_sync_ser] [search][0] Search pre-execute. Check search parameters
[2021-01-15 15:01:30,024][INFO][SERVER][OnExecute][reqsched_thread] [search][0] Search execute.
[2021-01-15 15:01:30,033][INFO][SERVER][Search][grpcpp_sync_ser] Request [34] Search end.
[2021-01-15 15:01:33,375][INFO][SERVER][Search][grpcpp_sync_ser] Request [35] Search begin.
[2021-01-15 15:01:33,375][INFO][SERVER][OnPreExecute][grpcpp_sync_ser] [search][0] Search pre-execute. Check search parameters
[2021-01-15 15:01:33,376][INFO][SERVER][OnExecute][reqsched_thread] [search][0] Search execute.
[2021-01-15 15:01:33,385][INFO][SERVER][Search][grpcpp_sync_ser] Request [35] Search end.
[2021-01-15 15:01:36,720][INFO][SERVER][Search][grpcpp_sync_ser] Request [36] Search begin.
[2021-01-15 15:01:36,721][INFO][SERVER][OnPreExecute][grpcpp_sync_ser] [search][0] Search pre-execute. Check search parameters
[2021-01-15 15:01:36,721][INFO][SERVER][OnExecute][reqsched_thread] [search][0] Search execute.
[2021-01-15 15:01:36,731][INFO][SERVER][Search][grpcpp_sync_ser] Request [36] Search end.
[2021-01-15 15:01:40,041][INFO][SERVER][Search][grpcpp_sync_ser] Request [37] Search begin.
[2021-01-15 15:01:40,042][INFO][SERVER][OnPreExecute][grpcpp_sync_ser] [search][0] Search pre-execute. Check search parameters
[2021-01-15 15:01:40,043][INFO][SERVER][OnExecute][reqsched_thread] [search][0] Search execute.
[2021-01-15 15:01:40,056][INFO][SERVER][Search][grpcpp_sync_ser] Request [37] Search end.
[2021-01-15 15:05:04,563][INFO][SERVER][HandleSignal][milvus_server] Release lock!15
[2021-01-15 15:05:04,564][INFO][SERVER][HandleSignal][milvus_server] Server received critical signal: 15
[2021-01-15 15:05:04,565][INFO][SERVER][PrintStacktrace][milvus_server] Call stack:
[2021-01-15 15:05:04,842][INFO][SERVER][PrintStacktrace][milvus_server] /var/lib/milvus/bin/milvus_server() [0x6717ec]
[2021-01-15 15:05:04,844][INFO][SERVER][PrintStacktrace][milvus_server] /var/lib/milvus/bin/milvus_server() [0x6722d4]
[2021-01-15 15:05:04,844][INFO][SERVER][PrintStacktrace][milvus_server] /lib64/libc.so.6(+0x36400) [0x7fc4a30d3400]
[2021-01-15 15:05:04,844][INFO][SERVER][PrintStacktrace][milvus_server] /lib64/libpthread.so.0(pause+0x2d) [0x7fc4a3eaef5d]
[2021-01-15 15:05:04,845][INFO][SERVER][PrintStacktrace][milvus_server] /var/lib/milvus/bin/milvus_server() [0x428609]
[2021-01-15 15:05:04,845][INFO][SERVER][PrintStacktrace][milvus_server] /lib64/libc.so.6(__libc_start_main+0xf5) [0x7fc4a30bf555]
[2021-01-15 15:05:04,845][INFO][SERVER][PrintStacktrace][milvus_server] /var/lib/milvus/bin/milvus_server() [0x432727]
[2021-01-15 15:05:07,272][INFO][SERVER][Stop][milvus_server] Scheduler gonna stop...
[2021-01-15 15:05:07,274][INFO][SERVER][Stop][milvus_server] Scheduler stopped
