[2020-12-28 16:17:01,971][INFO][SERVER][Check][milvus_server] InstanceLockCheck passed.
[2020-12-28 16:17:02,002][INFO][SERVER][Check][milvus_server] InstanceLockCheck passed.
[2020-12-28 16:17:02,002][INFO][SERVER][Start][milvus_server] Milvus Release version: v0.9.1, built at 2020-05-28 17:39.31
[2020-12-28 16:17:02,004][INFO][SERVER][Start][milvus_server] CPU edition
[2020-12-28 16:17:02,017][INFO][SERVER][CheckCpuInstructionSet][milvus_server] Supported CPU instruction sets: avx2, sse4_2
[2020-12-28 16:17:02,023][INFO][SERVER][LogConfigInFile][milvus_server] 

***************Config in file***************

version: 0.4
server_config:
  address: 0.0.0.0
  port: 19530
  deploy_mode: single
  time_zone: UTC+8
  web_enable: true
  web_port: 19121
db_config:
  backend_url: sqlite://:@:/
  preload_collection: ~
  auto_flush_interval: 1
storage_config:
  primary_path: /var/lib/milvus
  secondary_path: ~
  file_cleanup_timeout: 10
metric_config:
  enable_monitor: false
  address: 127.0.0.1
  port: 9091
cache_config:
  cpu_cache_capacity: 1
  insert_buffer_size: 1
  cache_insert_data: false
engine_config:
  use_blas_threshold: 1100
  gpu_search_threshold: 1000
gpu_resource_config:
  enable: false
  cache_capacity: 1
  search_resources:
    - gpu0
  build_index_resources:
    - gpu0
tracing_config:
  json_config_path: ~
wal_config:
  enable: true
  recovery_error_ignore: true
  buffer_size: 256
  wal_path: /var/lib/milvus/wal
logs:
  trace.enable: true
  debug.enable: true
  info.enable: true
  warning.enable: true
  error.enable: true
  fatal.enable: true
  path: /var/lib/milvus/logs
  max_log_file_size: 1024
  log_rotate_num: 0
[2020-12-28 16:17:02,049][INFO][SERVER][LogCpuInfo][milvus_server] 

***************CPU***************

processor	: 1
vendor_id	: GenuineIntel
cpu family	: 6
model		: 142
model name	: Intel(R) Core(TM) i5-8250U CPU @ 1.60GHz
stepping	: 10
microcode	: 0xffffffff
cpu MHz		: 1800.000
cache size	: 6144 KB
physical id	: 0
siblings	: 2
core id		: 0
cpu cores	: 1
apicid		: 1
initial apicid	: 1
fpu		: yes
fpu_exception	: yes
cpuid level	: 21
wp		: yes
flags		: fpu vme de pse tsc msr pae mce cx8 apic sep mtrr pge mca cmov pat pse36 clflush mmx fxsr sse sse2 ss ht syscall nx pdpe1gb rdtscp lm constant_tsc rep_good nopl xtopology cpuid pni pclmulqdq ssse3 fma cx16 pcid sse4_1 sse4_2 movbe popcnt aes xsave avx f16c rdrand hypervisor lahf_lm abm 3dnowprefetch invpcid_single ssbd ibrs ibpb stibp fsgsbase bmi1 avx2 smep bmi2 erms invpcid mpx rdseed adx smap clflushopt xsaveopt xsavec xgetbv1 xsaves flush_l1d arch_capabilities
bugs		: cpu_meltdown spectre_v1 spectre_v2 spec_store_bypass l1tf mds swapgs itlb_multihit
bogomips	: 3600.00
clflush size	: 64
cache_alignment	: 64
address sizes	: 39 bits physical, 48 bits virtual
power management:


[2020-12-28 16:17:02,050][INFO][SERVER][LogConfigInMem][milvus_server] 

***************Config in memory***************

{
   "cache_config": {
      "cache_insert_data": "false",
      "cpu_cache_capacity": "1",
      "cpu_cache_threshold": "0.7",
      "insert_buffer_size": "1"
   },
   "db_config": {
      "archive_days_threshold": "0",
      "archive_disk_threshold": "0",
      "auto_flush_interval": "1",
      "backend_url": "sqlite://:@:/",
      "preload_collection": ""
   },
   "engine_config": {
      "omp_thread_num": "0",
      "simd_type": "auto",
      "use_blas_threshold": "1100"
   },
   "logs": {
      "debug.enable": "true",
      "error.enable": "true",
      "fatal.enable": "true",
      "info.enable": "true",
      "log_rotate_num": "0",
      "max_log_file_size": "1024",
      "path": "/var/lib/milvus/logs",
      "trace.enable": "true",
      "warning.enable": "true"
   },
   "metric_config": {
      "address": "127.0.0.1",
      "enable_monitor": "false",
      "port": "9091"
   },
   "server_config": {
      "address": "0.0.0.0",
      "deploy_mode": "single",
      "port": "19530",
      "time_zone": "UTC+8",
      "web_enable": "true",
      "web_port": "19121"
   },
   "storage_config": {
      "primary_path": "/var/lib/milvus",
      "secondary_path": ""
   },
   "tracing_config": {
      "json_config_path": ""
   },
   "wal_config": {
      "buffer_size": "256",
      "enable": "true",
      "recovery_error_ignore": "true",
      "wal_path": "/var/lib/milvus/wal"
   }
}
[2020-12-28 16:17:02,057][INFO][ENGINE][Build][milvus_server] Using SQLite
[2020-12-28 16:17:03,498][INFO][WAL][CollectionFlushed][wal_thread]  is flushed by lsn 0
[2020-12-28 16:17:04,499][INFO][WAL][CollectionFlushed][wal_thread]  is flushed by lsn 0
[2020-12-28 16:17:05,612][INFO][WAL][CollectionFlushed][wal_thread]  is flushed by lsn 0
[2020-12-28 16:17:06,615][INFO][WAL][CollectionFlushed][wal_thread]  is flushed by lsn 0
[2020-12-28 16:17:07,622][INFO][WAL][CollectionFlushed][wal_thread]  is flushed by lsn 0
[2020-12-28 16:17:08,623][INFO][WAL][CollectionFlushed][wal_thread]  is flushed by lsn 0
[2020-12-28 16:17:09,624][INFO][WAL][CollectionFlushed][wal_thread]  is flushed by lsn 0
[2020-12-28 16:17:10,626][INFO][WAL][CollectionFlushed][wal_thread]  is flushed by lsn 0
[2020-12-28 16:17:11,627][INFO][WAL][CollectionFlushed][wal_thread]  is flushed by lsn 0
[2020-12-28 16:17:12,628][INFO][WAL][CollectionFlushed][wal_thread]  is flushed by lsn 0
[2020-12-28 16:17:13,630][INFO][WAL][CollectionFlushed][wal_thread]  is flushed by lsn 0
[2020-12-28 16:17:14,631][INFO][WAL][CollectionFlushed][wal_thread]  is flushed by lsn 0
[2020-12-28 16:17:15,632][INFO][WAL][CollectionFlushed][wal_thread]  is flushed by lsn 0
[2020-12-28 16:17:16,633][INFO][WAL][CollectionFlushed][wal_thread]  is flushed by lsn 0
[2020-12-28 16:17:17,634][INFO][WAL][CollectionFlushed][wal_thread]  is flushed by lsn 0
[2020-12-28 16:17:18,635][INFO][WAL][CollectionFlushed][wal_thread]  is flushed by lsn 0
[2020-12-28 16:17:19,637][INFO][WAL][CollectionFlushed][wal_thread]  is flushed by lsn 0
[2020-12-28 16:17:20,638][INFO][WAL][CollectionFlushed][wal_thread]  is flushed by lsn 0
[2020-12-28 16:17:21,639][INFO][WAL][CollectionFlushed][wal_thread]  is flushed by lsn 0
[2020-12-28 16:17:22,640][INFO][WAL][CollectionFlushed][wal_thread]  is flushed by lsn 0
[2020-12-28 16:17:23,641][INFO][WAL][CollectionFlushed][wal_thread]  is flushed by lsn 0
[2020-12-28 16:17:24,643][INFO][WAL][CollectionFlushed][wal_thread]  is flushed by lsn 0
[2020-12-28 16:17:25,646][INFO][WAL][CollectionFlushed][wal_thread]  is flushed by lsn 0
[2020-12-28 16:17:26,647][INFO][WAL][CollectionFlushed][wal_thread]  is flushed by lsn 0
[2020-12-28 16:17:27,648][INFO][WAL][CollectionFlushed][wal_thread]  is flushed by lsn 0
[2020-12-28 16:17:28,650][INFO][WAL][CollectionFlushed][wal_thread]  is flushed by lsn 0
[2020-12-28 16:17:29,651][INFO][WAL][CollectionFlushed][wal_thread]  is flushed by lsn 0
[2020-12-28 16:17:30,652][INFO][WAL][CollectionFlushed][wal_thread]  is flushed by lsn 0
[2020-12-28 16:17:31,653][INFO][WAL][CollectionFlushed][wal_thread]  is flushed by lsn 0
[2020-12-28 16:17:32,654][INFO][WAL][CollectionFlushed][wal_thread]  is flushed by lsn 0
[2020-12-28 16:17:33,656][INFO][WAL][CollectionFlushed][wal_thread]  is flushed by lsn 0
[2020-12-28 16:17:34,657][INFO][WAL][CollectionFlushed][wal_thread]  is flushed by lsn 0
[2020-12-28 16:17:35,660][INFO][WAL][CollectionFlushed][wal_thread]  is flushed by lsn 0
[2020-12-28 16:17:36,662][INFO][WAL][CollectionFlushed][wal_thread]  is flushed by lsn 0
[2020-12-28 16:17:37,663][INFO][WAL][CollectionFlushed][wal_thread]  is flushed by lsn 0
[2020-12-28 16:17:38,664][INFO][WAL][CollectionFlushed][wal_thread]  is flushed by lsn 0
[2020-12-28 16:17:39,666][INFO][WAL][CollectionFlushed][wal_thread]  is flushed by lsn 0
[2020-12-28 16:17:40,667][INFO][WAL][CollectionFlushed][wal_thread]  is flushed by lsn 0
[2020-12-28 16:17:41,669][INFO][WAL][CollectionFlushed][wal_thread]  is flushed by lsn 0
[2020-12-28 16:17:42,670][INFO][WAL][CollectionFlushed][wal_thread]  is flushed by lsn 0
[2020-12-28 16:17:43,672][INFO][WAL][CollectionFlushed][wal_thread]  is flushed by lsn 0
