[2021-01-12 12:28:52,767][DEBUG][ENGINE][CheckCpuInstructionSet][milvus_server] Supported CPU instruction sets: avx2, sse4_2
[2021-01-12 12:28:52,804][DEBUG][ENGINE][Initialize][milvus_server] FAISS hook AVX2
[2021-01-12 12:28:52,809][DEBUG][ENGINE][Build][milvus_server] MetaUri: sqlite://:@:/

[2021-01-12 12:28:53,274][DEBUG][ENGINE][SqlTransaction][milvus_server] CREATE TABLE IF NOT EXISTS Environment(global_lsn INTEGER DEFAULT (0) NOT NULL);
[2021-01-12 12:28:53,275][DEBUG][ENGINE][SqlTransaction][milvus_server] CREATE TABLE IF NOT EXISTS Tables(id INTEGER PRIMARY KEY NOT NULL,table_id TEXT UNIQUE NOT NULL,state INTEGER NOT NULL,dimension INTEGER NOT NULL,created_on INTEGER NOT NULL,flag INTEGER DEFAULT (0) NOT NULL,index_file_size INTEGER NOT NULL,engine_type INTEGER NOT NULL,index_params TEXT NOT NULL,metric_type INTEGER NOT NULL,owner_table TEXT DEFAULT ('') NOT NULL,partition_tag TEXT DEFAULT ('') NOT NULL,version TEXT DEFAULT ('0.10.4') NOT NULL,flush_lsn INTEGER NOT NULL);
[2021-01-12 12:28:53,318][DEBUG][ENGINE][SqlTransaction][milvus_server] CREATE TABLE IF NOT EXISTS TableFiles(id INTEGER PRIMARY KEY NOT NULL,table_id TEXT NOT NULL,segment_id TEXT DEFAULT ('') NOT NULL,engine_type INTEGER NOT NULL,file_id TEXT NOT NULL,file_type INTEGER NOT NULL,file_size INTEGER DEFAULT (0) NOT NULL,row_count INTEGER DEFAULT (0) NOT NULL,updated_time INTEGER NOT NULL,created_on INTEGER NOT NULL,date INTEGER NOT NULL,flush_lsn INTEGER NOT NULL);
[2021-01-12 12:28:53,321][DEBUG][ENGINE][SqlTransaction][milvus_server] CREATE TABLE IF NOT EXISTS Fields(collection_id TEXT NOT NULL,field_name TEXT NOT NULL,field_type INTEGER NOT NULL,field_params TEXT NOT NULL);
[2021-01-12 12:28:53,327][DEBUG][ENGINE][SqlTransaction][milvus_server] DELETE FROM TableFiles WHERE file_type IN (0,5,6);
[2021-01-12 12:28:53,339][DEBUG][ENGINE][SqlQuery][milvus_server] SELECT id, table_id, dimension, engine_type, index_params, index_file_size, metric_type,owner_table, partition_tag, version, flush_lsn FROM 'Tables' WHERE state <> 1;
[2021-01-12 12:28:53,340][DEBUG][ENGINE][SqlQuery][milvus_server] SELECT id, state, dimension, created_on, flag, index_file_size, engine_type, index_params, metric_type ,owner_table, partition_tag, version, flush_lsn FROM Tables WHERE table_id = 'resnet18_simple' AND state <> 1;
[2021-01-12 12:28:53,342][DEBUG][ENGINE][SqlQuery][milvus_server] SELECT id, table_id, segment_id, file_id, file_type, file_size, row_count, date, engine_type, created_on, updated_time FROM 'TableFiles' WHERE table_id = 'resnet18_simple' AND file_type = 1 ORDER BY row_count DESC;
[2021-01-12 12:28:53,344][DEBUG][ENGINE][SqlQuery][milvus_server] SELECT global_lsn FROM Environment;
[2021-01-12 12:28:53,345][DEBUG][ENGINE][SqlQuery][milvus_server] SELECT id, table_id, dimension, engine_type, index_params, index_file_size, metric_type,owner_table, partition_tag, version, flush_lsn FROM 'Tables' WHERE state <> 1;
[2021-01-12 12:28:53,345][DEBUG][ENGINE][SqlQuery][milvus_server] SELECT table_id, id, state, dimension, created_on, flag, index_file_size, engine_type, index_params, metric_type, partition_tag, version, flush_lsn FROM Tables WHERE owner_table = 'resnet18_simple' AND state <> 1;
[2021-01-12 12:28:53,346][DEBUG][ENGINE][SqlQuery][milvus_server] SELECT id, state, dimension, created_on, flag, index_file_size, engine_type, index_params, metric_type ,owner_table, partition_tag, version, flush_lsn FROM Tables WHERE table_id = 'retina_face' AND state <> 1;
[2021-01-12 12:28:53,351][DEBUG][ENGINE][SqlQuery][milvus_server] SELECT table_id, id, state, dimension, created_on, flag, index_file_size, engine_type, index_params, metric_type, partition_tag, version, flush_lsn FROM Tables WHERE owner_table = 'retina_face' AND state <> 1;
[2021-01-12 12:28:53,354][DEBUG][WAL][Init][milvus_server] start_lsn 4295423956 end_lsn 4295467804
[2021-01-12 12:28:53,355][DEBUG][ENGINE][SqlQuery][milvus_server] SELECT id, table_id, segment_id, file_id, file_type, file_size, row_count, date, engine_type, created_on, updated_time FROM 'TableFiles' WHERE table_id = 'retina_face' AND file_type = 1 ORDER BY row_count DESC;
[2021-01-12 12:28:53,357][DEBUG][ENGINE][SqlQuery][milvus_server] SELECT id, table_id, segment_id, engine_type, file_id, file_type, date FROM TableFiles WHERE file_type IN (4,7) AND updated_time < 1610425723357453;
[2021-01-12 12:28:53,358][DEBUG][ENGINE][SqlQuery][milvus_server] SELECT id, table_id FROM Tables WHERE state = 1;
[2021-01-12 12:28:53,484][DEBUG][ENGINE][SqlQuery][wal_thread] SELECT global_lsn FROM Environment;
[2021-01-12 12:28:53,487][DEBUG][ENGINE][SetGlobalLastLSN][wal_thread] Update global lsn = 0
[2021-01-12 12:28:53,488][DEBUG][ENGINE][SqlQuery][milvus_server] SELECT id, table_id, segment_id, engine_type, file_id, file_type, date FROM TableFiles WHERE file_type IN (4,7) AND updated_time < 1610425723488150;
[2021-01-12 12:28:53,489][DEBUG][ENGINE][SqlQuery][milvus_server] SELECT id, table_id FROM Tables WHERE state = 1;
[2021-01-12 12:28:54,484][DEBUG][ENGINE][SqlQuery][wal_thread] SELECT global_lsn FROM Environment;
[2021-01-12 12:28:54,485][DEBUG][ENGINE][SetGlobalLastLSN][wal_thread] Update global lsn = 0
[2021-01-12 12:28:54,486][DEBUG][ENGINE][SqlQuery][milvus_server] SELECT id, table_id, segment_id, engine_type, file_id, file_type, date FROM TableFiles WHERE file_type IN (4,7) AND updated_time < 1610425724486259;
[2021-01-12 12:28:54,490][DEBUG][ENGINE][SqlQuery][milvus_server] SELECT id, table_id FROM Tables WHERE state = 1;
[2021-01-12 12:28:54,493][DEBUG][ENGINE][SqlQuery][milvus_server] SELECT id, table_id, segment_id, file_id, file_type, file_size, row_count, date, engine_type, created_on, updated_time FROM 'TableFiles' WHERE file_type = 2;
[2021-01-12 12:28:55,486][DEBUG][ENGINE][SqlQuery][wal_thread] SELECT global_lsn FROM Environment;
[2021-01-12 12:28:55,487][DEBUG][ENGINE][SetGlobalLastLSN][wal_thread] Update global lsn = 0
[2021-01-12 12:28:55,488][DEBUG][ENGINE][SqlQuery][milvus_server] SELECT id, table_id, segment_id, engine_type, file_id, file_type, date FROM TableFiles WHERE file_type IN (4,7) AND updated_time < 1610425725488174;
[2021-01-12 12:28:55,492][DEBUG][ENGINE][SqlQuery][milvus_server] SELECT id, table_id FROM Tables WHERE state = 1;
[2021-01-12 12:28:55,493][DEBUG][ENGINE][SqlQuery][milvus_server] SELECT id, table_id, segment_id, file_id, file_type, file_size, row_count, date, engine_type, created_on, updated_time FROM 'TableFiles' WHERE file_type = 2;
[2021-01-12 12:28:56,488][DEBUG][ENGINE][SqlQuery][wal_thread] SELECT global_lsn FROM Environment;
[2021-01-12 12:28:56,488][DEBUG][ENGINE][SetGlobalLastLSN][wal_thread] Update global lsn = 0
[2021-01-12 12:28:56,489][DEBUG][ENGINE][SqlQuery][milvus_server] SELECT id, table_id, segment_id, engine_type, file_id, file_type, date FROM TableFiles WHERE file_type IN (4,7) AND updated_time < 1610425726489416;
[2021-01-12 12:28:56,490][DEBUG][ENGINE][SqlQuery][milvus_server] SELECT id, table_id FROM Tables WHERE state = 1;
[2021-01-12 12:28:56,493][DEBUG][ENGINE][SqlQuery][milvus_server] SELECT id, table_id, segment_id, file_id, file_type, file_size, row_count, date, engine_type, created_on, updated_time FROM 'TableFiles' WHERE file_type = 2;
[2021-01-12 12:28:57,491][DEBUG][ENGINE][SqlQuery][wal_thread] SELECT global_lsn FROM Environment;
[2021-01-12 12:28:57,491][DEBUG][ENGINE][SetGlobalLastLSN][wal_thread] Update global lsn = 0
[2021-01-12 12:28:57,492][DEBUG][ENGINE][SqlQuery][milvus_server] SELECT id, table_id, segment_id, engine_type, file_id, file_type, date FROM TableFiles WHERE file_type IN (4,7) AND updated_time < 1610425727492559;
[2021-01-12 12:28:57,493][DEBUG][ENGINE][SqlQuery][milvus_server] SELECT id, table_id FROM Tables WHERE state = 1;
[2021-01-12 12:28:57,494][DEBUG][ENGINE][SqlQuery][milvus_server] SELECT id, table_id, segment_id, file_id, file_type, file_size, row_count, date, engine_type, created_on, updated_time FROM 'TableFiles' WHERE file_type = 2;
[2021-01-12 12:28:58,153][DEBUG][SERVER][OnPostRecvInitialMetaData][grpcpp_sync_ser] milvus generate request_id: 0
[2021-01-12 12:28:58,164][DEBUG][SERVER][PrintTimeRecord][reqsched_thread] CmdRequest(cmd=version): totally cost (0.000002 second [0.002100 ms])
[2021-01-12 12:28:58,174][DEBUG][SERVER][OnPostRecvInitialMetaData][grpcpp_sync_ser] milvus generate request_id: 1
[2021-01-12 12:28:58,176][DEBUG][ENGINE][SqlQuery][reqsched_thread] SELECT id FROM Tables WHERE table_id = 'retina_face' AND state <> 1 AND owner_table = '';
[2021-01-12 12:28:58,177][DEBUG][SERVER][PrintTimeRecord][reqsched_thread] HasCollectionRequest(collection=retina_face): totally cost (0.000691 second [0.690600 ms])
[2021-01-12 12:28:58,492][DEBUG][ENGINE][SqlQuery][wal_thread] SELECT global_lsn FROM Environment;
[2021-01-12 12:28:58,493][DEBUG][ENGINE][SetGlobalLastLSN][wal_thread] Update global lsn = 0
[2021-01-12 12:28:58,493][DEBUG][ENGINE][SqlQuery][milvus_server] SELECT id, table_id, segment_id, engine_type, file_id, file_type, date FROM TableFiles WHERE file_type IN (4,7) AND updated_time < 1610425728493823;
[2021-01-12 12:28:58,494][DEBUG][ENGINE][SqlQuery][milvus_server] SELECT id, table_id FROM Tables WHERE state = 1;
[2021-01-12 12:28:58,495][DEBUG][ENGINE][SqlQuery][milvus_server] SELECT id, table_id, segment_id, file_id, file_type, file_size, row_count, date, engine_type, created_on, updated_time FROM 'TableFiles' WHERE file_type = 2;
[2021-01-12 12:28:59,493][DEBUG][ENGINE][SqlQuery][wal_thread] SELECT global_lsn FROM Environment;
[2021-01-12 12:28:59,494][DEBUG][ENGINE][SetGlobalLastLSN][wal_thread] Update global lsn = 0
[2021-01-12 12:28:59,495][DEBUG][ENGINE][SqlQuery][milvus_server] SELECT id, table_id, segment_id, engine_type, file_id, file_type, date FROM TableFiles WHERE file_type IN (4,7) AND updated_time < 1610425729495238;
[2021-01-12 12:28:59,495][DEBUG][ENGINE][SqlQuery][milvus_server] SELECT id, table_id FROM Tables WHERE state = 1;
[2021-01-12 12:28:59,496][DEBUG][ENGINE][SqlQuery][milvus_server] SELECT id, table_id, segment_id, file_id, file_type, file_size, row_count, date, engine_type, created_on, updated_time FROM 'TableFiles' WHERE file_type = 2;
[2021-01-12 12:29:00,495][DEBUG][ENGINE][SqlQuery][wal_thread] SELECT global_lsn FROM Environment;
[2021-01-12 12:29:00,496][DEBUG][ENGINE][SqlQuery][milvus_server] SELECT id, table_id, segment_id, file_id, file_type, file_size, row_count, date, engine_type, created_on, updated_time FROM 'TableFiles' WHERE file_type = 2;
[2021-01-12 12:29:00,496][DEBUG][ENGINE][SetGlobalLastLSN][wal_thread] Update global lsn = 0
[2021-01-12 12:29:00,497][DEBUG][ENGINE][SqlQuery][milvus_server] SELECT id, table_id, segment_id, engine_type, file_id, file_type, date FROM TableFiles WHERE file_type IN (4,7) AND updated_time < 1610425730497353;
[2021-01-12 12:29:00,497][DEBUG][ENGINE][SqlQuery][milvus_server] SELECT id, table_id FROM Tables WHERE state = 1;
[2021-01-12 12:29:01,496][DEBUG][ENGINE][SqlQuery][milvus_server] SELECT id, table_id, segment_id, file_id, file_type, file_size, row_count, date, engine_type, created_on, updated_time FROM 'TableFiles' WHERE file_type = 2;
[2021-01-12 12:29:01,499][DEBUG][ENGINE][SqlQuery][wal_thread] SELECT global_lsn FROM Environment;
[2021-01-12 12:29:01,500][DEBUG][ENGINE][SetGlobalLastLSN][wal_thread] Update global lsn = 0
[2021-01-12 12:29:01,501][DEBUG][ENGINE][SqlQuery][milvus_server] SELECT id, table_id, segment_id, engine_type, file_id, file_type, date FROM TableFiles WHERE file_type IN (4,7) AND updated_time < 1610425731501456;
[2021-01-12 12:29:01,501][DEBUG][ENGINE][SqlQuery][milvus_server] SELECT id, table_id FROM Tables WHERE state = 1;
[2021-01-12 12:29:02,496][DEBUG][ENGINE][SqlQuery][milvus_server] SELECT id, table_id, segment_id, file_id, file_type, file_size, row_count, date, engine_type, created_on, updated_time FROM 'TableFiles' WHERE file_type = 2;
[2021-01-12 12:29:02,501][DEBUG][ENGINE][SqlQuery][wal_thread] SELECT global_lsn FROM Environment;
[2021-01-12 12:29:02,502][DEBUG][ENGINE][SetGlobalLastLSN][wal_thread] Update global lsn = 0
[2021-01-12 12:29:02,502][DEBUG][ENGINE][SqlQuery][milvus_server] SELECT id, table_id, segment_id, engine_type, file_id, file_type, date FROM TableFiles WHERE file_type IN (4,7) AND updated_time < 1610425732502632;
[2021-01-12 12:29:02,503][DEBUG][ENGINE][SqlQuery][milvus_server] SELECT id, table_id FROM Tables WHERE state = 1;
[2021-01-12 12:29:03,496][DEBUG][ENGINE][SqlQuery][milvus_server] SELECT id, table_id, segment_id, file_id, file_type, file_size, row_count, date, engine_type, created_on, updated_time FROM 'TableFiles' WHERE file_type = 2;
[2021-01-12 12:29:03,502][DEBUG][ENGINE][SqlQuery][wal_thread] SELECT global_lsn FROM Environment;
[2021-01-12 12:29:03,503][DEBUG][ENGINE][SetGlobalLastLSN][wal_thread] Update global lsn = 0
[2021-01-12 12:29:03,505][DEBUG][ENGINE][SqlQuery][milvus_server] SELECT id, table_id, segment_id, engine_type, file_id, file_type, date FROM TableFiles WHERE file_type IN (4,7) AND updated_time < 1610425733505446;
[2021-01-12 12:29:03,506][DEBUG][ENGINE][SqlQuery][milvus_server] SELECT id, table_id FROM Tables WHERE state = 1;
[2021-01-12 12:29:04,496][DEBUG][ENGINE][SqlQuery][milvus_server] SELECT id, table_id, segment_id, file_id, file_type, file_size, row_count, date, engine_type, created_on, updated_time FROM 'TableFiles' WHERE file_type = 2;
[2021-01-12 12:29:04,505][DEBUG][ENGINE][SqlQuery][wal_thread] SELECT global_lsn FROM Environment;
[2021-01-12 12:29:04,506][DEBUG][ENGINE][SetGlobalLastLSN][wal_thread] Update global lsn = 0
[2021-01-12 12:29:04,506][DEBUG][ENGINE][SqlQuery][milvus_server] SELECT id, table_id, segment_id, engine_type, file_id, file_type, date FROM TableFiles WHERE file_type IN (4,7) AND updated_time < 1610425734506610;
[2021-01-12 12:29:04,507][DEBUG][ENGINE][SqlQuery][milvus_server] SELECT id, table_id FROM Tables WHERE state = 1;
[2021-01-12 12:29:05,496][DEBUG][ENGINE][SqlQuery][milvus_server] SELECT id, table_id, segment_id, file_id, file_type, file_size, row_count, date, engine_type, created_on, updated_time FROM 'TableFiles' WHERE file_type = 2;
[2021-01-12 12:29:05,506][DEBUG][ENGINE][SqlQuery][wal_thread] SELECT global_lsn FROM Environment;
[2021-01-12 12:29:05,507][DEBUG][ENGINE][SetGlobalLastLSN][wal_thread] Update global lsn = 0
[2021-01-12 12:29:05,507][DEBUG][ENGINE][SqlQuery][milvus_server] SELECT id, table_id, segment_id, engine_type, file_id, file_type, date FROM TableFiles WHERE file_type IN (4,7) AND updated_time < 1610425735507917;
[2021-01-12 12:29:05,513][DEBUG][ENGINE][SqlQuery][milvus_server] SELECT id, table_id FROM Tables WHERE state = 1;
[2021-01-12 12:29:06,496][DEBUG][ENGINE][SqlQuery][milvus_server] SELECT id, table_id, segment_id, file_id, file_type, file_size, row_count, date, engine_type, created_on, updated_time FROM 'TableFiles' WHERE file_type = 2;
[2021-01-12 12:29:06,508][DEBUG][ENGINE][SqlQuery][wal_thread] SELECT global_lsn FROM Environment;
[2021-01-12 12:29:06,508][DEBUG][ENGINE][SetGlobalLastLSN][wal_thread] Update global lsn = 0
[2021-01-12 12:29:06,508][DEBUG][ENGINE][SqlQuery][milvus_server] SELECT id, table_id, segment_id, engine_type, file_id, file_type, date FROM TableFiles WHERE file_type IN (4,7) AND updated_time < 1610425736508870;
[2021-01-12 12:29:06,510][DEBUG][ENGINE][SqlQuery][milvus_server] SELECT id, table_id FROM Tables WHERE state = 1;
[2021-01-12 12:29:07,497][DEBUG][ENGINE][SqlQuery][milvus_server] SELECT id, table_id, segment_id, file_id, file_type, file_size, row_count, date, engine_type, created_on, updated_time FROM 'TableFiles' WHERE file_type = 2;
[2021-01-12 12:29:07,508][DEBUG][ENGINE][SqlQuery][wal_thread] SELECT global_lsn FROM Environment;
[2021-01-12 12:29:07,509][DEBUG][ENGINE][SetGlobalLastLSN][wal_thread] Update global lsn = 0
[2021-01-12 12:29:07,510][DEBUG][ENGINE][SqlQuery][milvus_server] SELECT id, table_id, segment_id, engine_type, file_id, file_type, date FROM TableFiles WHERE file_type IN (4,7) AND updated_time < 1610425737510442;
[2021-01-12 12:29:07,511][DEBUG][ENGINE][SqlQuery][milvus_server] SELECT id, table_id FROM Tables WHERE state = 1;
[2021-01-12 12:29:08,497][DEBUG][ENGINE][SqlQuery][milvus_server] SELECT id, table_id, segment_id, file_id, file_type, file_size, row_count, date, engine_type, created_on, updated_time FROM 'TableFiles' WHERE file_type = 2;
[2021-01-12 12:29:08,510][DEBUG][ENGINE][SqlQuery][wal_thread] SELECT global_lsn FROM Environment;
[2021-01-12 12:29:08,511][DEBUG][ENGINE][SetGlobalLastLSN][wal_thread] Update global lsn = 0
[2021-01-12 12:29:08,512][DEBUG][ENGINE][SqlQuery][milvus_server] SELECT id, table_id, segment_id, engine_type, file_id, file_type, date FROM TableFiles WHERE file_type IN (4,7) AND updated_time < 1610425738512126;
[2021-01-12 12:29:08,512][DEBUG][ENGINE][SqlQuery][milvus_server] SELECT id, table_id FROM Tables WHERE state = 1;
[2021-01-12 12:29:09,498][DEBUG][ENGINE][SqlQuery][milvus_server] SELECT id, table_id, segment_id, file_id, file_type, file_size, row_count, date, engine_type, created_on, updated_time FROM 'TableFiles' WHERE file_type = 2;
[2021-01-12 12:29:09,512][DEBUG][ENGINE][SqlQuery][wal_thread] SELECT global_lsn FROM Environment;
[2021-01-12 12:29:09,513][DEBUG][ENGINE][SetGlobalLastLSN][wal_thread] Update global lsn = 0
[2021-01-12 12:29:09,513][DEBUG][ENGINE][SqlQuery][milvus_server] SELECT id, table_id, segment_id, engine_type, file_id, file_type, date FROM TableFiles WHERE file_type IN (4,7) AND updated_time < 1610425739513826;
[2021-01-12 12:29:09,514][DEBUG][ENGINE][SqlQuery][milvus_server] SELECT id, table_id FROM Tables WHERE state = 1;
[2021-01-12 12:29:10,498][DEBUG][ENGINE][SqlQuery][milvus_server] SELECT id, table_id, segment_id, file_id, file_type, file_size, row_count, date, engine_type, created_on, updated_time FROM 'TableFiles' WHERE file_type = 2;
[2021-01-12 12:29:10,514][DEBUG][ENGINE][SqlQuery][wal_thread] SELECT global_lsn FROM Environment;
[2021-01-12 12:29:10,515][DEBUG][ENGINE][SetGlobalLastLSN][wal_thread] Update global lsn = 0
[2021-01-12 12:29:10,515][DEBUG][ENGINE][SqlQuery][milvus_server] SELECT id, table_id, segment_id, engine_type, file_id, file_type, date FROM TableFiles WHERE file_type IN (4,7) AND updated_time < 1610425740515568;
[2021-01-12 12:29:10,516][DEBUG][ENGINE][SqlQuery][milvus_server] SELECT id, table_id FROM Tables WHERE state = 1;
[2021-01-12 12:29:11,498][DEBUG][ENGINE][SqlQuery][milvus_server] SELECT id, table_id, segment_id, file_id, file_type, file_size, row_count, date, engine_type, created_on, updated_time FROM 'TableFiles' WHERE file_type = 2;
[2021-01-12 12:29:11,515][DEBUG][ENGINE][SqlQuery][wal_thread] SELECT global_lsn FROM Environment;
[2021-01-12 12:29:11,516][DEBUG][ENGINE][SetGlobalLastLSN][wal_thread] Update global lsn = 0
[2021-01-12 12:29:11,517][DEBUG][ENGINE][SqlQuery][milvus_server] SELECT id, table_id, segment_id, engine_type, file_id, file_type, date FROM TableFiles WHERE file_type IN (4,7) AND updated_time < 1610425741517501;
[2021-01-12 12:29:11,518][DEBUG][ENGINE][SqlQuery][milvus_server] SELECT id, table_id FROM Tables WHERE state = 1;
[2021-01-12 12:29:12,498][DEBUG][ENGINE][SqlQuery][milvus_server] SELECT id, table_id, segment_id, file_id, file_type, file_size, row_count, date, engine_type, created_on, updated_time FROM 'TableFiles' WHERE file_type = 2;
[2021-01-12 12:29:12,517][DEBUG][ENGINE][SqlQuery][wal_thread] SELECT global_lsn FROM Environment;
[2021-01-12 12:29:12,518][DEBUG][ENGINE][SetGlobalLastLSN][wal_thread] Update global lsn = 0
[2021-01-12 12:29:12,519][DEBUG][ENGINE][SqlQuery][milvus_server] SELECT id, table_id, segment_id, engine_type, file_id, file_type, date FROM TableFiles WHERE file_type IN (4,7) AND updated_time < 1610425742519204;
[2021-01-12 12:29:12,519][DEBUG][ENGINE][SqlQuery][milvus_server] SELECT id, table_id FROM Tables WHERE state = 1;
[2021-01-12 12:29:13,498][DEBUG][ENGINE][SqlQuery][milvus_server] SELECT id, table_id, segment_id, file_id, file_type, file_size, row_count, date, engine_type, created_on, updated_time FROM 'TableFiles' WHERE file_type = 2;
[2021-01-12 12:29:13,519][DEBUG][ENGINE][SqlQuery][wal_thread] SELECT global_lsn FROM Environment;
[2021-01-12 12:29:13,519][DEBUG][ENGINE][SetGlobalLastLSN][wal_thread] Update global lsn = 0
[2021-01-12 12:29:13,520][DEBUG][ENGINE][SqlQuery][milvus_server] SELECT id, table_id, segment_id, engine_type, file_id, file_type, date FROM TableFiles WHERE file_type IN (4,7) AND updated_time < 1610425743520592;
[2021-01-12 12:29:13,521][DEBUG][ENGINE][SqlQuery][milvus_server] SELECT id, table_id FROM Tables WHERE state = 1;
[2021-01-12 12:29:14,499][DEBUG][ENGINE][SqlQuery][milvus_server] SELECT id, table_id, segment_id, file_id, file_type, file_size, row_count, date, engine_type, created_on, updated_time FROM 'TableFiles' WHERE file_type = 2;
[2021-01-12 12:29:14,520][DEBUG][ENGINE][SqlQuery][wal_thread] SELECT global_lsn FROM Environment;
[2021-01-12 12:29:14,521][DEBUG][ENGINE][SetGlobalLastLSN][wal_thread] Update global lsn = 0
[2021-01-12 12:29:14,521][DEBUG][ENGINE][SqlQuery][milvus_server] SELECT id, table_id, segment_id, engine_type, file_id, file_type, date FROM TableFiles WHERE file_type IN (4,7) AND updated_time < 1610425744521762;
[2021-01-12 12:29:14,522][DEBUG][ENGINE][SqlQuery][milvus_server] SELECT id, table_id FROM Tables WHERE state = 1;
[2021-01-12 12:29:15,499][DEBUG][ENGINE][SqlQuery][milvus_server] SELECT id, table_id, segment_id, file_id, file_type, file_size, row_count, date, engine_type, created_on, updated_time FROM 'TableFiles' WHERE file_type = 2;
[2021-01-12 12:29:15,521][DEBUG][ENGINE][SqlQuery][wal_thread] SELECT global_lsn FROM Environment;
[2021-01-12 12:29:15,522][DEBUG][ENGINE][SetGlobalLastLSN][wal_thread] Update global lsn = 0
[2021-01-12 12:29:15,523][DEBUG][ENGINE][SqlQuery][milvus_server] SELECT id, table_id, segment_id, engine_type, file_id, file_type, date FROM TableFiles WHERE file_type IN (4,7) AND updated_time < 1610425745523245;
[2021-01-12 12:29:15,523][DEBUG][ENGINE][SqlQuery][milvus_server] SELECT id, table_id FROM Tables WHERE state = 1;
[2021-01-12 12:29:16,499][DEBUG][ENGINE][SqlQuery][milvus_server] SELECT id, table_id, segment_id, file_id, file_type, file_size, row_count, date, engine_type, created_on, updated_time FROM 'TableFiles' WHERE file_type = 2;
[2021-01-12 12:29:16,523][DEBUG][ENGINE][SqlQuery][wal_thread] SELECT global_lsn FROM Environment;
[2021-01-12 12:29:16,524][DEBUG][ENGINE][SetGlobalLastLSN][wal_thread] Update global lsn = 0
[2021-01-12 12:29:16,524][DEBUG][ENGINE][SqlQuery][milvus_server] SELECT id, table_id, segment_id, engine_type, file_id, file_type, date FROM TableFiles WHERE file_type IN (4,7) AND updated_time < 1610425746524501;
[2021-01-12 12:29:16,524][DEBUG][ENGINE][SqlQuery][milvus_server] SELECT id, table_id FROM Tables WHERE state = 1;
[2021-01-12 12:29:17,499][DEBUG][ENGINE][SqlQuery][milvus_server] SELECT id, table_id, segment_id, file_id, file_type, file_size, row_count, date, engine_type, created_on, updated_time FROM 'TableFiles' WHERE file_type = 2;
[2021-01-12 12:29:17,524][DEBUG][ENGINE][SqlQuery][wal_thread] SELECT global_lsn FROM Environment;
[2021-01-12 12:29:17,525][DEBUG][ENGINE][SetGlobalLastLSN][wal_thread] Update global lsn = 0
[2021-01-12 12:29:17,525][DEBUG][ENGINE][SqlQuery][milvus_server] SELECT id, table_id, segment_id, engine_type, file_id, file_type, date FROM TableFiles WHERE file_type IN (4,7) AND updated_time < 1610425747525757;
[2021-01-12 12:29:17,526][DEBUG][ENGINE][SqlQuery][milvus_server] SELECT id, table_id FROM Tables WHERE state = 1;
[2021-01-12 12:29:18,499][DEBUG][ENGINE][SqlQuery][milvus_server] SELECT id, table_id, segment_id, file_id, file_type, file_size, row_count, date, engine_type, created_on, updated_time FROM 'TableFiles' WHERE file_type = 2;
[2021-01-12 12:29:18,525][DEBUG][ENGINE][SqlQuery][wal_thread] SELECT global_lsn FROM Environment;
[2021-01-12 12:29:18,526][DEBUG][ENGINE][SetGlobalLastLSN][wal_thread] Update global lsn = 0
[2021-01-12 12:29:18,527][DEBUG][ENGINE][SqlQuery][milvus_server] SELECT id, table_id, segment_id, engine_type, file_id, file_type, date FROM TableFiles WHERE file_type IN (4,7) AND updated_time < 1610425748527471;
[2021-01-12 12:29:18,528][DEBUG][ENGINE][SqlQuery][milvus_server] SELECT id, table_id FROM Tables WHERE state = 1;
[2021-01-12 12:29:19,499][DEBUG][ENGINE][SqlQuery][milvus_server] SELECT id, table_id, segment_id, file_id, file_type, file_size, row_count, date, engine_type, created_on, updated_time FROM 'TableFiles' WHERE file_type = 2;
[2021-01-12 12:29:19,527][DEBUG][ENGINE][SqlQuery][wal_thread] SELECT global_lsn FROM Environment;
[2021-01-12 12:29:19,528][DEBUG][ENGINE][SetGlobalLastLSN][wal_thread] Update global lsn = 0
[2021-01-12 12:29:19,529][DEBUG][ENGINE][SqlQuery][milvus_server] SELECT id, table_id, segment_id, engine_type, file_id, file_type, date FROM TableFiles WHERE file_type IN (4,7) AND updated_time < 1610425749529254;
[2021-01-12 12:29:19,529][DEBUG][ENGINE][SqlQuery][milvus_server] SELECT id, table_id FROM Tables WHERE state = 1;
[2021-01-12 12:29:20,500][DEBUG][ENGINE][SqlQuery][milvus_server] SELECT id, table_id, segment_id, file_id, file_type, file_size, row_count, date, engine_type, created_on, updated_time FROM 'TableFiles' WHERE file_type = 2;
[2021-01-12 12:29:20,529][DEBUG][ENGINE][SqlQuery][wal_thread] SELECT global_lsn FROM Environment;
[2021-01-12 12:29:20,530][DEBUG][ENGINE][SetGlobalLastLSN][wal_thread] Update global lsn = 0
[2021-01-12 12:29:20,530][DEBUG][ENGINE][SqlQuery][milvus_server] SELECT id, table_id, segment_id, engine_type, file_id, file_type, date FROM TableFiles WHERE file_type IN (4,7) AND updated_time < 1610425750530447;
[2021-01-12 12:29:20,531][DEBUG][ENGINE][SqlQuery][milvus_server] SELECT id, table_id FROM Tables WHERE state = 1;
[2021-01-12 12:29:21,500][DEBUG][ENGINE][SqlQuery][milvus_server] SELECT id, table_id, segment_id, file_id, file_type, file_size, row_count, date, engine_type, created_on, updated_time FROM 'TableFiles' WHERE file_type = 2;
[2021-01-12 12:29:21,530][DEBUG][ENGINE][SqlQuery][wal_thread] SELECT global_lsn FROM Environment;
[2021-01-12 12:29:21,531][DEBUG][ENGINE][SetGlobalLastLSN][wal_thread] Update global lsn = 0
[2021-01-12 12:29:21,531][DEBUG][ENGINE][SqlQuery][milvus_server] SELECT id, table_id, segment_id, engine_type, file_id, file_type, date FROM TableFiles WHERE file_type IN (4,7) AND updated_time < 1610425751531854;
[2021-01-12 12:29:21,532][DEBUG][ENGINE][SqlQuery][milvus_server] SELECT id, table_id FROM Tables WHERE state = 1;
[2021-01-12 12:29:22,500][DEBUG][ENGINE][SqlQuery][milvus_server] SELECT id, table_id, segment_id, file_id, file_type, file_size, row_count, date, engine_type, created_on, updated_time FROM 'TableFiles' WHERE file_type = 2;
[2021-01-12 12:29:22,531][DEBUG][ENGINE][SqlQuery][wal_thread] SELECT global_lsn FROM Environment;
[2021-01-12 12:29:22,532][DEBUG][ENGINE][SetGlobalLastLSN][wal_thread] Update global lsn = 0
[2021-01-12 12:29:22,533][DEBUG][ENGINE][SqlQuery][milvus_server] SELECT id, table_id, segment_id, engine_type, file_id, file_type, date FROM TableFiles WHERE file_type IN (4,7) AND updated_time < 1610425752533048;
[2021-01-12 12:29:22,533][DEBUG][ENGINE][SqlQuery][milvus_server] SELECT id, table_id FROM Tables WHERE state = 1;
[2021-01-12 12:29:23,500][DEBUG][ENGINE][SqlQuery][milvus_server] SELECT id, table_id, segment_id, file_id, file_type, file_size, row_count, date, engine_type, created_on, updated_time FROM 'TableFiles' WHERE file_type = 2;
[2021-01-12 12:29:23,533][DEBUG][ENGINE][SqlQuery][wal_thread] SELECT global_lsn FROM Environment;
[2021-01-12 12:29:23,533][DEBUG][ENGINE][SetGlobalLastLSN][wal_thread] Update global lsn = 0
[2021-01-12 12:29:23,534][DEBUG][ENGINE][SqlQuery][milvus_server] SELECT id, table_id, segment_id, engine_type, file_id, file_type, date FROM TableFiles WHERE file_type IN (4,7) AND updated_time < 1610425753534252;
[2021-01-12 12:29:23,534][DEBUG][ENGINE][SqlQuery][milvus_server] SELECT id, table_id FROM Tables WHERE state = 1;
[2021-01-12 12:29:24,500][DEBUG][ENGINE][SqlQuery][milvus_server] SELECT id, table_id, segment_id, file_id, file_type, file_size, row_count, date, engine_type, created_on, updated_time FROM 'TableFiles' WHERE file_type = 2;
[2021-01-12 12:29:24,534][DEBUG][ENGINE][SqlQuery][wal_thread] SELECT global_lsn FROM Environment;
[2021-01-12 12:29:24,536][DEBUG][ENGINE][SetGlobalLastLSN][wal_thread] Update global lsn = 0
[2021-01-12 12:29:24,537][DEBUG][ENGINE][SqlQuery][milvus_server] SELECT id, table_id, segment_id, engine_type, file_id, file_type, date FROM TableFiles WHERE file_type IN (4,7) AND updated_time < 1610425754537292;
[2021-01-12 12:29:24,538][DEBUG][ENGINE][SqlQuery][milvus_server] SELECT id, table_id FROM Tables WHERE state = 1;
[2021-01-12 12:29:25,501][DEBUG][ENGINE][SqlQuery][milvus_server] SELECT id, table_id, segment_id, file_id, file_type, file_size, row_count, date, engine_type, created_on, updated_time FROM 'TableFiles' WHERE file_type = 2;
[2021-01-12 12:29:25,537][DEBUG][ENGINE][SqlQuery][wal_thread] SELECT global_lsn FROM Environment;
[2021-01-12 12:29:25,538][DEBUG][ENGINE][SetGlobalLastLSN][wal_thread] Update global lsn = 0
[2021-01-12 12:29:25,539][DEBUG][ENGINE][SqlQuery][milvus_server] SELECT id, table_id, segment_id, engine_type, file_id, file_type, date FROM TableFiles WHERE file_type IN (4,7) AND updated_time < 1610425755539325;
[2021-01-12 12:29:25,540][DEBUG][ENGINE][SqlQuery][milvus_server] SELECT id, table_id FROM Tables WHERE state = 1;
[2021-01-12 12:29:26,501][DEBUG][ENGINE][SqlQuery][milvus_server] SELECT id, table_id, segment_id, file_id, file_type, file_size, row_count, date, engine_type, created_on, updated_time FROM 'TableFiles' WHERE file_type = 2;
[2021-01-12 12:29:26,539][DEBUG][ENGINE][SqlQuery][wal_thread] SELECT global_lsn FROM Environment;
[2021-01-12 12:29:26,540][DEBUG][ENGINE][SetGlobalLastLSN][wal_thread] Update global lsn = 0
[2021-01-12 12:29:26,540][DEBUG][ENGINE][SqlQuery][milvus_server] SELECT id, table_id, segment_id, engine_type, file_id, file_type, date FROM TableFiles WHERE file_type IN (4,7) AND updated_time < 1610425756540696;
[2021-01-12 12:29:26,541][DEBUG][ENGINE][SqlQuery][milvus_server] SELECT id, table_id FROM Tables WHERE state = 1;
[2021-01-12 12:29:27,501][DEBUG][ENGINE][SqlQuery][milvus_server] SELECT id, table_id, segment_id, file_id, file_type, file_size, row_count, date, engine_type, created_on, updated_time FROM 'TableFiles' WHERE file_type = 2;
[2021-01-12 12:29:27,540][DEBUG][ENGINE][SqlQuery][wal_thread] SELECT global_lsn FROM Environment;
[2021-01-12 12:29:27,541][DEBUG][ENGINE][SetGlobalLastLSN][wal_thread] Update global lsn = 0
[2021-01-12 12:29:27,541][DEBUG][ENGINE][SqlQuery][milvus_server] SELECT id, table_id, segment_id, engine_type, file_id, file_type, date FROM TableFiles WHERE file_type IN (4,7) AND updated_time < 1610425757541945;
[2021-01-12 12:29:27,542][DEBUG][ENGINE][SqlQuery][milvus_server] SELECT id, table_id FROM Tables WHERE state = 1;
[2021-01-12 12:29:28,501][DEBUG][ENGINE][SqlQuery][milvus_server] SELECT id, table_id, segment_id, file_id, file_type, file_size, row_count, date, engine_type, created_on, updated_time FROM 'TableFiles' WHERE file_type = 2;
[2021-01-12 12:29:28,542][DEBUG][ENGINE][SqlQuery][wal_thread] SELECT global_lsn FROM Environment;
[2021-01-12 12:29:28,542][DEBUG][ENGINE][SetGlobalLastLSN][wal_thread] Update global lsn = 0
[2021-01-12 12:29:28,543][DEBUG][ENGINE][SqlQuery][milvus_server] SELECT id, table_id, segment_id, engine_type, file_id, file_type, date FROM TableFiles WHERE file_type IN (4,7) AND updated_time < 1610425758543116;
[2021-01-12 12:29:28,543][DEBUG][ENGINE][SqlQuery][milvus_server] SELECT id, table_id FROM Tables WHERE state = 1;
[2021-01-12 12:29:29,501][DEBUG][ENGINE][SqlQuery][milvus_server] SELECT id, table_id, segment_id, file_id, file_type, file_size, row_count, date, engine_type, created_on, updated_time FROM 'TableFiles' WHERE file_type = 2;
[2021-01-12 12:29:29,543][DEBUG][ENGINE][SqlQuery][wal_thread] SELECT global_lsn FROM Environment;
[2021-01-12 12:29:29,543][DEBUG][ENGINE][SetGlobalLastLSN][wal_thread] Update global lsn = 0
[2021-01-12 12:29:29,544][DEBUG][ENGINE][SqlQuery][milvus_server] SELECT id, table_id, segment_id, engine_type, file_id, file_type, date FROM TableFiles WHERE file_type IN (4,7) AND updated_time < 1610425759544337;
[2021-01-12 12:29:29,544][DEBUG][ENGINE][SqlQuery][milvus_server] SELECT id, table_id FROM Tables WHERE state = 1;
[2021-01-12 12:29:30,501][DEBUG][ENGINE][SqlQuery][milvus_server] SELECT id, table_id, segment_id, file_id, file_type, file_size, row_count, date, engine_type, created_on, updated_time FROM 'TableFiles' WHERE file_type = 2;
[2021-01-12 12:29:30,544][DEBUG][ENGINE][SqlQuery][wal_thread] SELECT global_lsn FROM Environment;
[2021-01-12 12:29:30,545][DEBUG][ENGINE][SetGlobalLastLSN][wal_thread] Update global lsn = 0
[2021-01-12 12:29:30,546][DEBUG][ENGINE][SqlQuery][milvus_server] SELECT id, table_id, segment_id, engine_type, file_id, file_type, date FROM TableFiles WHERE file_type IN (4,7) AND updated_time < 1610425760546124;
[2021-01-12 12:29:30,546][DEBUG][ENGINE][SqlQuery][milvus_server] SELECT id, table_id FROM Tables WHERE state = 1;
[2021-01-12 12:29:31,502][DEBUG][ENGINE][SqlQuery][milvus_server] SELECT id, table_id, segment_id, file_id, file_type, file_size, row_count, date, engine_type, created_on, updated_time FROM 'TableFiles' WHERE file_type = 2;
[2021-01-12 12:29:31,546][DEBUG][ENGINE][SqlQuery][wal_thread] SELECT global_lsn FROM Environment;
[2021-01-12 12:29:31,547][DEBUG][ENGINE][SetGlobalLastLSN][wal_thread] Update global lsn = 0
[2021-01-12 12:29:31,547][DEBUG][ENGINE][SqlQuery][milvus_server] SELECT id, table_id, segment_id, engine_type, file_id, file_type, date FROM TableFiles WHERE file_type IN (4,7) AND updated_time < 1610425761547761;
[2021-01-12 12:29:31,548][DEBUG][ENGINE][SqlQuery][milvus_server] SELECT id, table_id FROM Tables WHERE state = 1;
[2021-01-12 12:29:32,502][DEBUG][ENGINE][SqlQuery][milvus_server] SELECT id, table_id, segment_id, file_id, file_type, file_size, row_count, date, engine_type, created_on, updated_time FROM 'TableFiles' WHERE file_type = 2;
[2021-01-12 12:29:32,547][DEBUG][ENGINE][SqlQuery][wal_thread] SELECT global_lsn FROM Environment;
[2021-01-12 12:29:32,548][DEBUG][ENGINE][SetGlobalLastLSN][wal_thread] Update global lsn = 0
[2021-01-12 12:29:32,548][DEBUG][ENGINE][SqlQuery][milvus_server] SELECT id, table_id, segment_id, engine_type, file_id, file_type, date FROM TableFiles WHERE file_type IN (4,7) AND updated_time < 1610425762548869;
[2021-01-12 12:29:32,549][DEBUG][ENGINE][SqlQuery][milvus_server] SELECT id, table_id FROM Tables WHERE state = 1;
[2021-01-12 12:29:33,502][DEBUG][ENGINE][SqlQuery][milvus_server] SELECT id, table_id, segment_id, file_id, file_type, file_size, row_count, date, engine_type, created_on, updated_time FROM 'TableFiles' WHERE file_type = 2;
[2021-01-12 12:29:33,548][DEBUG][ENGINE][SqlQuery][wal_thread] SELECT global_lsn FROM Environment;
[2021-01-12 12:29:33,549][DEBUG][ENGINE][SetGlobalLastLSN][wal_thread] Update global lsn = 0
[2021-01-12 12:29:33,550][DEBUG][ENGINE][SqlQuery][milvus_server] SELECT id, table_id, segment_id, engine_type, file_id, file_type, date FROM TableFiles WHERE file_type IN (4,7) AND updated_time < 1610425763550246;
[2021-01-12 12:29:33,550][DEBUG][ENGINE][SqlQuery][milvus_server] SELECT id, table_id FROM Tables WHERE state = 1;
[2021-01-12 12:29:34,502][DEBUG][ENGINE][SqlQuery][milvus_server] SELECT id, table_id, segment_id, file_id, file_type, file_size, row_count, date, engine_type, created_on, updated_time FROM 'TableFiles' WHERE file_type = 2;
[2021-01-12 12:29:34,550][DEBUG][ENGINE][SqlQuery][wal_thread] SELECT global_lsn FROM Environment;
[2021-01-12 12:29:34,551][DEBUG][ENGINE][SetGlobalLastLSN][wal_thread] Update global lsn = 0
[2021-01-12 12:29:34,551][DEBUG][ENGINE][SqlQuery][milvus_server] SELECT id, table_id, segment_id, engine_type, file_id, file_type, date FROM TableFiles WHERE file_type IN (4,7) AND updated_time < 1610425764551567;
[2021-01-12 12:29:34,552][DEBUG][ENGINE][SqlQuery][milvus_server] SELECT id, table_id FROM Tables WHERE state = 1;
[2021-01-12 12:29:35,502][DEBUG][ENGINE][SqlQuery][milvus_server] SELECT id, table_id, segment_id, file_id, file_type, file_size, row_count, date, engine_type, created_on, updated_time FROM 'TableFiles' WHERE file_type = 2;
[2021-01-12 12:29:35,551][DEBUG][ENGINE][SqlQuery][wal_thread] SELECT global_lsn FROM Environment;
[2021-01-12 12:29:35,552][DEBUG][ENGINE][SetGlobalLastLSN][wal_thread] Update global lsn = 0
[2021-01-12 12:29:35,552][DEBUG][ENGINE][SqlQuery][milvus_server] SELECT id, table_id, segment_id, engine_type, file_id, file_type, date FROM TableFiles WHERE file_type IN (4,7) AND updated_time < 1610425765552971;
[2021-01-12 12:29:35,553][DEBUG][ENGINE][SqlQuery][milvus_server] SELECT id, table_id FROM Tables WHERE state = 1;
[2021-01-12 12:29:36,502][DEBUG][ENGINE][SqlQuery][milvus_server] SELECT id, table_id, segment_id, file_id, file_type, file_size, row_count, date, engine_type, created_on, updated_time FROM 'TableFiles' WHERE file_type = 2;
[2021-01-12 12:29:36,553][DEBUG][ENGINE][SqlQuery][wal_thread] SELECT global_lsn FROM Environment;
[2021-01-12 12:29:36,554][DEBUG][ENGINE][SetGlobalLastLSN][wal_thread] Update global lsn = 0
[2021-01-12 12:29:36,554][DEBUG][ENGINE][SqlQuery][milvus_server] SELECT id, table_id, segment_id, engine_type, file_id, file_type, date FROM TableFiles WHERE file_type IN (4,7) AND updated_time < 1610425766554897;
[2021-01-12 12:29:36,555][DEBUG][ENGINE][SqlQuery][milvus_server] SELECT id, table_id FROM Tables WHERE state = 1;
[2021-01-12 12:29:37,502][DEBUG][ENGINE][SqlQuery][milvus_server] SELECT id, table_id, segment_id, file_id, file_type, file_size, row_count, date, engine_type, created_on, updated_time FROM 'TableFiles' WHERE file_type = 2;
[2021-01-12 12:29:37,555][DEBUG][ENGINE][SqlQuery][wal_thread] SELECT global_lsn FROM Environment;
[2021-01-12 12:29:37,556][DEBUG][ENGINE][SetGlobalLastLSN][wal_thread] Update global lsn = 0
[2021-01-12 12:29:37,556][DEBUG][ENGINE][SqlQuery][milvus_server] SELECT id, table_id, segment_id, engine_type, file_id, file_type, date FROM TableFiles WHERE file_type IN (4,7) AND updated_time < 1610425767556884;
[2021-01-12 12:29:37,557][DEBUG][ENGINE][SqlQuery][milvus_server] SELECT id, table_id FROM Tables WHERE state = 1;
[2021-01-12 12:29:38,503][DEBUG][ENGINE][SqlQuery][milvus_server] SELECT id, table_id, segment_id, file_id, file_type, file_size, row_count, date, engine_type, created_on, updated_time FROM 'TableFiles' WHERE file_type = 2;
[2021-01-12 12:29:38,557][DEBUG][ENGINE][SqlQuery][wal_thread] SELECT global_lsn FROM Environment;
[2021-01-12 12:29:38,558][DEBUG][ENGINE][SetGlobalLastLSN][wal_thread] Update global lsn = 0
[2021-01-12 12:29:38,559][DEBUG][ENGINE][SqlQuery][milvus_server] SELECT id, table_id, segment_id, engine_type, file_id, file_type, date FROM TableFiles WHERE file_type IN (4,7) AND updated_time < 1610425768559151;
[2021-01-12 12:29:38,559][DEBUG][ENGINE][SqlQuery][milvus_server] SELECT id, table_id FROM Tables WHERE state = 1;
[2021-01-12 12:29:39,503][DEBUG][ENGINE][SqlQuery][milvus_server] SELECT id, table_id, segment_id, file_id, file_type, file_size, row_count, date, engine_type, created_on, updated_time FROM 'TableFiles' WHERE file_type = 2;
[2021-01-12 12:29:39,559][DEBUG][ENGINE][SqlQuery][wal_thread] SELECT global_lsn FROM Environment;
[2021-01-12 12:29:39,560][DEBUG][ENGINE][SetGlobalLastLSN][wal_thread] Update global lsn = 0
[2021-01-12 12:29:39,561][DEBUG][ENGINE][SqlQuery][milvus_server] SELECT id, table_id, segment_id, engine_type, file_id, file_type, date FROM TableFiles WHERE file_type IN (4,7) AND updated_time < 1610425769561250;
[2021-01-12 12:29:39,561][DEBUG][ENGINE][SqlQuery][milvus_server] SELECT id, table_id FROM Tables WHERE state = 1;
[2021-01-12 12:29:40,503][DEBUG][ENGINE][SqlQuery][milvus_server] SELECT id, table_id, segment_id, file_id, file_type, file_size, row_count, date, engine_type, created_on, updated_time FROM 'TableFiles' WHERE file_type = 2;
[2021-01-12 12:29:40,561][DEBUG][ENGINE][SqlQuery][wal_thread] SELECT global_lsn FROM Environment;
[2021-01-12 12:29:40,561][DEBUG][ENGINE][SetGlobalLastLSN][wal_thread] Update global lsn = 0
[2021-01-12 12:29:40,562][DEBUG][ENGINE][SqlQuery][milvus_server] SELECT id, table_id, segment_id, engine_type, file_id, file_type, date FROM TableFiles WHERE file_type IN (4,7) AND updated_time < 1610425770562660;
[2021-01-12 12:29:40,563][DEBUG][ENGINE][SqlQuery][milvus_server] SELECT id, table_id FROM Tables WHERE state = 1;
[2021-01-12 12:29:41,503][DEBUG][ENGINE][SqlQuery][milvus_server] SELECT id, table_id, segment_id, file_id, file_type, file_size, row_count, date, engine_type, created_on, updated_time FROM 'TableFiles' WHERE file_type = 2;
[2021-01-12 12:29:41,562][DEBUG][ENGINE][SqlQuery][wal_thread] SELECT global_lsn FROM Environment;
[2021-01-12 12:29:41,564][DEBUG][ENGINE][SetGlobalLastLSN][wal_thread] Update global lsn = 0
[2021-01-12 12:29:41,565][DEBUG][ENGINE][SqlQuery][milvus_server] SELECT id, table_id, segment_id, engine_type, file_id, file_type, date FROM TableFiles WHERE file_type IN (4,7) AND updated_time < 1610425771565553;
[2021-01-12 12:29:41,566][DEBUG][ENGINE][SqlQuery][milvus_server] SELECT id, table_id FROM Tables WHERE state = 1;
[2021-01-12 12:29:42,503][DEBUG][ENGINE][SqlQuery][milvus_server] SELECT id, table_id, segment_id, file_id, file_type, file_size, row_count, date, engine_type, created_on, updated_time FROM 'TableFiles' WHERE file_type = 2;
[2021-01-12 12:29:42,565][DEBUG][ENGINE][SqlQuery][wal_thread] SELECT global_lsn FROM Environment;
[2021-01-12 12:29:42,566][DEBUG][ENGINE][SetGlobalLastLSN][wal_thread] Update global lsn = 0
[2021-01-12 12:29:42,566][DEBUG][ENGINE][SqlQuery][milvus_server] SELECT id, table_id, segment_id, engine_type, file_id, file_type, date FROM TableFiles WHERE file_type IN (4,7) AND updated_time < 1610425772566846;
[2021-01-12 12:29:42,567][DEBUG][ENGINE][SqlQuery][milvus_server] SELECT id, table_id FROM Tables WHERE state = 1;
[2021-01-12 12:29:43,504][DEBUG][ENGINE][SqlQuery][milvus_server] SELECT id, table_id, segment_id, file_id, file_type, file_size, row_count, date, engine_type, created_on, updated_time FROM 'TableFiles' WHERE file_type = 2;
[2021-01-12 12:29:43,567][DEBUG][ENGINE][SqlQuery][wal_thread] SELECT global_lsn FROM Environment;
[2021-01-12 12:29:43,568][DEBUG][ENGINE][SetGlobalLastLSN][wal_thread] Update global lsn = 0
[2021-01-12 12:29:43,568][DEBUG][ENGINE][SqlQuery][milvus_server] SELECT id, table_id, segment_id, engine_type, file_id, file_type, date FROM TableFiles WHERE file_type IN (4,7) AND updated_time < 1610425773568946;
[2021-01-12 12:29:43,569][DEBUG][ENGINE][SqlQuery][milvus_server] SELECT id, table_id FROM Tables WHERE state = 1;
[2021-01-12 12:29:44,504][DEBUG][ENGINE][SqlQuery][milvus_server] SELECT id, table_id, segment_id, file_id, file_type, file_size, row_count, date, engine_type, created_on, updated_time FROM 'TableFiles' WHERE file_type = 2;
[2021-01-12 12:29:44,569][DEBUG][ENGINE][SqlQuery][wal_thread] SELECT global_lsn FROM Environment;
[2021-01-12 12:29:44,570][DEBUG][ENGINE][SetGlobalLastLSN][wal_thread] Update global lsn = 0
[2021-01-12 12:29:44,571][DEBUG][ENGINE][SqlQuery][milvus_server] SELECT id, table_id, segment_id, engine_type, file_id, file_type, date FROM TableFiles WHERE file_type IN (4,7) AND updated_time < 1610425774571320;
[2021-01-12 12:29:44,572][DEBUG][ENGINE][SqlQuery][milvus_server] SELECT id, table_id FROM Tables WHERE state = 1;
[2021-01-12 12:29:45,504][DEBUG][ENGINE][SqlQuery][milvus_server] SELECT id, table_id, segment_id, file_id, file_type, file_size, row_count, date, engine_type, created_on, updated_time FROM 'TableFiles' WHERE file_type = 2;
[2021-01-12 12:29:45,571][DEBUG][ENGINE][SqlQuery][wal_thread] SELECT global_lsn FROM Environment;
[2021-01-12 12:29:45,572][DEBUG][ENGINE][SetGlobalLastLSN][wal_thread] Update global lsn = 0
[2021-01-12 12:29:45,572][DEBUG][ENGINE][SqlQuery][milvus_server] SELECT id, table_id, segment_id, engine_type, file_id, file_type, date FROM TableFiles WHERE file_type IN (4,7) AND updated_time < 1610425775572533;
[2021-01-12 12:29:45,573][DEBUG][ENGINE][SqlQuery][milvus_server] SELECT id, table_id FROM Tables WHERE state = 1;
[2021-01-12 12:29:46,505][DEBUG][ENGINE][SqlQuery][milvus_server] SELECT id, table_id, segment_id, file_id, file_type, file_size, row_count, date, engine_type, created_on, updated_time FROM 'TableFiles' WHERE file_type = 2;
[2021-01-12 12:29:46,572][DEBUG][ENGINE][SqlQuery][wal_thread] SELECT global_lsn FROM Environment;
[2021-01-12 12:29:46,573][DEBUG][ENGINE][SetGlobalLastLSN][wal_thread] Update global lsn = 0
[2021-01-12 12:29:46,573][DEBUG][ENGINE][SqlQuery][milvus_server] SELECT id, table_id, segment_id, engine_type, file_id, file_type, date FROM TableFiles WHERE file_type IN (4,7) AND updated_time < 1610425776573800;
[2021-01-12 12:29:46,574][DEBUG][ENGINE][SqlQuery][milvus_server] SELECT id, table_id FROM Tables WHERE state = 1;
[2021-01-12 12:29:47,505][DEBUG][ENGINE][SqlQuery][milvus_server] SELECT id, table_id, segment_id, file_id, file_type, file_size, row_count, date, engine_type, created_on, updated_time FROM 'TableFiles' WHERE file_type = 2;
[2021-01-12 12:29:47,574][DEBUG][ENGINE][SqlQuery][wal_thread] SELECT global_lsn FROM Environment;
[2021-01-12 12:29:47,575][DEBUG][ENGINE][SetGlobalLastLSN][wal_thread] Update global lsn = 0
[2021-01-12 12:29:47,575][DEBUG][ENGINE][SqlQuery][milvus_server] SELECT id, table_id, segment_id, engine_type, file_id, file_type, date FROM TableFiles WHERE file_type IN (4,7) AND updated_time < 1610425777575969;
[2021-01-12 12:29:47,576][DEBUG][ENGINE][SqlQuery][milvus_server] SELECT id, table_id FROM Tables WHERE state = 1;
[2021-01-12 12:29:48,505][DEBUG][ENGINE][SqlQuery][milvus_server] SELECT id, table_id, segment_id, file_id, file_type, file_size, row_count, date, engine_type, created_on, updated_time FROM 'TableFiles' WHERE file_type = 2;
[2021-01-12 12:29:48,576][DEBUG][ENGINE][SqlQuery][wal_thread] SELECT global_lsn FROM Environment;
[2021-01-12 12:29:48,576][DEBUG][ENGINE][SetGlobalLastLSN][wal_thread] Update global lsn = 0
[2021-01-12 12:29:48,577][DEBUG][ENGINE][SqlQuery][milvus_server] SELECT id, table_id, segment_id, engine_type, file_id, file_type, date FROM TableFiles WHERE file_type IN (4,7) AND updated_time < 1610425778577391;
[2021-01-12 12:29:48,577][DEBUG][ENGINE][SqlQuery][milvus_server] SELECT id, table_id FROM Tables WHERE state = 1;
[2021-01-12 12:29:49,505][DEBUG][ENGINE][SqlQuery][milvus_server] SELECT id, table_id, segment_id, file_id, file_type, file_size, row_count, date, engine_type, created_on, updated_time FROM 'TableFiles' WHERE file_type = 2;
[2021-01-12 12:29:49,577][DEBUG][ENGINE][SqlQuery][wal_thread] SELECT global_lsn FROM Environment;
[2021-01-12 12:29:49,578][DEBUG][ENGINE][SetGlobalLastLSN][wal_thread] Update global lsn = 0
[2021-01-12 12:29:49,579][DEBUG][ENGINE][SqlQuery][milvus_server] SELECT id, table_id, segment_id, engine_type, file_id, file_type, date FROM TableFiles WHERE file_type IN (4,7) AND updated_time < 1610425779579855;
[2021-01-12 12:29:49,580][DEBUG][ENGINE][SqlQuery][milvus_server] SELECT id, table_id FROM Tables WHERE state = 1;
[2021-01-12 12:29:50,506][DEBUG][ENGINE][SqlQuery][milvus_server] SELECT id, table_id, segment_id, file_id, file_type, file_size, row_count, date, engine_type, created_on, updated_time FROM 'TableFiles' WHERE file_type = 2;
[2021-01-12 12:29:50,580][DEBUG][ENGINE][SqlQuery][wal_thread] SELECT global_lsn FROM Environment;
[2021-01-12 12:29:50,581][DEBUG][ENGINE][SetGlobalLastLSN][wal_thread] Update global lsn = 0
[2021-01-12 12:29:50,581][DEBUG][ENGINE][SqlQuery][milvus_server] SELECT id, table_id, segment_id, engine_type, file_id, file_type, date FROM TableFiles WHERE file_type IN (4,7) AND updated_time < 1610425780581856;
[2021-01-12 12:29:50,582][DEBUG][ENGINE][SqlQuery][milvus_server] SELECT id, table_id FROM Tables WHERE state = 1;
[2021-01-12 12:29:51,506][DEBUG][ENGINE][SqlQuery][milvus_server] SELECT id, table_id, segment_id, file_id, file_type, file_size, row_count, date, engine_type, created_on, updated_time FROM 'TableFiles' WHERE file_type = 2;
[2021-01-12 12:29:51,582][DEBUG][ENGINE][SqlQuery][wal_thread] SELECT global_lsn FROM Environment;
[2021-01-12 12:29:51,582][DEBUG][ENGINE][SetGlobalLastLSN][wal_thread] Update global lsn = 0
[2021-01-12 12:29:51,583][DEBUG][ENGINE][SqlQuery][milvus_server] SELECT id, table_id, segment_id, engine_type, file_id, file_type, date FROM TableFiles WHERE file_type IN (4,7) AND updated_time < 1610425781583358;
[2021-01-12 12:29:51,583][DEBUG][ENGINE][SqlQuery][milvus_server] SELECT id, table_id FROM Tables WHERE state = 1;
[2021-01-12 12:29:52,506][DEBUG][ENGINE][SqlQuery][milvus_server] SELECT id, table_id, segment_id, file_id, file_type, file_size, row_count, date, engine_type, created_on, updated_time FROM 'TableFiles' WHERE file_type = 2;
[2021-01-12 12:29:52,583][DEBUG][ENGINE][SqlQuery][wal_thread] SELECT global_lsn FROM Environment;
[2021-01-12 12:29:52,584][DEBUG][ENGINE][SetGlobalLastLSN][wal_thread] Update global lsn = 0
[2021-01-12 12:29:52,585][DEBUG][ENGINE][SqlQuery][milvus_server] SELECT id, table_id, segment_id, engine_type, file_id, file_type, date FROM TableFiles WHERE file_type IN (4,7) AND updated_time < 1610425782585387;
[2021-01-12 12:29:52,586][DEBUG][ENGINE][SqlQuery][milvus_server] SELECT id, table_id FROM Tables WHERE state = 1;
[2021-01-12 12:29:53,506][DEBUG][ENGINE][SqlQuery][milvus_server] SELECT id, table_id, segment_id, file_id, file_type, file_size, row_count, date, engine_type, created_on, updated_time FROM 'TableFiles' WHERE file_type = 2;
[2021-01-12 12:29:53,585][DEBUG][ENGINE][SqlQuery][wal_thread] SELECT global_lsn FROM Environment;
[2021-01-12 12:29:53,586][DEBUG][ENGINE][SetGlobalLastLSN][wal_thread] Update global lsn = 0
[2021-01-12 12:29:53,588][DEBUG][ENGINE][SqlQuery][milvus_server] SELECT id, table_id, segment_id, engine_type, file_id, file_type, date FROM TableFiles WHERE file_type IN (4,7) AND updated_time < 1610425783587992;
[2021-01-12 12:29:53,588][DEBUG][ENGINE][SqlQuery][milvus_server] SELECT id, table_id FROM Tables WHERE state = 1;
[2021-01-12 12:29:54,506][DEBUG][ENGINE][SqlQuery][milvus_server] SELECT id, table_id, segment_id, file_id, file_type, file_size, row_count, date, engine_type, created_on, updated_time FROM 'TableFiles' WHERE file_type = 2;
[2021-01-12 12:29:54,588][DEBUG][ENGINE][SqlQuery][wal_thread] SELECT global_lsn FROM Environment;
[2021-01-12 12:29:54,589][DEBUG][ENGINE][SetGlobalLastLSN][wal_thread] Update global lsn = 0
[2021-01-12 12:29:54,590][DEBUG][ENGINE][SqlQuery][milvus_server] SELECT id, table_id, segment_id, engine_type, file_id, file_type, date FROM TableFiles WHERE file_type IN (4,7) AND updated_time < 1610425784590043;
[2021-01-12 12:29:54,590][DEBUG][ENGINE][SqlQuery][milvus_server] SELECT id, table_id FROM Tables WHERE state = 1;
[2021-01-12 12:29:55,506][DEBUG][ENGINE][SqlQuery][milvus_server] SELECT id, table_id, segment_id, file_id, file_type, file_size, row_count, date, engine_type, created_on, updated_time FROM 'TableFiles' WHERE file_type = 2;
[2021-01-12 12:29:55,590][DEBUG][ENGINE][SqlQuery][wal_thread] SELECT global_lsn FROM Environment;
[2021-01-12 12:29:55,591][DEBUG][ENGINE][SetGlobalLastLSN][wal_thread] Update global lsn = 0
[2021-01-12 12:29:55,591][DEBUG][ENGINE][SqlQuery][milvus_server] SELECT id, table_id, segment_id, engine_type, file_id, file_type, date FROM TableFiles WHERE file_type IN (4,7) AND updated_time < 1610425785591855;
[2021-01-12 12:29:55,592][DEBUG][ENGINE][SqlQuery][milvus_server] SELECT id, table_id FROM Tables WHERE state = 1;
[2021-01-12 12:29:56,507][DEBUG][ENGINE][SqlQuery][milvus_server] SELECT id, table_id, segment_id, file_id, file_type, file_size, row_count, date, engine_type, created_on, updated_time FROM 'TableFiles' WHERE file_type = 2;
[2021-01-12 12:29:56,592][DEBUG][ENGINE][SqlQuery][wal_thread] SELECT global_lsn FROM Environment;
[2021-01-12 12:29:56,593][DEBUG][ENGINE][SetGlobalLastLSN][wal_thread] Update global lsn = 0
[2021-01-12 12:29:56,595][DEBUG][ENGINE][SqlQuery][milvus_server] SELECT id, table_id, segment_id, engine_type, file_id, file_type, date FROM TableFiles WHERE file_type IN (4,7) AND updated_time < 1610425786595129;
[2021-01-12 12:29:56,596][DEBUG][ENGINE][SqlQuery][milvus_server] SELECT id, table_id FROM Tables WHERE state = 1;
[2021-01-12 12:29:57,507][DEBUG][ENGINE][SqlQuery][milvus_server] SELECT id, table_id, segment_id, file_id, file_type, file_size, row_count, date, engine_type, created_on, updated_time FROM 'TableFiles' WHERE file_type = 2;
[2021-01-12 12:29:57,595][DEBUG][ENGINE][SqlQuery][wal_thread] SELECT global_lsn FROM Environment;
[2021-01-12 12:29:57,596][DEBUG][ENGINE][SetGlobalLastLSN][wal_thread] Update global lsn = 0
[2021-01-12 12:29:57,597][DEBUG][ENGINE][SqlQuery][milvus_server] SELECT id, table_id, segment_id, engine_type, file_id, file_type, date FROM TableFiles WHERE file_type IN (4,7) AND updated_time < 1610425787597134;
[2021-01-12 12:29:57,597][DEBUG][ENGINE][SqlQuery][milvus_server] SELECT id, table_id FROM Tables WHERE state = 1;
[2021-01-12 12:29:58,507][DEBUG][ENGINE][SqlQuery][milvus_server] SELECT id, table_id, segment_id, file_id, file_type, file_size, row_count, date, engine_type, created_on, updated_time FROM 'TableFiles' WHERE file_type = 2;
[2021-01-12 12:29:58,597][DEBUG][ENGINE][SqlQuery][wal_thread] SELECT global_lsn FROM Environment;
[2021-01-12 12:29:58,599][DEBUG][ENGINE][SetGlobalLastLSN][wal_thread] Update global lsn = 0
[2021-01-12 12:29:58,600][DEBUG][ENGINE][SqlQuery][milvus_server] SELECT id, table_id, segment_id, engine_type, file_id, file_type, date FROM TableFiles WHERE file_type IN (4,7) AND updated_time < 1610425788600131;
[2021-01-12 12:29:58,601][DEBUG][ENGINE][SqlQuery][milvus_server] SELECT id, table_id FROM Tables WHERE state = 1;
[2021-01-12 12:29:59,508][DEBUG][ENGINE][SqlQuery][milvus_server] SELECT id, table_id, segment_id, file_id, file_type, file_size, row_count, date, engine_type, created_on, updated_time FROM 'TableFiles' WHERE file_type = 2;
[2021-01-12 12:29:59,600][DEBUG][ENGINE][SqlQuery][wal_thread] SELECT global_lsn FROM Environment;
[2021-01-12 12:29:59,602][DEBUG][ENGINE][SetGlobalLastLSN][wal_thread] Update global lsn = 0
[2021-01-12 12:29:59,605][DEBUG][ENGINE][SqlQuery][milvus_server] SELECT id, table_id, segment_id, engine_type, file_id, file_type, date FROM TableFiles WHERE file_type IN (4,7) AND updated_time < 1610425789605005;
[2021-01-12 12:29:59,606][DEBUG][ENGINE][SqlQuery][milvus_server] SELECT id, table_id FROM Tables WHERE state = 1;
[2021-01-12 12:30:00,508][DEBUG][ENGINE][SqlQuery][milvus_server] SELECT id, table_id, segment_id, file_id, file_type, file_size, row_count, date, engine_type, created_on, updated_time FROM 'TableFiles' WHERE file_type = 2;
[2021-01-12 12:30:00,605][DEBUG][ENGINE][SqlQuery][wal_thread] SELECT global_lsn FROM Environment;
[2021-01-12 12:30:00,606][DEBUG][ENGINE][SetGlobalLastLSN][wal_thread] Update global lsn = 0
[2021-01-12 12:30:00,607][DEBUG][ENGINE][SqlQuery][milvus_server] SELECT id, table_id, segment_id, engine_type, file_id, file_type, date FROM TableFiles WHERE file_type IN (4,7) AND updated_time < 1610425790607124;
[2021-01-12 12:30:00,607][DEBUG][ENGINE][SqlQuery][milvus_server] SELECT id, table_id FROM Tables WHERE state = 1;
[2021-01-12 12:30:01,508][DEBUG][ENGINE][SqlQuery][milvus_server] SELECT id, table_id, segment_id, file_id, file_type, file_size, row_count, date, engine_type, created_on, updated_time FROM 'TableFiles' WHERE file_type = 2;
[2021-01-12 12:30:01,607][DEBUG][ENGINE][SqlQuery][wal_thread] SELECT global_lsn FROM Environment;
[2021-01-12 12:30:01,607][DEBUG][ENGINE][SetGlobalLastLSN][wal_thread] Update global lsn = 0
[2021-01-12 12:30:01,608][DEBUG][ENGINE][SqlQuery][milvus_server] SELECT id, table_id, segment_id, engine_type, file_id, file_type, date FROM TableFiles WHERE file_type IN (4,7) AND updated_time < 1610425791608519;
[2021-01-12 12:30:01,609][DEBUG][ENGINE][SqlQuery][milvus_server] SELECT id, table_id FROM Tables WHERE state = 1;
[2021-01-12 12:30:02,508][DEBUG][ENGINE][SqlQuery][milvus_server] SELECT id, table_id, segment_id, file_id, file_type, file_size, row_count, date, engine_type, created_on, updated_time FROM 'TableFiles' WHERE file_type = 2;
[2021-01-12 12:30:02,608][DEBUG][ENGINE][SqlQuery][wal_thread] SELECT global_lsn FROM Environment;
[2021-01-12 12:30:02,611][DEBUG][ENGINE][SetGlobalLastLSN][wal_thread] Update global lsn = 0
[2021-01-12 12:30:02,613][DEBUG][ENGINE][SqlQuery][milvus_server] SELECT id, table_id, segment_id, engine_type, file_id, file_type, date FROM TableFiles WHERE file_type IN (4,7) AND updated_time < 1610425792613569;
[2021-01-12 12:30:02,615][DEBUG][ENGINE][SqlQuery][milvus_server] SELECT id, table_id FROM Tables WHERE state = 1;
[2021-01-12 12:30:03,508][DEBUG][ENGINE][SqlQuery][milvus_server] SELECT id, table_id, segment_id, file_id, file_type, file_size, row_count, date, engine_type, created_on, updated_time FROM 'TableFiles' WHERE file_type = 2;
[2021-01-12 12:30:03,613][DEBUG][ENGINE][SqlQuery][wal_thread] SELECT global_lsn FROM Environment;
[2021-01-12 12:30:03,614][DEBUG][ENGINE][SetGlobalLastLSN][wal_thread] Update global lsn = 0
[2021-01-12 12:30:03,615][DEBUG][ENGINE][SqlQuery][milvus_server] SELECT id, table_id, segment_id, engine_type, file_id, file_type, date FROM TableFiles WHERE file_type IN (4,7) AND updated_time < 1610425793615029;
[2021-01-12 12:30:03,615][DEBUG][ENGINE][SqlQuery][milvus_server] SELECT id, table_id FROM Tables WHERE state = 1;
[2021-01-12 12:30:04,508][DEBUG][ENGINE][SqlQuery][milvus_server] SELECT id, table_id, segment_id, file_id, file_type, file_size, row_count, date, engine_type, created_on, updated_time FROM 'TableFiles' WHERE file_type = 2;
[2021-01-12 12:30:04,615][DEBUG][ENGINE][SqlQuery][wal_thread] SELECT global_lsn FROM Environment;
[2021-01-12 12:30:04,616][DEBUG][ENGINE][SetGlobalLastLSN][wal_thread] Update global lsn = 0
[2021-01-12 12:30:04,616][DEBUG][ENGINE][SqlQuery][milvus_server] SELECT id, table_id, segment_id, engine_type, file_id, file_type, date FROM TableFiles WHERE file_type IN (4,7) AND updated_time < 1610425794616608;
[2021-01-12 12:30:04,617][DEBUG][ENGINE][SqlQuery][milvus_server] SELECT id, table_id FROM Tables WHERE state = 1;
[2021-01-12 12:30:05,346][DEBUG][ENGINE][SqlQuery][wal_thread] SELECT global_lsn FROM Environment;
[2021-01-12 12:30:05,346][DEBUG][ENGINE][SetGlobalLastLSN][wal_thread] Update global lsn = 0
[2021-01-12 12:30:05,347][DEBUG][ENGINE][SqlQuery][milvus_server] SELECT id, table_id, segment_id, engine_type, file_id, file_type, date FROM TableFiles WHERE file_type IN (4,7) AND updated_time < 1610425795347210;
[2021-01-12 12:30:05,347][DEBUG][ENGINE][SqlQuery][milvus_server] SELECT id, table_id FROM Tables WHERE state = 1;
[2021-01-12 12:30:05,347][DEBUG][ENGINE][BackgroundWalThread][wal_thread] WAL background thread exit
[2021-01-12 12:30:05,348][DEBUG][ENGINE][SqlQuery][milvus_server] SELECT id, table_id, segment_id, file_id, file_type, file_size, row_count, date, engine_type, created_on, updated_time FROM 'TableFiles' WHERE file_type = 2;
[2021-01-12 12:30:05,348][DEBUG][ENGINE][BackgroundIndexThread][index_thread] DB background thread exit
[2021-01-12 12:30:05,349][DEBUG][ENGINE][SqlTransaction][milvus_server] DELETE FROM TableFiles WHERE file_type IN (0,5,6);
