[2020-12-28 14:46:25,378][INFO][SERVER][Check][milvus_server] InstanceLockCheck passed.
[2020-12-28 14:46:25,380][INFO][SERVER][Check][milvus_server] InstanceLockCheck passed.
[2020-12-28 14:46:25,380][INFO][SERVER][Start][milvus_server] Milvus Release version: v0.9.1, built at 2020-05-28 17:39.31
[2020-12-28 14:46:25,380][INFO][SERVER][Start][milvus_server] CPU edition
[2020-12-28 14:46:25,383][INFO][SERVER][CheckCpuInstructionSet][milvus_server] Supported CPU instruction sets: avx2, sse4_2
[2020-12-28 14:46:25,388][INFO][SERVER][LogConfigInFile][milvus_server] 

***************Config in file***************

version: 0.4
server_config:
  address: 0.0.0.0
  port: 19530
  deploy_mode: single
  time_zone: UTC+8
  web_enable: true
  web_port: 19121
db_config:
  backend_url: sqlite://:@:/
  preload_collection: ~
  auto_flush_interval: 1
storage_config:
  primary_path: /var/lib/milvus
  secondary_path: ~
  file_cleanup_timeout: 10
metric_config:
  enable_monitor: false
  address: 127.0.0.1
  port: 9091
cache_config:
  cpu_cache_capacity: 1
  insert_buffer_size: 1
  cache_insert_data: false
engine_config:
  use_blas_threshold: 1100
  gpu_search_threshold: 1000
gpu_resource_config:
  enable: false
  cache_capacity: 1
  search_resources:
    - gpu0
  build_index_resources:
    - gpu0
tracing_config:
  json_config_path: ~
wal_config:
  enable: true
  recovery_error_ignore: true
  buffer_size: 256
  wal_path: /var/lib/milvus/wal
logs:
  trace.enable: true
  debug.enable: true
  info.enable: true
  warning.enable: true
  error.enable: true
  fatal.enable: true
  path: /var/lib/milvus/logs
  max_log_file_size: 1024
  log_rotate_num: 0
[2020-12-28 14:46:25,413][INFO][SERVER][LogCpuInfo][milvus_server] 

***************CPU***************

processor	: 1
vendor_id	: GenuineIntel
cpu family	: 6
model		: 142
model name	: Intel(R) Core(TM) i5-8250U CPU @ 1.60GHz
stepping	: 10
microcode	: 0xffffffff
cpu MHz		: 1800.000
cache size	: 6144 KB
physical id	: 0
siblings	: 2
core id		: 0
cpu cores	: 1
apicid		: 1
initial apicid	: 1
fpu		: yes
fpu_exception	: yes
cpuid level	: 21
wp		: yes
flags		: fpu vme de pse tsc msr pae mce cx8 apic sep mtrr pge mca cmov pat pse36 clflush mmx fxsr sse sse2 ss ht syscall nx pdpe1gb rdtscp lm constant_tsc rep_good nopl xtopology cpuid pni pclmulqdq ssse3 fma cx16 pcid sse4_1 sse4_2 movbe popcnt aes xsave avx f16c rdrand hypervisor lahf_lm abm 3dnowprefetch invpcid_single ssbd ibrs ibpb stibp fsgsbase bmi1 avx2 smep bmi2 erms invpcid mpx rdseed adx smap clflushopt xsaveopt xsavec xgetbv1 xsaves flush_l1d arch_capabilities
bugs		: cpu_meltdown spectre_v1 spectre_v2 spec_store_bypass l1tf mds swapgs itlb_multihit
bogomips	: 3600.00
clflush size	: 64
cache_alignment	: 64
address sizes	: 39 bits physical, 48 bits virtual
power management:


[2020-12-28 14:46:25,415][INFO][SERVER][LogConfigInMem][milvus_server] 

***************Config in memory***************

{
   "cache_config": {
      "cache_insert_data": "false",
      "cpu_cache_capacity": "1",
      "cpu_cache_threshold": "0.7",
      "insert_buffer_size": "1"
   },
   "db_config": {
      "archive_days_threshold": "0",
      "archive_disk_threshold": "0",
      "auto_flush_interval": "1",
      "backend_url": "sqlite://:@:/",
      "preload_collection": ""
   },
   "engine_config": {
      "omp_thread_num": "0",
      "simd_type": "auto",
      "use_blas_threshold": "1100"
   },
   "logs": {
      "debug.enable": "true",
      "error.enable": "true",
      "fatal.enable": "true",
      "info.enable": "true",
      "log_rotate_num": "0",
      "max_log_file_size": "1024",
      "path": "/var/lib/milvus/logs",
      "trace.enable": "true",
      "warning.enable": "true"
   },
   "metric_config": {
      "address": "127.0.0.1",
      "enable_monitor": "false",
      "port": "9091"
   },
   "server_config": {
      "address": "0.0.0.0",
      "deploy_mode": "single",
      "port": "19530",
      "time_zone": "UTC+8",
      "web_enable": "true",
      "web_port": "19121"
   },
   "storage_config": {
      "primary_path": "/var/lib/milvus",
      "secondary_path": ""
   },
   "tracing_config": {
      "json_config_path": ""
   },
   "wal_config": {
      "buffer_size": "256",
      "enable": "true",
      "recovery_error_ignore": "true",
      "wal_path": "/var/lib/milvus/wal"
   }
}
[2020-12-28 14:46:25,427][INFO][ENGINE][Build][milvus_server] Using SQLite
[2020-12-28 14:46:26,696][INFO][WAL][CollectionFlushed][wal_thread]  is flushed by lsn 0
[2020-12-28 14:46:27,697][INFO][WAL][CollectionFlushed][wal_thread]  is flushed by lsn 0
[2020-12-28 14:46:28,698][INFO][WAL][CollectionFlushed][wal_thread]  is flushed by lsn 0
[2020-12-28 14:46:29,699][INFO][WAL][CollectionFlushed][wal_thread]  is flushed by lsn 0
[2020-12-28 14:46:30,700][INFO][WAL][CollectionFlushed][wal_thread]  is flushed by lsn 0
[2020-12-28 14:46:31,701][INFO][WAL][CollectionFlushed][wal_thread]  is flushed by lsn 0
[2020-12-28 14:46:32,701][INFO][WAL][CollectionFlushed][wal_thread]  is flushed by lsn 0
[2020-12-28 14:46:33,702][INFO][WAL][CollectionFlushed][wal_thread]  is flushed by lsn 0
[2020-12-28 14:46:34,703][INFO][WAL][CollectionFlushed][wal_thread]  is flushed by lsn 0
[2020-12-28 14:46:35,704][INFO][WAL][CollectionFlushed][wal_thread]  is flushed by lsn 0
[2020-12-28 14:46:36,704][INFO][WAL][CollectionFlushed][wal_thread]  is flushed by lsn 0
[2020-12-28 14:46:37,705][INFO][WAL][CollectionFlushed][wal_thread]  is flushed by lsn 0
[2020-12-28 14:46:38,706][INFO][WAL][CollectionFlushed][wal_thread]  is flushed by lsn 0
[2020-12-28 14:46:39,707][INFO][WAL][CollectionFlushed][wal_thread]  is flushed by lsn 0
[2020-12-28 14:46:40,708][INFO][WAL][CollectionFlushed][wal_thread]  is flushed by lsn 0
[2020-12-28 14:46:41,709][INFO][WAL][CollectionFlushed][wal_thread]  is flushed by lsn 0
[2020-12-28 14:46:42,710][INFO][WAL][CollectionFlushed][wal_thread]  is flushed by lsn 0
[2020-12-28 14:46:43,711][INFO][WAL][CollectionFlushed][wal_thread]  is flushed by lsn 0
[2020-12-28 14:46:44,712][INFO][WAL][CollectionFlushed][wal_thread]  is flushed by lsn 0
[2020-12-28 14:46:45,713][INFO][WAL][CollectionFlushed][wal_thread]  is flushed by lsn 0
[2020-12-28 14:46:46,713][INFO][WAL][CollectionFlushed][wal_thread]  is flushed by lsn 0
[2020-12-28 14:46:47,714][INFO][WAL][CollectionFlushed][wal_thread]  is flushed by lsn 0
[2020-12-28 14:46:48,715][INFO][WAL][CollectionFlushed][wal_thread]  is flushed by lsn 0
[2020-12-28 14:46:49,716][INFO][WAL][CollectionFlushed][wal_thread]  is flushed by lsn 0
[2020-12-28 14:46:50,717][INFO][WAL][CollectionFlushed][wal_thread]  is flushed by lsn 0
[2020-12-28 14:46:51,718][INFO][WAL][CollectionFlushed][wal_thread]  is flushed by lsn 0
[2020-12-28 14:46:52,720][INFO][WAL][CollectionFlushed][wal_thread]  is flushed by lsn 0
[2020-12-28 14:46:53,720][INFO][WAL][CollectionFlushed][wal_thread]  is flushed by lsn 0
[2020-12-28 14:46:54,722][INFO][WAL][CollectionFlushed][wal_thread]  is flushed by lsn 0
[2020-12-28 14:46:55,723][INFO][WAL][CollectionFlushed][wal_thread]  is flushed by lsn 0
[2020-12-28 14:46:56,723][INFO][WAL][CollectionFlushed][wal_thread]  is flushed by lsn 0
[2020-12-28 14:46:57,724][INFO][WAL][CollectionFlushed][wal_thread]  is flushed by lsn 0
[2020-12-28 14:46:58,725][INFO][WAL][CollectionFlushed][wal_thread]  is flushed by lsn 0
[2020-12-28 14:46:59,726][INFO][WAL][CollectionFlushed][wal_thread]  is flushed by lsn 0
[2020-12-28 14:47:00,727][INFO][WAL][CollectionFlushed][wal_thread]  is flushed by lsn 0
[2020-12-28 14:47:01,728][INFO][WAL][CollectionFlushed][wal_thread]  is flushed by lsn 0
[2020-12-28 14:47:02,729][INFO][WAL][CollectionFlushed][wal_thread]  is flushed by lsn 0
[2020-12-28 14:47:03,730][INFO][WAL][CollectionFlushed][wal_thread]  is flushed by lsn 0
[2020-12-28 14:47:04,731][INFO][WAL][CollectionFlushed][wal_thread]  is flushed by lsn 0
[2020-12-28 14:47:05,732][INFO][WAL][CollectionFlushed][wal_thread]  is flushed by lsn 0
[2020-12-28 14:47:06,733][INFO][WAL][CollectionFlushed][wal_thread]  is flushed by lsn 0
[2020-12-28 14:47:07,734][INFO][WAL][CollectionFlushed][wal_thread]  is flushed by lsn 0
[2020-12-28 14:47:08,735][INFO][WAL][CollectionFlushed][wal_thread]  is flushed by lsn 0
[2020-12-28 14:47:09,736][INFO][WAL][CollectionFlushed][wal_thread]  is flushed by lsn 0
[2020-12-28 14:47:10,737][INFO][WAL][CollectionFlushed][wal_thread]  is flushed by lsn 0
[2020-12-28 14:47:11,738][INFO][WAL][CollectionFlushed][wal_thread]  is flushed by lsn 0
[2020-12-28 14:47:12,739][INFO][WAL][CollectionFlushed][wal_thread]  is flushed by lsn 0
[2020-12-28 14:47:13,740][INFO][WAL][CollectionFlushed][wal_thread]  is flushed by lsn 0
[2020-12-28 14:47:14,741][INFO][WAL][CollectionFlushed][wal_thread]  is flushed by lsn 0
[2020-12-28 14:47:15,742][INFO][WAL][CollectionFlushed][wal_thread]  is flushed by lsn 0
[2020-12-28 14:47:16,743][INFO][WAL][CollectionFlushed][wal_thread]  is flushed by lsn 0
[2020-12-28 14:47:17,744][INFO][WAL][CollectionFlushed][wal_thread]  is flushed by lsn 0
[2020-12-28 14:47:18,745][INFO][WAL][CollectionFlushed][wal_thread]  is flushed by lsn 0
[2020-12-28 14:47:19,748][INFO][WAL][CollectionFlushed][wal_thread]  is flushed by lsn 0
[2020-12-28 14:47:20,748][INFO][WAL][CollectionFlushed][wal_thread]  is flushed by lsn 0
[2020-12-28 14:47:21,749][INFO][WAL][CollectionFlushed][wal_thread]  is flushed by lsn 0
[2020-12-28 14:47:22,750][INFO][WAL][CollectionFlushed][wal_thread]  is flushed by lsn 0
[2020-12-28 14:47:23,751][INFO][WAL][CollectionFlushed][wal_thread]  is flushed by lsn 0
[2020-12-28 14:47:24,752][INFO][WAL][CollectionFlushed][wal_thread]  is flushed by lsn 0
[2020-12-28 14:47:25,754][INFO][WAL][CollectionFlushed][wal_thread]  is flushed by lsn 0
[2020-12-28 14:47:26,755][INFO][WAL][CollectionFlushed][wal_thread]  is flushed by lsn 0
[2020-12-28 14:47:27,756][INFO][WAL][CollectionFlushed][wal_thread]  is flushed by lsn 0
[2020-12-28 14:47:28,757][INFO][WAL][CollectionFlushed][wal_thread]  is flushed by lsn 0
[2020-12-28 14:47:29,757][INFO][WAL][CollectionFlushed][wal_thread]  is flushed by lsn 0
[2020-12-28 14:47:30,758][INFO][WAL][CollectionFlushed][wal_thread]  is flushed by lsn 0
[2020-12-28 14:47:31,760][INFO][WAL][CollectionFlushed][wal_thread]  is flushed by lsn 0
[2020-12-28 14:47:32,761][INFO][WAL][CollectionFlushed][wal_thread]  is flushed by lsn 0
[2020-12-28 14:47:33,762][INFO][WAL][CollectionFlushed][wal_thread]  is flushed by lsn 0
[2020-12-28 14:47:34,763][INFO][WAL][CollectionFlushed][wal_thread]  is flushed by lsn 0
[2020-12-28 14:47:35,764][INFO][WAL][CollectionFlushed][wal_thread]  is flushed by lsn 0
[2020-12-28 14:47:36,765][INFO][WAL][CollectionFlushed][wal_thread]  is flushed by lsn 0
[2020-12-28 14:47:37,766][INFO][WAL][CollectionFlushed][wal_thread]  is flushed by lsn 0
[2020-12-28 14:47:38,767][INFO][WAL][CollectionFlushed][wal_thread]  is flushed by lsn 0
[2020-12-28 14:47:39,768][INFO][WAL][CollectionFlushed][wal_thread]  is flushed by lsn 0
[2020-12-28 14:47:40,769][INFO][WAL][CollectionFlushed][wal_thread]  is flushed by lsn 0
[2020-12-28 14:47:41,770][INFO][WAL][CollectionFlushed][wal_thread]  is flushed by lsn 0
[2020-12-28 14:47:42,771][INFO][WAL][CollectionFlushed][wal_thread]  is flushed by lsn 0
[2020-12-28 14:47:43,772][INFO][WAL][CollectionFlushed][wal_thread]  is flushed by lsn 0
[2020-12-28 14:47:44,773][INFO][WAL][CollectionFlushed][wal_thread]  is flushed by lsn 0
[2020-12-28 14:47:45,775][INFO][WAL][CollectionFlushed][wal_thread]  is flushed by lsn 0
[2020-12-28 14:47:46,776][INFO][WAL][CollectionFlushed][wal_thread]  is flushed by lsn 0
[2020-12-28 14:47:47,777][INFO][WAL][CollectionFlushed][wal_thread]  is flushed by lsn 0
[2020-12-28 14:47:48,778][INFO][WAL][CollectionFlushed][wal_thread]  is flushed by lsn 0
[2020-12-28 14:47:49,779][INFO][WAL][CollectionFlushed][wal_thread]  is flushed by lsn 0
[2020-12-28 14:47:50,780][INFO][WAL][CollectionFlushed][wal_thread]  is flushed by lsn 0
[2020-12-28 14:47:51,781][INFO][WAL][CollectionFlushed][wal_thread]  is flushed by lsn 0
[2020-12-28 14:47:52,782][INFO][WAL][CollectionFlushed][wal_thread]  is flushed by lsn 0
[2020-12-28 14:47:53,783][INFO][WAL][CollectionFlushed][wal_thread]  is flushed by lsn 0
[2020-12-28 14:47:54,784][INFO][WAL][CollectionFlushed][wal_thread]  is flushed by lsn 0
[2020-12-28 14:47:55,868][INFO][WAL][CollectionFlushed][wal_thread]  is flushed by lsn 0
[2020-12-28 14:47:56,869][INFO][WAL][CollectionFlushed][wal_thread]  is flushed by lsn 0
[2020-12-28 14:47:57,874][INFO][WAL][CollectionFlushed][wal_thread]  is flushed by lsn 0
[2020-12-28 14:47:58,875][INFO][WAL][CollectionFlushed][wal_thread]  is flushed by lsn 0
[2020-12-28 14:47:59,877][INFO][WAL][CollectionFlushed][wal_thread]  is flushed by lsn 0
[2020-12-28 14:48:00,878][INFO][WAL][CollectionFlushed][wal_thread]  is flushed by lsn 0
[2020-12-28 14:48:01,880][INFO][WAL][CollectionFlushed][wal_thread]  is flushed by lsn 0
[2020-12-28 14:48:02,882][INFO][WAL][CollectionFlushed][wal_thread]  is flushed by lsn 0
[2020-12-28 14:48:03,883][INFO][WAL][CollectionFlushed][wal_thread]  is flushed by lsn 0
[2020-12-28 14:48:04,886][INFO][WAL][CollectionFlushed][wal_thread]  is flushed by lsn 0
[2020-12-28 14:48:05,234][INFO][SERVER][Cmd][grpcpp_sync_ser] Request [0] Cmd begin.
[2020-12-28 14:48:05,235][INFO][SERVER][PutToQueue][grpcpp_sync_ser] Create new thread for request group: info
[2020-12-28 14:48:05,236][INFO][SERVER][Cmd][grpcpp_sync_ser] Request [0] Cmd end.
[2020-12-28 14:48:05,258][INFO][SERVER][HasCollection][grpcpp_sync_ser] Request [1] HasCollection begin.
[2020-12-28 14:48:05,260][INFO][SERVER][HasCollection][grpcpp_sync_ser] Request [1] HasCollection end.
[2020-12-28 14:48:05,269][INFO][SERVER][DescribeCollection][grpcpp_sync_ser] Request [2] DescribeCollection begin.
[2020-12-28 14:48:05,271][INFO][SERVER][DescribeCollection][grpcpp_sync_ser] Request [2] DescribeCollection end.
[2020-12-28 14:48:05,311][INFO][SERVER][Insert][grpcpp_sync_ser] Request [3] Insert begin.
[2020-12-28 14:48:05,312][INFO][SERVER][PutToQueue][grpcpp_sync_ser] Create new thread for request group: ddl_dml
[2020-12-28 14:48:05,312][INFO][SERVER][OnExecute][reqsched_thread] [insert][0] Execute insert request.
[2020-12-28 14:48:05,332][INFO][WAL][Insert][reqsched_thread] [insert][0]retina_face insert in part  with lsn 4295386372
[2020-12-28 14:48:05,333][INFO][WAL][GetNextRecord][wal_thread] record type 2 collection retina_face lsn 4295386372
[2020-12-28 14:48:05,337][INFO][SERVER][Insert][grpcpp_sync_ser] Request [3] Insert end.
[2020-12-28 14:48:05,376][INFO][SERVER][Flush][grpcpp_sync_ser] Request [4] Flush begin.
[2020-12-28 14:48:05,379][INFO][WAL][Flush][reqsched_thread] retina_face want to be flush, lsn 4295386372
[2020-12-28 14:48:05,380][INFO][WAL][operator()][wal_thread] record flush collection retina_face lsn 4295386372
[2020-12-28 14:48:05,496][INFO][WAL][CollectionFlushed][wal_thread] retina_face is flushed by lsn 4295386372
[2020-12-28 14:48:05,498][INFO][SERVER][Flush][grpcpp_sync_ser] Request [4] Flush end.
[2020-12-28 14:48:05,501][INFO][SERVER][CountCollection][grpcpp_sync_ser] Request [5] CountCollection begin.
[2020-12-28 14:48:05,511][INFO][SERVER][CountCollection][grpcpp_sync_ser] Request [5] CountCollection end.
[2020-12-28 14:48:05,513][INFO][SERVER][ShowCollectionInfo][grpcpp_sync_ser] Request [6] ShowCollectionInfo begin.
[2020-12-28 14:48:05,518][INFO][SERVER][ShowCollectionInfo][grpcpp_sync_ser] Request [6] ShowCollectionInfo end.
[2020-12-28 14:48:05,522][INFO][SERVER][CreateIndex][grpcpp_sync_ser] Request [7] CreateIndex begin.
[2020-12-28 14:48:05,525][INFO][WAL][Flush][reqsched_thread]  want to be flush, lsn 4295386372
[2020-12-28 14:48:05,525][INFO][WAL][operator()][wal_thread] record flush collection  lsn 4295386372
[2020-12-28 14:48:05,709][INFO][WAL][CollectionFlushed][wal_thread]  is flushed by lsn 0
[2020-12-28 14:48:05,716][INFO][SERVER][CreateIndex][grpcpp_sync_ser] Request [7] CreateIndex end.
[2020-12-28 14:48:05,719][INFO][SERVER][DescribeIndex][grpcpp_sync_ser] Request [8] DescribeIndex begin.
[2020-12-28 14:48:05,720][INFO][SERVER][DescribeIndex][grpcpp_sync_ser] Request [8] DescribeIndex end.
[2020-12-28 14:48:06,710][INFO][WAL][CollectionFlushed][wal_thread]  is flushed by lsn 0
[2020-12-28 14:48:07,711][INFO][WAL][CollectionFlushed][wal_thread]  is flushed by lsn 0
[2020-12-28 14:48:08,712][INFO][WAL][CollectionFlushed][wal_thread]  is flushed by lsn 0
[2020-12-28 14:48:09,713][INFO][WAL][CollectionFlushed][wal_thread]  is flushed by lsn 0
[2020-12-28 14:48:10,714][INFO][WAL][CollectionFlushed][wal_thread]  is flushed by lsn 0
[2020-12-28 14:48:11,715][INFO][WAL][CollectionFlushed][wal_thread]  is flushed by lsn 0
[2020-12-28 14:48:12,716][INFO][WAL][CollectionFlushed][wal_thread]  is flushed by lsn 0
[2020-12-28 14:48:13,717][INFO][WAL][CollectionFlushed][wal_thread]  is flushed by lsn 0
[2020-12-28 14:48:14,718][INFO][WAL][CollectionFlushed][wal_thread]  is flushed by lsn 0
[2020-12-28 14:48:15,719][INFO][WAL][CollectionFlushed][wal_thread]  is flushed by lsn 0
[2020-12-28 14:48:16,719][INFO][WAL][CollectionFlushed][wal_thread]  is flushed by lsn 0
[2020-12-28 14:48:17,720][INFO][WAL][CollectionFlushed][wal_thread]  is flushed by lsn 0
[2020-12-28 14:48:18,721][INFO][WAL][CollectionFlushed][wal_thread]  is flushed by lsn 0
[2020-12-28 14:48:19,722][INFO][WAL][CollectionFlushed][wal_thread]  is flushed by lsn 0
[2020-12-28 14:48:20,723][INFO][WAL][CollectionFlushed][wal_thread]  is flushed by lsn 0
[2020-12-28 14:48:21,724][INFO][WAL][CollectionFlushed][wal_thread]  is flushed by lsn 0
[2020-12-28 14:48:22,725][INFO][WAL][CollectionFlushed][wal_thread]  is flushed by lsn 0
[2020-12-28 14:48:23,726][INFO][WAL][CollectionFlushed][wal_thread]  is flushed by lsn 0
[2020-12-28 14:48:24,727][INFO][WAL][CollectionFlushed][wal_thread]  is flushed by lsn 0
[2020-12-28 14:48:25,728][INFO][WAL][CollectionFlushed][wal_thread]  is flushed by lsn 0
[2020-12-28 14:48:26,729][INFO][WAL][CollectionFlushed][wal_thread]  is flushed by lsn 0
[2020-12-28 14:48:27,730][INFO][WAL][CollectionFlushed][wal_thread]  is flushed by lsn 0
[2020-12-28 14:48:28,731][INFO][WAL][CollectionFlushed][wal_thread]  is flushed by lsn 0
[2020-12-28 14:48:29,732][INFO][WAL][CollectionFlushed][wal_thread]  is flushed by lsn 0
[2020-12-28 14:48:30,734][INFO][WAL][CollectionFlushed][wal_thread]  is flushed by lsn 0
[2020-12-28 14:48:31,735][INFO][WAL][CollectionFlushed][wal_thread]  is flushed by lsn 0
[2020-12-28 14:48:32,735][INFO][WAL][CollectionFlushed][wal_thread]  is flushed by lsn 0
[2020-12-28 14:48:33,736][INFO][WAL][CollectionFlushed][wal_thread]  is flushed by lsn 0
[2020-12-28 14:48:34,737][INFO][WAL][CollectionFlushed][wal_thread]  is flushed by lsn 0
[2020-12-28 14:48:35,738][INFO][WAL][CollectionFlushed][wal_thread]  is flushed by lsn 0
[2020-12-28 14:48:36,739][INFO][WAL][CollectionFlushed][wal_thread]  is flushed by lsn 0
[2020-12-28 14:48:37,740][INFO][WAL][CollectionFlushed][wal_thread]  is flushed by lsn 0
[2020-12-28 14:48:38,740][INFO][WAL][CollectionFlushed][wal_thread]  is flushed by lsn 0
[2020-12-28 14:48:39,741][INFO][WAL][CollectionFlushed][wal_thread]  is flushed by lsn 0
[2020-12-28 14:48:40,742][INFO][WAL][CollectionFlushed][wal_thread]  is flushed by lsn 0
[2020-12-28 14:48:41,743][INFO][WAL][CollectionFlushed][wal_thread]  is flushed by lsn 0
[2020-12-28 14:48:42,744][INFO][WAL][CollectionFlushed][wal_thread]  is flushed by lsn 0
[2020-12-28 14:48:43,746][INFO][WAL][CollectionFlushed][wal_thread]  is flushed by lsn 0
[2020-12-28 14:48:44,746][INFO][WAL][CollectionFlushed][wal_thread]  is flushed by lsn 0
[2020-12-28 14:48:45,747][INFO][WAL][CollectionFlushed][wal_thread]  is flushed by lsn 0
[2020-12-28 14:48:46,748][INFO][WAL][CollectionFlushed][wal_thread]  is flushed by lsn 0
[2020-12-28 14:48:47,749][INFO][WAL][CollectionFlushed][wal_thread]  is flushed by lsn 0
[2020-12-28 14:48:48,749][INFO][WAL][CollectionFlushed][wal_thread]  is flushed by lsn 0
[2020-12-28 14:48:49,750][INFO][WAL][CollectionFlushed][wal_thread]  is flushed by lsn 0
[2020-12-28 14:48:50,751][INFO][WAL][CollectionFlushed][wal_thread]  is flushed by lsn 0
[2020-12-28 14:48:51,752][INFO][WAL][CollectionFlushed][wal_thread]  is flushed by lsn 0
[2020-12-28 14:48:52,753][INFO][WAL][CollectionFlushed][wal_thread]  is flushed by lsn 0
[2020-12-28 14:48:53,754][INFO][WAL][CollectionFlushed][wal_thread]  is flushed by lsn 0
[2020-12-28 14:48:54,755][INFO][WAL][CollectionFlushed][wal_thread]  is flushed by lsn 0
[2020-12-28 14:48:55,755][INFO][WAL][CollectionFlushed][wal_thread]  is flushed by lsn 0
[2020-12-28 14:48:56,756][INFO][WAL][CollectionFlushed][wal_thread]  is flushed by lsn 0
[2020-12-28 14:48:57,757][INFO][WAL][CollectionFlushed][wal_thread]  is flushed by lsn 0
[2020-12-28 14:48:58,758][INFO][WAL][CollectionFlushed][wal_thread]  is flushed by lsn 0
[2020-12-28 14:48:59,759][INFO][WAL][CollectionFlushed][wal_thread]  is flushed by lsn 0
[2020-12-28 14:49:00,760][INFO][WAL][CollectionFlushed][wal_thread]  is flushed by lsn 0
[2020-12-28 14:49:01,761][INFO][WAL][CollectionFlushed][wal_thread]  is flushed by lsn 0
[2020-12-28 14:49:02,762][INFO][WAL][CollectionFlushed][wal_thread]  is flushed by lsn 0
[2020-12-28 14:49:03,763][INFO][WAL][CollectionFlushed][wal_thread]  is flushed by lsn 0
[2020-12-28 14:49:04,763][INFO][WAL][CollectionFlushed][wal_thread]  is flushed by lsn 0
[2020-12-28 14:49:05,764][INFO][WAL][CollectionFlushed][wal_thread]  is flushed by lsn 0
[2020-12-28 14:49:06,765][INFO][WAL][CollectionFlushed][wal_thread]  is flushed by lsn 0
[2020-12-28 14:49:07,766][INFO][WAL][CollectionFlushed][wal_thread]  is flushed by lsn 0
[2020-12-28 14:49:08,767][INFO][WAL][CollectionFlushed][wal_thread]  is flushed by lsn 0
[2020-12-28 14:49:09,768][INFO][WAL][CollectionFlushed][wal_thread]  is flushed by lsn 0
[2020-12-28 14:49:10,769][INFO][WAL][CollectionFlushed][wal_thread]  is flushed by lsn 0
[2020-12-28 14:49:11,770][INFO][WAL][CollectionFlushed][wal_thread]  is flushed by lsn 0
[2020-12-28 14:49:12,770][INFO][WAL][CollectionFlushed][wal_thread]  is flushed by lsn 0
[2020-12-28 14:49:13,771][INFO][WAL][CollectionFlushed][wal_thread]  is flushed by lsn 0
[2020-12-28 14:49:14,772][INFO][WAL][CollectionFlushed][wal_thread]  is flushed by lsn 0
[2020-12-28 14:49:15,773][INFO][WAL][CollectionFlushed][wal_thread]  is flushed by lsn 0
[2020-12-28 14:49:16,774][INFO][WAL][CollectionFlushed][wal_thread]  is flushed by lsn 0
[2020-12-28 14:49:17,775][INFO][WAL][CollectionFlushed][wal_thread]  is flushed by lsn 0
[2020-12-28 14:49:18,776][INFO][WAL][CollectionFlushed][wal_thread]  is flushed by lsn 0
[2020-12-28 14:49:19,777][INFO][WAL][CollectionFlushed][wal_thread]  is flushed by lsn 0
[2020-12-28 14:49:20,777][INFO][WAL][CollectionFlushed][wal_thread]  is flushed by lsn 0
[2020-12-28 14:49:21,778][INFO][WAL][CollectionFlushed][wal_thread]  is flushed by lsn 0
[2020-12-28 14:49:22,779][INFO][WAL][CollectionFlushed][wal_thread]  is flushed by lsn 0
[2020-12-28 14:49:23,780][INFO][WAL][CollectionFlushed][wal_thread]  is flushed by lsn 0
[2020-12-28 14:49:24,781][INFO][WAL][CollectionFlushed][wal_thread]  is flushed by lsn 0
[2020-12-28 14:49:25,782][INFO][WAL][CollectionFlushed][wal_thread]  is flushed by lsn 0
[2020-12-28 14:49:26,783][INFO][WAL][CollectionFlushed][wal_thread]  is flushed by lsn 0
[2020-12-28 14:49:27,783][INFO][WAL][CollectionFlushed][wal_thread]  is flushed by lsn 0
[2020-12-28 14:49:28,784][INFO][WAL][CollectionFlushed][wal_thread]  is flushed by lsn 0
[2020-12-28 14:49:29,785][INFO][WAL][CollectionFlushed][wal_thread]  is flushed by lsn 0
[2020-12-28 14:49:30,786][INFO][WAL][CollectionFlushed][wal_thread]  is flushed by lsn 0
[2020-12-28 14:49:31,787][INFO][WAL][CollectionFlushed][wal_thread]  is flushed by lsn 0
[2020-12-28 14:49:32,787][INFO][WAL][CollectionFlushed][wal_thread]  is flushed by lsn 0
[2020-12-28 14:49:33,788][INFO][WAL][CollectionFlushed][wal_thread]  is flushed by lsn 0
[2020-12-28 14:49:34,789][INFO][WAL][CollectionFlushed][wal_thread]  is flushed by lsn 0
[2020-12-28 14:49:35,790][INFO][WAL][CollectionFlushed][wal_thread]  is flushed by lsn 0
[2020-12-28 14:49:36,791][INFO][WAL][CollectionFlushed][wal_thread]  is flushed by lsn 0
[2020-12-28 14:49:37,792][INFO][WAL][CollectionFlushed][wal_thread]  is flushed by lsn 0
[2020-12-28 14:49:38,793][INFO][WAL][CollectionFlushed][wal_thread]  is flushed by lsn 0
[2020-12-28 14:49:39,794][INFO][WAL][CollectionFlushed][wal_thread]  is flushed by lsn 0
[2020-12-28 14:49:40,795][INFO][WAL][CollectionFlushed][wal_thread]  is flushed by lsn 0
[2020-12-28 14:49:41,796][INFO][WAL][CollectionFlushed][wal_thread]  is flushed by lsn 0
[2020-12-28 14:49:42,797][INFO][WAL][CollectionFlushed][wal_thread]  is flushed by lsn 0
[2020-12-28 14:49:43,797][INFO][WAL][CollectionFlushed][wal_thread]  is flushed by lsn 0
[2020-12-28 14:49:44,798][INFO][WAL][CollectionFlushed][wal_thread]  is flushed by lsn 0
[2020-12-28 14:49:45,799][INFO][WAL][CollectionFlushed][wal_thread]  is flushed by lsn 0
[2020-12-28 14:49:46,800][INFO][WAL][CollectionFlushed][wal_thread]  is flushed by lsn 0
[2020-12-28 14:49:47,801][INFO][WAL][CollectionFlushed][wal_thread]  is flushed by lsn 0
[2020-12-28 14:49:48,802][INFO][WAL][CollectionFlushed][wal_thread]  is flushed by lsn 0
[2020-12-28 14:49:49,803][INFO][WAL][CollectionFlushed][wal_thread]  is flushed by lsn 0
[2020-12-28 14:49:50,804][INFO][WAL][CollectionFlushed][wal_thread]  is flushed by lsn 0
[2020-12-28 14:49:51,805][INFO][WAL][CollectionFlushed][wal_thread]  is flushed by lsn 0
[2020-12-28 14:49:52,805][INFO][WAL][CollectionFlushed][wal_thread]  is flushed by lsn 0
[2020-12-28 14:49:53,806][INFO][WAL][CollectionFlushed][wal_thread]  is flushed by lsn 0
[2020-12-28 14:49:54,807][INFO][WAL][CollectionFlushed][wal_thread]  is flushed by lsn 0
[2020-12-28 14:49:55,808][INFO][WAL][CollectionFlushed][wal_thread]  is flushed by lsn 0
[2020-12-28 14:49:56,809][INFO][WAL][CollectionFlushed][wal_thread]  is flushed by lsn 0
[2020-12-28 14:49:57,810][INFO][WAL][CollectionFlushed][wal_thread]  is flushed by lsn 0
[2020-12-28 14:49:58,811][INFO][WAL][CollectionFlushed][wal_thread]  is flushed by lsn 0
[2020-12-28 14:49:59,811][INFO][WAL][CollectionFlushed][wal_thread]  is flushed by lsn 0
[2020-12-28 14:50:00,812][INFO][WAL][CollectionFlushed][wal_thread]  is flushed by lsn 0
[2020-12-28 14:50:01,814][INFO][WAL][CollectionFlushed][wal_thread]  is flushed by lsn 0
[2020-12-28 14:50:02,814][INFO][WAL][CollectionFlushed][wal_thread]  is flushed by lsn 0
[2020-12-28 14:50:03,815][INFO][WAL][CollectionFlushed][wal_thread]  is flushed by lsn 0
[2020-12-28 14:50:04,817][INFO][WAL][CollectionFlushed][wal_thread]  is flushed by lsn 0
[2020-12-28 14:50:05,818][INFO][WAL][CollectionFlushed][wal_thread]  is flushed by lsn 0
[2020-12-28 14:50:06,821][INFO][WAL][CollectionFlushed][wal_thread]  is flushed by lsn 0
[2020-12-28 14:50:07,822][INFO][WAL][CollectionFlushed][wal_thread]  is flushed by lsn 0
[2020-12-28 14:50:08,823][INFO][WAL][CollectionFlushed][wal_thread]  is flushed by lsn 0
[2020-12-28 14:50:09,824][INFO][WAL][CollectionFlushed][wal_thread]  is flushed by lsn 0
[2020-12-28 14:50:10,825][INFO][WAL][CollectionFlushed][wal_thread]  is flushed by lsn 0
[2020-12-28 14:50:11,826][INFO][WAL][CollectionFlushed][wal_thread]  is flushed by lsn 0
[2020-12-28 14:50:12,827][INFO][WAL][CollectionFlushed][wal_thread]  is flushed by lsn 0
[2020-12-28 14:50:13,828][INFO][WAL][CollectionFlushed][wal_thread]  is flushed by lsn 0
[2020-12-28 14:50:14,829][INFO][WAL][CollectionFlushed][wal_thread]  is flushed by lsn 0
[2020-12-28 14:50:15,830][INFO][WAL][CollectionFlushed][wal_thread]  is flushed by lsn 0
[2020-12-28 14:50:16,831][INFO][WAL][CollectionFlushed][wal_thread]  is flushed by lsn 0
[2020-12-28 14:50:17,831][INFO][WAL][CollectionFlushed][wal_thread]  is flushed by lsn 0
[2020-12-28 14:50:18,832][INFO][WAL][CollectionFlushed][wal_thread]  is flushed by lsn 0
[2020-12-28 14:50:19,834][INFO][WAL][CollectionFlushed][wal_thread]  is flushed by lsn 0
[2020-12-28 14:50:20,834][INFO][WAL][CollectionFlushed][wal_thread]  is flushed by lsn 0
[2020-12-28 14:50:21,835][INFO][WAL][CollectionFlushed][wal_thread]  is flushed by lsn 0
[2020-12-28 14:50:22,836][INFO][WAL][CollectionFlushed][wal_thread]  is flushed by lsn 0
[2020-12-28 14:50:23,837][INFO][WAL][CollectionFlushed][wal_thread]  is flushed by lsn 0
[2020-12-28 14:50:24,839][INFO][WAL][CollectionFlushed][wal_thread]  is flushed by lsn 0
[2020-12-28 14:50:25,840][INFO][WAL][CollectionFlushed][wal_thread]  is flushed by lsn 0
[2020-12-28 14:50:26,841][INFO][WAL][CollectionFlushed][wal_thread]  is flushed by lsn 0
[2020-12-28 14:50:27,841][INFO][WAL][CollectionFlushed][wal_thread]  is flushed by lsn 0
[2020-12-28 14:50:28,842][INFO][WAL][CollectionFlushed][wal_thread]  is flushed by lsn 0
[2020-12-28 14:50:29,843][INFO][WAL][CollectionFlushed][wal_thread]  is flushed by lsn 0
[2020-12-28 14:50:30,844][INFO][WAL][CollectionFlushed][wal_thread]  is flushed by lsn 0
[2020-12-28 14:50:31,845][INFO][WAL][CollectionFlushed][wal_thread]  is flushed by lsn 0
[2020-12-28 14:50:32,846][INFO][WAL][CollectionFlushed][wal_thread]  is flushed by lsn 0
[2020-12-28 14:50:33,847][INFO][WAL][CollectionFlushed][wal_thread]  is flushed by lsn 0
[2020-12-28 14:50:34,848][INFO][WAL][CollectionFlushed][wal_thread]  is flushed by lsn 0
[2020-12-28 14:50:35,848][INFO][WAL][CollectionFlushed][wal_thread]  is flushed by lsn 0
[2020-12-28 14:50:36,849][INFO][WAL][CollectionFlushed][wal_thread]  is flushed by lsn 0
[2020-12-28 14:50:37,850][INFO][WAL][CollectionFlushed][wal_thread]  is flushed by lsn 0
[2020-12-28 14:50:38,851][INFO][WAL][CollectionFlushed][wal_thread]  is flushed by lsn 0
[2020-12-28 14:50:39,852][INFO][WAL][CollectionFlushed][wal_thread]  is flushed by lsn 0
[2020-12-28 14:50:40,853][INFO][WAL][CollectionFlushed][wal_thread]  is flushed by lsn 0
[2020-12-28 14:50:41,853][INFO][WAL][CollectionFlushed][wal_thread]  is flushed by lsn 0
[2020-12-28 14:50:42,854][INFO][WAL][CollectionFlushed][wal_thread]  is flushed by lsn 0
[2020-12-28 14:50:43,855][INFO][WAL][CollectionFlushed][wal_thread]  is flushed by lsn 0
[2020-12-28 14:50:44,856][INFO][WAL][CollectionFlushed][wal_thread]  is flushed by lsn 0
[2020-12-28 14:50:45,857][INFO][WAL][CollectionFlushed][wal_thread]  is flushed by lsn 0
[2020-12-28 14:50:46,858][INFO][WAL][CollectionFlushed][wal_thread]  is flushed by lsn 0
