[2020-12-30 17:10:26,388][INFO][SERVER][Check][milvus_server] InstanceLockCheck passed.
[2020-12-30 17:10:26,389][INFO][SERVER][Check][milvus_server] InstanceLockCheck passed.
[2020-12-30 17:10:26,389][INFO][SERVER][Start][milvus_server] Milvus Release version: v0.9.1, built at 2020-05-28 17:39.31
[2020-12-30 17:10:26,390][INFO][SERVER][Start][milvus_server] CPU edition
[2020-12-30 17:10:26,393][INFO][SERVER][CheckCpuInstructionSet][milvus_server] Supported CPU instruction sets: avx2, sse4_2
[2020-12-30 17:10:26,395][INFO][SERVER][LogConfigInFile][milvus_server] 

***************Config in file***************

version: 0.4
server_config:
  address: 0.0.0.0
  port: 19530
  deploy_mode: single
  time_zone: UTC+8
  web_enable: true
  web_port: 19121
db_config:
  backend_url: sqlite://:@:/
  preload_collection: ~
  auto_flush_interval: 1
storage_config:
  primary_path: /var/lib/milvus
  secondary_path: ~
  file_cleanup_timeout: 10
metric_config:
  enable_monitor: false
  address: 127.0.0.1
  port: 9091
cache_config:
  cpu_cache_capacity: 1
  insert_buffer_size: 1
  cache_insert_data: false
engine_config:
  use_blas_threshold: 1100
  gpu_search_threshold: 1000
gpu_resource_config:
  enable: false
  cache_capacity: 1
  search_resources:
    - gpu0
  build_index_resources:
    - gpu0
tracing_config:
  json_config_path: ~
wal_config:
  enable: true
  recovery_error_ignore: true
  buffer_size: 256
  wal_path: /var/lib/milvus/wal
logs:
  trace.enable: true
  debug.enable: true
  info.enable: true
  warning.enable: true
  error.enable: true
  fatal.enable: true
  path: /var/lib/milvus/logs
  max_log_file_size: 1024
  log_rotate_num: 0
[2020-12-30 17:10:26,399][INFO][SERVER][LogCpuInfo][milvus_server] 

***************CPU***************

processor	: 1
vendor_id	: GenuineIntel
cpu family	: 6
model		: 142
model name	: Intel(R) Core(TM) i5-8250U CPU @ 1.60GHz
stepping	: 10
microcode	: 0xffffffff
cpu MHz		: 1799.999
cache size	: 6144 KB
physical id	: 0
siblings	: 2
core id		: 0
cpu cores	: 1
apicid		: 1
initial apicid	: 1
fpu		: yes
fpu_exception	: yes
cpuid level	: 21
wp		: yes
flags		: fpu vme de pse tsc msr pae mce cx8 apic sep mtrr pge mca cmov pat pse36 clflush mmx fxsr sse sse2 ss ht syscall nx pdpe1gb rdtscp lm constant_tsc rep_good nopl xtopology cpuid pni pclmulqdq ssse3 fma cx16 pcid sse4_1 sse4_2 movbe popcnt aes xsave avx f16c rdrand hypervisor lahf_lm abm 3dnowprefetch invpcid_single ssbd ibrs ibpb stibp fsgsbase bmi1 avx2 smep bmi2 erms invpcid mpx rdseed adx smap clflushopt xsaveopt xsavec xgetbv1 xsaves flush_l1d arch_capabilities
bugs		: cpu_meltdown spectre_v1 spectre_v2 spec_store_bypass l1tf mds swapgs itlb_multihit
bogomips	: 3599.99
clflush size	: 64
cache_alignment	: 64
address sizes	: 39 bits physical, 48 bits virtual
power management:


[2020-12-30 17:10:26,399][INFO][SERVER][LogConfigInMem][milvus_server] 

***************Config in memory***************

{
   "cache_config": {
      "cache_insert_data": "false",
      "cpu_cache_capacity": "1",
      "cpu_cache_threshold": "0.7",
      "insert_buffer_size": "1"
   },
   "db_config": {
      "archive_days_threshold": "0",
      "archive_disk_threshold": "0",
      "auto_flush_interval": "1",
      "backend_url": "sqlite://:@:/",
      "preload_collection": ""
   },
   "engine_config": {
      "omp_thread_num": "0",
      "simd_type": "auto",
      "use_blas_threshold": "1100"
   },
   "logs": {
      "debug.enable": "true",
      "error.enable": "true",
      "fatal.enable": "true",
      "info.enable": "true",
      "log_rotate_num": "0",
      "max_log_file_size": "1024",
      "path": "/var/lib/milvus/logs",
      "trace.enable": "true",
      "warning.enable": "true"
   },
   "metric_config": {
      "address": "127.0.0.1",
      "enable_monitor": "false",
      "port": "9091"
   },
   "server_config": {
      "address": "0.0.0.0",
      "deploy_mode": "single",
      "port": "19530",
      "time_zone": "UTC+8",
      "web_enable": "true",
      "web_port": "19121"
   },
   "storage_config": {
      "primary_path": "/var/lib/milvus",
      "secondary_path": ""
   },
   "tracing_config": {
      "json_config_path": ""
   },
   "wal_config": {
      "buffer_size": "256",
      "enable": "true",
      "recovery_error_ignore": "true",
      "wal_path": "/var/lib/milvus/wal"
   }
}
[2020-12-30 17:10:26,403][INFO][ENGINE][Build][milvus_server] Using SQLite
[2020-12-30 17:10:27,768][INFO][WAL][CollectionFlushed][wal_thread]  is flushed by lsn 0
[2020-12-30 17:10:28,770][INFO][WAL][CollectionFlushed][wal_thread]  is flushed by lsn 0
[2020-12-30 17:10:29,772][INFO][WAL][CollectionFlushed][wal_thread]  is flushed by lsn 0
[2020-12-30 17:10:30,773][INFO][WAL][CollectionFlushed][wal_thread]  is flushed by lsn 0
[2020-12-30 17:10:31,774][INFO][WAL][CollectionFlushed][wal_thread]  is flushed by lsn 0
[2020-12-30 17:10:32,776][INFO][WAL][CollectionFlushed][wal_thread]  is flushed by lsn 0
[2020-12-30 17:10:33,777][INFO][WAL][CollectionFlushed][wal_thread]  is flushed by lsn 0
[2020-12-30 17:10:34,779][INFO][WAL][CollectionFlushed][wal_thread]  is flushed by lsn 0
[2020-12-30 17:10:35,780][INFO][WAL][CollectionFlushed][wal_thread]  is flushed by lsn 0
[2020-12-30 17:10:36,781][INFO][WAL][CollectionFlushed][wal_thread]  is flushed by lsn 0
[2020-12-30 17:10:37,784][INFO][WAL][CollectionFlushed][wal_thread]  is flushed by lsn 0
[2020-12-30 17:10:38,785][INFO][WAL][CollectionFlushed][wal_thread]  is flushed by lsn 0
[2020-12-30 17:10:39,788][INFO][WAL][CollectionFlushed][wal_thread]  is flushed by lsn 0
[2020-12-30 17:10:40,790][INFO][WAL][CollectionFlushed][wal_thread]  is flushed by lsn 0
[2020-12-30 17:10:41,793][INFO][WAL][CollectionFlushed][wal_thread]  is flushed by lsn 0
[2020-12-30 17:10:42,795][INFO][WAL][CollectionFlushed][wal_thread]  is flushed by lsn 0
[2020-12-30 17:10:43,798][INFO][WAL][CollectionFlushed][wal_thread]  is flushed by lsn 0
[2020-12-30 17:10:44,801][INFO][WAL][CollectionFlushed][wal_thread]  is flushed by lsn 0
[2020-12-30 17:10:45,805][INFO][WAL][CollectionFlushed][wal_thread]  is flushed by lsn 0
[2020-12-30 17:10:46,809][INFO][WAL][CollectionFlushed][wal_thread]  is flushed by lsn 0
[2020-12-30 17:10:47,812][INFO][WAL][CollectionFlushed][wal_thread]  is flushed by lsn 0
[2020-12-30 17:10:48,814][INFO][WAL][CollectionFlushed][wal_thread]  is flushed by lsn 0
[2020-12-30 17:10:49,818][INFO][WAL][CollectionFlushed][wal_thread]  is flushed by lsn 0
