[2020-12-30 15:01:08,139][INFO][SERVER][Check][milvus_server] InstanceLockCheck passed.
[2020-12-30 15:01:08,140][INFO][SERVER][Check][milvus_server] InstanceLockCheck passed.
[2020-12-30 15:01:08,141][INFO][SERVER][Start][milvus_server] Milvus Release version: v0.9.1, built at 2020-05-28 17:39.31
[2020-12-30 15:01:08,141][INFO][SERVER][Start][milvus_server] CPU edition
[2020-12-30 15:01:08,141][INFO][SERVER][CheckCpuInstructionSet][milvus_server] Supported CPU instruction sets: avx2, sse4_2
[2020-12-30 15:01:08,144][INFO][SERVER][LogConfigInFile][milvus_server] 

***************Config in file***************

version: 0.4
server_config:
  address: 0.0.0.0
  port: 19530
  deploy_mode: single
  time_zone: UTC+8
  web_enable: true
  web_port: 19121
db_config:
  backend_url: sqlite://:@:/
  preload_collection: ~
  auto_flush_interval: 1
storage_config:
  primary_path: /var/lib/milvus
  secondary_path: ~
  file_cleanup_timeout: 10
metric_config:
  enable_monitor: false
  address: 127.0.0.1
  port: 9091
cache_config:
  cpu_cache_capacity: 1
  insert_buffer_size: 1
  cache_insert_data: false
engine_config:
  use_blas_threshold: 1100
  gpu_search_threshold: 1000
gpu_resource_config:
  enable: false
  cache_capacity: 1
  search_resources:
    - gpu0
  build_index_resources:
    - gpu0
tracing_config:
  json_config_path: ~
wal_config:
  enable: true
  recovery_error_ignore: true
  buffer_size: 256
  wal_path: /var/lib/milvus/wal
logs:
  trace.enable: true
  debug.enable: true
  info.enable: true
  warning.enable: true
  error.enable: true
  fatal.enable: true
  path: /var/lib/milvus/logs
  max_log_file_size: 1024
  log_rotate_num: 0
[2020-12-30 15:01:08,174][INFO][SERVER][LogCpuInfo][milvus_server] 

***************CPU***************

processor	: 1
vendor_id	: GenuineIntel
cpu family	: 6
model		: 142
model name	: Intel(R) Core(TM) i5-8250U CPU @ 1.60GHz
stepping	: 10
microcode	: 0xffffffff
cpu MHz		: 1799.999
cache size	: 6144 KB
physical id	: 0
siblings	: 2
core id		: 0
cpu cores	: 1
apicid		: 1
initial apicid	: 1
fpu		: yes
fpu_exception	: yes
cpuid level	: 21
wp		: yes
flags		: fpu vme de pse tsc msr pae mce cx8 apic sep mtrr pge mca cmov pat pse36 clflush mmx fxsr sse sse2 ss ht syscall nx pdpe1gb rdtscp lm constant_tsc rep_good nopl xtopology cpuid pni pclmulqdq ssse3 fma cx16 pcid sse4_1 sse4_2 movbe popcnt aes xsave avx f16c rdrand hypervisor lahf_lm abm 3dnowprefetch invpcid_single ssbd ibrs ibpb stibp fsgsbase bmi1 avx2 smep bmi2 erms invpcid mpx rdseed adx smap clflushopt xsaveopt xsavec xgetbv1 xsaves flush_l1d arch_capabilities
bugs		: cpu_meltdown spectre_v1 spectre_v2 spec_store_bypass l1tf mds swapgs itlb_multihit
bogomips	: 3599.99
clflush size	: 64
cache_alignment	: 64
address sizes	: 39 bits physical, 48 bits virtual
power management:


[2020-12-30 15:01:08,174][INFO][SERVER][LogConfigInMem][milvus_server] 

***************Config in memory***************

{
   "cache_config": {
      "cache_insert_data": "false",
      "cpu_cache_capacity": "1",
      "cpu_cache_threshold": "0.7",
      "insert_buffer_size": "1"
   },
   "db_config": {
      "archive_days_threshold": "0",
      "archive_disk_threshold": "0",
      "auto_flush_interval": "1",
      "backend_url": "sqlite://:@:/",
      "preload_collection": ""
   },
   "engine_config": {
      "omp_thread_num": "0",
      "simd_type": "auto",
      "use_blas_threshold": "1100"
   },
   "logs": {
      "debug.enable": "true",
      "error.enable": "true",
      "fatal.enable": "true",
      "info.enable": "true",
      "log_rotate_num": "0",
      "max_log_file_size": "1024",
      "path": "/var/lib/milvus/logs",
      "trace.enable": "true",
      "warning.enable": "true"
   },
   "metric_config": {
      "address": "127.0.0.1",
      "enable_monitor": "false",
      "port": "9091"
   },
   "server_config": {
      "address": "0.0.0.0",
      "deploy_mode": "single",
      "port": "19530",
      "time_zone": "UTC+8",
      "web_enable": "true",
      "web_port": "19121"
   },
   "storage_config": {
      "primary_path": "/var/lib/milvus",
      "secondary_path": ""
   },
   "tracing_config": {
      "json_config_path": ""
   },
   "wal_config": {
      "buffer_size": "256",
      "enable": "true",
      "recovery_error_ignore": "true",
      "wal_path": "/var/lib/milvus/wal"
   }
}
[2020-12-30 15:01:08,177][INFO][ENGINE][Build][milvus_server] Using SQLite
[2020-12-30 15:01:09,243][INFO][WAL][CollectionFlushed][wal_thread]  is flushed by lsn 0
[2020-12-30 15:01:10,244][INFO][WAL][CollectionFlushed][wal_thread]  is flushed by lsn 0
[2020-12-30 15:01:11,245][INFO][WAL][CollectionFlushed][wal_thread]  is flushed by lsn 0
[2020-12-30 15:01:12,246][INFO][WAL][CollectionFlushed][wal_thread]  is flushed by lsn 0
[2020-12-30 15:01:13,247][INFO][WAL][CollectionFlushed][wal_thread]  is flushed by lsn 0
[2020-12-30 15:01:14,249][INFO][WAL][CollectionFlushed][wal_thread]  is flushed by lsn 0
[2020-12-30 15:01:15,250][INFO][WAL][CollectionFlushed][wal_thread]  is flushed by lsn 0
[2020-12-30 15:01:16,252][INFO][WAL][CollectionFlushed][wal_thread]  is flushed by lsn 0
[2020-12-30 15:01:17,253][INFO][WAL][CollectionFlushed][wal_thread]  is flushed by lsn 0
[2020-12-30 15:01:18,254][INFO][WAL][CollectionFlushed][wal_thread]  is flushed by lsn 0
[2020-12-30 15:01:19,255][INFO][WAL][CollectionFlushed][wal_thread]  is flushed by lsn 0
[2020-12-30 15:01:20,256][INFO][WAL][CollectionFlushed][wal_thread]  is flushed by lsn 0
[2020-12-30 15:01:21,258][INFO][WAL][CollectionFlushed][wal_thread]  is flushed by lsn 0
[2020-12-30 15:01:22,259][INFO][WAL][CollectionFlushed][wal_thread]  is flushed by lsn 0
[2020-12-30 15:01:23,260][INFO][WAL][CollectionFlushed][wal_thread]  is flushed by lsn 0
[2020-12-30 15:01:24,262][INFO][WAL][CollectionFlushed][wal_thread]  is flushed by lsn 0
[2020-12-30 15:01:25,263][INFO][WAL][CollectionFlushed][wal_thread]  is flushed by lsn 0
[2020-12-30 15:01:26,264][INFO][WAL][CollectionFlushed][wal_thread]  is flushed by lsn 0
[2020-12-30 15:01:27,265][INFO][WAL][CollectionFlushed][wal_thread]  is flushed by lsn 0
[2020-12-30 15:01:28,266][INFO][WAL][CollectionFlushed][wal_thread]  is flushed by lsn 0
[2020-12-30 15:01:29,267][INFO][WAL][CollectionFlushed][wal_thread]  is flushed by lsn 0
[2020-12-30 15:01:30,269][INFO][WAL][CollectionFlushed][wal_thread]  is flushed by lsn 0
[2020-12-30 15:01:31,273][INFO][WAL][CollectionFlushed][wal_thread]  is flushed by lsn 0
[2020-12-30 15:01:32,275][INFO][WAL][CollectionFlushed][wal_thread]  is flushed by lsn 0
[2020-12-30 15:01:33,278][INFO][WAL][CollectionFlushed][wal_thread]  is flushed by lsn 0
[2020-12-30 15:01:34,279][INFO][WAL][CollectionFlushed][wal_thread]  is flushed by lsn 0
[2020-12-30 15:01:35,282][INFO][WAL][CollectionFlushed][wal_thread]  is flushed by lsn 0
[2020-12-30 15:01:36,284][INFO][WAL][CollectionFlushed][wal_thread]  is flushed by lsn 0
[2020-12-30 15:01:37,288][INFO][WAL][CollectionFlushed][wal_thread]  is flushed by lsn 0
[2020-12-30 15:01:38,291][INFO][WAL][CollectionFlushed][wal_thread]  is flushed by lsn 0
[2020-12-30 15:01:39,293][INFO][WAL][CollectionFlushed][wal_thread]  is flushed by lsn 0
[2020-12-30 15:01:40,296][INFO][WAL][CollectionFlushed][wal_thread]  is flushed by lsn 0
[2020-12-30 15:01:41,299][INFO][WAL][CollectionFlushed][wal_thread]  is flushed by lsn 0
[2020-12-30 15:01:42,302][INFO][WAL][CollectionFlushed][wal_thread]  is flushed by lsn 0
[2020-12-30 15:01:43,304][INFO][WAL][CollectionFlushed][wal_thread]  is flushed by lsn 0
[2020-12-30 15:01:44,306][INFO][WAL][CollectionFlushed][wal_thread]  is flushed by lsn 0
[2020-12-30 15:01:45,309][INFO][WAL][CollectionFlushed][wal_thread]  is flushed by lsn 0
[2020-12-30 15:01:46,310][INFO][WAL][CollectionFlushed][wal_thread]  is flushed by lsn 0
[2020-12-30 15:01:47,313][INFO][WAL][CollectionFlushed][wal_thread]  is flushed by lsn 0
[2020-12-30 15:01:48,316][INFO][WAL][CollectionFlushed][wal_thread]  is flushed by lsn 0
[2020-12-30 15:01:49,319][INFO][WAL][CollectionFlushed][wal_thread]  is flushed by lsn 0
[2020-12-30 15:01:50,319][INFO][WAL][CollectionFlushed][wal_thread]  is flushed by lsn 0
[2020-12-30 15:01:51,321][INFO][WAL][CollectionFlushed][wal_thread]  is flushed by lsn 0
[2020-12-30 15:01:52,323][INFO][WAL][CollectionFlushed][wal_thread]  is flushed by lsn 0
[2020-12-30 15:01:53,324][INFO][WAL][CollectionFlushed][wal_thread]  is flushed by lsn 0
[2020-12-30 15:01:54,325][INFO][WAL][CollectionFlushed][wal_thread]  is flushed by lsn 0
[2020-12-30 15:01:55,327][INFO][WAL][CollectionFlushed][wal_thread]  is flushed by lsn 0
[2020-12-30 15:01:56,330][INFO][WAL][CollectionFlushed][wal_thread]  is flushed by lsn 0
[2020-12-30 15:01:57,332][INFO][WAL][CollectionFlushed][wal_thread]  is flushed by lsn 0
[2020-12-30 15:01:58,335][INFO][WAL][CollectionFlushed][wal_thread]  is flushed by lsn 0
[2020-12-30 15:01:59,338][INFO][WAL][CollectionFlushed][wal_thread]  is flushed by lsn 0
[2020-12-30 15:02:00,342][INFO][WAL][CollectionFlushed][wal_thread]  is flushed by lsn 0
[2020-12-30 15:02:01,343][INFO][WAL][CollectionFlushed][wal_thread]  is flushed by lsn 0
[2020-12-30 15:02:02,345][INFO][WAL][CollectionFlushed][wal_thread]  is flushed by lsn 0
[2020-12-30 15:02:03,347][INFO][WAL][CollectionFlushed][wal_thread]  is flushed by lsn 0
[2020-12-30 15:02:04,350][INFO][WAL][CollectionFlushed][wal_thread]  is flushed by lsn 0
[2020-12-30 15:02:05,351][INFO][WAL][CollectionFlushed][wal_thread]  is flushed by lsn 0
[2020-12-30 15:02:06,353][INFO][WAL][CollectionFlushed][wal_thread]  is flushed by lsn 0
[2020-12-30 15:02:07,357][INFO][WAL][CollectionFlushed][wal_thread]  is flushed by lsn 0
[2020-12-30 15:02:08,360][INFO][WAL][CollectionFlushed][wal_thread]  is flushed by lsn 0
[2020-12-30 15:02:09,365][INFO][WAL][CollectionFlushed][wal_thread]  is flushed by lsn 0
[2020-12-30 15:02:10,368][INFO][WAL][CollectionFlushed][wal_thread]  is flushed by lsn 0
[2020-12-30 15:02:11,369][INFO][WAL][CollectionFlushed][wal_thread]  is flushed by lsn 0
[2020-12-30 15:02:12,370][INFO][WAL][CollectionFlushed][wal_thread]  is flushed by lsn 0
[2020-12-30 15:02:13,372][INFO][WAL][CollectionFlushed][wal_thread]  is flushed by lsn 0
[2020-12-30 15:02:14,375][INFO][WAL][CollectionFlushed][wal_thread]  is flushed by lsn 0
[2020-12-30 15:02:15,376][INFO][WAL][CollectionFlushed][wal_thread]  is flushed by lsn 0
[2020-12-30 15:02:16,380][INFO][WAL][CollectionFlushed][wal_thread]  is flushed by lsn 0
[2020-12-30 15:02:17,381][INFO][WAL][CollectionFlushed][wal_thread]  is flushed by lsn 0
[2020-12-30 15:02:18,385][INFO][WAL][CollectionFlushed][wal_thread]  is flushed by lsn 0
[2020-12-30 15:02:19,388][INFO][WAL][CollectionFlushed][wal_thread]  is flushed by lsn 0
[2020-12-30 15:02:20,389][INFO][WAL][CollectionFlushed][wal_thread]  is flushed by lsn 0
[2020-12-30 15:02:21,391][INFO][WAL][CollectionFlushed][wal_thread]  is flushed by lsn 0
[2020-12-30 15:02:22,392][INFO][WAL][CollectionFlushed][wal_thread]  is flushed by lsn 0
[2020-12-30 15:02:23,394][INFO][WAL][CollectionFlushed][wal_thread]  is flushed by lsn 0
[2020-12-30 15:02:24,398][INFO][WAL][CollectionFlushed][wal_thread]  is flushed by lsn 0
[2020-12-30 15:02:25,401][INFO][WAL][CollectionFlushed][wal_thread]  is flushed by lsn 0
[2020-12-30 15:02:26,404][INFO][WAL][CollectionFlushed][wal_thread]  is flushed by lsn 0
[2020-12-30 15:02:27,406][INFO][WAL][CollectionFlushed][wal_thread]  is flushed by lsn 0
[2020-12-30 15:02:28,409][INFO][WAL][CollectionFlushed][wal_thread]  is flushed by lsn 0
[2020-12-30 15:02:29,411][INFO][WAL][CollectionFlushed][wal_thread]  is flushed by lsn 0
[2020-12-30 15:02:30,415][INFO][WAL][CollectionFlushed][wal_thread]  is flushed by lsn 0
[2020-12-30 15:02:31,418][INFO][WAL][CollectionFlushed][wal_thread]  is flushed by lsn 0
[2020-12-30 15:02:32,420][INFO][WAL][CollectionFlushed][wal_thread]  is flushed by lsn 0
[2020-12-30 15:02:33,423][INFO][WAL][CollectionFlushed][wal_thread]  is flushed by lsn 0
[2020-12-30 15:02:34,424][INFO][WAL][CollectionFlushed][wal_thread]  is flushed by lsn 0
[2020-12-30 15:02:35,425][INFO][WAL][CollectionFlushed][wal_thread]  is flushed by lsn 0
[2020-12-30 15:02:36,426][INFO][WAL][CollectionFlushed][wal_thread]  is flushed by lsn 0
[2020-12-30 15:02:37,427][INFO][WAL][CollectionFlushed][wal_thread]  is flushed by lsn 0
[2020-12-30 15:02:38,429][INFO][WAL][CollectionFlushed][wal_thread]  is flushed by lsn 0
[2020-12-30 15:02:39,433][INFO][WAL][CollectionFlushed][wal_thread]  is flushed by lsn 0
[2020-12-30 15:02:40,437][INFO][WAL][CollectionFlushed][wal_thread]  is flushed by lsn 0
[2020-12-30 15:02:41,440][INFO][WAL][CollectionFlushed][wal_thread]  is flushed by lsn 0
[2020-12-30 15:02:42,443][INFO][WAL][CollectionFlushed][wal_thread]  is flushed by lsn 0
[2020-12-30 15:02:43,444][INFO][WAL][CollectionFlushed][wal_thread]  is flushed by lsn 0
[2020-12-30 15:02:44,446][INFO][WAL][CollectionFlushed][wal_thread]  is flushed by lsn 0
[2020-12-30 15:02:45,447][INFO][WAL][CollectionFlushed][wal_thread]  is flushed by lsn 0
[2020-12-30 15:02:46,449][INFO][WAL][CollectionFlushed][wal_thread]  is flushed by lsn 0
[2020-12-30 15:02:47,452][INFO][WAL][CollectionFlushed][wal_thread]  is flushed by lsn 0
[2020-12-30 15:02:48,453][INFO][WAL][CollectionFlushed][wal_thread]  is flushed by lsn 0
[2020-12-30 15:02:49,455][INFO][WAL][CollectionFlushed][wal_thread]  is flushed by lsn 0
[2020-12-30 15:02:50,456][INFO][WAL][CollectionFlushed][wal_thread]  is flushed by lsn 0
[2020-12-30 15:02:51,460][INFO][WAL][CollectionFlushed][wal_thread]  is flushed by lsn 0
[2020-12-30 15:02:52,464][INFO][WAL][CollectionFlushed][wal_thread]  is flushed by lsn 0
[2020-12-30 15:02:53,468][INFO][WAL][CollectionFlushed][wal_thread]  is flushed by lsn 0
[2020-12-30 15:02:54,471][INFO][WAL][CollectionFlushed][wal_thread]  is flushed by lsn 0
[2020-12-30 15:02:55,472][INFO][WAL][CollectionFlushed][wal_thread]  is flushed by lsn 0
[2020-12-30 15:02:56,474][INFO][WAL][CollectionFlushed][wal_thread]  is flushed by lsn 0
[2020-12-30 15:02:57,477][INFO][WAL][CollectionFlushed][wal_thread]  is flushed by lsn 0
[2020-12-30 15:02:58,480][INFO][WAL][CollectionFlushed][wal_thread]  is flushed by lsn 0
[2020-12-30 15:02:59,484][INFO][WAL][CollectionFlushed][wal_thread]  is flushed by lsn 0
[2020-12-30 15:03:00,487][INFO][WAL][CollectionFlushed][wal_thread]  is flushed by lsn 0
[2020-12-30 15:03:01,490][INFO][WAL][CollectionFlushed][wal_thread]  is flushed by lsn 0
[2020-12-30 15:03:02,493][INFO][WAL][CollectionFlushed][wal_thread]  is flushed by lsn 0
[2020-12-30 15:03:03,496][INFO][WAL][CollectionFlushed][wal_thread]  is flushed by lsn 0
[2020-12-30 15:03:04,497][INFO][WAL][CollectionFlushed][wal_thread]  is flushed by lsn 0
[2020-12-30 15:03:05,501][INFO][WAL][CollectionFlushed][wal_thread]  is flushed by lsn 0
[2020-12-30 15:03:06,503][INFO][WAL][CollectionFlushed][wal_thread]  is flushed by lsn 0
[2020-12-30 15:03:07,505][INFO][WAL][CollectionFlushed][wal_thread]  is flushed by lsn 0
[2020-12-30 15:03:08,508][INFO][WAL][CollectionFlushed][wal_thread]  is flushed by lsn 0
[2020-12-30 15:03:09,510][INFO][WAL][CollectionFlushed][wal_thread]  is flushed by lsn 0
[2020-12-30 15:03:10,514][INFO][WAL][CollectionFlushed][wal_thread]  is flushed by lsn 0
[2020-12-30 15:03:11,517][INFO][WAL][CollectionFlushed][wal_thread]  is flushed by lsn 0
[2020-12-30 15:03:12,521][INFO][WAL][CollectionFlushed][wal_thread]  is flushed by lsn 0
[2020-12-30 15:03:13,523][INFO][WAL][CollectionFlushed][wal_thread]  is flushed by lsn 0
[2020-12-30 15:03:14,526][INFO][WAL][CollectionFlushed][wal_thread]  is flushed by lsn 0
[2020-12-30 15:03:15,527][INFO][WAL][CollectionFlushed][wal_thread]  is flushed by lsn 0
[2020-12-30 15:03:16,530][INFO][WAL][CollectionFlushed][wal_thread]  is flushed by lsn 0
[2020-12-30 15:03:17,534][INFO][WAL][CollectionFlushed][wal_thread]  is flushed by lsn 0
[2020-12-30 15:03:18,538][INFO][WAL][CollectionFlushed][wal_thread]  is flushed by lsn 0
[2020-12-30 15:03:19,542][INFO][WAL][CollectionFlushed][wal_thread]  is flushed by lsn 0
[2020-12-30 15:03:20,545][INFO][WAL][CollectionFlushed][wal_thread]  is flushed by lsn 0
[2020-12-30 15:03:21,547][INFO][WAL][CollectionFlushed][wal_thread]  is flushed by lsn 0
[2020-12-30 15:03:22,551][INFO][WAL][CollectionFlushed][wal_thread]  is flushed by lsn 0
[2020-12-30 15:03:23,555][INFO][WAL][CollectionFlushed][wal_thread]  is flushed by lsn 0
[2020-12-30 15:03:24,559][INFO][WAL][CollectionFlushed][wal_thread]  is flushed by lsn 0
[2020-12-30 15:03:25,563][INFO][WAL][CollectionFlushed][wal_thread]  is flushed by lsn 0
[2020-12-30 15:03:26,568][INFO][WAL][CollectionFlushed][wal_thread]  is flushed by lsn 0
[2020-12-30 15:03:27,569][INFO][WAL][CollectionFlushed][wal_thread]  is flushed by lsn 0
[2020-12-30 15:03:28,571][INFO][WAL][CollectionFlushed][wal_thread]  is flushed by lsn 0
[2020-12-30 15:03:29,574][INFO][WAL][CollectionFlushed][wal_thread]  is flushed by lsn 0
[2020-12-30 15:03:30,578][INFO][WAL][CollectionFlushed][wal_thread]  is flushed by lsn 0
[2020-12-30 15:03:31,579][INFO][WAL][CollectionFlushed][wal_thread]  is flushed by lsn 0
[2020-12-30 15:03:32,580][INFO][WAL][CollectionFlushed][wal_thread]  is flushed by lsn 0
[2020-12-30 15:03:33,581][INFO][WAL][CollectionFlushed][wal_thread]  is flushed by lsn 0
[2020-12-30 15:03:34,584][INFO][WAL][CollectionFlushed][wal_thread]  is flushed by lsn 0
[2020-12-30 15:03:35,585][INFO][WAL][CollectionFlushed][wal_thread]  is flushed by lsn 0
[2020-12-30 15:03:36,586][INFO][WAL][CollectionFlushed][wal_thread]  is flushed by lsn 0
[2020-12-30 15:03:37,588][INFO][WAL][CollectionFlushed][wal_thread]  is flushed by lsn 0
[2020-12-30 15:03:38,591][INFO][WAL][CollectionFlushed][wal_thread]  is flushed by lsn 0
[2020-12-30 15:03:39,594][INFO][WAL][CollectionFlushed][wal_thread]  is flushed by lsn 0
[2020-12-30 15:03:40,595][INFO][WAL][CollectionFlushed][wal_thread]  is flushed by lsn 0
[2020-12-30 15:03:41,596][INFO][WAL][CollectionFlushed][wal_thread]  is flushed by lsn 0
[2020-12-30 15:03:42,597][INFO][WAL][CollectionFlushed][wal_thread]  is flushed by lsn 0
[2020-12-30 15:03:43,599][INFO][WAL][CollectionFlushed][wal_thread]  is flushed by lsn 0
[2020-12-30 15:03:44,602][INFO][WAL][CollectionFlushed][wal_thread]  is flushed by lsn 0
[2020-12-30 15:03:45,605][INFO][WAL][CollectionFlushed][wal_thread]  is flushed by lsn 0
[2020-12-30 15:03:46,608][INFO][WAL][CollectionFlushed][wal_thread]  is flushed by lsn 0
[2020-12-30 15:03:47,611][INFO][WAL][CollectionFlushed][wal_thread]  is flushed by lsn 0
[2020-12-30 15:03:48,613][INFO][WAL][CollectionFlushed][wal_thread]  is flushed by lsn 0
[2020-12-30 15:03:49,616][INFO][WAL][CollectionFlushed][wal_thread]  is flushed by lsn 0
[2020-12-30 15:03:50,617][INFO][WAL][CollectionFlushed][wal_thread]  is flushed by lsn 0
[2020-12-30 15:03:51,618][INFO][WAL][CollectionFlushed][wal_thread]  is flushed by lsn 0
[2020-12-30 15:03:52,619][INFO][WAL][CollectionFlushed][wal_thread]  is flushed by lsn 0
[2020-12-30 15:03:53,621][INFO][WAL][CollectionFlushed][wal_thread]  is flushed by lsn 0
[2020-12-30 15:03:54,624][INFO][WAL][CollectionFlushed][wal_thread]  is flushed by lsn 0
[2020-12-30 15:03:55,627][INFO][WAL][CollectionFlushed][wal_thread]  is flushed by lsn 0
[2020-12-30 15:03:56,631][INFO][WAL][CollectionFlushed][wal_thread]  is flushed by lsn 0
[2020-12-30 15:03:57,635][INFO][WAL][CollectionFlushed][wal_thread]  is flushed by lsn 0
[2020-12-30 15:03:58,637][INFO][WAL][CollectionFlushed][wal_thread]  is flushed by lsn 0
[2020-12-30 15:03:59,641][INFO][WAL][CollectionFlushed][wal_thread]  is flushed by lsn 0
[2020-12-30 15:04:00,644][INFO][WAL][CollectionFlushed][wal_thread]  is flushed by lsn 0
[2020-12-30 15:04:01,647][INFO][WAL][CollectionFlushed][wal_thread]  is flushed by lsn 0
[2020-12-30 15:04:02,649][INFO][WAL][CollectionFlushed][wal_thread]  is flushed by lsn 0
[2020-12-30 15:04:03,652][INFO][WAL][CollectionFlushed][wal_thread]  is flushed by lsn 0
[2020-12-30 15:04:04,655][INFO][WAL][CollectionFlushed][wal_thread]  is flushed by lsn 0
[2020-12-30 15:04:05,659][INFO][WAL][CollectionFlushed][wal_thread]  is flushed by lsn 0
[2020-12-30 15:04:06,663][INFO][WAL][CollectionFlushed][wal_thread]  is flushed by lsn 0
[2020-12-30 15:04:07,667][INFO][WAL][CollectionFlushed][wal_thread]  is flushed by lsn 0
[2020-12-30 15:04:08,669][INFO][WAL][CollectionFlushed][wal_thread]  is flushed by lsn 0
[2020-12-30 15:04:09,671][INFO][WAL][CollectionFlushed][wal_thread]  is flushed by lsn 0
[2020-12-30 15:04:10,675][INFO][WAL][CollectionFlushed][wal_thread]  is flushed by lsn 0
[2020-12-30 15:04:11,678][INFO][WAL][CollectionFlushed][wal_thread]  is flushed by lsn 0
[2020-12-30 15:04:12,682][INFO][WAL][CollectionFlushed][wal_thread]  is flushed by lsn 0
[2020-12-30 15:04:13,684][INFO][WAL][CollectionFlushed][wal_thread]  is flushed by lsn 0
[2020-12-30 15:04:14,686][INFO][WAL][CollectionFlushed][wal_thread]  is flushed by lsn 0
[2020-12-30 15:04:15,690][INFO][WAL][CollectionFlushed][wal_thread]  is flushed by lsn 0
[2020-12-30 15:04:16,692][INFO][WAL][CollectionFlushed][wal_thread]  is flushed by lsn 0
[2020-12-30 15:04:17,695][INFO][WAL][CollectionFlushed][wal_thread]  is flushed by lsn 0
[2020-12-30 15:04:18,698][INFO][WAL][CollectionFlushed][wal_thread]  is flushed by lsn 0
[2020-12-30 15:04:19,702][INFO][WAL][CollectionFlushed][wal_thread]  is flushed by lsn 0
[2020-12-30 15:04:20,705][INFO][WAL][CollectionFlushed][wal_thread]  is flushed by lsn 0
[2020-12-30 15:04:21,706][INFO][WAL][CollectionFlushed][wal_thread]  is flushed by lsn 0
[2020-12-30 15:04:22,707][INFO][WAL][CollectionFlushed][wal_thread]  is flushed by lsn 0
[2020-12-30 15:04:23,709][INFO][WAL][CollectionFlushed][wal_thread]  is flushed by lsn 0
[2020-12-30 15:04:24,710][INFO][WAL][CollectionFlushed][wal_thread]  is flushed by lsn 0
[2020-12-30 15:04:25,711][INFO][WAL][CollectionFlushed][wal_thread]  is flushed by lsn 0
[2020-12-30 15:04:26,715][INFO][WAL][CollectionFlushed][wal_thread]  is flushed by lsn 0
[2020-12-30 15:04:27,718][INFO][WAL][CollectionFlushed][wal_thread]  is flushed by lsn 0
[2020-12-30 15:04:28,720][INFO][WAL][CollectionFlushed][wal_thread]  is flushed by lsn 0
[2020-12-30 15:04:29,722][INFO][WAL][CollectionFlushed][wal_thread]  is flushed by lsn 0
[2020-12-30 15:04:30,723][INFO][WAL][CollectionFlushed][wal_thread]  is flushed by lsn 0
[2020-12-30 15:04:31,724][INFO][WAL][CollectionFlushed][wal_thread]  is flushed by lsn 0
[2020-12-30 15:04:32,726][INFO][WAL][CollectionFlushed][wal_thread]  is flushed by lsn 0
[2020-12-30 15:04:33,729][INFO][WAL][CollectionFlushed][wal_thread]  is flushed by lsn 0
[2020-12-30 15:04:34,732][INFO][WAL][CollectionFlushed][wal_thread]  is flushed by lsn 0
[2020-12-30 15:04:35,736][INFO][WAL][CollectionFlushed][wal_thread]  is flushed by lsn 0
[2020-12-30 15:04:36,739][INFO][WAL][CollectionFlushed][wal_thread]  is flushed by lsn 0
[2020-12-30 15:04:37,741][INFO][WAL][CollectionFlushed][wal_thread]  is flushed by lsn 0
[2020-12-30 15:04:38,744][INFO][WAL][CollectionFlushed][wal_thread]  is flushed by lsn 0
[2020-12-30 15:04:39,747][INFO][WAL][CollectionFlushed][wal_thread]  is flushed by lsn 0
[2020-12-30 15:04:40,750][INFO][WAL][CollectionFlushed][wal_thread]  is flushed by lsn 0
[2020-12-30 15:04:41,753][INFO][WAL][CollectionFlushed][wal_thread]  is flushed by lsn 0
[2020-12-30 15:04:42,756][INFO][WAL][CollectionFlushed][wal_thread]  is flushed by lsn 0
[2020-12-30 15:04:43,757][INFO][WAL][CollectionFlushed][wal_thread]  is flushed by lsn 0
[2020-12-30 15:04:44,761][INFO][WAL][CollectionFlushed][wal_thread]  is flushed by lsn 0
[2020-12-30 15:04:45,765][INFO][WAL][CollectionFlushed][wal_thread]  is flushed by lsn 0
[2020-12-30 15:04:46,769][INFO][WAL][CollectionFlushed][wal_thread]  is flushed by lsn 0
[2020-12-30 15:04:47,772][INFO][WAL][CollectionFlushed][wal_thread]  is flushed by lsn 0
[2020-12-30 15:04:48,773][INFO][WAL][CollectionFlushed][wal_thread]  is flushed by lsn 0
[2020-12-30 15:04:49,776][INFO][WAL][CollectionFlushed][wal_thread]  is flushed by lsn 0
[2020-12-30 15:04:50,779][INFO][WAL][CollectionFlushed][wal_thread]  is flushed by lsn 0
[2020-12-30 15:04:51,782][INFO][WAL][CollectionFlushed][wal_thread]  is flushed by lsn 0
[2020-12-30 15:04:52,786][INFO][WAL][CollectionFlushed][wal_thread]  is flushed by lsn 0
[2020-12-30 15:04:53,789][INFO][WAL][CollectionFlushed][wal_thread]  is flushed by lsn 0
[2020-12-30 15:04:54,790][INFO][WAL][CollectionFlushed][wal_thread]  is flushed by lsn 0
[2020-12-30 15:04:55,791][INFO][WAL][CollectionFlushed][wal_thread]  is flushed by lsn 0
[2020-12-30 15:04:56,793][INFO][WAL][CollectionFlushed][wal_thread]  is flushed by lsn 0
[2020-12-30 15:04:57,796][INFO][WAL][CollectionFlushed][wal_thread]  is flushed by lsn 0
[2020-12-30 15:04:58,799][INFO][WAL][CollectionFlushed][wal_thread]  is flushed by lsn 0
[2020-12-30 15:04:59,800][INFO][WAL][CollectionFlushed][wal_thread]  is flushed by lsn 0
[2020-12-30 15:05:00,802][INFO][WAL][CollectionFlushed][wal_thread]  is flushed by lsn 0
[2020-12-30 15:05:01,804][INFO][WAL][CollectionFlushed][wal_thread]  is flushed by lsn 0
[2020-12-30 15:05:02,806][INFO][WAL][CollectionFlushed][wal_thread]  is flushed by lsn 0
[2020-12-30 15:05:03,810][INFO][WAL][CollectionFlushed][wal_thread]  is flushed by lsn 0
[2020-12-30 15:05:04,812][INFO][WAL][CollectionFlushed][wal_thread]  is flushed by lsn 0
[2020-12-30 15:05:05,815][INFO][WAL][CollectionFlushed][wal_thread]  is flushed by lsn 0
[2020-12-30 15:05:06,817][INFO][WAL][CollectionFlushed][wal_thread]  is flushed by lsn 0
[2020-12-30 15:05:07,820][INFO][WAL][CollectionFlushed][wal_thread]  is flushed by lsn 0
[2020-12-30 15:05:08,823][INFO][WAL][CollectionFlushed][wal_thread]  is flushed by lsn 0
[2020-12-30 15:05:09,827][INFO][WAL][CollectionFlushed][wal_thread]  is flushed by lsn 0
[2020-12-30 15:05:10,829][INFO][WAL][CollectionFlushed][wal_thread]  is flushed by lsn 0
[2020-12-30 15:05:11,831][INFO][WAL][CollectionFlushed][wal_thread]  is flushed by lsn 0
[2020-12-30 15:05:12,832][INFO][WAL][CollectionFlushed][wal_thread]  is flushed by lsn 0
[2020-12-30 15:05:13,833][INFO][WAL][CollectionFlushed][wal_thread]  is flushed by lsn 0
[2020-12-30 15:05:14,834][INFO][WAL][CollectionFlushed][wal_thread]  is flushed by lsn 0
[2020-12-30 15:05:15,836][INFO][WAL][CollectionFlushed][wal_thread]  is flushed by lsn 0
[2020-12-30 15:05:16,837][INFO][WAL][CollectionFlushed][wal_thread]  is flushed by lsn 0
[2020-12-30 15:05:17,838][INFO][WAL][CollectionFlushed][wal_thread]  is flushed by lsn 0
[2020-12-30 15:05:18,841][INFO][WAL][CollectionFlushed][wal_thread]  is flushed by lsn 0
[2020-12-30 15:05:19,844][INFO][WAL][CollectionFlushed][wal_thread]  is flushed by lsn 0
[2020-12-30 15:05:20,845][INFO][WAL][CollectionFlushed][wal_thread]  is flushed by lsn 0
[2020-12-30 15:05:21,846][INFO][WAL][CollectionFlushed][wal_thread]  is flushed by lsn 0
[2020-12-30 15:05:22,848][INFO][WAL][CollectionFlushed][wal_thread]  is flushed by lsn 0
[2020-12-30 15:05:23,852][INFO][WAL][CollectionFlushed][wal_thread]  is flushed by lsn 0
[2020-12-30 15:05:24,853][INFO][WAL][CollectionFlushed][wal_thread]  is flushed by lsn 0
[2020-12-30 15:05:25,854][INFO][WAL][CollectionFlushed][wal_thread]  is flushed by lsn 0
[2020-12-30 15:05:26,857][INFO][WAL][CollectionFlushed][wal_thread]  is flushed by lsn 0
[2020-12-30 15:05:27,858][INFO][WAL][CollectionFlushed][wal_thread]  is flushed by lsn 0
[2020-12-30 15:05:28,861][INFO][WAL][CollectionFlushed][wal_thread]  is flushed by lsn 0
[2020-12-30 15:05:29,864][INFO][WAL][CollectionFlushed][wal_thread]  is flushed by lsn 0
[2020-12-30 15:05:30,867][INFO][WAL][CollectionFlushed][wal_thread]  is flushed by lsn 0
[2020-12-30 15:05:31,870][INFO][WAL][CollectionFlushed][wal_thread]  is flushed by lsn 0
[2020-12-30 15:05:32,871][INFO][WAL][CollectionFlushed][wal_thread]  is flushed by lsn 0
[2020-12-30 15:05:33,874][INFO][WAL][CollectionFlushed][wal_thread]  is flushed by lsn 0
[2020-12-30 15:05:34,876][INFO][WAL][CollectionFlushed][wal_thread]  is flushed by lsn 0
[2020-12-30 15:05:35,879][INFO][WAL][CollectionFlushed][wal_thread]  is flushed by lsn 0
[2020-12-30 15:05:36,882][INFO][WAL][CollectionFlushed][wal_thread]  is flushed by lsn 0
[2020-12-30 15:05:37,884][INFO][WAL][CollectionFlushed][wal_thread]  is flushed by lsn 0
[2020-12-30 15:05:38,885][INFO][WAL][CollectionFlushed][wal_thread]  is flushed by lsn 0
[2020-12-30 15:05:39,888][INFO][WAL][CollectionFlushed][wal_thread]  is flushed by lsn 0
[2020-12-30 15:05:40,891][INFO][WAL][CollectionFlushed][wal_thread]  is flushed by lsn 0
[2020-12-30 15:05:41,892][INFO][WAL][CollectionFlushed][wal_thread]  is flushed by lsn 0
[2020-12-30 15:05:42,895][INFO][WAL][CollectionFlushed][wal_thread]  is flushed by lsn 0
[2020-12-30 15:05:43,899][INFO][WAL][CollectionFlushed][wal_thread]  is flushed by lsn 0
[2020-12-30 15:05:44,901][INFO][WAL][CollectionFlushed][wal_thread]  is flushed by lsn 0
[2020-12-30 15:05:45,902][INFO][WAL][CollectionFlushed][wal_thread]  is flushed by lsn 0
[2020-12-30 15:05:46,904][INFO][WAL][CollectionFlushed][wal_thread]  is flushed by lsn 0
[2020-12-30 15:05:47,906][INFO][WAL][CollectionFlushed][wal_thread]  is flushed by lsn 0
[2020-12-30 15:05:48,910][INFO][WAL][CollectionFlushed][wal_thread]  is flushed by lsn 0
[2020-12-30 15:05:49,913][INFO][WAL][CollectionFlushed][wal_thread]  is flushed by lsn 0
[2020-12-30 15:05:50,914][INFO][WAL][CollectionFlushed][wal_thread]  is flushed by lsn 0
[2020-12-30 15:05:51,915][INFO][WAL][CollectionFlushed][wal_thread]  is flushed by lsn 0
[2020-12-30 15:05:52,916][INFO][WAL][CollectionFlushed][wal_thread]  is flushed by lsn 0
[2020-12-30 15:05:53,919][INFO][WAL][CollectionFlushed][wal_thread]  is flushed by lsn 0
[2020-12-30 15:05:54,923][INFO][WAL][CollectionFlushed][wal_thread]  is flushed by lsn 0
[2020-12-30 15:05:55,926][INFO][WAL][CollectionFlushed][wal_thread]  is flushed by lsn 0
