[2020-12-28 17:28:59,996][INFO][SERVER][Check][milvus_server] InstanceLockCheck passed.
[2020-12-28 17:28:59,998][INFO][SERVER][Check][milvus_server] InstanceLockCheck passed.
[2020-12-28 17:28:59,998][INFO][SERVER][Start][milvus_server] Milvus Release version: v0.9.1, built at 2020-05-28 17:39.31
[2020-12-28 17:28:59,999][INFO][SERVER][Start][milvus_server] CPU edition
[2020-12-28 17:28:59,999][INFO][SERVER][CheckCpuInstructionSet][milvus_server] Supported CPU instruction sets: avx2, sse4_2
[2020-12-28 17:29:00,002][INFO][SERVER][LogConfigInFile][milvus_server] 

***************Config in file***************

version: 0.4
server_config:
  address: 0.0.0.0
  port: 19530
  deploy_mode: single
  time_zone: UTC+8
  web_enable: true
  web_port: 19121
db_config:
  backend_url: sqlite://:@:/
  preload_collection: ~
  auto_flush_interval: 1
storage_config:
  primary_path: /var/lib/milvus
  secondary_path: ~
  file_cleanup_timeout: 10
metric_config:
  enable_monitor: false
  address: 127.0.0.1
  port: 9091
cache_config:
  cpu_cache_capacity: 1
  insert_buffer_size: 1
  cache_insert_data: false
engine_config:
  use_blas_threshold: 1100
  gpu_search_threshold: 1000
gpu_resource_config:
  enable: false
  cache_capacity: 1
  search_resources:
    - gpu0
  build_index_resources:
    - gpu0
tracing_config:
  json_config_path: ~
wal_config:
  enable: true
  recovery_error_ignore: true
  buffer_size: 256
  wal_path: /var/lib/milvus/wal
logs:
  trace.enable: true
  debug.enable: true
  info.enable: true
  warning.enable: true
  error.enable: true
  fatal.enable: true
  path: /var/lib/milvus/logs
  max_log_file_size: 1024
  log_rotate_num: 0
[2020-12-28 17:29:00,035][INFO][SERVER][LogCpuInfo][milvus_server] 

***************CPU***************

processor	: 1
vendor_id	: GenuineIntel
cpu family	: 6
model		: 142
model name	: Intel(R) Core(TM) i5-8250U CPU @ 1.60GHz
stepping	: 10
microcode	: 0xffffffff
cpu MHz		: 1799.999
cache size	: 6144 KB
physical id	: 0
siblings	: 2
core id		: 0
cpu cores	: 1
apicid		: 1
initial apicid	: 1
fpu		: yes
fpu_exception	: yes
cpuid level	: 21
wp		: yes
flags		: fpu vme de pse tsc msr pae mce cx8 apic sep mtrr pge mca cmov pat pse36 clflush mmx fxsr sse sse2 ss ht syscall nx pdpe1gb rdtscp lm constant_tsc rep_good nopl xtopology cpuid pni pclmulqdq ssse3 fma cx16 pcid sse4_1 sse4_2 movbe popcnt aes xsave avx f16c rdrand hypervisor lahf_lm abm 3dnowprefetch invpcid_single ssbd ibrs ibpb stibp fsgsbase bmi1 avx2 smep bmi2 erms invpcid mpx rdseed adx smap clflushopt xsaveopt xsavec xgetbv1 xsaves flush_l1d arch_capabilities
bugs		: cpu_meltdown spectre_v1 spectre_v2 spec_store_bypass l1tf mds swapgs itlb_multihit
bogomips	: 3599.99
clflush size	: 64
cache_alignment	: 64
address sizes	: 39 bits physical, 48 bits virtual
power management:


[2020-12-28 17:29:00,037][INFO][SERVER][LogConfigInMem][milvus_server] 

***************Config in memory***************

{
   "cache_config": {
      "cache_insert_data": "false",
      "cpu_cache_capacity": "1",
      "cpu_cache_threshold": "0.7",
      "insert_buffer_size": "1"
   },
   "db_config": {
      "archive_days_threshold": "0",
      "archive_disk_threshold": "0",
      "auto_flush_interval": "1",
      "backend_url": "sqlite://:@:/",
      "preload_collection": ""
   },
   "engine_config": {
      "omp_thread_num": "0",
      "simd_type": "auto",
      "use_blas_threshold": "1100"
   },
   "logs": {
      "debug.enable": "true",
      "error.enable": "true",
      "fatal.enable": "true",
      "info.enable": "true",
      "log_rotate_num": "0",
      "max_log_file_size": "1024",
      "path": "/var/lib/milvus/logs",
      "trace.enable": "true",
      "warning.enable": "true"
   },
   "metric_config": {
      "address": "127.0.0.1",
      "enable_monitor": "false",
      "port": "9091"
   },
   "server_config": {
      "address": "0.0.0.0",
      "deploy_mode": "single",
      "port": "19530",
      "time_zone": "UTC+8",
      "web_enable": "true",
      "web_port": "19121"
   },
   "storage_config": {
      "primary_path": "/var/lib/milvus",
      "secondary_path": ""
   },
   "tracing_config": {
      "json_config_path": ""
   },
   "wal_config": {
      "buffer_size": "256",
      "enable": "true",
      "recovery_error_ignore": "true",
      "wal_path": "/var/lib/milvus/wal"
   }
}
[2020-12-28 17:29:00,046][INFO][ENGINE][Build][milvus_server] Using SQLite
[2020-12-28 17:29:01,163][INFO][WAL][CollectionFlushed][wal_thread]  is flushed by lsn 0
[2020-12-28 17:29:02,165][INFO][WAL][CollectionFlushed][wal_thread]  is flushed by lsn 0
[2020-12-28 17:29:03,167][INFO][WAL][CollectionFlushed][wal_thread]  is flushed by lsn 0
[2020-12-28 17:29:04,168][INFO][WAL][CollectionFlushed][wal_thread]  is flushed by lsn 0
[2020-12-28 17:29:05,169][INFO][WAL][CollectionFlushed][wal_thread]  is flushed by lsn 0
[2020-12-28 17:29:06,172][INFO][WAL][CollectionFlushed][wal_thread]  is flushed by lsn 0
[2020-12-28 17:29:07,176][INFO][WAL][CollectionFlushed][wal_thread]  is flushed by lsn 0
[2020-12-28 17:29:08,179][INFO][WAL][CollectionFlushed][wal_thread]  is flushed by lsn 0
[2020-12-28 17:29:09,180][INFO][WAL][CollectionFlushed][wal_thread]  is flushed by lsn 0
[2020-12-28 17:29:10,181][INFO][WAL][CollectionFlushed][wal_thread]  is flushed by lsn 0
[2020-12-28 17:29:11,183][INFO][WAL][CollectionFlushed][wal_thread]  is flushed by lsn 0
[2020-12-28 17:29:12,186][INFO][WAL][CollectionFlushed][wal_thread]  is flushed by lsn 0
[2020-12-28 17:29:13,187][INFO][WAL][CollectionFlushed][wal_thread]  is flushed by lsn 0
[2020-12-28 17:29:14,190][INFO][WAL][CollectionFlushed][wal_thread]  is flushed by lsn 0
[2020-12-28 17:29:15,191][INFO][WAL][CollectionFlushed][wal_thread]  is flushed by lsn 0
[2020-12-28 17:29:16,193][INFO][WAL][CollectionFlushed][wal_thread]  is flushed by lsn 0
[2020-12-28 17:29:17,196][INFO][WAL][CollectionFlushed][wal_thread]  is flushed by lsn 0
[2020-12-28 17:29:18,199][INFO][WAL][CollectionFlushed][wal_thread]  is flushed by lsn 0
[2020-12-28 17:29:19,201][INFO][WAL][CollectionFlushed][wal_thread]  is flushed by lsn 0
[2020-12-28 17:29:20,204][INFO][WAL][CollectionFlushed][wal_thread]  is flushed by lsn 0
[2020-12-28 17:29:21,207][INFO][WAL][CollectionFlushed][wal_thread]  is flushed by lsn 0
[2020-12-28 17:29:22,208][INFO][WAL][CollectionFlushed][wal_thread]  is flushed by lsn 0
[2020-12-28 17:29:23,211][INFO][WAL][CollectionFlushed][wal_thread]  is flushed by lsn 0
[2020-12-28 17:29:24,213][INFO][WAL][CollectionFlushed][wal_thread]  is flushed by lsn 0
[2020-12-28 17:29:25,216][INFO][WAL][CollectionFlushed][wal_thread]  is flushed by lsn 0
[2020-12-28 17:29:26,220][INFO][WAL][CollectionFlushed][wal_thread]  is flushed by lsn 0
[2020-12-28 17:29:27,223][INFO][WAL][CollectionFlushed][wal_thread]  is flushed by lsn 0
[2020-12-28 17:29:28,226][INFO][WAL][CollectionFlushed][wal_thread]  is flushed by lsn 0
[2020-12-28 17:29:29,229][INFO][WAL][CollectionFlushed][wal_thread]  is flushed by lsn 0
[2020-12-28 17:29:30,232][INFO][WAL][CollectionFlushed][wal_thread]  is flushed by lsn 0
[2020-12-28 17:29:31,234][INFO][WAL][CollectionFlushed][wal_thread]  is flushed by lsn 0
[2020-12-28 17:29:32,237][INFO][WAL][CollectionFlushed][wal_thread]  is flushed by lsn 0
[2020-12-28 17:29:33,241][INFO][WAL][CollectionFlushed][wal_thread]  is flushed by lsn 0
[2020-12-28 17:29:34,244][INFO][WAL][CollectionFlushed][wal_thread]  is flushed by lsn 0
[2020-12-28 17:29:35,248][INFO][WAL][CollectionFlushed][wal_thread]  is flushed by lsn 0
[2020-12-28 17:29:36,251][INFO][WAL][CollectionFlushed][wal_thread]  is flushed by lsn 0
[2020-12-28 17:29:37,253][INFO][WAL][CollectionFlushed][wal_thread]  is flushed by lsn 0
[2020-12-28 17:29:38,256][INFO][WAL][CollectionFlushed][wal_thread]  is flushed by lsn 0
[2020-12-28 17:29:39,260][INFO][WAL][CollectionFlushed][wal_thread]  is flushed by lsn 0
[2020-12-28 17:29:40,263][INFO][WAL][CollectionFlushed][wal_thread]  is flushed by lsn 0
[2020-12-28 17:29:41,265][INFO][WAL][CollectionFlushed][wal_thread]  is flushed by lsn 0
[2020-12-28 17:29:42,268][INFO][WAL][CollectionFlushed][wal_thread]  is flushed by lsn 0
[2020-12-28 17:29:43,271][INFO][WAL][CollectionFlushed][wal_thread]  is flushed by lsn 0
[2020-12-28 17:29:44,275][INFO][WAL][CollectionFlushed][wal_thread]  is flushed by lsn 0
[2020-12-28 17:29:45,277][INFO][WAL][CollectionFlushed][wal_thread]  is flushed by lsn 0
[2020-12-28 17:29:46,279][INFO][WAL][CollectionFlushed][wal_thread]  is flushed by lsn 0
[2020-12-28 17:29:47,283][INFO][WAL][CollectionFlushed][wal_thread]  is flushed by lsn 0
[2020-12-28 17:29:48,287][INFO][WAL][CollectionFlushed][wal_thread]  is flushed by lsn 0
[2020-12-28 17:29:49,289][INFO][WAL][CollectionFlushed][wal_thread]  is flushed by lsn 0
[2020-12-28 17:29:50,293][INFO][WAL][CollectionFlushed][wal_thread]  is flushed by lsn 0
[2020-12-28 17:29:51,296][INFO][WAL][CollectionFlushed][wal_thread]  is flushed by lsn 0
[2020-12-28 17:29:52,297][INFO][WAL][CollectionFlushed][wal_thread]  is flushed by lsn 0
[2020-12-28 17:29:53,299][INFO][WAL][CollectionFlushed][wal_thread]  is flushed by lsn 0
[2020-12-28 17:29:54,302][INFO][WAL][CollectionFlushed][wal_thread]  is flushed by lsn 0
[2020-12-28 17:29:55,306][INFO][WAL][CollectionFlushed][wal_thread]  is flushed by lsn 0
[2020-12-28 17:29:56,309][INFO][WAL][CollectionFlushed][wal_thread]  is flushed by lsn 0
[2020-12-28 17:29:57,311][INFO][WAL][CollectionFlushed][wal_thread]  is flushed by lsn 0
[2020-12-28 17:29:58,313][INFO][WAL][CollectionFlushed][wal_thread]  is flushed by lsn 0
[2020-12-28 17:29:59,316][INFO][WAL][CollectionFlushed][wal_thread]  is flushed by lsn 0
[2020-12-28 17:30:00,317][INFO][WAL][CollectionFlushed][wal_thread]  is flushed by lsn 0
[2020-12-28 17:30:01,318][INFO][WAL][CollectionFlushed][wal_thread]  is flushed by lsn 0
[2020-12-28 17:30:02,321][INFO][WAL][CollectionFlushed][wal_thread]  is flushed by lsn 0
[2020-12-28 17:30:03,325][INFO][WAL][CollectionFlushed][wal_thread]  is flushed by lsn 0
[2020-12-28 17:30:04,327][INFO][WAL][CollectionFlushed][wal_thread]  is flushed by lsn 0
[2020-12-28 17:30:05,330][INFO][WAL][CollectionFlushed][wal_thread]  is flushed by lsn 0
[2020-12-28 17:30:06,333][INFO][WAL][CollectionFlushed][wal_thread]  is flushed by lsn 0
[2020-12-28 17:30:07,336][INFO][WAL][CollectionFlushed][wal_thread]  is flushed by lsn 0
[2020-12-28 17:30:08,340][INFO][WAL][CollectionFlushed][wal_thread]  is flushed by lsn 0
[2020-12-28 17:30:09,343][INFO][WAL][CollectionFlushed][wal_thread]  is flushed by lsn 0
[2020-12-28 17:30:10,344][INFO][WAL][CollectionFlushed][wal_thread]  is flushed by lsn 0
[2020-12-28 17:30:11,348][INFO][WAL][CollectionFlushed][wal_thread]  is flushed by lsn 0
[2020-12-28 17:30:12,351][INFO][WAL][CollectionFlushed][wal_thread]  is flushed by lsn 0
[2020-12-28 17:30:13,353][INFO][WAL][CollectionFlushed][wal_thread]  is flushed by lsn 0
[2020-12-28 17:30:14,356][INFO][WAL][CollectionFlushed][wal_thread]  is flushed by lsn 0
[2020-12-28 17:30:15,357][INFO][WAL][CollectionFlushed][wal_thread]  is flushed by lsn 0
[2020-12-28 17:30:16,358][INFO][WAL][CollectionFlushed][wal_thread]  is flushed by lsn 0
[2020-12-28 17:30:17,362][INFO][WAL][CollectionFlushed][wal_thread]  is flushed by lsn 0
[2020-12-28 17:30:18,365][INFO][WAL][CollectionFlushed][wal_thread]  is flushed by lsn 0
[2020-12-28 17:30:19,369][INFO][WAL][CollectionFlushed][wal_thread]  is flushed by lsn 0
[2020-12-28 17:30:20,372][INFO][WAL][CollectionFlushed][wal_thread]  is flushed by lsn 0
[2020-12-28 17:30:21,375][INFO][WAL][CollectionFlushed][wal_thread]  is flushed by lsn 0
[2020-12-28 17:30:22,379][INFO][WAL][CollectionFlushed][wal_thread]  is flushed by lsn 0
[2020-12-28 17:30:23,380][INFO][WAL][CollectionFlushed][wal_thread]  is flushed by lsn 0
[2020-12-28 17:30:24,383][INFO][WAL][CollectionFlushed][wal_thread]  is flushed by lsn 0
[2020-12-28 17:30:25,387][INFO][WAL][CollectionFlushed][wal_thread]  is flushed by lsn 0
[2020-12-28 17:30:26,389][INFO][WAL][CollectionFlushed][wal_thread]  is flushed by lsn 0
[2020-12-28 17:30:27,393][INFO][WAL][CollectionFlushed][wal_thread]  is flushed by lsn 0
[2020-12-28 17:30:28,395][INFO][WAL][CollectionFlushed][wal_thread]  is flushed by lsn 0
[2020-12-28 17:30:29,400][INFO][WAL][CollectionFlushed][wal_thread]  is flushed by lsn 0
[2020-12-28 17:30:30,404][INFO][WAL][CollectionFlushed][wal_thread]  is flushed by lsn 0
[2020-12-28 17:30:31,406][INFO][WAL][CollectionFlushed][wal_thread]  is flushed by lsn 0
[2020-12-28 17:30:32,409][INFO][WAL][CollectionFlushed][wal_thread]  is flushed by lsn 0
[2020-12-28 17:30:33,412][INFO][WAL][CollectionFlushed][wal_thread]  is flushed by lsn 0
[2020-12-28 17:30:34,415][INFO][WAL][CollectionFlushed][wal_thread]  is flushed by lsn 0
[2020-12-28 17:30:35,419][INFO][WAL][CollectionFlushed][wal_thread]  is flushed by lsn 0
[2020-12-28 17:30:36,422][INFO][WAL][CollectionFlushed][wal_thread]  is flushed by lsn 0
[2020-12-28 17:30:37,426][INFO][WAL][CollectionFlushed][wal_thread]  is flushed by lsn 0
[2020-12-28 17:30:38,429][INFO][WAL][CollectionFlushed][wal_thread]  is flushed by lsn 0
[2020-12-28 17:30:39,432][INFO][WAL][CollectionFlushed][wal_thread]  is flushed by lsn 0
[2020-12-28 17:30:40,436][INFO][WAL][CollectionFlushed][wal_thread]  is flushed by lsn 0
[2020-12-28 17:30:41,439][INFO][WAL][CollectionFlushed][wal_thread]  is flushed by lsn 0
[2020-12-28 17:30:42,441][INFO][WAL][CollectionFlushed][wal_thread]  is flushed by lsn 0
[2020-12-28 17:30:43,443][INFO][WAL][CollectionFlushed][wal_thread]  is flushed by lsn 0
[2020-12-28 17:30:44,444][INFO][WAL][CollectionFlushed][wal_thread]  is flushed by lsn 0
[2020-12-28 17:30:45,446][INFO][WAL][CollectionFlushed][wal_thread]  is flushed by lsn 0
[2020-12-28 17:30:46,447][INFO][WAL][CollectionFlushed][wal_thread]  is flushed by lsn 0
[2020-12-28 17:30:47,451][INFO][WAL][CollectionFlushed][wal_thread]  is flushed by lsn 0
[2020-12-28 17:30:48,453][INFO][WAL][CollectionFlushed][wal_thread]  is flushed by lsn 0
[2020-12-28 17:30:49,454][INFO][WAL][CollectionFlushed][wal_thread]  is flushed by lsn 0
[2020-12-28 17:30:50,458][INFO][WAL][CollectionFlushed][wal_thread]  is flushed by lsn 0
[2020-12-28 17:30:51,460][INFO][WAL][CollectionFlushed][wal_thread]  is flushed by lsn 0
[2020-12-28 17:30:52,464][INFO][WAL][CollectionFlushed][wal_thread]  is flushed by lsn 0
[2020-12-28 17:30:53,465][INFO][WAL][CollectionFlushed][wal_thread]  is flushed by lsn 0
[2020-12-28 17:30:54,468][INFO][WAL][CollectionFlushed][wal_thread]  is flushed by lsn 0
[2020-12-28 17:30:55,470][INFO][WAL][CollectionFlushed][wal_thread]  is flushed by lsn 0
[2020-12-28 17:30:56,471][INFO][WAL][CollectionFlushed][wal_thread]  is flushed by lsn 0
[2020-12-28 17:30:57,473][INFO][WAL][CollectionFlushed][wal_thread]  is flushed by lsn 0
[2020-12-28 17:30:58,475][INFO][WAL][CollectionFlushed][wal_thread]  is flushed by lsn 0
[2020-12-28 17:30:59,477][INFO][WAL][CollectionFlushed][wal_thread]  is flushed by lsn 0
[2020-12-28 17:31:00,478][INFO][WAL][CollectionFlushed][wal_thread]  is flushed by lsn 0
[2020-12-28 17:31:01,482][INFO][WAL][CollectionFlushed][wal_thread]  is flushed by lsn 0
[2020-12-28 17:31:02,483][INFO][WAL][CollectionFlushed][wal_thread]  is flushed by lsn 0
[2020-12-28 17:31:03,485][INFO][WAL][CollectionFlushed][wal_thread]  is flushed by lsn 0
[2020-12-28 17:31:04,488][INFO][WAL][CollectionFlushed][wal_thread]  is flushed by lsn 0
[2020-12-28 17:31:05,490][INFO][WAL][CollectionFlushed][wal_thread]  is flushed by lsn 0
[2020-12-28 17:31:06,493][INFO][WAL][CollectionFlushed][wal_thread]  is flushed by lsn 0
[2020-12-28 17:31:07,496][INFO][WAL][CollectionFlushed][wal_thread]  is flushed by lsn 0
[2020-12-28 17:31:08,500][INFO][WAL][CollectionFlushed][wal_thread]  is flushed by lsn 0
[2020-12-28 17:31:09,502][INFO][WAL][CollectionFlushed][wal_thread]  is flushed by lsn 0
[2020-12-28 17:31:10,506][INFO][WAL][CollectionFlushed][wal_thread]  is flushed by lsn 0
[2020-12-28 17:31:11,509][INFO][WAL][CollectionFlushed][wal_thread]  is flushed by lsn 0
[2020-12-28 17:31:12,513][INFO][WAL][CollectionFlushed][wal_thread]  is flushed by lsn 0
[2020-12-28 17:31:13,516][INFO][WAL][CollectionFlushed][wal_thread]  is flushed by lsn 0
[2020-12-28 17:31:14,520][INFO][WAL][CollectionFlushed][wal_thread]  is flushed by lsn 0
[2020-12-28 17:31:15,523][INFO][WAL][CollectionFlushed][wal_thread]  is flushed by lsn 0
[2020-12-28 17:31:16,526][INFO][WAL][CollectionFlushed][wal_thread]  is flushed by lsn 0
[2020-12-28 17:31:17,527][INFO][WAL][CollectionFlushed][wal_thread]  is flushed by lsn 0
[2020-12-28 17:31:18,531][INFO][WAL][CollectionFlushed][wal_thread]  is flushed by lsn 0
[2020-12-28 17:31:19,532][INFO][WAL][CollectionFlushed][wal_thread]  is flushed by lsn 0
[2020-12-28 17:31:20,533][INFO][WAL][CollectionFlushed][wal_thread]  is flushed by lsn 0
[2020-12-28 17:31:21,534][INFO][WAL][CollectionFlushed][wal_thread]  is flushed by lsn 0
[2020-12-28 17:31:22,538][INFO][WAL][CollectionFlushed][wal_thread]  is flushed by lsn 0
[2020-12-28 17:31:23,541][INFO][WAL][CollectionFlushed][wal_thread]  is flushed by lsn 0
[2020-12-28 17:31:24,543][INFO][WAL][CollectionFlushed][wal_thread]  is flushed by lsn 0
[2020-12-28 17:31:25,544][INFO][WAL][CollectionFlushed][wal_thread]  is flushed by lsn 0
[2020-12-28 17:31:26,547][INFO][WAL][CollectionFlushed][wal_thread]  is flushed by lsn 0
[2020-12-28 17:31:27,550][INFO][WAL][CollectionFlushed][wal_thread]  is flushed by lsn 0
[2020-12-28 17:31:28,553][INFO][WAL][CollectionFlushed][wal_thread]  is flushed by lsn 0
[2020-12-28 17:31:29,556][INFO][WAL][CollectionFlushed][wal_thread]  is flushed by lsn 0
[2020-12-28 17:31:30,558][INFO][WAL][CollectionFlushed][wal_thread]  is flushed by lsn 0
[2020-12-28 17:31:31,561][INFO][WAL][CollectionFlushed][wal_thread]  is flushed by lsn 0
[2020-12-28 17:31:32,563][INFO][WAL][CollectionFlushed][wal_thread]  is flushed by lsn 0
[2020-12-28 17:31:33,565][INFO][WAL][CollectionFlushed][wal_thread]  is flushed by lsn 0
[2020-12-28 17:31:34,568][INFO][WAL][CollectionFlushed][wal_thread]  is flushed by lsn 0
[2020-12-28 17:31:35,571][INFO][WAL][CollectionFlushed][wal_thread]  is flushed by lsn 0
[2020-12-28 17:31:36,573][INFO][WAL][CollectionFlushed][wal_thread]  is flushed by lsn 0
[2020-12-28 17:31:37,577][INFO][WAL][CollectionFlushed][wal_thread]  is flushed by lsn 0
[2020-12-28 17:31:38,580][INFO][WAL][CollectionFlushed][wal_thread]  is flushed by lsn 0
[2020-12-28 17:31:39,584][INFO][WAL][CollectionFlushed][wal_thread]  is flushed by lsn 0
[2020-12-28 17:31:40,586][INFO][WAL][CollectionFlushed][wal_thread]  is flushed by lsn 0
[2020-12-28 17:31:41,588][INFO][WAL][CollectionFlushed][wal_thread]  is flushed by lsn 0
[2020-12-28 17:31:42,591][INFO][WAL][CollectionFlushed][wal_thread]  is flushed by lsn 0
[2020-12-28 17:31:43,594][INFO][WAL][CollectionFlushed][wal_thread]  is flushed by lsn 0
[2020-12-28 17:31:44,596][INFO][WAL][CollectionFlushed][wal_thread]  is flushed by lsn 0
[2020-12-28 17:31:45,599][INFO][WAL][CollectionFlushed][wal_thread]  is flushed by lsn 0
[2020-12-28 17:31:46,602][INFO][WAL][CollectionFlushed][wal_thread]  is flushed by lsn 0
[2020-12-28 17:31:47,605][INFO][WAL][CollectionFlushed][wal_thread]  is flushed by lsn 0
[2020-12-28 17:31:48,609][INFO][WAL][CollectionFlushed][wal_thread]  is flushed by lsn 0
[2020-12-28 17:31:49,612][INFO][WAL][CollectionFlushed][wal_thread]  is flushed by lsn 0
[2020-12-28 17:31:50,615][INFO][WAL][CollectionFlushed][wal_thread]  is flushed by lsn 0
[2020-12-28 17:31:51,619][INFO][WAL][CollectionFlushed][wal_thread]  is flushed by lsn 0
[2020-12-28 17:31:52,622][INFO][WAL][CollectionFlushed][wal_thread]  is flushed by lsn 0
[2020-12-28 17:31:53,624][INFO][WAL][CollectionFlushed][wal_thread]  is flushed by lsn 0
[2020-12-28 17:31:54,627][INFO][WAL][CollectionFlushed][wal_thread]  is flushed by lsn 0
[2020-12-28 17:31:55,628][INFO][WAL][CollectionFlushed][wal_thread]  is flushed by lsn 0
[2020-12-28 17:31:56,630][INFO][WAL][CollectionFlushed][wal_thread]  is flushed by lsn 0
[2020-12-28 17:31:57,631][INFO][WAL][CollectionFlushed][wal_thread]  is flushed by lsn 0
[2020-12-28 17:31:58,631][INFO][WAL][CollectionFlushed][wal_thread]  is flushed by lsn 0
[2020-12-28 17:31:59,632][INFO][WAL][CollectionFlushed][wal_thread]  is flushed by lsn 0
[2020-12-28 17:32:00,634][INFO][WAL][CollectionFlushed][wal_thread]  is flushed by lsn 0
[2020-12-28 17:32:01,635][INFO][WAL][CollectionFlushed][wal_thread]  is flushed by lsn 0
[2020-12-28 17:32:02,638][INFO][WAL][CollectionFlushed][wal_thread]  is flushed by lsn 0
[2020-12-28 17:32:03,640][INFO][WAL][CollectionFlushed][wal_thread]  is flushed by lsn 0
[2020-12-28 17:32:04,643][INFO][WAL][CollectionFlushed][wal_thread]  is flushed by lsn 0
[2020-12-28 17:32:05,646][INFO][WAL][CollectionFlushed][wal_thread]  is flushed by lsn 0
[2020-12-28 17:32:06,649][INFO][WAL][CollectionFlushed][wal_thread]  is flushed by lsn 0
[2020-12-28 17:32:07,652][INFO][WAL][CollectionFlushed][wal_thread]  is flushed by lsn 0
[2020-12-28 17:32:08,655][INFO][WAL][CollectionFlushed][wal_thread]  is flushed by lsn 0
[2020-12-28 17:32:09,659][INFO][WAL][CollectionFlushed][wal_thread]  is flushed by lsn 0
[2020-12-28 17:32:10,662][INFO][WAL][CollectionFlushed][wal_thread]  is flushed by lsn 0
[2020-12-28 17:32:11,666][INFO][WAL][CollectionFlushed][wal_thread]  is flushed by lsn 0
[2020-12-28 17:32:12,669][INFO][WAL][CollectionFlushed][wal_thread]  is flushed by lsn 0
[2020-12-28 17:32:13,672][INFO][WAL][CollectionFlushed][wal_thread]  is flushed by lsn 0
[2020-12-28 17:32:14,676][INFO][WAL][CollectionFlushed][wal_thread]  is flushed by lsn 0
[2020-12-28 17:32:15,679][INFO][WAL][CollectionFlushed][wal_thread]  is flushed by lsn 0
[2020-12-28 17:32:16,682][INFO][WAL][CollectionFlushed][wal_thread]  is flushed by lsn 0
[2020-12-28 17:32:17,685][INFO][WAL][CollectionFlushed][wal_thread]  is flushed by lsn 0
[2020-12-28 17:32:18,688][INFO][WAL][CollectionFlushed][wal_thread]  is flushed by lsn 0
[2020-12-28 17:32:19,692][INFO][WAL][CollectionFlushed][wal_thread]  is flushed by lsn 0
[2020-12-28 17:32:20,695][INFO][WAL][CollectionFlushed][wal_thread]  is flushed by lsn 0
[2020-12-28 17:32:21,697][INFO][WAL][CollectionFlushed][wal_thread]  is flushed by lsn 0
[2020-12-28 17:32:22,700][INFO][WAL][CollectionFlushed][wal_thread]  is flushed by lsn 0
[2020-12-28 17:32:23,703][INFO][WAL][CollectionFlushed][wal_thread]  is flushed by lsn 0
[2020-12-28 17:32:24,706][INFO][WAL][CollectionFlushed][wal_thread]  is flushed by lsn 0
[2020-12-28 17:32:25,708][INFO][WAL][CollectionFlushed][wal_thread]  is flushed by lsn 0
[2020-12-28 17:32:26,711][INFO][WAL][CollectionFlushed][wal_thread]  is flushed by lsn 0
[2020-12-28 17:32:27,714][INFO][WAL][CollectionFlushed][wal_thread]  is flushed by lsn 0
[2020-12-28 17:32:28,716][INFO][WAL][CollectionFlushed][wal_thread]  is flushed by lsn 0
[2020-12-28 17:32:29,717][INFO][WAL][CollectionFlushed][wal_thread]  is flushed by lsn 0
[2020-12-28 17:32:30,719][INFO][WAL][CollectionFlushed][wal_thread]  is flushed by lsn 0
[2020-12-28 17:32:31,722][INFO][WAL][CollectionFlushed][wal_thread]  is flushed by lsn 0
[2020-12-28 17:32:32,725][INFO][WAL][CollectionFlushed][wal_thread]  is flushed by lsn 0
[2020-12-28 17:32:33,727][INFO][WAL][CollectionFlushed][wal_thread]  is flushed by lsn 0
[2020-12-28 17:32:34,728][INFO][WAL][CollectionFlushed][wal_thread]  is flushed by lsn 0
[2020-12-28 17:32:35,729][INFO][WAL][CollectionFlushed][wal_thread]  is flushed by lsn 0
[2020-12-28 17:32:36,731][INFO][WAL][CollectionFlushed][wal_thread]  is flushed by lsn 0
[2020-12-28 17:32:37,733][INFO][WAL][CollectionFlushed][wal_thread]  is flushed by lsn 0
[2020-12-28 17:32:38,735][INFO][WAL][CollectionFlushed][wal_thread]  is flushed by lsn 0
[2020-12-28 17:32:39,737][INFO][WAL][CollectionFlushed][wal_thread]  is flushed by lsn 0
[2020-12-28 17:32:40,738][INFO][WAL][CollectionFlushed][wal_thread]  is flushed by lsn 0
[2020-12-28 17:32:41,740][INFO][WAL][CollectionFlushed][wal_thread]  is flushed by lsn 0
[2020-12-28 17:32:42,743][INFO][WAL][CollectionFlushed][wal_thread]  is flushed by lsn 0
[2020-12-28 17:32:43,745][INFO][WAL][CollectionFlushed][wal_thread]  is flushed by lsn 0
[2020-12-28 17:32:44,746][INFO][WAL][CollectionFlushed][wal_thread]  is flushed by lsn 0
[2020-12-28 17:32:45,749][INFO][WAL][CollectionFlushed][wal_thread]  is flushed by lsn 0
[2020-12-28 17:32:46,752][INFO][WAL][CollectionFlushed][wal_thread]  is flushed by lsn 0
[2020-12-28 17:32:47,756][INFO][WAL][CollectionFlushed][wal_thread]  is flushed by lsn 0
[2020-12-28 17:32:48,759][INFO][WAL][CollectionFlushed][wal_thread]  is flushed by lsn 0
[2020-12-28 17:32:49,762][INFO][WAL][CollectionFlushed][wal_thread]  is flushed by lsn 0
[2020-12-28 17:32:50,764][INFO][WAL][CollectionFlushed][wal_thread]  is flushed by lsn 0
[2020-12-28 17:32:51,768][INFO][WAL][CollectionFlushed][wal_thread]  is flushed by lsn 0
[2020-12-28 17:32:52,771][INFO][WAL][CollectionFlushed][wal_thread]  is flushed by lsn 0
[2020-12-28 17:32:53,775][INFO][WAL][CollectionFlushed][wal_thread]  is flushed by lsn 0
[2020-12-28 17:32:54,780][INFO][WAL][CollectionFlushed][wal_thread]  is flushed by lsn 0
[2020-12-28 17:32:55,783][INFO][WAL][CollectionFlushed][wal_thread]  is flushed by lsn 0
[2020-12-28 17:32:56,787][INFO][WAL][CollectionFlushed][wal_thread]  is flushed by lsn 0
[2020-12-28 17:32:57,789][INFO][WAL][CollectionFlushed][wal_thread]  is flushed by lsn 0
[2020-12-28 17:32:58,791][INFO][WAL][CollectionFlushed][wal_thread]  is flushed by lsn 0
[2020-12-28 17:32:59,795][INFO][WAL][CollectionFlushed][wal_thread]  is flushed by lsn 0
[2020-12-28 17:33:00,798][INFO][WAL][CollectionFlushed][wal_thread]  is flushed by lsn 0
[2020-12-28 17:33:01,805][INFO][WAL][CollectionFlushed][wal_thread]  is flushed by lsn 0
[2020-12-28 17:33:02,808][INFO][WAL][CollectionFlushed][wal_thread]  is flushed by lsn 0
[2020-12-28 17:33:03,812][INFO][WAL][CollectionFlushed][wal_thread]  is flushed by lsn 0
[2020-12-28 17:33:04,815][INFO][WAL][CollectionFlushed][wal_thread]  is flushed by lsn 0
[2020-12-28 17:33:05,819][INFO][WAL][CollectionFlushed][wal_thread]  is flushed by lsn 0
[2020-12-28 17:33:06,822][INFO][WAL][CollectionFlushed][wal_thread]  is flushed by lsn 0
