[2020-12-30 14:30:45,435][INFO][SERVER][Check][milvus_server] InstanceLockCheck passed.
[2020-12-30 14:30:45,436][INFO][SERVER][Check][milvus_server] InstanceLockCheck passed.
[2020-12-30 14:30:45,437][INFO][SERVER][Start][milvus_server] Milvus Release version: v0.9.1, built at 2020-05-28 17:39.31
[2020-12-30 14:30:45,437][INFO][SERVER][Start][milvus_server] CPU edition
[2020-12-30 14:30:45,438][INFO][SERVER][CheckCpuInstructionSet][milvus_server] Supported CPU instruction sets: avx2, sse4_2
[2020-12-30 14:30:45,440][INFO][SERVER][LogConfigInFile][milvus_server] 

***************Config in file***************

version: 0.4
server_config:
  address: 0.0.0.0
  port: 19530
  deploy_mode: single
  time_zone: UTC+8
  web_enable: true
  web_port: 19121
db_config:
  backend_url: sqlite://:@:/
  preload_collection: ~
  auto_flush_interval: 1
storage_config:
  primary_path: /var/lib/milvus
  secondary_path: ~
  file_cleanup_timeout: 10
metric_config:
  enable_monitor: false
  address: 127.0.0.1
  port: 9091
cache_config:
  cpu_cache_capacity: 1
  insert_buffer_size: 1
  cache_insert_data: false
engine_config:
  use_blas_threshold: 1100
  gpu_search_threshold: 1000
gpu_resource_config:
  enable: false
  cache_capacity: 1
  search_resources:
    - gpu0
  build_index_resources:
    - gpu0
tracing_config:
  json_config_path: ~
wal_config:
  enable: true
  recovery_error_ignore: true
  buffer_size: 256
  wal_path: /var/lib/milvus/wal
logs:
  trace.enable: true
  debug.enable: true
  info.enable: true
  warning.enable: true
  error.enable: true
  fatal.enable: true
  path: /var/lib/milvus/logs
  max_log_file_size: 1024
  log_rotate_num: 0
[2020-12-30 14:30:45,465][INFO][SERVER][LogCpuInfo][milvus_server] 

***************CPU***************

processor	: 1
vendor_id	: GenuineIntel
cpu family	: 6
model		: 142
model name	: Intel(R) Core(TM) i5-8250U CPU @ 1.60GHz
stepping	: 10
microcode	: 0xffffffff
cpu MHz		: 1799.999
cache size	: 6144 KB
physical id	: 0
siblings	: 2
core id		: 0
cpu cores	: 1
apicid		: 1
initial apicid	: 1
fpu		: yes
fpu_exception	: yes
cpuid level	: 21
wp		: yes
flags		: fpu vme de pse tsc msr pae mce cx8 apic sep mtrr pge mca cmov pat pse36 clflush mmx fxsr sse sse2 ss ht syscall nx pdpe1gb rdtscp lm constant_tsc rep_good nopl xtopology cpuid pni pclmulqdq ssse3 fma cx16 pcid sse4_1 sse4_2 movbe popcnt aes xsave avx f16c rdrand hypervisor lahf_lm abm 3dnowprefetch invpcid_single ssbd ibrs ibpb stibp fsgsbase bmi1 avx2 smep bmi2 erms invpcid mpx rdseed adx smap clflushopt xsaveopt xsavec xgetbv1 xsaves flush_l1d arch_capabilities
bugs		: cpu_meltdown spectre_v1 spectre_v2 spec_store_bypass l1tf mds swapgs itlb_multihit
bogomips	: 3599.99
clflush size	: 64
cache_alignment	: 64
address sizes	: 39 bits physical, 48 bits virtual
power management:


[2020-12-30 14:30:45,465][INFO][SERVER][LogConfigInMem][milvus_server] 

***************Config in memory***************

{
   "cache_config": {
      "cache_insert_data": "false",
      "cpu_cache_capacity": "1",
      "cpu_cache_threshold": "0.7",
      "insert_buffer_size": "1"
   },
   "db_config": {
      "archive_days_threshold": "0",
      "archive_disk_threshold": "0",
      "auto_flush_interval": "1",
      "backend_url": "sqlite://:@:/",
      "preload_collection": ""
   },
   "engine_config": {
      "omp_thread_num": "0",
      "simd_type": "auto",
      "use_blas_threshold": "1100"
   },
   "logs": {
      "debug.enable": "true",
      "error.enable": "true",
      "fatal.enable": "true",
      "info.enable": "true",
      "log_rotate_num": "0",
      "max_log_file_size": "1024",
      "path": "/var/lib/milvus/logs",
      "trace.enable": "true",
      "warning.enable": "true"
   },
   "metric_config": {
      "address": "127.0.0.1",
      "enable_monitor": "false",
      "port": "9091"
   },
   "server_config": {
      "address": "0.0.0.0",
      "deploy_mode": "single",
      "port": "19530",
      "time_zone": "UTC+8",
      "web_enable": "true",
      "web_port": "19121"
   },
   "storage_config": {
      "primary_path": "/var/lib/milvus",
      "secondary_path": ""
   },
   "tracing_config": {
      "json_config_path": ""
   },
   "wal_config": {
      "buffer_size": "256",
      "enable": "true",
      "recovery_error_ignore": "true",
      "wal_path": "/var/lib/milvus/wal"
   }
}
[2020-12-30 14:30:45,467][INFO][ENGINE][Build][milvus_server] Using SQLite
[2020-12-30 14:30:46,533][INFO][WAL][CollectionFlushed][wal_thread]  is flushed by lsn 0
[2020-12-30 14:30:47,534][INFO][WAL][CollectionFlushed][wal_thread]  is flushed by lsn 0
[2020-12-30 14:30:48,535][INFO][WAL][CollectionFlushed][wal_thread]  is flushed by lsn 0
[2020-12-30 14:30:49,536][INFO][WAL][CollectionFlushed][wal_thread]  is flushed by lsn 0
[2020-12-30 14:30:50,538][INFO][WAL][CollectionFlushed][wal_thread]  is flushed by lsn 0
[2020-12-30 14:30:51,540][INFO][WAL][CollectionFlushed][wal_thread]  is flushed by lsn 0
[2020-12-30 14:30:52,543][INFO][WAL][CollectionFlushed][wal_thread]  is flushed by lsn 0
[2020-12-30 14:30:53,545][INFO][WAL][CollectionFlushed][wal_thread]  is flushed by lsn 0
[2020-12-30 14:30:54,546][INFO][WAL][CollectionFlushed][wal_thread]  is flushed by lsn 0
[2020-12-30 14:30:55,548][INFO][WAL][CollectionFlushed][wal_thread]  is flushed by lsn 0
[2020-12-30 14:30:56,550][INFO][WAL][CollectionFlushed][wal_thread]  is flushed by lsn 0
[2020-12-30 14:30:57,552][INFO][WAL][CollectionFlushed][wal_thread]  is flushed by lsn 0
[2020-12-30 14:30:58,553][INFO][WAL][CollectionFlushed][wal_thread]  is flushed by lsn 0
[2020-12-30 14:30:59,554][INFO][WAL][CollectionFlushed][wal_thread]  is flushed by lsn 0
[2020-12-30 14:31:00,557][INFO][WAL][CollectionFlushed][wal_thread]  is flushed by lsn 0
[2020-12-30 14:31:01,561][INFO][WAL][CollectionFlushed][wal_thread]  is flushed by lsn 0
[2020-12-30 14:31:02,564][INFO][WAL][CollectionFlushed][wal_thread]  is flushed by lsn 0
[2020-12-30 14:31:03,565][INFO][WAL][CollectionFlushed][wal_thread]  is flushed by lsn 0
[2020-12-30 14:31:04,569][INFO][WAL][CollectionFlushed][wal_thread]  is flushed by lsn 0
[2020-12-30 14:31:05,572][INFO][WAL][CollectionFlushed][wal_thread]  is flushed by lsn 0
[2020-12-30 14:31:06,573][INFO][WAL][CollectionFlushed][wal_thread]  is flushed by lsn 0
[2020-12-30 14:31:07,576][INFO][WAL][CollectionFlushed][wal_thread]  is flushed by lsn 0
[2020-12-30 14:31:08,579][INFO][WAL][CollectionFlushed][wal_thread]  is flushed by lsn 0
[2020-12-30 14:31:09,582][INFO][WAL][CollectionFlushed][wal_thread]  is flushed by lsn 0
[2020-12-30 14:31:10,584][INFO][WAL][CollectionFlushed][wal_thread]  is flushed by lsn 0
[2020-12-30 14:31:11,587][INFO][WAL][CollectionFlushed][wal_thread]  is flushed by lsn 0
[2020-12-30 14:31:12,590][INFO][WAL][CollectionFlushed][wal_thread]  is flushed by lsn 0
[2020-12-30 14:31:13,593][INFO][WAL][CollectionFlushed][wal_thread]  is flushed by lsn 0
[2020-12-30 14:31:14,594][INFO][WAL][CollectionFlushed][wal_thread]  is flushed by lsn 0
[2020-12-30 14:31:15,595][INFO][WAL][CollectionFlushed][wal_thread]  is flushed by lsn 0
[2020-12-30 14:31:16,597][INFO][WAL][CollectionFlushed][wal_thread]  is flushed by lsn 0
[2020-12-30 14:31:17,598][INFO][WAL][CollectionFlushed][wal_thread]  is flushed by lsn 0
[2020-12-30 14:31:18,599][INFO][WAL][CollectionFlushed][wal_thread]  is flushed by lsn 0
[2020-12-30 14:31:19,601][INFO][WAL][CollectionFlushed][wal_thread]  is flushed by lsn 0
[2020-12-30 14:31:20,604][INFO][WAL][CollectionFlushed][wal_thread]  is flushed by lsn 0
[2020-12-30 14:31:21,606][INFO][WAL][CollectionFlushed][wal_thread]  is flushed by lsn 0
[2020-12-30 14:31:22,607][INFO][WAL][CollectionFlushed][wal_thread]  is flushed by lsn 0
[2020-12-30 14:31:23,608][INFO][WAL][CollectionFlushed][wal_thread]  is flushed by lsn 0
[2020-12-30 14:31:24,609][INFO][WAL][CollectionFlushed][wal_thread]  is flushed by lsn 0
[2020-12-30 14:31:25,610][INFO][WAL][CollectionFlushed][wal_thread]  is flushed by lsn 0
[2020-12-30 14:31:26,610][INFO][WAL][CollectionFlushed][wal_thread]  is flushed by lsn 0
[2020-12-30 14:31:27,611][INFO][WAL][CollectionFlushed][wal_thread]  is flushed by lsn 0
[2020-12-30 14:31:28,612][INFO][WAL][CollectionFlushed][wal_thread]  is flushed by lsn 0
[2020-12-30 14:31:29,615][INFO][WAL][CollectionFlushed][wal_thread]  is flushed by lsn 0
[2020-12-30 14:31:30,616][INFO][WAL][CollectionFlushed][wal_thread]  is flushed by lsn 0
[2020-12-30 14:31:31,617][INFO][WAL][CollectionFlushed][wal_thread]  is flushed by lsn 0
[2020-12-30 14:31:32,618][INFO][WAL][CollectionFlushed][wal_thread]  is flushed by lsn 0
[2020-12-30 14:31:33,619][INFO][WAL][CollectionFlushed][wal_thread]  is flushed by lsn 0
[2020-12-30 14:31:34,620][INFO][WAL][CollectionFlushed][wal_thread]  is flushed by lsn 0
[2020-12-30 14:31:35,621][INFO][WAL][CollectionFlushed][wal_thread]  is flushed by lsn 0
[2020-12-30 14:31:36,622][INFO][WAL][CollectionFlushed][wal_thread]  is flushed by lsn 0
[2020-12-30 14:31:37,623][INFO][WAL][CollectionFlushed][wal_thread]  is flushed by lsn 0
[2020-12-30 14:31:38,624][INFO][WAL][CollectionFlushed][wal_thread]  is flushed by lsn 0
[2020-12-30 14:31:39,625][INFO][WAL][CollectionFlushed][wal_thread]  is flushed by lsn 0
[2020-12-30 14:31:40,626][INFO][WAL][CollectionFlushed][wal_thread]  is flushed by lsn 0
[2020-12-30 14:31:41,627][INFO][WAL][CollectionFlushed][wal_thread]  is flushed by lsn 0
[2020-12-30 14:31:42,629][INFO][WAL][CollectionFlushed][wal_thread]  is flushed by lsn 0
[2020-12-30 14:31:43,629][INFO][WAL][CollectionFlushed][wal_thread]  is flushed by lsn 0
[2020-12-30 14:31:44,630][INFO][WAL][CollectionFlushed][wal_thread]  is flushed by lsn 0
[2020-12-30 14:31:45,631][INFO][WAL][CollectionFlushed][wal_thread]  is flushed by lsn 0
[2020-12-30 14:31:46,632][INFO][WAL][CollectionFlushed][wal_thread]  is flushed by lsn 0
[2020-12-30 14:31:47,634][INFO][WAL][CollectionFlushed][wal_thread]  is flushed by lsn 0
[2020-12-30 14:31:48,636][INFO][WAL][CollectionFlushed][wal_thread]  is flushed by lsn 0
[2020-12-30 14:31:49,638][INFO][WAL][CollectionFlushed][wal_thread]  is flushed by lsn 0
[2020-12-30 14:31:50,639][INFO][WAL][CollectionFlushed][wal_thread]  is flushed by lsn 0
[2020-12-30 14:31:51,640][INFO][WAL][CollectionFlushed][wal_thread]  is flushed by lsn 0
[2020-12-30 14:31:52,641][INFO][WAL][CollectionFlushed][wal_thread]  is flushed by lsn 0
[2020-12-30 14:31:53,642][INFO][WAL][CollectionFlushed][wal_thread]  is flushed by lsn 0
[2020-12-30 14:31:54,643][INFO][WAL][CollectionFlushed][wal_thread]  is flushed by lsn 0
[2020-12-30 14:31:55,644][INFO][WAL][CollectionFlushed][wal_thread]  is flushed by lsn 0
[2020-12-30 14:31:56,645][INFO][WAL][CollectionFlushed][wal_thread]  is flushed by lsn 0
[2020-12-30 14:31:57,646][INFO][WAL][CollectionFlushed][wal_thread]  is flushed by lsn 0
[2020-12-30 14:31:58,647][INFO][WAL][CollectionFlushed][wal_thread]  is flushed by lsn 0
[2020-12-30 14:31:59,648][INFO][WAL][CollectionFlushed][wal_thread]  is flushed by lsn 0
[2020-12-30 14:32:00,648][INFO][WAL][CollectionFlushed][wal_thread]  is flushed by lsn 0
[2020-12-30 14:32:01,649][INFO][WAL][CollectionFlushed][wal_thread]  is flushed by lsn 0
[2020-12-30 14:32:02,650][INFO][WAL][CollectionFlushed][wal_thread]  is flushed by lsn 0
[2020-12-30 14:32:03,651][INFO][WAL][CollectionFlushed][wal_thread]  is flushed by lsn 0
[2020-12-30 14:32:04,653][INFO][WAL][CollectionFlushed][wal_thread]  is flushed by lsn 0
[2020-12-30 14:32:05,655][INFO][WAL][CollectionFlushed][wal_thread]  is flushed by lsn 0
[2020-12-30 14:32:06,656][INFO][WAL][CollectionFlushed][wal_thread]  is flushed by lsn 0
[2020-12-30 14:32:07,658][INFO][WAL][CollectionFlushed][wal_thread]  is flushed by lsn 0
[2020-12-30 14:32:08,660][INFO][WAL][CollectionFlushed][wal_thread]  is flushed by lsn 0
[2020-12-30 14:32:09,576][INFO][SERVER][Cmd][grpcpp_sync_ser] Request [0] Cmd begin.
[2020-12-30 14:32:09,577][INFO][SERVER][PutToQueue][grpcpp_sync_ser] Create new thread for request group: info
[2020-12-30 14:32:09,604][INFO][SERVER][Cmd][grpcpp_sync_ser] Request [0] Cmd end.
[2020-12-30 14:32:09,608][INFO][SERVER][HasCollection][grpcpp_sync_ser] Request [1] HasCollection begin.
[2020-12-30 14:32:09,625][INFO][SERVER][HasCollection][grpcpp_sync_ser] Request [1] HasCollection end.
[2020-12-30 14:32:09,628][INFO][SERVER][DescribeCollection][grpcpp_sync_ser] Request [2] DescribeCollection begin.
[2020-12-30 14:32:09,629][INFO][SERVER][DescribeCollection][grpcpp_sync_ser] Request [2] DescribeCollection end.
[2020-12-30 14:32:09,632][INFO][SERVER][Insert][grpcpp_sync_ser] Request [3] Insert begin.
[2020-12-30 14:32:09,633][INFO][SERVER][PutToQueue][grpcpp_sync_ser] Create new thread for request group: ddl_dml
[2020-12-30 14:32:09,633][INFO][SERVER][OnExecute][reqsched_thread] [insert][0] Execute insert request.
[2020-12-30 14:32:09,635][INFO][WAL][Insert][reqsched_thread] [insert][0]retina_face insert in part  with lsn 4295396812
[2020-12-30 14:32:09,636][INFO][WAL][GetNextRecord][wal_thread] record type 2 collection retina_face lsn 4295396812
[2020-12-30 14:32:09,638][INFO][SERVER][Insert][grpcpp_sync_ser] Request [3] Insert end.
[2020-12-30 14:32:09,640][INFO][SERVER][Flush][grpcpp_sync_ser] Request [4] Flush begin.
[2020-12-30 14:32:09,666][INFO][WAL][Flush][reqsched_thread] retina_face want to be flush, lsn 4295396812
[2020-12-30 14:32:09,773][INFO][WAL][CollectionFlushed][wal_thread]  is flushed by lsn 4295396812
[2020-12-30 14:32:09,773][INFO][WAL][operator()][wal_thread] record flush collection retina_face lsn 4295396812
[2020-12-30 14:32:09,921][INFO][WAL][CollectionFlushed][wal_thread] retina_face is flushed by lsn 4295396812
[2020-12-30 14:32:09,924][INFO][SERVER][Flush][grpcpp_sync_ser] Request [4] Flush end.
[2020-12-30 14:32:09,926][INFO][SERVER][CountCollection][grpcpp_sync_ser] Request [5] CountCollection begin.
[2020-12-30 14:32:09,928][INFO][SERVER][CountCollection][grpcpp_sync_ser] Request [5] CountCollection end.
[2020-12-30 14:32:09,929][INFO][SERVER][ShowCollectionInfo][grpcpp_sync_ser] Request [6] ShowCollectionInfo begin.
[2020-12-30 14:32:09,950][INFO][SERVER][ShowCollectionInfo][grpcpp_sync_ser] Request [6] ShowCollectionInfo end.
[2020-12-30 14:32:09,952][INFO][SERVER][CreateIndex][grpcpp_sync_ser] Request [7] CreateIndex begin.
[2020-12-30 14:32:09,955][INFO][WAL][Flush][reqsched_thread]  want to be flush, lsn 0
[2020-12-30 14:32:09,958][INFO][SERVER][CreateIndex][grpcpp_sync_ser] Request [7] CreateIndex end.
[2020-12-30 14:32:09,960][INFO][SERVER][DescribeIndex][grpcpp_sync_ser] Request [8] DescribeIndex begin.
[2020-12-30 14:32:09,961][INFO][SERVER][DescribeIndex][grpcpp_sync_ser] Request [8] DescribeIndex end.
[2020-12-30 14:32:10,774][INFO][WAL][CollectionFlushed][wal_thread]  is flushed by lsn 0
[2020-12-30 14:32:11,775][INFO][WAL][CollectionFlushed][wal_thread]  is flushed by lsn 0
[2020-12-30 14:32:12,776][INFO][WAL][CollectionFlushed][wal_thread]  is flushed by lsn 0
[2020-12-30 14:32:13,779][INFO][WAL][CollectionFlushed][wal_thread]  is flushed by lsn 0
[2020-12-30 14:32:14,783][INFO][WAL][CollectionFlushed][wal_thread]  is flushed by lsn 0
[2020-12-30 14:32:15,785][INFO][WAL][CollectionFlushed][wal_thread]  is flushed by lsn 0
[2020-12-30 14:32:16,787][INFO][WAL][CollectionFlushed][wal_thread]  is flushed by lsn 0
[2020-12-30 14:32:17,790][INFO][WAL][CollectionFlushed][wal_thread]  is flushed by lsn 0
[2020-12-30 14:32:18,790][INFO][WAL][CollectionFlushed][wal_thread]  is flushed by lsn 0
[2020-12-30 14:32:19,792][INFO][WAL][CollectionFlushed][wal_thread]  is flushed by lsn 0
[2020-12-30 14:32:20,793][INFO][WAL][CollectionFlushed][wal_thread]  is flushed by lsn 0
[2020-12-30 14:32:21,794][INFO][WAL][CollectionFlushed][wal_thread]  is flushed by lsn 0
[2020-12-30 14:32:22,796][INFO][WAL][CollectionFlushed][wal_thread]  is flushed by lsn 0
[2020-12-30 14:32:23,797][INFO][WAL][CollectionFlushed][wal_thread]  is flushed by lsn 0
[2020-12-30 14:32:24,798][INFO][WAL][CollectionFlushed][wal_thread]  is flushed by lsn 0
[2020-12-30 14:32:25,799][INFO][WAL][CollectionFlushed][wal_thread]  is flushed by lsn 0
[2020-12-30 14:32:26,799][INFO][WAL][CollectionFlushed][wal_thread]  is flushed by lsn 0
[2020-12-30 14:32:27,800][INFO][WAL][CollectionFlushed][wal_thread]  is flushed by lsn 0
[2020-12-30 14:32:28,334][INFO][SERVER][Cmd][grpcpp_sync_ser] Request [9] Cmd begin.
[2020-12-30 14:32:28,335][INFO][SERVER][Cmd][grpcpp_sync_ser] Request [9] Cmd end.
[2020-12-30 14:32:28,337][INFO][SERVER][HasCollection][grpcpp_sync_ser] Request [10] HasCollection begin.
[2020-12-30 14:32:28,338][INFO][SERVER][HasCollection][grpcpp_sync_ser] Request [10] HasCollection end.
[2020-12-30 14:32:28,340][INFO][SERVER][DescribeCollection][grpcpp_sync_ser] Request [11] DescribeCollection begin.
[2020-12-30 14:32:28,341][INFO][SERVER][DescribeCollection][grpcpp_sync_ser] Request [11] DescribeCollection end.
[2020-12-30 14:32:28,343][INFO][SERVER][Insert][grpcpp_sync_ser] Request [12] Insert begin.
[2020-12-30 14:32:28,344][INFO][SERVER][OnExecute][reqsched_thread] [insert][0] Execute insert request.
[2020-12-30 14:32:28,346][INFO][WAL][Insert][reqsched_thread] [insert][0]retina_face insert in part  with lsn 4295398900
[2020-12-30 14:32:28,347][INFO][WAL][GetNextRecord][wal_thread] record type 2 collection retina_face lsn 4295398900
[2020-12-30 14:32:28,349][INFO][SERVER][Insert][grpcpp_sync_ser] Request [12] Insert end.
[2020-12-30 14:32:28,351][INFO][SERVER][Flush][grpcpp_sync_ser] Request [13] Flush begin.
[2020-12-30 14:32:28,356][INFO][WAL][Flush][reqsched_thread] retina_face want to be flush, lsn 4295398900
[2020-12-30 14:32:28,357][INFO][WAL][operator()][wal_thread] record flush collection retina_face lsn 4295398900
[2020-12-30 14:32:28,391][INFO][WAL][CollectionFlushed][wal_thread] retina_face is flushed by lsn 4295398900
[2020-12-30 14:32:28,392][INFO][SERVER][Flush][grpcpp_sync_ser] Request [13] Flush end.
[2020-12-30 14:32:28,394][INFO][SERVER][CountCollection][grpcpp_sync_ser] Request [14] CountCollection begin.
[2020-12-30 14:32:28,402][INFO][SERVER][CountCollection][grpcpp_sync_ser] Request [14] CountCollection end.
[2020-12-30 14:32:28,404][INFO][SERVER][ShowCollectionInfo][grpcpp_sync_ser] Request [15] ShowCollectionInfo begin.
[2020-12-30 14:32:28,409][INFO][SERVER][ShowCollectionInfo][grpcpp_sync_ser] Request [15] ShowCollectionInfo end.
[2020-12-30 14:32:28,413][INFO][SERVER][Search][grpcpp_sync_ser] Request [16] Search begin.
[2020-12-30 14:32:28,415][INFO][SERVER][OnPreExecute][grpcpp_sync_ser] [search][0] Search pre-execute. Check search parameters
[2020-12-30 14:32:28,416][INFO][SERVER][PutToQueue][grpcpp_sync_ser] Create new thread for request group: dql
[2020-12-30 14:32:28,417][INFO][SERVER][OnExecute][reqsched_thread] [search][0] Search execute.
[2020-12-30 14:32:28,516][INFO][SERVER][Search][grpcpp_sync_ser] Request [16] Search end.
[2020-12-30 14:32:28,801][INFO][WAL][CollectionFlushed][wal_thread]  is flushed by lsn 0
[2020-12-30 14:32:29,803][INFO][WAL][CollectionFlushed][wal_thread]  is flushed by lsn 0
[2020-12-30 14:32:30,806][INFO][WAL][CollectionFlushed][wal_thread]  is flushed by lsn 0
[2020-12-30 14:32:31,808][INFO][WAL][CollectionFlushed][wal_thread]  is flushed by lsn 0
[2020-12-30 14:32:32,812][INFO][WAL][CollectionFlushed][wal_thread]  is flushed by lsn 0
[2020-12-30 14:32:33,815][INFO][WAL][CollectionFlushed][wal_thread]  is flushed by lsn 0
[2020-12-30 14:32:34,817][INFO][WAL][CollectionFlushed][wal_thread]  is flushed by lsn 0
[2020-12-30 14:32:35,820][INFO][WAL][CollectionFlushed][wal_thread]  is flushed by lsn 0
[2020-12-30 14:32:36,823][INFO][WAL][CollectionFlushed][wal_thread]  is flushed by lsn 0
[2020-12-30 14:32:37,826][INFO][WAL][CollectionFlushed][wal_thread]  is flushed by lsn 0
[2020-12-30 14:32:38,829][INFO][WAL][CollectionFlushed][wal_thread]  is flushed by lsn 0
[2020-12-30 14:32:39,832][INFO][WAL][CollectionFlushed][wal_thread]  is flushed by lsn 0
[2020-12-30 14:32:40,835][INFO][WAL][CollectionFlushed][wal_thread]  is flushed by lsn 0
[2020-12-30 14:32:41,838][INFO][WAL][CollectionFlushed][wal_thread]  is flushed by lsn 0
[2020-12-30 14:32:42,841][INFO][WAL][CollectionFlushed][wal_thread]  is flushed by lsn 0
[2020-12-30 14:32:43,843][INFO][WAL][CollectionFlushed][wal_thread]  is flushed by lsn 0
[2020-12-30 14:32:44,847][INFO][WAL][CollectionFlushed][wal_thread]  is flushed by lsn 0
[2020-12-30 14:32:45,849][INFO][WAL][CollectionFlushed][wal_thread]  is flushed by lsn 0
[2020-12-30 14:32:46,852][INFO][WAL][CollectionFlushed][wal_thread]  is flushed by lsn 0
[2020-12-30 14:32:47,856][INFO][WAL][CollectionFlushed][wal_thread]  is flushed by lsn 0
[2020-12-30 14:32:48,858][INFO][WAL][CollectionFlushed][wal_thread]  is flushed by lsn 0
[2020-12-30 14:32:49,859][INFO][WAL][CollectionFlushed][wal_thread]  is flushed by lsn 0
[2020-12-30 14:32:50,861][INFO][WAL][CollectionFlushed][wal_thread]  is flushed by lsn 0
[2020-12-30 14:32:51,863][INFO][WAL][CollectionFlushed][wal_thread]  is flushed by lsn 0
[2020-12-30 14:32:52,865][INFO][WAL][CollectionFlushed][wal_thread]  is flushed by lsn 0
[2020-12-30 14:32:53,868][INFO][WAL][CollectionFlushed][wal_thread]  is flushed by lsn 0
[2020-12-30 14:32:54,871][INFO][WAL][CollectionFlushed][wal_thread]  is flushed by lsn 0
[2020-12-30 14:32:55,872][INFO][WAL][CollectionFlushed][wal_thread]  is flushed by lsn 0
[2020-12-30 14:32:56,874][INFO][WAL][CollectionFlushed][wal_thread]  is flushed by lsn 0
[2020-12-30 14:32:57,877][INFO][WAL][CollectionFlushed][wal_thread]  is flushed by lsn 0
[2020-12-30 14:32:58,880][INFO][WAL][CollectionFlushed][wal_thread]  is flushed by lsn 0
[2020-12-30 14:32:59,883][INFO][WAL][CollectionFlushed][wal_thread]  is flushed by lsn 0
[2020-12-30 14:33:00,886][INFO][WAL][CollectionFlushed][wal_thread]  is flushed by lsn 0
[2020-12-30 14:33:01,888][INFO][WAL][CollectionFlushed][wal_thread]  is flushed by lsn 0
[2020-12-30 14:33:02,889][INFO][WAL][CollectionFlushed][wal_thread]  is flushed by lsn 0
[2020-12-30 14:33:03,891][INFO][WAL][CollectionFlushed][wal_thread]  is flushed by lsn 0
[2020-12-30 14:33:04,892][INFO][WAL][CollectionFlushed][wal_thread]  is flushed by lsn 0
[2020-12-30 14:33:05,895][INFO][WAL][CollectionFlushed][wal_thread]  is flushed by lsn 0
[2020-12-30 14:33:06,896][INFO][WAL][CollectionFlushed][wal_thread]  is flushed by lsn 0
[2020-12-30 14:33:07,897][INFO][WAL][CollectionFlushed][wal_thread]  is flushed by lsn 0
[2020-12-30 14:33:08,898][INFO][WAL][CollectionFlushed][wal_thread]  is flushed by lsn 0
[2020-12-30 14:33:09,900][INFO][WAL][CollectionFlushed][wal_thread]  is flushed by lsn 0
[2020-12-30 14:33:10,902][INFO][WAL][CollectionFlushed][wal_thread]  is flushed by lsn 0
[2020-12-30 14:33:11,905][INFO][WAL][CollectionFlushed][wal_thread]  is flushed by lsn 0
[2020-12-30 14:33:12,907][INFO][WAL][CollectionFlushed][wal_thread]  is flushed by lsn 0
[2020-12-30 14:33:13,910][INFO][WAL][CollectionFlushed][wal_thread]  is flushed by lsn 0
[2020-12-30 14:33:14,913][INFO][WAL][CollectionFlushed][wal_thread]  is flushed by lsn 0
[2020-12-30 14:33:15,916][INFO][WAL][CollectionFlushed][wal_thread]  is flushed by lsn 0
[2020-12-30 14:33:16,919][INFO][WAL][CollectionFlushed][wal_thread]  is flushed by lsn 0
[2020-12-30 14:33:17,921][INFO][WAL][CollectionFlushed][wal_thread]  is flushed by lsn 0
[2020-12-30 14:33:18,923][INFO][WAL][CollectionFlushed][wal_thread]  is flushed by lsn 0
[2020-12-30 14:33:19,925][INFO][WAL][CollectionFlushed][wal_thread]  is flushed by lsn 0
[2020-12-30 14:33:20,927][INFO][WAL][CollectionFlushed][wal_thread]  is flushed by lsn 0
[2020-12-30 14:33:21,930][INFO][WAL][CollectionFlushed][wal_thread]  is flushed by lsn 0
[2020-12-30 14:33:22,931][INFO][WAL][CollectionFlushed][wal_thread]  is flushed by lsn 0
[2020-12-30 14:33:23,933][INFO][WAL][CollectionFlushed][wal_thread]  is flushed by lsn 0
[2020-12-30 14:33:24,937][INFO][WAL][CollectionFlushed][wal_thread]  is flushed by lsn 0
[2020-12-30 14:33:25,940][INFO][WAL][CollectionFlushed][wal_thread]  is flushed by lsn 0
[2020-12-30 14:33:26,942][INFO][WAL][CollectionFlushed][wal_thread]  is flushed by lsn 0
[2020-12-30 14:33:27,944][INFO][WAL][CollectionFlushed][wal_thread]  is flushed by lsn 0
[2020-12-30 14:33:28,945][INFO][WAL][CollectionFlushed][wal_thread]  is flushed by lsn 0
[2020-12-30 14:33:29,947][INFO][WAL][CollectionFlushed][wal_thread]  is flushed by lsn 0
[2020-12-30 14:33:30,950][INFO][WAL][CollectionFlushed][wal_thread]  is flushed by lsn 0
[2020-12-30 14:33:31,953][INFO][WAL][CollectionFlushed][wal_thread]  is flushed by lsn 0
[2020-12-30 14:33:32,957][INFO][WAL][CollectionFlushed][wal_thread]  is flushed by lsn 0
[2020-12-30 14:33:33,960][INFO][WAL][CollectionFlushed][wal_thread]  is flushed by lsn 0
[2020-12-30 14:33:34,963][INFO][WAL][CollectionFlushed][wal_thread]  is flushed by lsn 0
[2020-12-30 14:33:35,966][INFO][WAL][CollectionFlushed][wal_thread]  is flushed by lsn 0
[2020-12-30 14:33:36,969][INFO][WAL][CollectionFlushed][wal_thread]  is flushed by lsn 0
[2020-12-30 14:33:37,972][INFO][WAL][CollectionFlushed][wal_thread]  is flushed by lsn 0
[2020-12-30 14:33:38,974][INFO][WAL][CollectionFlushed][wal_thread]  is flushed by lsn 0
[2020-12-30 14:33:39,978][INFO][WAL][CollectionFlushed][wal_thread]  is flushed by lsn 0
[2020-12-30 14:33:40,982][INFO][WAL][CollectionFlushed][wal_thread]  is flushed by lsn 0
[2020-12-30 14:33:41,986][INFO][WAL][CollectionFlushed][wal_thread]  is flushed by lsn 0
[2020-12-30 14:33:42,989][INFO][WAL][CollectionFlushed][wal_thread]  is flushed by lsn 0
[2020-12-30 14:33:43,993][INFO][WAL][CollectionFlushed][wal_thread]  is flushed by lsn 0
[2020-12-30 14:33:44,997][INFO][WAL][CollectionFlushed][wal_thread]  is flushed by lsn 0
[2020-12-30 14:33:46,000][INFO][WAL][CollectionFlushed][wal_thread]  is flushed by lsn 0
[2020-12-30 14:33:47,003][INFO][WAL][CollectionFlushed][wal_thread]  is flushed by lsn 0
[2020-12-30 14:33:48,006][INFO][WAL][CollectionFlushed][wal_thread]  is flushed by lsn 0
[2020-12-30 14:33:49,010][INFO][WAL][CollectionFlushed][wal_thread]  is flushed by lsn 0
[2020-12-30 14:33:50,013][INFO][WAL][CollectionFlushed][wal_thread]  is flushed by lsn 0
[2020-12-30 14:33:51,016][INFO][WAL][CollectionFlushed][wal_thread]  is flushed by lsn 0
[2020-12-30 14:33:52,019][INFO][WAL][CollectionFlushed][wal_thread]  is flushed by lsn 0
[2020-12-30 14:33:53,022][INFO][WAL][CollectionFlushed][wal_thread]  is flushed by lsn 0
[2020-12-30 14:33:54,026][INFO][WAL][CollectionFlushed][wal_thread]  is flushed by lsn 0
[2020-12-30 14:33:55,029][INFO][WAL][CollectionFlushed][wal_thread]  is flushed by lsn 0
[2020-12-30 14:33:56,031][INFO][WAL][CollectionFlushed][wal_thread]  is flushed by lsn 0
[2020-12-30 14:33:57,032][INFO][WAL][CollectionFlushed][wal_thread]  is flushed by lsn 0
[2020-12-30 14:33:58,033][INFO][WAL][CollectionFlushed][wal_thread]  is flushed by lsn 0
[2020-12-30 14:33:59,035][INFO][WAL][CollectionFlushed][wal_thread]  is flushed by lsn 0
[2020-12-30 14:34:00,036][INFO][WAL][CollectionFlushed][wal_thread]  is flushed by lsn 0
[2020-12-30 14:34:01,036][INFO][WAL][CollectionFlushed][wal_thread]  is flushed by lsn 0
[2020-12-30 14:34:02,037][INFO][WAL][CollectionFlushed][wal_thread]  is flushed by lsn 0
[2020-12-30 14:34:03,038][INFO][WAL][CollectionFlushed][wal_thread]  is flushed by lsn 0
[2020-12-30 14:34:04,039][INFO][WAL][CollectionFlushed][wal_thread]  is flushed by lsn 0
[2020-12-30 14:34:05,041][INFO][WAL][CollectionFlushed][wal_thread]  is flushed by lsn 0
[2020-12-30 14:34:06,044][INFO][WAL][CollectionFlushed][wal_thread]  is flushed by lsn 0
[2020-12-30 14:34:07,047][INFO][WAL][CollectionFlushed][wal_thread]  is flushed by lsn 0
[2020-12-30 14:34:08,049][INFO][WAL][CollectionFlushed][wal_thread]  is flushed by lsn 0
[2020-12-30 14:34:09,050][INFO][WAL][CollectionFlushed][wal_thread]  is flushed by lsn 0
[2020-12-30 14:34:10,051][INFO][WAL][CollectionFlushed][wal_thread]  is flushed by lsn 0
[2020-12-30 14:34:11,053][INFO][WAL][CollectionFlushed][wal_thread]  is flushed by lsn 0
[2020-12-30 14:34:12,055][INFO][WAL][CollectionFlushed][wal_thread]  is flushed by lsn 0
[2020-12-30 14:34:13,056][INFO][WAL][CollectionFlushed][wal_thread]  is flushed by lsn 0
[2020-12-30 14:34:14,058][INFO][WAL][CollectionFlushed][wal_thread]  is flushed by lsn 0
[2020-12-30 14:34:15,061][INFO][WAL][CollectionFlushed][wal_thread]  is flushed by lsn 0
[2020-12-30 14:34:16,063][INFO][WAL][CollectionFlushed][wal_thread]  is flushed by lsn 0
[2020-12-30 14:34:17,065][INFO][WAL][CollectionFlushed][wal_thread]  is flushed by lsn 0
[2020-12-30 14:34:18,067][INFO][WAL][CollectionFlushed][wal_thread]  is flushed by lsn 0
[2020-12-30 14:34:19,069][INFO][WAL][CollectionFlushed][wal_thread]  is flushed by lsn 0
[2020-12-30 14:34:20,070][INFO][WAL][CollectionFlushed][wal_thread]  is flushed by lsn 0
[2020-12-30 14:34:21,073][INFO][WAL][CollectionFlushed][wal_thread]  is flushed by lsn 0
[2020-12-30 14:34:22,075][INFO][WAL][CollectionFlushed][wal_thread]  is flushed by lsn 0
[2020-12-30 14:34:23,076][INFO][WAL][CollectionFlushed][wal_thread]  is flushed by lsn 0
[2020-12-30 14:34:24,077][INFO][WAL][CollectionFlushed][wal_thread]  is flushed by lsn 0
[2020-12-30 14:34:25,078][INFO][WAL][CollectionFlushed][wal_thread]  is flushed by lsn 0
[2020-12-30 14:34:26,080][INFO][WAL][CollectionFlushed][wal_thread]  is flushed by lsn 0
[2020-12-30 14:34:27,083][INFO][WAL][CollectionFlushed][wal_thread]  is flushed by lsn 0
[2020-12-30 14:34:28,086][INFO][WAL][CollectionFlushed][wal_thread]  is flushed by lsn 0
[2020-12-30 14:34:29,089][INFO][WAL][CollectionFlushed][wal_thread]  is flushed by lsn 0
[2020-12-30 14:34:30,094][INFO][WAL][CollectionFlushed][wal_thread]  is flushed by lsn 0
[2020-12-30 14:34:31,097][INFO][WAL][CollectionFlushed][wal_thread]  is flushed by lsn 0
[2020-12-30 14:34:32,098][INFO][WAL][CollectionFlushed][wal_thread]  is flushed by lsn 0
[2020-12-30 14:34:33,101][INFO][WAL][CollectionFlushed][wal_thread]  is flushed by lsn 0
[2020-12-30 14:34:34,104][INFO][WAL][CollectionFlushed][wal_thread]  is flushed by lsn 0
[2020-12-30 14:34:35,107][INFO][WAL][CollectionFlushed][wal_thread]  is flushed by lsn 0
[2020-12-30 14:34:36,108][INFO][WAL][CollectionFlushed][wal_thread]  is flushed by lsn 0
[2020-12-30 14:34:37,112][INFO][WAL][CollectionFlushed][wal_thread]  is flushed by lsn 0
[2020-12-30 14:34:38,115][INFO][WAL][CollectionFlushed][wal_thread]  is flushed by lsn 0
[2020-12-30 14:34:39,118][INFO][WAL][CollectionFlushed][wal_thread]  is flushed by lsn 0
[2020-12-30 14:34:40,121][INFO][WAL][CollectionFlushed][wal_thread]  is flushed by lsn 0
[2020-12-30 14:34:41,124][INFO][WAL][CollectionFlushed][wal_thread]  is flushed by lsn 0
[2020-12-30 14:34:42,128][INFO][WAL][CollectionFlushed][wal_thread]  is flushed by lsn 0
[2020-12-30 14:34:43,132][INFO][WAL][CollectionFlushed][wal_thread]  is flushed by lsn 0
[2020-12-30 14:34:44,135][INFO][WAL][CollectionFlushed][wal_thread]  is flushed by lsn 0
[2020-12-30 14:34:45,138][INFO][WAL][CollectionFlushed][wal_thread]  is flushed by lsn 0
[2020-12-30 14:34:46,139][INFO][WAL][CollectionFlushed][wal_thread]  is flushed by lsn 0
[2020-12-30 14:34:47,142][INFO][WAL][CollectionFlushed][wal_thread]  is flushed by lsn 0
[2020-12-30 14:34:48,145][INFO][WAL][CollectionFlushed][wal_thread]  is flushed by lsn 0
[2020-12-30 14:34:49,146][INFO][WAL][CollectionFlushed][wal_thread]  is flushed by lsn 0
[2020-12-30 14:34:50,147][INFO][WAL][CollectionFlushed][wal_thread]  is flushed by lsn 0
[2020-12-30 14:34:51,149][INFO][WAL][CollectionFlushed][wal_thread]  is flushed by lsn 0
[2020-12-30 14:34:52,153][INFO][WAL][CollectionFlushed][wal_thread]  is flushed by lsn 0
[2020-12-30 14:34:53,154][INFO][WAL][CollectionFlushed][wal_thread]  is flushed by lsn 0
[2020-12-30 14:34:54,155][INFO][WAL][CollectionFlushed][wal_thread]  is flushed by lsn 0
[2020-12-30 14:34:55,156][INFO][WAL][CollectionFlushed][wal_thread]  is flushed by lsn 0
[2020-12-30 14:34:56,158][INFO][WAL][CollectionFlushed][wal_thread]  is flushed by lsn 0
[2020-12-30 14:34:57,159][INFO][WAL][CollectionFlushed][wal_thread]  is flushed by lsn 0
[2020-12-30 14:34:58,160][INFO][WAL][CollectionFlushed][wal_thread]  is flushed by lsn 0
[2020-12-30 14:34:59,162][INFO][WAL][CollectionFlushed][wal_thread]  is flushed by lsn 0
[2020-12-30 14:35:00,163][INFO][WAL][CollectionFlushed][wal_thread]  is flushed by lsn 0
[2020-12-30 14:35:01,165][INFO][WAL][CollectionFlushed][wal_thread]  is flushed by lsn 0
[2020-12-30 14:35:02,166][INFO][WAL][CollectionFlushed][wal_thread]  is flushed by lsn 0
[2020-12-30 14:35:03,167][INFO][WAL][CollectionFlushed][wal_thread]  is flushed by lsn 0
[2020-12-30 14:35:04,169][INFO][WAL][CollectionFlushed][wal_thread]  is flushed by lsn 0
[2020-12-30 14:35:05,172][INFO][WAL][CollectionFlushed][wal_thread]  is flushed by lsn 0
[2020-12-30 14:35:06,176][INFO][WAL][CollectionFlushed][wal_thread]  is flushed by lsn 0
[2020-12-30 14:35:07,177][INFO][WAL][CollectionFlushed][wal_thread]  is flushed by lsn 0
[2020-12-30 14:35:08,181][INFO][WAL][CollectionFlushed][wal_thread]  is flushed by lsn 0
[2020-12-30 14:35:09,184][INFO][WAL][CollectionFlushed][wal_thread]  is flushed by lsn 0
[2020-12-30 14:35:10,188][INFO][WAL][CollectionFlushed][wal_thread]  is flushed by lsn 0
[2020-12-30 14:35:11,192][INFO][WAL][CollectionFlushed][wal_thread]  is flushed by lsn 0
[2020-12-30 14:35:12,194][INFO][WAL][CollectionFlushed][wal_thread]  is flushed by lsn 0
[2020-12-30 14:35:13,196][INFO][WAL][CollectionFlushed][wal_thread]  is flushed by lsn 0
[2020-12-30 14:35:14,199][INFO][WAL][CollectionFlushed][wal_thread]  is flushed by lsn 0
[2020-12-30 14:35:15,200][INFO][WAL][CollectionFlushed][wal_thread]  is flushed by lsn 0
[2020-12-30 14:35:16,202][INFO][WAL][CollectionFlushed][wal_thread]  is flushed by lsn 0
[2020-12-30 14:35:17,203][INFO][WAL][CollectionFlushed][wal_thread]  is flushed by lsn 0
[2020-12-30 14:35:18,205][INFO][WAL][CollectionFlushed][wal_thread]  is flushed by lsn 0
[2020-12-30 14:35:19,206][INFO][WAL][CollectionFlushed][wal_thread]  is flushed by lsn 0
[2020-12-30 14:35:20,207][INFO][WAL][CollectionFlushed][wal_thread]  is flushed by lsn 0
[2020-12-30 14:35:21,209][INFO][WAL][CollectionFlushed][wal_thread]  is flushed by lsn 0
[2020-12-30 14:35:22,210][INFO][WAL][CollectionFlushed][wal_thread]  is flushed by lsn 0
[2020-12-30 14:35:23,214][INFO][WAL][CollectionFlushed][wal_thread]  is flushed by lsn 0
[2020-12-30 14:35:24,217][INFO][WAL][CollectionFlushed][wal_thread]  is flushed by lsn 0
[2020-12-30 14:35:25,220][INFO][WAL][CollectionFlushed][wal_thread]  is flushed by lsn 0
[2020-12-30 14:35:26,224][INFO][WAL][CollectionFlushed][wal_thread]  is flushed by lsn 0
[2020-12-30 14:35:27,226][INFO][WAL][CollectionFlushed][wal_thread]  is flushed by lsn 0
[2020-12-30 14:35:28,228][INFO][WAL][CollectionFlushed][wal_thread]  is flushed by lsn 0
[2020-12-30 14:35:29,230][INFO][WAL][CollectionFlushed][wal_thread]  is flushed by lsn 0
[2020-12-30 14:35:30,231][INFO][WAL][CollectionFlushed][wal_thread]  is flushed by lsn 0
[2020-12-30 14:35:31,234][INFO][WAL][CollectionFlushed][wal_thread]  is flushed by lsn 0
[2020-12-30 14:35:32,236][INFO][WAL][CollectionFlushed][wal_thread]  is flushed by lsn 0
[2020-12-30 14:35:33,240][INFO][WAL][CollectionFlushed][wal_thread]  is flushed by lsn 0
[2020-12-30 14:35:34,243][INFO][WAL][CollectionFlushed][wal_thread]  is flushed by lsn 0
[2020-12-30 14:35:35,246][INFO][WAL][CollectionFlushed][wal_thread]  is flushed by lsn 0
[2020-12-30 14:35:36,249][INFO][WAL][CollectionFlushed][wal_thread]  is flushed by lsn 0
[2020-12-30 14:35:37,252][INFO][WAL][CollectionFlushed][wal_thread]  is flushed by lsn 0
[2020-12-30 14:35:38,255][INFO][WAL][CollectionFlushed][wal_thread]  is flushed by lsn 0
[2020-12-30 14:35:39,256][INFO][WAL][CollectionFlushed][wal_thread]  is flushed by lsn 0
[2020-12-30 14:35:40,259][INFO][WAL][CollectionFlushed][wal_thread]  is flushed by lsn 0
[2020-12-30 14:35:41,262][INFO][WAL][CollectionFlushed][wal_thread]  is flushed by lsn 0
[2020-12-30 14:35:42,265][INFO][WAL][CollectionFlushed][wal_thread]  is flushed by lsn 0
[2020-12-30 14:35:43,269][INFO][WAL][CollectionFlushed][wal_thread]  is flushed by lsn 0
[2020-12-30 14:35:44,272][INFO][WAL][CollectionFlushed][wal_thread]  is flushed by lsn 0
[2020-12-30 14:35:45,275][INFO][WAL][CollectionFlushed][wal_thread]  is flushed by lsn 0
[2020-12-30 14:35:46,278][INFO][WAL][CollectionFlushed][wal_thread]  is flushed by lsn 0
[2020-12-30 14:35:47,281][INFO][WAL][CollectionFlushed][wal_thread]  is flushed by lsn 0
[2020-12-30 14:35:48,285][INFO][WAL][CollectionFlushed][wal_thread]  is flushed by lsn 0
[2020-12-30 14:35:49,288][INFO][WAL][CollectionFlushed][wal_thread]  is flushed by lsn 0
[2020-12-30 14:35:50,291][INFO][WAL][CollectionFlushed][wal_thread]  is flushed by lsn 0
[2020-12-30 14:35:51,293][INFO][WAL][CollectionFlushed][wal_thread]  is flushed by lsn 0
[2020-12-30 14:35:52,296][INFO][WAL][CollectionFlushed][wal_thread]  is flushed by lsn 0
[2020-12-30 14:35:53,298][INFO][WAL][CollectionFlushed][wal_thread]  is flushed by lsn 0
[2020-12-30 14:35:54,300][INFO][WAL][CollectionFlushed][wal_thread]  is flushed by lsn 0
[2020-12-30 14:35:55,302][INFO][WAL][CollectionFlushed][wal_thread]  is flushed by lsn 0
[2020-12-30 14:35:56,304][INFO][WAL][CollectionFlushed][wal_thread]  is flushed by lsn 0
[2020-12-30 14:35:57,305][INFO][WAL][CollectionFlushed][wal_thread]  is flushed by lsn 0
[2020-12-30 14:35:58,309][INFO][WAL][CollectionFlushed][wal_thread]  is flushed by lsn 0
[2020-12-30 14:35:59,310][INFO][WAL][CollectionFlushed][wal_thread]  is flushed by lsn 0
[2020-12-30 14:36:00,311][INFO][WAL][CollectionFlushed][wal_thread]  is flushed by lsn 0
[2020-12-30 14:36:01,314][INFO][WAL][CollectionFlushed][wal_thread]  is flushed by lsn 0
[2020-12-30 14:36:02,317][INFO][WAL][CollectionFlushed][wal_thread]  is flushed by lsn 0
[2020-12-30 14:36:03,320][INFO][WAL][CollectionFlushed][wal_thread]  is flushed by lsn 0
[2020-12-30 14:36:04,321][INFO][WAL][CollectionFlushed][wal_thread]  is flushed by lsn 0
[2020-12-30 14:36:05,325][INFO][WAL][CollectionFlushed][wal_thread]  is flushed by lsn 0
[2020-12-30 14:36:06,328][INFO][WAL][CollectionFlushed][wal_thread]  is flushed by lsn 0
[2020-12-30 14:36:07,331][INFO][WAL][CollectionFlushed][wal_thread]  is flushed by lsn 0
[2020-12-30 14:36:08,334][INFO][WAL][CollectionFlushed][wal_thread]  is flushed by lsn 0
[2020-12-30 14:36:09,337][INFO][WAL][CollectionFlushed][wal_thread]  is flushed by lsn 0
[2020-12-30 14:36:10,341][INFO][WAL][CollectionFlushed][wal_thread]  is flushed by lsn 0
[2020-12-30 14:36:11,345][INFO][WAL][CollectionFlushed][wal_thread]  is flushed by lsn 0
[2020-12-30 14:36:12,349][INFO][WAL][CollectionFlushed][wal_thread]  is flushed by lsn 0
[2020-12-30 14:36:13,352][INFO][WAL][CollectionFlushed][wal_thread]  is flushed by lsn 0
[2020-12-30 14:36:14,355][INFO][WAL][CollectionFlushed][wal_thread]  is flushed by lsn 0
[2020-12-30 14:36:15,358][INFO][WAL][CollectionFlushed][wal_thread]  is flushed by lsn 0
[2020-12-30 14:36:16,361][INFO][WAL][CollectionFlushed][wal_thread]  is flushed by lsn 0
[2020-12-30 14:36:17,366][INFO][WAL][CollectionFlushed][wal_thread]  is flushed by lsn 0
[2020-12-30 14:36:18,370][INFO][WAL][CollectionFlushed][wal_thread]  is flushed by lsn 0
[2020-12-30 14:36:19,373][INFO][WAL][CollectionFlushed][wal_thread]  is flushed by lsn 0
[2020-12-30 14:36:20,377][INFO][WAL][CollectionFlushed][wal_thread]  is flushed by lsn 0
[2020-12-30 14:36:21,379][INFO][WAL][CollectionFlushed][wal_thread]  is flushed by lsn 0
[2020-12-30 14:36:22,381][INFO][WAL][CollectionFlushed][wal_thread]  is flushed by lsn 0
[2020-12-30 14:36:23,382][INFO][WAL][CollectionFlushed][wal_thread]  is flushed by lsn 0
[2020-12-30 14:36:24,384][INFO][WAL][CollectionFlushed][wal_thread]  is flushed by lsn 0
[2020-12-30 14:36:25,387][INFO][WAL][CollectionFlushed][wal_thread]  is flushed by lsn 0
[2020-12-30 14:36:26,390][INFO][WAL][CollectionFlushed][wal_thread]  is flushed by lsn 0
[2020-12-30 14:36:27,393][INFO][WAL][CollectionFlushed][wal_thread]  is flushed by lsn 0
[2020-12-30 14:36:28,396][INFO][WAL][CollectionFlushed][wal_thread]  is flushed by lsn 0
[2020-12-30 14:36:29,398][INFO][WAL][CollectionFlushed][wal_thread]  is flushed by lsn 0
[2020-12-30 14:36:30,401][INFO][WAL][CollectionFlushed][wal_thread]  is flushed by lsn 0
[2020-12-30 14:36:31,402][INFO][WAL][CollectionFlushed][wal_thread]  is flushed by lsn 0
[2020-12-30 14:36:32,404][INFO][WAL][CollectionFlushed][wal_thread]  is flushed by lsn 0
[2020-12-30 14:36:33,405][INFO][WAL][CollectionFlushed][wal_thread]  is flushed by lsn 0
[2020-12-30 14:36:34,406][INFO][WAL][CollectionFlushed][wal_thread]  is flushed by lsn 0
[2020-12-30 14:36:35,409][INFO][WAL][CollectionFlushed][wal_thread]  is flushed by lsn 0
[2020-12-30 14:36:36,412][INFO][WAL][CollectionFlushed][wal_thread]  is flushed by lsn 0
[2020-12-30 14:36:37,413][INFO][WAL][CollectionFlushed][wal_thread]  is flushed by lsn 0
[2020-12-30 14:36:38,414][INFO][WAL][CollectionFlushed][wal_thread]  is flushed by lsn 0
[2020-12-30 14:36:39,415][INFO][WAL][CollectionFlushed][wal_thread]  is flushed by lsn 0
[2020-12-30 14:36:40,416][INFO][WAL][CollectionFlushed][wal_thread]  is flushed by lsn 0
[2020-12-30 14:36:41,418][INFO][WAL][CollectionFlushed][wal_thread]  is flushed by lsn 0
[2020-12-30 14:36:42,421][INFO][WAL][CollectionFlushed][wal_thread]  is flushed by lsn 0
[2020-12-30 14:36:43,424][INFO][WAL][CollectionFlushed][wal_thread]  is flushed by lsn 0
[2020-12-30 14:36:44,427][INFO][WAL][CollectionFlushed][wal_thread]  is flushed by lsn 0
[2020-12-30 14:36:45,430][INFO][WAL][CollectionFlushed][wal_thread]  is flushed by lsn 0
[2020-12-30 14:36:46,431][INFO][WAL][CollectionFlushed][wal_thread]  is flushed by lsn 0
[2020-12-30 14:36:47,432][INFO][WAL][CollectionFlushed][wal_thread]  is flushed by lsn 0
[2020-12-30 14:36:48,435][INFO][WAL][CollectionFlushed][wal_thread]  is flushed by lsn 0
[2020-12-30 14:36:49,436][INFO][WAL][CollectionFlushed][wal_thread]  is flushed by lsn 0
[2020-12-30 14:36:50,437][INFO][WAL][CollectionFlushed][wal_thread]  is flushed by lsn 0
[2020-12-30 14:36:51,440][INFO][WAL][CollectionFlushed][wal_thread]  is flushed by lsn 0
[2020-12-30 14:36:52,441][INFO][WAL][CollectionFlushed][wal_thread]  is flushed by lsn 0
[2020-12-30 14:36:53,442][INFO][WAL][CollectionFlushed][wal_thread]  is flushed by lsn 0
[2020-12-30 14:36:54,444][INFO][WAL][CollectionFlushed][wal_thread]  is flushed by lsn 0
[2020-12-30 14:36:55,447][INFO][WAL][CollectionFlushed][wal_thread]  is flushed by lsn 0
[2020-12-30 14:36:56,448][INFO][WAL][CollectionFlushed][wal_thread]  is flushed by lsn 0
[2020-12-30 14:36:57,451][INFO][WAL][CollectionFlushed][wal_thread]  is flushed by lsn 0
[2020-12-30 14:36:58,453][INFO][WAL][CollectionFlushed][wal_thread]  is flushed by lsn 0
[2020-12-30 14:36:59,454][INFO][WAL][CollectionFlushed][wal_thread]  is flushed by lsn 0
[2020-12-30 14:37:00,458][INFO][WAL][CollectionFlushed][wal_thread]  is flushed by lsn 0
[2020-12-30 14:37:01,460][INFO][WAL][CollectionFlushed][wal_thread]  is flushed by lsn 0
[2020-12-30 14:37:02,464][INFO][WAL][CollectionFlushed][wal_thread]  is flushed by lsn 0
[2020-12-30 14:37:03,467][INFO][WAL][CollectionFlushed][wal_thread]  is flushed by lsn 0
[2020-12-30 14:37:04,469][INFO][WAL][CollectionFlushed][wal_thread]  is flushed by lsn 0
[2020-12-30 14:37:05,470][INFO][WAL][CollectionFlushed][wal_thread]  is flushed by lsn 0
[2020-12-30 14:37:06,473][INFO][WAL][CollectionFlushed][wal_thread]  is flushed by lsn 0
[2020-12-30 14:37:07,476][INFO][WAL][CollectionFlushed][wal_thread]  is flushed by lsn 0
[2020-12-30 14:37:08,479][INFO][WAL][CollectionFlushed][wal_thread]  is flushed by lsn 0
[2020-12-30 14:37:09,480][INFO][WAL][CollectionFlushed][wal_thread]  is flushed by lsn 0
[2020-12-30 14:37:10,481][INFO][WAL][CollectionFlushed][wal_thread]  is flushed by lsn 0
[2020-12-30 14:37:11,484][INFO][WAL][CollectionFlushed][wal_thread]  is flushed by lsn 0
[2020-12-30 14:37:12,487][INFO][WAL][CollectionFlushed][wal_thread]  is flushed by lsn 0
[2020-12-30 14:37:13,490][INFO][WAL][CollectionFlushed][wal_thread]  is flushed by lsn 0
[2020-12-30 14:37:14,493][INFO][WAL][CollectionFlushed][wal_thread]  is flushed by lsn 0
[2020-12-30 14:37:15,495][INFO][WAL][CollectionFlushed][wal_thread]  is flushed by lsn 0
[2020-12-30 14:37:16,497][INFO][WAL][CollectionFlushed][wal_thread]  is flushed by lsn 0
[2020-12-30 14:37:17,498][INFO][WAL][CollectionFlushed][wal_thread]  is flushed by lsn 0
[2020-12-30 14:37:18,501][INFO][WAL][CollectionFlushed][wal_thread]  is flushed by lsn 0
[2020-12-30 14:37:19,502][INFO][WAL][CollectionFlushed][wal_thread]  is flushed by lsn 0
[2020-12-30 14:37:20,503][INFO][WAL][CollectionFlushed][wal_thread]  is flushed by lsn 0
[2020-12-30 14:37:21,505][INFO][WAL][CollectionFlushed][wal_thread]  is flushed by lsn 0
[2020-12-30 14:37:22,507][INFO][WAL][CollectionFlushed][wal_thread]  is flushed by lsn 0
[2020-12-30 14:37:23,511][INFO][WAL][CollectionFlushed][wal_thread]  is flushed by lsn 0
[2020-12-30 14:37:24,512][INFO][WAL][CollectionFlushed][wal_thread]  is flushed by lsn 0
[2020-12-30 14:37:25,514][INFO][WAL][CollectionFlushed][wal_thread]  is flushed by lsn 0
[2020-12-30 14:37:26,516][INFO][WAL][CollectionFlushed][wal_thread]  is flushed by lsn 0
[2020-12-30 14:37:27,517][INFO][WAL][CollectionFlushed][wal_thread]  is flushed by lsn 0
[2020-12-30 14:37:28,519][INFO][WAL][CollectionFlushed][wal_thread]  is flushed by lsn 0
[2020-12-30 14:37:29,521][INFO][WAL][CollectionFlushed][wal_thread]  is flushed by lsn 0
[2020-12-30 14:37:30,522][INFO][WAL][CollectionFlushed][wal_thread]  is flushed by lsn 0
[2020-12-30 14:37:31,525][INFO][WAL][CollectionFlushed][wal_thread]  is flushed by lsn 0
[2020-12-30 14:37:32,528][INFO][WAL][CollectionFlushed][wal_thread]  is flushed by lsn 0
[2020-12-30 14:37:33,531][INFO][WAL][CollectionFlushed][wal_thread]  is flushed by lsn 0
[2020-12-30 14:37:34,534][INFO][WAL][CollectionFlushed][wal_thread]  is flushed by lsn 0
[2020-12-30 14:37:35,537][INFO][WAL][CollectionFlushed][wal_thread]  is flushed by lsn 0
[2020-12-30 14:37:36,541][INFO][WAL][CollectionFlushed][wal_thread]  is flushed by lsn 0
[2020-12-30 14:37:37,544][INFO][WAL][CollectionFlushed][wal_thread]  is flushed by lsn 0
[2020-12-30 14:37:38,547][INFO][WAL][CollectionFlushed][wal_thread]  is flushed by lsn 0
[2020-12-30 14:37:39,551][INFO][WAL][CollectionFlushed][wal_thread]  is flushed by lsn 0
[2020-12-30 14:37:40,554][INFO][WAL][CollectionFlushed][wal_thread]  is flushed by lsn 0
[2020-12-30 14:37:41,557][INFO][WAL][CollectionFlushed][wal_thread]  is flushed by lsn 0
[2020-12-30 14:37:42,558][INFO][WAL][CollectionFlushed][wal_thread]  is flushed by lsn 0
[2020-12-30 14:37:43,559][INFO][WAL][CollectionFlushed][wal_thread]  is flushed by lsn 0
[2020-12-30 14:37:44,560][INFO][WAL][CollectionFlushed][wal_thread]  is flushed by lsn 0
[2020-12-30 14:37:45,561][INFO][WAL][CollectionFlushed][wal_thread]  is flushed by lsn 0
[2020-12-30 14:37:46,564][INFO][WAL][CollectionFlushed][wal_thread]  is flushed by lsn 0
[2020-12-30 14:37:47,566][INFO][WAL][CollectionFlushed][wal_thread]  is flushed by lsn 0
[2020-12-30 14:37:48,567][INFO][WAL][CollectionFlushed][wal_thread]  is flushed by lsn 0
[2020-12-30 14:37:49,570][INFO][WAL][CollectionFlushed][wal_thread]  is flushed by lsn 0
[2020-12-30 14:37:50,572][INFO][WAL][CollectionFlushed][wal_thread]  is flushed by lsn 0
[2020-12-30 14:37:51,573][INFO][WAL][CollectionFlushed][wal_thread]  is flushed by lsn 0
[2020-12-30 14:37:52,574][INFO][WAL][CollectionFlushed][wal_thread]  is flushed by lsn 0
[2020-12-30 14:37:53,575][INFO][WAL][CollectionFlushed][wal_thread]  is flushed by lsn 0
[2020-12-30 14:37:54,577][INFO][WAL][CollectionFlushed][wal_thread]  is flushed by lsn 0
[2020-12-30 14:37:55,578][INFO][WAL][CollectionFlushed][wal_thread]  is flushed by lsn 0
[2020-12-30 14:37:56,590][INFO][WAL][CollectionFlushed][wal_thread]  is flushed by lsn 0
[2020-12-30 14:37:57,591][INFO][WAL][CollectionFlushed][wal_thread]  is flushed by lsn 0
[2020-12-30 14:37:58,592][INFO][WAL][CollectionFlushed][wal_thread]  is flushed by lsn 0
[2020-12-30 14:37:59,593][INFO][WAL][CollectionFlushed][wal_thread]  is flushed by lsn 0
[2020-12-30 14:38:00,594][INFO][WAL][CollectionFlushed][wal_thread]  is flushed by lsn 0
[2020-12-30 14:38:01,595][INFO][WAL][CollectionFlushed][wal_thread]  is flushed by lsn 0
[2020-12-30 14:38:02,597][INFO][WAL][CollectionFlushed][wal_thread]  is flushed by lsn 0
[2020-12-30 14:38:03,599][INFO][WAL][CollectionFlushed][wal_thread]  is flushed by lsn 0
[2020-12-30 14:38:04,602][INFO][WAL][CollectionFlushed][wal_thread]  is flushed by lsn 0
[2020-12-30 14:38:05,605][INFO][WAL][CollectionFlushed][wal_thread]  is flushed by lsn 0
[2020-12-30 14:38:06,610][INFO][WAL][CollectionFlushed][wal_thread]  is flushed by lsn 0
