[2020-12-29 09:35:11,735][INFO][SERVER][Check][milvus_server] InstanceLockCheck passed.
[2020-12-29 09:35:11,736][INFO][SERVER][Check][milvus_server] InstanceLockCheck passed.
[2020-12-29 09:35:11,736][INFO][SERVER][Start][milvus_server] Milvus Release version: v0.9.1, built at 2020-05-28 17:39.31
[2020-12-29 09:35:11,737][INFO][SERVER][Start][milvus_server] CPU edition
[2020-12-29 09:35:11,737][INFO][SERVER][CheckCpuInstructionSet][milvus_server] Supported CPU instruction sets: avx2, sse4_2
[2020-12-29 09:35:11,739][INFO][SERVER][LogConfigInFile][milvus_server] 

***************Config in file***************

version: 0.4
server_config:
  address: 0.0.0.0
  port: 19530
  deploy_mode: single
  time_zone: UTC+8
  web_enable: true
  web_port: 19121
db_config:
  backend_url: sqlite://:@:/
  preload_collection: ~
  auto_flush_interval: 1
storage_config:
  primary_path: /var/lib/milvus
  secondary_path: ~
  file_cleanup_timeout: 10
metric_config:
  enable_monitor: false
  address: 127.0.0.1
  port: 9091
cache_config:
  cpu_cache_capacity: 1
  insert_buffer_size: 1
  cache_insert_data: false
engine_config:
  use_blas_threshold: 1100
  gpu_search_threshold: 1000
gpu_resource_config:
  enable: false
  cache_capacity: 1
  search_resources:
    - gpu0
  build_index_resources:
    - gpu0
tracing_config:
  json_config_path: ~
wal_config:
  enable: true
  recovery_error_ignore: true
  buffer_size: 256
  wal_path: /var/lib/milvus/wal
logs:
  trace.enable: true
  debug.enable: true
  info.enable: true
  warning.enable: true
  error.enable: true
  fatal.enable: true
  path: /var/lib/milvus/logs
  max_log_file_size: 1024
  log_rotate_num: 0
[2020-12-29 09:35:11,751][INFO][SERVER][LogCpuInfo][milvus_server] 

***************CPU***************

processor	: 1
vendor_id	: GenuineIntel
cpu family	: 6
model		: 142
model name	: Intel(R) Core(TM) i5-8250U CPU @ 1.60GHz
stepping	: 10
microcode	: 0xffffffff
cpu MHz		: 1799.999
cache size	: 6144 KB
physical id	: 0
siblings	: 2
core id		: 0
cpu cores	: 1
apicid		: 1
initial apicid	: 1
fpu		: yes
fpu_exception	: yes
cpuid level	: 21
wp		: yes
flags		: fpu vme de pse tsc msr pae mce cx8 apic sep mtrr pge mca cmov pat pse36 clflush mmx fxsr sse sse2 ss ht syscall nx pdpe1gb rdtscp lm constant_tsc rep_good nopl xtopology cpuid pni pclmulqdq ssse3 fma cx16 pcid sse4_1 sse4_2 movbe popcnt aes xsave avx f16c rdrand hypervisor lahf_lm abm 3dnowprefetch invpcid_single ssbd ibrs ibpb stibp fsgsbase bmi1 avx2 smep bmi2 erms invpcid mpx rdseed adx smap clflushopt xsaveopt xsavec xgetbv1 xsaves flush_l1d arch_capabilities
bugs		: cpu_meltdown spectre_v1 spectre_v2 spec_store_bypass l1tf mds swapgs itlb_multihit
bogomips	: 3599.99
clflush size	: 64
cache_alignment	: 64
address sizes	: 39 bits physical, 48 bits virtual
power management:


[2020-12-29 09:35:11,751][INFO][SERVER][LogConfigInMem][milvus_server] 

***************Config in memory***************

{
   "cache_config": {
      "cache_insert_data": "false",
      "cpu_cache_capacity": "1",
      "cpu_cache_threshold": "0.7",
      "insert_buffer_size": "1"
   },
   "db_config": {
      "archive_days_threshold": "0",
      "archive_disk_threshold": "0",
      "auto_flush_interval": "1",
      "backend_url": "sqlite://:@:/",
      "preload_collection": ""
   },
   "engine_config": {
      "omp_thread_num": "0",
      "simd_type": "auto",
      "use_blas_threshold": "1100"
   },
   "logs": {
      "debug.enable": "true",
      "error.enable": "true",
      "fatal.enable": "true",
      "info.enable": "true",
      "log_rotate_num": "0",
      "max_log_file_size": "1024",
      "path": "/var/lib/milvus/logs",
      "trace.enable": "true",
      "warning.enable": "true"
   },
   "metric_config": {
      "address": "127.0.0.1",
      "enable_monitor": "false",
      "port": "9091"
   },
   "server_config": {
      "address": "0.0.0.0",
      "deploy_mode": "single",
      "port": "19530",
      "time_zone": "UTC+8",
      "web_enable": "true",
      "web_port": "19121"
   },
   "storage_config": {
      "primary_path": "/var/lib/milvus",
      "secondary_path": ""
   },
   "tracing_config": {
      "json_config_path": ""
   },
   "wal_config": {
      "buffer_size": "256",
      "enable": "true",
      "recovery_error_ignore": "true",
      "wal_path": "/var/lib/milvus/wal"
   }
}
[2020-12-29 09:35:11,753][INFO][ENGINE][Build][milvus_server] Using SQLite
[2020-12-29 09:35:12,822][INFO][WAL][CollectionFlushed][wal_thread]  is flushed by lsn 0
[2020-12-29 09:35:13,824][INFO][WAL][CollectionFlushed][wal_thread]  is flushed by lsn 0
[2020-12-29 09:35:14,825][INFO][WAL][CollectionFlushed][wal_thread]  is flushed by lsn 0
[2020-12-29 09:35:15,827][INFO][WAL][CollectionFlushed][wal_thread]  is flushed by lsn 0
[2020-12-29 09:35:16,829][INFO][WAL][CollectionFlushed][wal_thread]  is flushed by lsn 0
[2020-12-29 09:35:17,833][INFO][WAL][CollectionFlushed][wal_thread]  is flushed by lsn 0
[2020-12-29 09:35:18,836][INFO][WAL][CollectionFlushed][wal_thread]  is flushed by lsn 0
[2020-12-29 09:35:19,839][INFO][WAL][CollectionFlushed][wal_thread]  is flushed by lsn 0
[2020-12-29 09:35:20,843][INFO][WAL][CollectionFlushed][wal_thread]  is flushed by lsn 0
[2020-12-29 09:35:21,846][INFO][WAL][CollectionFlushed][wal_thread]  is flushed by lsn 0
[2020-12-29 09:35:22,851][INFO][WAL][CollectionFlushed][wal_thread]  is flushed by lsn 0
[2020-12-29 09:35:23,854][INFO][WAL][CollectionFlushed][wal_thread]  is flushed by lsn 0
[2020-12-29 09:35:24,856][INFO][WAL][CollectionFlushed][wal_thread]  is flushed by lsn 0
[2020-12-29 09:35:25,859][INFO][WAL][CollectionFlushed][wal_thread]  is flushed by lsn 0
[2020-12-29 09:35:26,863][INFO][WAL][CollectionFlushed][wal_thread]  is flushed by lsn 0
[2020-12-29 09:35:27,865][INFO][WAL][CollectionFlushed][wal_thread]  is flushed by lsn 0
[2020-12-29 09:35:28,866][INFO][WAL][CollectionFlushed][wal_thread]  is flushed by lsn 0
[2020-12-29 09:35:29,868][INFO][WAL][CollectionFlushed][wal_thread]  is flushed by lsn 0
[2020-12-29 09:35:30,870][INFO][WAL][CollectionFlushed][wal_thread]  is flushed by lsn 0
[2020-12-29 09:35:31,871][INFO][WAL][CollectionFlushed][wal_thread]  is flushed by lsn 0
[2020-12-29 09:35:32,873][INFO][WAL][CollectionFlushed][wal_thread]  is flushed by lsn 0
[2020-12-29 09:35:33,874][INFO][WAL][CollectionFlushed][wal_thread]  is flushed by lsn 0
[2020-12-29 09:35:34,877][INFO][WAL][CollectionFlushed][wal_thread]  is flushed by lsn 0
[2020-12-29 09:35:35,879][INFO][WAL][CollectionFlushed][wal_thread]  is flushed by lsn 0
[2020-12-29 09:35:36,881][INFO][WAL][CollectionFlushed][wal_thread]  is flushed by lsn 0
[2020-12-29 09:35:37,883][INFO][WAL][CollectionFlushed][wal_thread]  is flushed by lsn 0
[2020-12-29 09:35:38,886][INFO][WAL][CollectionFlushed][wal_thread]  is flushed by lsn 0
[2020-12-29 09:35:39,888][INFO][WAL][CollectionFlushed][wal_thread]  is flushed by lsn 0
[2020-12-29 09:35:40,892][INFO][WAL][CollectionFlushed][wal_thread]  is flushed by lsn 0
[2020-12-29 09:35:41,894][INFO][WAL][CollectionFlushed][wal_thread]  is flushed by lsn 0
[2020-12-29 09:35:42,895][INFO][WAL][CollectionFlushed][wal_thread]  is flushed by lsn 0
[2020-12-29 09:35:43,897][INFO][WAL][CollectionFlushed][wal_thread]  is flushed by lsn 0
[2020-12-29 09:35:44,898][INFO][WAL][CollectionFlushed][wal_thread]  is flushed by lsn 0
[2020-12-29 09:35:45,902][INFO][WAL][CollectionFlushed][wal_thread]  is flushed by lsn 0
[2020-12-29 09:35:46,905][INFO][WAL][CollectionFlushed][wal_thread]  is flushed by lsn 0
[2020-12-29 09:35:47,909][INFO][WAL][CollectionFlushed][wal_thread]  is flushed by lsn 0
[2020-12-29 09:35:48,913][INFO][WAL][CollectionFlushed][wal_thread]  is flushed by lsn 0
[2020-12-29 09:35:49,916][INFO][WAL][CollectionFlushed][wal_thread]  is flushed by lsn 0
[2020-12-29 09:35:50,920][INFO][WAL][CollectionFlushed][wal_thread]  is flushed by lsn 0
[2020-12-29 09:35:51,924][INFO][WAL][CollectionFlushed][wal_thread]  is flushed by lsn 0
[2020-12-29 09:35:52,927][INFO][WAL][CollectionFlushed][wal_thread]  is flushed by lsn 0
[2020-12-29 09:35:53,930][INFO][WAL][CollectionFlushed][wal_thread]  is flushed by lsn 0
[2020-12-29 09:35:54,933][INFO][WAL][CollectionFlushed][wal_thread]  is flushed by lsn 0
[2020-12-29 09:35:55,937][INFO][WAL][CollectionFlushed][wal_thread]  is flushed by lsn 0
[2020-12-29 09:35:56,942][INFO][WAL][CollectionFlushed][wal_thread]  is flushed by lsn 0
[2020-12-29 09:35:57,946][INFO][WAL][CollectionFlushed][wal_thread]  is flushed by lsn 0
[2020-12-29 09:35:58,949][INFO][WAL][CollectionFlushed][wal_thread]  is flushed by lsn 0
[2020-12-29 09:35:59,951][INFO][WAL][CollectionFlushed][wal_thread]  is flushed by lsn 0
[2020-12-29 09:36:00,954][INFO][WAL][CollectionFlushed][wal_thread]  is flushed by lsn 0
[2020-12-29 09:36:01,957][INFO][WAL][CollectionFlushed][wal_thread]  is flushed by lsn 0
[2020-12-29 09:36:02,960][INFO][WAL][CollectionFlushed][wal_thread]  is flushed by lsn 0
[2020-12-29 09:36:03,964][INFO][WAL][CollectionFlushed][wal_thread]  is flushed by lsn 0
[2020-12-29 09:36:04,968][INFO][WAL][CollectionFlushed][wal_thread]  is flushed by lsn 0
[2020-12-29 09:36:05,972][INFO][WAL][CollectionFlushed][wal_thread]  is flushed by lsn 0
[2020-12-29 09:36:06,976][INFO][WAL][CollectionFlushed][wal_thread]  is flushed by lsn 0
[2020-12-29 09:36:07,980][INFO][WAL][CollectionFlushed][wal_thread]  is flushed by lsn 0
[2020-12-29 09:36:08,983][INFO][WAL][CollectionFlushed][wal_thread]  is flushed by lsn 0
[2020-12-29 09:36:09,986][INFO][WAL][CollectionFlushed][wal_thread]  is flushed by lsn 0
[2020-12-29 09:36:10,990][INFO][WAL][CollectionFlushed][wal_thread]  is flushed by lsn 0
[2020-12-29 09:36:11,993][INFO][WAL][CollectionFlushed][wal_thread]  is flushed by lsn 0
