[2020-12-28 15:53:58,762][INFO][SERVER][Check][milvus_server] InstanceLockCheck passed.
[2020-12-28 15:53:58,765][INFO][SERVER][Check][milvus_server] InstanceLockCheck passed.
[2020-12-28 15:53:58,765][INFO][SERVER][Start][milvus_server] Milvus Release version: v0.9.1, built at 2020-05-28 17:39.31
[2020-12-28 15:53:58,766][INFO][SERVER][Start][milvus_server] CPU edition
[2020-12-28 15:53:58,770][INFO][SERVER][CheckCpuInstructionSet][milvus_server] Supported CPU instruction sets: avx2, sse4_2
[2020-12-28 15:53:58,774][INFO][SERVER][LogConfigInFile][milvus_server] 

***************Config in file***************

version: 0.4
server_config:
  address: 0.0.0.0
  port: 19530
  deploy_mode: single
  time_zone: UTC+8
  web_enable: true
  web_port: 19121
db_config:
  backend_url: sqlite://:@:/
  preload_collection: ~
  auto_flush_interval: 1
storage_config:
  primary_path: /var/lib/milvus
  secondary_path: ~
  file_cleanup_timeout: 10
metric_config:
  enable_monitor: false
  address: 127.0.0.1
  port: 9091
cache_config:
  cpu_cache_capacity: 1
  insert_buffer_size: 1
  cache_insert_data: false
engine_config:
  use_blas_threshold: 1100
  gpu_search_threshold: 1000
gpu_resource_config:
  enable: false
  cache_capacity: 1
  search_resources:
    - gpu0
  build_index_resources:
    - gpu0
tracing_config:
  json_config_path: ~
wal_config:
  enable: true
  recovery_error_ignore: true
  buffer_size: 256
  wal_path: /var/lib/milvus/wal
logs:
  trace.enable: true
  debug.enable: true
  info.enable: true
  warning.enable: true
  error.enable: true
  fatal.enable: true
  path: /var/lib/milvus/logs
  max_log_file_size: 1024
  log_rotate_num: 0
[2020-12-28 15:53:58,775][INFO][SERVER][LogCpuInfo][milvus_server] 

***************CPU***************

processor	: 1
vendor_id	: GenuineIntel
cpu family	: 6
model		: 142
model name	: Intel(R) Core(TM) i5-8250U CPU @ 1.60GHz
stepping	: 10
microcode	: 0xffffffff
cpu MHz		: 1800.000
cache size	: 6144 KB
physical id	: 0
siblings	: 2
core id		: 0
cpu cores	: 1
apicid		: 1
initial apicid	: 1
fpu		: yes
fpu_exception	: yes
cpuid level	: 21
wp		: yes
flags		: fpu vme de pse tsc msr pae mce cx8 apic sep mtrr pge mca cmov pat pse36 clflush mmx fxsr sse sse2 ss ht syscall nx pdpe1gb rdtscp lm constant_tsc rep_good nopl xtopology cpuid pni pclmulqdq ssse3 fma cx16 pcid sse4_1 sse4_2 movbe popcnt aes xsave avx f16c rdrand hypervisor lahf_lm abm 3dnowprefetch invpcid_single ssbd ibrs ibpb stibp fsgsbase bmi1 avx2 smep bmi2 erms invpcid mpx rdseed adx smap clflushopt xsaveopt xsavec xgetbv1 xsaves flush_l1d arch_capabilities
bugs		: cpu_meltdown spectre_v1 spectre_v2 spec_store_bypass l1tf mds swapgs itlb_multihit
bogomips	: 3600.00
clflush size	: 64
cache_alignment	: 64
address sizes	: 39 bits physical, 48 bits virtual
power management:


[2020-12-28 15:53:58,776][INFO][SERVER][LogConfigInMem][milvus_server] 

***************Config in memory***************

{
   "cache_config": {
      "cache_insert_data": "false",
      "cpu_cache_capacity": "1",
      "cpu_cache_threshold": "0.7",
      "insert_buffer_size": "1"
   },
   "db_config": {
      "archive_days_threshold": "0",
      "archive_disk_threshold": "0",
      "auto_flush_interval": "1",
      "backend_url": "sqlite://:@:/",
      "preload_collection": ""
   },
   "engine_config": {
      "omp_thread_num": "0",
      "simd_type": "auto",
      "use_blas_threshold": "1100"
   },
   "logs": {
      "debug.enable": "true",
      "error.enable": "true",
      "fatal.enable": "true",
      "info.enable": "true",
      "log_rotate_num": "0",
      "max_log_file_size": "1024",
      "path": "/var/lib/milvus/logs",
      "trace.enable": "true",
      "warning.enable": "true"
   },
   "metric_config": {
      "address": "127.0.0.1",
      "enable_monitor": "false",
      "port": "9091"
   },
   "server_config": {
      "address": "0.0.0.0",
      "deploy_mode": "single",
      "port": "19530",
      "time_zone": "UTC+8",
      "web_enable": "true",
      "web_port": "19121"
   },
   "storage_config": {
      "primary_path": "/var/lib/milvus",
      "secondary_path": ""
   },
   "tracing_config": {
      "json_config_path": ""
   },
   "wal_config": {
      "buffer_size": "256",
      "enable": "true",
      "recovery_error_ignore": "true",
      "wal_path": "/var/lib/milvus/wal"
   }
}
[2020-12-28 15:53:58,781][INFO][ENGINE][Build][milvus_server] Using SQLite
[2020-12-28 15:54:00,223][INFO][WAL][CollectionFlushed][wal_thread]  is flushed by lsn 0
[2020-12-28 15:54:01,224][INFO][WAL][CollectionFlushed][wal_thread]  is flushed by lsn 0
[2020-12-28 15:54:02,225][INFO][WAL][CollectionFlushed][wal_thread]  is flushed by lsn 0
[2020-12-28 15:54:03,226][INFO][WAL][CollectionFlushed][wal_thread]  is flushed by lsn 0
[2020-12-28 15:54:04,226][INFO][WAL][CollectionFlushed][wal_thread]  is flushed by lsn 0
[2020-12-28 15:54:05,227][INFO][WAL][CollectionFlushed][wal_thread]  is flushed by lsn 0
[2020-12-28 15:54:06,228][INFO][WAL][CollectionFlushed][wal_thread]  is flushed by lsn 0
[2020-12-28 15:54:07,229][INFO][WAL][CollectionFlushed][wal_thread]  is flushed by lsn 0
[2020-12-28 15:54:08,230][INFO][WAL][CollectionFlushed][wal_thread]  is flushed by lsn 0
[2020-12-28 15:54:09,231][INFO][WAL][CollectionFlushed][wal_thread]  is flushed by lsn 0
[2020-12-28 15:54:10,232][INFO][WAL][CollectionFlushed][wal_thread]  is flushed by lsn 0
[2020-12-28 15:54:11,233][INFO][WAL][CollectionFlushed][wal_thread]  is flushed by lsn 0
[2020-12-28 15:54:12,234][INFO][WAL][CollectionFlushed][wal_thread]  is flushed by lsn 0
[2020-12-28 15:54:13,235][INFO][WAL][CollectionFlushed][wal_thread]  is flushed by lsn 0
[2020-12-28 15:54:14,236][INFO][WAL][CollectionFlushed][wal_thread]  is flushed by lsn 0
[2020-12-28 15:54:15,237][INFO][WAL][CollectionFlushed][wal_thread]  is flushed by lsn 0
[2020-12-28 15:54:16,238][INFO][WAL][CollectionFlushed][wal_thread]  is flushed by lsn 0
[2020-12-28 15:54:17,239][INFO][WAL][CollectionFlushed][wal_thread]  is flushed by lsn 0
[2020-12-28 15:54:18,239][INFO][WAL][CollectionFlushed][wal_thread]  is flushed by lsn 0
[2020-12-28 15:54:19,240][INFO][WAL][CollectionFlushed][wal_thread]  is flushed by lsn 0
[2020-12-28 15:54:20,241][INFO][WAL][CollectionFlushed][wal_thread]  is flushed by lsn 0
[2020-12-28 15:54:21,242][INFO][WAL][CollectionFlushed][wal_thread]  is flushed by lsn 0
[2020-12-28 15:54:22,243][INFO][WAL][CollectionFlushed][wal_thread]  is flushed by lsn 0
[2020-12-28 15:54:23,244][INFO][WAL][CollectionFlushed][wal_thread]  is flushed by lsn 0
[2020-12-28 15:54:24,245][INFO][WAL][CollectionFlushed][wal_thread]  is flushed by lsn 0
[2020-12-28 15:54:25,246][INFO][WAL][CollectionFlushed][wal_thread]  is flushed by lsn 0
[2020-12-28 15:54:26,246][INFO][WAL][CollectionFlushed][wal_thread]  is flushed by lsn 0
[2020-12-28 15:54:27,247][INFO][WAL][CollectionFlushed][wal_thread]  is flushed by lsn 0
[2020-12-28 15:54:28,248][INFO][WAL][CollectionFlushed][wal_thread]  is flushed by lsn 0
[2020-12-28 15:54:29,249][INFO][WAL][CollectionFlushed][wal_thread]  is flushed by lsn 0
[2020-12-28 15:54:30,250][INFO][WAL][CollectionFlushed][wal_thread]  is flushed by lsn 0
[2020-12-28 15:54:31,251][INFO][WAL][CollectionFlushed][wal_thread]  is flushed by lsn 0
[2020-12-28 15:54:32,252][INFO][WAL][CollectionFlushed][wal_thread]  is flushed by lsn 0
[2020-12-28 15:54:33,253][INFO][WAL][CollectionFlushed][wal_thread]  is flushed by lsn 0
[2020-12-28 15:54:34,254][INFO][WAL][CollectionFlushed][wal_thread]  is flushed by lsn 0
[2020-12-28 15:54:35,255][INFO][WAL][CollectionFlushed][wal_thread]  is flushed by lsn 0
[2020-12-28 15:54:36,256][INFO][WAL][CollectionFlushed][wal_thread]  is flushed by lsn 0
[2020-12-28 15:54:37,256][INFO][WAL][CollectionFlushed][wal_thread]  is flushed by lsn 0
[2020-12-28 15:54:38,257][INFO][WAL][CollectionFlushed][wal_thread]  is flushed by lsn 0
[2020-12-28 15:54:39,258][INFO][WAL][CollectionFlushed][wal_thread]  is flushed by lsn 0
[2020-12-28 15:54:40,260][INFO][WAL][CollectionFlushed][wal_thread]  is flushed by lsn 0
[2020-12-28 15:54:41,261][INFO][WAL][CollectionFlushed][wal_thread]  is flushed by lsn 0
[2020-12-28 15:54:42,262][INFO][WAL][CollectionFlushed][wal_thread]  is flushed by lsn 0
[2020-12-28 15:54:43,262][INFO][WAL][CollectionFlushed][wal_thread]  is flushed by lsn 0
[2020-12-28 15:54:44,263][INFO][WAL][CollectionFlushed][wal_thread]  is flushed by lsn 0
[2020-12-28 15:54:45,264][INFO][WAL][CollectionFlushed][wal_thread]  is flushed by lsn 0
[2020-12-28 15:54:46,265][INFO][WAL][CollectionFlushed][wal_thread]  is flushed by lsn 0
[2020-12-28 15:54:47,266][INFO][WAL][CollectionFlushed][wal_thread]  is flushed by lsn 0
[2020-12-28 15:54:48,267][INFO][WAL][CollectionFlushed][wal_thread]  is flushed by lsn 0
[2020-12-28 15:54:49,267][INFO][WAL][CollectionFlushed][wal_thread]  is flushed by lsn 0
[2020-12-28 15:54:50,268][INFO][WAL][CollectionFlushed][wal_thread]  is flushed by lsn 0
[2020-12-28 15:54:51,269][INFO][WAL][CollectionFlushed][wal_thread]  is flushed by lsn 0
[2020-12-28 15:54:52,270][INFO][WAL][CollectionFlushed][wal_thread]  is flushed by lsn 0
[2020-12-28 15:54:53,271][INFO][WAL][CollectionFlushed][wal_thread]  is flushed by lsn 0
[2020-12-28 15:54:54,272][INFO][WAL][CollectionFlushed][wal_thread]  is flushed by lsn 0
[2020-12-28 15:54:55,273][INFO][WAL][CollectionFlushed][wal_thread]  is flushed by lsn 0
[2020-12-28 15:54:56,274][INFO][WAL][CollectionFlushed][wal_thread]  is flushed by lsn 0
[2020-12-28 15:54:57,274][INFO][WAL][CollectionFlushed][wal_thread]  is flushed by lsn 0
[2020-12-28 15:54:58,276][INFO][WAL][CollectionFlushed][wal_thread]  is flushed by lsn 0
[2020-12-28 15:54:59,277][INFO][WAL][CollectionFlushed][wal_thread]  is flushed by lsn 0
[2020-12-28 15:55:00,277][INFO][WAL][CollectionFlushed][wal_thread]  is flushed by lsn 0
[2020-12-28 15:55:01,278][INFO][WAL][CollectionFlushed][wal_thread]  is flushed by lsn 0
[2020-12-28 15:55:02,279][INFO][WAL][CollectionFlushed][wal_thread]  is flushed by lsn 0
[2020-12-28 15:55:03,280][INFO][WAL][CollectionFlushed][wal_thread]  is flushed by lsn 0
[2020-12-28 15:55:04,281][INFO][WAL][CollectionFlushed][wal_thread]  is flushed by lsn 0
[2020-12-28 15:55:05,282][INFO][WAL][CollectionFlushed][wal_thread]  is flushed by lsn 0
[2020-12-28 15:55:06,283][INFO][WAL][CollectionFlushed][wal_thread]  is flushed by lsn 0
[2020-12-28 15:55:07,283][INFO][WAL][CollectionFlushed][wal_thread]  is flushed by lsn 0
[2020-12-28 15:55:08,284][INFO][WAL][CollectionFlushed][wal_thread]  is flushed by lsn 0
[2020-12-28 15:55:09,285][INFO][WAL][CollectionFlushed][wal_thread]  is flushed by lsn 0
[2020-12-28 15:55:10,286][INFO][WAL][CollectionFlushed][wal_thread]  is flushed by lsn 0
[2020-12-28 15:55:11,287][INFO][WAL][CollectionFlushed][wal_thread]  is flushed by lsn 0
[2020-12-28 15:55:12,288][INFO][WAL][CollectionFlushed][wal_thread]  is flushed by lsn 0
[2020-12-28 15:55:13,289][INFO][WAL][CollectionFlushed][wal_thread]  is flushed by lsn 0
[2020-12-28 15:55:14,290][INFO][WAL][CollectionFlushed][wal_thread]  is flushed by lsn 0
[2020-12-28 15:55:15,291][INFO][WAL][CollectionFlushed][wal_thread]  is flushed by lsn 0
[2020-12-28 15:55:16,292][INFO][WAL][CollectionFlushed][wal_thread]  is flushed by lsn 0
[2020-12-28 15:55:17,293][INFO][WAL][CollectionFlushed][wal_thread]  is flushed by lsn 0
[2020-12-28 15:55:18,294][INFO][WAL][CollectionFlushed][wal_thread]  is flushed by lsn 0
[2020-12-28 15:55:19,295][INFO][WAL][CollectionFlushed][wal_thread]  is flushed by lsn 0
[2020-12-28 15:55:20,296][INFO][WAL][CollectionFlushed][wal_thread]  is flushed by lsn 0
[2020-12-28 15:55:21,297][INFO][WAL][CollectionFlushed][wal_thread]  is flushed by lsn 0
[2020-12-28 15:55:22,298][INFO][WAL][CollectionFlushed][wal_thread]  is flushed by lsn 0
[2020-12-28 15:55:23,299][INFO][WAL][CollectionFlushed][wal_thread]  is flushed by lsn 0
[2020-12-28 15:55:24,299][INFO][WAL][CollectionFlushed][wal_thread]  is flushed by lsn 0
[2020-12-28 15:55:25,300][INFO][WAL][CollectionFlushed][wal_thread]  is flushed by lsn 0
[2020-12-28 15:55:26,301][INFO][WAL][CollectionFlushed][wal_thread]  is flushed by lsn 0
[2020-12-28 15:55:27,302][INFO][WAL][CollectionFlushed][wal_thread]  is flushed by lsn 0
[2020-12-28 15:55:28,303][INFO][WAL][CollectionFlushed][wal_thread]  is flushed by lsn 0
[2020-12-28 15:55:29,304][INFO][WAL][CollectionFlushed][wal_thread]  is flushed by lsn 0
[2020-12-28 15:55:30,305][INFO][WAL][CollectionFlushed][wal_thread]  is flushed by lsn 0
[2020-12-28 15:55:31,306][INFO][WAL][CollectionFlushed][wal_thread]  is flushed by lsn 0
[2020-12-28 15:55:32,307][INFO][WAL][CollectionFlushed][wal_thread]  is flushed by lsn 0
[2020-12-28 15:55:33,308][INFO][WAL][CollectionFlushed][wal_thread]  is flushed by lsn 0
[2020-12-28 15:55:34,309][INFO][WAL][CollectionFlushed][wal_thread]  is flushed by lsn 0
[2020-12-28 15:55:35,310][INFO][WAL][CollectionFlushed][wal_thread]  is flushed by lsn 0
[2020-12-28 15:55:36,314][INFO][WAL][CollectionFlushed][wal_thread]  is flushed by lsn 0
[2020-12-28 15:55:37,315][INFO][WAL][CollectionFlushed][wal_thread]  is flushed by lsn 0
[2020-12-28 15:55:38,316][INFO][WAL][CollectionFlushed][wal_thread]  is flushed by lsn 0
[2020-12-28 15:55:39,317][INFO][WAL][CollectionFlushed][wal_thread]  is flushed by lsn 0
[2020-12-28 15:55:40,318][INFO][WAL][CollectionFlushed][wal_thread]  is flushed by lsn 0
[2020-12-28 15:55:41,319][INFO][WAL][CollectionFlushed][wal_thread]  is flushed by lsn 0
[2020-12-28 15:55:42,320][INFO][WAL][CollectionFlushed][wal_thread]  is flushed by lsn 0
[2020-12-28 15:55:43,322][INFO][WAL][CollectionFlushed][wal_thread]  is flushed by lsn 0
[2020-12-28 15:55:44,323][INFO][WAL][CollectionFlushed][wal_thread]  is flushed by lsn 0
[2020-12-28 15:55:45,324][INFO][WAL][CollectionFlushed][wal_thread]  is flushed by lsn 0
[2020-12-28 15:55:46,325][INFO][WAL][CollectionFlushed][wal_thread]  is flushed by lsn 0
[2020-12-28 15:55:47,326][INFO][WAL][CollectionFlushed][wal_thread]  is flushed by lsn 0
[2020-12-28 15:55:48,326][INFO][WAL][CollectionFlushed][wal_thread]  is flushed by lsn 0
[2020-12-28 15:55:49,328][INFO][WAL][CollectionFlushed][wal_thread]  is flushed by lsn 0
[2020-12-28 15:55:50,329][INFO][WAL][CollectionFlushed][wal_thread]  is flushed by lsn 0
[2020-12-28 15:55:51,330][INFO][WAL][CollectionFlushed][wal_thread]  is flushed by lsn 0
[2020-12-28 15:55:52,331][INFO][WAL][CollectionFlushed][wal_thread]  is flushed by lsn 0
[2020-12-28 15:55:53,333][INFO][WAL][CollectionFlushed][wal_thread]  is flushed by lsn 0
[2020-12-28 15:55:54,334][INFO][WAL][CollectionFlushed][wal_thread]  is flushed by lsn 0
[2020-12-28 15:55:55,335][INFO][WAL][CollectionFlushed][wal_thread]  is flushed by lsn 0
[2020-12-28 15:55:56,336][INFO][WAL][CollectionFlushed][wal_thread]  is flushed by lsn 0
[2020-12-28 15:55:57,337][INFO][WAL][CollectionFlushed][wal_thread]  is flushed by lsn 0
[2020-12-28 15:55:58,339][INFO][WAL][CollectionFlushed][wal_thread]  is flushed by lsn 0
[2020-12-28 15:55:59,340][INFO][WAL][CollectionFlushed][wal_thread]  is flushed by lsn 0
[2020-12-28 15:56:00,341][INFO][WAL][CollectionFlushed][wal_thread]  is flushed by lsn 0
[2020-12-28 15:56:01,342][INFO][WAL][CollectionFlushed][wal_thread]  is flushed by lsn 0
[2020-12-28 15:56:02,343][INFO][WAL][CollectionFlushed][wal_thread]  is flushed by lsn 0
[2020-12-28 15:56:03,344][INFO][WAL][CollectionFlushed][wal_thread]  is flushed by lsn 0
[2020-12-28 15:56:04,346][INFO][WAL][CollectionFlushed][wal_thread]  is flushed by lsn 0
[2020-12-28 15:56:05,346][INFO][WAL][CollectionFlushed][wal_thread]  is flushed by lsn 0
[2020-12-28 15:56:06,347][INFO][WAL][CollectionFlushed][wal_thread]  is flushed by lsn 0
[2020-12-28 15:56:07,348][INFO][WAL][CollectionFlushed][wal_thread]  is flushed by lsn 0
[2020-12-28 15:56:08,355][INFO][WAL][CollectionFlushed][wal_thread]  is flushed by lsn 0
[2020-12-28 15:56:09,356][INFO][WAL][CollectionFlushed][wal_thread]  is flushed by lsn 0
[2020-12-28 15:56:10,373][INFO][WAL][CollectionFlushed][wal_thread]  is flushed by lsn 0
