[2021-01-12 12:31:11,783][DEBUG][ENGINE][CheckCpuInstructionSet][milvus_server] Supported CPU instruction sets: avx2, sse4_2
[2021-01-12 12:31:11,819][DEBUG][ENGINE][Initialize][milvus_server] FAISS hook AVX2
[2021-01-12 12:31:11,822][DEBUG][ENGINE][Build][milvus_server] MetaUri: sqlite://:@:/

[2021-01-12 12:31:12,133][DEBUG][ENGINE][SqlTransaction][milvus_server] CREATE TABLE IF NOT EXISTS Environment(global_lsn INTEGER DEFAULT (0) NOT NULL);
[2021-01-12 12:31:12,133][DEBUG][ENGINE][SqlTransaction][milvus_server] CREATE TABLE IF NOT EXISTS Tables(id INTEGER PRIMARY KEY NOT NULL,table_id TEXT UNIQUE NOT NULL,state INTEGER NOT NULL,dimension INTEGER NOT NULL,created_on INTEGER NOT NULL,flag INTEGER DEFAULT (0) NOT NULL,index_file_size INTEGER NOT NULL,engine_type INTEGER NOT NULL,index_params TEXT NOT NULL,metric_type INTEGER NOT NULL,owner_table TEXT DEFAULT ('') NOT NULL,partition_tag TEXT DEFAULT ('') NOT NULL,version TEXT DEFAULT ('0.10.4') NOT NULL,flush_lsn INTEGER NOT NULL);
[2021-01-12 12:31:12,171][DEBUG][ENGINE][SqlTransaction][milvus_server] CREATE TABLE IF NOT EXISTS TableFiles(id INTEGER PRIMARY KEY NOT NULL,table_id TEXT NOT NULL,segment_id TEXT DEFAULT ('') NOT NULL,engine_type INTEGER NOT NULL,file_id TEXT NOT NULL,file_type INTEGER NOT NULL,file_size INTEGER DEFAULT (0) NOT NULL,row_count INTEGER DEFAULT (0) NOT NULL,updated_time INTEGER NOT NULL,created_on INTEGER NOT NULL,date INTEGER NOT NULL,flush_lsn INTEGER NOT NULL);
[2021-01-12 12:31:12,172][DEBUG][ENGINE][SqlTransaction][milvus_server] CREATE TABLE IF NOT EXISTS Fields(collection_id TEXT NOT NULL,field_name TEXT NOT NULL,field_type INTEGER NOT NULL,field_params TEXT NOT NULL);
[2021-01-12 12:31:12,173][DEBUG][ENGINE][SqlTransaction][milvus_server] DELETE FROM TableFiles WHERE file_type IN (0,5,6);
[2021-01-12 12:31:12,174][DEBUG][ENGINE][SqlQuery][milvus_server] SELECT id, table_id, dimension, engine_type, index_params, index_file_size, metric_type,owner_table, partition_tag, version, flush_lsn FROM 'Tables' WHERE state <> 1;
[2021-01-12 12:31:12,174][DEBUG][ENGINE][SqlQuery][milvus_server] SELECT id, state, dimension, created_on, flag, index_file_size, engine_type, index_params, metric_type ,owner_table, partition_tag, version, flush_lsn FROM Tables WHERE table_id = 'resnet18_simple' AND state <> 1;
[2021-01-12 12:31:12,175][DEBUG][ENGINE][SqlQuery][milvus_server] SELECT id, table_id, segment_id, file_id, file_type, file_size, row_count, date, engine_type, created_on, updated_time FROM 'TableFiles' WHERE table_id = 'resnet18_simple' AND file_type = 1 ORDER BY row_count DESC;
[2021-01-12 12:31:12,176][DEBUG][ENGINE][SqlQuery][milvus_server] SELECT global_lsn FROM Environment;
[2021-01-12 12:31:12,177][DEBUG][ENGINE][SqlQuery][milvus_server] SELECT id, state, dimension, created_on, flag, index_file_size, engine_type, index_params, metric_type ,owner_table, partition_tag, version, flush_lsn FROM Tables WHERE table_id = 'retina_face' AND state <> 1;
[2021-01-12 12:31:12,177][DEBUG][ENGINE][SqlQuery][milvus_server] SELECT id, table_id, dimension, engine_type, index_params, index_file_size, metric_type,owner_table, partition_tag, version, flush_lsn FROM 'Tables' WHERE state <> 1;
[2021-01-12 12:31:12,178][DEBUG][ENGINE][SqlQuery][milvus_server] SELECT id, table_id, segment_id, file_id, file_type, file_size, row_count, date, engine_type, created_on, updated_time FROM 'TableFiles' WHERE table_id = 'retina_face' AND file_type = 1 ORDER BY row_count DESC;
[2021-01-12 12:31:12,178][DEBUG][ENGINE][SqlQuery][milvus_server] SELECT table_id, id, state, dimension, created_on, flag, index_file_size, engine_type, index_params, metric_type, partition_tag, version, flush_lsn FROM Tables WHERE owner_table = 'resnet18_simple' AND state <> 1;
[2021-01-12 12:31:12,179][DEBUG][ENGINE][SqlQuery][milvus_server] SELECT table_id, id, state, dimension, created_on, flag, index_file_size, engine_type, index_params, metric_type, partition_tag, version, flush_lsn FROM Tables WHERE owner_table = 'retina_face' AND state <> 1;
[2021-01-12 12:31:12,179][DEBUG][ENGINE][SqlQuery][milvus_server] SELECT id, table_id, segment_id, engine_type, file_id, file_type, date FROM TableFiles WHERE file_type IN (4,7) AND updated_time < 1610425862179405;
[2021-01-12 12:31:12,180][DEBUG][WAL][Init][milvus_server] start_lsn 4295423956 end_lsn 4295467804
[2021-01-12 12:31:12,181][DEBUG][ENGINE][SqlQuery][milvus_server] SELECT id, table_id FROM Tables WHERE state = 1;
[2021-01-12 12:31:12,183][DEBUG][ENGINE][SqlQuery][wal_thread] SELECT global_lsn FROM Environment;
[2021-01-12 12:31:12,184][DEBUG][ENGINE][SetGlobalLastLSN][wal_thread] Update global lsn = 0
[2021-01-12 12:31:12,185][DEBUG][ENGINE][SqlQuery][milvus_server] SELECT id, table_id, segment_id, engine_type, file_id, file_type, date FROM TableFiles WHERE file_type IN (4,7) AND updated_time < 1610425862185161;
[2021-01-12 12:31:12,185][DEBUG][ENGINE][SqlQuery][milvus_server] SELECT id, table_id FROM Tables WHERE state = 1;
[2021-01-12 12:31:13,184][DEBUG][ENGINE][SqlQuery][wal_thread] SELECT global_lsn FROM Environment;
[2021-01-12 12:31:13,186][DEBUG][ENGINE][SqlQuery][milvus_server] SELECT id, table_id, segment_id, file_id, file_type, file_size, row_count, date, engine_type, created_on, updated_time FROM 'TableFiles' WHERE file_type = 2;
[2021-01-12 12:31:13,187][DEBUG][ENGINE][SetGlobalLastLSN][wal_thread] Update global lsn = 0
[2021-01-12 12:31:13,188][DEBUG][ENGINE][SqlQuery][milvus_server] SELECT id, table_id, segment_id, engine_type, file_id, file_type, date FROM TableFiles WHERE file_type IN (4,7) AND updated_time < 1610425863188186;
[2021-01-12 12:31:13,188][DEBUG][ENGINE][SqlQuery][milvus_server] SELECT id, table_id FROM Tables WHERE state = 1;
[2021-01-12 12:31:14,186][DEBUG][ENGINE][SqlQuery][milvus_server] SELECT id, table_id, segment_id, file_id, file_type, file_size, row_count, date, engine_type, created_on, updated_time FROM 'TableFiles' WHERE file_type = 2;
[2021-01-12 12:31:14,188][DEBUG][ENGINE][SqlQuery][wal_thread] SELECT global_lsn FROM Environment;
[2021-01-12 12:31:14,189][DEBUG][ENGINE][SetGlobalLastLSN][wal_thread] Update global lsn = 0
[2021-01-12 12:31:14,190][DEBUG][ENGINE][SqlQuery][milvus_server] SELECT id, table_id, segment_id, engine_type, file_id, file_type, date FROM TableFiles WHERE file_type IN (4,7) AND updated_time < 1610425864190349;
[2021-01-12 12:31:14,190][DEBUG][ENGINE][SqlQuery][milvus_server] SELECT id, table_id FROM Tables WHERE state = 1;
[2021-01-12 12:31:15,186][DEBUG][ENGINE][SqlQuery][milvus_server] SELECT id, table_id, segment_id, file_id, file_type, file_size, row_count, date, engine_type, created_on, updated_time FROM 'TableFiles' WHERE file_type = 2;
[2021-01-12 12:31:15,190][DEBUG][ENGINE][SqlQuery][wal_thread] SELECT global_lsn FROM Environment;
[2021-01-12 12:31:15,191][DEBUG][ENGINE][SetGlobalLastLSN][wal_thread] Update global lsn = 0
[2021-01-12 12:31:15,191][DEBUG][ENGINE][SqlQuery][milvus_server] SELECT id, table_id, segment_id, engine_type, file_id, file_type, date FROM TableFiles WHERE file_type IN (4,7) AND updated_time < 1610425865191312;
[2021-01-12 12:31:15,191][DEBUG][ENGINE][SqlQuery][milvus_server] SELECT id, table_id FROM Tables WHERE state = 1;
[2021-01-12 12:31:16,186][DEBUG][ENGINE][SqlQuery][milvus_server] SELECT id, table_id, segment_id, file_id, file_type, file_size, row_count, date, engine_type, created_on, updated_time FROM 'TableFiles' WHERE file_type = 2;
[2021-01-12 12:31:16,191][DEBUG][ENGINE][SqlQuery][wal_thread] SELECT global_lsn FROM Environment;
[2021-01-12 12:31:16,192][DEBUG][ENGINE][SetGlobalLastLSN][wal_thread] Update global lsn = 0
[2021-01-12 12:31:16,192][DEBUG][ENGINE][SqlQuery][milvus_server] SELECT id, table_id, segment_id, engine_type, file_id, file_type, date FROM TableFiles WHERE file_type IN (4,7) AND updated_time < 1610425866192706;
[2021-01-12 12:31:16,193][DEBUG][ENGINE][SqlQuery][milvus_server] SELECT id, table_id FROM Tables WHERE state = 1;
[2021-01-12 12:31:17,189][DEBUG][ENGINE][SqlQuery][milvus_server] SELECT id, table_id, segment_id, file_id, file_type, file_size, row_count, date, engine_type, created_on, updated_time FROM 'TableFiles' WHERE file_type = 2;
[2021-01-12 12:31:17,201][DEBUG][ENGINE][SqlQuery][wal_thread] SELECT global_lsn FROM Environment;
[2021-01-12 12:31:17,210][DEBUG][ENGINE][SetGlobalLastLSN][wal_thread] Update global lsn = 0
[2021-01-12 12:31:17,216][DEBUG][ENGINE][SqlQuery][milvus_server] SELECT id, table_id, segment_id, engine_type, file_id, file_type, date FROM TableFiles WHERE file_type IN (4,7) AND updated_time < 1610425867216470;
[2021-01-12 12:31:17,221][DEBUG][ENGINE][SqlQuery][milvus_server] SELECT id, table_id FROM Tables WHERE state = 1;
[2021-01-12 12:31:17,366][DEBUG][SERVER][OnPostRecvInitialMetaData][grpcpp_sync_ser] milvus generate request_id: 0
[2021-01-12 12:31:17,368][DEBUG][SERVER][PrintTimeRecord][reqsched_thread] CmdRequest(cmd=version): totally cost (0.000002 second [0.002000 ms])
[2021-01-12 12:31:17,370][DEBUG][SERVER][OnPostRecvInitialMetaData][grpcpp_sync_ser] milvus generate request_id: 1
[2021-01-12 12:31:17,372][DEBUG][ENGINE][SqlQuery][reqsched_thread] SELECT id FROM Tables WHERE table_id = 'retina_face' AND state <> 1 AND owner_table = '';
[2021-01-12 12:31:17,372][DEBUG][SERVER][PrintTimeRecord][reqsched_thread] HasCollectionRequest(collection=retina_face): totally cost (0.000446 second [0.446400 ms])
[2021-01-12 12:31:18,189][DEBUG][ENGINE][SqlQuery][milvus_server] SELECT id, table_id, segment_id, file_id, file_type, file_size, row_count, date, engine_type, created_on, updated_time FROM 'TableFiles' WHERE file_type = 2;
[2021-01-12 12:31:18,216][DEBUG][ENGINE][SqlQuery][wal_thread] SELECT global_lsn FROM Environment;
[2021-01-12 12:31:18,217][DEBUG][ENGINE][SetGlobalLastLSN][wal_thread] Update global lsn = 0
[2021-01-12 12:31:18,217][DEBUG][ENGINE][SqlQuery][milvus_server] SELECT id, table_id, segment_id, engine_type, file_id, file_type, date FROM TableFiles WHERE file_type IN (4,7) AND updated_time < 1610425868217767;
[2021-01-12 12:31:18,218][DEBUG][ENGINE][SqlQuery][milvus_server] SELECT id, table_id FROM Tables WHERE state = 1;
[2021-01-12 12:31:19,189][DEBUG][ENGINE][SqlQuery][milvus_server] SELECT id, table_id, segment_id, file_id, file_type, file_size, row_count, date, engine_type, created_on, updated_time FROM 'TableFiles' WHERE file_type = 2;
[2021-01-12 12:31:19,217][DEBUG][ENGINE][SqlQuery][wal_thread] SELECT global_lsn FROM Environment;
[2021-01-12 12:31:19,218][DEBUG][ENGINE][SetGlobalLastLSN][wal_thread] Update global lsn = 0
[2021-01-12 12:31:19,219][DEBUG][ENGINE][SqlQuery][milvus_server] SELECT id, table_id, segment_id, engine_type, file_id, file_type, date FROM TableFiles WHERE file_type IN (4,7) AND updated_time < 1610425869218987;
[2021-01-12 12:31:19,219][DEBUG][ENGINE][SqlQuery][milvus_server] SELECT id, table_id FROM Tables WHERE state = 1;
[2021-01-12 12:31:20,190][DEBUG][ENGINE][SqlQuery][milvus_server] SELECT id, table_id, segment_id, file_id, file_type, file_size, row_count, date, engine_type, created_on, updated_time FROM 'TableFiles' WHERE file_type = 2;
[2021-01-12 12:31:20,219][DEBUG][ENGINE][SqlQuery][wal_thread] SELECT global_lsn FROM Environment;
[2021-01-12 12:31:20,219][DEBUG][ENGINE][SetGlobalLastLSN][wal_thread] Update global lsn = 0
[2021-01-12 12:31:20,220][DEBUG][ENGINE][SqlQuery][milvus_server] SELECT id, table_id, segment_id, engine_type, file_id, file_type, date FROM TableFiles WHERE file_type IN (4,7) AND updated_time < 1610425870220170;
[2021-01-12 12:31:20,220][DEBUG][ENGINE][SqlQuery][milvus_server] SELECT id, table_id FROM Tables WHERE state = 1;
[2021-01-12 12:31:21,190][DEBUG][ENGINE][SqlQuery][milvus_server] SELECT id, table_id, segment_id, file_id, file_type, file_size, row_count, date, engine_type, created_on, updated_time FROM 'TableFiles' WHERE file_type = 2;
[2021-01-12 12:31:21,220][DEBUG][ENGINE][SqlQuery][wal_thread] SELECT global_lsn FROM Environment;
[2021-01-12 12:31:21,220][DEBUG][ENGINE][SetGlobalLastLSN][wal_thread] Update global lsn = 0
[2021-01-12 12:31:21,221][DEBUG][ENGINE][SqlQuery][milvus_server] SELECT id, table_id, segment_id, engine_type, file_id, file_type, date FROM TableFiles WHERE file_type IN (4,7) AND updated_time < 1610425871221197;
[2021-01-12 12:31:21,221][DEBUG][ENGINE][SqlQuery][milvus_server] SELECT id, table_id FROM Tables WHERE state = 1;
[2021-01-12 12:31:22,190][DEBUG][ENGINE][SqlQuery][milvus_server] SELECT id, table_id, segment_id, file_id, file_type, file_size, row_count, date, engine_type, created_on, updated_time FROM 'TableFiles' WHERE file_type = 2;
[2021-01-12 12:31:22,221][DEBUG][ENGINE][SqlQuery][wal_thread] SELECT global_lsn FROM Environment;
[2021-01-12 12:31:22,221][DEBUG][ENGINE][SetGlobalLastLSN][wal_thread] Update global lsn = 0
[2021-01-12 12:31:22,222][DEBUG][ENGINE][SqlQuery][milvus_server] SELECT id, table_id, segment_id, engine_type, file_id, file_type, date FROM TableFiles WHERE file_type IN (4,7) AND updated_time < 1610425872222240;
[2021-01-12 12:31:22,223][DEBUG][ENGINE][SqlQuery][milvus_server] SELECT id, table_id FROM Tables WHERE state = 1;
[2021-01-12 12:31:23,190][DEBUG][ENGINE][SqlQuery][milvus_server] SELECT id, table_id, segment_id, file_id, file_type, file_size, row_count, date, engine_type, created_on, updated_time FROM 'TableFiles' WHERE file_type = 2;
[2021-01-12 12:31:23,222][DEBUG][ENGINE][SqlQuery][wal_thread] SELECT global_lsn FROM Environment;
[2021-01-12 12:31:23,223][DEBUG][ENGINE][SetGlobalLastLSN][wal_thread] Update global lsn = 0
[2021-01-12 12:31:23,223][DEBUG][ENGINE][SqlQuery][milvus_server] SELECT id, table_id, segment_id, engine_type, file_id, file_type, date FROM TableFiles WHERE file_type IN (4,7) AND updated_time < 1610425873223363;
[2021-01-12 12:31:23,223][DEBUG][ENGINE][SqlQuery][milvus_server] SELECT id, table_id FROM Tables WHERE state = 1;
[2021-01-12 12:31:24,191][DEBUG][ENGINE][SqlQuery][milvus_server] SELECT id, table_id, segment_id, file_id, file_type, file_size, row_count, date, engine_type, created_on, updated_time FROM 'TableFiles' WHERE file_type = 2;
[2021-01-12 12:31:24,223][DEBUG][ENGINE][SqlQuery][wal_thread] SELECT global_lsn FROM Environment;
[2021-01-12 12:31:24,224][DEBUG][ENGINE][SetGlobalLastLSN][wal_thread] Update global lsn = 0
[2021-01-12 12:31:24,224][DEBUG][ENGINE][SqlQuery][milvus_server] SELECT id, table_id, segment_id, engine_type, file_id, file_type, date FROM TableFiles WHERE file_type IN (4,7) AND updated_time < 1610425874224614;
[2021-01-12 12:31:24,225][DEBUG][ENGINE][SqlQuery][milvus_server] SELECT id, table_id FROM Tables WHERE state = 1;
[2021-01-12 12:31:25,191][DEBUG][ENGINE][SqlQuery][milvus_server] SELECT id, table_id, segment_id, file_id, file_type, file_size, row_count, date, engine_type, created_on, updated_time FROM 'TableFiles' WHERE file_type = 2;
[2021-01-12 12:31:25,224][DEBUG][ENGINE][SqlQuery][wal_thread] SELECT global_lsn FROM Environment;
[2021-01-12 12:31:25,226][DEBUG][ENGINE][SetGlobalLastLSN][wal_thread] Update global lsn = 0
[2021-01-12 12:31:25,227][DEBUG][ENGINE][SqlQuery][milvus_server] SELECT id, table_id, segment_id, engine_type, file_id, file_type, date FROM TableFiles WHERE file_type IN (4,7) AND updated_time < 1610425875227098;
[2021-01-12 12:31:25,228][DEBUG][ENGINE][SqlQuery][milvus_server] SELECT id, table_id FROM Tables WHERE state = 1;
[2021-01-12 12:31:26,191][DEBUG][ENGINE][SqlQuery][milvus_server] SELECT id, table_id, segment_id, file_id, file_type, file_size, row_count, date, engine_type, created_on, updated_time FROM 'TableFiles' WHERE file_type = 2;
[2021-01-12 12:31:26,227][DEBUG][ENGINE][SqlQuery][wal_thread] SELECT global_lsn FROM Environment;
[2021-01-12 12:31:26,228][DEBUG][ENGINE][SetGlobalLastLSN][wal_thread] Update global lsn = 0
[2021-01-12 12:31:26,229][DEBUG][ENGINE][SqlQuery][milvus_server] SELECT id, table_id, segment_id, engine_type, file_id, file_type, date FROM TableFiles WHERE file_type IN (4,7) AND updated_time < 1610425876229399;
[2021-01-12 12:31:26,230][DEBUG][ENGINE][SqlQuery][milvus_server] SELECT id, table_id FROM Tables WHERE state = 1;
[2021-01-12 12:31:27,191][DEBUG][ENGINE][SqlQuery][milvus_server] SELECT id, table_id, segment_id, file_id, file_type, file_size, row_count, date, engine_type, created_on, updated_time FROM 'TableFiles' WHERE file_type = 2;
[2021-01-12 12:31:27,229][DEBUG][ENGINE][SqlQuery][wal_thread] SELECT global_lsn FROM Environment;
[2021-01-12 12:31:27,230][DEBUG][ENGINE][SetGlobalLastLSN][wal_thread] Update global lsn = 0
[2021-01-12 12:31:27,233][DEBUG][ENGINE][SqlQuery][milvus_server] SELECT id, table_id, segment_id, engine_type, file_id, file_type, date FROM TableFiles WHERE file_type IN (4,7) AND updated_time < 1610425877233498;
[2021-01-12 12:31:27,234][DEBUG][ENGINE][SqlQuery][milvus_server] SELECT id, table_id FROM Tables WHERE state = 1;
[2021-01-12 12:31:28,192][DEBUG][ENGINE][SqlQuery][milvus_server] SELECT id, table_id, segment_id, file_id, file_type, file_size, row_count, date, engine_type, created_on, updated_time FROM 'TableFiles' WHERE file_type = 2;
[2021-01-12 12:31:28,233][DEBUG][ENGINE][SqlQuery][wal_thread] SELECT global_lsn FROM Environment;
[2021-01-12 12:31:28,234][DEBUG][ENGINE][SetGlobalLastLSN][wal_thread] Update global lsn = 0
[2021-01-12 12:31:28,234][DEBUG][ENGINE][SqlQuery][milvus_server] SELECT id, table_id, segment_id, engine_type, file_id, file_type, date FROM TableFiles WHERE file_type IN (4,7) AND updated_time < 1610425878234642;
[2021-01-12 12:31:28,235][DEBUG][ENGINE][SqlQuery][milvus_server] SELECT id, table_id FROM Tables WHERE state = 1;
[2021-01-12 12:31:29,192][DEBUG][ENGINE][SqlQuery][milvus_server] SELECT id, table_id, segment_id, file_id, file_type, file_size, row_count, date, engine_type, created_on, updated_time FROM 'TableFiles' WHERE file_type = 2;
[2021-01-12 12:31:29,235][DEBUG][ENGINE][SqlQuery][wal_thread] SELECT global_lsn FROM Environment;
[2021-01-12 12:31:29,236][DEBUG][ENGINE][SetGlobalLastLSN][wal_thread] Update global lsn = 0
[2021-01-12 12:31:29,236][DEBUG][ENGINE][SqlQuery][milvus_server] SELECT id, table_id, segment_id, engine_type, file_id, file_type, date FROM TableFiles WHERE file_type IN (4,7) AND updated_time < 1610425879236760;
[2021-01-12 12:31:29,237][DEBUG][ENGINE][SqlQuery][milvus_server] SELECT id, table_id FROM Tables WHERE state = 1;
[2021-01-12 12:31:30,192][DEBUG][ENGINE][SqlQuery][milvus_server] SELECT id, table_id, segment_id, file_id, file_type, file_size, row_count, date, engine_type, created_on, updated_time FROM 'TableFiles' WHERE file_type = 2;
[2021-01-12 12:31:30,237][DEBUG][ENGINE][SqlQuery][wal_thread] SELECT global_lsn FROM Environment;
[2021-01-12 12:31:30,239][DEBUG][ENGINE][SetGlobalLastLSN][wal_thread] Update global lsn = 0
[2021-01-12 12:31:30,241][DEBUG][ENGINE][SqlQuery][milvus_server] SELECT id, table_id, segment_id, engine_type, file_id, file_type, date FROM TableFiles WHERE file_type IN (4,7) AND updated_time < 1610425880241505;
[2021-01-12 12:31:30,243][DEBUG][ENGINE][SqlQuery][milvus_server] SELECT id, table_id FROM Tables WHERE state = 1;
[2021-01-12 12:31:31,193][DEBUG][ENGINE][SqlQuery][milvus_server] SELECT id, table_id, segment_id, file_id, file_type, file_size, row_count, date, engine_type, created_on, updated_time FROM 'TableFiles' WHERE file_type = 2;
[2021-01-12 12:31:31,241][DEBUG][ENGINE][SqlQuery][wal_thread] SELECT global_lsn FROM Environment;
[2021-01-12 12:31:31,243][DEBUG][ENGINE][SetGlobalLastLSN][wal_thread] Update global lsn = 0
[2021-01-12 12:31:31,244][DEBUG][ENGINE][SqlQuery][milvus_server] SELECT id, table_id, segment_id, engine_type, file_id, file_type, date FROM TableFiles WHERE file_type IN (4,7) AND updated_time < 1610425881244498;
[2021-01-12 12:31:31,245][DEBUG][ENGINE][SqlQuery][milvus_server] SELECT id, table_id FROM Tables WHERE state = 1;
[2021-01-12 12:31:32,193][DEBUG][ENGINE][SqlQuery][milvus_server] SELECT id, table_id, segment_id, file_id, file_type, file_size, row_count, date, engine_type, created_on, updated_time FROM 'TableFiles' WHERE file_type = 2;
[2021-01-12 12:31:32,244][DEBUG][ENGINE][SqlQuery][wal_thread] SELECT global_lsn FROM Environment;
[2021-01-12 12:31:32,245][DEBUG][ENGINE][SetGlobalLastLSN][wal_thread] Update global lsn = 0
[2021-01-12 12:31:32,246][DEBUG][ENGINE][SqlQuery][milvus_server] SELECT id, table_id, segment_id, engine_type, file_id, file_type, date FROM TableFiles WHERE file_type IN (4,7) AND updated_time < 1610425882246313;
[2021-01-12 12:31:32,247][DEBUG][ENGINE][SqlQuery][milvus_server] SELECT id, table_id FROM Tables WHERE state = 1;
[2021-01-12 12:31:33,193][DEBUG][ENGINE][SqlQuery][milvus_server] SELECT id, table_id, segment_id, file_id, file_type, file_size, row_count, date, engine_type, created_on, updated_time FROM 'TableFiles' WHERE file_type = 2;
[2021-01-12 12:31:33,246][DEBUG][ENGINE][SqlQuery][wal_thread] SELECT global_lsn FROM Environment;
[2021-01-12 12:31:33,247][DEBUG][ENGINE][SetGlobalLastLSN][wal_thread] Update global lsn = 0
[2021-01-12 12:31:33,248][DEBUG][ENGINE][SqlQuery][milvus_server] SELECT id, table_id, segment_id, engine_type, file_id, file_type, date FROM TableFiles WHERE file_type IN (4,7) AND updated_time < 1610425883248015;
[2021-01-12 12:31:33,248][DEBUG][ENGINE][SqlQuery][milvus_server] SELECT id, table_id FROM Tables WHERE state = 1;
[2021-01-12 12:31:34,194][DEBUG][ENGINE][SqlQuery][milvus_server] SELECT id, table_id, segment_id, file_id, file_type, file_size, row_count, date, engine_type, created_on, updated_time FROM 'TableFiles' WHERE file_type = 2;
[2021-01-12 12:31:34,248][DEBUG][ENGINE][SqlQuery][wal_thread] SELECT global_lsn FROM Environment;
[2021-01-12 12:31:34,249][DEBUG][ENGINE][SetGlobalLastLSN][wal_thread] Update global lsn = 0
[2021-01-12 12:31:34,249][DEBUG][ENGINE][SqlQuery][milvus_server] SELECT id, table_id, segment_id, engine_type, file_id, file_type, date FROM TableFiles WHERE file_type IN (4,7) AND updated_time < 1610425884249741;
[2021-01-12 12:31:34,250][DEBUG][ENGINE][SqlQuery][milvus_server] SELECT id, table_id FROM Tables WHERE state = 1;
[2021-01-12 12:31:35,194][DEBUG][ENGINE][SqlQuery][milvus_server] SELECT id, table_id, segment_id, file_id, file_type, file_size, row_count, date, engine_type, created_on, updated_time FROM 'TableFiles' WHERE file_type = 2;
[2021-01-12 12:31:35,250][DEBUG][ENGINE][SqlQuery][wal_thread] SELECT global_lsn FROM Environment;
[2021-01-12 12:31:35,250][DEBUG][ENGINE][SetGlobalLastLSN][wal_thread] Update global lsn = 0
[2021-01-12 12:31:35,251][DEBUG][ENGINE][SqlQuery][milvus_server] SELECT id, table_id, segment_id, engine_type, file_id, file_type, date FROM TableFiles WHERE file_type IN (4,7) AND updated_time < 1610425885251436;
[2021-01-12 12:31:35,252][DEBUG][ENGINE][SqlQuery][milvus_server] SELECT id, table_id FROM Tables WHERE state = 1;
[2021-01-12 12:31:36,194][DEBUG][ENGINE][SqlQuery][milvus_server] SELECT id, table_id, segment_id, file_id, file_type, file_size, row_count, date, engine_type, created_on, updated_time FROM 'TableFiles' WHERE file_type = 2;
[2021-01-12 12:31:36,251][DEBUG][ENGINE][SqlQuery][wal_thread] SELECT global_lsn FROM Environment;
[2021-01-12 12:31:36,253][DEBUG][ENGINE][SetGlobalLastLSN][wal_thread] Update global lsn = 0
[2021-01-12 12:31:36,254][DEBUG][ENGINE][SqlQuery][milvus_server] SELECT id, table_id, segment_id, engine_type, file_id, file_type, date FROM TableFiles WHERE file_type IN (4,7) AND updated_time < 1610425886254010;
[2021-01-12 12:31:36,255][DEBUG][ENGINE][SqlQuery][milvus_server] SELECT id, table_id FROM Tables WHERE state = 1;
[2021-01-12 12:31:37,194][DEBUG][ENGINE][SqlQuery][milvus_server] SELECT id, table_id, segment_id, file_id, file_type, file_size, row_count, date, engine_type, created_on, updated_time FROM 'TableFiles' WHERE file_type = 2;
[2021-01-12 12:31:37,253][DEBUG][ENGINE][SqlQuery][wal_thread] SELECT global_lsn FROM Environment;
[2021-01-12 12:31:37,254][DEBUG][ENGINE][SetGlobalLastLSN][wal_thread] Update global lsn = 0
[2021-01-12 12:31:37,255][DEBUG][ENGINE][SqlQuery][milvus_server] SELECT id, table_id, segment_id, engine_type, file_id, file_type, date FROM TableFiles WHERE file_type IN (4,7) AND updated_time < 1610425887255372;
[2021-01-12 12:31:37,255][DEBUG][ENGINE][SqlQuery][milvus_server] SELECT id, table_id FROM Tables WHERE state = 1;
[2021-01-12 12:31:38,195][DEBUG][ENGINE][SqlQuery][milvus_server] SELECT id, table_id, segment_id, file_id, file_type, file_size, row_count, date, engine_type, created_on, updated_time FROM 'TableFiles' WHERE file_type = 2;
[2021-01-12 12:31:38,255][DEBUG][ENGINE][SqlQuery][wal_thread] SELECT global_lsn FROM Environment;
[2021-01-12 12:31:38,256][DEBUG][ENGINE][SetGlobalLastLSN][wal_thread] Update global lsn = 0
[2021-01-12 12:31:38,256][DEBUG][ENGINE][SqlQuery][milvus_server] SELECT id, table_id, segment_id, engine_type, file_id, file_type, date FROM TableFiles WHERE file_type IN (4,7) AND updated_time < 1610425888256546;
[2021-01-12 12:31:38,257][DEBUG][ENGINE][SqlQuery][milvus_server] SELECT id, table_id FROM Tables WHERE state = 1;
[2021-01-12 12:31:39,195][DEBUG][ENGINE][SqlQuery][milvus_server] SELECT id, table_id, segment_id, file_id, file_type, file_size, row_count, date, engine_type, created_on, updated_time FROM 'TableFiles' WHERE file_type = 2;
[2021-01-12 12:31:39,256][DEBUG][ENGINE][SqlQuery][wal_thread] SELECT global_lsn FROM Environment;
[2021-01-12 12:31:39,257][DEBUG][ENGINE][SetGlobalLastLSN][wal_thread] Update global lsn = 0
[2021-01-12 12:31:39,258][DEBUG][ENGINE][SqlQuery][milvus_server] SELECT id, table_id, segment_id, engine_type, file_id, file_type, date FROM TableFiles WHERE file_type IN (4,7) AND updated_time < 1610425889258128;
[2021-01-12 12:31:39,258][DEBUG][ENGINE][SqlQuery][milvus_server] SELECT id, table_id FROM Tables WHERE state = 1;
[2021-01-12 12:31:40,195][DEBUG][ENGINE][SqlQuery][milvus_server] SELECT id, table_id, segment_id, file_id, file_type, file_size, row_count, date, engine_type, created_on, updated_time FROM 'TableFiles' WHERE file_type = 2;
[2021-01-12 12:31:40,258][DEBUG][ENGINE][SqlQuery][wal_thread] SELECT global_lsn FROM Environment;
[2021-01-12 12:31:40,258][DEBUG][ENGINE][SetGlobalLastLSN][wal_thread] Update global lsn = 0
[2021-01-12 12:31:40,259][DEBUG][ENGINE][SqlQuery][milvus_server] SELECT id, table_id, segment_id, engine_type, file_id, file_type, date FROM TableFiles WHERE file_type IN (4,7) AND updated_time < 1610425890259372;
[2021-01-12 12:31:40,260][DEBUG][ENGINE][SqlQuery][milvus_server] SELECT id, table_id FROM Tables WHERE state = 1;
[2021-01-12 12:31:41,195][DEBUG][ENGINE][SqlQuery][milvus_server] SELECT id, table_id, segment_id, file_id, file_type, file_size, row_count, date, engine_type, created_on, updated_time FROM 'TableFiles' WHERE file_type = 2;
[2021-01-12 12:31:41,259][DEBUG][ENGINE][SqlQuery][wal_thread] SELECT global_lsn FROM Environment;
[2021-01-12 12:31:41,260][DEBUG][ENGINE][SetGlobalLastLSN][wal_thread] Update global lsn = 0
[2021-01-12 12:31:41,260][DEBUG][ENGINE][SqlQuery][milvus_server] SELECT id, table_id, segment_id, engine_type, file_id, file_type, date FROM TableFiles WHERE file_type IN (4,7) AND updated_time < 1610425891260601;
[2021-01-12 12:31:41,261][DEBUG][ENGINE][SqlQuery][milvus_server] SELECT id, table_id FROM Tables WHERE state = 1;
[2021-01-12 12:31:42,195][DEBUG][ENGINE][SqlQuery][milvus_server] SELECT id, table_id, segment_id, file_id, file_type, file_size, row_count, date, engine_type, created_on, updated_time FROM 'TableFiles' WHERE file_type = 2;
[2021-01-12 12:31:42,260][DEBUG][ENGINE][SqlQuery][wal_thread] SELECT global_lsn FROM Environment;
[2021-01-12 12:31:42,261][DEBUG][ENGINE][SetGlobalLastLSN][wal_thread] Update global lsn = 0
[2021-01-12 12:31:42,262][DEBUG][ENGINE][SqlQuery][milvus_server] SELECT id, table_id, segment_id, engine_type, file_id, file_type, date FROM TableFiles WHERE file_type IN (4,7) AND updated_time < 1610425892262894;
[2021-01-12 12:31:42,263][DEBUG][ENGINE][SqlQuery][milvus_server] SELECT id, table_id FROM Tables WHERE state = 1;
[2021-01-12 12:31:43,196][DEBUG][ENGINE][SqlQuery][milvus_server] SELECT id, table_id, segment_id, file_id, file_type, file_size, row_count, date, engine_type, created_on, updated_time FROM 'TableFiles' WHERE file_type = 2;
[2021-01-12 12:31:43,263][DEBUG][ENGINE][SqlQuery][wal_thread] SELECT global_lsn FROM Environment;
[2021-01-12 12:31:43,263][DEBUG][ENGINE][SetGlobalLastLSN][wal_thread] Update global lsn = 0
[2021-01-12 12:31:43,264][DEBUG][ENGINE][SqlQuery][milvus_server] SELECT id, table_id, segment_id, engine_type, file_id, file_type, date FROM TableFiles WHERE file_type IN (4,7) AND updated_time < 1610425893264257;
[2021-01-12 12:31:43,264][DEBUG][ENGINE][SqlQuery][milvus_server] SELECT id, table_id FROM Tables WHERE state = 1;
[2021-01-12 12:31:44,196][DEBUG][ENGINE][SqlQuery][milvus_server] SELECT id, table_id, segment_id, file_id, file_type, file_size, row_count, date, engine_type, created_on, updated_time FROM 'TableFiles' WHERE file_type = 2;
[2021-01-12 12:31:44,264][DEBUG][ENGINE][SqlQuery][wal_thread] SELECT global_lsn FROM Environment;
[2021-01-12 12:31:44,264][DEBUG][ENGINE][SetGlobalLastLSN][wal_thread] Update global lsn = 0
[2021-01-12 12:31:44,265][DEBUG][ENGINE][SqlQuery][milvus_server] SELECT id, table_id, segment_id, engine_type, file_id, file_type, date FROM TableFiles WHERE file_type IN (4,7) AND updated_time < 1610425894265322;
[2021-01-12 12:31:44,266][DEBUG][ENGINE][SqlQuery][milvus_server] SELECT id, table_id FROM Tables WHERE state = 1;
[2021-01-12 12:31:45,196][DEBUG][ENGINE][SqlQuery][milvus_server] SELECT id, table_id, segment_id, file_id, file_type, file_size, row_count, date, engine_type, created_on, updated_time FROM 'TableFiles' WHERE file_type = 2;
[2021-01-12 12:31:45,265][DEBUG][ENGINE][SqlQuery][wal_thread] SELECT global_lsn FROM Environment;
[2021-01-12 12:31:45,266][DEBUG][ENGINE][SetGlobalLastLSN][wal_thread] Update global lsn = 0
[2021-01-12 12:31:45,266][DEBUG][ENGINE][SqlQuery][milvus_server] SELECT id, table_id, segment_id, engine_type, file_id, file_type, date FROM TableFiles WHERE file_type IN (4,7) AND updated_time < 1610425895266480;
[2021-01-12 12:31:45,266][DEBUG][ENGINE][SqlQuery][milvus_server] SELECT id, table_id FROM Tables WHERE state = 1;
[2021-01-12 12:31:46,196][DEBUG][ENGINE][SqlQuery][milvus_server] SELECT id, table_id, segment_id, file_id, file_type, file_size, row_count, date, engine_type, created_on, updated_time FROM 'TableFiles' WHERE file_type = 2;
[2021-01-12 12:31:46,266][DEBUG][ENGINE][SqlQuery][wal_thread] SELECT global_lsn FROM Environment;
[2021-01-12 12:31:46,267][DEBUG][ENGINE][SetGlobalLastLSN][wal_thread] Update global lsn = 0
[2021-01-12 12:31:46,267][DEBUG][ENGINE][SqlQuery][milvus_server] SELECT id, table_id, segment_id, engine_type, file_id, file_type, date FROM TableFiles WHERE file_type IN (4,7) AND updated_time < 1610425896267690;
[2021-01-12 12:31:46,268][DEBUG][ENGINE][SqlQuery][milvus_server] SELECT id, table_id FROM Tables WHERE state = 1;
[2021-01-12 12:31:47,196][DEBUG][ENGINE][SqlQuery][milvus_server] SELECT id, table_id, segment_id, file_id, file_type, file_size, row_count, date, engine_type, created_on, updated_time FROM 'TableFiles' WHERE file_type = 2;
[2021-01-12 12:31:47,267][DEBUG][ENGINE][SqlQuery][wal_thread] SELECT global_lsn FROM Environment;
[2021-01-12 12:31:47,268][DEBUG][ENGINE][SetGlobalLastLSN][wal_thread] Update global lsn = 0
[2021-01-12 12:31:47,268][DEBUG][ENGINE][SqlQuery][milvus_server] SELECT id, table_id, segment_id, engine_type, file_id, file_type, date FROM TableFiles WHERE file_type IN (4,7) AND updated_time < 1610425897268899;
[2021-01-12 12:31:47,269][DEBUG][ENGINE][SqlQuery][milvus_server] SELECT id, table_id FROM Tables WHERE state = 1;
[2021-01-12 12:31:48,196][DEBUG][ENGINE][SqlQuery][milvus_server] SELECT id, table_id, segment_id, file_id, file_type, file_size, row_count, date, engine_type, created_on, updated_time FROM 'TableFiles' WHERE file_type = 2;
[2021-01-12 12:31:48,269][DEBUG][ENGINE][SqlQuery][wal_thread] SELECT global_lsn FROM Environment;
[2021-01-12 12:31:48,269][DEBUG][ENGINE][SetGlobalLastLSN][wal_thread] Update global lsn = 0
[2021-01-12 12:31:48,270][DEBUG][ENGINE][SqlQuery][milvus_server] SELECT id, table_id, segment_id, engine_type, file_id, file_type, date FROM TableFiles WHERE file_type IN (4,7) AND updated_time < 1610425898270126;
[2021-01-12 12:31:48,270][DEBUG][ENGINE][SqlQuery][milvus_server] SELECT id, table_id FROM Tables WHERE state = 1;
[2021-01-12 12:31:49,197][DEBUG][ENGINE][SqlQuery][milvus_server] SELECT id, table_id, segment_id, file_id, file_type, file_size, row_count, date, engine_type, created_on, updated_time FROM 'TableFiles' WHERE file_type = 2;
[2021-01-12 12:31:49,270][DEBUG][ENGINE][SqlQuery][wal_thread] SELECT global_lsn FROM Environment;
[2021-01-12 12:31:49,271][DEBUG][ENGINE][SetGlobalLastLSN][wal_thread] Update global lsn = 0
[2021-01-12 12:31:49,271][DEBUG][ENGINE][SqlQuery][milvus_server] SELECT id, table_id, segment_id, engine_type, file_id, file_type, date FROM TableFiles WHERE file_type IN (4,7) AND updated_time < 1610425899271647;
[2021-01-12 12:31:49,272][DEBUG][ENGINE][SqlQuery][milvus_server] SELECT id, table_id FROM Tables WHERE state = 1;
[2021-01-12 12:31:50,197][DEBUG][ENGINE][SqlQuery][milvus_server] SELECT id, table_id, segment_id, file_id, file_type, file_size, row_count, date, engine_type, created_on, updated_time FROM 'TableFiles' WHERE file_type = 2;
[2021-01-12 12:31:50,271][DEBUG][ENGINE][SqlQuery][wal_thread] SELECT global_lsn FROM Environment;
[2021-01-12 12:31:50,272][DEBUG][ENGINE][SetGlobalLastLSN][wal_thread] Update global lsn = 0
[2021-01-12 12:31:50,272][DEBUG][ENGINE][SqlQuery][milvus_server] SELECT id, table_id, segment_id, engine_type, file_id, file_type, date FROM TableFiles WHERE file_type IN (4,7) AND updated_time < 1610425900272825;
[2021-01-12 12:31:50,273][DEBUG][ENGINE][SqlQuery][milvus_server] SELECT id, table_id FROM Tables WHERE state = 1;
[2021-01-12 12:31:51,197][DEBUG][ENGINE][SqlQuery][milvus_server] SELECT id, table_id, segment_id, file_id, file_type, file_size, row_count, date, engine_type, created_on, updated_time FROM 'TableFiles' WHERE file_type = 2;
[2021-01-12 12:31:51,273][DEBUG][ENGINE][SqlQuery][wal_thread] SELECT global_lsn FROM Environment;
[2021-01-12 12:31:51,273][DEBUG][ENGINE][SetGlobalLastLSN][wal_thread] Update global lsn = 0
[2021-01-12 12:31:51,274][DEBUG][ENGINE][SqlQuery][milvus_server] SELECT id, table_id, segment_id, engine_type, file_id, file_type, date FROM TableFiles WHERE file_type IN (4,7) AND updated_time < 1610425901274517;
[2021-01-12 12:31:51,275][DEBUG][ENGINE][SqlQuery][milvus_server] SELECT id, table_id FROM Tables WHERE state = 1;
[2021-01-12 12:31:52,198][DEBUG][ENGINE][SqlQuery][milvus_server] SELECT id, table_id, segment_id, file_id, file_type, file_size, row_count, date, engine_type, created_on, updated_time FROM 'TableFiles' WHERE file_type = 2;
[2021-01-12 12:31:52,274][DEBUG][ENGINE][SqlQuery][wal_thread] SELECT global_lsn FROM Environment;
[2021-01-12 12:31:52,275][DEBUG][ENGINE][SetGlobalLastLSN][wal_thread] Update global lsn = 0
[2021-01-12 12:31:52,275][DEBUG][ENGINE][SqlQuery][milvus_server] SELECT id, table_id, segment_id, engine_type, file_id, file_type, date FROM TableFiles WHERE file_type IN (4,7) AND updated_time < 1610425902275556;
[2021-01-12 12:31:52,276][DEBUG][ENGINE][SqlQuery][milvus_server] SELECT id, table_id FROM Tables WHERE state = 1;
[2021-01-12 12:31:53,198][DEBUG][ENGINE][SqlQuery][milvus_server] SELECT id, table_id, segment_id, file_id, file_type, file_size, row_count, date, engine_type, created_on, updated_time FROM 'TableFiles' WHERE file_type = 2;
[2021-01-12 12:31:53,275][DEBUG][ENGINE][SqlQuery][wal_thread] SELECT global_lsn FROM Environment;
[2021-01-12 12:31:53,276][DEBUG][ENGINE][SetGlobalLastLSN][wal_thread] Update global lsn = 0
[2021-01-12 12:31:53,276][DEBUG][ENGINE][SqlQuery][milvus_server] SELECT id, table_id, segment_id, engine_type, file_id, file_type, date FROM TableFiles WHERE file_type IN (4,7) AND updated_time < 1610425903276816;
[2021-01-12 12:31:53,277][DEBUG][ENGINE][SqlQuery][milvus_server] SELECT id, table_id FROM Tables WHERE state = 1;
[2021-01-12 12:31:54,198][DEBUG][ENGINE][SqlQuery][milvus_server] SELECT id, table_id, segment_id, file_id, file_type, file_size, row_count, date, engine_type, created_on, updated_time FROM 'TableFiles' WHERE file_type = 2;
[2021-01-12 12:31:54,276][DEBUG][ENGINE][SqlQuery][wal_thread] SELECT global_lsn FROM Environment;
[2021-01-12 12:31:54,277][DEBUG][ENGINE][SetGlobalLastLSN][wal_thread] Update global lsn = 0
[2021-01-12 12:31:54,278][DEBUG][ENGINE][SqlQuery][milvus_server] SELECT id, table_id, segment_id, engine_type, file_id, file_type, date FROM TableFiles WHERE file_type IN (4,7) AND updated_time < 1610425904278067;
[2021-01-12 12:31:54,278][DEBUG][ENGINE][SqlQuery][milvus_server] SELECT id, table_id FROM Tables WHERE state = 1;
[2021-01-12 12:31:54,823][DEBUG][ENGINE][SqlQuery][wal_thread] SELECT global_lsn FROM Environment;
[2021-01-12 12:31:54,824][DEBUG][ENGINE][SetGlobalLastLSN][wal_thread] Update global lsn = 0
[2021-01-12 12:31:54,825][DEBUG][ENGINE][SqlQuery][milvus_server] SELECT id, table_id, segment_id, engine_type, file_id, file_type, date FROM TableFiles WHERE file_type IN (4,7) AND updated_time < 1610425904825185;
[2021-01-12 12:31:54,826][DEBUG][ENGINE][SqlQuery][milvus_server] SELECT id, table_id FROM Tables WHERE state = 1;
[2021-01-12 12:31:54,826][DEBUG][ENGINE][BackgroundWalThread][wal_thread] WAL background thread exit
[2021-01-12 12:31:54,827][DEBUG][ENGINE][SqlQuery][milvus_server] SELECT id, table_id, segment_id, file_id, file_type, file_size, row_count, date, engine_type, created_on, updated_time FROM 'TableFiles' WHERE file_type = 2;
[2021-01-12 12:31:54,828][DEBUG][ENGINE][BackgroundIndexThread][index_thread] DB background thread exit
[2021-01-12 12:31:54,828][DEBUG][ENGINE][SqlTransaction][milvus_server] DELETE FROM TableFiles WHERE file_type IN (0,5,6);
