[2021-01-03 14:05:02,959][INFO][SERVER][Check][milvus_server] InstanceLockCheck passed.
[2021-01-03 14:05:02,963][INFO][SERVER][Check][milvus_server] InstanceLockCheck passed.
[2021-01-03 14:05:02,964][INFO][SERVER][Start][milvus_server] Milvus Release version: v0.10.4, built at 2020-12-01 14:51.19
[2021-01-03 14:05:02,964][INFO][SERVER][Start][milvus_server] CPU edition
[2021-01-03 14:05:02,968][INFO][SERVER][CheckCpuInstructionSet][milvus_server] Supported CPU instruction sets: avx2, sse4_2
[2021-01-03 14:05:02,981][INFO][SERVER][LogConfigInFile][milvus_server] 

***************Config in file***************

version: 0.5
cluster:
  enable: false
  role: rw
general:
  timezone: UTC+8
  meta_uri: sqlite://:@:/
network:
  bind.address: 0.0.0.0
  bind.port: 19530
  http.enable: true
  http.port: 19121
storage:
  path: /var/lib/milvus
  auto_flush_interval: 1
wal:
  enable: true
  recovery_error_ignore: false
  buffer_size: 256MB
  path: /var/lib/milvus/wal
cache:
  cache_size: 1GB
  insert_buffer_size: 1GB
  preload_collection: ~
gpu:
  enable: false
  cache_size: 1GB
  gpu_search_threshold: 1000
  search_devices:
    - gpu0
  build_index_devices:
    - gpu0
fpga:
  enable: false
  search_devices:
    - fpga0
logs:
  level: debug
  trace.enable: true
  path: /var/lib/milvus/logs
  max_log_file_size: 1024MB
  log_rotate_num: 0
metric:
  enable: false
  address: 127.0.0.1
  port: 9091
[2021-01-03 14:05:02,985][INFO][SERVER][LogCpuInfo][milvus_server] 

***************CPU***************

processor	: 1
vendor_id	: GenuineIntel
cpu family	: 6
model		: 142
model name	: Intel(R) Core(TM) i5-8250U CPU @ 1.60GHz
stepping	: 10
microcode	: 0xffffffff
cpu MHz		: 1799.999
cache size	: 6144 KB
physical id	: 0
siblings	: 2
core id		: 0
cpu cores	: 1
apicid		: 1
initial apicid	: 1
fpu		: yes
fpu_exception	: yes
cpuid level	: 21
wp		: yes
flags		: fpu vme de pse tsc msr pae mce cx8 apic sep mtrr pge mca cmov pat pse36 clflush mmx fxsr sse sse2 ss ht syscall nx pdpe1gb rdtscp lm constant_tsc rep_good nopl xtopology cpuid pni pclmulqdq ssse3 fma cx16 pcid sse4_1 sse4_2 movbe popcnt aes xsave avx f16c rdrand hypervisor lahf_lm abm 3dnowprefetch invpcid_single ssbd ibrs ibpb stibp fsgsbase bmi1 avx2 smep bmi2 erms invpcid mpx rdseed adx smap clflushopt xsaveopt xsavec xgetbv1 xsaves flush_l1d arch_capabilities
bugs		: cpu_meltdown spectre_v1 spectre_v2 spec_store_bypass l1tf mds swapgs itlb_multihit
bogomips	: 3599.99
clflush size	: 64
cache_alignment	: 64
address sizes	: 39 bits physical, 48 bits virtual
power management:


[2021-01-03 14:05:02,987][INFO][SERVER][LogConfigInMem][milvus_server] 

***************Config in memory***************

{
   "cache": {
      "cache_insert_data": "false",
      "cache_size": "1GB",
      "cpu_cache_threshold": "0.7",
      "insert_buffer_size": "1GB",
      "preload_collection": ""
   },
   "cluster": {
      "enable": "false",
      "role": "rw"
   },
   "db_config": {
      "archive_days_threshold": "0",
      "archive_disk_threshold": "0"
   },
   "engine_config": {
      "max_partition_num": "4096",
      "omp_thread_num": "0",
      "simd_type": "auto",
      "use_blas_threshold": "1100"
   },
   "general": {
      "meta_uri": "sqlite://:@:/",
      "timezone": "UTC+8"
   },
   "logs": {
      "level": "debug",
      "log_rotate_num": "0",
      "max_log_file_size": "1024MB",
      "path": "/var/lib/milvus/logs",
      "trace.enable": "true"
   },
   "metric": {
      "address": "127.0.0.1",
      "enable": "false",
      "port": "9091"
   },
   "network": {
      "bind.address": "0.0.0.0",
      "bind.port": "19530",
      "http.enable": "true",
      "http.port": "19121"
   },
   "storage": {
      "auto_flush_interval": "1",
      "path": "/var/lib/milvus"
   },
   "tracing_config": {
      "json_config_path": ""
   },
   "wal": {
      "buffer_size": "256MB",
      "enable": "true",
      "path": "/var/lib/milvus/wal",
      "recovery_error_ignore": "false"
   }
}
[2021-01-03 14:05:03,132][INFO][ENGINE][Build][milvus_server] Using SQLite
[2021-01-03 14:07:20,843][INFO][SERVER][Cmd][grpcpp_sync_ser] Request [0] Cmd begin.
[2021-01-03 14:07:20,846][INFO][SERVER][PutToQueue][grpcpp_sync_ser] Create new thread for request group: info
[2021-01-03 14:07:20,850][INFO][SERVER][Cmd][grpcpp_sync_ser] Request [0] Cmd end.
[2021-01-03 14:07:20,862][INFO][SERVER][HasCollection][grpcpp_sync_ser] Request [1] HasCollection begin.
[2021-01-03 14:07:20,867][INFO][SERVER][HasCollection][grpcpp_sync_ser] Request [1] HasCollection end.
[2021-01-03 14:07:20,872][INFO][SERVER][Insert][grpcpp_sync_ser] Request [2] Insert begin.
[2021-01-03 14:07:20,873][INFO][SERVER][PutToQueue][grpcpp_sync_ser] Create new thread for request group: ddl_dml
[2021-01-03 14:07:20,874][INFO][SERVER][OnExecute][reqsched_thread] [insert][0] Execute insert request.
[2021-01-03 14:07:20,905][INFO][WAL][Insert][reqsched_thread] [insert][0]retina_face insert in part  with lsn 8589936680
[2021-01-03 14:07:20,910][INFO][WAL][GetNextRecord][wal_thread] record type 2 collection retina_face lsn 8589936680
[2021-01-03 14:07:20,917][INFO][SERVER][Insert][grpcpp_sync_ser] Request [2] Insert end.
[2021-01-03 14:07:20,923][INFO][SERVER][Flush][grpcpp_sync_ser] Request [3] Flush begin.
[2021-01-03 14:07:20,930][INFO][WAL][Flush][reqsched_thread] retina_face want to be flush, lsn 8589936680
[2021-01-03 14:07:20,935][INFO][WAL][operator()][wal_thread] record flush collection retina_face lsn 8589936680
[2021-01-03 14:07:21,081][INFO][WAL][CollectionFlushed][wal_thread] retina_face is flushed by lsn 8589936680
[2021-01-03 14:07:21,084][INFO][SERVER][Flush][grpcpp_sync_ser] Request [3] Flush end.
[2021-01-03 14:07:21,091][INFO][SERVER][DropCollection][grpcpp_sync_ser] Request [4] DropCollection begin.
[2021-01-03 14:07:21,099][INFO][WAL][DropCollection][reqsched_thread] drop collection retina_face
[2021-01-03 14:07:21,124][INFO][WAL][Flush][reqsched_thread]  want to be flush, lsn 8589936680
[2021-01-03 14:07:21,135][INFO][WAL][operator()][wal_thread] record flush collection  lsn 8589936680
[2021-01-03 14:07:21,144][INFO][SERVER][DropCollection][grpcpp_sync_ser] Request [4] DropCollection end.
[2021-01-03 14:07:21,150][INFO][SERVER][Search][grpcpp_sync_ser] Request [5] Search begin.
[2021-01-03 14:07:21,151][INFO][SERVER][OnPreExecute][grpcpp_sync_ser] [search][0] Search pre-execute. Check search parameters
[2021-01-03 14:07:21,154][INFO][SERVER][PutToQueue][grpcpp_sync_ser] Create new thread for request group: dql
[2021-01-03 14:07:21,155][INFO][SERVER][OnExecute][reqsched_thread] [search][0] Search execute.
[2021-01-03 14:07:21,162][INFO][SERVER][Search][grpcpp_sync_ser] Request [5] Search end.
[2021-01-03 14:07:31,198][INFO][SERVER][CpuCacheMgr][milvus_server] cpu cache.size: 1073741824
[2021-01-03 14:07:56,366][INFO][SERVER][Cmd][grpcpp_sync_ser] Request [6] Cmd begin.
[2021-01-03 14:07:56,367][INFO][SERVER][Cmd][grpcpp_sync_ser] Request [6] Cmd end.
[2021-01-03 14:07:56,370][INFO][SERVER][HasCollection][grpcpp_sync_ser] Request [7] HasCollection begin.
[2021-01-03 14:07:56,372][INFO][SERVER][HasCollection][grpcpp_sync_ser] Request [7] HasCollection end.
[2021-01-03 14:07:56,375][INFO][SERVER][CreateCollection][grpcpp_sync_ser] Request [8] CreateCollection begin.
[2021-01-03 14:07:56,376][INFO][WAL][CreateCollection][reqsched_thread] create collection retina_face 8589936680
[2021-01-03 14:07:56,390][INFO][SERVER][CreateCollection][grpcpp_sync_ser] Request [8] CreateCollection end.
[2021-01-03 14:07:56,392][INFO][SERVER][DescribeCollection][grpcpp_sync_ser] Request [9] DescribeCollection begin.
[2021-01-03 14:07:56,396][INFO][SERVER][DescribeCollection][grpcpp_sync_ser] Request [9] DescribeCollection end.
[2021-01-03 14:07:56,399][INFO][SERVER][Insert][grpcpp_sync_ser] Request [10] Insert begin.
[2021-01-03 14:07:56,399][INFO][SERVER][OnExecute][reqsched_thread] [insert][0] Execute insert request.
[2021-01-03 14:07:56,403][INFO][WAL][Insert][reqsched_thread] [insert][0]retina_face insert in part  with lsn 8589938768
[2021-01-03 14:07:56,405][INFO][WAL][GetNextRecord][wal_thread] record type 2 collection retina_face lsn 8589938768
[2021-01-03 14:07:56,410][INFO][SERVER][Insert][grpcpp_sync_ser] Request [10] Insert end.
[2021-01-03 14:07:56,413][INFO][SERVER][Flush][grpcpp_sync_ser] Request [11] Flush begin.
[2021-01-03 14:07:56,417][INFO][WAL][Flush][reqsched_thread] retina_face want to be flush, lsn 8589938768
[2021-01-03 14:07:56,419][INFO][WAL][operator()][wal_thread] record flush collection retina_face lsn 8589938768
[2021-01-03 14:07:56,483][INFO][WAL][CollectionFlushed][wal_thread] retina_face is flushed by lsn 8589938768
[2021-01-03 14:07:56,486][INFO][SERVER][Flush][grpcpp_sync_ser] Request [11] Flush end.
[2021-01-03 20:08:28,480][INFO][SERVER][Cmd][grpcpp_sync_ser] Request [12] Cmd begin.
[2021-01-03 20:08:28,481][INFO][SERVER][Cmd][grpcpp_sync_ser] Request [12] Cmd end.
[2021-01-03 20:08:28,483][INFO][SERVER][HasCollection][grpcpp_sync_ser] Request [13] HasCollection begin.
[2021-01-03 20:08:28,485][INFO][SERVER][HasCollection][grpcpp_sync_ser] Request [13] HasCollection end.
[2021-01-03 20:08:28,487][INFO][SERVER][Insert][grpcpp_sync_ser] Request [14] Insert begin.
[2021-01-03 20:08:28,488][INFO][SERVER][OnExecute][reqsched_thread] [insert][0] Execute insert request.
[2021-01-03 20:08:28,490][INFO][SERVER][Insert][grpcpp_sync_ser] Request [14] Insert end.
[2021-01-03 20:08:28,491][INFO][SERVER][Flush][grpcpp_sync_ser] Request [15] Flush begin.
[2021-01-03 20:08:28,494][INFO][WAL][Flush][reqsched_thread] retina_face want to be flush, lsn 0
[2021-01-03 20:08:28,495][INFO][SERVER][Flush][grpcpp_sync_ser] Request [15] Flush end.
[2021-01-03 20:08:28,497][INFO][SERVER][DropCollection][grpcpp_sync_ser] Request [16] DropCollection begin.
[2021-01-03 20:08:28,498][INFO][WAL][DropCollection][reqsched_thread] drop collection retina_face
[2021-01-03 20:08:28,534][INFO][WAL][Flush][reqsched_thread]  want to be flush, lsn 8589938768
[2021-01-03 20:08:28,535][INFO][WAL][operator()][wal_thread] record flush collection  lsn 8589938768
[2021-01-03 20:08:28,538][INFO][SERVER][DropCollection][grpcpp_sync_ser] Request [16] DropCollection end.
[2021-01-03 20:08:28,540][INFO][SERVER][Search][grpcpp_sync_ser] Request [17] Search begin.
[2021-01-03 20:08:28,541][INFO][SERVER][OnPreExecute][grpcpp_sync_ser] [search][0] Search pre-execute. Check search parameters
[2021-01-03 20:08:28,542][INFO][SERVER][OnExecute][reqsched_thread] [search][0] Search execute.
[2021-01-03 20:08:28,544][INFO][SERVER][Search][grpcpp_sync_ser] Request [17] Search end.
[2021-01-03 20:09:55,920][INFO][SERVER][HandleSignal][milvus_server] Release lock!15
[2021-01-03 20:09:55,920][INFO][SERVER][HandleSignal][milvus_server] Server received critical signal: 15
[2021-01-03 20:09:55,921][INFO][SERVER][PrintStacktrace][milvus_server] Call stack:
[2021-01-03 20:09:55,958][INFO][SERVER][PrintStacktrace][milvus_server] /var/lib/milvus/bin/milvus_server() [0x6717ec]
[2021-01-03 20:09:55,959][INFO][SERVER][PrintStacktrace][milvus_server] /var/lib/milvus/bin/milvus_server() [0x6722d4]
[2021-01-03 20:09:55,960][INFO][SERVER][PrintStacktrace][milvus_server] /lib64/libc.so.6(+0x36400) [0x7fcb6ecf8400]
[2021-01-03 20:09:55,960][INFO][SERVER][PrintStacktrace][milvus_server] /lib64/libpthread.so.0(pause+0x2d) [0x7fcb6fad3f5d]
[2021-01-03 20:09:55,961][INFO][SERVER][PrintStacktrace][milvus_server] /var/lib/milvus/bin/milvus_server() [0x428609]
[2021-01-03 20:09:55,961][INFO][SERVER][PrintStacktrace][milvus_server] /lib64/libc.so.6(__libc_start_main+0xf5) [0x7fcb6ece4555]
[2021-01-03 20:09:55,962][INFO][SERVER][PrintStacktrace][milvus_server] /var/lib/milvus/bin/milvus_server() [0x432727]
[2021-01-03 20:09:56,081][INFO][SERVER][Stop][milvus_server] Scheduler gonna stop...
[2021-01-03 20:09:56,086][INFO][SERVER][Stop][milvus_server] Scheduler stopped
