[2020-12-24 12:46:37,096][INFO][SERVER][Check][milvus_server] InstanceLockCheck passed.
[2020-12-24 12:46:37,097][INFO][SERVER][Check][milvus_server] InstanceLockCheck passed.
[2020-12-24 12:46:37,097][INFO][SERVER][Start][milvus_server] Milvus Release version: v0.9.1, built at 2020-05-28 17:39.31
[2020-12-24 12:46:37,097][INFO][SERVER][Start][milvus_server] CPU edition
[2020-12-24 12:46:37,098][INFO][SERVER][CheckCpuInstructionSet][milvus_server] Supported CPU instruction sets: avx2, sse4_2
[2020-12-24 12:46:37,108][INFO][SERVER][LogConfigInFile][milvus_server] 

***************Config in file***************

version: 0.4
server_config:
  address: 0.0.0.0
  port: 19530
  deploy_mode: single
  time_zone: UTC+8
  web_enable: true
  web_port: 19121
db_config:
  backend_url: sqlite://:@:/
  preload_collection: ~
  auto_flush_interval: 1
storage_config:
  primary_path: /var/lib/milvus
  secondary_path: ~
  file_cleanup_timeout: 10
metric_config:
  enable_monitor: false
  address: 127.0.0.1
  port: 9091
cache_config:
  cpu_cache_capacity: 1
  insert_buffer_size: 1
  cache_insert_data: false
engine_config:
  use_blas_threshold: 1100
  gpu_search_threshold: 1000
gpu_resource_config:
  enable: false
  cache_capacity: 1
  search_resources:
    - gpu0
  build_index_resources:
    - gpu0
tracing_config:
  json_config_path: ~
wal_config:
  enable: true
  recovery_error_ignore: true
  buffer_size: 256
  wal_path: /var/lib/milvus/wal
logs:
  trace.enable: true
  debug.enable: true
  info.enable: true
  warning.enable: true
  error.enable: true
  fatal.enable: true
  path: /var/lib/milvus/logs
  max_log_file_size: 1024
  log_rotate_num: 0
[2020-12-24 12:46:37,109][INFO][SERVER][LogCpuInfo][milvus_server] 

***************CPU***************

processor	: 7
vendor_id	: GenuineIntel
cpu family	: 6
model		: 142
model name	: Intel(R) Core(TM) i5-8250U CPU @ 1.60GHz
stepping	: 10
microcode	: 0xffffffff
cpu MHz		: 1799.999
cache size	: 6144 KB
physical id	: 0
siblings	: 8
core id		: 3
cpu cores	: 4
apicid		: 7
initial apicid	: 7
fpu		: yes
fpu_exception	: yes
cpuid level	: 21
wp		: yes
flags		: fpu vme de pse tsc msr pae mce cx8 apic sep mtrr pge mca cmov pat pse36 clflush mmx fxsr sse sse2 ss ht syscall nx pdpe1gb rdtscp lm constant_tsc rep_good nopl xtopology cpuid pni pclmulqdq ssse3 fma cx16 pcid sse4_1 sse4_2 movbe popcnt aes xsave avx f16c rdrand hypervisor lahf_lm abm 3dnowprefetch invpcid_single pti ssbd ibrs ibpb stibp fsgsbase bmi1 avx2 smep bmi2 erms invpcid mpx rdseed adx smap clflushopt xsaveopt xsavec xgetbv1 xsaves flush_l1d arch_capabilities
bugs		: cpu_meltdown spectre_v1 spectre_v2 spec_store_bypass l1tf mds swapgs itlb_multihit srbds
bogomips	: 3599.99
clflush size	: 64
cache_alignment	: 64
address sizes	: 39 bits physical, 48 bits virtual
power management:


[2020-12-24 12:46:37,109][INFO][SERVER][LogConfigInMem][milvus_server] 

***************Config in memory***************

{
   "cache_config": {
      "cache_insert_data": "false",
      "cpu_cache_capacity": "1",
      "cpu_cache_threshold": "0.7",
      "insert_buffer_size": "1"
   },
   "db_config": {
      "archive_days_threshold": "0",
      "archive_disk_threshold": "0",
      "auto_flush_interval": "1",
      "backend_url": "sqlite://:@:/",
      "preload_collection": ""
   },
   "engine_config": {
      "omp_thread_num": "0",
      "simd_type": "auto",
      "use_blas_threshold": "1100"
   },
   "logs": {
      "debug.enable": "true",
      "error.enable": "true",
      "fatal.enable": "true",
      "info.enable": "true",
      "log_rotate_num": "0",
      "max_log_file_size": "1024",
      "path": "/var/lib/milvus/logs",
      "trace.enable": "true",
      "warning.enable": "true"
   },
   "metric_config": {
      "address": "127.0.0.1",
      "enable_monitor": "false",
      "port": "9091"
   },
   "server_config": {
      "address": "0.0.0.0",
      "deploy_mode": "single",
      "port": "19530",
      "time_zone": "UTC+8",
      "web_enable": "true",
      "web_port": "19121"
   },
   "storage_config": {
      "primary_path": "/var/lib/milvus",
      "secondary_path": ""
   },
   "tracing_config": {
      "json_config_path": ""
   },
   "wal_config": {
      "buffer_size": "256",
      "enable": "true",
      "recovery_error_ignore": "true",
      "wal_path": "/var/lib/milvus/wal"
   }
}
[2020-12-24 12:46:37,113][INFO][ENGINE][Build][milvus_server] Using SQLite
[2020-12-24 12:46:38,294][INFO][WAL][CollectionFlushed][wal_thread]  is flushed by lsn 0
[2020-12-24 12:46:39,295][INFO][WAL][CollectionFlushed][wal_thread]  is flushed by lsn 0
[2020-12-24 12:46:40,301][INFO][WAL][CollectionFlushed][wal_thread]  is flushed by lsn 0
[2020-12-24 12:46:41,306][INFO][WAL][CollectionFlushed][wal_thread]  is flushed by lsn 0
[2020-12-24 12:46:42,311][INFO][WAL][CollectionFlushed][wal_thread]  is flushed by lsn 0
[2020-12-24 12:46:43,316][INFO][WAL][CollectionFlushed][wal_thread]  is flushed by lsn 0
[2020-12-24 12:46:44,319][INFO][WAL][CollectionFlushed][wal_thread]  is flushed by lsn 0
[2020-12-24 12:46:45,320][INFO][WAL][CollectionFlushed][wal_thread]  is flushed by lsn 0
[2020-12-24 12:46:46,322][INFO][WAL][CollectionFlushed][wal_thread]  is flushed by lsn 0
[2020-12-24 12:46:47,323][INFO][WAL][CollectionFlushed][wal_thread]  is flushed by lsn 0
[2020-12-24 12:46:48,325][INFO][WAL][CollectionFlushed][wal_thread]  is flushed by lsn 0
[2020-12-24 12:46:49,326][INFO][WAL][CollectionFlushed][wal_thread]  is flushed by lsn 0
[2020-12-24 12:46:50,327][INFO][WAL][CollectionFlushed][wal_thread]  is flushed by lsn 0
[2020-12-24 12:46:51,331][INFO][WAL][CollectionFlushed][wal_thread]  is flushed by lsn 0
[2020-12-24 12:46:52,334][INFO][WAL][CollectionFlushed][wal_thread]  is flushed by lsn 0
[2020-12-24 12:46:53,338][INFO][WAL][CollectionFlushed][wal_thread]  is flushed by lsn 0
[2020-12-24 12:46:54,340][INFO][WAL][CollectionFlushed][wal_thread]  is flushed by lsn 0
[2020-12-24 12:46:55,344][INFO][WAL][CollectionFlushed][wal_thread]  is flushed by lsn 0
[2020-12-24 12:46:56,349][INFO][WAL][CollectionFlushed][wal_thread]  is flushed by lsn 0
[2020-12-24 12:46:57,353][INFO][WAL][CollectionFlushed][wal_thread]  is flushed by lsn 0
[2020-12-24 12:46:58,358][INFO][WAL][CollectionFlushed][wal_thread]  is flushed by lsn 0
[2020-12-24 12:46:59,363][INFO][WAL][CollectionFlushed][wal_thread]  is flushed by lsn 0
[2020-12-24 12:47:00,365][INFO][WAL][CollectionFlushed][wal_thread]  is flushed by lsn 0
[2020-12-24 12:47:01,369][INFO][WAL][CollectionFlushed][wal_thread]  is flushed by lsn 0
[2020-12-24 12:47:02,373][INFO][WAL][CollectionFlushed][wal_thread]  is flushed by lsn 0
[2020-12-24 12:47:03,378][INFO][WAL][CollectionFlushed][wal_thread]  is flushed by lsn 0
[2020-12-24 12:47:04,384][INFO][WAL][CollectionFlushed][wal_thread]  is flushed by lsn 0
[2020-12-24 12:47:05,162][INFO][SERVER][Cmd][grpcpp_sync_ser] Request [0] Cmd begin.
[2020-12-24 12:47:05,162][INFO][SERVER][PutToQueue][grpcpp_sync_ser] Create new thread for request group: info
[2020-12-24 12:47:05,163][INFO][SERVER][Cmd][grpcpp_sync_ser] Request [0] Cmd end.
[2020-12-24 12:47:05,166][INFO][SERVER][HasCollection][grpcpp_sync_ser] Request [1] HasCollection begin.
[2020-12-24 12:47:05,168][INFO][SERVER][HasCollection][grpcpp_sync_ser] Request [1] HasCollection end.
[2020-12-24 12:47:05,170][INFO][SERVER][DescribeCollection][grpcpp_sync_ser] Request [2] DescribeCollection begin.
[2020-12-24 12:47:05,171][INFO][SERVER][DescribeCollection][grpcpp_sync_ser] Request [2] DescribeCollection end.
[2020-12-24 12:47:05,177][INFO][SERVER][Insert][grpcpp_sync_ser] Request [3] Insert begin.
[2020-12-24 12:47:05,177][INFO][SERVER][PutToQueue][grpcpp_sync_ser] Create new thread for request group: ddl_dml
[2020-12-24 12:47:05,177][INFO][SERVER][OnExecute][reqsched_thread] [insert][0] Execute insert request.
[2020-12-24 12:47:05,180][INFO][WAL][Insert][reqsched_thread] [insert][0]retina_face insert in part  with lsn 4295144932
[2020-12-24 12:47:05,180][INFO][WAL][GetNextRecord][wal_thread] record type 2 collection retina_face lsn 4295144932
[2020-12-24 12:47:05,182][INFO][SERVER][Insert][grpcpp_sync_ser] Request [3] Insert end.
[2020-12-24 12:47:05,196][INFO][SERVER][Flush][grpcpp_sync_ser] Request [4] Flush begin.
[2020-12-24 12:47:05,267][INFO][WAL][Flush][reqsched_thread] retina_face want to be flush, lsn 4295144932
[2020-12-24 12:47:05,268][INFO][WAL][operator()][wal_thread] record flush collection retina_face lsn 4295144932
[2020-12-24 12:47:05,516][INFO][WAL][CollectionFlushed][wal_thread] retina_face is flushed by lsn 4295144932
[2020-12-24 12:47:05,518][INFO][WAL][CollectionFlushed][wal_thread]  is flushed by lsn 0
[2020-12-24 12:47:05,520][INFO][SERVER][Flush][grpcpp_sync_ser] Request [4] Flush end.
[2020-12-24 12:47:05,528][INFO][SERVER][CountCollection][grpcpp_sync_ser] Request [5] CountCollection begin.
[2020-12-24 12:47:05,540][INFO][SERVER][CountCollection][grpcpp_sync_ser] Request [5] CountCollection end.
[2020-12-24 12:47:05,550][INFO][SERVER][ShowCollectionInfo][grpcpp_sync_ser] Request [6] ShowCollectionInfo begin.
[2020-12-24 12:47:05,633][INFO][SERVER][ShowCollectionInfo][grpcpp_sync_ser] Request [6] ShowCollectionInfo end.
[2020-12-24 12:47:05,638][INFO][SERVER][CreateIndex][grpcpp_sync_ser] Request [7] CreateIndex begin.
[2020-12-24 12:47:05,639][INFO][WAL][Flush][reqsched_thread]  want to be flush, lsn 4295144932
[2020-12-24 12:47:05,640][INFO][WAL][operator()][wal_thread] record flush collection  lsn 4295144932
[2020-12-24 12:47:05,956][INFO][WAL][CollectionFlushed][wal_thread]  is flushed by lsn 0
[2020-12-24 12:47:05,962][INFO][SERVER][CreateIndex][grpcpp_sync_ser] Request [7] CreateIndex end.
[2020-12-24 12:47:05,965][INFO][SERVER][DescribeIndex][grpcpp_sync_ser] Request [8] DescribeIndex begin.
[2020-12-24 12:47:05,966][INFO][SERVER][DescribeIndex][grpcpp_sync_ser] Request [8] DescribeIndex end.
[2020-12-24 12:47:05,970][INFO][SERVER][Search][grpcpp_sync_ser] Request [9] Search begin.
[2020-12-24 12:47:05,970][INFO][SERVER][OnPreExecute][grpcpp_sync_ser] [search][0] Search pre-execute. Check search parameters
[2020-12-24 12:47:05,970][INFO][SERVER][PutToQueue][grpcpp_sync_ser] Create new thread for request group: dql
[2020-12-24 12:47:05,970][INFO][SERVER][OnExecute][reqsched_thread] [search][0] Search execute.
[2020-12-24 12:47:06,008][INFO][SERVER][Search][grpcpp_sync_ser] Request [9] Search end.
[2020-12-24 12:47:06,958][INFO][WAL][CollectionFlushed][wal_thread]  is flushed by lsn 0
[2020-12-24 12:47:07,960][INFO][WAL][CollectionFlushed][wal_thread]  is flushed by lsn 0
[2020-12-24 12:47:08,961][INFO][WAL][CollectionFlushed][wal_thread]  is flushed by lsn 0
[2020-12-24 12:47:09,964][INFO][WAL][CollectionFlushed][wal_thread]  is flushed by lsn 0
[2020-12-24 12:47:10,967][INFO][WAL][CollectionFlushed][wal_thread]  is flushed by lsn 0
[2020-12-24 12:47:11,971][INFO][WAL][CollectionFlushed][wal_thread]  is flushed by lsn 0
[2020-12-24 12:47:12,975][INFO][WAL][CollectionFlushed][wal_thread]  is flushed by lsn 0
[2020-12-24 12:47:13,979][INFO][WAL][CollectionFlushed][wal_thread]  is flushed by lsn 0
[2020-12-24 12:47:14,983][INFO][WAL][CollectionFlushed][wal_thread]  is flushed by lsn 0
[2020-12-24 12:47:15,985][INFO][WAL][CollectionFlushed][wal_thread]  is flushed by lsn 0
[2020-12-24 12:47:16,988][INFO][WAL][CollectionFlushed][wal_thread]  is flushed by lsn 0
[2020-12-24 12:47:17,992][INFO][WAL][CollectionFlushed][wal_thread]  is flushed by lsn 0
[2020-12-24 12:47:18,996][INFO][WAL][CollectionFlushed][wal_thread]  is flushed by lsn 0
[2020-12-24 12:47:20,000][INFO][WAL][CollectionFlushed][wal_thread]  is flushed by lsn 0
[2020-12-24 12:47:21,003][INFO][WAL][CollectionFlushed][wal_thread]  is flushed by lsn 0
[2020-12-24 12:47:22,006][INFO][WAL][CollectionFlushed][wal_thread]  is flushed by lsn 0
[2020-12-24 12:47:23,010][INFO][WAL][CollectionFlushed][wal_thread]  is flushed by lsn 0
[2020-12-24 12:47:24,014][INFO][WAL][CollectionFlushed][wal_thread]  is flushed by lsn 0
[2020-12-24 12:47:25,018][INFO][WAL][CollectionFlushed][wal_thread]  is flushed by lsn 0
[2020-12-24 12:47:26,023][INFO][WAL][CollectionFlushed][wal_thread]  is flushed by lsn 0
[2020-12-24 12:47:27,026][INFO][WAL][CollectionFlushed][wal_thread]  is flushed by lsn 0
[2020-12-24 12:47:28,031][INFO][WAL][CollectionFlushed][wal_thread]  is flushed by lsn 0
[2020-12-24 12:47:29,035][INFO][WAL][CollectionFlushed][wal_thread]  is flushed by lsn 0
[2020-12-24 12:47:30,039][INFO][WAL][CollectionFlushed][wal_thread]  is flushed by lsn 0
[2020-12-24 12:47:31,043][INFO][WAL][CollectionFlushed][wal_thread]  is flushed by lsn 0
[2020-12-24 12:47:32,047][INFO][WAL][CollectionFlushed][wal_thread]  is flushed by lsn 0
[2020-12-24 12:47:33,050][INFO][WAL][CollectionFlushed][wal_thread]  is flushed by lsn 0
[2020-12-24 12:47:34,051][INFO][WAL][CollectionFlushed][wal_thread]  is flushed by lsn 0
[2020-12-24 12:47:35,054][INFO][WAL][CollectionFlushed][wal_thread]  is flushed by lsn 0
[2020-12-24 12:47:36,057][INFO][WAL][CollectionFlushed][wal_thread]  is flushed by lsn 0
[2020-12-24 12:47:37,060][INFO][WAL][CollectionFlushed][wal_thread]  is flushed by lsn 0
[2020-12-24 12:47:38,062][INFO][WAL][CollectionFlushed][wal_thread]  is flushed by lsn 0
[2020-12-24 12:47:39,065][INFO][WAL][CollectionFlushed][wal_thread]  is flushed by lsn 0
[2020-12-24 12:47:40,068][INFO][WAL][CollectionFlushed][wal_thread]  is flushed by lsn 0
[2020-12-24 12:47:41,071][INFO][WAL][CollectionFlushed][wal_thread]  is flushed by lsn 0
[2020-12-24 12:47:42,074][INFO][WAL][CollectionFlushed][wal_thread]  is flushed by lsn 0
[2020-12-24 12:47:43,078][INFO][WAL][CollectionFlushed][wal_thread]  is flushed by lsn 0
[2020-12-24 12:47:44,080][INFO][WAL][CollectionFlushed][wal_thread]  is flushed by lsn 0
[2020-12-24 12:47:45,081][INFO][WAL][CollectionFlushed][wal_thread]  is flushed by lsn 0
[2020-12-24 12:47:46,083][INFO][WAL][CollectionFlushed][wal_thread]  is flushed by lsn 0
[2020-12-24 12:47:47,086][INFO][WAL][CollectionFlushed][wal_thread]  is flushed by lsn 0
[2020-12-24 12:47:48,090][INFO][WAL][CollectionFlushed][wal_thread]  is flushed by lsn 0
[2020-12-24 12:47:49,094][INFO][WAL][CollectionFlushed][wal_thread]  is flushed by lsn 0
