[2020-12-28 11:41:01,402][INFO][SERVER][Check][milvus_server] InstanceLockCheck passed.
[2020-12-28 11:41:01,405][INFO][SERVER][Check][milvus_server] InstanceLockCheck passed.
[2020-12-28 11:41:01,406][INFO][SERVER][Start][milvus_server] Milvus Release version: v0.9.1, built at 2020-05-28 17:39.31
[2020-12-28 11:41:01,407][INFO][SERVER][Start][milvus_server] CPU edition
[2020-12-28 11:41:01,414][INFO][SERVER][CheckCpuInstructionSet][milvus_server] Supported CPU instruction sets: avx2, sse4_2
[2020-12-28 11:41:01,425][INFO][SERVER][LogConfigInFile][milvus_server] 

***************Config in file***************

version: 0.4
server_config:
  address: 0.0.0.0
  port: 19530
  deploy_mode: single
  time_zone: UTC+8
  web_enable: true
  web_port: 19121
db_config:
  backend_url: sqlite://:@:/
  preload_collection: ~
  auto_flush_interval: 1
storage_config:
  primary_path: /var/lib/milvus
  secondary_path: ~
  file_cleanup_timeout: 10
metric_config:
  enable_monitor: false
  address: 127.0.0.1
  port: 9091
cache_config:
  cpu_cache_capacity: 1
  insert_buffer_size: 1
  cache_insert_data: false
engine_config:
  use_blas_threshold: 1100
  gpu_search_threshold: 1000
gpu_resource_config:
  enable: false
  cache_capacity: 1
  search_resources:
    - gpu0
  build_index_resources:
    - gpu0
tracing_config:
  json_config_path: ~
wal_config:
  enable: true
  recovery_error_ignore: true
  buffer_size: 256
  wal_path: /var/lib/milvus/wal
logs:
  trace.enable: true
  debug.enable: true
  info.enable: true
  warning.enable: true
  error.enable: true
  fatal.enable: true
  path: /var/lib/milvus/logs
  max_log_file_size: 1024
  log_rotate_num: 0
[2020-12-28 11:41:01,427][INFO][SERVER][LogCpuInfo][milvus_server] 

***************CPU***************

processor	: 1
vendor_id	: GenuineIntel
cpu family	: 6
model		: 142
model name	: Intel(R) Core(TM) i5-8250U CPU @ 1.60GHz
stepping	: 10
microcode	: 0xffffffff
cpu MHz		: 1800.000
cache size	: 6144 KB
physical id	: 0
siblings	: 2
core id		: 0
cpu cores	: 1
apicid		: 1
initial apicid	: 1
fpu		: yes
fpu_exception	: yes
cpuid level	: 21
wp		: yes
flags		: fpu vme de pse tsc msr pae mce cx8 apic sep mtrr pge mca cmov pat pse36 clflush mmx fxsr sse sse2 ss ht syscall nx pdpe1gb rdtscp lm constant_tsc rep_good nopl xtopology cpuid pni pclmulqdq ssse3 fma cx16 pcid sse4_1 sse4_2 movbe popcnt aes xsave avx f16c rdrand hypervisor lahf_lm abm 3dnowprefetch invpcid_single ssbd ibrs ibpb stibp fsgsbase bmi1 avx2 smep bmi2 erms invpcid mpx rdseed adx smap clflushopt xsaveopt xsavec xgetbv1 xsaves flush_l1d arch_capabilities
bugs		: cpu_meltdown spectre_v1 spectre_v2 spec_store_bypass l1tf mds swapgs itlb_multihit
bogomips	: 3600.00
clflush size	: 64
cache_alignment	: 64
address sizes	: 39 bits physical, 48 bits virtual
power management:


[2020-12-28 11:41:01,428][INFO][SERVER][LogConfigInMem][milvus_server] 

***************Config in memory***************

{
   "cache_config": {
      "cache_insert_data": "false",
      "cpu_cache_capacity": "1",
      "cpu_cache_threshold": "0.7",
      "insert_buffer_size": "1"
   },
   "db_config": {
      "archive_days_threshold": "0",
      "archive_disk_threshold": "0",
      "auto_flush_interval": "1",
      "backend_url": "sqlite://:@:/",
      "preload_collection": ""
   },
   "engine_config": {
      "omp_thread_num": "0",
      "simd_type": "auto",
      "use_blas_threshold": "1100"
   },
   "logs": {
      "debug.enable": "true",
      "error.enable": "true",
      "fatal.enable": "true",
      "info.enable": "true",
      "log_rotate_num": "0",
      "max_log_file_size": "1024",
      "path": "/var/lib/milvus/logs",
      "trace.enable": "true",
      "warning.enable": "true"
   },
   "metric_config": {
      "address": "127.0.0.1",
      "enable_monitor": "false",
      "port": "9091"
   },
   "server_config": {
      "address": "0.0.0.0",
      "deploy_mode": "single",
      "port": "19530",
      "time_zone": "UTC+8",
      "web_enable": "true",
      "web_port": "19121"
   },
   "storage_config": {
      "primary_path": "/var/lib/milvus",
      "secondary_path": ""
   },
   "tracing_config": {
      "json_config_path": ""
   },
   "wal_config": {
      "buffer_size": "256",
      "enable": "true",
      "recovery_error_ignore": "true",
      "wal_path": "/var/lib/milvus/wal"
   }
}
[2020-12-28 11:41:01,460][INFO][ENGINE][Build][milvus_server] Using SQLite
[2020-12-28 11:41:02,952][INFO][WAL][CollectionFlushed][wal_thread]  is flushed by lsn 0
[2020-12-28 11:41:03,954][INFO][WAL][CollectionFlushed][wal_thread]  is flushed by lsn 0
[2020-12-28 11:41:04,960][INFO][WAL][CollectionFlushed][wal_thread]  is flushed by lsn 0
[2020-12-28 11:41:05,961][INFO][WAL][CollectionFlushed][wal_thread]  is flushed by lsn 0
[2020-12-28 11:41:06,962][INFO][WAL][CollectionFlushed][wal_thread]  is flushed by lsn 0
[2020-12-28 11:41:07,963][INFO][WAL][CollectionFlushed][wal_thread]  is flushed by lsn 0
[2020-12-28 11:41:08,963][INFO][WAL][CollectionFlushed][wal_thread]  is flushed by lsn 0
[2020-12-28 11:41:09,964][INFO][WAL][CollectionFlushed][wal_thread]  is flushed by lsn 0
[2020-12-28 11:41:10,965][INFO][WAL][CollectionFlushed][wal_thread]  is flushed by lsn 0
[2020-12-28 11:41:11,966][INFO][WAL][CollectionFlushed][wal_thread]  is flushed by lsn 0
[2020-12-28 11:41:12,967][INFO][WAL][CollectionFlushed][wal_thread]  is flushed by lsn 0
[2020-12-28 11:41:13,967][INFO][WAL][CollectionFlushed][wal_thread]  is flushed by lsn 0
[2020-12-28 11:41:14,968][INFO][WAL][CollectionFlushed][wal_thread]  is flushed by lsn 0
[2020-12-28 11:41:15,969][INFO][WAL][CollectionFlushed][wal_thread]  is flushed by lsn 0
[2020-12-28 11:41:16,970][INFO][WAL][CollectionFlushed][wal_thread]  is flushed by lsn 0
[2020-12-28 11:41:17,971][INFO][WAL][CollectionFlushed][wal_thread]  is flushed by lsn 0
[2020-12-28 11:41:18,972][INFO][WAL][CollectionFlushed][wal_thread]  is flushed by lsn 0
[2020-12-28 11:41:19,973][INFO][WAL][CollectionFlushed][wal_thread]  is flushed by lsn 0
[2020-12-28 11:41:20,973][INFO][WAL][CollectionFlushed][wal_thread]  is flushed by lsn 0
[2020-12-28 11:41:21,974][INFO][WAL][CollectionFlushed][wal_thread]  is flushed by lsn 0
[2020-12-28 11:41:22,975][INFO][WAL][CollectionFlushed][wal_thread]  is flushed by lsn 0
[2020-12-28 11:41:23,976][INFO][WAL][CollectionFlushed][wal_thread]  is flushed by lsn 0
[2020-12-28 11:41:24,977][INFO][WAL][CollectionFlushed][wal_thread]  is flushed by lsn 0
[2020-12-28 11:41:25,978][INFO][WAL][CollectionFlushed][wal_thread]  is flushed by lsn 0
[2020-12-28 11:41:26,979][INFO][WAL][CollectionFlushed][wal_thread]  is flushed by lsn 0
[2020-12-28 11:41:27,979][INFO][WAL][CollectionFlushed][wal_thread]  is flushed by lsn 0
[2020-12-28 11:41:28,980][INFO][WAL][CollectionFlushed][wal_thread]  is flushed by lsn 0
[2020-12-28 11:41:29,981][INFO][WAL][CollectionFlushed][wal_thread]  is flushed by lsn 0
[2020-12-28 11:41:30,982][INFO][WAL][CollectionFlushed][wal_thread]  is flushed by lsn 0
[2020-12-28 11:41:31,983][INFO][WAL][CollectionFlushed][wal_thread]  is flushed by lsn 0
[2020-12-28 11:41:32,983][INFO][WAL][CollectionFlushed][wal_thread]  is flushed by lsn 0
[2020-12-28 11:41:33,984][INFO][WAL][CollectionFlushed][wal_thread]  is flushed by lsn 0
[2020-12-28 11:41:34,985][INFO][WAL][CollectionFlushed][wal_thread]  is flushed by lsn 0
[2020-12-28 11:41:35,986][INFO][WAL][CollectionFlushed][wal_thread]  is flushed by lsn 0
[2020-12-28 11:41:36,987][INFO][WAL][CollectionFlushed][wal_thread]  is flushed by lsn 0
[2020-12-28 11:41:37,988][INFO][WAL][CollectionFlushed][wal_thread]  is flushed by lsn 0
[2020-12-28 11:41:38,988][INFO][WAL][CollectionFlushed][wal_thread]  is flushed by lsn 0
[2020-12-28 11:41:39,989][INFO][WAL][CollectionFlushed][wal_thread]  is flushed by lsn 0
[2020-12-28 11:41:40,990][INFO][WAL][CollectionFlushed][wal_thread]  is flushed by lsn 0
[2020-12-28 11:41:41,991][INFO][WAL][CollectionFlushed][wal_thread]  is flushed by lsn 0
[2020-12-28 11:41:42,992][INFO][WAL][CollectionFlushed][wal_thread]  is flushed by lsn 0
[2020-12-28 11:41:43,992][INFO][WAL][CollectionFlushed][wal_thread]  is flushed by lsn 0
[2020-12-28 11:41:44,993][INFO][WAL][CollectionFlushed][wal_thread]  is flushed by lsn 0
[2020-12-28 11:41:45,995][INFO][WAL][CollectionFlushed][wal_thread]  is flushed by lsn 0
[2020-12-28 11:41:46,996][INFO][WAL][CollectionFlushed][wal_thread]  is flushed by lsn 0
[2020-12-28 11:41:47,997][INFO][WAL][CollectionFlushed][wal_thread]  is flushed by lsn 0
[2020-12-28 11:41:48,999][INFO][WAL][CollectionFlushed][wal_thread]  is flushed by lsn 0
[2020-12-28 11:41:50,000][INFO][WAL][CollectionFlushed][wal_thread]  is flushed by lsn 0
[2020-12-28 11:41:51,000][INFO][WAL][CollectionFlushed][wal_thread]  is flushed by lsn 0
[2020-12-28 11:41:52,001][INFO][WAL][CollectionFlushed][wal_thread]  is flushed by lsn 0
[2020-12-28 11:41:53,002][INFO][WAL][CollectionFlushed][wal_thread]  is flushed by lsn 0
[2020-12-28 11:41:54,003][INFO][WAL][CollectionFlushed][wal_thread]  is flushed by lsn 0
[2020-12-28 11:41:55,004][INFO][WAL][CollectionFlushed][wal_thread]  is flushed by lsn 0
[2020-12-28 11:41:56,005][INFO][WAL][CollectionFlushed][wal_thread]  is flushed by lsn 0
[2020-12-28 11:41:57,005][INFO][WAL][CollectionFlushed][wal_thread]  is flushed by lsn 0
[2020-12-28 11:41:58,006][INFO][WAL][CollectionFlushed][wal_thread]  is flushed by lsn 0
[2020-12-28 11:41:59,007][INFO][WAL][CollectionFlushed][wal_thread]  is flushed by lsn 0
[2020-12-28 11:42:00,008][INFO][WAL][CollectionFlushed][wal_thread]  is flushed by lsn 0
[2020-12-28 11:42:01,009][INFO][WAL][CollectionFlushed][wal_thread]  is flushed by lsn 0
[2020-12-28 11:42:02,010][INFO][WAL][CollectionFlushed][wal_thread]  is flushed by lsn 0
[2020-12-28 11:42:03,011][INFO][WAL][CollectionFlushed][wal_thread]  is flushed by lsn 0
[2020-12-28 11:42:04,012][INFO][WAL][CollectionFlushed][wal_thread]  is flushed by lsn 0
[2020-12-28 11:42:05,013][INFO][WAL][CollectionFlushed][wal_thread]  is flushed by lsn 0
[2020-12-28 11:42:06,013][INFO][WAL][CollectionFlushed][wal_thread]  is flushed by lsn 0
[2020-12-28 11:42:07,015][INFO][WAL][CollectionFlushed][wal_thread]  is flushed by lsn 0
[2020-12-28 11:42:08,015][INFO][WAL][CollectionFlushed][wal_thread]  is flushed by lsn 0
[2020-12-28 11:42:09,016][INFO][WAL][CollectionFlushed][wal_thread]  is flushed by lsn 0
[2020-12-28 11:42:10,017][INFO][WAL][CollectionFlushed][wal_thread]  is flushed by lsn 0
[2020-12-28 11:42:11,018][INFO][WAL][CollectionFlushed][wal_thread]  is flushed by lsn 0
[2020-12-28 11:42:12,019][INFO][WAL][CollectionFlushed][wal_thread]  is flushed by lsn 0
[2020-12-28 11:42:13,019][INFO][WAL][CollectionFlushed][wal_thread]  is flushed by lsn 0
[2020-12-28 11:42:14,020][INFO][WAL][CollectionFlushed][wal_thread]  is flushed by lsn 0
[2020-12-28 11:42:15,021][INFO][WAL][CollectionFlushed][wal_thread]  is flushed by lsn 0
[2020-12-28 11:42:16,022][INFO][WAL][CollectionFlushed][wal_thread]  is flushed by lsn 0
[2020-12-28 11:42:17,023][INFO][WAL][CollectionFlushed][wal_thread]  is flushed by lsn 0
[2020-12-28 11:42:18,024][INFO][WAL][CollectionFlushed][wal_thread]  is flushed by lsn 0
[2020-12-28 11:42:19,025][INFO][WAL][CollectionFlushed][wal_thread]  is flushed by lsn 0
