[2020-12-30 12:53:07,526][INFO][SERVER][Check][milvus_server] InstanceLockCheck passed.
[2020-12-30 12:53:07,530][INFO][SERVER][Check][milvus_server] InstanceLockCheck passed.
[2020-12-30 12:53:07,530][INFO][SERVER][Start][milvus_server] Milvus Release version: v0.9.1, built at 2020-05-28 17:39.31
[2020-12-30 12:53:07,531][INFO][SERVER][Start][milvus_server] CPU edition
[2020-12-30 12:53:07,531][INFO][SERVER][CheckCpuInstructionSet][milvus_server] Supported CPU instruction sets: avx2, sse4_2
[2020-12-30 12:53:07,534][INFO][SERVER][LogConfigInFile][milvus_server] 

***************Config in file***************

version: 0.4
server_config:
  address: 0.0.0.0
  port: 19530
  deploy_mode: single
  time_zone: UTC+8
  web_enable: true
  web_port: 19121
db_config:
  backend_url: sqlite://:@:/
  preload_collection: ~
  auto_flush_interval: 1
storage_config:
  primary_path: /var/lib/milvus
  secondary_path: ~
  file_cleanup_timeout: 10
metric_config:
  enable_monitor: false
  address: 127.0.0.1
  port: 9091
cache_config:
  cpu_cache_capacity: 1
  insert_buffer_size: 1
  cache_insert_data: false
engine_config:
  use_blas_threshold: 1100
  gpu_search_threshold: 1000
gpu_resource_config:
  enable: false
  cache_capacity: 1
  search_resources:
    - gpu0
  build_index_resources:
    - gpu0
tracing_config:
  json_config_path: ~
wal_config:
  enable: true
  recovery_error_ignore: true
  buffer_size: 256
  wal_path: /var/lib/milvus/wal
logs:
  trace.enable: true
  debug.enable: true
  info.enable: true
  warning.enable: true
  error.enable: true
  fatal.enable: true
  path: /var/lib/milvus/logs
  max_log_file_size: 1024
  log_rotate_num: 0
[2020-12-30 12:53:07,535][INFO][SERVER][LogCpuInfo][milvus_server] 

***************CPU***************

processor	: 1
vendor_id	: GenuineIntel
cpu family	: 6
model		: 142
model name	: Intel(R) Core(TM) i5-8250U CPU @ 1.60GHz
stepping	: 10
microcode	: 0xffffffff
cpu MHz		: 1799.999
cache size	: 6144 KB
physical id	: 0
siblings	: 2
core id		: 0
cpu cores	: 1
apicid		: 1
initial apicid	: 1
fpu		: yes
fpu_exception	: yes
cpuid level	: 21
wp		: yes
flags		: fpu vme de pse tsc msr pae mce cx8 apic sep mtrr pge mca cmov pat pse36 clflush mmx fxsr sse sse2 ss ht syscall nx pdpe1gb rdtscp lm constant_tsc rep_good nopl xtopology cpuid pni pclmulqdq ssse3 fma cx16 pcid sse4_1 sse4_2 movbe popcnt aes xsave avx f16c rdrand hypervisor lahf_lm abm 3dnowprefetch invpcid_single ssbd ibrs ibpb stibp fsgsbase bmi1 avx2 smep bmi2 erms invpcid mpx rdseed adx smap clflushopt xsaveopt xsavec xgetbv1 xsaves flush_l1d arch_capabilities
bugs		: cpu_meltdown spectre_v1 spectre_v2 spec_store_bypass l1tf mds swapgs itlb_multihit
bogomips	: 3599.99
clflush size	: 64
cache_alignment	: 64
address sizes	: 39 bits physical, 48 bits virtual
power management:


[2020-12-30 12:53:07,536][INFO][SERVER][LogConfigInMem][milvus_server] 

***************Config in memory***************

{
   "cache_config": {
      "cache_insert_data": "false",
      "cpu_cache_capacity": "1",
      "cpu_cache_threshold": "0.7",
      "insert_buffer_size": "1"
   },
   "db_config": {
      "archive_days_threshold": "0",
      "archive_disk_threshold": "0",
      "auto_flush_interval": "1",
      "backend_url": "sqlite://:@:/",
      "preload_collection": ""
   },
   "engine_config": {
      "omp_thread_num": "0",
      "simd_type": "auto",
      "use_blas_threshold": "1100"
   },
   "logs": {
      "debug.enable": "true",
      "error.enable": "true",
      "fatal.enable": "true",
      "info.enable": "true",
      "log_rotate_num": "0",
      "max_log_file_size": "1024",
      "path": "/var/lib/milvus/logs",
      "trace.enable": "true",
      "warning.enable": "true"
   },
   "metric_config": {
      "address": "127.0.0.1",
      "enable_monitor": "false",
      "port": "9091"
   },
   "server_config": {
      "address": "0.0.0.0",
      "deploy_mode": "single",
      "port": "19530",
      "time_zone": "UTC+8",
      "web_enable": "true",
      "web_port": "19121"
   },
   "storage_config": {
      "primary_path": "/var/lib/milvus",
      "secondary_path": ""
   },
   "tracing_config": {
      "json_config_path": ""
   },
   "wal_config": {
      "buffer_size": "256",
      "enable": "true",
      "recovery_error_ignore": "true",
      "wal_path": "/var/lib/milvus/wal"
   }
}
[2020-12-30 12:53:07,546][INFO][ENGINE][Build][milvus_server] Using SQLite
[2020-12-30 12:53:08,668][INFO][WAL][CollectionFlushed][wal_thread]  is flushed by lsn 0
[2020-12-30 12:53:09,669][INFO][WAL][CollectionFlushed][wal_thread]  is flushed by lsn 0
[2020-12-30 12:53:10,673][INFO][WAL][CollectionFlushed][wal_thread]  is flushed by lsn 0
[2020-12-30 12:53:11,675][INFO][WAL][CollectionFlushed][wal_thread]  is flushed by lsn 0
[2020-12-30 12:53:12,677][INFO][WAL][CollectionFlushed][wal_thread]  is flushed by lsn 0
[2020-12-30 12:53:13,679][INFO][WAL][CollectionFlushed][wal_thread]  is flushed by lsn 0
[2020-12-30 12:53:14,680][INFO][WAL][CollectionFlushed][wal_thread]  is flushed by lsn 0
[2020-12-30 12:53:15,682][INFO][WAL][CollectionFlushed][wal_thread]  is flushed by lsn 0
[2020-12-30 12:53:16,683][INFO][WAL][CollectionFlushed][wal_thread]  is flushed by lsn 0
[2020-12-30 12:53:17,684][INFO][WAL][CollectionFlushed][wal_thread]  is flushed by lsn 0
[2020-12-30 12:53:18,686][INFO][WAL][CollectionFlushed][wal_thread]  is flushed by lsn 0
[2020-12-30 12:53:19,688][INFO][WAL][CollectionFlushed][wal_thread]  is flushed by lsn 0
[2020-12-30 12:53:20,691][INFO][WAL][CollectionFlushed][wal_thread]  is flushed by lsn 0
[2020-12-30 12:53:21,693][INFO][WAL][CollectionFlushed][wal_thread]  is flushed by lsn 0
[2020-12-30 12:53:22,696][INFO][WAL][CollectionFlushed][wal_thread]  is flushed by lsn 0
[2020-12-30 12:53:23,700][INFO][WAL][CollectionFlushed][wal_thread]  is flushed by lsn 0
[2020-12-30 12:53:24,703][INFO][WAL][CollectionFlushed][wal_thread]  is flushed by lsn 0
[2020-12-30 12:53:25,704][INFO][WAL][CollectionFlushed][wal_thread]  is flushed by lsn 0
[2020-12-30 12:53:26,705][INFO][WAL][CollectionFlushed][wal_thread]  is flushed by lsn 0
[2020-12-30 12:53:27,706][INFO][WAL][CollectionFlushed][wal_thread]  is flushed by lsn 0
[2020-12-30 12:53:28,707][INFO][WAL][CollectionFlushed][wal_thread]  is flushed by lsn 0
[2020-12-30 12:53:29,708][INFO][WAL][CollectionFlushed][wal_thread]  is flushed by lsn 0
[2020-12-30 12:53:30,711][INFO][WAL][CollectionFlushed][wal_thread]  is flushed by lsn 0
[2020-12-30 12:53:31,715][INFO][WAL][CollectionFlushed][wal_thread]  is flushed by lsn 0
[2020-12-30 12:53:32,718][INFO][WAL][CollectionFlushed][wal_thread]  is flushed by lsn 0
[2020-12-30 12:53:33,721][INFO][WAL][CollectionFlushed][wal_thread]  is flushed by lsn 0
[2020-12-30 12:53:34,722][INFO][WAL][CollectionFlushed][wal_thread]  is flushed by lsn 0
[2020-12-30 12:53:35,726][INFO][WAL][CollectionFlushed][wal_thread]  is flushed by lsn 0
[2020-12-30 12:53:36,729][INFO][WAL][CollectionFlushed][wal_thread]  is flushed by lsn 0
[2020-12-30 12:53:37,731][INFO][WAL][CollectionFlushed][wal_thread]  is flushed by lsn 0
[2020-12-30 12:53:38,732][INFO][WAL][CollectionFlushed][wal_thread]  is flushed by lsn 0
[2020-12-30 12:53:39,734][INFO][WAL][CollectionFlushed][wal_thread]  is flushed by lsn 0
[2020-12-30 12:53:40,736][INFO][WAL][CollectionFlushed][wal_thread]  is flushed by lsn 0
[2020-12-30 12:53:41,738][INFO][WAL][CollectionFlushed][wal_thread]  is flushed by lsn 0
[2020-12-30 12:53:42,740][INFO][WAL][CollectionFlushed][wal_thread]  is flushed by lsn 0
[2020-12-30 12:53:43,741][INFO][WAL][CollectionFlushed][wal_thread]  is flushed by lsn 0
[2020-12-30 12:53:44,745][INFO][WAL][CollectionFlushed][wal_thread]  is flushed by lsn 0
[2020-12-30 12:53:45,748][INFO][WAL][CollectionFlushed][wal_thread]  is flushed by lsn 0
[2020-12-30 12:53:46,751][INFO][WAL][CollectionFlushed][wal_thread]  is flushed by lsn 0
[2020-12-30 12:53:47,754][INFO][WAL][CollectionFlushed][wal_thread]  is flushed by lsn 0
[2020-12-30 12:53:48,756][INFO][WAL][CollectionFlushed][wal_thread]  is flushed by lsn 0
[2020-12-30 12:53:49,760][INFO][WAL][CollectionFlushed][wal_thread]  is flushed by lsn 0
[2020-12-30 12:53:50,763][INFO][WAL][CollectionFlushed][wal_thread]  is flushed by lsn 0
[2020-12-30 12:53:51,766][INFO][WAL][CollectionFlushed][wal_thread]  is flushed by lsn 0
[2020-12-30 12:53:52,769][INFO][WAL][CollectionFlushed][wal_thread]  is flushed by lsn 0
[2020-12-30 12:53:53,772][INFO][WAL][CollectionFlushed][wal_thread]  is flushed by lsn 0
[2020-12-30 12:53:54,774][INFO][WAL][CollectionFlushed][wal_thread]  is flushed by lsn 0
[2020-12-30 12:53:55,777][INFO][WAL][CollectionFlushed][wal_thread]  is flushed by lsn 0
[2020-12-30 12:53:56,778][INFO][WAL][CollectionFlushed][wal_thread]  is flushed by lsn 0
[2020-12-30 12:53:57,779][INFO][WAL][CollectionFlushed][wal_thread]  is flushed by lsn 0
[2020-12-30 12:53:58,782][INFO][WAL][CollectionFlushed][wal_thread]  is flushed by lsn 0
[2020-12-30 12:53:59,783][INFO][WAL][CollectionFlushed][wal_thread]  is flushed by lsn 0
[2020-12-30 12:54:00,784][INFO][WAL][CollectionFlushed][wal_thread]  is flushed by lsn 0
[2020-12-30 12:54:01,785][INFO][WAL][CollectionFlushed][wal_thread]  is flushed by lsn 0
[2020-12-30 12:54:02,786][INFO][WAL][CollectionFlushed][wal_thread]  is flushed by lsn 0
[2020-12-30 12:54:03,789][INFO][WAL][CollectionFlushed][wal_thread]  is flushed by lsn 0
[2020-12-30 12:54:04,790][INFO][WAL][CollectionFlushed][wal_thread]  is flushed by lsn 0
[2020-12-30 12:54:05,791][INFO][WAL][CollectionFlushed][wal_thread]  is flushed by lsn 0
[2020-12-30 12:54:06,792][INFO][WAL][CollectionFlushed][wal_thread]  is flushed by lsn 0
[2020-12-30 12:54:07,793][INFO][WAL][CollectionFlushed][wal_thread]  is flushed by lsn 0
[2020-12-30 12:54:08,794][INFO][WAL][CollectionFlushed][wal_thread]  is flushed by lsn 0
[2020-12-30 12:54:09,795][INFO][WAL][CollectionFlushed][wal_thread]  is flushed by lsn 0
[2020-12-30 12:54:10,798][INFO][WAL][CollectionFlushed][wal_thread]  is flushed by lsn 0
[2020-12-30 12:54:11,799][INFO][WAL][CollectionFlushed][wal_thread]  is flushed by lsn 0
[2020-12-30 12:54:12,800][INFO][WAL][CollectionFlushed][wal_thread]  is flushed by lsn 0
[2020-12-30 12:54:13,803][INFO][WAL][CollectionFlushed][wal_thread]  is flushed by lsn 0
[2020-12-30 12:54:14,806][INFO][WAL][CollectionFlushed][wal_thread]  is flushed by lsn 0
[2020-12-30 12:54:15,809][INFO][WAL][CollectionFlushed][wal_thread]  is flushed by lsn 0
[2020-12-30 12:54:16,809][INFO][WAL][CollectionFlushed][wal_thread]  is flushed by lsn 0
[2020-12-30 12:54:17,811][INFO][WAL][CollectionFlushed][wal_thread]  is flushed by lsn 0
[2020-12-30 12:54:18,814][INFO][WAL][CollectionFlushed][wal_thread]  is flushed by lsn 0
[2020-12-30 12:54:19,817][INFO][WAL][CollectionFlushed][wal_thread]  is flushed by lsn 0
[2020-12-30 12:54:20,820][INFO][WAL][CollectionFlushed][wal_thread]  is flushed by lsn 0
[2020-12-30 12:54:21,823][INFO][WAL][CollectionFlushed][wal_thread]  is flushed by lsn 0
[2020-12-30 12:54:22,825][INFO][WAL][CollectionFlushed][wal_thread]  is flushed by lsn 0
[2020-12-30 12:54:23,828][INFO][WAL][CollectionFlushed][wal_thread]  is flushed by lsn 0
[2020-12-30 12:54:24,829][INFO][WAL][CollectionFlushed][wal_thread]  is flushed by lsn 0
[2020-12-30 12:54:25,830][INFO][WAL][CollectionFlushed][wal_thread]  is flushed by lsn 0
[2020-12-30 12:54:26,832][INFO][WAL][CollectionFlushed][wal_thread]  is flushed by lsn 0
[2020-12-30 12:54:27,833][INFO][WAL][CollectionFlushed][wal_thread]  is flushed by lsn 0
[2020-12-30 12:54:28,835][INFO][WAL][CollectionFlushed][wal_thread]  is flushed by lsn 0
[2020-12-30 12:54:29,837][INFO][WAL][CollectionFlushed][wal_thread]  is flushed by lsn 0
[2020-12-30 12:54:30,838][INFO][WAL][CollectionFlushed][wal_thread]  is flushed by lsn 0
[2020-12-30 12:54:31,840][INFO][WAL][CollectionFlushed][wal_thread]  is flushed by lsn 0
[2020-12-30 12:54:32,841][INFO][WAL][CollectionFlushed][wal_thread]  is flushed by lsn 0
[2020-12-30 12:54:33,844][INFO][WAL][CollectionFlushed][wal_thread]  is flushed by lsn 0
[2020-12-30 12:54:34,845][INFO][WAL][CollectionFlushed][wal_thread]  is flushed by lsn 0
[2020-12-30 12:54:35,847][INFO][WAL][CollectionFlushed][wal_thread]  is flushed by lsn 0
[2020-12-30 12:54:36,849][INFO][WAL][CollectionFlushed][wal_thread]  is flushed by lsn 0
[2020-12-30 12:54:37,850][INFO][WAL][CollectionFlushed][wal_thread]  is flushed by lsn 0
[2020-12-30 12:54:38,853][INFO][WAL][CollectionFlushed][wal_thread]  is flushed by lsn 0
[2020-12-30 12:54:39,854][INFO][WAL][CollectionFlushed][wal_thread]  is flushed by lsn 0
[2020-12-30 12:54:40,855][INFO][WAL][CollectionFlushed][wal_thread]  is flushed by lsn 0
[2020-12-30 12:54:41,856][INFO][WAL][CollectionFlushed][wal_thread]  is flushed by lsn 0
[2020-12-30 12:54:42,859][INFO][WAL][CollectionFlushed][wal_thread]  is flushed by lsn 0
[2020-12-30 12:54:43,860][INFO][WAL][CollectionFlushed][wal_thread]  is flushed by lsn 0
[2020-12-30 12:54:44,862][INFO][WAL][CollectionFlushed][wal_thread]  is flushed by lsn 0
[2020-12-30 12:54:45,864][INFO][WAL][CollectionFlushed][wal_thread]  is flushed by lsn 0
[2020-12-30 12:54:46,865][INFO][WAL][CollectionFlushed][wal_thread]  is flushed by lsn 0
[2020-12-30 12:54:47,867][INFO][WAL][CollectionFlushed][wal_thread]  is flushed by lsn 0
[2020-12-30 12:54:48,870][INFO][WAL][CollectionFlushed][wal_thread]  is flushed by lsn 0
[2020-12-30 12:54:49,872][INFO][WAL][CollectionFlushed][wal_thread]  is flushed by lsn 0
[2020-12-30 12:54:50,873][INFO][WAL][CollectionFlushed][wal_thread]  is flushed by lsn 0
[2020-12-30 12:54:51,876][INFO][WAL][CollectionFlushed][wal_thread]  is flushed by lsn 0
[2020-12-30 12:54:52,878][INFO][WAL][CollectionFlushed][wal_thread]  is flushed by lsn 0
[2020-12-30 12:54:53,882][INFO][WAL][CollectionFlushed][wal_thread]  is flushed by lsn 0
[2020-12-30 12:54:54,883][INFO][WAL][CollectionFlushed][wal_thread]  is flushed by lsn 0
[2020-12-30 12:54:55,884][INFO][WAL][CollectionFlushed][wal_thread]  is flushed by lsn 0
[2020-12-30 12:54:56,887][INFO][WAL][CollectionFlushed][wal_thread]  is flushed by lsn 0
[2020-12-30 12:54:57,889][INFO][WAL][CollectionFlushed][wal_thread]  is flushed by lsn 0
[2020-12-30 12:54:58,892][INFO][WAL][CollectionFlushed][wal_thread]  is flushed by lsn 0
[2020-12-30 12:54:59,895][INFO][WAL][CollectionFlushed][wal_thread]  is flushed by lsn 0
[2020-12-30 12:55:00,898][INFO][WAL][CollectionFlushed][wal_thread]  is flushed by lsn 0
[2020-12-30 12:55:01,900][INFO][WAL][CollectionFlushed][wal_thread]  is flushed by lsn 0
[2020-12-30 12:55:02,903][INFO][WAL][CollectionFlushed][wal_thread]  is flushed by lsn 0
[2020-12-30 12:55:03,905][INFO][WAL][CollectionFlushed][wal_thread]  is flushed by lsn 0
[2020-12-30 12:55:04,907][INFO][WAL][CollectionFlushed][wal_thread]  is flushed by lsn 0
[2020-12-30 12:55:05,910][INFO][WAL][CollectionFlushed][wal_thread]  is flushed by lsn 0
[2020-12-30 12:55:06,913][INFO][WAL][CollectionFlushed][wal_thread]  is flushed by lsn 0
[2020-12-30 12:55:07,914][INFO][WAL][CollectionFlushed][wal_thread]  is flushed by lsn 0
[2020-12-30 12:55:08,916][INFO][WAL][CollectionFlushed][wal_thread]  is flushed by lsn 0
[2020-12-30 12:55:09,917][INFO][WAL][CollectionFlushed][wal_thread]  is flushed by lsn 0
[2020-12-30 12:55:10,919][INFO][WAL][CollectionFlushed][wal_thread]  is flushed by lsn 0
[2020-12-30 12:55:11,922][INFO][WAL][CollectionFlushed][wal_thread]  is flushed by lsn 0
[2020-12-30 12:55:12,925][INFO][WAL][CollectionFlushed][wal_thread]  is flushed by lsn 0
[2020-12-30 12:55:13,926][INFO][WAL][CollectionFlushed][wal_thread]  is flushed by lsn 0
[2020-12-30 12:55:14,928][INFO][WAL][CollectionFlushed][wal_thread]  is flushed by lsn 0
[2020-12-30 12:55:15,931][INFO][WAL][CollectionFlushed][wal_thread]  is flushed by lsn 0
[2020-12-30 12:55:16,934][INFO][WAL][CollectionFlushed][wal_thread]  is flushed by lsn 0
[2020-12-30 12:55:17,938][INFO][WAL][CollectionFlushed][wal_thread]  is flushed by lsn 0
[2020-12-30 12:55:18,939][INFO][WAL][CollectionFlushed][wal_thread]  is flushed by lsn 0
[2020-12-30 12:55:19,941][INFO][WAL][CollectionFlushed][wal_thread]  is flushed by lsn 0
[2020-12-30 12:55:20,942][INFO][WAL][CollectionFlushed][wal_thread]  is flushed by lsn 0
[2020-12-30 12:55:21,945][INFO][WAL][CollectionFlushed][wal_thread]  is flushed by lsn 0
[2020-12-30 12:55:22,946][INFO][WAL][CollectionFlushed][wal_thread]  is flushed by lsn 0
[2020-12-30 12:55:23,950][INFO][WAL][CollectionFlushed][wal_thread]  is flushed by lsn 0
[2020-12-30 12:55:24,952][INFO][WAL][CollectionFlushed][wal_thread]  is flushed by lsn 0
[2020-12-30 12:55:25,954][INFO][WAL][CollectionFlushed][wal_thread]  is flushed by lsn 0
[2020-12-30 12:55:26,957][INFO][WAL][CollectionFlushed][wal_thread]  is flushed by lsn 0
[2020-12-30 12:55:27,960][INFO][WAL][CollectionFlushed][wal_thread]  is flushed by lsn 0
[2020-12-30 12:55:28,962][INFO][WAL][CollectionFlushed][wal_thread]  is flushed by lsn 0
[2020-12-30 12:55:29,964][INFO][WAL][CollectionFlushed][wal_thread]  is flushed by lsn 0
[2020-12-30 12:55:30,966][INFO][WAL][CollectionFlushed][wal_thread]  is flushed by lsn 0
[2020-12-30 12:55:31,969][INFO][WAL][CollectionFlushed][wal_thread]  is flushed by lsn 0
[2020-12-30 12:55:32,972][INFO][WAL][CollectionFlushed][wal_thread]  is flushed by lsn 0
[2020-12-30 12:55:33,975][INFO][WAL][CollectionFlushed][wal_thread]  is flushed by lsn 0
[2020-12-30 12:55:34,978][INFO][WAL][CollectionFlushed][wal_thread]  is flushed by lsn 0
[2020-12-30 12:55:35,981][INFO][WAL][CollectionFlushed][wal_thread]  is flushed by lsn 0
[2020-12-30 12:55:36,984][INFO][WAL][CollectionFlushed][wal_thread]  is flushed by lsn 0
[2020-12-30 12:55:37,986][INFO][WAL][CollectionFlushed][wal_thread]  is flushed by lsn 0
[2020-12-30 12:55:38,988][INFO][WAL][CollectionFlushed][wal_thread]  is flushed by lsn 0
[2020-12-30 12:55:39,992][INFO][WAL][CollectionFlushed][wal_thread]  is flushed by lsn 0
[2020-12-30 12:55:40,993][INFO][WAL][CollectionFlushed][wal_thread]  is flushed by lsn 0
[2020-12-30 12:55:41,994][INFO][WAL][CollectionFlushed][wal_thread]  is flushed by lsn 0
[2020-12-30 12:55:42,998][INFO][WAL][CollectionFlushed][wal_thread]  is flushed by lsn 0
[2020-12-30 12:55:44,000][INFO][WAL][CollectionFlushed][wal_thread]  is flushed by lsn 0
[2020-12-30 12:55:45,003][INFO][WAL][CollectionFlushed][wal_thread]  is flushed by lsn 0
[2020-12-30 12:55:46,006][INFO][WAL][CollectionFlushed][wal_thread]  is flushed by lsn 0
[2020-12-30 12:55:47,008][INFO][WAL][CollectionFlushed][wal_thread]  is flushed by lsn 0
[2020-12-30 12:55:48,011][INFO][WAL][CollectionFlushed][wal_thread]  is flushed by lsn 0
[2020-12-30 12:55:49,014][INFO][WAL][CollectionFlushed][wal_thread]  is flushed by lsn 0
[2020-12-30 12:55:50,015][INFO][WAL][CollectionFlushed][wal_thread]  is flushed by lsn 0
[2020-12-30 12:55:51,018][INFO][WAL][CollectionFlushed][wal_thread]  is flushed by lsn 0
[2020-12-30 12:55:52,020][INFO][WAL][CollectionFlushed][wal_thread]  is flushed by lsn 0
[2020-12-30 12:55:53,021][INFO][WAL][CollectionFlushed][wal_thread]  is flushed by lsn 0
[2020-12-30 12:55:54,022][INFO][WAL][CollectionFlushed][wal_thread]  is flushed by lsn 0
[2020-12-30 12:55:55,025][INFO][WAL][CollectionFlushed][wal_thread]  is flushed by lsn 0
[2020-12-30 12:55:56,026][INFO][WAL][CollectionFlushed][wal_thread]  is flushed by lsn 0
[2020-12-30 12:55:57,027][INFO][WAL][CollectionFlushed][wal_thread]  is flushed by lsn 0
[2020-12-30 12:55:58,030][INFO][WAL][CollectionFlushed][wal_thread]  is flushed by lsn 0
[2020-12-30 12:55:59,032][INFO][WAL][CollectionFlushed][wal_thread]  is flushed by lsn 0
[2020-12-30 12:56:00,035][INFO][WAL][CollectionFlushed][wal_thread]  is flushed by lsn 0
[2020-12-30 12:56:01,036][INFO][WAL][CollectionFlushed][wal_thread]  is flushed by lsn 0
[2020-12-30 12:56:02,039][INFO][WAL][CollectionFlushed][wal_thread]  is flushed by lsn 0
[2020-12-30 12:56:03,042][INFO][WAL][CollectionFlushed][wal_thread]  is flushed by lsn 0
[2020-12-30 12:56:04,045][INFO][WAL][CollectionFlushed][wal_thread]  is flushed by lsn 0
[2020-12-30 12:56:05,046][INFO][WAL][CollectionFlushed][wal_thread]  is flushed by lsn 0
[2020-12-30 12:56:06,047][INFO][WAL][CollectionFlushed][wal_thread]  is flushed by lsn 0
[2020-12-30 12:56:07,051][INFO][WAL][CollectionFlushed][wal_thread]  is flushed by lsn 0
[2020-12-30 12:56:08,055][INFO][WAL][CollectionFlushed][wal_thread]  is flushed by lsn 0
[2020-12-30 12:56:09,058][INFO][WAL][CollectionFlushed][wal_thread]  is flushed by lsn 0
[2020-12-30 12:56:10,060][INFO][WAL][CollectionFlushed][wal_thread]  is flushed by lsn 0
[2020-12-30 12:56:11,063][INFO][WAL][CollectionFlushed][wal_thread]  is flushed by lsn 0
[2020-12-30 12:56:12,067][INFO][WAL][CollectionFlushed][wal_thread]  is flushed by lsn 0
[2020-12-30 12:56:13,070][INFO][WAL][CollectionFlushed][wal_thread]  is flushed by lsn 0
[2020-12-30 12:56:14,073][INFO][WAL][CollectionFlushed][wal_thread]  is flushed by lsn 0
[2020-12-30 12:56:15,077][INFO][WAL][CollectionFlushed][wal_thread]  is flushed by lsn 0
[2020-12-30 12:56:16,081][INFO][WAL][CollectionFlushed][wal_thread]  is flushed by lsn 0
[2020-12-30 12:56:17,084][INFO][WAL][CollectionFlushed][wal_thread]  is flushed by lsn 0
[2020-12-30 12:56:18,087][INFO][WAL][CollectionFlushed][wal_thread]  is flushed by lsn 0
[2020-12-30 12:56:19,090][INFO][WAL][CollectionFlushed][wal_thread]  is flushed by lsn 0
[2020-12-30 12:56:20,093][INFO][WAL][CollectionFlushed][wal_thread]  is flushed by lsn 0
[2020-12-30 12:56:21,096][INFO][WAL][CollectionFlushed][wal_thread]  is flushed by lsn 0
[2020-12-30 12:56:22,100][INFO][WAL][CollectionFlushed][wal_thread]  is flushed by lsn 0
[2020-12-30 12:56:23,102][INFO][WAL][CollectionFlushed][wal_thread]  is flushed by lsn 0
[2020-12-30 12:56:24,103][INFO][WAL][CollectionFlushed][wal_thread]  is flushed by lsn 0
[2020-12-30 12:56:25,105][INFO][WAL][CollectionFlushed][wal_thread]  is flushed by lsn 0
[2020-12-30 12:56:26,109][INFO][WAL][CollectionFlushed][wal_thread]  is flushed by lsn 0
[2020-12-30 12:56:27,112][INFO][WAL][CollectionFlushed][wal_thread]  is flushed by lsn 0
[2020-12-30 12:56:28,114][INFO][WAL][CollectionFlushed][wal_thread]  is flushed by lsn 0
[2020-12-30 12:56:29,116][INFO][WAL][CollectionFlushed][wal_thread]  is flushed by lsn 0
[2020-12-30 12:56:30,118][INFO][WAL][CollectionFlushed][wal_thread]  is flushed by lsn 0
[2020-12-30 12:56:31,119][INFO][WAL][CollectionFlushed][wal_thread]  is flushed by lsn 0
[2020-12-30 12:56:32,120][INFO][WAL][CollectionFlushed][wal_thread]  is flushed by lsn 0
[2020-12-30 12:56:33,123][INFO][WAL][CollectionFlushed][wal_thread]  is flushed by lsn 0
[2020-12-30 12:56:34,124][INFO][WAL][CollectionFlushed][wal_thread]  is flushed by lsn 0
[2020-12-30 12:56:35,126][INFO][WAL][CollectionFlushed][wal_thread]  is flushed by lsn 0
[2020-12-30 12:56:36,128][INFO][WAL][CollectionFlushed][wal_thread]  is flushed by lsn 0
[2020-12-30 12:56:37,132][INFO][WAL][CollectionFlushed][wal_thread]  is flushed by lsn 0
[2020-12-30 12:56:38,135][INFO][WAL][CollectionFlushed][wal_thread]  is flushed by lsn 0
[2020-12-30 12:56:39,138][INFO][WAL][CollectionFlushed][wal_thread]  is flushed by lsn 0
[2020-12-30 12:56:40,142][INFO][WAL][CollectionFlushed][wal_thread]  is flushed by lsn 0
[2020-12-30 12:56:41,145][INFO][WAL][CollectionFlushed][wal_thread]  is flushed by lsn 0
[2020-12-30 12:56:42,148][INFO][WAL][CollectionFlushed][wal_thread]  is flushed by lsn 0
[2020-12-30 12:56:43,152][INFO][WAL][CollectionFlushed][wal_thread]  is flushed by lsn 0
[2020-12-30 12:56:44,155][INFO][WAL][CollectionFlushed][wal_thread]  is flushed by lsn 0
[2020-12-30 12:56:45,158][INFO][WAL][CollectionFlushed][wal_thread]  is flushed by lsn 0
[2020-12-30 12:56:46,160][INFO][WAL][CollectionFlushed][wal_thread]  is flushed by lsn 0
[2020-12-30 12:56:47,162][INFO][WAL][CollectionFlushed][wal_thread]  is flushed by lsn 0
[2020-12-30 12:56:48,163][INFO][WAL][CollectionFlushed][wal_thread]  is flushed by lsn 0
[2020-12-30 12:56:49,166][INFO][WAL][CollectionFlushed][wal_thread]  is flushed by lsn 0
[2020-12-30 12:56:50,168][INFO][WAL][CollectionFlushed][wal_thread]  is flushed by lsn 0
[2020-12-30 12:56:51,171][INFO][WAL][CollectionFlushed][wal_thread]  is flushed by lsn 0
[2020-12-30 12:56:52,172][INFO][WAL][CollectionFlushed][wal_thread]  is flushed by lsn 0
[2020-12-30 12:56:53,173][INFO][WAL][CollectionFlushed][wal_thread]  is flushed by lsn 0
[2020-12-30 12:56:54,178][INFO][WAL][CollectionFlushed][wal_thread]  is flushed by lsn 0
[2020-12-30 12:56:55,179][INFO][WAL][CollectionFlushed][wal_thread]  is flushed by lsn 0
[2020-12-30 12:56:56,180][INFO][WAL][CollectionFlushed][wal_thread]  is flushed by lsn 0
[2020-12-30 12:56:57,183][INFO][WAL][CollectionFlushed][wal_thread]  is flushed by lsn 0
[2020-12-30 12:56:58,185][INFO][WAL][CollectionFlushed][wal_thread]  is flushed by lsn 0
[2020-12-30 12:56:59,187][INFO][WAL][CollectionFlushed][wal_thread]  is flushed by lsn 0
[2020-12-30 12:57:00,188][INFO][WAL][CollectionFlushed][wal_thread]  is flushed by lsn 0
[2020-12-30 12:57:01,191][INFO][WAL][CollectionFlushed][wal_thread]  is flushed by lsn 0
[2020-12-30 12:57:02,194][INFO][WAL][CollectionFlushed][wal_thread]  is flushed by lsn 0
[2020-12-30 12:57:03,197][INFO][WAL][CollectionFlushed][wal_thread]  is flushed by lsn 0
[2020-12-30 12:57:04,200][INFO][WAL][CollectionFlushed][wal_thread]  is flushed by lsn 0
[2020-12-30 12:57:05,204][INFO][WAL][CollectionFlushed][wal_thread]  is flushed by lsn 0
[2020-12-30 12:57:06,208][INFO][WAL][CollectionFlushed][wal_thread]  is flushed by lsn 0
[2020-12-30 12:57:07,210][INFO][WAL][CollectionFlushed][wal_thread]  is flushed by lsn 0
[2020-12-30 12:57:08,213][INFO][WAL][CollectionFlushed][wal_thread]  is flushed by lsn 0
[2020-12-30 12:57:09,217][INFO][WAL][CollectionFlushed][wal_thread]  is flushed by lsn 0
[2020-12-30 12:57:10,218][INFO][WAL][CollectionFlushed][wal_thread]  is flushed by lsn 0
[2020-12-30 12:57:11,220][INFO][WAL][CollectionFlushed][wal_thread]  is flushed by lsn 0
[2020-12-30 12:57:12,221][INFO][WAL][CollectionFlushed][wal_thread]  is flushed by lsn 0
[2020-12-30 12:57:13,223][INFO][WAL][CollectionFlushed][wal_thread]  is flushed by lsn 0
[2020-12-30 12:57:14,225][INFO][WAL][CollectionFlushed][wal_thread]  is flushed by lsn 0
[2020-12-30 12:57:15,227][INFO][WAL][CollectionFlushed][wal_thread]  is flushed by lsn 0
[2020-12-30 12:57:16,229][INFO][WAL][CollectionFlushed][wal_thread]  is flushed by lsn 0
[2020-12-30 12:57:17,231][INFO][WAL][CollectionFlushed][wal_thread]  is flushed by lsn 0
[2020-12-30 12:57:18,234][INFO][WAL][CollectionFlushed][wal_thread]  is flushed by lsn 0
[2020-12-30 12:57:19,235][INFO][WAL][CollectionFlushed][wal_thread]  is flushed by lsn 0
[2020-12-30 12:57:20,236][INFO][WAL][CollectionFlushed][wal_thread]  is flushed by lsn 0
[2020-12-30 12:57:21,238][INFO][WAL][CollectionFlushed][wal_thread]  is flushed by lsn 0
[2020-12-30 12:57:22,241][INFO][WAL][CollectionFlushed][wal_thread]  is flushed by lsn 0
[2020-12-30 12:57:23,244][INFO][WAL][CollectionFlushed][wal_thread]  is flushed by lsn 0
[2020-12-30 12:57:24,247][INFO][WAL][CollectionFlushed][wal_thread]  is flushed by lsn 0
[2020-12-30 12:57:25,248][INFO][WAL][CollectionFlushed][wal_thread]  is flushed by lsn 0
[2020-12-30 12:57:26,249][INFO][WAL][CollectionFlushed][wal_thread]  is flushed by lsn 0
[2020-12-30 12:57:27,250][INFO][WAL][CollectionFlushed][wal_thread]  is flushed by lsn 0
[2020-12-30 12:57:28,251][INFO][WAL][CollectionFlushed][wal_thread]  is flushed by lsn 0
[2020-12-30 12:57:29,254][INFO][WAL][CollectionFlushed][wal_thread]  is flushed by lsn 0
[2020-12-30 12:57:30,258][INFO][WAL][CollectionFlushed][wal_thread]  is flushed by lsn 0
[2020-12-30 12:57:31,260][INFO][WAL][CollectionFlushed][wal_thread]  is flushed by lsn 0
[2020-12-30 12:57:32,263][INFO][WAL][CollectionFlushed][wal_thread]  is flushed by lsn 0
[2020-12-30 12:57:33,266][INFO][WAL][CollectionFlushed][wal_thread]  is flushed by lsn 0
[2020-12-30 12:57:34,268][INFO][WAL][CollectionFlushed][wal_thread]  is flushed by lsn 0
[2020-12-30 12:57:35,270][INFO][WAL][CollectionFlushed][wal_thread]  is flushed by lsn 0
[2020-12-30 12:57:36,273][INFO][WAL][CollectionFlushed][wal_thread]  is flushed by lsn 0
[2020-12-30 12:57:37,274][INFO][WAL][CollectionFlushed][wal_thread]  is flushed by lsn 0
[2020-12-30 12:57:38,278][INFO][WAL][CollectionFlushed][wal_thread]  is flushed by lsn 0
[2020-12-30 12:57:39,282][INFO][WAL][CollectionFlushed][wal_thread]  is flushed by lsn 0
[2020-12-30 12:57:40,285][INFO][WAL][CollectionFlushed][wal_thread]  is flushed by lsn 0
[2020-12-30 12:57:41,288][INFO][WAL][CollectionFlushed][wal_thread]  is flushed by lsn 0
[2020-12-30 12:57:42,291][INFO][WAL][CollectionFlushed][wal_thread]  is flushed by lsn 0
[2020-12-30 12:57:43,292][INFO][WAL][CollectionFlushed][wal_thread]  is flushed by lsn 0
[2020-12-30 12:57:44,293][INFO][WAL][CollectionFlushed][wal_thread]  is flushed by lsn 0
[2020-12-30 12:57:45,293][INFO][WAL][CollectionFlushed][wal_thread]  is flushed by lsn 0
[2020-12-30 12:57:46,295][INFO][WAL][CollectionFlushed][wal_thread]  is flushed by lsn 0
[2020-12-30 12:57:47,299][INFO][WAL][CollectionFlushed][wal_thread]  is flushed by lsn 0
[2020-12-30 12:57:48,301][INFO][WAL][CollectionFlushed][wal_thread]  is flushed by lsn 0
[2020-12-30 12:57:49,302][INFO][WAL][CollectionFlushed][wal_thread]  is flushed by lsn 0
[2020-12-30 12:57:50,305][INFO][WAL][CollectionFlushed][wal_thread]  is flushed by lsn 0
[2020-12-30 12:57:51,308][INFO][WAL][CollectionFlushed][wal_thread]  is flushed by lsn 0
[2020-12-30 12:57:52,310][INFO][WAL][CollectionFlushed][wal_thread]  is flushed by lsn 0
[2020-12-30 12:57:53,313][INFO][WAL][CollectionFlushed][wal_thread]  is flushed by lsn 0
[2020-12-30 12:57:54,314][INFO][WAL][CollectionFlushed][wal_thread]  is flushed by lsn 0
[2020-12-30 12:57:55,317][INFO][WAL][CollectionFlushed][wal_thread]  is flushed by lsn 0
[2020-12-30 12:57:56,320][INFO][WAL][CollectionFlushed][wal_thread]  is flushed by lsn 0
[2020-12-30 12:57:57,323][INFO][WAL][CollectionFlushed][wal_thread]  is flushed by lsn 0
[2020-12-30 12:57:58,325][INFO][WAL][CollectionFlushed][wal_thread]  is flushed by lsn 0
[2020-12-30 12:57:59,326][INFO][WAL][CollectionFlushed][wal_thread]  is flushed by lsn 0
[2020-12-30 12:58:00,329][INFO][WAL][CollectionFlushed][wal_thread]  is flushed by lsn 0
[2020-12-30 12:58:01,331][INFO][WAL][CollectionFlushed][wal_thread]  is flushed by lsn 0
[2020-12-30 12:58:02,332][INFO][WAL][CollectionFlushed][wal_thread]  is flushed by lsn 0
[2020-12-30 12:58:03,335][INFO][WAL][CollectionFlushed][wal_thread]  is flushed by lsn 0
[2020-12-30 12:58:04,337][INFO][WAL][CollectionFlushed][wal_thread]  is flushed by lsn 0
[2020-12-30 12:58:05,340][INFO][WAL][CollectionFlushed][wal_thread]  is flushed by lsn 0
[2020-12-30 12:58:06,343][INFO][WAL][CollectionFlushed][wal_thread]  is flushed by lsn 0
[2020-12-30 12:58:07,344][INFO][WAL][CollectionFlushed][wal_thread]  is flushed by lsn 0
[2020-12-30 12:58:08,347][INFO][WAL][CollectionFlushed][wal_thread]  is flushed by lsn 0
[2020-12-30 12:58:09,350][INFO][WAL][CollectionFlushed][wal_thread]  is flushed by lsn 0
[2020-12-30 12:58:10,351][INFO][WAL][CollectionFlushed][wal_thread]  is flushed by lsn 0
[2020-12-30 12:58:11,354][INFO][WAL][CollectionFlushed][wal_thread]  is flushed by lsn 0
[2020-12-30 12:58:12,358][INFO][WAL][CollectionFlushed][wal_thread]  is flushed by lsn 0
[2020-12-30 12:58:13,361][INFO][WAL][CollectionFlushed][wal_thread]  is flushed by lsn 0
[2020-12-30 12:58:14,363][INFO][WAL][CollectionFlushed][wal_thread]  is flushed by lsn 0
[2020-12-30 12:58:15,366][INFO][WAL][CollectionFlushed][wal_thread]  is flushed by lsn 0
[2020-12-30 12:58:16,369][INFO][WAL][CollectionFlushed][wal_thread]  is flushed by lsn 0
[2020-12-30 12:58:17,372][INFO][WAL][CollectionFlushed][wal_thread]  is flushed by lsn 0
[2020-12-30 12:58:18,374][INFO][WAL][CollectionFlushed][wal_thread]  is flushed by lsn 0
[2020-12-30 12:58:19,377][INFO][WAL][CollectionFlushed][wal_thread]  is flushed by lsn 0
[2020-12-30 12:58:20,380][INFO][WAL][CollectionFlushed][wal_thread]  is flushed by lsn 0
[2020-12-30 12:58:21,383][INFO][WAL][CollectionFlushed][wal_thread]  is flushed by lsn 0
[2020-12-30 12:58:22,386][INFO][WAL][CollectionFlushed][wal_thread]  is flushed by lsn 0
[2020-12-30 12:58:23,390][INFO][WAL][CollectionFlushed][wal_thread]  is flushed by lsn 0
[2020-12-30 12:58:24,395][INFO][WAL][CollectionFlushed][wal_thread]  is flushed by lsn 0
[2020-12-30 12:58:25,398][INFO][WAL][CollectionFlushed][wal_thread]  is flushed by lsn 0
[2020-12-30 12:58:26,400][INFO][WAL][CollectionFlushed][wal_thread]  is flushed by lsn 0
[2020-12-30 12:58:27,404][INFO][WAL][CollectionFlushed][wal_thread]  is flushed by lsn 0
[2020-12-30 12:58:28,407][INFO][WAL][CollectionFlushed][wal_thread]  is flushed by lsn 0
[2020-12-30 12:58:29,411][INFO][WAL][CollectionFlushed][wal_thread]  is flushed by lsn 0
[2020-12-30 12:58:30,413][INFO][WAL][CollectionFlushed][wal_thread]  is flushed by lsn 0
[2020-12-30 12:58:31,416][INFO][WAL][CollectionFlushed][wal_thread]  is flushed by lsn 0
[2020-12-30 12:58:32,420][INFO][WAL][CollectionFlushed][wal_thread]  is flushed by lsn 0
[2020-12-30 12:58:33,423][INFO][WAL][CollectionFlushed][wal_thread]  is flushed by lsn 0
[2020-12-30 12:58:34,426][INFO][WAL][CollectionFlushed][wal_thread]  is flushed by lsn 0
[2020-12-30 12:58:35,430][INFO][WAL][CollectionFlushed][wal_thread]  is flushed by lsn 0
[2020-12-30 12:58:36,433][INFO][WAL][CollectionFlushed][wal_thread]  is flushed by lsn 0
[2020-12-30 12:58:37,436][INFO][WAL][CollectionFlushed][wal_thread]  is flushed by lsn 0
[2020-12-30 12:58:38,439][INFO][WAL][CollectionFlushed][wal_thread]  is flushed by lsn 0
[2020-12-30 12:58:39,443][INFO][WAL][CollectionFlushed][wal_thread]  is flushed by lsn 0
[2020-12-30 12:58:40,447][INFO][WAL][CollectionFlushed][wal_thread]  is flushed by lsn 0
[2020-12-30 12:58:41,450][INFO][WAL][CollectionFlushed][wal_thread]  is flushed by lsn 0
[2020-12-30 12:58:42,452][INFO][WAL][CollectionFlushed][wal_thread]  is flushed by lsn 0
[2020-12-30 12:58:43,453][INFO][WAL][CollectionFlushed][wal_thread]  is flushed by lsn 0
[2020-12-30 12:58:44,455][INFO][WAL][CollectionFlushed][wal_thread]  is flushed by lsn 0
[2020-12-30 12:58:45,458][INFO][WAL][CollectionFlushed][wal_thread]  is flushed by lsn 0
[2020-12-30 12:58:46,461][INFO][WAL][CollectionFlushed][wal_thread]  is flushed by lsn 0
[2020-12-30 12:58:47,463][INFO][WAL][CollectionFlushed][wal_thread]  is flushed by lsn 0
[2020-12-30 12:58:48,466][INFO][WAL][CollectionFlushed][wal_thread]  is flushed by lsn 0
[2020-12-30 12:58:49,467][INFO][WAL][CollectionFlushed][wal_thread]  is flushed by lsn 0
[2020-12-30 12:58:50,469][INFO][WAL][CollectionFlushed][wal_thread]  is flushed by lsn 0
[2020-12-30 12:58:51,471][INFO][WAL][CollectionFlushed][wal_thread]  is flushed by lsn 0
[2020-12-30 12:58:52,472][INFO][WAL][CollectionFlushed][wal_thread]  is flushed by lsn 0
[2020-12-30 12:58:53,475][INFO][WAL][CollectionFlushed][wal_thread]  is flushed by lsn 0
[2020-12-30 12:58:54,481][INFO][WAL][CollectionFlushed][wal_thread]  is flushed by lsn 0
[2020-12-30 12:58:55,483][INFO][WAL][CollectionFlushed][wal_thread]  is flushed by lsn 0
[2020-12-30 12:58:56,485][INFO][WAL][CollectionFlushed][wal_thread]  is flushed by lsn 0
[2020-12-30 12:58:57,487][INFO][WAL][CollectionFlushed][wal_thread]  is flushed by lsn 0
[2020-12-30 12:58:58,488][INFO][WAL][CollectionFlushed][wal_thread]  is flushed by lsn 0
[2020-12-30 12:58:59,490][INFO][WAL][CollectionFlushed][wal_thread]  is flushed by lsn 0
[2020-12-30 12:59:00,493][INFO][WAL][CollectionFlushed][wal_thread]  is flushed by lsn 0
[2020-12-30 12:59:01,494][INFO][WAL][CollectionFlushed][wal_thread]  is flushed by lsn 0
[2020-12-30 12:59:02,497][INFO][WAL][CollectionFlushed][wal_thread]  is flushed by lsn 0
[2020-12-30 12:59:03,499][INFO][WAL][CollectionFlushed][wal_thread]  is flushed by lsn 0
[2020-12-30 12:59:04,502][INFO][WAL][CollectionFlushed][wal_thread]  is flushed by lsn 0
[2020-12-30 12:59:05,503][INFO][WAL][CollectionFlushed][wal_thread]  is flushed by lsn 0
[2020-12-30 12:59:06,505][INFO][WAL][CollectionFlushed][wal_thread]  is flushed by lsn 0
[2020-12-30 12:59:07,507][INFO][WAL][CollectionFlushed][wal_thread]  is flushed by lsn 0
[2020-12-30 12:59:08,509][INFO][WAL][CollectionFlushed][wal_thread]  is flushed by lsn 0
[2020-12-30 12:59:09,511][INFO][WAL][CollectionFlushed][wal_thread]  is flushed by lsn 0
[2020-12-30 12:59:10,514][INFO][WAL][CollectionFlushed][wal_thread]  is flushed by lsn 0
[2020-12-30 12:59:11,517][INFO][WAL][CollectionFlushed][wal_thread]  is flushed by lsn 0
[2020-12-30 12:59:12,519][INFO][WAL][CollectionFlushed][wal_thread]  is flushed by lsn 0
[2020-12-30 12:59:13,524][INFO][WAL][CollectionFlushed][wal_thread]  is flushed by lsn 0
[2020-12-30 12:59:14,526][INFO][WAL][CollectionFlushed][wal_thread]  is flushed by lsn 0
[2020-12-30 12:59:15,527][INFO][WAL][CollectionFlushed][wal_thread]  is flushed by lsn 0
[2020-12-30 12:59:16,529][INFO][WAL][CollectionFlushed][wal_thread]  is flushed by lsn 0
[2020-12-30 12:59:17,531][INFO][WAL][CollectionFlushed][wal_thread]  is flushed by lsn 0
[2020-12-30 12:59:18,535][INFO][WAL][CollectionFlushed][wal_thread]  is flushed by lsn 0
[2020-12-30 12:59:19,537][INFO][WAL][CollectionFlushed][wal_thread]  is flushed by lsn 0
[2020-12-30 12:59:20,538][INFO][WAL][CollectionFlushed][wal_thread]  is flushed by lsn 0
[2020-12-30 12:59:21,539][INFO][WAL][CollectionFlushed][wal_thread]  is flushed by lsn 0
[2020-12-30 12:59:22,541][INFO][WAL][CollectionFlushed][wal_thread]  is flushed by lsn 0
[2020-12-30 12:59:23,544][INFO][WAL][CollectionFlushed][wal_thread]  is flushed by lsn 0
[2020-12-30 12:59:24,547][INFO][WAL][CollectionFlushed][wal_thread]  is flushed by lsn 0
[2020-12-30 12:59:25,548][INFO][WAL][CollectionFlushed][wal_thread]  is flushed by lsn 0
[2020-12-30 12:59:26,549][INFO][WAL][CollectionFlushed][wal_thread]  is flushed by lsn 0
[2020-12-30 12:59:27,550][INFO][WAL][CollectionFlushed][wal_thread]  is flushed by lsn 0
[2020-12-30 12:59:28,552][INFO][WAL][CollectionFlushed][wal_thread]  is flushed by lsn 0
[2020-12-30 12:59:29,555][INFO][WAL][CollectionFlushed][wal_thread]  is flushed by lsn 0
[2020-12-30 12:59:30,558][INFO][WAL][CollectionFlushed][wal_thread]  is flushed by lsn 0
[2020-12-30 12:59:31,562][INFO][WAL][CollectionFlushed][wal_thread]  is flushed by lsn 0
[2020-12-30 12:59:32,565][INFO][WAL][CollectionFlushed][wal_thread]  is flushed by lsn 0
[2020-12-30 12:59:33,567][INFO][WAL][CollectionFlushed][wal_thread]  is flushed by lsn 0
[2020-12-30 12:59:34,568][INFO][WAL][CollectionFlushed][wal_thread]  is flushed by lsn 0
[2020-12-30 12:59:35,571][INFO][WAL][CollectionFlushed][wal_thread]  is flushed by lsn 0
[2020-12-30 12:59:36,575][INFO][WAL][CollectionFlushed][wal_thread]  is flushed by lsn 0
[2020-12-30 12:59:37,578][INFO][WAL][CollectionFlushed][wal_thread]  is flushed by lsn 0
[2020-12-30 12:59:38,582][INFO][WAL][CollectionFlushed][wal_thread]  is flushed by lsn 0
[2020-12-30 12:59:39,584][INFO][WAL][CollectionFlushed][wal_thread]  is flushed by lsn 0
[2020-12-30 12:59:40,588][INFO][WAL][CollectionFlushed][wal_thread]  is flushed by lsn 0
[2020-12-30 12:59:41,591][INFO][WAL][CollectionFlushed][wal_thread]  is flushed by lsn 0
[2020-12-30 12:59:42,592][INFO][WAL][CollectionFlushed][wal_thread]  is flushed by lsn 0
[2020-12-30 12:59:43,593][INFO][WAL][CollectionFlushed][wal_thread]  is flushed by lsn 0
[2020-12-30 12:59:44,596][INFO][WAL][CollectionFlushed][wal_thread]  is flushed by lsn 0
[2020-12-30 12:59:45,597][INFO][WAL][CollectionFlushed][wal_thread]  is flushed by lsn 0
[2020-12-30 12:59:46,599][INFO][WAL][CollectionFlushed][wal_thread]  is flushed by lsn 0
[2020-12-30 12:59:47,601][INFO][WAL][CollectionFlushed][wal_thread]  is flushed by lsn 0
[2020-12-30 12:59:48,602][INFO][WAL][CollectionFlushed][wal_thread]  is flushed by lsn 0
[2020-12-30 12:59:49,603][INFO][WAL][CollectionFlushed][wal_thread]  is flushed by lsn 0
[2020-12-30 12:59:50,607][INFO][WAL][CollectionFlushed][wal_thread]  is flushed by lsn 0
[2020-12-30 12:59:51,608][INFO][WAL][CollectionFlushed][wal_thread]  is flushed by lsn 0
[2020-12-30 12:59:52,609][INFO][WAL][CollectionFlushed][wal_thread]  is flushed by lsn 0
[2020-12-30 12:59:53,610][INFO][WAL][CollectionFlushed][wal_thread]  is flushed by lsn 0
[2020-12-30 12:59:54,611][INFO][WAL][CollectionFlushed][wal_thread]  is flushed by lsn 0
[2020-12-30 12:59:55,612][INFO][WAL][CollectionFlushed][wal_thread]  is flushed by lsn 0
[2020-12-30 12:59:56,614][INFO][WAL][CollectionFlushed][wal_thread]  is flushed by lsn 0
[2020-12-30 12:59:57,616][INFO][WAL][CollectionFlushed][wal_thread]  is flushed by lsn 0
[2020-12-30 12:59:58,619][INFO][WAL][CollectionFlushed][wal_thread]  is flushed by lsn 0
[2020-12-30 12:59:59,623][INFO][WAL][CollectionFlushed][wal_thread]  is flushed by lsn 0
[2020-12-30 13:00:00,626][INFO][WAL][CollectionFlushed][wal_thread]  is flushed by lsn 0
[2020-12-30 13:00:01,630][INFO][WAL][CollectionFlushed][wal_thread]  is flushed by lsn 0
[2020-12-30 13:00:02,633][INFO][WAL][CollectionFlushed][wal_thread]  is flushed by lsn 0
[2020-12-30 13:00:03,635][INFO][WAL][CollectionFlushed][wal_thread]  is flushed by lsn 0
[2020-12-30 13:00:04,638][INFO][WAL][CollectionFlushed][wal_thread]  is flushed by lsn 0
[2020-12-30 13:00:05,640][INFO][WAL][CollectionFlushed][wal_thread]  is flushed by lsn 0
[2020-12-30 13:00:06,644][INFO][WAL][CollectionFlushed][wal_thread]  is flushed by lsn 0
[2020-12-30 13:00:07,646][INFO][WAL][CollectionFlushed][wal_thread]  is flushed by lsn 0
[2020-12-30 13:00:08,649][INFO][WAL][CollectionFlushed][wal_thread]  is flushed by lsn 0
[2020-12-30 13:00:09,652][INFO][WAL][CollectionFlushed][wal_thread]  is flushed by lsn 0
[2020-12-30 13:00:10,654][INFO][WAL][CollectionFlushed][wal_thread]  is flushed by lsn 0
[2020-12-30 13:00:11,656][INFO][WAL][CollectionFlushed][wal_thread]  is flushed by lsn 0
[2020-12-30 13:00:12,659][INFO][WAL][CollectionFlushed][wal_thread]  is flushed by lsn 0
[2020-12-30 13:00:13,660][INFO][WAL][CollectionFlushed][wal_thread]  is flushed by lsn 0
[2020-12-30 13:00:14,662][INFO][WAL][CollectionFlushed][wal_thread]  is flushed by lsn 0
[2020-12-30 13:00:15,665][INFO][WAL][CollectionFlushed][wal_thread]  is flushed by lsn 0
[2020-12-30 13:00:16,666][INFO][WAL][CollectionFlushed][wal_thread]  is flushed by lsn 0
[2020-12-30 13:00:17,667][INFO][WAL][CollectionFlushed][wal_thread]  is flushed by lsn 0
[2020-12-30 13:00:18,668][INFO][WAL][CollectionFlushed][wal_thread]  is flushed by lsn 0
[2020-12-30 13:00:19,670][INFO][WAL][CollectionFlushed][wal_thread]  is flushed by lsn 0
[2020-12-30 13:00:20,674][INFO][WAL][CollectionFlushed][wal_thread]  is flushed by lsn 0
[2020-12-30 13:00:21,676][INFO][WAL][CollectionFlushed][wal_thread]  is flushed by lsn 0
[2020-12-30 13:00:22,678][INFO][WAL][CollectionFlushed][wal_thread]  is flushed by lsn 0
[2020-12-30 13:00:23,680][INFO][WAL][CollectionFlushed][wal_thread]  is flushed by lsn 0
[2020-12-30 13:00:24,682][INFO][WAL][CollectionFlushed][wal_thread]  is flushed by lsn 0
[2020-12-30 13:00:25,685][INFO][WAL][CollectionFlushed][wal_thread]  is flushed by lsn 0
[2020-12-30 13:00:26,686][INFO][WAL][CollectionFlushed][wal_thread]  is flushed by lsn 0
[2020-12-30 13:00:27,687][INFO][WAL][CollectionFlushed][wal_thread]  is flushed by lsn 0
[2020-12-30 13:00:28,690][INFO][WAL][CollectionFlushed][wal_thread]  is flushed by lsn 0
[2020-12-30 13:00:29,691][INFO][WAL][CollectionFlushed][wal_thread]  is flushed by lsn 0
[2020-12-30 13:00:30,693][INFO][WAL][CollectionFlushed][wal_thread]  is flushed by lsn 0
[2020-12-30 13:00:31,695][INFO][WAL][CollectionFlushed][wal_thread]  is flushed by lsn 0
[2020-12-30 13:00:32,699][INFO][WAL][CollectionFlushed][wal_thread]  is flushed by lsn 0
[2020-12-30 13:00:33,701][INFO][WAL][CollectionFlushed][wal_thread]  is flushed by lsn 0
[2020-12-30 13:00:34,702][INFO][WAL][CollectionFlushed][wal_thread]  is flushed by lsn 0
[2020-12-30 13:00:35,704][INFO][WAL][CollectionFlushed][wal_thread]  is flushed by lsn 0
[2020-12-30 13:00:36,707][INFO][WAL][CollectionFlushed][wal_thread]  is flushed by lsn 0
[2020-12-30 13:00:37,708][INFO][WAL][CollectionFlushed][wal_thread]  is flushed by lsn 0
[2020-12-30 13:00:38,709][INFO][WAL][CollectionFlushed][wal_thread]  is flushed by lsn 0
[2020-12-30 13:00:39,711][INFO][WAL][CollectionFlushed][wal_thread]  is flushed by lsn 0
[2020-12-30 13:00:40,714][INFO][WAL][CollectionFlushed][wal_thread]  is flushed by lsn 0
[2020-12-30 13:00:41,717][INFO][WAL][CollectionFlushed][wal_thread]  is flushed by lsn 0
[2020-12-30 13:00:42,720][INFO][WAL][CollectionFlushed][wal_thread]  is flushed by lsn 0
[2020-12-30 13:00:43,723][INFO][WAL][CollectionFlushed][wal_thread]  is flushed by lsn 0
[2020-12-30 13:00:44,724][INFO][WAL][CollectionFlushed][wal_thread]  is flushed by lsn 0
[2020-12-30 13:00:45,727][INFO][WAL][CollectionFlushed][wal_thread]  is flushed by lsn 0
[2020-12-30 13:00:46,730][INFO][WAL][CollectionFlushed][wal_thread]  is flushed by lsn 0
[2020-12-30 13:00:47,733][INFO][WAL][CollectionFlushed][wal_thread]  is flushed by lsn 0
[2020-12-30 13:00:48,735][INFO][WAL][CollectionFlushed][wal_thread]  is flushed by lsn 0
[2020-12-30 13:00:49,738][INFO][WAL][CollectionFlushed][wal_thread]  is flushed by lsn 0
[2020-12-30 13:00:50,741][INFO][WAL][CollectionFlushed][wal_thread]  is flushed by lsn 0
[2020-12-30 13:00:51,743][INFO][WAL][CollectionFlushed][wal_thread]  is flushed by lsn 0
[2020-12-30 13:00:52,744][INFO][WAL][CollectionFlushed][wal_thread]  is flushed by lsn 0
[2020-12-30 13:00:53,745][INFO][WAL][CollectionFlushed][wal_thread]  is flushed by lsn 0
[2020-12-30 13:00:54,749][INFO][WAL][CollectionFlushed][wal_thread]  is flushed by lsn 0
[2020-12-30 13:00:55,751][INFO][WAL][CollectionFlushed][wal_thread]  is flushed by lsn 0
[2020-12-30 13:00:56,753][INFO][WAL][CollectionFlushed][wal_thread]  is flushed by lsn 0
[2020-12-30 13:00:57,755][INFO][WAL][CollectionFlushed][wal_thread]  is flushed by lsn 0
[2020-12-30 13:00:58,756][INFO][WAL][CollectionFlushed][wal_thread]  is flushed by lsn 0
[2020-12-30 13:00:59,758][INFO][WAL][CollectionFlushed][wal_thread]  is flushed by lsn 0
[2020-12-30 13:01:00,759][INFO][WAL][CollectionFlushed][wal_thread]  is flushed by lsn 0
[2020-12-30 13:01:01,762][INFO][WAL][CollectionFlushed][wal_thread]  is flushed by lsn 0
[2020-12-30 13:01:02,763][INFO][WAL][CollectionFlushed][wal_thread]  is flushed by lsn 0
[2020-12-30 13:01:03,765][INFO][WAL][CollectionFlushed][wal_thread]  is flushed by lsn 0
[2020-12-30 13:01:04,769][INFO][WAL][CollectionFlushed][wal_thread]  is flushed by lsn 0
[2020-12-30 13:01:05,770][INFO][WAL][CollectionFlushed][wal_thread]  is flushed by lsn 0
[2020-12-30 13:01:06,771][INFO][WAL][CollectionFlushed][wal_thread]  is flushed by lsn 0
[2020-12-30 13:01:07,772][INFO][WAL][CollectionFlushed][wal_thread]  is flushed by lsn 0
[2020-12-30 13:01:08,774][INFO][WAL][CollectionFlushed][wal_thread]  is flushed by lsn 0
[2020-12-30 13:01:09,776][INFO][WAL][CollectionFlushed][wal_thread]  is flushed by lsn 0
[2020-12-30 13:01:10,776][INFO][WAL][CollectionFlushed][wal_thread]  is flushed by lsn 0
[2020-12-30 13:01:11,777][INFO][WAL][CollectionFlushed][wal_thread]  is flushed by lsn 0
[2020-12-30 13:01:12,779][INFO][WAL][CollectionFlushed][wal_thread]  is flushed by lsn 0
[2020-12-30 13:01:13,783][INFO][WAL][CollectionFlushed][wal_thread]  is flushed by lsn 0
[2020-12-30 13:01:14,785][INFO][WAL][CollectionFlushed][wal_thread]  is flushed by lsn 0
[2020-12-30 13:01:15,786][INFO][WAL][CollectionFlushed][wal_thread]  is flushed by lsn 0
[2020-12-30 13:01:16,787][INFO][WAL][CollectionFlushed][wal_thread]  is flushed by lsn 0
[2020-12-30 13:01:17,788][INFO][WAL][CollectionFlushed][wal_thread]  is flushed by lsn 0
[2020-12-30 13:01:18,789][INFO][WAL][CollectionFlushed][wal_thread]  is flushed by lsn 0
[2020-12-30 13:01:19,791][INFO][WAL][CollectionFlushed][wal_thread]  is flushed by lsn 0
[2020-12-30 13:01:20,793][INFO][WAL][CollectionFlushed][wal_thread]  is flushed by lsn 0
[2020-12-30 13:01:21,796][INFO][WAL][CollectionFlushed][wal_thread]  is flushed by lsn 0
[2020-12-30 13:01:22,799][INFO][WAL][CollectionFlushed][wal_thread]  is flushed by lsn 0
[2020-12-30 13:01:23,801][INFO][WAL][CollectionFlushed][wal_thread]  is flushed by lsn 0
[2020-12-30 13:01:24,802][INFO][WAL][CollectionFlushed][wal_thread]  is flushed by lsn 0
[2020-12-30 13:01:25,803][INFO][WAL][CollectionFlushed][wal_thread]  is flushed by lsn 0
[2020-12-30 13:01:26,804][INFO][WAL][CollectionFlushed][wal_thread]  is flushed by lsn 0
[2020-12-30 13:01:27,805][INFO][WAL][CollectionFlushed][wal_thread]  is flushed by lsn 0
[2020-12-30 13:01:28,807][INFO][WAL][CollectionFlushed][wal_thread]  is flushed by lsn 0
[2020-12-30 13:01:29,809][INFO][WAL][CollectionFlushed][wal_thread]  is flushed by lsn 0
[2020-12-30 13:01:30,812][INFO][WAL][CollectionFlushed][wal_thread]  is flushed by lsn 0
[2020-12-30 13:01:31,813][INFO][WAL][CollectionFlushed][wal_thread]  is flushed by lsn 0
[2020-12-30 13:01:32,815][INFO][WAL][CollectionFlushed][wal_thread]  is flushed by lsn 0
[2020-12-30 13:01:33,817][INFO][WAL][CollectionFlushed][wal_thread]  is flushed by lsn 0
[2020-12-30 13:01:34,820][INFO][WAL][CollectionFlushed][wal_thread]  is flushed by lsn 0
[2020-12-30 13:01:35,823][INFO][WAL][CollectionFlushed][wal_thread]  is flushed by lsn 0
[2020-12-30 13:01:36,826][INFO][WAL][CollectionFlushed][wal_thread]  is flushed by lsn 0
[2020-12-30 13:01:37,829][INFO][WAL][CollectionFlushed][wal_thread]  is flushed by lsn 0
[2020-12-30 13:01:38,833][INFO][WAL][CollectionFlushed][wal_thread]  is flushed by lsn 0
[2020-12-30 13:01:39,836][INFO][WAL][CollectionFlushed][wal_thread]  is flushed by lsn 0
[2020-12-30 13:01:40,839][INFO][WAL][CollectionFlushed][wal_thread]  is flushed by lsn 0
[2020-12-30 13:01:41,843][INFO][WAL][CollectionFlushed][wal_thread]  is flushed by lsn 0
[2020-12-30 13:01:42,845][INFO][WAL][CollectionFlushed][wal_thread]  is flushed by lsn 0
[2020-12-30 13:01:43,846][INFO][WAL][CollectionFlushed][wal_thread]  is flushed by lsn 0
[2020-12-30 13:01:44,846][INFO][WAL][CollectionFlushed][wal_thread]  is flushed by lsn 0
[2020-12-30 13:01:45,848][INFO][WAL][CollectionFlushed][wal_thread]  is flushed by lsn 0
[2020-12-30 13:01:46,849][INFO][WAL][CollectionFlushed][wal_thread]  is flushed by lsn 0
[2020-12-30 13:01:47,851][INFO][WAL][CollectionFlushed][wal_thread]  is flushed by lsn 0
[2020-12-30 13:01:48,852][INFO][WAL][CollectionFlushed][wal_thread]  is flushed by lsn 0
[2020-12-30 13:01:49,854][INFO][WAL][CollectionFlushed][wal_thread]  is flushed by lsn 0
[2020-12-30 13:01:50,858][INFO][WAL][CollectionFlushed][wal_thread]  is flushed by lsn 0
[2020-12-30 13:01:51,861][INFO][WAL][CollectionFlushed][wal_thread]  is flushed by lsn 0
[2020-12-30 13:01:52,864][INFO][WAL][CollectionFlushed][wal_thread]  is flushed by lsn 0
[2020-12-30 13:01:53,867][INFO][WAL][CollectionFlushed][wal_thread]  is flushed by lsn 0
[2020-12-30 13:01:54,869][INFO][WAL][CollectionFlushed][wal_thread]  is flushed by lsn 0
[2020-12-30 13:01:55,872][INFO][WAL][CollectionFlushed][wal_thread]  is flushed by lsn 0
[2020-12-30 13:01:56,874][INFO][WAL][CollectionFlushed][wal_thread]  is flushed by lsn 0
[2020-12-30 13:01:57,875][INFO][WAL][CollectionFlushed][wal_thread]  is flushed by lsn 0
[2020-12-30 13:01:58,877][INFO][WAL][CollectionFlushed][wal_thread]  is flushed by lsn 0
[2020-12-30 13:01:59,880][INFO][WAL][CollectionFlushed][wal_thread]  is flushed by lsn 0
[2020-12-30 13:02:00,883][INFO][WAL][CollectionFlushed][wal_thread]  is flushed by lsn 0
[2020-12-30 13:02:01,886][INFO][WAL][CollectionFlushed][wal_thread]  is flushed by lsn 0
[2020-12-30 13:02:02,888][INFO][WAL][CollectionFlushed][wal_thread]  is flushed by lsn 0
[2020-12-30 13:02:03,890][INFO][WAL][CollectionFlushed][wal_thread]  is flushed by lsn 0
[2020-12-30 13:02:04,893][INFO][WAL][CollectionFlushed][wal_thread]  is flushed by lsn 0
[2020-12-30 13:02:05,894][INFO][WAL][CollectionFlushed][wal_thread]  is flushed by lsn 0
[2020-12-30 13:02:06,897][INFO][WAL][CollectionFlushed][wal_thread]  is flushed by lsn 0
[2020-12-30 13:02:07,900][INFO][WAL][CollectionFlushed][wal_thread]  is flushed by lsn 0
[2020-12-30 13:02:08,904][INFO][WAL][CollectionFlushed][wal_thread]  is flushed by lsn 0
[2020-12-30 13:02:09,908][INFO][WAL][CollectionFlushed][wal_thread]  is flushed by lsn 0
[2020-12-30 13:02:10,911][INFO][WAL][CollectionFlushed][wal_thread]  is flushed by lsn 0
[2020-12-30 13:02:11,912][INFO][WAL][CollectionFlushed][wal_thread]  is flushed by lsn 0
[2020-12-30 13:02:12,916][INFO][WAL][CollectionFlushed][wal_thread]  is flushed by lsn 0
[2020-12-30 13:02:13,919][INFO][WAL][CollectionFlushed][wal_thread]  is flushed by lsn 0
[2020-12-30 13:02:14,923][INFO][WAL][CollectionFlushed][wal_thread]  is flushed by lsn 0
[2020-12-30 13:02:15,927][INFO][WAL][CollectionFlushed][wal_thread]  is flushed by lsn 0
[2020-12-30 13:02:16,931][INFO][WAL][CollectionFlushed][wal_thread]  is flushed by lsn 0
[2020-12-30 13:02:17,934][INFO][WAL][CollectionFlushed][wal_thread]  is flushed by lsn 0
[2020-12-30 13:02:18,937][INFO][WAL][CollectionFlushed][wal_thread]  is flushed by lsn 0
[2020-12-30 13:02:19,940][INFO][WAL][CollectionFlushed][wal_thread]  is flushed by lsn 0
[2020-12-30 13:02:20,944][INFO][WAL][CollectionFlushed][wal_thread]  is flushed by lsn 0
