[2020-12-28 10:12:05,581][INFO][SERVER][Check][milvus_server] InstanceLockCheck passed.
[2020-12-28 10:12:05,582][INFO][SERVER][Check][milvus_server] InstanceLockCheck passed.
[2020-12-28 10:12:05,582][INFO][SERVER][Start][milvus_server] Milvus Release version: v0.9.1, built at 2020-05-28 17:39.31
[2020-12-28 10:12:05,583][INFO][SERVER][Start][milvus_server] CPU edition
[2020-12-28 10:12:05,587][INFO][SERVER][CheckCpuInstructionSet][milvus_server] Supported CPU instruction sets: avx2, sse4_2
[2020-12-28 10:12:05,590][INFO][SERVER][LogConfigInFile][milvus_server] 

***************Config in file***************

version: 0.4
server_config:
  address: 0.0.0.0
  port: 19530
  deploy_mode: single
  time_zone: UTC+8
  web_enable: true
  web_port: 19121
db_config:
  backend_url: sqlite://:@:/
  preload_collection: ~
  auto_flush_interval: 1
storage_config:
  primary_path: /var/lib/milvus
  secondary_path: ~
  file_cleanup_timeout: 10
metric_config:
  enable_monitor: false
  address: 127.0.0.1
  port: 9091
cache_config:
  cpu_cache_capacity: 1
  insert_buffer_size: 1
  cache_insert_data: false
engine_config:
  use_blas_threshold: 1100
  gpu_search_threshold: 1000
gpu_resource_config:
  enable: false
  cache_capacity: 1
  search_resources:
    - gpu0
  build_index_resources:
    - gpu0
tracing_config:
  json_config_path: ~
wal_config:
  enable: true
  recovery_error_ignore: true
  buffer_size: 256
  wal_path: /var/lib/milvus/wal
logs:
  trace.enable: true
  debug.enable: true
  info.enable: true
  warning.enable: true
  error.enable: true
  fatal.enable: true
  path: /var/lib/milvus/logs
  max_log_file_size: 1024
  log_rotate_num: 0
[2020-12-28 10:12:05,618][INFO][SERVER][LogCpuInfo][milvus_server] 

***************CPU***************

processor	: 1
vendor_id	: GenuineIntel
cpu family	: 6
model		: 142
model name	: Intel(R) Core(TM) i5-8250U CPU @ 1.60GHz
stepping	: 10
microcode	: 0xffffffff
cpu MHz		: 1800.000
cache size	: 6144 KB
physical id	: 0
siblings	: 2
core id		: 0
cpu cores	: 1
apicid		: 1
initial apicid	: 1
fpu		: yes
fpu_exception	: yes
cpuid level	: 21
wp		: yes
flags		: fpu vme de pse tsc msr pae mce cx8 apic sep mtrr pge mca cmov pat pse36 clflush mmx fxsr sse sse2 ss ht syscall nx pdpe1gb rdtscp lm constant_tsc rep_good nopl xtopology cpuid pni pclmulqdq ssse3 fma cx16 pcid sse4_1 sse4_2 movbe popcnt aes xsave avx f16c rdrand hypervisor lahf_lm abm 3dnowprefetch invpcid_single ssbd ibrs ibpb stibp fsgsbase bmi1 avx2 smep bmi2 erms invpcid mpx rdseed adx smap clflushopt xsaveopt xsavec xgetbv1 xsaves flush_l1d arch_capabilities
bugs		: cpu_meltdown spectre_v1 spectre_v2 spec_store_bypass l1tf mds swapgs itlb_multihit
bogomips	: 3600.00
clflush size	: 64
cache_alignment	: 64
address sizes	: 39 bits physical, 48 bits virtual
power management:


[2020-12-28 10:12:05,618][INFO][SERVER][LogConfigInMem][milvus_server] 

***************Config in memory***************

{
   "cache_config": {
      "cache_insert_data": "false",
      "cpu_cache_capacity": "1",
      "cpu_cache_threshold": "0.7",
      "insert_buffer_size": "1"
   },
   "db_config": {
      "archive_days_threshold": "0",
      "archive_disk_threshold": "0",
      "auto_flush_interval": "1",
      "backend_url": "sqlite://:@:/",
      "preload_collection": ""
   },
   "engine_config": {
      "omp_thread_num": "0",
      "simd_type": "auto",
      "use_blas_threshold": "1100"
   },
   "logs": {
      "debug.enable": "true",
      "error.enable": "true",
      "fatal.enable": "true",
      "info.enable": "true",
      "log_rotate_num": "0",
      "max_log_file_size": "1024",
      "path": "/var/lib/milvus/logs",
      "trace.enable": "true",
      "warning.enable": "true"
   },
   "metric_config": {
      "address": "127.0.0.1",
      "enable_monitor": "false",
      "port": "9091"
   },
   "server_config": {
      "address": "0.0.0.0",
      "deploy_mode": "single",
      "port": "19530",
      "time_zone": "UTC+8",
      "web_enable": "true",
      "web_port": "19121"
   },
   "storage_config": {
      "primary_path": "/var/lib/milvus",
      "secondary_path": ""
   },
   "tracing_config": {
      "json_config_path": ""
   },
   "wal_config": {
      "buffer_size": "256",
      "enable": "true",
      "recovery_error_ignore": "true",
      "wal_path": "/var/lib/milvus/wal"
   }
}
[2020-12-28 10:12:05,622][INFO][ENGINE][Build][milvus_server] Using SQLite
[2020-12-28 10:12:06,735][INFO][WAL][CollectionFlushed][wal_thread]  is flushed by lsn 0
[2020-12-28 10:12:07,735][INFO][WAL][CollectionFlushed][wal_thread]  is flushed by lsn 0
[2020-12-28 10:12:08,736][INFO][WAL][CollectionFlushed][wal_thread]  is flushed by lsn 0
[2020-12-28 10:12:09,737][INFO][WAL][CollectionFlushed][wal_thread]  is flushed by lsn 0
[2020-12-28 10:12:10,738][INFO][WAL][CollectionFlushed][wal_thread]  is flushed by lsn 0
[2020-12-28 10:12:11,738][INFO][WAL][CollectionFlushed][wal_thread]  is flushed by lsn 0
[2020-12-28 10:12:12,739][INFO][WAL][CollectionFlushed][wal_thread]  is flushed by lsn 0
[2020-12-28 10:12:13,740][INFO][WAL][CollectionFlushed][wal_thread]  is flushed by lsn 0
[2020-12-28 10:12:14,742][INFO][WAL][CollectionFlushed][wal_thread]  is flushed by lsn 0
[2020-12-28 10:12:15,743][INFO][WAL][CollectionFlushed][wal_thread]  is flushed by lsn 0
[2020-12-28 10:12:16,744][INFO][WAL][CollectionFlushed][wal_thread]  is flushed by lsn 0
[2020-12-28 10:12:17,745][INFO][WAL][CollectionFlushed][wal_thread]  is flushed by lsn 0
[2020-12-28 10:12:18,746][INFO][WAL][CollectionFlushed][wal_thread]  is flushed by lsn 0
[2020-12-28 10:12:19,747][INFO][WAL][CollectionFlushed][wal_thread]  is flushed by lsn 0
[2020-12-28 10:12:20,748][INFO][WAL][CollectionFlushed][wal_thread]  is flushed by lsn 0
[2020-12-28 10:12:21,748][INFO][WAL][CollectionFlushed][wal_thread]  is flushed by lsn 0
[2020-12-28 10:12:22,749][INFO][WAL][CollectionFlushed][wal_thread]  is flushed by lsn 0
[2020-12-28 10:12:23,750][INFO][WAL][CollectionFlushed][wal_thread]  is flushed by lsn 0
[2020-12-28 10:12:24,751][INFO][WAL][CollectionFlushed][wal_thread]  is flushed by lsn 0
[2020-12-28 10:12:25,752][INFO][WAL][CollectionFlushed][wal_thread]  is flushed by lsn 0
[2020-12-28 10:12:26,753][INFO][WAL][CollectionFlushed][wal_thread]  is flushed by lsn 0
[2020-12-28 10:12:27,754][INFO][WAL][CollectionFlushed][wal_thread]  is flushed by lsn 0
[2020-12-28 10:12:28,755][INFO][WAL][CollectionFlushed][wal_thread]  is flushed by lsn 0
[2020-12-28 10:12:29,756][INFO][WAL][CollectionFlushed][wal_thread]  is flushed by lsn 0
[2020-12-28 10:12:30,757][INFO][WAL][CollectionFlushed][wal_thread]  is flushed by lsn 0
[2020-12-28 10:12:31,758][INFO][WAL][CollectionFlushed][wal_thread]  is flushed by lsn 0
[2020-12-28 10:12:32,758][INFO][WAL][CollectionFlushed][wal_thread]  is flushed by lsn 0
[2020-12-28 10:12:33,759][INFO][WAL][CollectionFlushed][wal_thread]  is flushed by lsn 0
[2020-12-28 10:12:34,760][INFO][WAL][CollectionFlushed][wal_thread]  is flushed by lsn 0
[2020-12-28 10:12:35,761][INFO][WAL][CollectionFlushed][wal_thread]  is flushed by lsn 0
[2020-12-28 10:12:36,762][INFO][WAL][CollectionFlushed][wal_thread]  is flushed by lsn 0
[2020-12-28 10:12:37,763][INFO][WAL][CollectionFlushed][wal_thread]  is flushed by lsn 0
[2020-12-28 10:12:38,764][INFO][WAL][CollectionFlushed][wal_thread]  is flushed by lsn 0
[2020-12-28 10:12:39,765][INFO][WAL][CollectionFlushed][wal_thread]  is flushed by lsn 0
[2020-12-28 10:12:40,766][INFO][WAL][CollectionFlushed][wal_thread]  is flushed by lsn 0
[2020-12-28 10:12:41,767][INFO][WAL][CollectionFlushed][wal_thread]  is flushed by lsn 0
[2020-12-28 10:12:42,768][INFO][WAL][CollectionFlushed][wal_thread]  is flushed by lsn 0
[2020-12-28 10:12:43,769][INFO][WAL][CollectionFlushed][wal_thread]  is flushed by lsn 0
[2020-12-28 10:12:44,770][INFO][WAL][CollectionFlushed][wal_thread]  is flushed by lsn 0
[2020-12-28 10:12:45,771][INFO][WAL][CollectionFlushed][wal_thread]  is flushed by lsn 0
[2020-12-28 10:12:52,864][INFO][SERVER][Check][milvus_server] InstanceLockCheck passed.
[2020-12-28 10:12:52,868][INFO][SERVER][Check][milvus_server] InstanceLockCheck passed.
[2020-12-28 10:12:52,870][INFO][SERVER][Start][milvus_server] Milvus Release version: v0.9.1, built at 2020-05-28 17:39.31
[2020-12-28 10:12:52,871][INFO][SERVER][Start][milvus_server] CPU edition
[2020-12-28 10:12:52,872][INFO][SERVER][CheckCpuInstructionSet][milvus_server] Supported CPU instruction sets: avx2, sse4_2
[2020-12-28 10:12:52,875][INFO][SERVER][LogConfigInFile][milvus_server] 

***************Config in file***************

version: 0.4
server_config:
  address: 0.0.0.0
  port: 19530
  deploy_mode: single
  time_zone: UTC+8
  web_enable: true
  web_port: 19121
db_config:
  backend_url: sqlite://:@:/
  preload_collection: ~
  auto_flush_interval: 1
storage_config:
  primary_path: /var/lib/milvus
  secondary_path: ~
  file_cleanup_timeout: 10
metric_config:
  enable_monitor: false
  address: 127.0.0.1
  port: 9091
cache_config:
  cpu_cache_capacity: 1
  insert_buffer_size: 1
  cache_insert_data: false
engine_config:
  use_blas_threshold: 1100
  gpu_search_threshold: 1000
gpu_resource_config:
  enable: false
  cache_capacity: 1
  search_resources:
    - gpu0
  build_index_resources:
    - gpu0
tracing_config:
  json_config_path: ~
wal_config:
  enable: true
  recovery_error_ignore: true
  buffer_size: 256
  wal_path: /var/lib/milvus/wal
logs:
  trace.enable: true
  debug.enable: true
  info.enable: true
  warning.enable: true
  error.enable: true
  fatal.enable: true
  path: /var/lib/milvus/logs
  max_log_file_size: 1024
  log_rotate_num: 0
[2020-12-28 10:12:52,875][INFO][SERVER][LogCpuInfo][milvus_server] 

***************CPU***************

processor	: 1
vendor_id	: GenuineIntel
cpu family	: 6
model		: 142
model name	: Intel(R) Core(TM) i5-8250U CPU @ 1.60GHz
stepping	: 10
microcode	: 0xffffffff
cpu MHz		: 1800.000
cache size	: 6144 KB
physical id	: 0
siblings	: 2
core id		: 0
cpu cores	: 1
apicid		: 1
initial apicid	: 1
fpu		: yes
fpu_exception	: yes
cpuid level	: 21
wp		: yes
flags		: fpu vme de pse tsc msr pae mce cx8 apic sep mtrr pge mca cmov pat pse36 clflush mmx fxsr sse sse2 ss ht syscall nx pdpe1gb rdtscp lm constant_tsc rep_good nopl xtopology cpuid pni pclmulqdq ssse3 fma cx16 pcid sse4_1 sse4_2 movbe popcnt aes xsave avx f16c rdrand hypervisor lahf_lm abm 3dnowprefetch invpcid_single ssbd ibrs ibpb stibp fsgsbase bmi1 avx2 smep bmi2 erms invpcid mpx rdseed adx smap clflushopt xsaveopt xsavec xgetbv1 xsaves flush_l1d arch_capabilities
bugs		: cpu_meltdown spectre_v1 spectre_v2 spec_store_bypass l1tf mds swapgs itlb_multihit
bogomips	: 3600.00
clflush size	: 64
cache_alignment	: 64
address sizes	: 39 bits physical, 48 bits virtual
power management:


[2020-12-28 10:12:52,876][INFO][SERVER][LogConfigInMem][milvus_server] 

***************Config in memory***************

{
   "cache_config": {
      "cache_insert_data": "false",
      "cpu_cache_capacity": "1",
      "cpu_cache_threshold": "0.7",
      "insert_buffer_size": "1"
   },
   "db_config": {
      "archive_days_threshold": "0",
      "archive_disk_threshold": "0",
      "auto_flush_interval": "1",
      "backend_url": "sqlite://:@:/",
      "preload_collection": ""
   },
   "engine_config": {
      "omp_thread_num": "0",
      "simd_type": "auto",
      "use_blas_threshold": "1100"
   },
   "logs": {
      "debug.enable": "true",
      "error.enable": "true",
      "fatal.enable": "true",
      "info.enable": "true",
      "log_rotate_num": "0",
      "max_log_file_size": "1024",
      "path": "/var/lib/milvus/logs",
      "trace.enable": "true",
      "warning.enable": "true"
   },
   "metric_config": {
      "address": "127.0.0.1",
      "enable_monitor": "false",
      "port": "9091"
   },
   "server_config": {
      "address": "0.0.0.0",
      "deploy_mode": "single",
      "port": "19530",
      "time_zone": "UTC+8",
      "web_enable": "true",
      "web_port": "19121"
   },
   "storage_config": {
      "primary_path": "/var/lib/milvus",
      "secondary_path": ""
   },
   "tracing_config": {
      "json_config_path": ""
   },
   "wal_config": {
      "buffer_size": "256",
      "enable": "true",
      "recovery_error_ignore": "true",
      "wal_path": "/var/lib/milvus/wal"
   }
}
[2020-12-28 10:12:52,878][INFO][ENGINE][Build][milvus_server] Using SQLite
[2020-12-28 10:12:53,952][INFO][WAL][CollectionFlushed][wal_thread]  is flushed by lsn 0
[2020-12-28 10:12:54,953][INFO][WAL][CollectionFlushed][wal_thread]  is flushed by lsn 0
[2020-12-28 10:12:55,954][INFO][WAL][CollectionFlushed][wal_thread]  is flushed by lsn 0
[2020-12-28 10:12:56,954][INFO][WAL][CollectionFlushed][wal_thread]  is flushed by lsn 0
[2020-12-28 10:12:57,955][INFO][WAL][CollectionFlushed][wal_thread]  is flushed by lsn 0
[2020-12-28 10:12:58,956][INFO][WAL][CollectionFlushed][wal_thread]  is flushed by lsn 0
[2020-12-28 10:12:59,957][INFO][WAL][CollectionFlushed][wal_thread]  is flushed by lsn 0
[2020-12-28 10:13:00,958][INFO][WAL][CollectionFlushed][wal_thread]  is flushed by lsn 0
[2020-12-28 10:13:01,959][INFO][WAL][CollectionFlushed][wal_thread]  is flushed by lsn 0
[2020-12-28 10:13:02,960][INFO][WAL][CollectionFlushed][wal_thread]  is flushed by lsn 0
[2020-12-28 10:13:03,961][INFO][WAL][CollectionFlushed][wal_thread]  is flushed by lsn 0
[2020-12-28 10:13:04,962][INFO][WAL][CollectionFlushed][wal_thread]  is flushed by lsn 0
[2020-12-28 10:13:05,963][INFO][WAL][CollectionFlushed][wal_thread]  is flushed by lsn 0
[2020-12-28 10:13:06,963][INFO][WAL][CollectionFlushed][wal_thread]  is flushed by lsn 0
[2020-12-28 10:13:07,964][INFO][WAL][CollectionFlushed][wal_thread]  is flushed by lsn 0
[2020-12-28 10:13:08,965][INFO][WAL][CollectionFlushed][wal_thread]  is flushed by lsn 0
[2020-12-28 10:13:09,966][INFO][WAL][CollectionFlushed][wal_thread]  is flushed by lsn 0
[2020-12-28 10:13:10,967][INFO][WAL][CollectionFlushed][wal_thread]  is flushed by lsn 0
[2020-12-28 10:13:11,968][INFO][WAL][CollectionFlushed][wal_thread]  is flushed by lsn 0
[2020-12-28 10:13:12,969][INFO][WAL][CollectionFlushed][wal_thread]  is flushed by lsn 0
[2020-12-28 10:13:13,970][INFO][WAL][CollectionFlushed][wal_thread]  is flushed by lsn 0
[2020-12-28 10:13:14,970][INFO][WAL][CollectionFlushed][wal_thread]  is flushed by lsn 0
[2020-12-28 10:13:15,971][INFO][WAL][CollectionFlushed][wal_thread]  is flushed by lsn 0
[2020-12-28 10:13:16,972][INFO][WAL][CollectionFlushed][wal_thread]  is flushed by lsn 0
[2020-12-28 10:13:17,973][INFO][WAL][CollectionFlushed][wal_thread]  is flushed by lsn 0
[2020-12-28 10:13:18,974][INFO][WAL][CollectionFlushed][wal_thread]  is flushed by lsn 0
[2020-12-28 10:13:19,975][INFO][WAL][CollectionFlushed][wal_thread]  is flushed by lsn 0
[2020-12-28 10:13:20,976][INFO][WAL][CollectionFlushed][wal_thread]  is flushed by lsn 0
[2020-12-28 10:13:21,977][INFO][WAL][CollectionFlushed][wal_thread]  is flushed by lsn 0
[2020-12-28 10:13:22,978][INFO][WAL][CollectionFlushed][wal_thread]  is flushed by lsn 0
[2020-12-28 10:13:23,979][INFO][WAL][CollectionFlushed][wal_thread]  is flushed by lsn 0
[2020-12-28 10:13:24,980][INFO][WAL][CollectionFlushed][wal_thread]  is flushed by lsn 0
[2020-12-28 10:13:25,981][INFO][WAL][CollectionFlushed][wal_thread]  is flushed by lsn 0
[2020-12-28 10:13:26,982][INFO][WAL][CollectionFlushed][wal_thread]  is flushed by lsn 0
[2020-12-28 10:13:27,982][INFO][WAL][CollectionFlushed][wal_thread]  is flushed by lsn 0
[2020-12-28 10:13:28,983][INFO][WAL][CollectionFlushed][wal_thread]  is flushed by lsn 0
[2020-12-28 10:13:29,984][INFO][WAL][CollectionFlushed][wal_thread]  is flushed by lsn 0
[2020-12-28 10:13:30,985][INFO][WAL][CollectionFlushed][wal_thread]  is flushed by lsn 0
[2020-12-28 10:13:31,986][INFO][WAL][CollectionFlushed][wal_thread]  is flushed by lsn 0
[2020-12-28 10:13:32,987][INFO][WAL][CollectionFlushed][wal_thread]  is flushed by lsn 0
[2020-12-28 10:13:33,987][INFO][WAL][CollectionFlushed][wal_thread]  is flushed by lsn 0
[2020-12-28 10:13:34,988][INFO][WAL][CollectionFlushed][wal_thread]  is flushed by lsn 0
[2020-12-28 10:13:35,989][INFO][WAL][CollectionFlushed][wal_thread]  is flushed by lsn 0
[2020-12-28 10:13:36,990][INFO][WAL][CollectionFlushed][wal_thread]  is flushed by lsn 0
[2020-12-28 10:13:37,991][INFO][WAL][CollectionFlushed][wal_thread]  is flushed by lsn 0
[2020-12-28 10:13:38,992][INFO][WAL][CollectionFlushed][wal_thread]  is flushed by lsn 0
