[2020-12-29 16:09:40,795][INFO][SERVER][Check][milvus_server] InstanceLockCheck passed.
[2020-12-29 16:09:40,796][INFO][SERVER][Check][milvus_server] InstanceLockCheck passed.
[2020-12-29 16:09:40,796][INFO][SERVER][Start][milvus_server] Milvus Release version: v0.9.1, built at 2020-05-28 17:39.31
[2020-12-29 16:09:40,796][INFO][SERVER][Start][milvus_server] CPU edition
[2020-12-29 16:09:40,797][INFO][SERVER][CheckCpuInstructionSet][milvus_server] Supported CPU instruction sets: avx2, sse4_2
[2020-12-29 16:09:40,799][INFO][SERVER][LogConfigInFile][milvus_server] 

***************Config in file***************

version: 0.4
server_config:
  address: 0.0.0.0
  port: 19530
  deploy_mode: single
  time_zone: UTC+8
  web_enable: true
  web_port: 19121
db_config:
  backend_url: sqlite://:@:/
  preload_collection: ~
  auto_flush_interval: 1
storage_config:
  primary_path: /var/lib/milvus
  secondary_path: ~
  file_cleanup_timeout: 10
metric_config:
  enable_monitor: false
  address: 127.0.0.1
  port: 9091
cache_config:
  cpu_cache_capacity: 1
  insert_buffer_size: 1
  cache_insert_data: false
engine_config:
  use_blas_threshold: 1100
  gpu_search_threshold: 1000
gpu_resource_config:
  enable: false
  cache_capacity: 1
  search_resources:
    - gpu0
  build_index_resources:
    - gpu0
tracing_config:
  json_config_path: ~
wal_config:
  enable: true
  recovery_error_ignore: true
  buffer_size: 256
  wal_path: /var/lib/milvus/wal
logs:
  trace.enable: true
  debug.enable: true
  info.enable: true
  warning.enable: true
  error.enable: true
  fatal.enable: true
  path: /var/lib/milvus/logs
  max_log_file_size: 1024
  log_rotate_num: 0
[2020-12-29 16:09:40,821][INFO][SERVER][LogCpuInfo][milvus_server] 

***************CPU***************

processor	: 1
vendor_id	: GenuineIntel
cpu family	: 6
model		: 142
model name	: Intel(R) Core(TM) i5-8250U CPU @ 1.60GHz
stepping	: 10
microcode	: 0xffffffff
cpu MHz		: 1799.999
cache size	: 6144 KB
physical id	: 0
siblings	: 2
core id		: 0
cpu cores	: 1
apicid		: 1
initial apicid	: 1
fpu		: yes
fpu_exception	: yes
cpuid level	: 21
wp		: yes
flags		: fpu vme de pse tsc msr pae mce cx8 apic sep mtrr pge mca cmov pat pse36 clflush mmx fxsr sse sse2 ss ht syscall nx pdpe1gb rdtscp lm constant_tsc rep_good nopl xtopology cpuid pni pclmulqdq ssse3 fma cx16 pcid sse4_1 sse4_2 movbe popcnt aes xsave avx f16c rdrand hypervisor lahf_lm abm 3dnowprefetch invpcid_single ssbd ibrs ibpb stibp fsgsbase bmi1 avx2 smep bmi2 erms invpcid mpx rdseed adx smap clflushopt xsaveopt xsavec xgetbv1 xsaves flush_l1d arch_capabilities
bugs		: cpu_meltdown spectre_v1 spectre_v2 spec_store_bypass l1tf mds swapgs itlb_multihit
bogomips	: 3599.99
clflush size	: 64
cache_alignment	: 64
address sizes	: 39 bits physical, 48 bits virtual
power management:


[2020-12-29 16:09:40,821][INFO][SERVER][LogConfigInMem][milvus_server] 

***************Config in memory***************

{
   "cache_config": {
      "cache_insert_data": "false",
      "cpu_cache_capacity": "1",
      "cpu_cache_threshold": "0.7",
      "insert_buffer_size": "1"
   },
   "db_config": {
      "archive_days_threshold": "0",
      "archive_disk_threshold": "0",
      "auto_flush_interval": "1",
      "backend_url": "sqlite://:@:/",
      "preload_collection": ""
   },
   "engine_config": {
      "omp_thread_num": "0",
      "simd_type": "auto",
      "use_blas_threshold": "1100"
   },
   "logs": {
      "debug.enable": "true",
      "error.enable": "true",
      "fatal.enable": "true",
      "info.enable": "true",
      "log_rotate_num": "0",
      "max_log_file_size": "1024",
      "path": "/var/lib/milvus/logs",
      "trace.enable": "true",
      "warning.enable": "true"
   },
   "metric_config": {
      "address": "127.0.0.1",
      "enable_monitor": "false",
      "port": "9091"
   },
   "server_config": {
      "address": "0.0.0.0",
      "deploy_mode": "single",
      "port": "19530",
      "time_zone": "UTC+8",
      "web_enable": "true",
      "web_port": "19121"
   },
   "storage_config": {
      "primary_path": "/var/lib/milvus",
      "secondary_path": ""
   },
   "tracing_config": {
      "json_config_path": ""
   },
   "wal_config": {
      "buffer_size": "256",
      "enable": "true",
      "recovery_error_ignore": "true",
      "wal_path": "/var/lib/milvus/wal"
   }
}
[2020-12-29 16:09:40,824][INFO][ENGINE][Build][milvus_server] Using SQLite
[2020-12-29 16:09:41,896][INFO][WAL][CollectionFlushed][wal_thread]  is flushed by lsn 0
[2020-12-29 16:09:42,898][INFO][WAL][CollectionFlushed][wal_thread]  is flushed by lsn 0
[2020-12-29 16:09:43,900][INFO][WAL][CollectionFlushed][wal_thread]  is flushed by lsn 0
[2020-12-29 16:09:44,903][INFO][WAL][CollectionFlushed][wal_thread]  is flushed by lsn 0
[2020-12-29 16:09:45,905][INFO][WAL][CollectionFlushed][wal_thread]  is flushed by lsn 0
[2020-12-29 16:09:46,908][INFO][WAL][CollectionFlushed][wal_thread]  is flushed by lsn 0
[2020-12-29 16:09:47,910][INFO][WAL][CollectionFlushed][wal_thread]  is flushed by lsn 0
[2020-12-29 16:09:48,913][INFO][WAL][CollectionFlushed][wal_thread]  is flushed by lsn 0
[2020-12-29 16:09:49,915][INFO][WAL][CollectionFlushed][wal_thread]  is flushed by lsn 0
[2020-12-29 16:09:50,917][INFO][WAL][CollectionFlushed][wal_thread]  is flushed by lsn 0
[2020-12-29 16:09:51,920][INFO][WAL][CollectionFlushed][wal_thread]  is flushed by lsn 0
[2020-12-29 16:09:52,922][INFO][WAL][CollectionFlushed][wal_thread]  is flushed by lsn 0
[2020-12-29 16:09:53,925][INFO][WAL][CollectionFlushed][wal_thread]  is flushed by lsn 0
[2020-12-29 16:09:54,926][INFO][WAL][CollectionFlushed][wal_thread]  is flushed by lsn 0
[2020-12-29 16:09:55,927][INFO][WAL][CollectionFlushed][wal_thread]  is flushed by lsn 0
[2020-12-29 16:09:56,930][INFO][WAL][CollectionFlushed][wal_thread]  is flushed by lsn 0
[2020-12-29 16:09:57,932][INFO][WAL][CollectionFlushed][wal_thread]  is flushed by lsn 0
[2020-12-29 16:09:58,935][INFO][WAL][CollectionFlushed][wal_thread]  is flushed by lsn 0
[2020-12-29 16:09:59,936][INFO][WAL][CollectionFlushed][wal_thread]  is flushed by lsn 0
[2020-12-29 16:10:00,937][INFO][WAL][CollectionFlushed][wal_thread]  is flushed by lsn 0
[2020-12-29 16:10:01,939][INFO][WAL][CollectionFlushed][wal_thread]  is flushed by lsn 0
[2020-12-29 16:10:02,942][INFO][WAL][CollectionFlushed][wal_thread]  is flushed by lsn 0
[2020-12-29 16:10:03,945][INFO][WAL][CollectionFlushed][wal_thread]  is flushed by lsn 0
[2020-12-29 16:10:04,948][INFO][WAL][CollectionFlushed][wal_thread]  is flushed by lsn 0
[2020-12-29 16:10:05,953][INFO][WAL][CollectionFlushed][wal_thread]  is flushed by lsn 0
[2020-12-29 16:10:06,957][INFO][WAL][CollectionFlushed][wal_thread]  is flushed by lsn 0
[2020-12-29 16:10:07,960][INFO][WAL][CollectionFlushed][wal_thread]  is flushed by lsn 0
[2020-12-29 16:10:08,961][INFO][WAL][CollectionFlushed][wal_thread]  is flushed by lsn 0
[2020-12-29 16:10:09,962][INFO][WAL][CollectionFlushed][wal_thread]  is flushed by lsn 0
[2020-12-29 16:10:10,963][INFO][WAL][CollectionFlushed][wal_thread]  is flushed by lsn 0
[2020-12-29 16:10:11,965][INFO][WAL][CollectionFlushed][wal_thread]  is flushed by lsn 0
[2020-12-29 16:10:12,967][INFO][WAL][CollectionFlushed][wal_thread]  is flushed by lsn 0
[2020-12-29 16:10:13,970][INFO][WAL][CollectionFlushed][wal_thread]  is flushed by lsn 0
[2020-12-29 16:10:14,973][INFO][WAL][CollectionFlushed][wal_thread]  is flushed by lsn 0
[2020-12-29 16:10:15,976][INFO][WAL][CollectionFlushed][wal_thread]  is flushed by lsn 0
[2020-12-29 16:10:16,979][INFO][WAL][CollectionFlushed][wal_thread]  is flushed by lsn 0
[2020-12-29 16:10:17,983][INFO][WAL][CollectionFlushed][wal_thread]  is flushed by lsn 0
[2020-12-29 16:10:18,986][INFO][WAL][CollectionFlushed][wal_thread]  is flushed by lsn 0
[2020-12-29 16:10:19,989][INFO][WAL][CollectionFlushed][wal_thread]  is flushed by lsn 0
[2020-12-29 16:10:20,993][INFO][WAL][CollectionFlushed][wal_thread]  is flushed by lsn 0
[2020-12-29 16:10:21,996][INFO][WAL][CollectionFlushed][wal_thread]  is flushed by lsn 0
[2020-12-29 16:10:23,000][INFO][WAL][CollectionFlushed][wal_thread]  is flushed by lsn 0
[2020-12-29 16:10:24,004][INFO][WAL][CollectionFlushed][wal_thread]  is flushed by lsn 0
[2020-12-29 16:10:25,008][INFO][WAL][CollectionFlushed][wal_thread]  is flushed by lsn 0
[2020-12-29 16:10:26,012][INFO][WAL][CollectionFlushed][wal_thread]  is flushed by lsn 0
[2020-12-29 16:10:27,015][INFO][WAL][CollectionFlushed][wal_thread]  is flushed by lsn 0
[2020-12-29 16:10:28,018][INFO][WAL][CollectionFlushed][wal_thread]  is flushed by lsn 0
[2020-12-29 16:10:29,021][INFO][WAL][CollectionFlushed][wal_thread]  is flushed by lsn 0
[2020-12-29 16:10:30,025][INFO][WAL][CollectionFlushed][wal_thread]  is flushed by lsn 0
[2020-12-29 16:10:31,028][INFO][WAL][CollectionFlushed][wal_thread]  is flushed by lsn 0
[2020-12-29 16:10:32,033][INFO][WAL][CollectionFlushed][wal_thread]  is flushed by lsn 0
[2020-12-29 16:10:33,037][INFO][WAL][CollectionFlushed][wal_thread]  is flushed by lsn 0
[2020-12-29 16:10:34,040][INFO][WAL][CollectionFlushed][wal_thread]  is flushed by lsn 0
[2020-12-29 16:10:35,044][INFO][WAL][CollectionFlushed][wal_thread]  is flushed by lsn 0
[2020-12-29 16:10:36,048][INFO][WAL][CollectionFlushed][wal_thread]  is flushed by lsn 0
[2020-12-29 16:10:37,052][INFO][WAL][CollectionFlushed][wal_thread]  is flushed by lsn 0
[2020-12-29 16:10:38,056][INFO][WAL][CollectionFlushed][wal_thread]  is flushed by lsn 0
[2020-12-29 16:10:39,059][INFO][WAL][CollectionFlushed][wal_thread]  is flushed by lsn 0
[2020-12-29 16:10:40,062][INFO][WAL][CollectionFlushed][wal_thread]  is flushed by lsn 0
[2020-12-29 16:10:41,066][INFO][WAL][CollectionFlushed][wal_thread]  is flushed by lsn 0
[2020-12-29 16:10:42,069][INFO][WAL][CollectionFlushed][wal_thread]  is flushed by lsn 0
[2020-12-29 16:10:43,072][INFO][WAL][CollectionFlushed][wal_thread]  is flushed by lsn 0
[2020-12-29 16:10:44,075][INFO][WAL][CollectionFlushed][wal_thread]  is flushed by lsn 0
[2020-12-29 16:10:45,077][INFO][WAL][CollectionFlushed][wal_thread]  is flushed by lsn 0
[2020-12-29 16:10:46,080][INFO][WAL][CollectionFlushed][wal_thread]  is flushed by lsn 0
[2020-12-29 16:10:47,083][INFO][WAL][CollectionFlushed][wal_thread]  is flushed by lsn 0
[2020-12-29 16:10:48,086][INFO][WAL][CollectionFlushed][wal_thread]  is flushed by lsn 0
[2020-12-29 16:10:49,089][INFO][WAL][CollectionFlushed][wal_thread]  is flushed by lsn 0
[2020-12-29 16:10:50,093][INFO][WAL][CollectionFlushed][wal_thread]  is flushed by lsn 0
[2020-12-29 16:10:51,096][INFO][WAL][CollectionFlushed][wal_thread]  is flushed by lsn 0
[2020-12-29 16:10:52,099][INFO][WAL][CollectionFlushed][wal_thread]  is flushed by lsn 0
[2020-12-29 16:10:53,103][INFO][WAL][CollectionFlushed][wal_thread]  is flushed by lsn 0
[2020-12-29 16:10:54,106][INFO][WAL][CollectionFlushed][wal_thread]  is flushed by lsn 0
[2020-12-29 16:10:55,109][INFO][WAL][CollectionFlushed][wal_thread]  is flushed by lsn 0
[2020-12-29 16:10:56,112][INFO][WAL][CollectionFlushed][wal_thread]  is flushed by lsn 0
[2020-12-29 16:10:57,114][INFO][WAL][CollectionFlushed][wal_thread]  is flushed by lsn 0
[2020-12-29 16:10:58,117][INFO][WAL][CollectionFlushed][wal_thread]  is flushed by lsn 0
[2020-12-29 16:10:59,119][INFO][WAL][CollectionFlushed][wal_thread]  is flushed by lsn 0
[2020-12-29 16:11:00,121][INFO][WAL][CollectionFlushed][wal_thread]  is flushed by lsn 0
[2020-12-29 16:11:01,122][INFO][WAL][CollectionFlushed][wal_thread]  is flushed by lsn 0
[2020-12-29 16:11:02,124][INFO][WAL][CollectionFlushed][wal_thread]  is flushed by lsn 0
[2020-12-29 16:11:03,128][INFO][WAL][CollectionFlushed][wal_thread]  is flushed by lsn 0
[2020-12-29 16:11:04,131][INFO][WAL][CollectionFlushed][wal_thread]  is flushed by lsn 0
[2020-12-29 16:11:05,133][INFO][WAL][CollectionFlushed][wal_thread]  is flushed by lsn 0
[2020-12-29 16:11:06,135][INFO][WAL][CollectionFlushed][wal_thread]  is flushed by lsn 0
[2020-12-29 16:11:07,137][INFO][WAL][CollectionFlushed][wal_thread]  is flushed by lsn 0
[2020-12-29 16:11:08,139][INFO][WAL][CollectionFlushed][wal_thread]  is flushed by lsn 0
[2020-12-29 16:11:09,140][INFO][WAL][CollectionFlushed][wal_thread]  is flushed by lsn 0
[2020-12-29 16:11:10,144][INFO][WAL][CollectionFlushed][wal_thread]  is flushed by lsn 0
[2020-12-29 16:11:11,145][INFO][WAL][CollectionFlushed][wal_thread]  is flushed by lsn 0
[2020-12-29 16:11:12,147][INFO][WAL][CollectionFlushed][wal_thread]  is flushed by lsn 0
[2020-12-29 16:11:13,149][INFO][WAL][CollectionFlushed][wal_thread]  is flushed by lsn 0
[2020-12-29 16:11:14,150][INFO][WAL][CollectionFlushed][wal_thread]  is flushed by lsn 0
[2020-12-29 16:11:15,153][INFO][WAL][CollectionFlushed][wal_thread]  is flushed by lsn 0
[2020-12-29 16:11:16,155][INFO][WAL][CollectionFlushed][wal_thread]  is flushed by lsn 0
[2020-12-29 16:11:17,156][INFO][WAL][CollectionFlushed][wal_thread]  is flushed by lsn 0
[2020-12-29 16:11:18,157][INFO][WAL][CollectionFlushed][wal_thread]  is flushed by lsn 0
[2020-12-29 16:11:19,158][INFO][WAL][CollectionFlushed][wal_thread]  is flushed by lsn 0
[2020-12-29 16:11:20,160][INFO][WAL][CollectionFlushed][wal_thread]  is flushed by lsn 0
[2020-12-29 16:11:21,162][INFO][WAL][CollectionFlushed][wal_thread]  is flushed by lsn 0
[2020-12-29 16:11:22,165][INFO][WAL][CollectionFlushed][wal_thread]  is flushed by lsn 0
[2020-12-29 16:11:23,168][INFO][WAL][CollectionFlushed][wal_thread]  is flushed by lsn 0
[2020-12-29 16:11:24,169][INFO][WAL][CollectionFlushed][wal_thread]  is flushed by lsn 0
[2020-12-29 16:11:25,170][INFO][WAL][CollectionFlushed][wal_thread]  is flushed by lsn 0
[2020-12-29 16:11:26,171][INFO][WAL][CollectionFlushed][wal_thread]  is flushed by lsn 0
[2020-12-29 16:11:27,173][INFO][WAL][CollectionFlushed][wal_thread]  is flushed by lsn 0
[2020-12-29 16:11:28,174][INFO][WAL][CollectionFlushed][wal_thread]  is flushed by lsn 0
[2020-12-29 16:11:29,175][INFO][WAL][CollectionFlushed][wal_thread]  is flushed by lsn 0
[2020-12-29 16:11:30,177][INFO][WAL][CollectionFlushed][wal_thread]  is flushed by lsn 0
[2020-12-29 16:11:31,179][INFO][WAL][CollectionFlushed][wal_thread]  is flushed by lsn 0
[2020-12-29 16:11:32,180][INFO][WAL][CollectionFlushed][wal_thread]  is flushed by lsn 0
[2020-12-29 16:11:33,182][INFO][WAL][CollectionFlushed][wal_thread]  is flushed by lsn 0
[2020-12-29 16:11:34,183][INFO][WAL][CollectionFlushed][wal_thread]  is flushed by lsn 0
[2020-12-29 16:11:35,185][INFO][WAL][CollectionFlushed][wal_thread]  is flushed by lsn 0
[2020-12-29 16:11:36,186][INFO][WAL][CollectionFlushed][wal_thread]  is flushed by lsn 0
[2020-12-29 16:11:37,188][INFO][WAL][CollectionFlushed][wal_thread]  is flushed by lsn 0
[2020-12-29 16:11:38,189][INFO][WAL][CollectionFlushed][wal_thread]  is flushed by lsn 0
[2020-12-29 16:11:39,190][INFO][WAL][CollectionFlushed][wal_thread]  is flushed by lsn 0
[2020-12-29 16:11:40,192][INFO][WAL][CollectionFlushed][wal_thread]  is flushed by lsn 0
[2020-12-29 16:11:41,193][INFO][WAL][CollectionFlushed][wal_thread]  is flushed by lsn 0
[2020-12-29 16:11:42,194][INFO][WAL][CollectionFlushed][wal_thread]  is flushed by lsn 0
[2020-12-29 16:11:43,200][INFO][WAL][CollectionFlushed][wal_thread]  is flushed by lsn 0
[2020-12-29 16:11:44,201][INFO][WAL][CollectionFlushed][wal_thread]  is flushed by lsn 0
[2020-12-29 16:11:45,204][INFO][WAL][CollectionFlushed][wal_thread]  is flushed by lsn 0
