[2020-12-22 03:55:08,278][INFO][SERVER][Check][milvus_server] InstanceLockCheck passed.
[2020-12-22 03:55:08,285][INFO][SERVER][Check][milvus_server] InstanceLockCheck passed.
[2020-12-22 03:55:08,285][INFO][SERVER][Start][milvus_server] Milvus Release version: v0.9.1, built at 2020-05-28 17:39.31
[2020-12-22 03:55:08,286][INFO][SERVER][Start][milvus_server] CPU edition
[2020-12-22 03:55:08,291][INFO][SERVER][CheckCpuInstructionSet][milvus_server] Supported CPU instruction sets: avx2, sse4_2
[2020-12-22 03:55:08,300][INFO][SERVER][LogConfigInFile][milvus_server] 

***************Config in file***************

version: 0.4
server_config:
  address: 0.0.0.0
  port: 19530
  deploy_mode: single
  time_zone: UTC+8
  web_enable: true
  web_port: 19121
db_config:
  backend_url: sqlite://:@:/
  preload_collection: ~
  auto_flush_interval: 1
storage_config:
  primary_path: /var/lib/milvus
  secondary_path: ~
  file_cleanup_timeout: 10
metric_config:
  enable_monitor: false
  address: 127.0.0.1
  port: 9091
cache_config:
  cpu_cache_capacity: 1
  insert_buffer_size: 1
  cache_insert_data: false
engine_config:
  use_blas_threshold: 1100
  gpu_search_threshold: 1000
gpu_resource_config:
  enable: false
  cache_capacity: 1
  search_resources:
    - gpu0
  build_index_resources:
    - gpu0
tracing_config:
  json_config_path: ~
wal_config:
  enable: true
  recovery_error_ignore: true
  buffer_size: 256
  wal_path: /var/lib/milvus/wal
logs:
  trace.enable: true
  debug.enable: true
  info.enable: true
  warning.enable: true
  error.enable: true
  fatal.enable: true
  path: /var/lib/milvus/logs
  max_log_file_size: 1024
  log_rotate_num: 0
[2020-12-22 03:55:08,313][INFO][SERVER][LogCpuInfo][milvus_server] 

***************CPU***************

processor	: 7
vendor_id	: GenuineIntel
cpu family	: 6
model		: 142
model name	: Intel(R) Core(TM) i5-8250U CPU @ 1.60GHz
stepping	: 10
microcode	: 0xffffffff
cpu MHz		: 1799.999
cache size	: 6144 KB
physical id	: 0
siblings	: 8
core id		: 3
cpu cores	: 4
apicid		: 7
initial apicid	: 7
fpu		: yes
fpu_exception	: yes
cpuid level	: 21
wp		: yes
flags		: fpu vme de pse tsc msr pae mce cx8 apic sep mtrr pge mca cmov pat pse36 clflush mmx fxsr sse sse2 ss ht syscall nx pdpe1gb rdtscp lm constant_tsc rep_good nopl xtopology cpuid pni pclmulqdq ssse3 fma cx16 pcid sse4_1 sse4_2 movbe popcnt aes xsave avx f16c rdrand hypervisor lahf_lm abm 3dnowprefetch invpcid_single pti ssbd ibrs ibpb stibp fsgsbase bmi1 avx2 smep bmi2 erms invpcid mpx rdseed adx smap clflushopt xsaveopt xsavec xgetbv1 xsaves flush_l1d arch_capabilities
bugs		: cpu_meltdown spectre_v1 spectre_v2 spec_store_bypass l1tf mds swapgs itlb_multihit srbds
bogomips	: 3599.99
clflush size	: 64
cache_alignment	: 64
address sizes	: 39 bits physical, 48 bits virtual
power management:


[2020-12-22 03:55:08,313][INFO][SERVER][LogConfigInMem][milvus_server] 

***************Config in memory***************

{
   "cache_config": {
      "cache_insert_data": "false",
      "cpu_cache_capacity": "1",
      "cpu_cache_threshold": "0.7",
      "insert_buffer_size": "1"
   },
   "db_config": {
      "archive_days_threshold": "0",
      "archive_disk_threshold": "0",
      "auto_flush_interval": "1",
      "backend_url": "sqlite://:@:/",
      "preload_collection": ""
   },
   "engine_config": {
      "omp_thread_num": "0",
      "simd_type": "auto",
      "use_blas_threshold": "1100"
   },
   "logs": {
      "debug.enable": "true",
      "error.enable": "true",
      "fatal.enable": "true",
      "info.enable": "true",
      "log_rotate_num": "0",
      "max_log_file_size": "1024",
      "path": "/var/lib/milvus/logs",
      "trace.enable": "true",
      "warning.enable": "true"
   },
   "metric_config": {
      "address": "127.0.0.1",
      "enable_monitor": "false",
      "port": "9091"
   },
   "server_config": {
      "address": "0.0.0.0",
      "deploy_mode": "single",
      "port": "19530",
      "time_zone": "UTC+8",
      "web_enable": "true",
      "web_port": "19121"
   },
   "storage_config": {
      "primary_path": "/var/lib/milvus",
      "secondary_path": ""
   },
   "tracing_config": {
      "json_config_path": ""
   },
   "wal_config": {
      "buffer_size": "256",
      "enable": "true",
      "recovery_error_ignore": "true",
      "wal_path": "/var/lib/milvus/wal"
   }
}
[2020-12-22 03:55:08,347][INFO][ENGINE][Build][milvus_server] Using SQLite
[2020-12-22 03:55:10,104][INFO][WAL][CollectionFlushed][wal_thread]  is flushed by lsn 0
[2020-12-22 03:55:11,105][INFO][WAL][CollectionFlushed][wal_thread]  is flushed by lsn 0
[2020-12-22 03:55:12,107][INFO][WAL][CollectionFlushed][wal_thread]  is flushed by lsn 0
[2020-12-22 03:55:13,110][INFO][WAL][CollectionFlushed][wal_thread]  is flushed by lsn 0
[2020-12-22 03:55:14,113][INFO][WAL][CollectionFlushed][wal_thread]  is flushed by lsn 0
[2020-12-22 03:55:15,116][INFO][WAL][CollectionFlushed][wal_thread]  is flushed by lsn 0
[2020-12-22 03:55:16,120][INFO][WAL][CollectionFlushed][wal_thread]  is flushed by lsn 0
[2020-12-22 03:55:17,124][INFO][WAL][CollectionFlushed][wal_thread]  is flushed by lsn 0
[2020-12-22 03:55:18,128][INFO][WAL][CollectionFlushed][wal_thread]  is flushed by lsn 0
[2020-12-22 03:55:19,131][INFO][WAL][CollectionFlushed][wal_thread]  is flushed by lsn 0
[2020-12-22 03:55:20,132][INFO][WAL][CollectionFlushed][wal_thread]  is flushed by lsn 0
[2020-12-22 03:55:21,135][INFO][WAL][CollectionFlushed][wal_thread]  is flushed by lsn 0
[2020-12-22 03:55:22,137][INFO][WAL][CollectionFlushed][wal_thread]  is flushed by lsn 0
[2020-12-22 03:55:23,138][INFO][WAL][CollectionFlushed][wal_thread]  is flushed by lsn 0
[2020-12-22 03:55:24,140][INFO][WAL][CollectionFlushed][wal_thread]  is flushed by lsn 0
[2020-12-22 03:55:25,142][INFO][WAL][CollectionFlushed][wal_thread]  is flushed by lsn 0
[2020-12-22 03:55:26,144][INFO][WAL][CollectionFlushed][wal_thread]  is flushed by lsn 0
[2020-12-22 03:55:27,147][INFO][WAL][CollectionFlushed][wal_thread]  is flushed by lsn 0
[2020-12-22 03:55:28,149][INFO][WAL][CollectionFlushed][wal_thread]  is flushed by lsn 0
[2020-12-22 03:55:29,151][INFO][WAL][CollectionFlushed][wal_thread]  is flushed by lsn 0
[2020-12-22 03:55:30,152][INFO][WAL][CollectionFlushed][wal_thread]  is flushed by lsn 0
[2020-12-22 03:55:31,154][INFO][WAL][CollectionFlushed][wal_thread]  is flushed by lsn 0
[2020-12-22 03:55:32,156][INFO][WAL][CollectionFlushed][wal_thread]  is flushed by lsn 0
[2020-12-22 03:55:33,157][INFO][WAL][CollectionFlushed][wal_thread]  is flushed by lsn 0
[2020-12-22 03:55:34,160][INFO][WAL][CollectionFlushed][wal_thread]  is flushed by lsn 0
[2020-12-22 03:55:35,164][INFO][WAL][CollectionFlushed][wal_thread]  is flushed by lsn 0
[2020-12-22 03:55:36,168][INFO][WAL][CollectionFlushed][wal_thread]  is flushed by lsn 0
[2020-12-22 03:55:37,171][INFO][WAL][CollectionFlushed][wal_thread]  is flushed by lsn 0
[2020-12-22 03:55:38,173][INFO][WAL][CollectionFlushed][wal_thread]  is flushed by lsn 0
[2020-12-22 03:55:39,177][INFO][WAL][CollectionFlushed][wal_thread]  is flushed by lsn 0
[2020-12-22 03:55:40,181][INFO][WAL][CollectionFlushed][wal_thread]  is flushed by lsn 0
[2020-12-22 03:55:41,186][INFO][WAL][CollectionFlushed][wal_thread]  is flushed by lsn 0
[2020-12-22 03:55:42,190][INFO][WAL][CollectionFlushed][wal_thread]  is flushed by lsn 0
[2020-12-22 03:55:43,194][INFO][WAL][CollectionFlushed][wal_thread]  is flushed by lsn 0
[2020-12-22 03:55:44,198][INFO][WAL][CollectionFlushed][wal_thread]  is flushed by lsn 0
[2020-12-22 03:55:45,203][INFO][WAL][CollectionFlushed][wal_thread]  is flushed by lsn 0
[2020-12-22 03:55:46,207][INFO][WAL][CollectionFlushed][wal_thread]  is flushed by lsn 0
[2020-12-22 03:55:47,212][INFO][WAL][CollectionFlushed][wal_thread]  is flushed by lsn 0
[2020-12-22 03:55:48,214][INFO][WAL][CollectionFlushed][wal_thread]  is flushed by lsn 0
[2020-12-22 03:55:49,218][INFO][WAL][CollectionFlushed][wal_thread]  is flushed by lsn 0
[2020-12-22 03:55:50,222][INFO][WAL][CollectionFlushed][wal_thread]  is flushed by lsn 0
[2020-12-22 03:55:51,225][INFO][WAL][CollectionFlushed][wal_thread]  is flushed by lsn 0
[2020-12-22 03:55:52,228][INFO][WAL][CollectionFlushed][wal_thread]  is flushed by lsn 0
[2020-12-22 03:55:53,229][INFO][WAL][CollectionFlushed][wal_thread]  is flushed by lsn 0
[2020-12-22 03:55:54,231][INFO][WAL][CollectionFlushed][wal_thread]  is flushed by lsn 0
[2020-12-22 03:55:55,234][INFO][WAL][CollectionFlushed][wal_thread]  is flushed by lsn 0
[2020-12-22 03:55:56,237][INFO][WAL][CollectionFlushed][wal_thread]  is flushed by lsn 0
[2020-12-22 03:55:57,241][INFO][WAL][CollectionFlushed][wal_thread]  is flushed by lsn 0
[2020-12-22 03:55:58,245][INFO][WAL][CollectionFlushed][wal_thread]  is flushed by lsn 0
[2020-12-22 03:55:59,250][INFO][WAL][CollectionFlushed][wal_thread]  is flushed by lsn 0
[2020-12-22 03:56:00,254][INFO][WAL][CollectionFlushed][wal_thread]  is flushed by lsn 0
[2020-12-22 03:56:01,258][INFO][WAL][CollectionFlushed][wal_thread]  is flushed by lsn 0
[2020-12-22 03:56:02,262][INFO][WAL][CollectionFlushed][wal_thread]  is flushed by lsn 0
[2020-12-22 03:56:03,267][INFO][WAL][CollectionFlushed][wal_thread]  is flushed by lsn 0
[2020-12-22 03:56:04,271][INFO][WAL][CollectionFlushed][wal_thread]  is flushed by lsn 0
[2020-12-22 03:56:05,276][INFO][WAL][CollectionFlushed][wal_thread]  is flushed by lsn 0
[2020-12-22 03:56:06,281][INFO][WAL][CollectionFlushed][wal_thread]  is flushed by lsn 0
[2020-12-22 03:56:07,286][INFO][WAL][CollectionFlushed][wal_thread]  is flushed by lsn 0
[2020-12-22 03:56:08,290][INFO][WAL][CollectionFlushed][wal_thread]  is flushed by lsn 0
[2020-12-22 03:56:09,294][INFO][WAL][CollectionFlushed][wal_thread]  is flushed by lsn 0
[2020-12-22 03:56:10,298][INFO][WAL][CollectionFlushed][wal_thread]  is flushed by lsn 0
[2020-12-22 03:56:11,302][INFO][WAL][CollectionFlushed][wal_thread]  is flushed by lsn 0
[2020-12-22 03:56:12,307][INFO][WAL][CollectionFlushed][wal_thread]  is flushed by lsn 0
[2020-12-22 03:56:13,312][INFO][WAL][CollectionFlushed][wal_thread]  is flushed by lsn 0
[2020-12-22 03:56:14,316][INFO][WAL][CollectionFlushed][wal_thread]  is flushed by lsn 0
[2020-12-22 03:56:15,320][INFO][WAL][CollectionFlushed][wal_thread]  is flushed by lsn 0
[2020-12-22 03:56:16,325][INFO][WAL][CollectionFlushed][wal_thread]  is flushed by lsn 0
[2020-12-22 03:56:17,328][INFO][WAL][CollectionFlushed][wal_thread]  is flushed by lsn 0
[2020-12-22 03:56:18,332][INFO][WAL][CollectionFlushed][wal_thread]  is flushed by lsn 0
[2020-12-22 03:56:19,336][INFO][WAL][CollectionFlushed][wal_thread]  is flushed by lsn 0
[2020-12-22 03:56:20,341][INFO][WAL][CollectionFlushed][wal_thread]  is flushed by lsn 0
[2020-12-22 03:56:21,345][INFO][WAL][CollectionFlushed][wal_thread]  is flushed by lsn 0
[2020-12-22 03:56:22,350][INFO][WAL][CollectionFlushed][wal_thread]  is flushed by lsn 0
[2020-12-22 03:56:23,354][INFO][WAL][CollectionFlushed][wal_thread]  is flushed by lsn 0
[2020-12-22 03:56:24,359][INFO][WAL][CollectionFlushed][wal_thread]  is flushed by lsn 0
[2020-12-22 03:56:25,361][INFO][WAL][CollectionFlushed][wal_thread]  is flushed by lsn 0
[2020-12-22 03:56:26,365][INFO][WAL][CollectionFlushed][wal_thread]  is flushed by lsn 0
[2020-12-22 03:56:27,366][INFO][WAL][CollectionFlushed][wal_thread]  is flushed by lsn 0
[2020-12-22 03:56:28,370][INFO][WAL][CollectionFlushed][wal_thread]  is flushed by lsn 0
[2020-12-22 03:56:29,374][INFO][WAL][CollectionFlushed][wal_thread]  is flushed by lsn 0
[2020-12-22 03:56:30,379][INFO][WAL][CollectionFlushed][wal_thread]  is flushed by lsn 0
[2020-12-22 03:56:31,383][INFO][WAL][CollectionFlushed][wal_thread]  is flushed by lsn 0
[2020-12-22 03:56:32,388][INFO][WAL][CollectionFlushed][wal_thread]  is flushed by lsn 0
[2020-12-22 03:56:33,392][INFO][WAL][CollectionFlushed][wal_thread]  is flushed by lsn 0
[2020-12-22 03:56:34,396][INFO][WAL][CollectionFlushed][wal_thread]  is flushed by lsn 0
[2020-12-22 03:56:35,401][INFO][WAL][CollectionFlushed][wal_thread]  is flushed by lsn 0
[2020-12-22 03:56:36,405][INFO][WAL][CollectionFlushed][wal_thread]  is flushed by lsn 0
[2020-12-22 03:56:37,410][INFO][WAL][CollectionFlushed][wal_thread]  is flushed by lsn 0
[2020-12-22 03:56:38,415][INFO][WAL][CollectionFlushed][wal_thread]  is flushed by lsn 0
[2020-12-22 03:56:39,419][INFO][WAL][CollectionFlushed][wal_thread]  is flushed by lsn 0
[2020-12-22 03:56:40,424][INFO][WAL][CollectionFlushed][wal_thread]  is flushed by lsn 0
[2020-12-22 03:56:41,428][INFO][WAL][CollectionFlushed][wal_thread]  is flushed by lsn 0
[2020-12-22 03:56:42,432][INFO][WAL][CollectionFlushed][wal_thread]  is flushed by lsn 0
[2020-12-22 03:56:43,436][INFO][WAL][CollectionFlushed][wal_thread]  is flushed by lsn 0
[2020-12-22 03:56:44,440][INFO][WAL][CollectionFlushed][wal_thread]  is flushed by lsn 0
[2020-12-22 03:56:45,444][INFO][WAL][CollectionFlushed][wal_thread]  is flushed by lsn 0
[2020-12-22 03:56:46,448][INFO][WAL][CollectionFlushed][wal_thread]  is flushed by lsn 0
[2020-12-22 03:56:47,452][INFO][WAL][CollectionFlushed][wal_thread]  is flushed by lsn 0
[2020-12-22 03:56:48,456][INFO][WAL][CollectionFlushed][wal_thread]  is flushed by lsn 0
[2020-12-22 03:56:49,460][INFO][WAL][CollectionFlushed][wal_thread]  is flushed by lsn 0
[2020-12-22 03:56:50,464][INFO][WAL][CollectionFlushed][wal_thread]  is flushed by lsn 0
[2020-12-22 03:56:51,469][INFO][WAL][CollectionFlushed][wal_thread]  is flushed by lsn 0
[2020-12-22 03:56:52,473][INFO][WAL][CollectionFlushed][wal_thread]  is flushed by lsn 0
[2020-12-22 03:56:53,478][INFO][WAL][CollectionFlushed][wal_thread]  is flushed by lsn 0
[2020-12-22 03:56:54,482][INFO][WAL][CollectionFlushed][wal_thread]  is flushed by lsn 0
[2020-12-22 03:56:55,487][INFO][WAL][CollectionFlushed][wal_thread]  is flushed by lsn 0
[2020-12-22 03:56:56,489][INFO][WAL][CollectionFlushed][wal_thread]  is flushed by lsn 0
[2020-12-22 03:56:57,490][INFO][WAL][CollectionFlushed][wal_thread]  is flushed by lsn 0
[2020-12-22 03:56:58,493][INFO][WAL][CollectionFlushed][wal_thread]  is flushed by lsn 0
[2020-12-22 03:56:59,498][INFO][WAL][CollectionFlushed][wal_thread]  is flushed by lsn 0
[2020-12-22 03:57:00,502][INFO][WAL][CollectionFlushed][wal_thread]  is flushed by lsn 0
[2020-12-22 03:57:01,506][INFO][WAL][CollectionFlushed][wal_thread]  is flushed by lsn 0
[2020-12-22 03:57:02,511][INFO][WAL][CollectionFlushed][wal_thread]  is flushed by lsn 0
[2020-12-22 03:57:03,515][INFO][WAL][CollectionFlushed][wal_thread]  is flushed by lsn 0
[2020-12-22 03:57:04,520][INFO][WAL][CollectionFlushed][wal_thread]  is flushed by lsn 0
[2020-12-22 03:57:05,524][INFO][WAL][CollectionFlushed][wal_thread]  is flushed by lsn 0
[2020-12-22 03:57:06,527][INFO][WAL][CollectionFlushed][wal_thread]  is flushed by lsn 0
[2020-12-22 03:57:07,530][INFO][WAL][CollectionFlushed][wal_thread]  is flushed by lsn 0
[2020-12-22 03:57:08,533][INFO][WAL][CollectionFlushed][wal_thread]  is flushed by lsn 0
[2020-12-22 03:57:09,537][INFO][WAL][CollectionFlushed][wal_thread]  is flushed by lsn 0
[2020-12-22 03:57:10,541][INFO][WAL][CollectionFlushed][wal_thread]  is flushed by lsn 0
[2020-12-22 03:57:11,545][INFO][WAL][CollectionFlushed][wal_thread]  is flushed by lsn 0
[2020-12-22 03:57:12,549][INFO][WAL][CollectionFlushed][wal_thread]  is flushed by lsn 0
[2020-12-22 03:57:13,553][INFO][WAL][CollectionFlushed][wal_thread]  is flushed by lsn 0
[2020-12-22 03:57:14,557][INFO][WAL][CollectionFlushed][wal_thread]  is flushed by lsn 0
[2020-12-22 03:57:15,560][INFO][WAL][CollectionFlushed][wal_thread]  is flushed by lsn 0
[2020-12-22 03:57:16,562][INFO][WAL][CollectionFlushed][wal_thread]  is flushed by lsn 0
[2020-12-22 03:57:17,563][INFO][WAL][CollectionFlushed][wal_thread]  is flushed by lsn 0
[2020-12-22 03:57:18,564][INFO][WAL][CollectionFlushed][wal_thread]  is flushed by lsn 0
[2020-12-22 03:57:19,567][INFO][WAL][CollectionFlushed][wal_thread]  is flushed by lsn 0
[2020-12-22 03:57:20,570][INFO][WAL][CollectionFlushed][wal_thread]  is flushed by lsn 0
[2020-12-22 03:57:21,574][INFO][WAL][CollectionFlushed][wal_thread]  is flushed by lsn 0
[2020-12-22 03:57:22,578][INFO][WAL][CollectionFlushed][wal_thread]  is flushed by lsn 0
[2020-12-22 03:57:23,581][INFO][WAL][CollectionFlushed][wal_thread]  is flushed by lsn 0
[2020-12-22 03:57:24,582][INFO][WAL][CollectionFlushed][wal_thread]  is flushed by lsn 0
[2020-12-22 03:57:25,584][INFO][WAL][CollectionFlushed][wal_thread]  is flushed by lsn 0
[2020-12-22 03:57:26,586][INFO][WAL][CollectionFlushed][wal_thread]  is flushed by lsn 0
[2020-12-22 03:57:27,588][INFO][WAL][CollectionFlushed][wal_thread]  is flushed by lsn 0
[2020-12-22 03:57:28,590][INFO][WAL][CollectionFlushed][wal_thread]  is flushed by lsn 0
[2020-12-22 03:57:29,591][INFO][WAL][CollectionFlushed][wal_thread]  is flushed by lsn 0
[2020-12-22 03:57:30,593][INFO][WAL][CollectionFlushed][wal_thread]  is flushed by lsn 0
[2020-12-22 03:57:31,595][INFO][WAL][CollectionFlushed][wal_thread]  is flushed by lsn 0
[2020-12-22 03:57:32,598][INFO][WAL][CollectionFlushed][wal_thread]  is flushed by lsn 0
[2020-12-22 03:57:33,600][INFO][WAL][CollectionFlushed][wal_thread]  is flushed by lsn 0
[2020-12-22 03:57:34,601][INFO][WAL][CollectionFlushed][wal_thread]  is flushed by lsn 0
[2020-12-22 03:57:35,602][INFO][WAL][CollectionFlushed][wal_thread]  is flushed by lsn 0
[2020-12-22 03:57:36,603][INFO][WAL][CollectionFlushed][wal_thread]  is flushed by lsn 0
[2020-12-22 03:57:37,604][INFO][WAL][CollectionFlushed][wal_thread]  is flushed by lsn 0
[2020-12-22 03:57:38,607][INFO][WAL][CollectionFlushed][wal_thread]  is flushed by lsn 0
[2020-12-22 03:57:39,611][INFO][WAL][CollectionFlushed][wal_thread]  is flushed by lsn 0
[2020-12-22 03:57:40,613][INFO][WAL][CollectionFlushed][wal_thread]  is flushed by lsn 0
[2020-12-22 03:57:41,615][INFO][WAL][CollectionFlushed][wal_thread]  is flushed by lsn 0
[2020-12-22 03:57:42,617][INFO][WAL][CollectionFlushed][wal_thread]  is flushed by lsn 0
[2020-12-22 03:57:43,619][INFO][WAL][CollectionFlushed][wal_thread]  is flushed by lsn 0
[2020-12-22 03:57:44,622][INFO][WAL][CollectionFlushed][wal_thread]  is flushed by lsn 0
[2020-12-22 03:57:45,626][INFO][WAL][CollectionFlushed][wal_thread]  is flushed by lsn 0
[2020-12-22 03:57:46,630][INFO][WAL][CollectionFlushed][wal_thread]  is flushed by lsn 0
[2020-12-22 03:57:47,634][INFO][WAL][CollectionFlushed][wal_thread]  is flushed by lsn 0
[2020-12-22 03:57:48,639][INFO][WAL][CollectionFlushed][wal_thread]  is flushed by lsn 0
[2020-12-22 03:57:49,643][INFO][WAL][CollectionFlushed][wal_thread]  is flushed by lsn 0
[2020-12-22 03:57:50,647][INFO][WAL][CollectionFlushed][wal_thread]  is flushed by lsn 0
[2020-12-22 03:57:51,651][INFO][WAL][CollectionFlushed][wal_thread]  is flushed by lsn 0
[2020-12-22 03:57:52,655][INFO][WAL][CollectionFlushed][wal_thread]  is flushed by lsn 0
[2020-12-22 03:57:53,659][INFO][WAL][CollectionFlushed][wal_thread]  is flushed by lsn 0
[2020-12-22 03:57:54,664][INFO][WAL][CollectionFlushed][wal_thread]  is flushed by lsn 0
[2020-12-22 03:57:55,669][INFO][WAL][CollectionFlushed][wal_thread]  is flushed by lsn 0
[2020-12-22 03:57:56,674][INFO][WAL][CollectionFlushed][wal_thread]  is flushed by lsn 0
[2020-12-22 03:57:57,678][INFO][WAL][CollectionFlushed][wal_thread]  is flushed by lsn 0
[2020-12-22 03:57:58,683][INFO][WAL][CollectionFlushed][wal_thread]  is flushed by lsn 0
[2020-12-22 03:57:59,686][INFO][WAL][CollectionFlushed][wal_thread]  is flushed by lsn 0
[2020-12-22 03:58:00,690][INFO][WAL][CollectionFlushed][wal_thread]  is flushed by lsn 0
[2020-12-22 03:58:01,692][INFO][WAL][CollectionFlushed][wal_thread]  is flushed by lsn 0
[2020-12-22 03:58:02,695][INFO][WAL][CollectionFlushed][wal_thread]  is flushed by lsn 0
[2020-12-22 03:58:03,699][INFO][WAL][CollectionFlushed][wal_thread]  is flushed by lsn 0
[2020-12-22 03:58:04,704][INFO][WAL][CollectionFlushed][wal_thread]  is flushed by lsn 0
[2020-12-22 03:58:05,706][INFO][WAL][CollectionFlushed][wal_thread]  is flushed by lsn 0
[2020-12-22 03:58:06,709][INFO][WAL][CollectionFlushed][wal_thread]  is flushed by lsn 0
[2020-12-22 03:58:07,712][INFO][WAL][CollectionFlushed][wal_thread]  is flushed by lsn 0
[2020-12-22 03:58:08,715][INFO][WAL][CollectionFlushed][wal_thread]  is flushed by lsn 0
[2020-12-22 03:58:09,720][INFO][WAL][CollectionFlushed][wal_thread]  is flushed by lsn 0
[2020-12-22 03:58:10,724][INFO][WAL][CollectionFlushed][wal_thread]  is flushed by lsn 0
[2020-12-22 03:58:11,729][INFO][WAL][CollectionFlushed][wal_thread]  is flushed by lsn 0
[2020-12-22 03:58:12,733][INFO][WAL][CollectionFlushed][wal_thread]  is flushed by lsn 0
[2020-12-22 03:58:13,737][INFO][WAL][CollectionFlushed][wal_thread]  is flushed by lsn 0
[2020-12-22 03:58:14,741][INFO][WAL][CollectionFlushed][wal_thread]  is flushed by lsn 0
[2020-12-22 03:58:15,746][INFO][WAL][CollectionFlushed][wal_thread]  is flushed by lsn 0
[2020-12-22 03:58:16,749][INFO][WAL][CollectionFlushed][wal_thread]  is flushed by lsn 0
[2020-12-22 03:58:17,752][INFO][WAL][CollectionFlushed][wal_thread]  is flushed by lsn 0
[2020-12-22 03:58:18,756][INFO][WAL][CollectionFlushed][wal_thread]  is flushed by lsn 0
[2020-12-22 03:58:19,758][INFO][WAL][CollectionFlushed][wal_thread]  is flushed by lsn 0
[2020-12-22 03:58:20,762][INFO][WAL][CollectionFlushed][wal_thread]  is flushed by lsn 0
[2020-12-22 03:58:21,766][INFO][WAL][CollectionFlushed][wal_thread]  is flushed by lsn 0
[2020-12-22 03:58:22,770][INFO][WAL][CollectionFlushed][wal_thread]  is flushed by lsn 0
[2020-12-22 03:58:23,773][INFO][WAL][CollectionFlushed][wal_thread]  is flushed by lsn 0
[2020-12-22 03:58:24,776][INFO][WAL][CollectionFlushed][wal_thread]  is flushed by lsn 0
[2020-12-22 03:58:25,780][INFO][WAL][CollectionFlushed][wal_thread]  is flushed by lsn 0
[2020-12-22 03:58:26,782][INFO][WAL][CollectionFlushed][wal_thread]  is flushed by lsn 0
[2020-12-22 03:58:27,784][INFO][WAL][CollectionFlushed][wal_thread]  is flushed by lsn 0
[2020-12-22 03:58:28,786][INFO][WAL][CollectionFlushed][wal_thread]  is flushed by lsn 0
[2020-12-22 03:58:29,787][INFO][WAL][CollectionFlushed][wal_thread]  is flushed by lsn 0
[2020-12-22 03:58:30,789][INFO][WAL][CollectionFlushed][wal_thread]  is flushed by lsn 0
[2020-12-22 03:58:31,791][INFO][WAL][CollectionFlushed][wal_thread]  is flushed by lsn 0
[2020-12-22 03:58:32,794][INFO][WAL][CollectionFlushed][wal_thread]  is flushed by lsn 0
[2020-12-22 03:58:33,795][INFO][WAL][CollectionFlushed][wal_thread]  is flushed by lsn 0
[2020-12-22 03:58:34,797][INFO][WAL][CollectionFlushed][wal_thread]  is flushed by lsn 0
[2020-12-22 03:58:35,798][INFO][WAL][CollectionFlushed][wal_thread]  is flushed by lsn 0
[2020-12-22 03:58:36,800][INFO][WAL][CollectionFlushed][wal_thread]  is flushed by lsn 0
[2020-12-22 03:58:37,803][INFO][WAL][CollectionFlushed][wal_thread]  is flushed by lsn 0
[2020-12-22 03:58:38,805][INFO][WAL][CollectionFlushed][wal_thread]  is flushed by lsn 0
[2020-12-22 03:58:39,808][INFO][WAL][CollectionFlushed][wal_thread]  is flushed by lsn 0
[2020-12-22 03:58:40,812][INFO][WAL][CollectionFlushed][wal_thread]  is flushed by lsn 0
[2020-12-22 03:58:41,814][INFO][WAL][CollectionFlushed][wal_thread]  is flushed by lsn 0
[2020-12-22 03:58:42,816][INFO][WAL][CollectionFlushed][wal_thread]  is flushed by lsn 0
[2020-12-22 03:58:43,819][INFO][WAL][CollectionFlushed][wal_thread]  is flushed by lsn 0
[2020-12-22 03:58:44,822][INFO][WAL][CollectionFlushed][wal_thread]  is flushed by lsn 0
[2020-12-22 03:58:45,824][INFO][WAL][CollectionFlushed][wal_thread]  is flushed by lsn 0
[2020-12-22 03:58:46,827][INFO][WAL][CollectionFlushed][wal_thread]  is flushed by lsn 0
[2020-12-22 03:58:47,830][INFO][WAL][CollectionFlushed][wal_thread]  is flushed by lsn 0
[2020-12-22 03:58:48,834][INFO][WAL][CollectionFlushed][wal_thread]  is flushed by lsn 0
[2020-12-22 03:58:49,837][INFO][WAL][CollectionFlushed][wal_thread]  is flushed by lsn 0
[2020-12-22 03:58:50,839][INFO][WAL][CollectionFlushed][wal_thread]  is flushed by lsn 0
[2020-12-22 03:58:51,842][INFO][WAL][CollectionFlushed][wal_thread]  is flushed by lsn 0
[2020-12-22 03:58:52,846][INFO][WAL][CollectionFlushed][wal_thread]  is flushed by lsn 0
[2020-12-22 03:58:53,849][INFO][WAL][CollectionFlushed][wal_thread]  is flushed by lsn 0
[2020-12-22 03:58:54,853][INFO][WAL][CollectionFlushed][wal_thread]  is flushed by lsn 0
[2020-12-22 03:58:55,856][INFO][WAL][CollectionFlushed][wal_thread]  is flushed by lsn 0
[2020-12-22 03:58:56,860][INFO][WAL][CollectionFlushed][wal_thread]  is flushed by lsn 0
[2020-12-22 03:58:57,864][INFO][WAL][CollectionFlushed][wal_thread]  is flushed by lsn 0
[2020-12-22 03:58:58,867][INFO][WAL][CollectionFlushed][wal_thread]  is flushed by lsn 0
[2020-12-22 03:58:59,871][INFO][WAL][CollectionFlushed][wal_thread]  is flushed by lsn 0
[2020-12-22 03:59:00,875][INFO][WAL][CollectionFlushed][wal_thread]  is flushed by lsn 0
[2020-12-22 03:59:01,879][INFO][WAL][CollectionFlushed][wal_thread]  is flushed by lsn 0
[2020-12-22 03:59:02,883][INFO][WAL][CollectionFlushed][wal_thread]  is flushed by lsn 0
[2020-12-22 03:59:03,886][INFO][WAL][CollectionFlushed][wal_thread]  is flushed by lsn 0
[2020-12-22 03:59:04,890][INFO][WAL][CollectionFlushed][wal_thread]  is flushed by lsn 0
[2020-12-22 03:59:05,892][INFO][WAL][CollectionFlushed][wal_thread]  is flushed by lsn 0
[2020-12-22 03:59:06,895][INFO][WAL][CollectionFlushed][wal_thread]  is flushed by lsn 0
[2020-12-22 03:59:07,897][INFO][WAL][CollectionFlushed][wal_thread]  is flushed by lsn 0
[2020-12-22 03:59:08,899][INFO][WAL][CollectionFlushed][wal_thread]  is flushed by lsn 0
[2020-12-22 03:59:09,901][INFO][WAL][CollectionFlushed][wal_thread]  is flushed by lsn 0
[2020-12-22 03:59:10,903][INFO][WAL][CollectionFlushed][wal_thread]  is flushed by lsn 0
[2020-12-22 03:59:11,904][INFO][WAL][CollectionFlushed][wal_thread]  is flushed by lsn 0
[2020-12-22 03:59:12,908][INFO][WAL][CollectionFlushed][wal_thread]  is flushed by lsn 0
[2020-12-22 03:59:13,911][INFO][WAL][CollectionFlushed][wal_thread]  is flushed by lsn 0
[2020-12-22 03:59:14,915][INFO][WAL][CollectionFlushed][wal_thread]  is flushed by lsn 0
[2020-12-22 03:59:15,919][INFO][WAL][CollectionFlushed][wal_thread]  is flushed by lsn 0
[2020-12-22 03:59:16,922][INFO][WAL][CollectionFlushed][wal_thread]  is flushed by lsn 0
[2020-12-22 03:59:17,925][INFO][WAL][CollectionFlushed][wal_thread]  is flushed by lsn 0
[2020-12-22 03:59:18,929][INFO][WAL][CollectionFlushed][wal_thread]  is flushed by lsn 0
[2020-12-22 03:59:19,933][INFO][WAL][CollectionFlushed][wal_thread]  is flushed by lsn 0
[2020-12-22 03:59:20,937][INFO][WAL][CollectionFlushed][wal_thread]  is flushed by lsn 0
[2020-12-22 03:59:21,941][INFO][WAL][CollectionFlushed][wal_thread]  is flushed by lsn 0
[2020-12-22 03:59:22,945][INFO][WAL][CollectionFlushed][wal_thread]  is flushed by lsn 0
[2020-12-22 03:59:23,949][INFO][WAL][CollectionFlushed][wal_thread]  is flushed by lsn 0
[2020-12-22 03:59:24,953][INFO][WAL][CollectionFlushed][wal_thread]  is flushed by lsn 0
[2020-12-22 03:59:25,957][INFO][WAL][CollectionFlushed][wal_thread]  is flushed by lsn 0
[2020-12-22 03:59:26,961][INFO][WAL][CollectionFlushed][wal_thread]  is flushed by lsn 0
[2020-12-22 03:59:27,965][INFO][WAL][CollectionFlushed][wal_thread]  is flushed by lsn 0
[2020-12-22 03:59:28,969][INFO][WAL][CollectionFlushed][wal_thread]  is flushed by lsn 0
[2020-12-22 03:59:29,973][INFO][WAL][CollectionFlushed][wal_thread]  is flushed by lsn 0
[2020-12-22 03:59:30,977][INFO][WAL][CollectionFlushed][wal_thread]  is flushed by lsn 0
[2020-12-22 03:59:31,981][INFO][WAL][CollectionFlushed][wal_thread]  is flushed by lsn 0
[2020-12-22 03:59:32,985][INFO][WAL][CollectionFlushed][wal_thread]  is flushed by lsn 0
[2020-12-22 03:59:33,989][INFO][WAL][CollectionFlushed][wal_thread]  is flushed by lsn 0
[2020-12-22 03:59:34,992][INFO][WAL][CollectionFlushed][wal_thread]  is flushed by lsn 0
[2020-12-22 03:59:35,995][INFO][WAL][CollectionFlushed][wal_thread]  is flushed by lsn 0
[2020-12-22 03:59:36,997][INFO][WAL][CollectionFlushed][wal_thread]  is flushed by lsn 0
[2020-12-22 03:59:37,999][INFO][WAL][CollectionFlushed][wal_thread]  is flushed by lsn 0
[2020-12-22 03:59:39,001][INFO][WAL][CollectionFlushed][wal_thread]  is flushed by lsn 0
[2020-12-22 03:59:40,004][INFO][WAL][CollectionFlushed][wal_thread]  is flushed by lsn 0
[2020-12-22 03:59:41,005][INFO][WAL][CollectionFlushed][wal_thread]  is flushed by lsn 0
[2020-12-22 03:59:42,008][INFO][WAL][CollectionFlushed][wal_thread]  is flushed by lsn 0
[2020-12-22 03:59:43,010][INFO][WAL][CollectionFlushed][wal_thread]  is flushed by lsn 0
[2020-12-22 03:59:44,011][INFO][WAL][CollectionFlushed][wal_thread]  is flushed by lsn 0
[2020-12-22 03:59:45,014][INFO][WAL][CollectionFlushed][wal_thread]  is flushed by lsn 0
[2020-12-22 03:59:46,017][INFO][WAL][CollectionFlushed][wal_thread]  is flushed by lsn 0
[2020-12-22 03:59:47,021][INFO][WAL][CollectionFlushed][wal_thread]  is flushed by lsn 0
[2020-12-22 03:59:48,024][INFO][WAL][CollectionFlushed][wal_thread]  is flushed by lsn 0
[2020-12-22 03:59:49,025][INFO][WAL][CollectionFlushed][wal_thread]  is flushed by lsn 0
[2020-12-22 03:59:50,028][INFO][WAL][CollectionFlushed][wal_thread]  is flushed by lsn 0
[2020-12-22 03:59:51,031][INFO][WAL][CollectionFlushed][wal_thread]  is flushed by lsn 0
[2020-12-22 03:59:52,034][INFO][WAL][CollectionFlushed][wal_thread]  is flushed by lsn 0
[2020-12-22 03:59:53,036][INFO][WAL][CollectionFlushed][wal_thread]  is flushed by lsn 0
[2020-12-22 03:59:54,039][INFO][WAL][CollectionFlushed][wal_thread]  is flushed by lsn 0
[2020-12-22 03:59:55,042][INFO][WAL][CollectionFlushed][wal_thread]  is flushed by lsn 0
[2020-12-22 03:59:56,044][INFO][WAL][CollectionFlushed][wal_thread]  is flushed by lsn 0
[2020-12-22 03:59:57,046][INFO][WAL][CollectionFlushed][wal_thread]  is flushed by lsn 0
[2020-12-22 03:59:58,049][INFO][WAL][CollectionFlushed][wal_thread]  is flushed by lsn 0
[2020-12-22 03:59:59,054][INFO][WAL][CollectionFlushed][wal_thread]  is flushed by lsn 0
[2020-12-22 04:00:00,056][INFO][WAL][CollectionFlushed][wal_thread]  is flushed by lsn 0
[2020-12-22 04:00:01,057][INFO][WAL][CollectionFlushed][wal_thread]  is flushed by lsn 0
[2020-12-22 04:00:02,059][INFO][WAL][CollectionFlushed][wal_thread]  is flushed by lsn 0
[2020-12-22 04:00:03,061][INFO][WAL][CollectionFlushed][wal_thread]  is flushed by lsn 0
[2020-12-22 04:00:04,064][INFO][WAL][CollectionFlushed][wal_thread]  is flushed by lsn 0
[2020-12-22 04:00:05,068][INFO][WAL][CollectionFlushed][wal_thread]  is flushed by lsn 0
[2020-12-22 04:00:06,072][INFO][WAL][CollectionFlushed][wal_thread]  is flushed by lsn 0
[2020-12-22 04:00:07,076][INFO][WAL][CollectionFlushed][wal_thread]  is flushed by lsn 0
[2020-12-22 04:00:08,080][INFO][WAL][CollectionFlushed][wal_thread]  is flushed by lsn 0
[2020-12-22 04:00:09,085][INFO][WAL][CollectionFlushed][wal_thread]  is flushed by lsn 0
[2020-12-22 04:00:10,088][INFO][WAL][CollectionFlushed][wal_thread]  is flushed by lsn 0
[2020-12-22 04:00:11,090][INFO][WAL][CollectionFlushed][wal_thread]  is flushed by lsn 0
[2020-12-22 04:00:12,095][INFO][WAL][CollectionFlushed][wal_thread]  is flushed by lsn 0
[2020-12-22 04:00:13,098][INFO][WAL][CollectionFlushed][wal_thread]  is flushed by lsn 0
[2020-12-22 04:00:14,100][INFO][WAL][CollectionFlushed][wal_thread]  is flushed by lsn 0
[2020-12-22 04:00:15,102][INFO][WAL][CollectionFlushed][wal_thread]  is flushed by lsn 0
[2020-12-22 04:00:16,104][INFO][WAL][CollectionFlushed][wal_thread]  is flushed by lsn 0
[2020-12-22 04:00:17,106][INFO][WAL][CollectionFlushed][wal_thread]  is flushed by lsn 0
[2020-12-22 04:00:18,110][INFO][WAL][CollectionFlushed][wal_thread]  is flushed by lsn 0
[2020-12-22 04:00:19,113][INFO][WAL][CollectionFlushed][wal_thread]  is flushed by lsn 0
[2020-12-22 04:00:20,115][INFO][WAL][CollectionFlushed][wal_thread]  is flushed by lsn 0
[2020-12-22 04:00:21,118][INFO][WAL][CollectionFlushed][wal_thread]  is flushed by lsn 0
[2020-12-22 04:00:22,122][INFO][WAL][CollectionFlushed][wal_thread]  is flushed by lsn 0
[2020-12-22 04:00:23,125][INFO][WAL][CollectionFlushed][wal_thread]  is flushed by lsn 0
[2020-12-22 04:00:24,128][INFO][WAL][CollectionFlushed][wal_thread]  is flushed by lsn 0
[2020-12-22 04:00:25,132][INFO][WAL][CollectionFlushed][wal_thread]  is flushed by lsn 0
[2020-12-22 04:00:26,134][INFO][WAL][CollectionFlushed][wal_thread]  is flushed by lsn 0
[2020-12-22 04:00:27,136][INFO][WAL][CollectionFlushed][wal_thread]  is flushed by lsn 0
[2020-12-22 04:00:28,139][INFO][WAL][CollectionFlushed][wal_thread]  is flushed by lsn 0
[2020-12-22 04:00:29,141][INFO][WAL][CollectionFlushed][wal_thread]  is flushed by lsn 0
[2020-12-22 04:00:30,144][INFO][WAL][CollectionFlushed][wal_thread]  is flushed by lsn 0
[2020-12-22 04:00:31,147][INFO][WAL][CollectionFlushed][wal_thread]  is flushed by lsn 0
[2020-12-22 04:00:32,148][INFO][WAL][CollectionFlushed][wal_thread]  is flushed by lsn 0
[2020-12-22 04:00:33,152][INFO][WAL][CollectionFlushed][wal_thread]  is flushed by lsn 0
[2020-12-22 04:00:34,156][INFO][WAL][CollectionFlushed][wal_thread]  is flushed by lsn 0
[2020-12-22 04:00:35,160][INFO][WAL][CollectionFlushed][wal_thread]  is flushed by lsn 0
[2020-12-22 04:00:36,163][INFO][WAL][CollectionFlushed][wal_thread]  is flushed by lsn 0
[2020-12-22 04:00:37,166][INFO][WAL][CollectionFlushed][wal_thread]  is flushed by lsn 0
[2020-12-22 04:00:38,169][INFO][WAL][CollectionFlushed][wal_thread]  is flushed by lsn 0
[2020-12-22 04:00:39,171][INFO][WAL][CollectionFlushed][wal_thread]  is flushed by lsn 0
[2020-12-22 04:00:40,172][INFO][WAL][CollectionFlushed][wal_thread]  is flushed by lsn 0
[2020-12-22 04:00:41,173][INFO][WAL][CollectionFlushed][wal_thread]  is flushed by lsn 0
[2020-12-22 04:00:42,175][INFO][WAL][CollectionFlushed][wal_thread]  is flushed by lsn 0
[2020-12-22 04:00:43,176][INFO][WAL][CollectionFlushed][wal_thread]  is flushed by lsn 0
[2020-12-22 04:00:44,179][INFO][WAL][CollectionFlushed][wal_thread]  is flushed by lsn 0
[2020-12-22 04:00:45,182][INFO][WAL][CollectionFlushed][wal_thread]  is flushed by lsn 0
[2020-12-22 04:00:46,186][INFO][WAL][CollectionFlushed][wal_thread]  is flushed by lsn 0
[2020-12-22 04:00:47,190][INFO][WAL][CollectionFlushed][wal_thread]  is flushed by lsn 0
[2020-12-22 04:00:48,194][INFO][WAL][CollectionFlushed][wal_thread]  is flushed by lsn 0
[2020-12-22 04:00:49,198][INFO][WAL][CollectionFlushed][wal_thread]  is flushed by lsn 0
[2020-12-22 04:00:50,201][INFO][WAL][CollectionFlushed][wal_thread]  is flushed by lsn 0
[2020-12-22 04:00:51,203][INFO][WAL][CollectionFlushed][wal_thread]  is flushed by lsn 0
[2020-12-22 04:00:52,203][INFO][WAL][CollectionFlushed][wal_thread]  is flushed by lsn 0
[2020-12-22 04:00:53,205][INFO][WAL][CollectionFlushed][wal_thread]  is flushed by lsn 0
[2020-12-22 04:00:54,206][INFO][WAL][CollectionFlushed][wal_thread]  is flushed by lsn 0
[2020-12-22 04:00:55,207][INFO][WAL][CollectionFlushed][wal_thread]  is flushed by lsn 0
[2020-12-22 04:00:56,209][INFO][WAL][CollectionFlushed][wal_thread]  is flushed by lsn 0
[2020-12-22 04:00:57,212][INFO][WAL][CollectionFlushed][wal_thread]  is flushed by lsn 0
[2020-12-22 04:00:58,214][INFO][WAL][CollectionFlushed][wal_thread]  is flushed by lsn 0
[2020-12-22 04:00:59,218][INFO][WAL][CollectionFlushed][wal_thread]  is flushed by lsn 0
[2020-12-22 04:01:00,220][INFO][WAL][CollectionFlushed][wal_thread]  is flushed by lsn 0
[2020-12-22 04:01:01,222][INFO][WAL][CollectionFlushed][wal_thread]  is flushed by lsn 0
[2020-12-22 04:01:02,227][INFO][WAL][CollectionFlushed][wal_thread]  is flushed by lsn 0
[2020-12-22 04:01:03,231][INFO][WAL][CollectionFlushed][wal_thread]  is flushed by lsn 0
[2020-12-22 04:01:04,234][INFO][WAL][CollectionFlushed][wal_thread]  is flushed by lsn 0
[2020-12-22 04:01:05,236][INFO][WAL][CollectionFlushed][wal_thread]  is flushed by lsn 0
[2020-12-22 04:01:06,240][INFO][WAL][CollectionFlushed][wal_thread]  is flushed by lsn 0
[2020-12-22 04:01:07,242][INFO][WAL][CollectionFlushed][wal_thread]  is flushed by lsn 0
[2020-12-22 04:01:08,243][INFO][WAL][CollectionFlushed][wal_thread]  is flushed by lsn 0
[2020-12-22 04:01:09,245][INFO][WAL][CollectionFlushed][wal_thread]  is flushed by lsn 0
[2020-12-22 04:01:10,248][INFO][WAL][CollectionFlushed][wal_thread]  is flushed by lsn 0
[2020-12-22 04:01:11,252][INFO][WAL][CollectionFlushed][wal_thread]  is flushed by lsn 0
[2020-12-22 04:01:12,257][INFO][WAL][CollectionFlushed][wal_thread]  is flushed by lsn 0
[2020-12-22 04:01:13,261][INFO][WAL][CollectionFlushed][wal_thread]  is flushed by lsn 0
[2020-12-22 04:01:14,266][INFO][WAL][CollectionFlushed][wal_thread]  is flushed by lsn 0
[2020-12-22 04:01:15,270][INFO][WAL][CollectionFlushed][wal_thread]  is flushed by lsn 0
[2020-12-22 04:01:16,272][INFO][WAL][CollectionFlushed][wal_thread]  is flushed by lsn 0
[2020-12-22 04:01:17,274][INFO][WAL][CollectionFlushed][wal_thread]  is flushed by lsn 0
[2020-12-22 04:01:18,275][INFO][WAL][CollectionFlushed][wal_thread]  is flushed by lsn 0
[2020-12-22 04:01:19,279][INFO][WAL][CollectionFlushed][wal_thread]  is flushed by lsn 0
[2020-12-22 04:01:20,281][INFO][WAL][CollectionFlushed][wal_thread]  is flushed by lsn 0
[2020-12-22 04:01:21,282][INFO][WAL][CollectionFlushed][wal_thread]  is flushed by lsn 0
[2020-12-22 04:01:22,285][INFO][WAL][CollectionFlushed][wal_thread]  is flushed by lsn 0
[2020-12-22 04:01:23,289][INFO][WAL][CollectionFlushed][wal_thread]  is flushed by lsn 0
[2020-12-22 04:01:24,293][INFO][WAL][CollectionFlushed][wal_thread]  is flushed by lsn 0
[2020-12-22 04:01:25,297][INFO][WAL][CollectionFlushed][wal_thread]  is flushed by lsn 0
[2020-12-22 04:01:26,301][INFO][WAL][CollectionFlushed][wal_thread]  is flushed by lsn 0
[2020-12-22 04:01:27,305][INFO][WAL][CollectionFlushed][wal_thread]  is flushed by lsn 0
[2020-12-22 04:01:28,309][INFO][WAL][CollectionFlushed][wal_thread]  is flushed by lsn 0
[2020-12-22 04:01:29,313][INFO][WAL][CollectionFlushed][wal_thread]  is flushed by lsn 0
[2020-12-22 04:01:30,317][INFO][WAL][CollectionFlushed][wal_thread]  is flushed by lsn 0
[2020-12-22 04:01:31,321][INFO][WAL][CollectionFlushed][wal_thread]  is flushed by lsn 0
[2020-12-22 04:01:32,326][INFO][WAL][CollectionFlushed][wal_thread]  is flushed by lsn 0
[2020-12-22 04:01:33,330][INFO][WAL][CollectionFlushed][wal_thread]  is flushed by lsn 0
[2020-12-22 04:01:34,334][INFO][WAL][CollectionFlushed][wal_thread]  is flushed by lsn 0
[2020-12-22 04:01:35,337][INFO][WAL][CollectionFlushed][wal_thread]  is flushed by lsn 0
[2020-12-22 04:01:36,339][INFO][WAL][CollectionFlushed][wal_thread]  is flushed by lsn 0
[2020-12-22 04:01:37,343][INFO][WAL][CollectionFlushed][wal_thread]  is flushed by lsn 0
[2020-12-22 04:01:38,347][INFO][WAL][CollectionFlushed][wal_thread]  is flushed by lsn 0
[2020-12-22 04:01:39,351][INFO][WAL][CollectionFlushed][wal_thread]  is flushed by lsn 0
[2020-12-22 04:01:40,355][INFO][WAL][CollectionFlushed][wal_thread]  is flushed by lsn 0
[2020-12-22 04:01:41,359][INFO][WAL][CollectionFlushed][wal_thread]  is flushed by lsn 0
[2020-12-22 04:01:42,362][INFO][WAL][CollectionFlushed][wal_thread]  is flushed by lsn 0
[2020-12-22 04:01:43,365][INFO][WAL][CollectionFlushed][wal_thread]  is flushed by lsn 0
[2020-12-22 04:01:44,367][INFO][WAL][CollectionFlushed][wal_thread]  is flushed by lsn 0
[2020-12-22 04:01:45,370][INFO][WAL][CollectionFlushed][wal_thread]  is flushed by lsn 0
[2020-12-22 04:01:46,375][INFO][WAL][CollectionFlushed][wal_thread]  is flushed by lsn 0
[2020-12-22 04:01:47,379][INFO][WAL][CollectionFlushed][wal_thread]  is flushed by lsn 0
[2020-12-22 04:01:48,383][INFO][WAL][CollectionFlushed][wal_thread]  is flushed by lsn 0
[2020-12-22 04:01:49,386][INFO][WAL][CollectionFlushed][wal_thread]  is flushed by lsn 0
[2020-12-22 04:01:50,390][INFO][WAL][CollectionFlushed][wal_thread]  is flushed by lsn 0
[2020-12-22 04:01:51,393][INFO][WAL][CollectionFlushed][wal_thread]  is flushed by lsn 0
[2020-12-22 04:01:52,396][INFO][WAL][CollectionFlushed][wal_thread]  is flushed by lsn 0
[2020-12-22 04:01:53,397][INFO][WAL][CollectionFlushed][wal_thread]  is flushed by lsn 0
[2020-12-22 04:01:54,400][INFO][WAL][CollectionFlushed][wal_thread]  is flushed by lsn 0
[2020-12-22 04:01:55,404][INFO][WAL][CollectionFlushed][wal_thread]  is flushed by lsn 0
[2020-12-22 04:01:56,407][INFO][WAL][CollectionFlushed][wal_thread]  is flushed by lsn 0
[2020-12-22 04:01:57,409][INFO][WAL][CollectionFlushed][wal_thread]  is flushed by lsn 0
[2020-12-22 04:01:58,410][INFO][WAL][CollectionFlushed][wal_thread]  is flushed by lsn 0
[2020-12-22 04:01:59,413][INFO][WAL][CollectionFlushed][wal_thread]  is flushed by lsn 0
[2020-12-22 04:02:00,415][INFO][WAL][CollectionFlushed][wal_thread]  is flushed by lsn 0
[2020-12-22 04:02:01,417][INFO][WAL][CollectionFlushed][wal_thread]  is flushed by lsn 0
[2020-12-22 04:02:02,418][INFO][WAL][CollectionFlushed][wal_thread]  is flushed by lsn 0
[2020-12-22 04:02:03,421][INFO][WAL][CollectionFlushed][wal_thread]  is flushed by lsn 0
[2020-12-22 04:02:04,424][INFO][WAL][CollectionFlushed][wal_thread]  is flushed by lsn 0
[2020-12-22 04:02:05,425][INFO][WAL][CollectionFlushed][wal_thread]  is flushed by lsn 0
[2020-12-22 04:02:06,428][INFO][WAL][CollectionFlushed][wal_thread]  is flushed by lsn 0
[2020-12-22 04:02:07,432][INFO][WAL][CollectionFlushed][wal_thread]  is flushed by lsn 0
[2020-12-22 04:02:08,436][INFO][WAL][CollectionFlushed][wal_thread]  is flushed by lsn 0
[2020-12-22 04:02:09,441][INFO][WAL][CollectionFlushed][wal_thread]  is flushed by lsn 0
[2020-12-22 04:02:10,445][INFO][WAL][CollectionFlushed][wal_thread]  is flushed by lsn 0
[2020-12-22 04:02:11,449][INFO][WAL][CollectionFlushed][wal_thread]  is flushed by lsn 0
[2020-12-22 04:02:12,453][INFO][WAL][CollectionFlushed][wal_thread]  is flushed by lsn 0
[2020-12-22 04:02:13,457][INFO][WAL][CollectionFlushed][wal_thread]  is flushed by lsn 0
[2020-12-22 04:02:14,461][INFO][WAL][CollectionFlushed][wal_thread]  is flushed by lsn 0
[2020-12-22 04:02:15,465][INFO][WAL][CollectionFlushed][wal_thread]  is flushed by lsn 0
[2020-12-22 04:02:16,469][INFO][WAL][CollectionFlushed][wal_thread]  is flushed by lsn 0
[2020-12-22 04:02:17,474][INFO][WAL][CollectionFlushed][wal_thread]  is flushed by lsn 0
[2020-12-22 04:02:18,479][INFO][WAL][CollectionFlushed][wal_thread]  is flushed by lsn 0
[2020-12-22 04:02:19,483][INFO][WAL][CollectionFlushed][wal_thread]  is flushed by lsn 0
[2020-12-22 04:02:20,488][INFO][WAL][CollectionFlushed][wal_thread]  is flushed by lsn 0
[2020-12-22 04:02:21,491][INFO][WAL][CollectionFlushed][wal_thread]  is flushed by lsn 0
[2020-12-22 04:02:22,494][INFO][WAL][CollectionFlushed][wal_thread]  is flushed by lsn 0
[2020-12-22 04:02:23,499][INFO][WAL][CollectionFlushed][wal_thread]  is flushed by lsn 0
[2020-12-22 04:02:24,501][INFO][WAL][CollectionFlushed][wal_thread]  is flushed by lsn 0
[2020-12-22 04:02:25,505][INFO][WAL][CollectionFlushed][wal_thread]  is flushed by lsn 0
[2020-12-22 04:02:26,510][INFO][WAL][CollectionFlushed][wal_thread]  is flushed by lsn 0
[2020-12-22 04:02:27,515][INFO][WAL][CollectionFlushed][wal_thread]  is flushed by lsn 0
[2020-12-22 04:02:28,517][INFO][WAL][CollectionFlushed][wal_thread]  is flushed by lsn 0
[2020-12-22 04:02:29,519][INFO][WAL][CollectionFlushed][wal_thread]  is flushed by lsn 0
[2020-12-22 04:02:30,521][INFO][WAL][CollectionFlushed][wal_thread]  is flushed by lsn 0
[2020-12-22 04:02:31,523][INFO][WAL][CollectionFlushed][wal_thread]  is flushed by lsn 0
[2020-12-22 04:02:32,527][INFO][WAL][CollectionFlushed][wal_thread]  is flushed by lsn 0
[2020-12-22 04:02:33,531][INFO][WAL][CollectionFlushed][wal_thread]  is flushed by lsn 0
[2020-12-22 04:02:34,536][INFO][WAL][CollectionFlushed][wal_thread]  is flushed by lsn 0
[2020-12-22 04:02:35,540][INFO][WAL][CollectionFlushed][wal_thread]  is flushed by lsn 0
[2020-12-22 04:02:36,545][INFO][WAL][CollectionFlushed][wal_thread]  is flushed by lsn 0
[2020-12-22 04:02:37,549][INFO][WAL][CollectionFlushed][wal_thread]  is flushed by lsn 0
[2020-12-22 04:02:38,554][INFO][WAL][CollectionFlushed][wal_thread]  is flushed by lsn 0
[2020-12-22 04:02:39,559][INFO][WAL][CollectionFlushed][wal_thread]  is flushed by lsn 0
[2020-12-22 04:02:40,563][INFO][WAL][CollectionFlushed][wal_thread]  is flushed by lsn 0
[2020-12-22 04:02:41,567][INFO][WAL][CollectionFlushed][wal_thread]  is flushed by lsn 0
[2020-12-22 04:02:42,571][INFO][WAL][CollectionFlushed][wal_thread]  is flushed by lsn 0
[2020-12-22 04:02:43,576][INFO][WAL][CollectionFlushed][wal_thread]  is flushed by lsn 0
[2020-12-22 04:02:44,580][INFO][WAL][CollectionFlushed][wal_thread]  is flushed by lsn 0
[2020-12-22 04:02:45,584][INFO][WAL][CollectionFlushed][wal_thread]  is flushed by lsn 0
[2020-12-22 04:02:46,588][INFO][WAL][CollectionFlushed][wal_thread]  is flushed by lsn 0
[2020-12-22 04:02:47,592][INFO][WAL][CollectionFlushed][wal_thread]  is flushed by lsn 0
[2020-12-22 04:02:48,596][INFO][WAL][CollectionFlushed][wal_thread]  is flushed by lsn 0
[2020-12-22 04:02:49,600][INFO][WAL][CollectionFlushed][wal_thread]  is flushed by lsn 0
[2020-12-22 04:02:50,605][INFO][WAL][CollectionFlushed][wal_thread]  is flushed by lsn 0
[2020-12-22 04:02:51,610][INFO][WAL][CollectionFlushed][wal_thread]  is flushed by lsn 0
[2020-12-22 04:02:52,614][INFO][WAL][CollectionFlushed][wal_thread]  is flushed by lsn 0
[2020-12-22 04:02:53,619][INFO][WAL][CollectionFlushed][wal_thread]  is flushed by lsn 0
[2020-12-22 04:02:54,624][INFO][WAL][CollectionFlushed][wal_thread]  is flushed by lsn 0
[2020-12-22 04:02:55,628][INFO][WAL][CollectionFlushed][wal_thread]  is flushed by lsn 0
[2020-12-22 04:02:56,632][INFO][WAL][CollectionFlushed][wal_thread]  is flushed by lsn 0
[2020-12-22 04:02:57,637][INFO][WAL][CollectionFlushed][wal_thread]  is flushed by lsn 0
[2020-12-22 04:02:58,641][INFO][WAL][CollectionFlushed][wal_thread]  is flushed by lsn 0
[2020-12-22 04:02:59,646][INFO][WAL][CollectionFlushed][wal_thread]  is flushed by lsn 0
[2020-12-22 04:03:00,651][INFO][WAL][CollectionFlushed][wal_thread]  is flushed by lsn 0
[2020-12-22 04:03:01,655][INFO][WAL][CollectionFlushed][wal_thread]  is flushed by lsn 0
[2020-12-22 04:03:02,659][INFO][WAL][CollectionFlushed][wal_thread]  is flushed by lsn 0
[2020-12-22 04:03:03,660][INFO][WAL][CollectionFlushed][wal_thread]  is flushed by lsn 0
[2020-12-22 04:03:04,663][INFO][WAL][CollectionFlushed][wal_thread]  is flushed by lsn 0
[2020-12-22 04:03:05,665][INFO][WAL][CollectionFlushed][wal_thread]  is flushed by lsn 0
[2020-12-22 04:03:06,668][INFO][WAL][CollectionFlushed][wal_thread]  is flushed by lsn 0
[2020-12-22 04:03:07,673][INFO][WAL][CollectionFlushed][wal_thread]  is flushed by lsn 0
[2020-12-22 04:03:08,677][INFO][WAL][CollectionFlushed][wal_thread]  is flushed by lsn 0
[2020-12-22 04:03:09,682][INFO][WAL][CollectionFlushed][wal_thread]  is flushed by lsn 0
[2020-12-22 04:03:10,686][INFO][WAL][CollectionFlushed][wal_thread]  is flushed by lsn 0
[2020-12-22 04:03:11,690][INFO][WAL][CollectionFlushed][wal_thread]  is flushed by lsn 0
[2020-12-22 04:03:12,695][INFO][WAL][CollectionFlushed][wal_thread]  is flushed by lsn 0
[2020-12-22 04:03:13,699][INFO][WAL][CollectionFlushed][wal_thread]  is flushed by lsn 0
[2020-12-22 04:03:14,703][INFO][WAL][CollectionFlushed][wal_thread]  is flushed by lsn 0
[2020-12-22 04:03:15,708][INFO][WAL][CollectionFlushed][wal_thread]  is flushed by lsn 0
[2020-12-22 04:03:16,712][INFO][WAL][CollectionFlushed][wal_thread]  is flushed by lsn 0
[2020-12-22 04:03:17,716][INFO][WAL][CollectionFlushed][wal_thread]  is flushed by lsn 0
[2020-12-22 04:03:18,719][INFO][WAL][CollectionFlushed][wal_thread]  is flushed by lsn 0
[2020-12-22 04:03:19,722][INFO][WAL][CollectionFlushed][wal_thread]  is flushed by lsn 0
[2020-12-22 04:03:20,724][INFO][WAL][CollectionFlushed][wal_thread]  is flushed by lsn 0
[2020-12-22 04:03:21,725][INFO][WAL][CollectionFlushed][wal_thread]  is flushed by lsn 0
[2020-12-22 04:03:22,728][INFO][WAL][CollectionFlushed][wal_thread]  is flushed by lsn 0
[2020-12-22 04:03:23,731][INFO][WAL][CollectionFlushed][wal_thread]  is flushed by lsn 0
[2020-12-22 04:03:24,734][INFO][WAL][CollectionFlushed][wal_thread]  is flushed by lsn 0
[2020-12-22 04:03:25,738][INFO][WAL][CollectionFlushed][wal_thread]  is flushed by lsn 0
[2020-12-22 04:03:26,741][INFO][WAL][CollectionFlushed][wal_thread]  is flushed by lsn 0
[2020-12-22 04:03:27,745][INFO][WAL][CollectionFlushed][wal_thread]  is flushed by lsn 0
[2020-12-22 04:03:28,748][INFO][WAL][CollectionFlushed][wal_thread]  is flushed by lsn 0
[2020-12-22 04:03:29,751][INFO][WAL][CollectionFlushed][wal_thread]  is flushed by lsn 0
[2020-12-22 04:03:30,755][INFO][WAL][CollectionFlushed][wal_thread]  is flushed by lsn 0
