[2021-01-12 14:49:11,965][DEBUG][ENGINE][CheckCpuInstructionSet][milvus_server] Supported CPU instruction sets: avx2, sse4_2
[2021-01-12 14:49:12,410][DEBUG][ENGINE][Initialize][milvus_server] FAISS hook AVX2
[2021-01-12 14:49:12,614][DEBUG][ENGINE][Build][milvus_server] MetaUri: sqlite://:@:/

[2021-01-12 14:49:15,830][DEBUG][ENGINE][SqlTransaction][milvus_server] CREATE TABLE IF NOT EXISTS Environment(global_lsn INTEGER DEFAULT (0) NOT NULL);
[2021-01-12 14:49:15,831][DEBUG][ENGINE][SqlTransaction][milvus_server] CREATE TABLE IF NOT EXISTS Tables(id INTEGER PRIMARY KEY NOT NULL,table_id TEXT UNIQUE NOT NULL,state INTEGER NOT NULL,dimension INTEGER NOT NULL,created_on INTEGER NOT NULL,flag INTEGER DEFAULT (0) NOT NULL,index_file_size INTEGER NOT NULL,engine_type INTEGER NOT NULL,index_params TEXT NOT NULL,metric_type INTEGER NOT NULL,owner_table TEXT DEFAULT ('') NOT NULL,partition_tag TEXT DEFAULT ('') NOT NULL,version TEXT DEFAULT ('0.10.4') NOT NULL,flush_lsn INTEGER NOT NULL);
[2021-01-12 14:49:15,832][DEBUG][ENGINE][SqlTransaction][milvus_server] CREATE TABLE IF NOT EXISTS TableFiles(id INTEGER PRIMARY KEY NOT NULL,table_id TEXT NOT NULL,segment_id TEXT DEFAULT ('') NOT NULL,engine_type INTEGER NOT NULL,file_id TEXT NOT NULL,file_type INTEGER NOT NULL,file_size INTEGER DEFAULT (0) NOT NULL,row_count INTEGER DEFAULT (0) NOT NULL,updated_time INTEGER NOT NULL,created_on INTEGER NOT NULL,date INTEGER NOT NULL,flush_lsn INTEGER NOT NULL);
[2021-01-12 14:49:15,833][DEBUG][ENGINE][SqlTransaction][milvus_server] CREATE TABLE IF NOT EXISTS Fields(collection_id TEXT NOT NULL,field_name TEXT NOT NULL,field_type INTEGER NOT NULL,field_params TEXT NOT NULL);
[2021-01-12 14:49:15,834][DEBUG][ENGINE][SqlTransaction][milvus_server] DELETE FROM TableFiles WHERE file_type IN (0,5,6);
[2021-01-12 14:49:15,869][DEBUG][ENGINE][SqlQuery][milvus_server] SELECT id, table_id, dimension, engine_type, index_params, index_file_size, metric_type,owner_table, partition_tag, version, flush_lsn FROM 'Tables' WHERE state <> 1;
[2021-01-12 14:49:15,886][DEBUG][ENGINE][SqlQuery][milvus_server] SELECT id, state, dimension, created_on, flag, index_file_size, engine_type, index_params, metric_type ,owner_table, partition_tag, version, flush_lsn FROM Tables WHERE table_id = 'resnet18_simple' AND state <> 1;
[2021-01-12 14:49:15,887][DEBUG][ENGINE][SqlQuery][milvus_server] SELECT id, table_id, segment_id, file_id, file_type, file_size, row_count, date, engine_type, created_on, updated_time FROM 'TableFiles' WHERE table_id = 'resnet18_simple' AND file_type = 1 ORDER BY row_count DESC;
[2021-01-12 14:49:15,890][DEBUG][ENGINE][SqlQuery][milvus_server] SELECT global_lsn FROM Environment;
[2021-01-12 14:49:15,891][DEBUG][ENGINE][SqlQuery][milvus_server] SELECT id, table_id, dimension, engine_type, index_params, index_file_size, metric_type,owner_table, partition_tag, version, flush_lsn FROM 'Tables' WHERE state <> 1;
[2021-01-12 14:49:15,892][DEBUG][ENGINE][SqlQuery][milvus_server] SELECT table_id, id, state, dimension, created_on, flag, index_file_size, engine_type, index_params, metric_type, partition_tag, version, flush_lsn FROM Tables WHERE owner_table = 'resnet18_simple' AND state <> 1;
[2021-01-12 14:49:15,893][DEBUG][ENGINE][SqlQuery][milvus_server] SELECT table_id, id, state, dimension, created_on, flag, index_file_size, engine_type, index_params, metric_type, partition_tag, version, flush_lsn FROM Tables WHERE owner_table = 'retina_face' AND state <> 1;
[2021-01-12 14:49:15,894][DEBUG][ENGINE][SqlQuery][milvus_server] SELECT id, state, dimension, created_on, flag, index_file_size, engine_type, index_params, metric_type ,owner_table, partition_tag, version, flush_lsn FROM Tables WHERE table_id = 'retina_face' AND state <> 1;
[2021-01-12 14:49:15,895][DEBUG][WAL][Init][milvus_server] start_lsn 4295423956 end_lsn 4295467804
[2021-01-12 14:49:15,896][DEBUG][ENGINE][SqlQuery][milvus_server] SELECT id, table_id, segment_id, file_id, file_type, file_size, row_count, date, engine_type, created_on, updated_time FROM 'TableFiles' WHERE table_id = 'retina_face' AND file_type = 1 ORDER BY row_count DESC;
[2021-01-12 14:49:15,900][DEBUG][ENGINE][SqlQuery][milvus_server] SELECT id, table_id, segment_id, engine_type, file_id, file_type, date FROM TableFiles WHERE file_type IN (4,7) AND updated_time < 1610434145900757;
[2021-01-12 14:49:15,901][DEBUG][ENGINE][SqlQuery][milvus_server] SELECT id, table_id FROM Tables WHERE state = 1;
[2021-01-12 14:49:16,476][DEBUG][ENGINE][SqlQuery][wal_thread] SELECT global_lsn FROM Environment;
[2021-01-12 14:49:16,477][DEBUG][ENGINE][SetGlobalLastLSN][wal_thread] Update global lsn = 0
[2021-01-12 14:49:16,478][DEBUG][ENGINE][SqlQuery][milvus_server] SELECT id, table_id, segment_id, engine_type, file_id, file_type, date FROM TableFiles WHERE file_type IN (4,7) AND updated_time < 1610434146478629;
[2021-01-12 14:49:16,479][DEBUG][ENGINE][SqlQuery][milvus_server] SELECT id, table_id FROM Tables WHERE state = 1;
[2021-01-12 14:49:17,476][DEBUG][ENGINE][SqlQuery][wal_thread] SELECT global_lsn FROM Environment;
[2021-01-12 14:49:17,477][DEBUG][ENGINE][SqlQuery][milvus_server] SELECT id, table_id, segment_id, file_id, file_type, file_size, row_count, date, engine_type, created_on, updated_time FROM 'TableFiles' WHERE file_type = 2;
[2021-01-12 14:49:17,478][DEBUG][ENGINE][SetGlobalLastLSN][wal_thread] Update global lsn = 0
[2021-01-12 14:49:17,478][DEBUG][ENGINE][SqlQuery][milvus_server] SELECT id, table_id, segment_id, engine_type, file_id, file_type, date FROM TableFiles WHERE file_type IN (4,7) AND updated_time < 1610434147478588;
[2021-01-12 14:49:17,479][DEBUG][ENGINE][SqlQuery][milvus_server] SELECT id, table_id FROM Tables WHERE state = 1;
[2021-01-12 14:49:18,477][DEBUG][ENGINE][SqlQuery][milvus_server] SELECT id, table_id, segment_id, file_id, file_type, file_size, row_count, date, engine_type, created_on, updated_time FROM 'TableFiles' WHERE file_type = 2;
[2021-01-12 14:49:18,478][DEBUG][ENGINE][SqlQuery][wal_thread] SELECT global_lsn FROM Environment;
[2021-01-12 14:49:18,479][DEBUG][ENGINE][SetGlobalLastLSN][wal_thread] Update global lsn = 0
[2021-01-12 14:49:18,480][DEBUG][ENGINE][SqlQuery][milvus_server] SELECT id, table_id, segment_id, engine_type, file_id, file_type, date FROM TableFiles WHERE file_type IN (4,7) AND updated_time < 1610434148480096;
[2021-01-12 14:49:18,480][DEBUG][ENGINE][SqlQuery][milvus_server] SELECT id, table_id FROM Tables WHERE state = 1;
[2021-01-12 14:49:19,477][DEBUG][ENGINE][SqlQuery][milvus_server] SELECT id, table_id, segment_id, file_id, file_type, file_size, row_count, date, engine_type, created_on, updated_time FROM 'TableFiles' WHERE file_type = 2;
[2021-01-12 14:49:19,480][DEBUG][ENGINE][SqlQuery][wal_thread] SELECT global_lsn FROM Environment;
[2021-01-12 14:49:19,481][DEBUG][ENGINE][SetGlobalLastLSN][wal_thread] Update global lsn = 0
[2021-01-12 14:49:19,482][DEBUG][ENGINE][SqlQuery][milvus_server] SELECT id, table_id, segment_id, engine_type, file_id, file_type, date FROM TableFiles WHERE file_type IN (4,7) AND updated_time < 1610434149482050;
[2021-01-12 14:49:19,482][DEBUG][ENGINE][SqlQuery][milvus_server] SELECT id, table_id FROM Tables WHERE state = 1;
[2021-01-12 14:49:20,477][DEBUG][ENGINE][SqlQuery][milvus_server] SELECT id, table_id, segment_id, file_id, file_type, file_size, row_count, date, engine_type, created_on, updated_time FROM 'TableFiles' WHERE file_type = 2;
[2021-01-12 14:49:20,482][DEBUG][ENGINE][SqlQuery][wal_thread] SELECT global_lsn FROM Environment;
[2021-01-12 14:49:20,483][DEBUG][ENGINE][SetGlobalLastLSN][wal_thread] Update global lsn = 0
[2021-01-12 14:49:20,484][DEBUG][ENGINE][SqlQuery][milvus_server] SELECT id, table_id, segment_id, engine_type, file_id, file_type, date FROM TableFiles WHERE file_type IN (4,7) AND updated_time < 1610434150484466;
[2021-01-12 14:49:20,485][DEBUG][ENGINE][SqlQuery][milvus_server] SELECT id, table_id FROM Tables WHERE state = 1;
[2021-01-12 14:49:21,478][DEBUG][ENGINE][SqlQuery][milvus_server] SELECT id, table_id, segment_id, file_id, file_type, file_size, row_count, date, engine_type, created_on, updated_time FROM 'TableFiles' WHERE file_type = 2;
[2021-01-12 14:49:21,484][DEBUG][ENGINE][SqlQuery][wal_thread] SELECT global_lsn FROM Environment;
[2021-01-12 14:49:21,486][DEBUG][ENGINE][SetGlobalLastLSN][wal_thread] Update global lsn = 0
[2021-01-12 14:49:21,487][DEBUG][ENGINE][SqlQuery][milvus_server] SELECT id, table_id, segment_id, engine_type, file_id, file_type, date FROM TableFiles WHERE file_type IN (4,7) AND updated_time < 1610434151487499;
[2021-01-12 14:49:21,488][DEBUG][ENGINE][SqlQuery][milvus_server] SELECT id, table_id FROM Tables WHERE state = 1;
[2021-01-12 14:49:22,478][DEBUG][ENGINE][SqlQuery][milvus_server] SELECT id, table_id, segment_id, file_id, file_type, file_size, row_count, date, engine_type, created_on, updated_time FROM 'TableFiles' WHERE file_type = 2;
[2021-01-12 14:49:22,487][DEBUG][ENGINE][SqlQuery][wal_thread] SELECT global_lsn FROM Environment;
[2021-01-12 14:49:22,488][DEBUG][ENGINE][SetGlobalLastLSN][wal_thread] Update global lsn = 0
[2021-01-12 14:49:22,489][DEBUG][ENGINE][SqlQuery][milvus_server] SELECT id, table_id, segment_id, engine_type, file_id, file_type, date FROM TableFiles WHERE file_type IN (4,7) AND updated_time < 1610434152489858;
[2021-01-12 14:49:22,490][DEBUG][ENGINE][SqlQuery][milvus_server] SELECT id, table_id FROM Tables WHERE state = 1;
[2021-01-12 14:49:23,478][DEBUG][ENGINE][SqlQuery][milvus_server] SELECT id, table_id, segment_id, file_id, file_type, file_size, row_count, date, engine_type, created_on, updated_time FROM 'TableFiles' WHERE file_type = 2;
[2021-01-12 14:49:23,490][DEBUG][ENGINE][SqlQuery][wal_thread] SELECT global_lsn FROM Environment;
[2021-01-12 14:49:23,490][DEBUG][ENGINE][SetGlobalLastLSN][wal_thread] Update global lsn = 0
[2021-01-12 14:49:23,491][DEBUG][ENGINE][SqlQuery][milvus_server] SELECT id, table_id, segment_id, engine_type, file_id, file_type, date FROM TableFiles WHERE file_type IN (4,7) AND updated_time < 1610434153491069;
[2021-01-12 14:49:23,491][DEBUG][ENGINE][SqlQuery][milvus_server] SELECT id, table_id FROM Tables WHERE state = 1;
[2021-01-12 14:49:24,479][DEBUG][ENGINE][SqlQuery][milvus_server] SELECT id, table_id, segment_id, file_id, file_type, file_size, row_count, date, engine_type, created_on, updated_time FROM 'TableFiles' WHERE file_type = 2;
[2021-01-12 14:49:24,495][DEBUG][ENGINE][SqlQuery][wal_thread] SELECT global_lsn FROM Environment;
[2021-01-12 14:49:24,497][DEBUG][ENGINE][SetGlobalLastLSN][wal_thread] Update global lsn = 0
[2021-01-12 14:49:24,498][DEBUG][ENGINE][SqlQuery][milvus_server] SELECT id, table_id, segment_id, engine_type, file_id, file_type, date FROM TableFiles WHERE file_type IN (4,7) AND updated_time < 1610434154497974;
[2021-01-12 14:49:24,498][DEBUG][ENGINE][SqlQuery][milvus_server] SELECT id, table_id FROM Tables WHERE state = 1;
[2021-01-12 14:49:25,479][DEBUG][ENGINE][SqlQuery][milvus_server] SELECT id, table_id, segment_id, file_id, file_type, file_size, row_count, date, engine_type, created_on, updated_time FROM 'TableFiles' WHERE file_type = 2;
[2021-01-12 14:49:25,498][DEBUG][ENGINE][SqlQuery][wal_thread] SELECT global_lsn FROM Environment;
[2021-01-12 14:49:25,499][DEBUG][ENGINE][SetGlobalLastLSN][wal_thread] Update global lsn = 0
[2021-01-12 14:49:25,500][DEBUG][ENGINE][SqlQuery][milvus_server] SELECT id, table_id, segment_id, engine_type, file_id, file_type, date FROM TableFiles WHERE file_type IN (4,7) AND updated_time < 1610434155500023;
[2021-01-12 14:49:25,500][DEBUG][ENGINE][SqlQuery][milvus_server] SELECT id, table_id FROM Tables WHERE state = 1;
[2021-01-12 14:49:26,479][DEBUG][ENGINE][SqlQuery][milvus_server] SELECT id, table_id, segment_id, file_id, file_type, file_size, row_count, date, engine_type, created_on, updated_time FROM 'TableFiles' WHERE file_type = 2;
[2021-01-12 14:49:26,500][DEBUG][ENGINE][SqlQuery][wal_thread] SELECT global_lsn FROM Environment;
[2021-01-12 14:49:26,500][DEBUG][ENGINE][SetGlobalLastLSN][wal_thread] Update global lsn = 0
[2021-01-12 14:49:26,501][DEBUG][ENGINE][SqlQuery][milvus_server] SELECT id, table_id, segment_id, engine_type, file_id, file_type, date FROM TableFiles WHERE file_type IN (4,7) AND updated_time < 1610434156501276;
[2021-01-12 14:49:26,501][DEBUG][ENGINE][SqlQuery][milvus_server] SELECT id, table_id FROM Tables WHERE state = 1;
[2021-01-12 14:49:27,480][DEBUG][ENGINE][SqlQuery][milvus_server] SELECT id, table_id, segment_id, file_id, file_type, file_size, row_count, date, engine_type, created_on, updated_time FROM 'TableFiles' WHERE file_type = 2;
[2021-01-12 14:49:27,501][DEBUG][ENGINE][SqlQuery][wal_thread] SELECT global_lsn FROM Environment;
[2021-01-12 14:49:27,502][DEBUG][ENGINE][SetGlobalLastLSN][wal_thread] Update global lsn = 0
[2021-01-12 14:49:27,503][DEBUG][ENGINE][SqlQuery][milvus_server] SELECT id, table_id, segment_id, engine_type, file_id, file_type, date FROM TableFiles WHERE file_type IN (4,7) AND updated_time < 1610434157503901;
[2021-01-12 14:49:27,504][DEBUG][ENGINE][SqlQuery][milvus_server] SELECT id, table_id FROM Tables WHERE state = 1;
[2021-01-12 14:49:28,480][DEBUG][ENGINE][SqlQuery][milvus_server] SELECT id, table_id, segment_id, file_id, file_type, file_size, row_count, date, engine_type, created_on, updated_time FROM 'TableFiles' WHERE file_type = 2;
[2021-01-12 14:49:28,504][DEBUG][ENGINE][SqlQuery][wal_thread] SELECT global_lsn FROM Environment;
[2021-01-12 14:49:28,504][DEBUG][ENGINE][SetGlobalLastLSN][wal_thread] Update global lsn = 0
[2021-01-12 14:49:28,505][DEBUG][ENGINE][SqlQuery][milvus_server] SELECT id, table_id, segment_id, engine_type, file_id, file_type, date FROM TableFiles WHERE file_type IN (4,7) AND updated_time < 1610434158505528;
[2021-01-12 14:49:28,506][DEBUG][ENGINE][SqlQuery][milvus_server] SELECT id, table_id FROM Tables WHERE state = 1;
[2021-01-12 14:49:29,480][DEBUG][ENGINE][SqlQuery][milvus_server] SELECT id, table_id, segment_id, file_id, file_type, file_size, row_count, date, engine_type, created_on, updated_time FROM 'TableFiles' WHERE file_type = 2;
[2021-01-12 14:49:29,505][DEBUG][ENGINE][SqlQuery][wal_thread] SELECT global_lsn FROM Environment;
[2021-01-12 14:49:29,506][DEBUG][ENGINE][SetGlobalLastLSN][wal_thread] Update global lsn = 0
[2021-01-12 14:49:29,507][DEBUG][ENGINE][SqlQuery][milvus_server] SELECT id, table_id, segment_id, engine_type, file_id, file_type, date FROM TableFiles WHERE file_type IN (4,7) AND updated_time < 1610434159507218;
[2021-01-12 14:49:29,507][DEBUG][ENGINE][SqlQuery][milvus_server] SELECT id, table_id FROM Tables WHERE state = 1;
[2021-01-12 14:49:30,480][DEBUG][ENGINE][SqlQuery][milvus_server] SELECT id, table_id, segment_id, file_id, file_type, file_size, row_count, date, engine_type, created_on, updated_time FROM 'TableFiles' WHERE file_type = 2;
[2021-01-12 14:49:30,507][DEBUG][ENGINE][SqlQuery][wal_thread] SELECT global_lsn FROM Environment;
[2021-01-12 14:49:30,508][DEBUG][ENGINE][SetGlobalLastLSN][wal_thread] Update global lsn = 0
[2021-01-12 14:49:30,508][DEBUG][ENGINE][SqlQuery][milvus_server] SELECT id, table_id, segment_id, engine_type, file_id, file_type, date FROM TableFiles WHERE file_type IN (4,7) AND updated_time < 1610434160508709;
[2021-01-12 14:49:30,509][DEBUG][ENGINE][SqlQuery][milvus_server] SELECT id, table_id FROM Tables WHERE state = 1;
[2021-01-12 14:49:31,480][DEBUG][ENGINE][SqlQuery][milvus_server] SELECT id, table_id, segment_id, file_id, file_type, file_size, row_count, date, engine_type, created_on, updated_time FROM 'TableFiles' WHERE file_type = 2;
[2021-01-12 14:49:31,508][DEBUG][ENGINE][SqlQuery][wal_thread] SELECT global_lsn FROM Environment;
[2021-01-12 14:49:31,509][DEBUG][ENGINE][SetGlobalLastLSN][wal_thread] Update global lsn = 0
[2021-01-12 14:49:31,509][DEBUG][ENGINE][SqlQuery][milvus_server] SELECT id, table_id, segment_id, engine_type, file_id, file_type, date FROM TableFiles WHERE file_type IN (4,7) AND updated_time < 1610434161509843;
[2021-01-12 14:49:31,510][DEBUG][ENGINE][SqlQuery][milvus_server] SELECT id, table_id FROM Tables WHERE state = 1;
[2021-01-12 14:49:32,480][DEBUG][ENGINE][SqlQuery][milvus_server] SELECT id, table_id, segment_id, file_id, file_type, file_size, row_count, date, engine_type, created_on, updated_time FROM 'TableFiles' WHERE file_type = 2;
[2021-01-12 14:49:32,510][DEBUG][ENGINE][SqlQuery][wal_thread] SELECT global_lsn FROM Environment;
[2021-01-12 14:49:32,510][DEBUG][ENGINE][SetGlobalLastLSN][wal_thread] Update global lsn = 0
[2021-01-12 14:49:32,511][DEBUG][ENGINE][SqlQuery][milvus_server] SELECT id, table_id, segment_id, engine_type, file_id, file_type, date FROM TableFiles WHERE file_type IN (4,7) AND updated_time < 1610434162511233;
[2021-01-12 14:49:32,511][DEBUG][ENGINE][SqlQuery][milvus_server] SELECT id, table_id FROM Tables WHERE state = 1;
[2021-01-12 14:49:33,481][DEBUG][ENGINE][SqlQuery][milvus_server] SELECT id, table_id, segment_id, file_id, file_type, file_size, row_count, date, engine_type, created_on, updated_time FROM 'TableFiles' WHERE file_type = 2;
[2021-01-12 14:49:33,511][DEBUG][ENGINE][SqlQuery][wal_thread] SELECT global_lsn FROM Environment;
[2021-01-12 14:49:33,513][DEBUG][ENGINE][SetGlobalLastLSN][wal_thread] Update global lsn = 0
[2021-01-12 14:49:33,514][DEBUG][ENGINE][SqlQuery][milvus_server] SELECT id, table_id, segment_id, engine_type, file_id, file_type, date FROM TableFiles WHERE file_type IN (4,7) AND updated_time < 1610434163514411;
[2021-01-12 14:49:33,515][DEBUG][ENGINE][SqlQuery][milvus_server] SELECT id, table_id FROM Tables WHERE state = 1;
[2021-01-12 14:49:34,481][DEBUG][ENGINE][SqlQuery][milvus_server] SELECT id, table_id, segment_id, file_id, file_type, file_size, row_count, date, engine_type, created_on, updated_time FROM 'TableFiles' WHERE file_type = 2;
[2021-01-12 14:49:34,514][DEBUG][ENGINE][SqlQuery][wal_thread] SELECT global_lsn FROM Environment;
[2021-01-12 14:49:34,515][DEBUG][ENGINE][SetGlobalLastLSN][wal_thread] Update global lsn = 0
[2021-01-12 14:49:34,515][DEBUG][ENGINE][SqlQuery][milvus_server] SELECT id, table_id, segment_id, engine_type, file_id, file_type, date FROM TableFiles WHERE file_type IN (4,7) AND updated_time < 1610434164515543;
[2021-01-12 14:49:34,515][DEBUG][ENGINE][SqlQuery][milvus_server] SELECT id, table_id FROM Tables WHERE state = 1;
[2021-01-12 14:49:35,481][DEBUG][ENGINE][SqlQuery][milvus_server] SELECT id, table_id, segment_id, file_id, file_type, file_size, row_count, date, engine_type, created_on, updated_time FROM 'TableFiles' WHERE file_type = 2;
[2021-01-12 14:49:35,515][DEBUG][ENGINE][SqlQuery][wal_thread] SELECT global_lsn FROM Environment;
[2021-01-12 14:49:35,516][DEBUG][ENGINE][SetGlobalLastLSN][wal_thread] Update global lsn = 0
[2021-01-12 14:49:35,516][DEBUG][ENGINE][SqlQuery][milvus_server] SELECT id, table_id, segment_id, engine_type, file_id, file_type, date FROM TableFiles WHERE file_type IN (4,7) AND updated_time < 1610434165516538;
[2021-01-12 14:49:35,516][DEBUG][ENGINE][SqlQuery][milvus_server] SELECT id, table_id FROM Tables WHERE state = 1;
[2021-01-12 14:49:35,529][DEBUG][SERVER][OnPostRecvInitialMetaData][grpcpp_sync_ser] milvus generate request_id: 0
[2021-01-12 14:49:35,530][DEBUG][SERVER][PrintTimeRecord][reqsched_thread] CmdRequest(cmd=version): totally cost (0.000001 second [0.000700 ms])
[2021-01-12 14:49:35,532][DEBUG][SERVER][OnPostRecvInitialMetaData][grpcpp_sync_ser] milvus generate request_id: 1
[2021-01-12 14:49:35,549][DEBUG][ENGINE][SqlQuery][reqsched_thread] SELECT id FROM Tables WHERE table_id = 'retina_face' AND state <> 1 AND owner_table = '';
[2021-01-12 14:49:35,550][DEBUG][SERVER][PrintTimeRecord][reqsched_thread] HasCollectionRequest(collection=retina_face): totally cost (0.000816 second [0.815700 ms])
[2021-01-12 14:49:36,481][DEBUG][ENGINE][SqlQuery][milvus_server] SELECT id, table_id, segment_id, file_id, file_type, file_size, row_count, date, engine_type, created_on, updated_time FROM 'TableFiles' WHERE file_type = 2;
[2021-01-12 14:49:36,516][DEBUG][ENGINE][SqlQuery][wal_thread] SELECT global_lsn FROM Environment;
[2021-01-12 14:49:36,517][DEBUG][ENGINE][SetGlobalLastLSN][wal_thread] Update global lsn = 0
[2021-01-12 14:49:36,518][DEBUG][ENGINE][SqlQuery][milvus_server] SELECT id, table_id, segment_id, engine_type, file_id, file_type, date FROM TableFiles WHERE file_type IN (4,7) AND updated_time < 1610434166518231;
[2021-01-12 14:49:36,518][DEBUG][ENGINE][SqlQuery][milvus_server] SELECT id, table_id FROM Tables WHERE state = 1;
[2021-01-12 14:49:37,481][DEBUG][ENGINE][SqlQuery][milvus_server] SELECT id, table_id, segment_id, file_id, file_type, file_size, row_count, date, engine_type, created_on, updated_time FROM 'TableFiles' WHERE file_type = 2;
[2021-01-12 14:49:37,518][DEBUG][ENGINE][SqlQuery][wal_thread] SELECT global_lsn FROM Environment;
[2021-01-12 14:49:37,520][DEBUG][ENGINE][SetGlobalLastLSN][wal_thread] Update global lsn = 0
[2021-01-12 14:49:37,521][DEBUG][ENGINE][SqlQuery][milvus_server] SELECT id, table_id, segment_id, engine_type, file_id, file_type, date FROM TableFiles WHERE file_type IN (4,7) AND updated_time < 1610434167521427;
[2021-01-12 14:49:37,523][DEBUG][ENGINE][SqlQuery][milvus_server] SELECT id, table_id FROM Tables WHERE state = 1;
[2021-01-12 14:49:38,482][DEBUG][ENGINE][SqlQuery][milvus_server] SELECT id, table_id, segment_id, file_id, file_type, file_size, row_count, date, engine_type, created_on, updated_time FROM 'TableFiles' WHERE file_type = 2;
[2021-01-12 14:49:38,521][DEBUG][ENGINE][SqlQuery][wal_thread] SELECT global_lsn FROM Environment;
[2021-01-12 14:49:38,522][DEBUG][ENGINE][SetGlobalLastLSN][wal_thread] Update global lsn = 0
[2021-01-12 14:49:38,522][DEBUG][ENGINE][SqlQuery][milvus_server] SELECT id, table_id, segment_id, engine_type, file_id, file_type, date FROM TableFiles WHERE file_type IN (4,7) AND updated_time < 1610434168522972;
[2021-01-12 14:49:38,523][DEBUG][ENGINE][SqlQuery][milvus_server] SELECT id, table_id FROM Tables WHERE state = 1;
[2021-01-12 14:49:39,482][DEBUG][ENGINE][SqlQuery][milvus_server] SELECT id, table_id, segment_id, file_id, file_type, file_size, row_count, date, engine_type, created_on, updated_time FROM 'TableFiles' WHERE file_type = 2;
[2021-01-12 14:49:39,523][DEBUG][ENGINE][SqlQuery][wal_thread] SELECT global_lsn FROM Environment;
[2021-01-12 14:49:39,525][DEBUG][ENGINE][SetGlobalLastLSN][wal_thread] Update global lsn = 0
[2021-01-12 14:49:39,526][DEBUG][ENGINE][SqlQuery][milvus_server] SELECT id, table_id, segment_id, engine_type, file_id, file_type, date FROM TableFiles WHERE file_type IN (4,7) AND updated_time < 1610434169526811;
[2021-01-12 14:49:39,528][DEBUG][ENGINE][SqlQuery][milvus_server] SELECT id, table_id FROM Tables WHERE state = 1;
[2021-01-12 14:49:40,482][DEBUG][ENGINE][SqlQuery][milvus_server] SELECT id, table_id, segment_id, file_id, file_type, file_size, row_count, date, engine_type, created_on, updated_time FROM 'TableFiles' WHERE file_type = 2;
[2021-01-12 14:49:40,526][DEBUG][ENGINE][SqlQuery][wal_thread] SELECT global_lsn FROM Environment;
[2021-01-12 14:49:40,527][DEBUG][ENGINE][SetGlobalLastLSN][wal_thread] Update global lsn = 0
[2021-01-12 14:49:40,527][DEBUG][ENGINE][SqlQuery][milvus_server] SELECT id, table_id, segment_id, engine_type, file_id, file_type, date FROM TableFiles WHERE file_type IN (4,7) AND updated_time < 1610434170527799;
[2021-01-12 14:49:40,528][DEBUG][ENGINE][SqlQuery][milvus_server] SELECT id, table_id FROM Tables WHERE state = 1;
[2021-01-12 14:49:41,482][DEBUG][ENGINE][SqlQuery][milvus_server] SELECT id, table_id, segment_id, file_id, file_type, file_size, row_count, date, engine_type, created_on, updated_time FROM 'TableFiles' WHERE file_type = 2;
[2021-01-12 14:49:41,527][DEBUG][ENGINE][SqlQuery][wal_thread] SELECT global_lsn FROM Environment;
[2021-01-12 14:49:41,528][DEBUG][ENGINE][SetGlobalLastLSN][wal_thread] Update global lsn = 0
[2021-01-12 14:49:41,528][DEBUG][ENGINE][SqlQuery][milvus_server] SELECT id, table_id, segment_id, engine_type, file_id, file_type, date FROM TableFiles WHERE file_type IN (4,7) AND updated_time < 1610434171528804;
[2021-01-12 14:49:41,529][DEBUG][ENGINE][SqlQuery][milvus_server] SELECT id, table_id FROM Tables WHERE state = 1;
[2021-01-12 14:49:42,482][DEBUG][ENGINE][SqlQuery][milvus_server] SELECT id, table_id, segment_id, file_id, file_type, file_size, row_count, date, engine_type, created_on, updated_time FROM 'TableFiles' WHERE file_type = 2;
[2021-01-12 14:49:42,529][DEBUG][ENGINE][SqlQuery][wal_thread] SELECT global_lsn FROM Environment;
[2021-01-12 14:49:42,530][DEBUG][ENGINE][SetGlobalLastLSN][wal_thread] Update global lsn = 0
[2021-01-12 14:49:42,531][DEBUG][ENGINE][SqlQuery][milvus_server] SELECT id, table_id, segment_id, engine_type, file_id, file_type, date FROM TableFiles WHERE file_type IN (4,7) AND updated_time < 1610434172531223;
[2021-01-12 14:49:42,531][DEBUG][ENGINE][SqlQuery][milvus_server] SELECT id, table_id FROM Tables WHERE state = 1;
[2021-01-12 14:49:43,483][DEBUG][ENGINE][SqlQuery][milvus_server] SELECT id, table_id, segment_id, file_id, file_type, file_size, row_count, date, engine_type, created_on, updated_time FROM 'TableFiles' WHERE file_type = 2;
[2021-01-12 14:49:43,531][DEBUG][ENGINE][SqlQuery][wal_thread] SELECT global_lsn FROM Environment;
[2021-01-12 14:49:43,532][DEBUG][ENGINE][SetGlobalLastLSN][wal_thread] Update global lsn = 0
[2021-01-12 14:49:43,533][DEBUG][ENGINE][SqlQuery][milvus_server] SELECT id, table_id, segment_id, engine_type, file_id, file_type, date FROM TableFiles WHERE file_type IN (4,7) AND updated_time < 1610434173533084;
[2021-01-12 14:49:43,533][DEBUG][ENGINE][SqlQuery][milvus_server] SELECT id, table_id FROM Tables WHERE state = 1;
[2021-01-12 14:49:44,483][DEBUG][ENGINE][SqlQuery][milvus_server] SELECT id, table_id, segment_id, file_id, file_type, file_size, row_count, date, engine_type, created_on, updated_time FROM 'TableFiles' WHERE file_type = 2;
[2021-01-12 14:49:44,533][DEBUG][ENGINE][SqlQuery][wal_thread] SELECT global_lsn FROM Environment;
[2021-01-12 14:49:44,535][DEBUG][ENGINE][SetGlobalLastLSN][wal_thread] Update global lsn = 0
[2021-01-12 14:49:44,536][DEBUG][ENGINE][SqlQuery][milvus_server] SELECT id, table_id, segment_id, engine_type, file_id, file_type, date FROM TableFiles WHERE file_type IN (4,7) AND updated_time < 1610434174536680;
[2021-01-12 14:49:44,538][DEBUG][ENGINE][SqlQuery][milvus_server] SELECT id, table_id FROM Tables WHERE state = 1;
[2021-01-12 14:49:45,483][DEBUG][ENGINE][SqlQuery][milvus_server] SELECT id, table_id, segment_id, file_id, file_type, file_size, row_count, date, engine_type, created_on, updated_time FROM 'TableFiles' WHERE file_type = 2;
[2021-01-12 14:49:45,536][DEBUG][ENGINE][SqlQuery][wal_thread] SELECT global_lsn FROM Environment;
[2021-01-12 14:49:45,537][DEBUG][ENGINE][SetGlobalLastLSN][wal_thread] Update global lsn = 0
[2021-01-12 14:49:45,537][DEBUG][ENGINE][SqlQuery][milvus_server] SELECT id, table_id, segment_id, engine_type, file_id, file_type, date FROM TableFiles WHERE file_type IN (4,7) AND updated_time < 1610434175537858;
[2021-01-12 14:49:45,538][DEBUG][ENGINE][SqlQuery][milvus_server] SELECT id, table_id FROM Tables WHERE state = 1;
[2021-01-12 14:49:46,483][DEBUG][ENGINE][SqlQuery][milvus_server] SELECT id, table_id, segment_id, file_id, file_type, file_size, row_count, date, engine_type, created_on, updated_time FROM 'TableFiles' WHERE file_type = 2;
[2021-01-12 14:49:46,538][DEBUG][ENGINE][SqlQuery][wal_thread] SELECT global_lsn FROM Environment;
[2021-01-12 14:49:46,538][DEBUG][ENGINE][SetGlobalLastLSN][wal_thread] Update global lsn = 0
[2021-01-12 14:49:46,538][DEBUG][ENGINE][SqlQuery][milvus_server] SELECT id, table_id, segment_id, engine_type, file_id, file_type, date FROM TableFiles WHERE file_type IN (4,7) AND updated_time < 1610434176538850;
[2021-01-12 14:49:46,539][DEBUG][ENGINE][SqlQuery][milvus_server] SELECT id, table_id FROM Tables WHERE state = 1;
[2021-01-12 14:49:47,484][DEBUG][ENGINE][SqlQuery][milvus_server] SELECT id, table_id, segment_id, file_id, file_type, file_size, row_count, date, engine_type, created_on, updated_time FROM 'TableFiles' WHERE file_type = 2;
[2021-01-12 14:49:47,538][DEBUG][ENGINE][SqlQuery][wal_thread] SELECT global_lsn FROM Environment;
[2021-01-12 14:49:47,539][DEBUG][ENGINE][SetGlobalLastLSN][wal_thread] Update global lsn = 0
[2021-01-12 14:49:47,540][DEBUG][ENGINE][SqlQuery][milvus_server] SELECT id, table_id, segment_id, engine_type, file_id, file_type, date FROM TableFiles WHERE file_type IN (4,7) AND updated_time < 1610434177540401;
[2021-01-12 14:49:47,540][DEBUG][ENGINE][SqlQuery][milvus_server] SELECT id, table_id FROM Tables WHERE state = 1;
[2021-01-12 14:49:48,484][DEBUG][ENGINE][SqlQuery][milvus_server] SELECT id, table_id, segment_id, file_id, file_type, file_size, row_count, date, engine_type, created_on, updated_time FROM 'TableFiles' WHERE file_type = 2;
[2021-01-12 14:49:48,540][DEBUG][ENGINE][SqlQuery][wal_thread] SELECT global_lsn FROM Environment;
[2021-01-12 14:49:48,541][DEBUG][ENGINE][SetGlobalLastLSN][wal_thread] Update global lsn = 0
[2021-01-12 14:49:48,541][DEBUG][ENGINE][SqlQuery][milvus_server] SELECT id, table_id, segment_id, engine_type, file_id, file_type, date FROM TableFiles WHERE file_type IN (4,7) AND updated_time < 1610434178541728;
[2021-01-12 14:49:48,542][DEBUG][ENGINE][SqlQuery][milvus_server] SELECT id, table_id FROM Tables WHERE state = 1;
[2021-01-12 14:49:49,484][DEBUG][ENGINE][SqlQuery][milvus_server] SELECT id, table_id, segment_id, file_id, file_type, file_size, row_count, date, engine_type, created_on, updated_time FROM 'TableFiles' WHERE file_type = 2;
[2021-01-12 14:49:49,541][DEBUG][ENGINE][SqlQuery][wal_thread] SELECT global_lsn FROM Environment;
[2021-01-12 14:49:49,542][DEBUG][ENGINE][SetGlobalLastLSN][wal_thread] Update global lsn = 0
[2021-01-12 14:49:49,543][DEBUG][ENGINE][SqlQuery][milvus_server] SELECT id, table_id, segment_id, engine_type, file_id, file_type, date FROM TableFiles WHERE file_type IN (4,7) AND updated_time < 1610434179543136;
[2021-01-12 14:49:49,543][DEBUG][ENGINE][SqlQuery][milvus_server] SELECT id, table_id FROM Tables WHERE state = 1;
[2021-01-12 14:49:50,484][DEBUG][ENGINE][SqlQuery][milvus_server] SELECT id, table_id, segment_id, file_id, file_type, file_size, row_count, date, engine_type, created_on, updated_time FROM 'TableFiles' WHERE file_type = 2;
[2021-01-12 14:49:50,543][DEBUG][ENGINE][SqlQuery][wal_thread] SELECT global_lsn FROM Environment;
[2021-01-12 14:49:50,546][DEBUG][ENGINE][SetGlobalLastLSN][wal_thread] Update global lsn = 0
[2021-01-12 14:49:50,549][DEBUG][ENGINE][SqlQuery][milvus_server] SELECT id, table_id, segment_id, engine_type, file_id, file_type, date FROM TableFiles WHERE file_type IN (4,7) AND updated_time < 1610434180549219;
[2021-01-12 14:49:50,551][DEBUG][ENGINE][SqlQuery][milvus_server] SELECT id, table_id FROM Tables WHERE state = 1;
[2021-01-12 14:49:51,485][DEBUG][ENGINE][SqlQuery][milvus_server] SELECT id, table_id, segment_id, file_id, file_type, file_size, row_count, date, engine_type, created_on, updated_time FROM 'TableFiles' WHERE file_type = 2;
[2021-01-12 14:49:51,549][DEBUG][ENGINE][SqlQuery][wal_thread] SELECT global_lsn FROM Environment;
[2021-01-12 14:49:51,550][DEBUG][ENGINE][SetGlobalLastLSN][wal_thread] Update global lsn = 0
[2021-01-12 14:49:51,553][DEBUG][ENGINE][SqlQuery][milvus_server] SELECT id, table_id, segment_id, engine_type, file_id, file_type, date FROM TableFiles WHERE file_type IN (4,7) AND updated_time < 1610434181553157;
[2021-01-12 14:49:51,554][DEBUG][ENGINE][SqlQuery][milvus_server] SELECT id, table_id FROM Tables WHERE state = 1;
[2021-01-12 14:49:52,485][DEBUG][ENGINE][SqlQuery][milvus_server] SELECT id, table_id, segment_id, file_id, file_type, file_size, row_count, date, engine_type, created_on, updated_time FROM 'TableFiles' WHERE file_type = 2;
[2021-01-12 14:49:52,553][DEBUG][ENGINE][SqlQuery][wal_thread] SELECT global_lsn FROM Environment;
[2021-01-12 14:49:52,554][DEBUG][ENGINE][SetGlobalLastLSN][wal_thread] Update global lsn = 0
[2021-01-12 14:49:52,554][DEBUG][ENGINE][SqlQuery][milvus_server] SELECT id, table_id, segment_id, engine_type, file_id, file_type, date FROM TableFiles WHERE file_type IN (4,7) AND updated_time < 1610434182554779;
[2021-01-12 14:49:52,555][DEBUG][ENGINE][SqlQuery][milvus_server] SELECT id, table_id FROM Tables WHERE state = 1;
[2021-01-12 14:49:53,485][DEBUG][ENGINE][SqlQuery][milvus_server] SELECT id, table_id, segment_id, file_id, file_type, file_size, row_count, date, engine_type, created_on, updated_time FROM 'TableFiles' WHERE file_type = 2;
[2021-01-12 14:49:53,555][DEBUG][ENGINE][SqlQuery][wal_thread] SELECT global_lsn FROM Environment;
[2021-01-12 14:49:53,555][DEBUG][ENGINE][SetGlobalLastLSN][wal_thread] Update global lsn = 0
[2021-01-12 14:49:53,556][DEBUG][ENGINE][SqlQuery][milvus_server] SELECT id, table_id, segment_id, engine_type, file_id, file_type, date FROM TableFiles WHERE file_type IN (4,7) AND updated_time < 1610434183556446;
[2021-01-12 14:49:53,557][DEBUG][ENGINE][SqlQuery][milvus_server] SELECT id, table_id FROM Tables WHERE state = 1;
[2021-01-12 14:49:54,486][DEBUG][ENGINE][SqlQuery][milvus_server] SELECT id, table_id, segment_id, file_id, file_type, file_size, row_count, date, engine_type, created_on, updated_time FROM 'TableFiles' WHERE file_type = 2;
[2021-01-12 14:49:54,556][DEBUG][ENGINE][SqlQuery][wal_thread] SELECT global_lsn FROM Environment;
[2021-01-12 14:49:54,557][DEBUG][ENGINE][SetGlobalLastLSN][wal_thread] Update global lsn = 0
[2021-01-12 14:49:54,557][DEBUG][ENGINE][SqlQuery][milvus_server] SELECT id, table_id, segment_id, engine_type, file_id, file_type, date FROM TableFiles WHERE file_type IN (4,7) AND updated_time < 1610434184557730;
[2021-01-12 14:49:54,558][DEBUG][ENGINE][SqlQuery][milvus_server] SELECT id, table_id FROM Tables WHERE state = 1;
[2021-01-12 14:49:55,486][DEBUG][ENGINE][SqlQuery][milvus_server] SELECT id, table_id, segment_id, file_id, file_type, file_size, row_count, date, engine_type, created_on, updated_time FROM 'TableFiles' WHERE file_type = 2;
[2021-01-12 14:49:55,557][DEBUG][ENGINE][SqlQuery][wal_thread] SELECT global_lsn FROM Environment;
[2021-01-12 14:49:55,558][DEBUG][ENGINE][SetGlobalLastLSN][wal_thread] Update global lsn = 0
[2021-01-12 14:49:55,558][DEBUG][ENGINE][SqlQuery][milvus_server] SELECT id, table_id, segment_id, engine_type, file_id, file_type, date FROM TableFiles WHERE file_type IN (4,7) AND updated_time < 1610434185558919;
[2021-01-12 14:49:55,559][DEBUG][ENGINE][SqlQuery][milvus_server] SELECT id, table_id FROM Tables WHERE state = 1;
[2021-01-12 14:49:56,486][DEBUG][ENGINE][SqlQuery][milvus_server] SELECT id, table_id, segment_id, file_id, file_type, file_size, row_count, date, engine_type, created_on, updated_time FROM 'TableFiles' WHERE file_type = 2;
[2021-01-12 14:49:56,558][DEBUG][ENGINE][SqlQuery][wal_thread] SELECT global_lsn FROM Environment;
[2021-01-12 14:49:56,559][DEBUG][ENGINE][SetGlobalLastLSN][wal_thread] Update global lsn = 0
[2021-01-12 14:49:56,559][DEBUG][ENGINE][SqlQuery][milvus_server] SELECT id, table_id, segment_id, engine_type, file_id, file_type, date FROM TableFiles WHERE file_type IN (4,7) AND updated_time < 1610434186559973;
[2021-01-12 14:49:56,560][DEBUG][ENGINE][SqlQuery][milvus_server] SELECT id, table_id FROM Tables WHERE state = 1;
[2021-01-12 14:49:56,732][DEBUG][SERVER][OnPostRecvInitialMetaData][grpcpp_sync_ser] milvus generate request_id: 2
[2021-01-12 14:49:56,733][DEBUG][SERVER][PrintTimeRecord][reqsched_thread] CmdRequest(cmd=version): totally cost (0.000001 second [0.001200 ms])
[2021-01-12 14:49:56,735][DEBUG][SERVER][OnPostRecvInitialMetaData][grpcpp_sync_ser] milvus generate request_id: 3
[2021-01-12 14:49:56,736][DEBUG][ENGINE][SqlQuery][reqsched_thread] SELECT id FROM Tables WHERE table_id = 'retina_face' AND state <> 1 AND owner_table = '';
[2021-01-12 14:49:56,737][DEBUG][SERVER][PrintTimeRecord][reqsched_thread] HasCollectionRequest(collection=retina_face): totally cost (0.000518 second [0.518100 ms])
[2021-01-12 14:49:57,486][DEBUG][ENGINE][SqlQuery][milvus_server] SELECT id, table_id, segment_id, file_id, file_type, file_size, row_count, date, engine_type, created_on, updated_time FROM 'TableFiles' WHERE file_type = 2;
[2021-01-12 14:49:57,560][DEBUG][ENGINE][SqlQuery][wal_thread] SELECT global_lsn FROM Environment;
[2021-01-12 14:49:57,560][DEBUG][ENGINE][SetGlobalLastLSN][wal_thread] Update global lsn = 0
[2021-01-12 14:49:57,561][DEBUG][ENGINE][SqlQuery][milvus_server] SELECT id, table_id, segment_id, engine_type, file_id, file_type, date FROM TableFiles WHERE file_type IN (4,7) AND updated_time < 1610434187561177;
[2021-01-12 14:49:57,561][DEBUG][ENGINE][SqlQuery][milvus_server] SELECT id, table_id FROM Tables WHERE state = 1;
[2021-01-12 14:49:58,487][DEBUG][ENGINE][SqlQuery][milvus_server] SELECT id, table_id, segment_id, file_id, file_type, file_size, row_count, date, engine_type, created_on, updated_time FROM 'TableFiles' WHERE file_type = 2;
[2021-01-12 14:49:58,561][DEBUG][ENGINE][SqlQuery][wal_thread] SELECT global_lsn FROM Environment;
[2021-01-12 14:49:58,562][DEBUG][ENGINE][SetGlobalLastLSN][wal_thread] Update global lsn = 0
[2021-01-12 14:49:58,563][DEBUG][ENGINE][SqlQuery][milvus_server] SELECT id, table_id, segment_id, engine_type, file_id, file_type, date FROM TableFiles WHERE file_type IN (4,7) AND updated_time < 1610434188563375;
[2021-01-12 14:49:58,564][DEBUG][ENGINE][SqlQuery][milvus_server] SELECT id, table_id FROM Tables WHERE state = 1;
[2021-01-12 14:49:59,487][DEBUG][ENGINE][SqlQuery][milvus_server] SELECT id, table_id, segment_id, file_id, file_type, file_size, row_count, date, engine_type, created_on, updated_time FROM 'TableFiles' WHERE file_type = 2;
[2021-01-12 14:49:59,563][DEBUG][ENGINE][SqlQuery][wal_thread] SELECT global_lsn FROM Environment;
[2021-01-12 14:49:59,564][DEBUG][ENGINE][SetGlobalLastLSN][wal_thread] Update global lsn = 0
[2021-01-12 14:49:59,564][DEBUG][ENGINE][SqlQuery][milvus_server] SELECT id, table_id, segment_id, engine_type, file_id, file_type, date FROM TableFiles WHERE file_type IN (4,7) AND updated_time < 1610434189564545;
[2021-01-12 14:49:59,565][DEBUG][ENGINE][SqlQuery][milvus_server] SELECT id, table_id FROM Tables WHERE state = 1;
[2021-01-12 14:50:00,487][DEBUG][ENGINE][SqlQuery][milvus_server] SELECT id, table_id, segment_id, file_id, file_type, file_size, row_count, date, engine_type, created_on, updated_time FROM 'TableFiles' WHERE file_type = 2;
[2021-01-12 14:50:00,564][DEBUG][ENGINE][SqlQuery][wal_thread] SELECT global_lsn FROM Environment;
[2021-01-12 14:50:00,565][DEBUG][ENGINE][SetGlobalLastLSN][wal_thread] Update global lsn = 0
[2021-01-12 14:50:00,565][DEBUG][ENGINE][SqlQuery][milvus_server] SELECT id, table_id, segment_id, engine_type, file_id, file_type, date FROM TableFiles WHERE file_type IN (4,7) AND updated_time < 1610434190565732;
[2021-01-12 14:50:00,566][DEBUG][ENGINE][SqlQuery][milvus_server] SELECT id, table_id FROM Tables WHERE state = 1;
[2021-01-12 14:50:01,487][DEBUG][ENGINE][SqlQuery][milvus_server] SELECT id, table_id, segment_id, file_id, file_type, file_size, row_count, date, engine_type, created_on, updated_time FROM 'TableFiles' WHERE file_type = 2;
[2021-01-12 14:50:01,566][DEBUG][ENGINE][SqlQuery][wal_thread] SELECT global_lsn FROM Environment;
[2021-01-12 14:50:01,567][DEBUG][ENGINE][SetGlobalLastLSN][wal_thread] Update global lsn = 0
[2021-01-12 14:50:01,567][DEBUG][ENGINE][SqlQuery][milvus_server] SELECT id, table_id, segment_id, engine_type, file_id, file_type, date FROM TableFiles WHERE file_type IN (4,7) AND updated_time < 1610434191567796;
[2021-01-12 14:50:01,568][DEBUG][ENGINE][SqlQuery][milvus_server] SELECT id, table_id FROM Tables WHERE state = 1;
[2021-01-12 14:50:02,488][DEBUG][ENGINE][SqlQuery][milvus_server] SELECT id, table_id, segment_id, file_id, file_type, file_size, row_count, date, engine_type, created_on, updated_time FROM 'TableFiles' WHERE file_type = 2;
[2021-01-12 14:50:02,567][DEBUG][ENGINE][SqlQuery][wal_thread] SELECT global_lsn FROM Environment;
[2021-01-12 14:50:02,568][DEBUG][ENGINE][SetGlobalLastLSN][wal_thread] Update global lsn = 0
[2021-01-12 14:50:02,569][DEBUG][ENGINE][SqlQuery][milvus_server] SELECT id, table_id, segment_id, engine_type, file_id, file_type, date FROM TableFiles WHERE file_type IN (4,7) AND updated_time < 1610434192569508;
[2021-01-12 14:50:02,569][DEBUG][ENGINE][SqlQuery][milvus_server] SELECT id, table_id FROM Tables WHERE state = 1;
[2021-01-12 14:50:03,488][DEBUG][ENGINE][SqlQuery][milvus_server] SELECT id, table_id, segment_id, file_id, file_type, file_size, row_count, date, engine_type, created_on, updated_time FROM 'TableFiles' WHERE file_type = 2;
[2021-01-12 14:50:03,569][DEBUG][ENGINE][SqlQuery][wal_thread] SELECT global_lsn FROM Environment;
[2021-01-12 14:50:03,570][DEBUG][ENGINE][SetGlobalLastLSN][wal_thread] Update global lsn = 0
[2021-01-12 14:50:03,571][DEBUG][ENGINE][SqlQuery][milvus_server] SELECT id, table_id, segment_id, engine_type, file_id, file_type, date FROM TableFiles WHERE file_type IN (4,7) AND updated_time < 1610434193571887;
[2021-01-12 14:50:03,572][DEBUG][ENGINE][SqlQuery][milvus_server] SELECT id, table_id FROM Tables WHERE state = 1;
[2021-01-12 14:50:04,488][DEBUG][ENGINE][SqlQuery][milvus_server] SELECT id, table_id, segment_id, file_id, file_type, file_size, row_count, date, engine_type, created_on, updated_time FROM 'TableFiles' WHERE file_type = 2;
[2021-01-12 14:50:04,572][DEBUG][ENGINE][SqlQuery][wal_thread] SELECT global_lsn FROM Environment;
[2021-01-12 14:50:04,572][DEBUG][ENGINE][SetGlobalLastLSN][wal_thread] Update global lsn = 0
[2021-01-12 14:50:04,574][DEBUG][ENGINE][SqlQuery][milvus_server] SELECT id, table_id, segment_id, engine_type, file_id, file_type, date FROM TableFiles WHERE file_type IN (4,7) AND updated_time < 1610434194574140;
[2021-01-12 14:50:04,574][DEBUG][ENGINE][SqlQuery][milvus_server] SELECT id, table_id FROM Tables WHERE state = 1;
[2021-01-12 14:50:05,489][DEBUG][ENGINE][SqlQuery][milvus_server] SELECT id, table_id, segment_id, file_id, file_type, file_size, row_count, date, engine_type, created_on, updated_time FROM 'TableFiles' WHERE file_type = 2;
[2021-01-12 14:50:05,574][DEBUG][ENGINE][SqlQuery][wal_thread] SELECT global_lsn FROM Environment;
[2021-01-12 14:50:05,574][DEBUG][ENGINE][SetGlobalLastLSN][wal_thread] Update global lsn = 0
[2021-01-12 14:50:05,575][DEBUG][ENGINE][SqlQuery][milvus_server] SELECT id, table_id, segment_id, engine_type, file_id, file_type, date FROM TableFiles WHERE file_type IN (4,7) AND updated_time < 1610434195575289;
[2021-01-12 14:50:05,575][DEBUG][ENGINE][SqlQuery][milvus_server] SELECT id, table_id FROM Tables WHERE state = 1;
[2021-01-12 14:50:06,489][DEBUG][ENGINE][SqlQuery][milvus_server] SELECT id, table_id, segment_id, file_id, file_type, file_size, row_count, date, engine_type, created_on, updated_time FROM 'TableFiles' WHERE file_type = 2;
[2021-01-12 14:50:06,575][DEBUG][ENGINE][SqlQuery][wal_thread] SELECT global_lsn FROM Environment;
[2021-01-12 14:50:06,577][DEBUG][ENGINE][SetGlobalLastLSN][wal_thread] Update global lsn = 0
[2021-01-12 14:50:06,579][DEBUG][ENGINE][SqlQuery][milvus_server] SELECT id, table_id, segment_id, engine_type, file_id, file_type, date FROM TableFiles WHERE file_type IN (4,7) AND updated_time < 1610434196578986;
[2021-01-12 14:50:06,580][DEBUG][ENGINE][SqlQuery][milvus_server] SELECT id, table_id FROM Tables WHERE state = 1;
[2021-01-12 14:50:07,489][DEBUG][ENGINE][SqlQuery][milvus_server] SELECT id, table_id, segment_id, file_id, file_type, file_size, row_count, date, engine_type, created_on, updated_time FROM 'TableFiles' WHERE file_type = 2;
[2021-01-12 14:50:07,579][DEBUG][ENGINE][SqlQuery][wal_thread] SELECT global_lsn FROM Environment;
[2021-01-12 14:50:07,580][DEBUG][ENGINE][SetGlobalLastLSN][wal_thread] Update global lsn = 0
[2021-01-12 14:50:07,581][DEBUG][ENGINE][SqlQuery][milvus_server] SELECT id, table_id, segment_id, engine_type, file_id, file_type, date FROM TableFiles WHERE file_type IN (4,7) AND updated_time < 1610434197581015;
[2021-01-12 14:50:07,581][DEBUG][ENGINE][SqlQuery][milvus_server] SELECT id, table_id FROM Tables WHERE state = 1;
[2021-01-12 14:50:08,490][DEBUG][ENGINE][SqlQuery][milvus_server] SELECT id, table_id, segment_id, file_id, file_type, file_size, row_count, date, engine_type, created_on, updated_time FROM 'TableFiles' WHERE file_type = 2;
[2021-01-12 14:50:08,581][DEBUG][ENGINE][SqlQuery][wal_thread] SELECT global_lsn FROM Environment;
[2021-01-12 14:50:08,582][DEBUG][ENGINE][SetGlobalLastLSN][wal_thread] Update global lsn = 0
[2021-01-12 14:50:08,582][DEBUG][ENGINE][SqlQuery][milvus_server] SELECT id, table_id, segment_id, engine_type, file_id, file_type, date FROM TableFiles WHERE file_type IN (4,7) AND updated_time < 1610434198582705;
[2021-01-12 14:50:08,583][DEBUG][ENGINE][SqlQuery][milvus_server] SELECT id, table_id FROM Tables WHERE state = 1;
[2021-01-12 14:50:09,490][DEBUG][ENGINE][SqlQuery][milvus_server] SELECT id, table_id, segment_id, file_id, file_type, file_size, row_count, date, engine_type, created_on, updated_time FROM 'TableFiles' WHERE file_type = 2;
[2021-01-12 14:50:09,583][DEBUG][ENGINE][SqlQuery][wal_thread] SELECT global_lsn FROM Environment;
[2021-01-12 14:50:09,584][DEBUG][ENGINE][SetGlobalLastLSN][wal_thread] Update global lsn = 0
[2021-01-12 14:50:09,585][DEBUG][ENGINE][SqlQuery][milvus_server] SELECT id, table_id, segment_id, engine_type, file_id, file_type, date FROM TableFiles WHERE file_type IN (4,7) AND updated_time < 1610434199585278;
[2021-01-12 14:50:09,586][DEBUG][ENGINE][SqlQuery][milvus_server] SELECT id, table_id FROM Tables WHERE state = 1;
[2021-01-12 14:50:10,490][DEBUG][ENGINE][SqlQuery][milvus_server] SELECT id, table_id, segment_id, file_id, file_type, file_size, row_count, date, engine_type, created_on, updated_time FROM 'TableFiles' WHERE file_type = 2;
[2021-01-12 14:50:10,585][DEBUG][ENGINE][SqlQuery][wal_thread] SELECT global_lsn FROM Environment;
[2021-01-12 14:50:10,586][DEBUG][ENGINE][SetGlobalLastLSN][wal_thread] Update global lsn = 0
[2021-01-12 14:50:10,587][DEBUG][ENGINE][SqlQuery][milvus_server] SELECT id, table_id, segment_id, engine_type, file_id, file_type, date FROM TableFiles WHERE file_type IN (4,7) AND updated_time < 1610434200587899;
[2021-01-12 14:50:10,589][DEBUG][ENGINE][SqlQuery][milvus_server] SELECT id, table_id FROM Tables WHERE state = 1;
[2021-01-12 14:50:11,491][DEBUG][ENGINE][SqlQuery][milvus_server] SELECT id, table_id, segment_id, file_id, file_type, file_size, row_count, date, engine_type, created_on, updated_time FROM 'TableFiles' WHERE file_type = 2;
[2021-01-12 14:50:11,588][DEBUG][ENGINE][SqlQuery][wal_thread] SELECT global_lsn FROM Environment;
[2021-01-12 14:50:11,589][DEBUG][ENGINE][SetGlobalLastLSN][wal_thread] Update global lsn = 0
[2021-01-12 14:50:11,589][DEBUG][ENGINE][SqlQuery][milvus_server] SELECT id, table_id, segment_id, engine_type, file_id, file_type, date FROM TableFiles WHERE file_type IN (4,7) AND updated_time < 1610434201589652;
[2021-01-12 14:50:11,590][DEBUG][ENGINE][SqlQuery][milvus_server] SELECT id, table_id FROM Tables WHERE state = 1;
[2021-01-12 14:50:12,491][DEBUG][ENGINE][SqlQuery][milvus_server] SELECT id, table_id, segment_id, file_id, file_type, file_size, row_count, date, engine_type, created_on, updated_time FROM 'TableFiles' WHERE file_type = 2;
[2021-01-12 14:50:12,590][DEBUG][ENGINE][SqlQuery][wal_thread] SELECT global_lsn FROM Environment;
[2021-01-12 14:50:12,592][DEBUG][ENGINE][SetGlobalLastLSN][wal_thread] Update global lsn = 0
[2021-01-12 14:50:12,594][DEBUG][ENGINE][SqlQuery][milvus_server] SELECT id, table_id, segment_id, engine_type, file_id, file_type, date FROM TableFiles WHERE file_type IN (4,7) AND updated_time < 1610434202594792;
[2021-01-12 14:50:12,596][DEBUG][ENGINE][SqlQuery][milvus_server] SELECT id, table_id FROM Tables WHERE state = 1;
[2021-01-12 14:50:13,491][DEBUG][ENGINE][SqlQuery][milvus_server] SELECT id, table_id, segment_id, file_id, file_type, file_size, row_count, date, engine_type, created_on, updated_time FROM 'TableFiles' WHERE file_type = 2;
[2021-01-12 14:50:13,594][DEBUG][ENGINE][SqlQuery][wal_thread] SELECT global_lsn FROM Environment;
[2021-01-12 14:50:13,595][DEBUG][ENGINE][SetGlobalLastLSN][wal_thread] Update global lsn = 0
[2021-01-12 14:50:13,595][DEBUG][ENGINE][SqlQuery][milvus_server] SELECT id, table_id, segment_id, engine_type, file_id, file_type, date FROM TableFiles WHERE file_type IN (4,7) AND updated_time < 1610434203595858;
[2021-01-12 14:50:13,596][DEBUG][ENGINE][SqlQuery][milvus_server] SELECT id, table_id FROM Tables WHERE state = 1;
[2021-01-12 14:50:14,492][DEBUG][ENGINE][SqlQuery][milvus_server] SELECT id, table_id, segment_id, file_id, file_type, file_size, row_count, date, engine_type, created_on, updated_time FROM 'TableFiles' WHERE file_type = 2;
[2021-01-12 14:50:14,595][DEBUG][ENGINE][SqlQuery][wal_thread] SELECT global_lsn FROM Environment;
[2021-01-12 14:50:14,596][DEBUG][ENGINE][SetGlobalLastLSN][wal_thread] Update global lsn = 0
[2021-01-12 14:50:14,597][DEBUG][ENGINE][SqlQuery][milvus_server] SELECT id, table_id, segment_id, engine_type, file_id, file_type, date FROM TableFiles WHERE file_type IN (4,7) AND updated_time < 1610434204597397;
[2021-01-12 14:50:14,597][DEBUG][ENGINE][SqlQuery][milvus_server] SELECT id, table_id FROM Tables WHERE state = 1;
[2021-01-12 14:50:15,493][DEBUG][ENGINE][SqlQuery][milvus_server] SELECT id, table_id, segment_id, file_id, file_type, file_size, row_count, date, engine_type, created_on, updated_time FROM 'TableFiles' WHERE file_type = 2;
[2021-01-12 14:50:15,597][DEBUG][ENGINE][SqlQuery][wal_thread] SELECT global_lsn FROM Environment;
[2021-01-12 14:50:15,599][DEBUG][ENGINE][SetGlobalLastLSN][wal_thread] Update global lsn = 0
[2021-01-12 14:50:15,600][DEBUG][ENGINE][SqlQuery][milvus_server] SELECT id, table_id, segment_id, engine_type, file_id, file_type, date FROM TableFiles WHERE file_type IN (4,7) AND updated_time < 1610434205600277;
[2021-01-12 14:50:15,601][DEBUG][ENGINE][SqlQuery][milvus_server] SELECT id, table_id FROM Tables WHERE state = 1;
[2021-01-12 14:50:16,493][DEBUG][ENGINE][SqlQuery][milvus_server] SELECT id, table_id, segment_id, file_id, file_type, file_size, row_count, date, engine_type, created_on, updated_time FROM 'TableFiles' WHERE file_type = 2;
[2021-01-12 14:50:16,600][DEBUG][ENGINE][SqlQuery][wal_thread] SELECT global_lsn FROM Environment;
[2021-01-12 14:50:16,602][DEBUG][ENGINE][SetGlobalLastLSN][wal_thread] Update global lsn = 0
[2021-01-12 14:50:16,603][DEBUG][ENGINE][SqlQuery][milvus_server] SELECT id, table_id, segment_id, engine_type, file_id, file_type, date FROM TableFiles WHERE file_type IN (4,7) AND updated_time < 1610434206603514;
[2021-01-12 14:50:16,605][DEBUG][ENGINE][SqlQuery][milvus_server] SELECT id, table_id FROM Tables WHERE state = 1;
[2021-01-12 14:50:17,493][DEBUG][ENGINE][SqlQuery][milvus_server] SELECT id, table_id, segment_id, file_id, file_type, file_size, row_count, date, engine_type, created_on, updated_time FROM 'TableFiles' WHERE file_type = 2;
[2021-01-12 14:50:17,603][DEBUG][ENGINE][SqlQuery][wal_thread] SELECT global_lsn FROM Environment;
[2021-01-12 14:50:17,604][DEBUG][ENGINE][SetGlobalLastLSN][wal_thread] Update global lsn = 0
[2021-01-12 14:50:17,604][DEBUG][ENGINE][SqlQuery][milvus_server] SELECT id, table_id, segment_id, engine_type, file_id, file_type, date FROM TableFiles WHERE file_type IN (4,7) AND updated_time < 1610434207604866;
[2021-01-12 14:50:17,605][DEBUG][ENGINE][SqlQuery][milvus_server] SELECT id, table_id FROM Tables WHERE state = 1;
[2021-01-12 14:50:18,493][DEBUG][ENGINE][SqlQuery][milvus_server] SELECT id, table_id, segment_id, file_id, file_type, file_size, row_count, date, engine_type, created_on, updated_time FROM 'TableFiles' WHERE file_type = 2;
[2021-01-12 14:50:18,605][DEBUG][ENGINE][SqlQuery][wal_thread] SELECT global_lsn FROM Environment;
[2021-01-12 14:50:18,605][DEBUG][ENGINE][SetGlobalLastLSN][wal_thread] Update global lsn = 0
[2021-01-12 14:50:18,606][DEBUG][ENGINE][SqlQuery][milvus_server] SELECT id, table_id, segment_id, engine_type, file_id, file_type, date FROM TableFiles WHERE file_type IN (4,7) AND updated_time < 1610434208606656;
[2021-01-12 14:50:18,607][DEBUG][ENGINE][SqlQuery][milvus_server] SELECT id, table_id FROM Tables WHERE state = 1;
[2021-01-12 14:50:19,493][DEBUG][ENGINE][SqlQuery][milvus_server] SELECT id, table_id, segment_id, file_id, file_type, file_size, row_count, date, engine_type, created_on, updated_time FROM 'TableFiles' WHERE file_type = 2;
[2021-01-12 14:50:19,606][DEBUG][ENGINE][SqlQuery][wal_thread] SELECT global_lsn FROM Environment;
[2021-01-12 14:50:19,607][DEBUG][ENGINE][SetGlobalLastLSN][wal_thread] Update global lsn = 0
[2021-01-12 14:50:19,608][DEBUG][ENGINE][SqlQuery][milvus_server] SELECT id, table_id, segment_id, engine_type, file_id, file_type, date FROM TableFiles WHERE file_type IN (4,7) AND updated_time < 1610434209608070;
[2021-01-12 14:50:19,608][DEBUG][ENGINE][SqlQuery][milvus_server] SELECT id, table_id FROM Tables WHERE state = 1;
[2021-01-12 14:50:20,493][DEBUG][ENGINE][SqlQuery][milvus_server] SELECT id, table_id, segment_id, file_id, file_type, file_size, row_count, date, engine_type, created_on, updated_time FROM 'TableFiles' WHERE file_type = 2;
[2021-01-12 14:50:20,608][DEBUG][ENGINE][SqlQuery][wal_thread] SELECT global_lsn FROM Environment;
[2021-01-12 14:50:20,608][DEBUG][ENGINE][SetGlobalLastLSN][wal_thread] Update global lsn = 0
[2021-01-12 14:50:20,609][DEBUG][ENGINE][SqlQuery][milvus_server] SELECT id, table_id, segment_id, engine_type, file_id, file_type, date FROM TableFiles WHERE file_type IN (4,7) AND updated_time < 1610434210609257;
[2021-01-12 14:50:20,609][DEBUG][ENGINE][SqlQuery][milvus_server] SELECT id, table_id FROM Tables WHERE state = 1;
[2021-01-12 14:50:21,494][DEBUG][ENGINE][SqlQuery][milvus_server] SELECT id, table_id, segment_id, file_id, file_type, file_size, row_count, date, engine_type, created_on, updated_time FROM 'TableFiles' WHERE file_type = 2;
[2021-01-12 14:50:21,609][DEBUG][ENGINE][SqlQuery][wal_thread] SELECT global_lsn FROM Environment;
[2021-01-12 14:50:21,609][DEBUG][ENGINE][SetGlobalLastLSN][wal_thread] Update global lsn = 0
[2021-01-12 14:50:21,610][DEBUG][ENGINE][SqlQuery][milvus_server] SELECT id, table_id, segment_id, engine_type, file_id, file_type, date FROM TableFiles WHERE file_type IN (4,7) AND updated_time < 1610434211610636;
[2021-01-12 14:50:21,611][DEBUG][ENGINE][SqlQuery][milvus_server] SELECT id, table_id FROM Tables WHERE state = 1;
[2021-01-12 14:50:22,494][DEBUG][ENGINE][SqlQuery][milvus_server] SELECT id, table_id, segment_id, file_id, file_type, file_size, row_count, date, engine_type, created_on, updated_time FROM 'TableFiles' WHERE file_type = 2;
[2021-01-12 14:50:22,610][DEBUG][ENGINE][SqlQuery][wal_thread] SELECT global_lsn FROM Environment;
[2021-01-12 14:50:22,611][DEBUG][ENGINE][SetGlobalLastLSN][wal_thread] Update global lsn = 0
[2021-01-12 14:50:22,612][DEBUG][ENGINE][SqlQuery][milvus_server] SELECT id, table_id, segment_id, engine_type, file_id, file_type, date FROM TableFiles WHERE file_type IN (4,7) AND updated_time < 1610434212612228;
[2021-01-12 14:50:22,612][DEBUG][ENGINE][SqlQuery][milvus_server] SELECT id, table_id FROM Tables WHERE state = 1;
[2021-01-12 14:50:23,494][DEBUG][ENGINE][SqlQuery][milvus_server] SELECT id, table_id, segment_id, file_id, file_type, file_size, row_count, date, engine_type, created_on, updated_time FROM 'TableFiles' WHERE file_type = 2;
[2021-01-12 14:50:23,612][DEBUG][ENGINE][SqlQuery][wal_thread] SELECT global_lsn FROM Environment;
[2021-01-12 14:50:23,613][DEBUG][ENGINE][SetGlobalLastLSN][wal_thread] Update global lsn = 0
[2021-01-12 14:50:23,613][DEBUG][ENGINE][SqlQuery][milvus_server] SELECT id, table_id, segment_id, engine_type, file_id, file_type, date FROM TableFiles WHERE file_type IN (4,7) AND updated_time < 1610434213613571;
[2021-01-12 14:50:23,614][DEBUG][ENGINE][SqlQuery][milvus_server] SELECT id, table_id FROM Tables WHERE state = 1;
[2021-01-12 14:50:24,494][DEBUG][ENGINE][SqlQuery][milvus_server] SELECT id, table_id, segment_id, file_id, file_type, file_size, row_count, date, engine_type, created_on, updated_time FROM 'TableFiles' WHERE file_type = 2;
[2021-01-12 14:50:24,613][DEBUG][ENGINE][SqlQuery][wal_thread] SELECT global_lsn FROM Environment;
[2021-01-12 14:50:24,614][DEBUG][ENGINE][SetGlobalLastLSN][wal_thread] Update global lsn = 0
[2021-01-12 14:50:24,615][DEBUG][ENGINE][SqlQuery][milvus_server] SELECT id, table_id, segment_id, engine_type, file_id, file_type, date FROM TableFiles WHERE file_type IN (4,7) AND updated_time < 1610434214615111;
[2021-01-12 14:50:24,615][DEBUG][ENGINE][SqlQuery][milvus_server] SELECT id, table_id FROM Tables WHERE state = 1;
[2021-01-12 14:50:25,494][DEBUG][ENGINE][SqlQuery][milvus_server] SELECT id, table_id, segment_id, file_id, file_type, file_size, row_count, date, engine_type, created_on, updated_time FROM 'TableFiles' WHERE file_type = 2;
[2021-01-12 14:50:25,615][DEBUG][ENGINE][SqlQuery][wal_thread] SELECT global_lsn FROM Environment;
[2021-01-12 14:50:25,615][DEBUG][ENGINE][SetGlobalLastLSN][wal_thread] Update global lsn = 0
[2021-01-12 14:50:25,616][DEBUG][ENGINE][SqlQuery][milvus_server] SELECT id, table_id, segment_id, engine_type, file_id, file_type, date FROM TableFiles WHERE file_type IN (4,7) AND updated_time < 1610434215616625;
[2021-01-12 14:50:25,617][DEBUG][ENGINE][SqlQuery][milvus_server] SELECT id, table_id FROM Tables WHERE state = 1;
[2021-01-12 14:50:26,495][DEBUG][ENGINE][SqlQuery][milvus_server] SELECT id, table_id, segment_id, file_id, file_type, file_size, row_count, date, engine_type, created_on, updated_time FROM 'TableFiles' WHERE file_type = 2;
[2021-01-12 14:50:26,616][DEBUG][ENGINE][SqlQuery][wal_thread] SELECT global_lsn FROM Environment;
[2021-01-12 14:50:26,618][DEBUG][ENGINE][SetGlobalLastLSN][wal_thread] Update global lsn = 0
[2021-01-12 14:50:26,621][DEBUG][ENGINE][SqlQuery][milvus_server] SELECT id, table_id, segment_id, engine_type, file_id, file_type, date FROM TableFiles WHERE file_type IN (4,7) AND updated_time < 1610434216621538;
[2021-01-12 14:50:26,624][DEBUG][ENGINE][SqlQuery][milvus_server] SELECT id, table_id FROM Tables WHERE state = 1;
[2021-01-12 14:50:27,495][DEBUG][ENGINE][SqlQuery][milvus_server] SELECT id, table_id, segment_id, file_id, file_type, file_size, row_count, date, engine_type, created_on, updated_time FROM 'TableFiles' WHERE file_type = 2;
[2021-01-12 14:50:27,621][DEBUG][ENGINE][SqlQuery][wal_thread] SELECT global_lsn FROM Environment;
[2021-01-12 14:50:27,622][DEBUG][ENGINE][SetGlobalLastLSN][wal_thread] Update global lsn = 0
[2021-01-12 14:50:27,623][DEBUG][ENGINE][SqlQuery][milvus_server] SELECT id, table_id, segment_id, engine_type, file_id, file_type, date FROM TableFiles WHERE file_type IN (4,7) AND updated_time < 1610434217623779;
[2021-01-12 14:50:27,626][DEBUG][ENGINE][SqlQuery][milvus_server] SELECT id, table_id FROM Tables WHERE state = 1;
[2021-01-12 14:50:28,495][DEBUG][ENGINE][SqlQuery][milvus_server] SELECT id, table_id, segment_id, file_id, file_type, file_size, row_count, date, engine_type, created_on, updated_time FROM 'TableFiles' WHERE file_type = 2;
[2021-01-12 14:50:28,623][DEBUG][ENGINE][SqlQuery][wal_thread] SELECT global_lsn FROM Environment;
[2021-01-12 14:50:28,624][DEBUG][ENGINE][SetGlobalLastLSN][wal_thread] Update global lsn = 0
[2021-01-12 14:50:28,625][DEBUG][ENGINE][SqlQuery][milvus_server] SELECT id, table_id, segment_id, engine_type, file_id, file_type, date FROM TableFiles WHERE file_type IN (4,7) AND updated_time < 1610434218625028;
[2021-01-12 14:50:28,625][DEBUG][ENGINE][SqlQuery][milvus_server] SELECT id, table_id FROM Tables WHERE state = 1;
[2021-01-12 14:50:29,495][DEBUG][ENGINE][SqlQuery][milvus_server] SELECT id, table_id, segment_id, file_id, file_type, file_size, row_count, date, engine_type, created_on, updated_time FROM 'TableFiles' WHERE file_type = 2;
[2021-01-12 14:50:29,625][DEBUG][ENGINE][SqlQuery][wal_thread] SELECT global_lsn FROM Environment;
[2021-01-12 14:50:29,626][DEBUG][ENGINE][SetGlobalLastLSN][wal_thread] Update global lsn = 0
[2021-01-12 14:50:29,626][DEBUG][ENGINE][SqlQuery][milvus_server] SELECT id, table_id, segment_id, engine_type, file_id, file_type, date FROM TableFiles WHERE file_type IN (4,7) AND updated_time < 1610434219626478;
[2021-01-12 14:50:29,627][DEBUG][ENGINE][SqlQuery][milvus_server] SELECT id, table_id FROM Tables WHERE state = 1;
[2021-01-12 14:50:30,495][DEBUG][ENGINE][SqlQuery][milvus_server] SELECT id, table_id, segment_id, file_id, file_type, file_size, row_count, date, engine_type, created_on, updated_time FROM 'TableFiles' WHERE file_type = 2;
[2021-01-12 14:50:30,626][DEBUG][ENGINE][SqlQuery][wal_thread] SELECT global_lsn FROM Environment;
[2021-01-12 14:50:30,669][DEBUG][ENGINE][SetGlobalLastLSN][wal_thread] Update global lsn = 0
[2021-01-12 14:50:30,670][DEBUG][ENGINE][SqlQuery][milvus_server] SELECT id, table_id, segment_id, engine_type, file_id, file_type, date FROM TableFiles WHERE file_type IN (4,7) AND updated_time < 1610434220670419;
[2021-01-12 14:50:30,670][DEBUG][ENGINE][SqlQuery][milvus_server] SELECT id, table_id FROM Tables WHERE state = 1;
[2021-01-12 14:50:31,495][DEBUG][ENGINE][SqlQuery][milvus_server] SELECT id, table_id, segment_id, file_id, file_type, file_size, row_count, date, engine_type, created_on, updated_time FROM 'TableFiles' WHERE file_type = 2;
[2021-01-12 14:50:31,670][DEBUG][ENGINE][SqlQuery][wal_thread] SELECT global_lsn FROM Environment;
[2021-01-12 14:50:31,671][DEBUG][ENGINE][SetGlobalLastLSN][wal_thread] Update global lsn = 0
[2021-01-12 14:50:31,672][DEBUG][ENGINE][SqlQuery][milvus_server] SELECT id, table_id, segment_id, engine_type, file_id, file_type, date FROM TableFiles WHERE file_type IN (4,7) AND updated_time < 1610434221672604;
[2021-01-12 14:50:31,673][DEBUG][ENGINE][SqlQuery][milvus_server] SELECT id, table_id FROM Tables WHERE state = 1;
[2021-01-12 14:50:32,496][DEBUG][ENGINE][SqlQuery][milvus_server] SELECT id, table_id, segment_id, file_id, file_type, file_size, row_count, date, engine_type, created_on, updated_time FROM 'TableFiles' WHERE file_type = 2;
[2021-01-12 14:50:32,672][DEBUG][ENGINE][SqlQuery][wal_thread] SELECT global_lsn FROM Environment;
[2021-01-12 14:50:32,674][DEBUG][ENGINE][SetGlobalLastLSN][wal_thread] Update global lsn = 0
[2021-01-12 14:50:32,674][DEBUG][ENGINE][SqlQuery][milvus_server] SELECT id, table_id, segment_id, engine_type, file_id, file_type, date FROM TableFiles WHERE file_type IN (4,7) AND updated_time < 1610434222674879;
[2021-01-12 14:50:32,675][DEBUG][ENGINE][SqlQuery][milvus_server] SELECT id, table_id FROM Tables WHERE state = 1;
[2021-01-12 14:50:33,496][DEBUG][ENGINE][SqlQuery][milvus_server] SELECT id, table_id, segment_id, file_id, file_type, file_size, row_count, date, engine_type, created_on, updated_time FROM 'TableFiles' WHERE file_type = 2;
[2021-01-12 14:50:33,674][DEBUG][ENGINE][SqlQuery][wal_thread] SELECT global_lsn FROM Environment;
[2021-01-12 14:50:33,675][DEBUG][ENGINE][SetGlobalLastLSN][wal_thread] Update global lsn = 0
[2021-01-12 14:50:33,676][DEBUG][ENGINE][SqlQuery][milvus_server] SELECT id, table_id, segment_id, engine_type, file_id, file_type, date FROM TableFiles WHERE file_type IN (4,7) AND updated_time < 1610434223676013;
[2021-01-12 14:50:33,676][DEBUG][ENGINE][SqlQuery][milvus_server] SELECT id, table_id FROM Tables WHERE state = 1;
[2021-01-12 14:50:34,496][DEBUG][ENGINE][SqlQuery][milvus_server] SELECT id, table_id, segment_id, file_id, file_type, file_size, row_count, date, engine_type, created_on, updated_time FROM 'TableFiles' WHERE file_type = 2;
[2021-01-12 14:50:34,676][DEBUG][ENGINE][SqlQuery][wal_thread] SELECT global_lsn FROM Environment;
[2021-01-12 14:50:34,678][DEBUG][ENGINE][SetGlobalLastLSN][wal_thread] Update global lsn = 0
[2021-01-12 14:50:34,681][DEBUG][ENGINE][SqlQuery][milvus_server] SELECT id, table_id, segment_id, engine_type, file_id, file_type, date FROM TableFiles WHERE file_type IN (4,7) AND updated_time < 1610434224680912;
[2021-01-12 14:50:34,682][DEBUG][ENGINE][SqlQuery][milvus_server] SELECT id, table_id FROM Tables WHERE state = 1;
[2021-01-12 14:50:35,497][DEBUG][ENGINE][SqlQuery][milvus_server] SELECT id, table_id, segment_id, file_id, file_type, file_size, row_count, date, engine_type, created_on, updated_time FROM 'TableFiles' WHERE file_type = 2;
[2021-01-12 14:50:35,681][DEBUG][ENGINE][SqlQuery][wal_thread] SELECT global_lsn FROM Environment;
[2021-01-12 14:50:35,682][DEBUG][ENGINE][SetGlobalLastLSN][wal_thread] Update global lsn = 0
[2021-01-12 14:50:35,683][DEBUG][ENGINE][SqlQuery][milvus_server] SELECT id, table_id, segment_id, engine_type, file_id, file_type, date FROM TableFiles WHERE file_type IN (4,7) AND updated_time < 1610434225683138;
[2021-01-12 14:50:35,683][DEBUG][ENGINE][SqlQuery][milvus_server] SELECT id, table_id FROM Tables WHERE state = 1;
[2021-01-12 14:50:36,497][DEBUG][ENGINE][SqlQuery][milvus_server] SELECT id, table_id, segment_id, file_id, file_type, file_size, row_count, date, engine_type, created_on, updated_time FROM 'TableFiles' WHERE file_type = 2;
[2021-01-12 14:50:36,683][DEBUG][ENGINE][SqlQuery][wal_thread] SELECT global_lsn FROM Environment;
[2021-01-12 14:50:36,684][DEBUG][ENGINE][SetGlobalLastLSN][wal_thread] Update global lsn = 0
[2021-01-12 14:50:36,685][DEBUG][ENGINE][SqlQuery][milvus_server] SELECT id, table_id, segment_id, engine_type, file_id, file_type, date FROM TableFiles WHERE file_type IN (4,7) AND updated_time < 1610434226685147;
[2021-01-12 14:50:36,685][DEBUG][ENGINE][SqlQuery][milvus_server] SELECT id, table_id FROM Tables WHERE state = 1;
[2021-01-12 14:50:37,497][DEBUG][ENGINE][SqlQuery][milvus_server] SELECT id, table_id, segment_id, file_id, file_type, file_size, row_count, date, engine_type, created_on, updated_time FROM 'TableFiles' WHERE file_type = 2;
[2021-01-12 14:50:37,685][DEBUG][ENGINE][SqlQuery][wal_thread] SELECT global_lsn FROM Environment;
[2021-01-12 14:50:37,687][DEBUG][ENGINE][SetGlobalLastLSN][wal_thread] Update global lsn = 0
[2021-01-12 14:50:37,690][DEBUG][ENGINE][SqlQuery][milvus_server] SELECT id, table_id, segment_id, engine_type, file_id, file_type, date FROM TableFiles WHERE file_type IN (4,7) AND updated_time < 1610434227690142;
[2021-01-12 14:50:37,692][DEBUG][ENGINE][SqlQuery][milvus_server] SELECT id, table_id FROM Tables WHERE state = 1;
[2021-01-12 14:50:38,498][DEBUG][ENGINE][SqlQuery][milvus_server] SELECT id, table_id, segment_id, file_id, file_type, file_size, row_count, date, engine_type, created_on, updated_time FROM 'TableFiles' WHERE file_type = 2;
[2021-01-12 14:50:38,690][DEBUG][ENGINE][SqlQuery][wal_thread] SELECT global_lsn FROM Environment;
[2021-01-12 14:50:38,690][DEBUG][ENGINE][SetGlobalLastLSN][wal_thread] Update global lsn = 0
[2021-01-12 14:50:38,691][DEBUG][ENGINE][SqlQuery][milvus_server] SELECT id, table_id, segment_id, engine_type, file_id, file_type, date FROM TableFiles WHERE file_type IN (4,7) AND updated_time < 1610434228691256;
[2021-01-12 14:50:38,691][DEBUG][ENGINE][SqlQuery][milvus_server] SELECT id, table_id FROM Tables WHERE state = 1;
[2021-01-12 14:50:39,498][DEBUG][ENGINE][SqlQuery][milvus_server] SELECT id, table_id, segment_id, file_id, file_type, file_size, row_count, date, engine_type, created_on, updated_time FROM 'TableFiles' WHERE file_type = 2;
[2021-01-12 14:50:39,691][DEBUG][ENGINE][SqlQuery][wal_thread] SELECT global_lsn FROM Environment;
[2021-01-12 14:50:39,691][DEBUG][ENGINE][SetGlobalLastLSN][wal_thread] Update global lsn = 0
[2021-01-12 14:50:39,692][DEBUG][ENGINE][SqlQuery][milvus_server] SELECT id, table_id, segment_id, engine_type, file_id, file_type, date FROM TableFiles WHERE file_type IN (4,7) AND updated_time < 1610434229692529;
[2021-01-12 14:50:39,692][DEBUG][ENGINE][SqlQuery][milvus_server] SELECT id, table_id FROM Tables WHERE state = 1;
[2021-01-12 14:50:40,498][DEBUG][ENGINE][SqlQuery][milvus_server] SELECT id, table_id, segment_id, file_id, file_type, file_size, row_count, date, engine_type, created_on, updated_time FROM 'TableFiles' WHERE file_type = 2;
[2021-01-12 14:50:40,692][DEBUG][ENGINE][SqlQuery][wal_thread] SELECT global_lsn FROM Environment;
[2021-01-12 14:50:40,693][DEBUG][ENGINE][SetGlobalLastLSN][wal_thread] Update global lsn = 0
[2021-01-12 14:50:40,695][DEBUG][ENGINE][SqlQuery][milvus_server] SELECT id, table_id, segment_id, engine_type, file_id, file_type, date FROM TableFiles WHERE file_type IN (4,7) AND updated_time < 1610434230695104;
[2021-01-12 14:50:40,696][DEBUG][ENGINE][SqlQuery][milvus_server] SELECT id, table_id FROM Tables WHERE state = 1;
[2021-01-12 14:50:41,499][DEBUG][ENGINE][SqlQuery][milvus_server] SELECT id, table_id, segment_id, file_id, file_type, file_size, row_count, date, engine_type, created_on, updated_time FROM 'TableFiles' WHERE file_type = 2;
[2021-01-12 14:50:41,695][DEBUG][ENGINE][SqlQuery][wal_thread] SELECT global_lsn FROM Environment;
[2021-01-12 14:50:41,696][DEBUG][ENGINE][SetGlobalLastLSN][wal_thread] Update global lsn = 0
[2021-01-12 14:50:41,696][DEBUG][ENGINE][SqlQuery][milvus_server] SELECT id, table_id, segment_id, engine_type, file_id, file_type, date FROM TableFiles WHERE file_type IN (4,7) AND updated_time < 1610434231696753;
[2021-01-12 14:50:41,697][DEBUG][ENGINE][SqlQuery][milvus_server] SELECT id, table_id FROM Tables WHERE state = 1;
[2021-01-12 14:50:42,499][DEBUG][ENGINE][SqlQuery][milvus_server] SELECT id, table_id, segment_id, file_id, file_type, file_size, row_count, date, engine_type, created_on, updated_time FROM 'TableFiles' WHERE file_type = 2;
[2021-01-12 14:50:42,696][DEBUG][ENGINE][SqlQuery][wal_thread] SELECT global_lsn FROM Environment;
[2021-01-12 14:50:42,699][DEBUG][ENGINE][SetGlobalLastLSN][wal_thread] Update global lsn = 0
[2021-01-12 14:50:42,701][DEBUG][ENGINE][SqlQuery][milvus_server] SELECT id, table_id, segment_id, engine_type, file_id, file_type, date FROM TableFiles WHERE file_type IN (4,7) AND updated_time < 1610434232701007;
[2021-01-12 14:50:42,703][DEBUG][ENGINE][SqlQuery][milvus_server] SELECT id, table_id FROM Tables WHERE state = 1;
[2021-01-12 14:50:43,500][DEBUG][ENGINE][SqlQuery][milvus_server] SELECT id, table_id, segment_id, file_id, file_type, file_size, row_count, date, engine_type, created_on, updated_time FROM 'TableFiles' WHERE file_type = 2;
[2021-01-12 14:50:43,701][DEBUG][ENGINE][SqlQuery][wal_thread] SELECT global_lsn FROM Environment;
[2021-01-12 14:50:43,703][DEBUG][ENGINE][SetGlobalLastLSN][wal_thread] Update global lsn = 0
[2021-01-12 14:50:43,705][DEBUG][ENGINE][SqlQuery][milvus_server] SELECT id, table_id, segment_id, engine_type, file_id, file_type, date FROM TableFiles WHERE file_type IN (4,7) AND updated_time < 1610434233705865;
[2021-01-12 14:50:43,707][DEBUG][ENGINE][SqlQuery][milvus_server] SELECT id, table_id FROM Tables WHERE state = 1;
[2021-01-12 14:50:44,500][DEBUG][ENGINE][SqlQuery][milvus_server] SELECT id, table_id, segment_id, file_id, file_type, file_size, row_count, date, engine_type, created_on, updated_time FROM 'TableFiles' WHERE file_type = 2;
[2021-01-12 14:50:44,706][DEBUG][ENGINE][SqlQuery][wal_thread] SELECT global_lsn FROM Environment;
[2021-01-12 14:50:44,708][DEBUG][ENGINE][SetGlobalLastLSN][wal_thread] Update global lsn = 0
[2021-01-12 14:50:44,710][DEBUG][ENGINE][SqlQuery][milvus_server] SELECT id, table_id, segment_id, engine_type, file_id, file_type, date FROM TableFiles WHERE file_type IN (4,7) AND updated_time < 1610434234710428;
[2021-01-12 14:50:44,712][DEBUG][ENGINE][SqlQuery][milvus_server] SELECT id, table_id FROM Tables WHERE state = 1;
[2021-01-12 14:50:45,500][DEBUG][ENGINE][SqlQuery][milvus_server] SELECT id, table_id, segment_id, file_id, file_type, file_size, row_count, date, engine_type, created_on, updated_time FROM 'TableFiles' WHERE file_type = 2;
[2021-01-12 14:50:45,710][DEBUG][ENGINE][SqlQuery][wal_thread] SELECT global_lsn FROM Environment;
[2021-01-12 14:50:45,713][DEBUG][ENGINE][SetGlobalLastLSN][wal_thread] Update global lsn = 0
[2021-01-12 14:50:45,715][DEBUG][ENGINE][SqlQuery][milvus_server] SELECT id, table_id, segment_id, engine_type, file_id, file_type, date FROM TableFiles WHERE file_type IN (4,7) AND updated_time < 1610434235715871;
[2021-01-12 14:50:45,717][DEBUG][ENGINE][SqlQuery][milvus_server] SELECT id, table_id FROM Tables WHERE state = 1;
[2021-01-12 14:50:46,501][DEBUG][ENGINE][SqlQuery][milvus_server] SELECT id, table_id, segment_id, file_id, file_type, file_size, row_count, date, engine_type, created_on, updated_time FROM 'TableFiles' WHERE file_type = 2;
[2021-01-12 14:50:46,716][DEBUG][ENGINE][SqlQuery][wal_thread] SELECT global_lsn FROM Environment;
[2021-01-12 14:50:46,719][DEBUG][ENGINE][SetGlobalLastLSN][wal_thread] Update global lsn = 0
[2021-01-12 14:50:46,721][DEBUG][ENGINE][SqlQuery][milvus_server] SELECT id, table_id, segment_id, engine_type, file_id, file_type, date FROM TableFiles WHERE file_type IN (4,7) AND updated_time < 1610434236721362;
[2021-01-12 14:50:46,723][DEBUG][ENGINE][SqlQuery][milvus_server] SELECT id, table_id FROM Tables WHERE state = 1;
[2021-01-12 14:50:47,501][DEBUG][ENGINE][SqlQuery][milvus_server] SELECT id, table_id, segment_id, file_id, file_type, file_size, row_count, date, engine_type, created_on, updated_time FROM 'TableFiles' WHERE file_type = 2;
[2021-01-12 14:50:47,721][DEBUG][ENGINE][SqlQuery][wal_thread] SELECT global_lsn FROM Environment;
[2021-01-12 14:50:47,723][DEBUG][ENGINE][SetGlobalLastLSN][wal_thread] Update global lsn = 0
[2021-01-12 14:50:47,725][DEBUG][ENGINE][SqlQuery][milvus_server] SELECT id, table_id, segment_id, engine_type, file_id, file_type, date FROM TableFiles WHERE file_type IN (4,7) AND updated_time < 1610434237725520;
[2021-01-12 14:50:47,727][DEBUG][ENGINE][SqlQuery][milvus_server] SELECT id, table_id FROM Tables WHERE state = 1;
[2021-01-12 14:50:48,502][DEBUG][ENGINE][SqlQuery][milvus_server] SELECT id, table_id, segment_id, file_id, file_type, file_size, row_count, date, engine_type, created_on, updated_time FROM 'TableFiles' WHERE file_type = 2;
[2021-01-12 14:50:48,725][DEBUG][ENGINE][SqlQuery][wal_thread] SELECT global_lsn FROM Environment;
[2021-01-12 14:50:48,726][DEBUG][ENGINE][SetGlobalLastLSN][wal_thread] Update global lsn = 0
[2021-01-12 14:50:48,727][DEBUG][ENGINE][SqlQuery][milvus_server] SELECT id, table_id, segment_id, engine_type, file_id, file_type, date FROM TableFiles WHERE file_type IN (4,7) AND updated_time < 1610434238727048;
[2021-01-12 14:50:48,727][DEBUG][ENGINE][SqlQuery][milvus_server] SELECT id, table_id FROM Tables WHERE state = 1;
[2021-01-12 14:50:49,502][DEBUG][ENGINE][SqlQuery][milvus_server] SELECT id, table_id, segment_id, file_id, file_type, file_size, row_count, date, engine_type, created_on, updated_time FROM 'TableFiles' WHERE file_type = 2;
[2021-01-12 14:50:49,727][DEBUG][ENGINE][SqlQuery][wal_thread] SELECT global_lsn FROM Environment;
[2021-01-12 14:50:49,730][DEBUG][ENGINE][SetGlobalLastLSN][wal_thread] Update global lsn = 0
[2021-01-12 14:50:49,732][DEBUG][ENGINE][SqlQuery][milvus_server] SELECT id, table_id, segment_id, engine_type, file_id, file_type, date FROM TableFiles WHERE file_type IN (4,7) AND updated_time < 1610434239732060;
[2021-01-12 14:50:49,734][DEBUG][ENGINE][SqlQuery][milvus_server] SELECT id, table_id FROM Tables WHERE state = 1;
[2021-01-12 14:50:50,502][DEBUG][ENGINE][SqlQuery][milvus_server] SELECT id, table_id, segment_id, file_id, file_type, file_size, row_count, date, engine_type, created_on, updated_time FROM 'TableFiles' WHERE file_type = 2;
[2021-01-12 14:50:50,732][DEBUG][ENGINE][SqlQuery][wal_thread] SELECT global_lsn FROM Environment;
[2021-01-12 14:50:50,735][DEBUG][ENGINE][SetGlobalLastLSN][wal_thread] Update global lsn = 0
[2021-01-12 14:50:50,737][DEBUG][ENGINE][SqlQuery][milvus_server] SELECT id, table_id, segment_id, engine_type, file_id, file_type, date FROM TableFiles WHERE file_type IN (4,7) AND updated_time < 1610434240736935;
[2021-01-12 14:50:50,738][DEBUG][ENGINE][SqlQuery][milvus_server] SELECT id, table_id FROM Tables WHERE state = 1;
[2021-01-12 14:50:51,503][DEBUG][ENGINE][SqlQuery][milvus_server] SELECT id, table_id, segment_id, file_id, file_type, file_size, row_count, date, engine_type, created_on, updated_time FROM 'TableFiles' WHERE file_type = 2;
[2021-01-12 14:50:51,737][DEBUG][ENGINE][SqlQuery][wal_thread] SELECT global_lsn FROM Environment;
[2021-01-12 14:50:51,739][DEBUG][ENGINE][SetGlobalLastLSN][wal_thread] Update global lsn = 0
[2021-01-12 14:50:51,740][DEBUG][ENGINE][SqlQuery][milvus_server] SELECT id, table_id, segment_id, engine_type, file_id, file_type, date FROM TableFiles WHERE file_type IN (4,7) AND updated_time < 1610434241740486;
[2021-01-12 14:50:51,741][DEBUG][ENGINE][SqlQuery][milvus_server] SELECT id, table_id FROM Tables WHERE state = 1;
[2021-01-12 14:50:52,503][DEBUG][ENGINE][SqlQuery][milvus_server] SELECT id, table_id, segment_id, file_id, file_type, file_size, row_count, date, engine_type, created_on, updated_time FROM 'TableFiles' WHERE file_type = 2;
[2021-01-12 14:50:52,740][DEBUG][ENGINE][SqlQuery][wal_thread] SELECT global_lsn FROM Environment;
[2021-01-12 14:50:52,741][DEBUG][ENGINE][SetGlobalLastLSN][wal_thread] Update global lsn = 0
[2021-01-12 14:50:52,742][DEBUG][ENGINE][SqlQuery][milvus_server] SELECT id, table_id, segment_id, engine_type, file_id, file_type, date FROM TableFiles WHERE file_type IN (4,7) AND updated_time < 1610434242742442;
[2021-01-12 14:50:52,743][DEBUG][ENGINE][SqlQuery][milvus_server] SELECT id, table_id FROM Tables WHERE state = 1;
[2021-01-12 14:50:53,504][DEBUG][ENGINE][SqlQuery][milvus_server] SELECT id, table_id, segment_id, file_id, file_type, file_size, row_count, date, engine_type, created_on, updated_time FROM 'TableFiles' WHERE file_type = 2;
[2021-01-12 14:50:53,742][DEBUG][ENGINE][SqlQuery][wal_thread] SELECT global_lsn FROM Environment;
[2021-01-12 14:50:53,743][DEBUG][ENGINE][SetGlobalLastLSN][wal_thread] Update global lsn = 0
[2021-01-12 14:50:53,743][DEBUG][ENGINE][SqlQuery][milvus_server] SELECT id, table_id, segment_id, engine_type, file_id, file_type, date FROM TableFiles WHERE file_type IN (4,7) AND updated_time < 1610434243743950;
[2021-01-12 14:50:53,744][DEBUG][ENGINE][SqlQuery][milvus_server] SELECT id, table_id FROM Tables WHERE state = 1;
[2021-01-12 14:50:54,504][DEBUG][ENGINE][SqlQuery][milvus_server] SELECT id, table_id, segment_id, file_id, file_type, file_size, row_count, date, engine_type, created_on, updated_time FROM 'TableFiles' WHERE file_type = 2;
[2021-01-12 14:50:54,744][DEBUG][ENGINE][SqlQuery][wal_thread] SELECT global_lsn FROM Environment;
[2021-01-12 14:50:54,746][DEBUG][ENGINE][SetGlobalLastLSN][wal_thread] Update global lsn = 0
[2021-01-12 14:50:54,748][DEBUG][ENGINE][SqlQuery][milvus_server] SELECT id, table_id, segment_id, engine_type, file_id, file_type, date FROM TableFiles WHERE file_type IN (4,7) AND updated_time < 1610434244748406;
[2021-01-12 14:50:54,750][DEBUG][ENGINE][SqlQuery][milvus_server] SELECT id, table_id FROM Tables WHERE state = 1;
[2021-01-12 14:50:55,505][DEBUG][ENGINE][SqlQuery][milvus_server] SELECT id, table_id, segment_id, file_id, file_type, file_size, row_count, date, engine_type, created_on, updated_time FROM 'TableFiles' WHERE file_type = 2;
[2021-01-12 14:50:55,748][DEBUG][ENGINE][SqlQuery][wal_thread] SELECT global_lsn FROM Environment;
[2021-01-12 14:50:55,751][DEBUG][ENGINE][SetGlobalLastLSN][wal_thread] Update global lsn = 0
[2021-01-12 14:50:55,753][DEBUG][ENGINE][SqlQuery][milvus_server] SELECT id, table_id, segment_id, engine_type, file_id, file_type, date FROM TableFiles WHERE file_type IN (4,7) AND updated_time < 1610434245753383;
[2021-01-12 14:50:55,755][DEBUG][ENGINE][SqlQuery][milvus_server] SELECT id, table_id FROM Tables WHERE state = 1;
[2021-01-12 14:50:56,505][DEBUG][ENGINE][SqlQuery][milvus_server] SELECT id, table_id, segment_id, file_id, file_type, file_size, row_count, date, engine_type, created_on, updated_time FROM 'TableFiles' WHERE file_type = 2;
[2021-01-12 14:50:56,753][DEBUG][ENGINE][SqlQuery][wal_thread] SELECT global_lsn FROM Environment;
[2021-01-12 14:50:56,756][DEBUG][ENGINE][SetGlobalLastLSN][wal_thread] Update global lsn = 0
[2021-01-12 14:50:56,757][DEBUG][ENGINE][SqlQuery][milvus_server] SELECT id, table_id, segment_id, engine_type, file_id, file_type, date FROM TableFiles WHERE file_type IN (4,7) AND updated_time < 1610434246757714;
[2021-01-12 14:50:56,760][DEBUG][ENGINE][SqlQuery][milvus_server] SELECT id, table_id FROM Tables WHERE state = 1;
[2021-01-12 14:50:57,506][DEBUG][ENGINE][SqlQuery][milvus_server] SELECT id, table_id, segment_id, file_id, file_type, file_size, row_count, date, engine_type, created_on, updated_time FROM 'TableFiles' WHERE file_type = 2;
[2021-01-12 14:50:57,758][DEBUG][ENGINE][SqlQuery][wal_thread] SELECT global_lsn FROM Environment;
[2021-01-12 14:50:57,760][DEBUG][ENGINE][SetGlobalLastLSN][wal_thread] Update global lsn = 0
[2021-01-12 14:50:57,762][DEBUG][ENGINE][SqlQuery][milvus_server] SELECT id, table_id, segment_id, engine_type, file_id, file_type, date FROM TableFiles WHERE file_type IN (4,7) AND updated_time < 1610434247762188;
[2021-01-12 14:50:57,764][DEBUG][ENGINE][SqlQuery][milvus_server] SELECT id, table_id FROM Tables WHERE state = 1;
[2021-01-12 14:50:58,507][DEBUG][ENGINE][SqlQuery][milvus_server] SELECT id, table_id, segment_id, file_id, file_type, file_size, row_count, date, engine_type, created_on, updated_time FROM 'TableFiles' WHERE file_type = 2;
[2021-01-12 14:50:58,762][DEBUG][ENGINE][SqlQuery][wal_thread] SELECT global_lsn FROM Environment;
[2021-01-12 14:50:58,763][DEBUG][ENGINE][SetGlobalLastLSN][wal_thread] Update global lsn = 0
[2021-01-12 14:50:58,763][DEBUG][ENGINE][SqlQuery][milvus_server] SELECT id, table_id, segment_id, engine_type, file_id, file_type, date FROM TableFiles WHERE file_type IN (4,7) AND updated_time < 1610434248763739;
[2021-01-12 14:50:58,764][DEBUG][ENGINE][SqlQuery][milvus_server] SELECT id, table_id FROM Tables WHERE state = 1;
[2021-01-12 14:50:59,506][DEBUG][ENGINE][SqlQuery][milvus_server] SELECT id, table_id, segment_id, file_id, file_type, file_size, row_count, date, engine_type, created_on, updated_time FROM 'TableFiles' WHERE file_type = 2;
[2021-01-12 14:50:59,763][DEBUG][ENGINE][SqlQuery][wal_thread] SELECT global_lsn FROM Environment;
[2021-01-12 14:50:59,764][DEBUG][ENGINE][SetGlobalLastLSN][wal_thread] Update global lsn = 0
[2021-01-12 14:50:59,765][DEBUG][ENGINE][SqlQuery][milvus_server] SELECT id, table_id, segment_id, engine_type, file_id, file_type, date FROM TableFiles WHERE file_type IN (4,7) AND updated_time < 1610434249765423;
[2021-01-12 14:50:59,765][DEBUG][ENGINE][SqlQuery][milvus_server] SELECT id, table_id FROM Tables WHERE state = 1;
[2021-01-12 14:50:59,821][DEBUG][ENGINE][SqlQuery][wal_thread] SELECT global_lsn FROM Environment;
[2021-01-12 14:50:59,822][DEBUG][ENGINE][SetGlobalLastLSN][wal_thread] Update global lsn = 0
[2021-01-12 14:50:59,823][DEBUG][ENGINE][SqlQuery][milvus_server] SELECT id, table_id, segment_id, engine_type, file_id, file_type, date FROM TableFiles WHERE file_type IN (4,7) AND updated_time < 1610434249823792;
[2021-01-12 14:50:59,825][DEBUG][ENGINE][SqlQuery][milvus_server] SELECT id, table_id FROM Tables WHERE state = 1;
[2021-01-12 14:50:59,826][DEBUG][ENGINE][BackgroundWalThread][wal_thread] WAL background thread exit
[2021-01-12 14:50:59,828][DEBUG][ENGINE][SqlQuery][milvus_server] SELECT id, table_id, segment_id, file_id, file_type, file_size, row_count, date, engine_type, created_on, updated_time FROM 'TableFiles' WHERE file_type = 2;
[2021-01-12 14:50:59,829][DEBUG][ENGINE][BackgroundIndexThread][index_thread] DB background thread exit
[2021-01-12 14:50:59,830][DEBUG][ENGINE][SqlTransaction][milvus_server] DELETE FROM TableFiles WHERE file_type IN (0,5,6);
