[2020-12-24 12:30:50,542][INFO][SERVER][Check][milvus_server] InstanceLockCheck passed.
[2020-12-24 12:30:50,544][INFO][SERVER][Check][milvus_server] InstanceLockCheck passed.
[2020-12-24 12:30:50,545][INFO][SERVER][Start][milvus_server] Milvus Release version: v0.9.1, built at 2020-05-28 17:39.31
[2020-12-24 12:30:50,545][INFO][SERVER][Start][milvus_server] CPU edition
[2020-12-24 12:30:50,573][INFO][SERVER][CheckCpuInstructionSet][milvus_server] Supported CPU instruction sets: avx2, sse4_2
[2020-12-24 12:30:50,579][INFO][SERVER][LogConfigInFile][milvus_server] 

***************Config in file***************

version: 0.4
server_config:
  address: 0.0.0.0
  port: 19530
  deploy_mode: single
  time_zone: UTC+8
  web_enable: true
  web_port: 19121
db_config:
  backend_url: sqlite://:@:/
  preload_collection: ~
  auto_flush_interval: 1
storage_config:
  primary_path: /var/lib/milvus
  secondary_path: ~
  file_cleanup_timeout: 10
metric_config:
  enable_monitor: false
  address: 127.0.0.1
  port: 9091
cache_config:
  cpu_cache_capacity: 1
  insert_buffer_size: 1
  cache_insert_data: false
engine_config:
  use_blas_threshold: 1100
  gpu_search_threshold: 1000
gpu_resource_config:
  enable: false
  cache_capacity: 1
  search_resources:
    - gpu0
  build_index_resources:
    - gpu0
tracing_config:
  json_config_path: ~
wal_config:
  enable: true
  recovery_error_ignore: true
  buffer_size: 256
  wal_path: /var/lib/milvus/wal
logs:
  trace.enable: true
  debug.enable: true
  info.enable: true
  warning.enable: true
  error.enable: true
  fatal.enable: true
  path: /var/lib/milvus/logs
  max_log_file_size: 1024
  log_rotate_num: 0
[2020-12-24 12:30:50,580][INFO][SERVER][LogCpuInfo][milvus_server] 

***************CPU***************

processor	: 7
vendor_id	: GenuineIntel
cpu family	: 6
model		: 142
model name	: Intel(R) Core(TM) i5-8250U CPU @ 1.60GHz
stepping	: 10
microcode	: 0xffffffff
cpu MHz		: 1799.999
cache size	: 6144 KB
physical id	: 0
siblings	: 8
core id		: 3
cpu cores	: 4
apicid		: 7
initial apicid	: 7
fpu		: yes
fpu_exception	: yes
cpuid level	: 21
wp		: yes
flags		: fpu vme de pse tsc msr pae mce cx8 apic sep mtrr pge mca cmov pat pse36 clflush mmx fxsr sse sse2 ss ht syscall nx pdpe1gb rdtscp lm constant_tsc rep_good nopl xtopology cpuid pni pclmulqdq ssse3 fma cx16 pcid sse4_1 sse4_2 movbe popcnt aes xsave avx f16c rdrand hypervisor lahf_lm abm 3dnowprefetch invpcid_single pti ssbd ibrs ibpb stibp fsgsbase bmi1 avx2 smep bmi2 erms invpcid mpx rdseed adx smap clflushopt xsaveopt xsavec xgetbv1 xsaves flush_l1d arch_capabilities
bugs		: cpu_meltdown spectre_v1 spectre_v2 spec_store_bypass l1tf mds swapgs itlb_multihit srbds
bogomips	: 3599.99
clflush size	: 64
cache_alignment	: 64
address sizes	: 39 bits physical, 48 bits virtual
power management:


[2020-12-24 12:30:50,580][INFO][SERVER][LogConfigInMem][milvus_server] 

***************Config in memory***************

{
   "cache_config": {
      "cache_insert_data": "false",
      "cpu_cache_capacity": "1",
      "cpu_cache_threshold": "0.7",
      "insert_buffer_size": "1"
   },
   "db_config": {
      "archive_days_threshold": "0",
      "archive_disk_threshold": "0",
      "auto_flush_interval": "1",
      "backend_url": "sqlite://:@:/",
      "preload_collection": ""
   },
   "engine_config": {
      "omp_thread_num": "0",
      "simd_type": "auto",
      "use_blas_threshold": "1100"
   },
   "logs": {
      "debug.enable": "true",
      "error.enable": "true",
      "fatal.enable": "true",
      "info.enable": "true",
      "log_rotate_num": "0",
      "max_log_file_size": "1024",
      "path": "/var/lib/milvus/logs",
      "trace.enable": "true",
      "warning.enable": "true"
   },
   "metric_config": {
      "address": "127.0.0.1",
      "enable_monitor": "false",
      "port": "9091"
   },
   "server_config": {
      "address": "0.0.0.0",
      "deploy_mode": "single",
      "port": "19530",
      "time_zone": "UTC+8",
      "web_enable": "true",
      "web_port": "19121"
   },
   "storage_config": {
      "primary_path": "/var/lib/milvus",
      "secondary_path": ""
   },
   "tracing_config": {
      "json_config_path": ""
   },
   "wal_config": {
      "buffer_size": "256",
      "enable": "true",
      "recovery_error_ignore": "true",
      "wal_path": "/var/lib/milvus/wal"
   }
}
[2020-12-24 12:30:50,587][INFO][ENGINE][Build][milvus_server] Using SQLite
[2020-12-24 12:30:51,884][INFO][WAL][CollectionFlushed][wal_thread]  is flushed by lsn 0
[2020-12-24 12:30:52,889][INFO][WAL][CollectionFlushed][wal_thread]  is flushed by lsn 0
[2020-12-24 12:30:53,894][INFO][WAL][CollectionFlushed][wal_thread]  is flushed by lsn 0
[2020-12-24 12:30:54,899][INFO][WAL][CollectionFlushed][wal_thread]  is flushed by lsn 0
[2020-12-24 12:30:55,904][INFO][WAL][CollectionFlushed][wal_thread]  is flushed by lsn 0
[2020-12-24 12:30:56,906][INFO][WAL][CollectionFlushed][wal_thread]  is flushed by lsn 0
[2020-12-24 12:30:57,909][INFO][WAL][CollectionFlushed][wal_thread]  is flushed by lsn 0
[2020-12-24 12:30:58,911][INFO][WAL][CollectionFlushed][wal_thread]  is flushed by lsn 0
[2020-12-24 12:30:59,916][INFO][WAL][CollectionFlushed][wal_thread]  is flushed by lsn 0
[2020-12-24 12:31:00,921][INFO][WAL][CollectionFlushed][wal_thread]  is flushed by lsn 0
[2020-12-24 12:31:01,925][INFO][WAL][CollectionFlushed][wal_thread]  is flushed by lsn 0
[2020-12-24 12:31:02,928][INFO][WAL][CollectionFlushed][wal_thread]  is flushed by lsn 0
[2020-12-24 12:31:03,930][INFO][WAL][CollectionFlushed][wal_thread]  is flushed by lsn 0
[2020-12-24 12:31:04,932][INFO][WAL][CollectionFlushed][wal_thread]  is flushed by lsn 0
[2020-12-24 12:31:05,936][INFO][WAL][CollectionFlushed][wal_thread]  is flushed by lsn 0
[2020-12-24 12:31:06,939][INFO][WAL][CollectionFlushed][wal_thread]  is flushed by lsn 0
[2020-12-24 12:31:07,940][INFO][WAL][CollectionFlushed][wal_thread]  is flushed by lsn 0
[2020-12-24 12:31:08,942][INFO][WAL][CollectionFlushed][wal_thread]  is flushed by lsn 0
[2020-12-24 12:31:09,943][INFO][WAL][CollectionFlushed][wal_thread]  is flushed by lsn 0
[2020-12-24 12:31:10,945][INFO][WAL][CollectionFlushed][wal_thread]  is flushed by lsn 0
[2020-12-24 12:31:11,948][INFO][WAL][CollectionFlushed][wal_thread]  is flushed by lsn 0
[2020-12-24 12:31:12,952][INFO][WAL][CollectionFlushed][wal_thread]  is flushed by lsn 0
[2020-12-24 12:31:13,956][INFO][WAL][CollectionFlushed][wal_thread]  is flushed by lsn 0
[2020-12-24 12:31:14,961][INFO][WAL][CollectionFlushed][wal_thread]  is flushed by lsn 0
[2020-12-24 12:31:15,964][INFO][WAL][CollectionFlushed][wal_thread]  is flushed by lsn 0
[2020-12-24 12:31:16,968][INFO][WAL][CollectionFlushed][wal_thread]  is flushed by lsn 0
[2020-12-24 12:31:17,973][INFO][WAL][CollectionFlushed][wal_thread]  is flushed by lsn 0
[2020-12-24 12:31:18,978][INFO][WAL][CollectionFlushed][wal_thread]  is flushed by lsn 0
[2020-12-24 12:31:19,983][INFO][WAL][CollectionFlushed][wal_thread]  is flushed by lsn 0
[2020-12-24 12:31:20,988][INFO][WAL][CollectionFlushed][wal_thread]  is flushed by lsn 0
[2020-12-24 12:31:21,990][INFO][WAL][CollectionFlushed][wal_thread]  is flushed by lsn 0
[2020-12-24 12:31:22,994][INFO][WAL][CollectionFlushed][wal_thread]  is flushed by lsn 0
[2020-12-24 12:31:23,999][INFO][WAL][CollectionFlushed][wal_thread]  is flushed by lsn 0
[2020-12-24 12:31:25,004][INFO][WAL][CollectionFlushed][wal_thread]  is flushed by lsn 0
[2020-12-24 12:31:26,009][INFO][WAL][CollectionFlushed][wal_thread]  is flushed by lsn 0
[2020-12-24 12:31:26,661][INFO][SERVER][Cmd][grpcpp_sync_ser] Request [0] Cmd begin.
[2020-12-24 12:31:26,661][INFO][SERVER][PutToQueue][grpcpp_sync_ser] Create new thread for request group: info
[2020-12-24 12:31:26,662][INFO][SERVER][Cmd][grpcpp_sync_ser] Request [0] Cmd end.
[2020-12-24 12:31:26,665][INFO][SERVER][HasCollection][grpcpp_sync_ser] Request [1] HasCollection begin.
[2020-12-24 12:31:26,666][INFO][SERVER][HasCollection][grpcpp_sync_ser] Request [1] HasCollection end.
[2020-12-24 12:31:26,669][INFO][SERVER][DescribeCollection][grpcpp_sync_ser] Request [2] DescribeCollection begin.
[2020-12-24 12:31:26,670][INFO][SERVER][DescribeCollection][grpcpp_sync_ser] Request [2] DescribeCollection end.
[2020-12-24 12:31:26,673][INFO][SERVER][Insert][grpcpp_sync_ser] Request [3] Insert begin.
[2020-12-24 12:31:26,673][INFO][SERVER][PutToQueue][grpcpp_sync_ser] Create new thread for request group: ddl_dml
[2020-12-24 12:31:26,673][INFO][SERVER][OnExecute][reqsched_thread] [insert][0] Execute insert request.
[2020-12-24 12:31:26,675][INFO][WAL][Insert][reqsched_thread] [insert][0]retina_face insert in part  with lsn 4295138732
[2020-12-24 12:31:26,675][INFO][WAL][GetNextRecord][wal_thread] record type 2 collection retina_face lsn 4295138732
[2020-12-24 12:31:26,676][INFO][SERVER][Insert][grpcpp_sync_ser] Request [3] Insert end.
[2020-12-24 12:31:26,679][INFO][SERVER][Flush][grpcpp_sync_ser] Request [4] Flush begin.
[2020-12-24 12:31:26,770][INFO][WAL][Flush][reqsched_thread] retina_face want to be flush, lsn 4295138732
[2020-12-24 12:31:26,770][INFO][WAL][operator()][wal_thread] record flush collection retina_face lsn 4295138732
[2020-12-24 12:31:27,028][INFO][WAL][CollectionFlushed][wal_thread] retina_face is flushed by lsn 4295138732
[2020-12-24 12:31:27,031][INFO][WAL][CollectionFlushed][wal_thread]  is flushed by lsn 0
[2020-12-24 12:31:27,033][INFO][SERVER][Flush][grpcpp_sync_ser] Request [4] Flush end.
[2020-12-24 12:31:27,041][INFO][SERVER][CountCollection][grpcpp_sync_ser] Request [5] CountCollection begin.
[2020-12-24 12:31:27,048][INFO][SERVER][CountCollection][grpcpp_sync_ser] Request [5] CountCollection end.
[2020-12-24 12:31:27,052][INFO][SERVER][ShowCollectionInfo][grpcpp_sync_ser] Request [6] ShowCollectionInfo begin.
[2020-12-24 12:31:27,086][INFO][SERVER][ShowCollectionInfo][grpcpp_sync_ser] Request [6] ShowCollectionInfo end.
[2020-12-24 12:31:27,089][INFO][SERVER][CreateIndex][grpcpp_sync_ser] Request [7] CreateIndex begin.
[2020-12-24 12:31:27,090][INFO][WAL][Flush][reqsched_thread]  want to be flush, lsn 4295138732
[2020-12-24 12:31:27,091][INFO][WAL][operator()][wal_thread] record flush collection  lsn 4295138732
[2020-12-24 12:31:27,304][INFO][WAL][CollectionFlushed][wal_thread]  is flushed by lsn 0
[2020-12-24 12:31:27,310][INFO][SERVER][CreateIndex][grpcpp_sync_ser] Request [7] CreateIndex end.
[2020-12-24 12:31:27,313][INFO][SERVER][DescribeIndex][grpcpp_sync_ser] Request [8] DescribeIndex begin.
[2020-12-24 12:31:27,314][INFO][SERVER][DescribeIndex][grpcpp_sync_ser] Request [8] DescribeIndex end.
[2020-12-24 12:31:27,317][INFO][SERVER][Search][grpcpp_sync_ser] Request [9] Search begin.
[2020-12-24 12:31:27,317][INFO][SERVER][OnPreExecute][grpcpp_sync_ser] [search][0] Search pre-execute. Check search parameters
[2020-12-24 12:31:27,317][INFO][SERVER][PutToQueue][grpcpp_sync_ser] Create new thread for request group: dql
[2020-12-24 12:31:27,317][INFO][SERVER][OnExecute][reqsched_thread] [search][0] Search execute.
[2020-12-24 12:31:27,348][INFO][SERVER][Search][grpcpp_sync_ser] Request [9] Search end.
[2020-12-24 12:31:28,305][INFO][WAL][CollectionFlushed][wal_thread]  is flushed by lsn 0
[2020-12-24 12:31:29,306][INFO][WAL][CollectionFlushed][wal_thread]  is flushed by lsn 0
[2020-12-24 12:31:30,308][INFO][WAL][CollectionFlushed][wal_thread]  is flushed by lsn 0
[2020-12-24 12:31:31,310][INFO][WAL][CollectionFlushed][wal_thread]  is flushed by lsn 0
[2020-12-24 12:31:32,311][INFO][WAL][CollectionFlushed][wal_thread]  is flushed by lsn 0
[2020-12-24 12:31:33,312][INFO][WAL][CollectionFlushed][wal_thread]  is flushed by lsn 0
[2020-12-24 12:31:34,314][INFO][WAL][CollectionFlushed][wal_thread]  is flushed by lsn 0
[2020-12-24 12:31:35,317][INFO][WAL][CollectionFlushed][wal_thread]  is flushed by lsn 0
[2020-12-24 12:31:36,320][INFO][WAL][CollectionFlushed][wal_thread]  is flushed by lsn 0
[2020-12-24 12:31:37,325][INFO][WAL][CollectionFlushed][wal_thread]  is flushed by lsn 0
[2020-12-24 12:31:38,329][INFO][WAL][CollectionFlushed][wal_thread]  is flushed by lsn 0
[2020-12-24 12:31:39,333][INFO][WAL][CollectionFlushed][wal_thread]  is flushed by lsn 0
[2020-12-24 12:31:40,337][INFO][WAL][CollectionFlushed][wal_thread]  is flushed by lsn 0
[2020-12-24 12:31:41,340][INFO][WAL][CollectionFlushed][wal_thread]  is flushed by lsn 0
[2020-12-24 12:31:42,344][INFO][WAL][CollectionFlushed][wal_thread]  is flushed by lsn 0
[2020-12-24 12:31:43,349][INFO][WAL][CollectionFlushed][wal_thread]  is flushed by lsn 0
[2020-12-24 12:31:44,352][INFO][WAL][CollectionFlushed][wal_thread]  is flushed by lsn 0
[2020-12-24 12:31:45,355][INFO][WAL][CollectionFlushed][wal_thread]  is flushed by lsn 0
[2020-12-24 12:31:46,359][INFO][WAL][CollectionFlushed][wal_thread]  is flushed by lsn 0
[2020-12-24 12:31:47,363][INFO][WAL][CollectionFlushed][wal_thread]  is flushed by lsn 0
[2020-12-24 12:31:48,367][INFO][WAL][CollectionFlushed][wal_thread]  is flushed by lsn 0
[2020-12-24 12:31:49,371][INFO][WAL][CollectionFlushed][wal_thread]  is flushed by lsn 0
[2020-12-24 12:31:50,375][INFO][WAL][CollectionFlushed][wal_thread]  is flushed by lsn 0
[2020-12-24 12:31:51,378][INFO][WAL][CollectionFlushed][wal_thread]  is flushed by lsn 0
[2020-12-24 12:31:52,382][INFO][WAL][CollectionFlushed][wal_thread]  is flushed by lsn 0
[2020-12-24 12:31:53,386][INFO][WAL][CollectionFlushed][wal_thread]  is flushed by lsn 0
[2020-12-24 12:31:54,390][INFO][WAL][CollectionFlushed][wal_thread]  is flushed by lsn 0
[2020-12-24 12:31:55,394][INFO][WAL][CollectionFlushed][wal_thread]  is flushed by lsn 0
[2020-12-24 12:31:56,398][INFO][WAL][CollectionFlushed][wal_thread]  is flushed by lsn 0
[2020-12-24 12:31:57,403][INFO][WAL][CollectionFlushed][wal_thread]  is flushed by lsn 0
[2020-12-24 12:31:58,407][INFO][WAL][CollectionFlushed][wal_thread]  is flushed by lsn 0
[2020-12-24 12:31:59,412][INFO][WAL][CollectionFlushed][wal_thread]  is flushed by lsn 0
[2020-12-24 12:32:00,415][INFO][WAL][CollectionFlushed][wal_thread]  is flushed by lsn 0
[2020-12-24 12:32:01,416][INFO][WAL][CollectionFlushed][wal_thread]  is flushed by lsn 0
[2020-12-24 12:32:02,419][INFO][WAL][CollectionFlushed][wal_thread]  is flushed by lsn 0
[2020-12-24 12:32:03,422][INFO][WAL][CollectionFlushed][wal_thread]  is flushed by lsn 0
[2020-12-24 12:32:04,425][INFO][WAL][CollectionFlushed][wal_thread]  is flushed by lsn 0
[2020-12-24 12:32:05,430][INFO][WAL][CollectionFlushed][wal_thread]  is flushed by lsn 0
[2020-12-24 12:32:06,432][INFO][WAL][CollectionFlushed][wal_thread]  is flushed by lsn 0
[2020-12-24 12:32:07,434][INFO][WAL][CollectionFlushed][wal_thread]  is flushed by lsn 0
[2020-12-24 12:32:08,438][INFO][WAL][CollectionFlushed][wal_thread]  is flushed by lsn 0
[2020-12-24 12:32:09,442][INFO][WAL][CollectionFlushed][wal_thread]  is flushed by lsn 0
[2020-12-24 12:32:10,447][INFO][WAL][CollectionFlushed][wal_thread]  is flushed by lsn 0
[2020-12-24 12:32:11,451][INFO][WAL][CollectionFlushed][wal_thread]  is flushed by lsn 0
[2020-12-24 12:32:12,455][INFO][WAL][CollectionFlushed][wal_thread]  is flushed by lsn 0
[2020-12-24 12:32:13,459][INFO][WAL][CollectionFlushed][wal_thread]  is flushed by lsn 0
[2020-12-24 12:32:14,463][INFO][WAL][CollectionFlushed][wal_thread]  is flushed by lsn 0
[2020-12-24 12:32:15,467][INFO][WAL][CollectionFlushed][wal_thread]  is flushed by lsn 0
[2020-12-24 12:32:16,472][INFO][WAL][CollectionFlushed][wal_thread]  is flushed by lsn 0
[2020-12-24 12:32:17,476][INFO][WAL][CollectionFlushed][wal_thread]  is flushed by lsn 0
[2020-12-24 12:32:18,481][INFO][WAL][CollectionFlushed][wal_thread]  is flushed by lsn 0
[2020-12-24 12:32:19,485][INFO][WAL][CollectionFlushed][wal_thread]  is flushed by lsn 0
[2020-12-24 12:32:20,489][INFO][WAL][CollectionFlushed][wal_thread]  is flushed by lsn 0
[2020-12-24 12:32:21,493][INFO][WAL][CollectionFlushed][wal_thread]  is flushed by lsn 0
[2020-12-24 12:32:22,497][INFO][WAL][CollectionFlushed][wal_thread]  is flushed by lsn 0
[2020-12-24 12:32:23,500][INFO][WAL][CollectionFlushed][wal_thread]  is flushed by lsn 0
[2020-12-24 12:32:24,501][INFO][WAL][CollectionFlushed][wal_thread]  is flushed by lsn 0
[2020-12-24 12:32:25,503][INFO][WAL][CollectionFlushed][wal_thread]  is flushed by lsn 0
[2020-12-24 12:32:26,505][INFO][WAL][CollectionFlushed][wal_thread]  is flushed by lsn 0
[2020-12-24 12:32:27,508][INFO][WAL][CollectionFlushed][wal_thread]  is flushed by lsn 0
[2020-12-24 12:32:28,512][INFO][WAL][CollectionFlushed][wal_thread]  is flushed by lsn 0
[2020-12-24 12:32:29,514][INFO][WAL][CollectionFlushed][wal_thread]  is flushed by lsn 0
[2020-12-24 12:32:30,516][INFO][WAL][CollectionFlushed][wal_thread]  is flushed by lsn 0
[2020-12-24 12:32:31,518][INFO][WAL][CollectionFlushed][wal_thread]  is flushed by lsn 0
[2020-12-24 12:32:32,521][INFO][WAL][CollectionFlushed][wal_thread]  is flushed by lsn 0
[2020-12-24 12:32:33,523][INFO][WAL][CollectionFlushed][wal_thread]  is flushed by lsn 0
[2020-12-24 12:32:34,525][INFO][WAL][CollectionFlushed][wal_thread]  is flushed by lsn 0
[2020-12-24 12:32:35,526][INFO][WAL][CollectionFlushed][wal_thread]  is flushed by lsn 0
[2020-12-24 12:32:36,530][INFO][WAL][CollectionFlushed][wal_thread]  is flushed by lsn 0
[2020-12-24 12:32:37,532][INFO][WAL][CollectionFlushed][wal_thread]  is flushed by lsn 0
[2020-12-24 12:32:38,534][INFO][WAL][CollectionFlushed][wal_thread]  is flushed by lsn 0
[2020-12-24 12:32:39,536][INFO][WAL][CollectionFlushed][wal_thread]  is flushed by lsn 0
[2020-12-24 12:32:40,538][INFO][WAL][CollectionFlushed][wal_thread]  is flushed by lsn 0
[2020-12-24 12:32:41,541][INFO][WAL][CollectionFlushed][wal_thread]  is flushed by lsn 0
[2020-12-24 12:32:42,544][INFO][WAL][CollectionFlushed][wal_thread]  is flushed by lsn 0
[2020-12-24 12:32:43,546][INFO][WAL][CollectionFlushed][wal_thread]  is flushed by lsn 0
[2020-12-24 12:32:44,547][INFO][WAL][CollectionFlushed][wal_thread]  is flushed by lsn 0
[2020-12-24 12:32:45,549][INFO][WAL][CollectionFlushed][wal_thread]  is flushed by lsn 0
[2020-12-24 12:32:46,550][INFO][WAL][CollectionFlushed][wal_thread]  is flushed by lsn 0
[2020-12-24 12:32:47,552][INFO][WAL][CollectionFlushed][wal_thread]  is flushed by lsn 0
[2020-12-24 12:32:48,554][INFO][WAL][CollectionFlushed][wal_thread]  is flushed by lsn 0
[2020-12-24 12:32:49,557][INFO][WAL][CollectionFlushed][wal_thread]  is flushed by lsn 0
[2020-12-24 12:32:50,562][INFO][WAL][CollectionFlushed][wal_thread]  is flushed by lsn 0
[2020-12-24 12:32:51,564][INFO][WAL][CollectionFlushed][wal_thread]  is flushed by lsn 0
[2020-12-24 12:32:52,568][INFO][WAL][CollectionFlushed][wal_thread]  is flushed by lsn 0
[2020-12-24 12:32:53,570][INFO][WAL][CollectionFlushed][wal_thread]  is flushed by lsn 0
[2020-12-24 12:32:54,571][INFO][WAL][CollectionFlushed][wal_thread]  is flushed by lsn 0
[2020-12-24 12:32:55,572][INFO][WAL][CollectionFlushed][wal_thread]  is flushed by lsn 0
[2020-12-24 12:32:56,574][INFO][WAL][CollectionFlushed][wal_thread]  is flushed by lsn 0
[2020-12-24 12:32:57,580][INFO][WAL][CollectionFlushed][wal_thread]  is flushed by lsn 0
[2020-12-24 12:32:58,615][INFO][WAL][CollectionFlushed][wal_thread]  is flushed by lsn 0
[2020-12-24 12:32:59,616][INFO][WAL][CollectionFlushed][wal_thread]  is flushed by lsn 0
[2020-12-24 12:33:00,618][INFO][WAL][CollectionFlushed][wal_thread]  is flushed by lsn 0
[2020-12-24 12:33:01,619][INFO][WAL][CollectionFlushed][wal_thread]  is flushed by lsn 0
[2020-12-24 12:33:02,621][INFO][WAL][CollectionFlushed][wal_thread]  is flushed by lsn 0
[2020-12-24 12:33:03,622][INFO][WAL][CollectionFlushed][wal_thread]  is flushed by lsn 0
[2020-12-24 12:33:04,624][INFO][WAL][CollectionFlushed][wal_thread]  is flushed by lsn 0
[2020-12-24 12:33:05,626][INFO][WAL][CollectionFlushed][wal_thread]  is flushed by lsn 0
[2020-12-24 12:33:06,628][INFO][WAL][CollectionFlushed][wal_thread]  is flushed by lsn 0
[2020-12-24 12:33:07,630][INFO][WAL][CollectionFlushed][wal_thread]  is flushed by lsn 0
[2020-12-24 12:33:08,632][INFO][WAL][CollectionFlushed][wal_thread]  is flushed by lsn 0
[2020-12-24 12:33:09,634][INFO][WAL][CollectionFlushed][wal_thread]  is flushed by lsn 0
[2020-12-24 12:33:10,636][INFO][WAL][CollectionFlushed][wal_thread]  is flushed by lsn 0
[2020-12-24 12:33:11,638][INFO][WAL][CollectionFlushed][wal_thread]  is flushed by lsn 0
[2020-12-24 12:33:12,640][INFO][WAL][CollectionFlushed][wal_thread]  is flushed by lsn 0
[2020-12-24 12:33:13,642][INFO][WAL][CollectionFlushed][wal_thread]  is flushed by lsn 0
[2020-12-24 12:33:14,644][INFO][WAL][CollectionFlushed][wal_thread]  is flushed by lsn 0
[2020-12-24 12:33:15,646][INFO][WAL][CollectionFlushed][wal_thread]  is flushed by lsn 0
[2020-12-24 12:33:16,647][INFO][WAL][CollectionFlushed][wal_thread]  is flushed by lsn 0
[2020-12-24 12:33:17,649][INFO][WAL][CollectionFlushed][wal_thread]  is flushed by lsn 0
[2020-12-24 12:33:18,651][INFO][WAL][CollectionFlushed][wal_thread]  is flushed by lsn 0
[2020-12-24 12:33:19,653][INFO][WAL][CollectionFlushed][wal_thread]  is flushed by lsn 0
[2020-12-24 12:33:20,654][INFO][WAL][CollectionFlushed][wal_thread]  is flushed by lsn 0
[2020-12-24 12:33:21,657][INFO][WAL][CollectionFlushed][wal_thread]  is flushed by lsn 0
[2020-12-24 12:33:22,659][INFO][WAL][CollectionFlushed][wal_thread]  is flushed by lsn 0
[2020-12-24 12:33:23,661][INFO][WAL][CollectionFlushed][wal_thread]  is flushed by lsn 0
[2020-12-24 12:33:24,663][INFO][WAL][CollectionFlushed][wal_thread]  is flushed by lsn 0
[2020-12-24 12:33:25,665][INFO][WAL][CollectionFlushed][wal_thread]  is flushed by lsn 0
[2020-12-24 12:33:26,666][INFO][WAL][CollectionFlushed][wal_thread]  is flushed by lsn 0
[2020-12-24 12:33:27,669][INFO][WAL][CollectionFlushed][wal_thread]  is flushed by lsn 0
[2020-12-24 12:33:28,671][INFO][WAL][CollectionFlushed][wal_thread]  is flushed by lsn 0
[2020-12-24 12:33:29,674][INFO][WAL][CollectionFlushed][wal_thread]  is flushed by lsn 0
[2020-12-24 12:33:30,678][INFO][WAL][CollectionFlushed][wal_thread]  is flushed by lsn 0
[2020-12-24 12:33:31,681][INFO][WAL][CollectionFlushed][wal_thread]  is flushed by lsn 0
[2020-12-24 12:33:32,683][INFO][WAL][CollectionFlushed][wal_thread]  is flushed by lsn 0
[2020-12-24 12:33:33,686][INFO][WAL][CollectionFlushed][wal_thread]  is flushed by lsn 0
[2020-12-24 12:33:34,690][INFO][WAL][CollectionFlushed][wal_thread]  is flushed by lsn 0
[2020-12-24 12:33:35,695][INFO][WAL][CollectionFlushed][wal_thread]  is flushed by lsn 0
[2020-12-24 12:33:36,699][INFO][WAL][CollectionFlushed][wal_thread]  is flushed by lsn 0
[2020-12-24 12:33:37,704][INFO][WAL][CollectionFlushed][wal_thread]  is flushed by lsn 0
[2020-12-24 12:33:38,706][INFO][WAL][CollectionFlushed][wal_thread]  is flushed by lsn 0
[2020-12-24 12:33:39,708][INFO][WAL][CollectionFlushed][wal_thread]  is flushed by lsn 0
[2020-12-24 12:33:40,711][INFO][WAL][CollectionFlushed][wal_thread]  is flushed by lsn 0
[2020-12-24 12:33:41,713][INFO][WAL][CollectionFlushed][wal_thread]  is flushed by lsn 0
[2020-12-24 12:33:42,716][INFO][WAL][CollectionFlushed][wal_thread]  is flushed by lsn 0
[2020-12-24 12:33:43,720][INFO][WAL][CollectionFlushed][wal_thread]  is flushed by lsn 0
[2020-12-24 12:33:44,725][INFO][WAL][CollectionFlushed][wal_thread]  is flushed by lsn 0
[2020-12-24 12:33:45,729][INFO][WAL][CollectionFlushed][wal_thread]  is flushed by lsn 0
[2020-12-24 12:33:46,733][INFO][WAL][CollectionFlushed][wal_thread]  is flushed by lsn 0
[2020-12-24 12:33:47,738][INFO][WAL][CollectionFlushed][wal_thread]  is flushed by lsn 0
[2020-12-24 12:33:48,741][INFO][WAL][CollectionFlushed][wal_thread]  is flushed by lsn 0
[2020-12-24 12:33:49,745][INFO][WAL][CollectionFlushed][wal_thread]  is flushed by lsn 0
[2020-12-24 12:33:50,747][INFO][WAL][CollectionFlushed][wal_thread]  is flushed by lsn 0
[2020-12-24 12:33:51,749][INFO][WAL][CollectionFlushed][wal_thread]  is flushed by lsn 0
[2020-12-24 12:33:52,753][INFO][WAL][CollectionFlushed][wal_thread]  is flushed by lsn 0
[2020-12-24 12:33:53,756][INFO][WAL][CollectionFlushed][wal_thread]  is flushed by lsn 0
[2020-12-24 12:33:54,758][INFO][WAL][CollectionFlushed][wal_thread]  is flushed by lsn 0
[2020-12-24 12:33:55,760][INFO][WAL][CollectionFlushed][wal_thread]  is flushed by lsn 0
[2020-12-24 12:33:56,764][INFO][WAL][CollectionFlushed][wal_thread]  is flushed by lsn 0
[2020-12-24 12:33:57,767][INFO][WAL][CollectionFlushed][wal_thread]  is flushed by lsn 0
[2020-12-24 12:33:58,772][INFO][WAL][CollectionFlushed][wal_thread]  is flushed by lsn 0
[2020-12-24 12:33:59,776][INFO][WAL][CollectionFlushed][wal_thread]  is flushed by lsn 0
[2020-12-24 12:34:00,779][INFO][WAL][CollectionFlushed][wal_thread]  is flushed by lsn 0
[2020-12-24 12:34:01,783][INFO][WAL][CollectionFlushed][wal_thread]  is flushed by lsn 0
[2020-12-24 12:34:02,787][INFO][WAL][CollectionFlushed][wal_thread]  is flushed by lsn 0
[2020-12-24 12:34:03,792][INFO][WAL][CollectionFlushed][wal_thread]  is flushed by lsn 0
[2020-12-24 12:34:04,795][INFO][WAL][CollectionFlushed][wal_thread]  is flushed by lsn 0
[2020-12-24 12:34:05,798][INFO][WAL][CollectionFlushed][wal_thread]  is flushed by lsn 0
[2020-12-24 12:34:06,803][INFO][WAL][CollectionFlushed][wal_thread]  is flushed by lsn 0
[2020-12-24 12:34:07,807][INFO][WAL][CollectionFlushed][wal_thread]  is flushed by lsn 0
[2020-12-24 12:34:08,812][INFO][WAL][CollectionFlushed][wal_thread]  is flushed by lsn 0
[2020-12-24 12:34:09,815][INFO][WAL][CollectionFlushed][wal_thread]  is flushed by lsn 0
[2020-12-24 12:34:10,817][INFO][WAL][CollectionFlushed][wal_thread]  is flushed by lsn 0
[2020-12-24 12:34:11,820][INFO][WAL][CollectionFlushed][wal_thread]  is flushed by lsn 0
[2020-12-24 12:34:12,824][INFO][WAL][CollectionFlushed][wal_thread]  is flushed by lsn 0
[2020-12-24 12:34:13,829][INFO][WAL][CollectionFlushed][wal_thread]  is flushed by lsn 0
[2020-12-24 12:34:14,832][INFO][WAL][CollectionFlushed][wal_thread]  is flushed by lsn 0
[2020-12-24 12:34:15,835][INFO][WAL][CollectionFlushed][wal_thread]  is flushed by lsn 0
[2020-12-24 12:34:16,838][INFO][WAL][CollectionFlushed][wal_thread]  is flushed by lsn 0
[2020-12-24 12:34:17,840][INFO][WAL][CollectionFlushed][wal_thread]  is flushed by lsn 0
[2020-12-24 12:34:18,844][INFO][WAL][CollectionFlushed][wal_thread]  is flushed by lsn 0
[2020-12-24 12:34:19,847][INFO][WAL][CollectionFlushed][wal_thread]  is flushed by lsn 0
[2020-12-24 12:34:20,851][INFO][WAL][CollectionFlushed][wal_thread]  is flushed by lsn 0
[2020-12-24 12:34:21,854][INFO][WAL][CollectionFlushed][wal_thread]  is flushed by lsn 0
[2020-12-24 12:34:22,857][INFO][WAL][CollectionFlushed][wal_thread]  is flushed by lsn 0
[2020-12-24 12:34:23,862][INFO][WAL][CollectionFlushed][wal_thread]  is flushed by lsn 0
[2020-12-24 12:34:24,866][INFO][WAL][CollectionFlushed][wal_thread]  is flushed by lsn 0
[2020-12-24 12:34:25,871][INFO][WAL][CollectionFlushed][wal_thread]  is flushed by lsn 0
[2020-12-24 12:34:26,875][INFO][WAL][CollectionFlushed][wal_thread]  is flushed by lsn 0
[2020-12-24 12:34:27,880][INFO][WAL][CollectionFlushed][wal_thread]  is flushed by lsn 0
[2020-12-24 12:34:28,884][INFO][WAL][CollectionFlushed][wal_thread]  is flushed by lsn 0
[2020-12-24 12:34:29,888][INFO][WAL][CollectionFlushed][wal_thread]  is flushed by lsn 0
[2020-12-24 12:34:30,893][INFO][WAL][CollectionFlushed][wal_thread]  is flushed by lsn 0
[2020-12-24 12:34:31,897][INFO][WAL][CollectionFlushed][wal_thread]  is flushed by lsn 0
[2020-12-24 12:34:32,902][INFO][WAL][CollectionFlushed][wal_thread]  is flushed by lsn 0
[2020-12-24 12:34:33,906][INFO][WAL][CollectionFlushed][wal_thread]  is flushed by lsn 0
[2020-12-24 12:34:34,910][INFO][WAL][CollectionFlushed][wal_thread]  is flushed by lsn 0
[2020-12-24 12:34:35,914][INFO][WAL][CollectionFlushed][wal_thread]  is flushed by lsn 0
[2020-12-24 12:34:36,918][INFO][WAL][CollectionFlushed][wal_thread]  is flushed by lsn 0
[2020-12-24 12:34:37,923][INFO][WAL][CollectionFlushed][wal_thread]  is flushed by lsn 0
[2020-12-24 12:34:38,927][INFO][WAL][CollectionFlushed][wal_thread]  is flushed by lsn 0
[2020-12-24 12:34:39,931][INFO][WAL][CollectionFlushed][wal_thread]  is flushed by lsn 0
[2020-12-24 12:34:40,935][INFO][WAL][CollectionFlushed][wal_thread]  is flushed by lsn 0
[2020-12-24 12:34:41,940][INFO][WAL][CollectionFlushed][wal_thread]  is flushed by lsn 0
[2020-12-24 12:34:42,943][INFO][WAL][CollectionFlushed][wal_thread]  is flushed by lsn 0
[2020-12-24 12:34:43,946][INFO][WAL][CollectionFlushed][wal_thread]  is flushed by lsn 0
[2020-12-24 12:34:44,948][INFO][WAL][CollectionFlushed][wal_thread]  is flushed by lsn 0
[2020-12-24 12:34:45,950][INFO][WAL][CollectionFlushed][wal_thread]  is flushed by lsn 0
[2020-12-24 12:34:46,953][INFO][WAL][CollectionFlushed][wal_thread]  is flushed by lsn 0
[2020-12-24 12:34:47,958][INFO][WAL][CollectionFlushed][wal_thread]  is flushed by lsn 0
[2020-12-24 12:34:48,960][INFO][WAL][CollectionFlushed][wal_thread]  is flushed by lsn 0
[2020-12-24 12:34:49,964][INFO][WAL][CollectionFlushed][wal_thread]  is flushed by lsn 0
[2020-12-24 12:34:50,968][INFO][WAL][CollectionFlushed][wal_thread]  is flushed by lsn 0
[2020-12-24 12:34:51,973][INFO][WAL][CollectionFlushed][wal_thread]  is flushed by lsn 0
[2020-12-24 12:34:52,976][INFO][WAL][CollectionFlushed][wal_thread]  is flushed by lsn 0
[2020-12-24 12:34:53,980][INFO][WAL][CollectionFlushed][wal_thread]  is flushed by lsn 0
[2020-12-24 12:34:54,985][INFO][WAL][CollectionFlushed][wal_thread]  is flushed by lsn 0
[2020-12-24 12:34:55,988][INFO][WAL][CollectionFlushed][wal_thread]  is flushed by lsn 0
[2020-12-24 12:34:56,989][INFO][WAL][CollectionFlushed][wal_thread]  is flushed by lsn 0
[2020-12-24 12:34:57,991][INFO][WAL][CollectionFlushed][wal_thread]  is flushed by lsn 0
[2020-12-24 12:34:58,994][INFO][WAL][CollectionFlushed][wal_thread]  is flushed by lsn 0
[2020-12-24 12:34:59,997][INFO][WAL][CollectionFlushed][wal_thread]  is flushed by lsn 0
[2020-12-24 12:35:01,000][INFO][WAL][CollectionFlushed][wal_thread]  is flushed by lsn 0
[2020-12-24 12:35:02,002][INFO][WAL][CollectionFlushed][wal_thread]  is flushed by lsn 0
[2020-12-24 12:35:03,008][INFO][WAL][CollectionFlushed][wal_thread]  is flushed by lsn 0
[2020-12-24 12:35:04,012][INFO][WAL][CollectionFlushed][wal_thread]  is flushed by lsn 0
[2020-12-24 12:35:05,016][INFO][WAL][CollectionFlushed][wal_thread]  is flushed by lsn 0
[2020-12-24 12:35:06,020][INFO][WAL][CollectionFlushed][wal_thread]  is flushed by lsn 0
[2020-12-24 12:35:07,024][INFO][WAL][CollectionFlushed][wal_thread]  is flushed by lsn 0
[2020-12-24 12:35:08,028][INFO][WAL][CollectionFlushed][wal_thread]  is flushed by lsn 0
[2020-12-24 12:35:09,032][INFO][WAL][CollectionFlushed][wal_thread]  is flushed by lsn 0
[2020-12-24 12:35:10,037][INFO][WAL][CollectionFlushed][wal_thread]  is flushed by lsn 0
[2020-12-24 12:35:11,041][INFO][WAL][CollectionFlushed][wal_thread]  is flushed by lsn 0
[2020-12-24 12:35:12,044][INFO][WAL][CollectionFlushed][wal_thread]  is flushed by lsn 0
[2020-12-24 12:35:13,047][INFO][WAL][CollectionFlushed][wal_thread]  is flushed by lsn 0
[2020-12-24 12:35:14,049][INFO][WAL][CollectionFlushed][wal_thread]  is flushed by lsn 0
[2020-12-24 12:35:15,052][INFO][WAL][CollectionFlushed][wal_thread]  is flushed by lsn 0
[2020-12-24 12:35:16,056][INFO][WAL][CollectionFlushed][wal_thread]  is flushed by lsn 0
[2020-12-24 12:35:17,059][INFO][WAL][CollectionFlushed][wal_thread]  is flushed by lsn 0
[2020-12-24 12:35:18,062][INFO][WAL][CollectionFlushed][wal_thread]  is flushed by lsn 0
[2020-12-24 12:35:19,066][INFO][WAL][CollectionFlushed][wal_thread]  is flushed by lsn 0
[2020-12-24 12:35:20,068][INFO][WAL][CollectionFlushed][wal_thread]  is flushed by lsn 0
[2020-12-24 12:35:21,071][INFO][WAL][CollectionFlushed][wal_thread]  is flushed by lsn 0
[2020-12-24 12:35:22,074][INFO][WAL][CollectionFlushed][wal_thread]  is flushed by lsn 0
[2020-12-24 12:35:23,077][INFO][WAL][CollectionFlushed][wal_thread]  is flushed by lsn 0
[2020-12-24 12:35:24,079][INFO][WAL][CollectionFlushed][wal_thread]  is flushed by lsn 0
[2020-12-24 12:35:25,080][INFO][WAL][CollectionFlushed][wal_thread]  is flushed by lsn 0
[2020-12-24 12:35:26,083][INFO][WAL][CollectionFlushed][wal_thread]  is flushed by lsn 0
[2020-12-24 12:35:27,084][INFO][WAL][CollectionFlushed][wal_thread]  is flushed by lsn 0
[2020-12-24 12:35:28,087][INFO][WAL][CollectionFlushed][wal_thread]  is flushed by lsn 0
[2020-12-24 12:35:29,091][INFO][WAL][CollectionFlushed][wal_thread]  is flushed by lsn 0
[2020-12-24 12:35:30,093][INFO][WAL][CollectionFlushed][wal_thread]  is flushed by lsn 0
[2020-12-24 12:35:31,095][INFO][WAL][CollectionFlushed][wal_thread]  is flushed by lsn 0
[2020-12-24 12:35:32,096][INFO][WAL][CollectionFlushed][wal_thread]  is flushed by lsn 0
[2020-12-24 12:35:33,097][INFO][WAL][CollectionFlushed][wal_thread]  is flushed by lsn 0
[2020-12-24 12:35:34,100][INFO][WAL][CollectionFlushed][wal_thread]  is flushed by lsn 0
[2020-12-24 12:35:35,102][INFO][WAL][CollectionFlushed][wal_thread]  is flushed by lsn 0
[2020-12-24 12:35:36,103][INFO][WAL][CollectionFlushed][wal_thread]  is flushed by lsn 0
[2020-12-24 12:35:37,106][INFO][WAL][CollectionFlushed][wal_thread]  is flushed by lsn 0
[2020-12-24 12:35:38,109][INFO][WAL][CollectionFlushed][wal_thread]  is flushed by lsn 0
[2020-12-24 12:35:39,112][INFO][WAL][CollectionFlushed][wal_thread]  is flushed by lsn 0
[2020-12-24 12:35:40,114][INFO][WAL][CollectionFlushed][wal_thread]  is flushed by lsn 0
[2020-12-24 12:35:41,115][INFO][WAL][CollectionFlushed][wal_thread]  is flushed by lsn 0
[2020-12-24 12:35:42,116][INFO][WAL][CollectionFlushed][wal_thread]  is flushed by lsn 0
[2020-12-24 12:35:43,118][INFO][WAL][CollectionFlushed][wal_thread]  is flushed by lsn 0
[2020-12-24 12:35:44,120][INFO][WAL][CollectionFlushed][wal_thread]  is flushed by lsn 0
[2020-12-24 12:35:45,122][INFO][WAL][CollectionFlushed][wal_thread]  is flushed by lsn 0
[2020-12-24 12:35:46,124][INFO][WAL][CollectionFlushed][wal_thread]  is flushed by lsn 0
[2020-12-24 12:35:47,125][INFO][WAL][CollectionFlushed][wal_thread]  is flushed by lsn 0
[2020-12-24 12:35:48,128][INFO][WAL][CollectionFlushed][wal_thread]  is flushed by lsn 0
[2020-12-24 12:35:49,131][INFO][WAL][CollectionFlushed][wal_thread]  is flushed by lsn 0
[2020-12-24 12:35:50,132][INFO][WAL][CollectionFlushed][wal_thread]  is flushed by lsn 0
[2020-12-24 12:35:51,135][INFO][WAL][CollectionFlushed][wal_thread]  is flushed by lsn 0
[2020-12-24 12:35:52,138][INFO][WAL][CollectionFlushed][wal_thread]  is flushed by lsn 0
[2020-12-24 12:35:53,139][INFO][WAL][CollectionFlushed][wal_thread]  is flushed by lsn 0
[2020-12-24 12:35:54,142][INFO][WAL][CollectionFlushed][wal_thread]  is flushed by lsn 0
[2020-12-24 12:35:55,147][INFO][WAL][CollectionFlushed][wal_thread]  is flushed by lsn 0
[2020-12-24 12:35:56,151][INFO][WAL][CollectionFlushed][wal_thread]  is flushed by lsn 0
[2020-12-24 12:35:57,155][INFO][WAL][CollectionFlushed][wal_thread]  is flushed by lsn 0
[2020-12-24 12:35:58,160][INFO][WAL][CollectionFlushed][wal_thread]  is flushed by lsn 0
[2020-12-24 12:35:59,164][INFO][WAL][CollectionFlushed][wal_thread]  is flushed by lsn 0
[2020-12-24 12:36:00,168][INFO][WAL][CollectionFlushed][wal_thread]  is flushed by lsn 0
[2020-12-24 12:36:01,172][INFO][WAL][CollectionFlushed][wal_thread]  is flushed by lsn 0
[2020-12-24 12:36:02,177][INFO][WAL][CollectionFlushed][wal_thread]  is flushed by lsn 0
[2020-12-24 12:36:03,181][INFO][WAL][CollectionFlushed][wal_thread]  is flushed by lsn 0
[2020-12-24 12:36:04,186][INFO][WAL][CollectionFlushed][wal_thread]  is flushed by lsn 0
[2020-12-24 12:36:05,188][INFO][WAL][CollectionFlushed][wal_thread]  is flushed by lsn 0
[2020-12-24 12:36:06,192][INFO][WAL][CollectionFlushed][wal_thread]  is flushed by lsn 0
[2020-12-24 12:36:07,196][INFO][WAL][CollectionFlushed][wal_thread]  is flushed by lsn 0
[2020-12-24 12:36:08,198][INFO][WAL][CollectionFlushed][wal_thread]  is flushed by lsn 0
[2020-12-24 12:36:09,202][INFO][WAL][CollectionFlushed][wal_thread]  is flushed by lsn 0
[2020-12-24 12:36:10,206][INFO][WAL][CollectionFlushed][wal_thread]  is flushed by lsn 0
[2020-12-24 12:36:11,210][INFO][WAL][CollectionFlushed][wal_thread]  is flushed by lsn 0
[2020-12-24 12:36:12,215][INFO][WAL][CollectionFlushed][wal_thread]  is flushed by lsn 0
[2020-12-24 12:36:13,220][INFO][WAL][CollectionFlushed][wal_thread]  is flushed by lsn 0
[2020-12-24 12:36:14,224][INFO][WAL][CollectionFlushed][wal_thread]  is flushed by lsn 0
[2020-12-24 12:36:15,229][INFO][WAL][CollectionFlushed][wal_thread]  is flushed by lsn 0
[2020-12-24 12:36:16,231][INFO][WAL][CollectionFlushed][wal_thread]  is flushed by lsn 0
[2020-12-24 12:36:17,235][INFO][WAL][CollectionFlushed][wal_thread]  is flushed by lsn 0
[2020-12-24 12:36:18,239][INFO][WAL][CollectionFlushed][wal_thread]  is flushed by lsn 0
[2020-12-24 12:36:19,244][INFO][WAL][CollectionFlushed][wal_thread]  is flushed by lsn 0
[2020-12-24 12:36:20,248][INFO][WAL][CollectionFlushed][wal_thread]  is flushed by lsn 0
[2020-12-24 12:36:21,253][INFO][WAL][CollectionFlushed][wal_thread]  is flushed by lsn 0
[2020-12-24 12:36:22,257][INFO][WAL][CollectionFlushed][wal_thread]  is flushed by lsn 0
[2020-12-24 12:36:23,260][INFO][WAL][CollectionFlushed][wal_thread]  is flushed by lsn 0
[2020-12-24 12:36:24,264][INFO][WAL][CollectionFlushed][wal_thread]  is flushed by lsn 0
[2020-12-24 12:36:25,268][INFO][WAL][CollectionFlushed][wal_thread]  is flushed by lsn 0
[2020-12-24 12:36:26,271][INFO][WAL][CollectionFlushed][wal_thread]  is flushed by lsn 0
[2020-12-24 12:36:27,273][INFO][WAL][CollectionFlushed][wal_thread]  is flushed by lsn 0
[2020-12-24 12:36:28,276][INFO][WAL][CollectionFlushed][wal_thread]  is flushed by lsn 0
[2020-12-24 12:36:29,280][INFO][WAL][CollectionFlushed][wal_thread]  is flushed by lsn 0
[2020-12-24 12:36:30,283][INFO][WAL][CollectionFlushed][wal_thread]  is flushed by lsn 0
[2020-12-24 12:36:31,285][INFO][WAL][CollectionFlushed][wal_thread]  is flushed by lsn 0
[2020-12-24 12:36:32,287][INFO][WAL][CollectionFlushed][wal_thread]  is flushed by lsn 0
[2020-12-24 12:36:33,290][INFO][WAL][CollectionFlushed][wal_thread]  is flushed by lsn 0
[2020-12-24 12:36:34,295][INFO][WAL][CollectionFlushed][wal_thread]  is flushed by lsn 0
[2020-12-24 12:36:35,300][INFO][WAL][CollectionFlushed][wal_thread]  is flushed by lsn 0
[2020-12-24 12:36:36,304][INFO][WAL][CollectionFlushed][wal_thread]  is flushed by lsn 0
[2020-12-24 12:36:37,307][INFO][WAL][CollectionFlushed][wal_thread]  is flushed by lsn 0
[2020-12-24 12:36:38,310][INFO][WAL][CollectionFlushed][wal_thread]  is flushed by lsn 0
[2020-12-24 12:36:39,314][INFO][WAL][CollectionFlushed][wal_thread]  is flushed by lsn 0
[2020-12-24 12:36:40,317][INFO][WAL][CollectionFlushed][wal_thread]  is flushed by lsn 0
[2020-12-24 12:36:41,321][INFO][WAL][CollectionFlushed][wal_thread]  is flushed by lsn 0
[2020-12-24 12:36:42,324][INFO][WAL][CollectionFlushed][wal_thread]  is flushed by lsn 0
[2020-12-24 12:36:43,326][INFO][WAL][CollectionFlushed][wal_thread]  is flushed by lsn 0
[2020-12-24 12:36:44,330][INFO][WAL][CollectionFlushed][wal_thread]  is flushed by lsn 0
[2020-12-24 12:36:45,333][INFO][WAL][CollectionFlushed][wal_thread]  is flushed by lsn 0
[2020-12-24 12:36:46,336][INFO][WAL][CollectionFlushed][wal_thread]  is flushed by lsn 0
[2020-12-24 12:36:47,339][INFO][WAL][CollectionFlushed][wal_thread]  is flushed by lsn 0
[2020-12-24 12:36:48,343][INFO][WAL][CollectionFlushed][wal_thread]  is flushed by lsn 0
[2020-12-24 12:36:49,347][INFO][WAL][CollectionFlushed][wal_thread]  is flushed by lsn 0
[2020-12-24 12:36:50,351][INFO][WAL][CollectionFlushed][wal_thread]  is flushed by lsn 0
[2020-12-24 12:36:51,354][INFO][WAL][CollectionFlushed][wal_thread]  is flushed by lsn 0
[2020-12-24 12:36:52,358][INFO][WAL][CollectionFlushed][wal_thread]  is flushed by lsn 0
[2020-12-24 12:36:53,362][INFO][WAL][CollectionFlushed][wal_thread]  is flushed by lsn 0
[2020-12-24 12:36:54,366][INFO][WAL][CollectionFlushed][wal_thread]  is flushed by lsn 0
[2020-12-24 12:36:55,370][INFO][WAL][CollectionFlushed][wal_thread]  is flushed by lsn 0
[2020-12-24 12:36:56,374][INFO][WAL][CollectionFlushed][wal_thread]  is flushed by lsn 0
[2020-12-24 12:36:57,376][INFO][WAL][CollectionFlushed][wal_thread]  is flushed by lsn 0
[2020-12-24 12:36:58,379][INFO][WAL][CollectionFlushed][wal_thread]  is flushed by lsn 0
[2020-12-24 12:36:59,381][INFO][WAL][CollectionFlushed][wal_thread]  is flushed by lsn 0
[2020-12-24 12:37:00,384][INFO][WAL][CollectionFlushed][wal_thread]  is flushed by lsn 0
[2020-12-24 12:37:01,388][INFO][WAL][CollectionFlushed][wal_thread]  is flushed by lsn 0
[2020-12-24 12:37:02,392][INFO][WAL][CollectionFlushed][wal_thread]  is flushed by lsn 0
[2020-12-24 12:37:03,397][INFO][WAL][CollectionFlushed][wal_thread]  is flushed by lsn 0
[2020-12-24 12:37:04,401][INFO][WAL][CollectionFlushed][wal_thread]  is flushed by lsn 0
[2020-12-24 12:37:05,405][INFO][WAL][CollectionFlushed][wal_thread]  is flushed by lsn 0
[2020-12-24 12:37:06,410][INFO][WAL][CollectionFlushed][wal_thread]  is flushed by lsn 0
[2020-12-24 12:37:07,414][INFO][WAL][CollectionFlushed][wal_thread]  is flushed by lsn 0
[2020-12-24 12:37:08,418][INFO][WAL][CollectionFlushed][wal_thread]  is flushed by lsn 0
[2020-12-24 12:37:09,422][INFO][WAL][CollectionFlushed][wal_thread]  is flushed by lsn 0
[2020-12-24 12:37:10,426][INFO][WAL][CollectionFlushed][wal_thread]  is flushed by lsn 0
[2020-12-24 12:37:11,429][INFO][WAL][CollectionFlushed][wal_thread]  is flushed by lsn 0
[2020-12-24 12:37:12,433][INFO][WAL][CollectionFlushed][wal_thread]  is flushed by lsn 0
[2020-12-24 12:37:13,437][INFO][WAL][CollectionFlushed][wal_thread]  is flushed by lsn 0
[2020-12-24 12:37:14,441][INFO][WAL][CollectionFlushed][wal_thread]  is flushed by lsn 0
[2020-12-24 12:37:15,445][INFO][WAL][CollectionFlushed][wal_thread]  is flushed by lsn 0
[2020-12-24 12:37:16,447][INFO][WAL][CollectionFlushed][wal_thread]  is flushed by lsn 0
[2020-12-24 12:37:17,450][INFO][WAL][CollectionFlushed][wal_thread]  is flushed by lsn 0
[2020-12-24 12:37:18,454][INFO][WAL][CollectionFlushed][wal_thread]  is flushed by lsn 0
[2020-12-24 12:37:19,457][INFO][WAL][CollectionFlushed][wal_thread]  is flushed by lsn 0
[2020-12-24 12:37:20,460][INFO][WAL][CollectionFlushed][wal_thread]  is flushed by lsn 0
[2020-12-24 12:37:21,462][INFO][WAL][CollectionFlushed][wal_thread]  is flushed by lsn 0
[2020-12-24 12:37:22,466][INFO][WAL][CollectionFlushed][wal_thread]  is flushed by lsn 0
[2020-12-24 12:37:23,469][INFO][WAL][CollectionFlushed][wal_thread]  is flushed by lsn 0
[2020-12-24 12:37:24,472][INFO][WAL][CollectionFlushed][wal_thread]  is flushed by lsn 0
[2020-12-24 12:37:25,475][INFO][WAL][CollectionFlushed][wal_thread]  is flushed by lsn 0
[2020-12-24 12:37:26,478][INFO][WAL][CollectionFlushed][wal_thread]  is flushed by lsn 0
[2020-12-24 12:37:27,480][INFO][WAL][CollectionFlushed][wal_thread]  is flushed by lsn 0
[2020-12-24 12:37:28,483][INFO][WAL][CollectionFlushed][wal_thread]  is flushed by lsn 0
[2020-12-24 12:37:29,485][INFO][WAL][CollectionFlushed][wal_thread]  is flushed by lsn 0
[2020-12-24 12:37:30,488][INFO][WAL][CollectionFlushed][wal_thread]  is flushed by lsn 0
[2020-12-24 12:37:31,490][INFO][WAL][CollectionFlushed][wal_thread]  is flushed by lsn 0
[2020-12-24 12:37:32,493][INFO][WAL][CollectionFlushed][wal_thread]  is flushed by lsn 0
[2020-12-24 12:37:33,497][INFO][WAL][CollectionFlushed][wal_thread]  is flushed by lsn 0
[2020-12-24 12:37:34,499][INFO][WAL][CollectionFlushed][wal_thread]  is flushed by lsn 0
[2020-12-24 12:37:35,503][INFO][WAL][CollectionFlushed][wal_thread]  is flushed by lsn 0
[2020-12-24 12:37:36,507][INFO][WAL][CollectionFlushed][wal_thread]  is flushed by lsn 0
[2020-12-24 12:37:37,510][INFO][WAL][CollectionFlushed][wal_thread]  is flushed by lsn 0
[2020-12-24 12:37:38,512][INFO][WAL][CollectionFlushed][wal_thread]  is flushed by lsn 0
[2020-12-24 12:37:39,516][INFO][WAL][CollectionFlushed][wal_thread]  is flushed by lsn 0
[2020-12-24 12:37:40,520][INFO][WAL][CollectionFlushed][wal_thread]  is flushed by lsn 0
[2020-12-24 12:37:41,525][INFO][WAL][CollectionFlushed][wal_thread]  is flushed by lsn 0
[2020-12-24 12:37:42,528][INFO][WAL][CollectionFlushed][wal_thread]  is flushed by lsn 0
[2020-12-24 12:37:43,531][INFO][WAL][CollectionFlushed][wal_thread]  is flushed by lsn 0
[2020-12-24 12:37:44,534][INFO][WAL][CollectionFlushed][wal_thread]  is flushed by lsn 0
[2020-12-24 12:37:45,539][INFO][WAL][CollectionFlushed][wal_thread]  is flushed by lsn 0
[2020-12-24 12:37:46,544][INFO][WAL][CollectionFlushed][wal_thread]  is flushed by lsn 0
[2020-12-24 12:37:47,548][INFO][WAL][CollectionFlushed][wal_thread]  is flushed by lsn 0
[2020-12-24 12:37:48,552][INFO][WAL][CollectionFlushed][wal_thread]  is flushed by lsn 0
[2020-12-24 12:37:49,555][INFO][WAL][CollectionFlushed][wal_thread]  is flushed by lsn 0
[2020-12-24 12:37:50,559][INFO][WAL][CollectionFlushed][wal_thread]  is flushed by lsn 0
[2020-12-24 12:37:51,563][INFO][WAL][CollectionFlushed][wal_thread]  is flushed by lsn 0
[2020-12-24 12:37:52,566][INFO][WAL][CollectionFlushed][wal_thread]  is flushed by lsn 0
[2020-12-24 12:37:53,570][INFO][WAL][CollectionFlushed][wal_thread]  is flushed by lsn 0
[2020-12-24 12:37:54,574][INFO][WAL][CollectionFlushed][wal_thread]  is flushed by lsn 0
