[2020-12-30 14:38:22,910][INFO][SERVER][Check][milvus_server] InstanceLockCheck passed.
[2020-12-30 14:38:22,912][INFO][SERVER][Check][milvus_server] InstanceLockCheck passed.
[2020-12-30 14:38:22,912][INFO][SERVER][Start][milvus_server] Milvus Release version: v0.9.1, built at 2020-05-28 17:39.31
[2020-12-30 14:38:22,912][INFO][SERVER][Start][milvus_server] CPU edition
[2020-12-30 14:38:22,913][INFO][SERVER][CheckCpuInstructionSet][milvus_server] Supported CPU instruction sets: avx2, sse4_2
[2020-12-30 14:38:22,916][INFO][SERVER][LogConfigInFile][milvus_server] 

***************Config in file***************

version: 0.4
server_config:
  address: 0.0.0.0
  port: 19530
  deploy_mode: single
  time_zone: UTC+8
  web_enable: true
  web_port: 19121
db_config:
  backend_url: sqlite://:@:/
  preload_collection: ~
  auto_flush_interval: 1
storage_config:
  primary_path: /var/lib/milvus
  secondary_path: ~
  file_cleanup_timeout: 10
metric_config:
  enable_monitor: false
  address: 127.0.0.1
  port: 9091
cache_config:
  cpu_cache_capacity: 1
  insert_buffer_size: 1
  cache_insert_data: false
engine_config:
  use_blas_threshold: 1100
  gpu_search_threshold: 1000
gpu_resource_config:
  enable: false
  cache_capacity: 1
  search_resources:
    - gpu0
  build_index_resources:
    - gpu0
tracing_config:
  json_config_path: ~
wal_config:
  enable: true
  recovery_error_ignore: true
  buffer_size: 256
  wal_path: /var/lib/milvus/wal
logs:
  trace.enable: true
  debug.enable: true
  info.enable: true
  warning.enable: true
  error.enable: true
  fatal.enable: true
  path: /var/lib/milvus/logs
  max_log_file_size: 1024
  log_rotate_num: 0
[2020-12-30 14:38:22,948][INFO][SERVER][LogCpuInfo][milvus_server] 

***************CPU***************

processor	: 1
vendor_id	: GenuineIntel
cpu family	: 6
model		: 142
model name	: Intel(R) Core(TM) i5-8250U CPU @ 1.60GHz
stepping	: 10
microcode	: 0xffffffff
cpu MHz		: 1799.999
cache size	: 6144 KB
physical id	: 0
siblings	: 2
core id		: 0
cpu cores	: 1
apicid		: 1
initial apicid	: 1
fpu		: yes
fpu_exception	: yes
cpuid level	: 21
wp		: yes
flags		: fpu vme de pse tsc msr pae mce cx8 apic sep mtrr pge mca cmov pat pse36 clflush mmx fxsr sse sse2 ss ht syscall nx pdpe1gb rdtscp lm constant_tsc rep_good nopl xtopology cpuid pni pclmulqdq ssse3 fma cx16 pcid sse4_1 sse4_2 movbe popcnt aes xsave avx f16c rdrand hypervisor lahf_lm abm 3dnowprefetch invpcid_single ssbd ibrs ibpb stibp fsgsbase bmi1 avx2 smep bmi2 erms invpcid mpx rdseed adx smap clflushopt xsaveopt xsavec xgetbv1 xsaves flush_l1d arch_capabilities
bugs		: cpu_meltdown spectre_v1 spectre_v2 spec_store_bypass l1tf mds swapgs itlb_multihit
bogomips	: 3599.99
clflush size	: 64
cache_alignment	: 64
address sizes	: 39 bits physical, 48 bits virtual
power management:


[2020-12-30 14:38:22,948][INFO][SERVER][LogConfigInMem][milvus_server] 

***************Config in memory***************

{
   "cache_config": {
      "cache_insert_data": "false",
      "cpu_cache_capacity": "1",
      "cpu_cache_threshold": "0.7",
      "insert_buffer_size": "1"
   },
   "db_config": {
      "archive_days_threshold": "0",
      "archive_disk_threshold": "0",
      "auto_flush_interval": "1",
      "backend_url": "sqlite://:@:/",
      "preload_collection": ""
   },
   "engine_config": {
      "omp_thread_num": "0",
      "simd_type": "auto",
      "use_blas_threshold": "1100"
   },
   "logs": {
      "debug.enable": "true",
      "error.enable": "true",
      "fatal.enable": "true",
      "info.enable": "true",
      "log_rotate_num": "0",
      "max_log_file_size": "1024",
      "path": "/var/lib/milvus/logs",
      "trace.enable": "true",
      "warning.enable": "true"
   },
   "metric_config": {
      "address": "127.0.0.1",
      "enable_monitor": "false",
      "port": "9091"
   },
   "server_config": {
      "address": "0.0.0.0",
      "deploy_mode": "single",
      "port": "19530",
      "time_zone": "UTC+8",
      "web_enable": "true",
      "web_port": "19121"
   },
   "storage_config": {
      "primary_path": "/var/lib/milvus",
      "secondary_path": ""
   },
   "tracing_config": {
      "json_config_path": ""
   },
   "wal_config": {
      "buffer_size": "256",
      "enable": "true",
      "recovery_error_ignore": "true",
      "wal_path": "/var/lib/milvus/wal"
   }
}
[2020-12-30 14:38:22,952][INFO][ENGINE][Build][milvus_server] Using SQLite
[2020-12-30 14:38:24,020][INFO][WAL][CollectionFlushed][wal_thread]  is flushed by lsn 0
[2020-12-30 14:38:25,023][INFO][WAL][CollectionFlushed][wal_thread]  is flushed by lsn 0
[2020-12-30 14:38:26,024][INFO][WAL][CollectionFlushed][wal_thread]  is flushed by lsn 0
[2020-12-30 14:38:27,025][INFO][WAL][CollectionFlushed][wal_thread]  is flushed by lsn 0
[2020-12-30 14:38:28,026][INFO][WAL][CollectionFlushed][wal_thread]  is flushed by lsn 0
[2020-12-30 14:38:29,028][INFO][WAL][CollectionFlushed][wal_thread]  is flushed by lsn 0
[2020-12-30 14:38:30,031][INFO][WAL][CollectionFlushed][wal_thread]  is flushed by lsn 0
[2020-12-30 14:38:31,034][INFO][WAL][CollectionFlushed][wal_thread]  is flushed by lsn 0
[2020-12-30 14:38:32,036][INFO][WAL][CollectionFlushed][wal_thread]  is flushed by lsn 0
[2020-12-30 14:38:33,039][INFO][WAL][CollectionFlushed][wal_thread]  is flushed by lsn 0
[2020-12-30 14:38:34,041][INFO][WAL][CollectionFlushed][wal_thread]  is flushed by lsn 0
[2020-12-30 14:38:35,043][INFO][WAL][CollectionFlushed][wal_thread]  is flushed by lsn 0
[2020-12-30 14:38:36,046][INFO][WAL][CollectionFlushed][wal_thread]  is flushed by lsn 0
[2020-12-30 14:38:37,047][INFO][WAL][CollectionFlushed][wal_thread]  is flushed by lsn 0
[2020-12-30 14:38:38,049][INFO][WAL][CollectionFlushed][wal_thread]  is flushed by lsn 0
[2020-12-30 14:38:39,052][INFO][WAL][CollectionFlushed][wal_thread]  is flushed by lsn 0
[2020-12-30 14:38:40,053][INFO][WAL][CollectionFlushed][wal_thread]  is flushed by lsn 0
[2020-12-30 14:38:41,056][INFO][WAL][CollectionFlushed][wal_thread]  is flushed by lsn 0
[2020-12-30 14:38:42,059][INFO][WAL][CollectionFlushed][wal_thread]  is flushed by lsn 0
[2020-12-30 14:38:43,063][INFO][WAL][CollectionFlushed][wal_thread]  is flushed by lsn 0
[2020-12-30 14:38:44,066][INFO][WAL][CollectionFlushed][wal_thread]  is flushed by lsn 0
[2020-12-30 14:38:45,069][INFO][WAL][CollectionFlushed][wal_thread]  is flushed by lsn 0
[2020-12-30 14:38:46,073][INFO][WAL][CollectionFlushed][wal_thread]  is flushed by lsn 0
[2020-12-30 14:38:47,076][INFO][WAL][CollectionFlushed][wal_thread]  is flushed by lsn 0
[2020-12-30 14:38:48,080][INFO][WAL][CollectionFlushed][wal_thread]  is flushed by lsn 0
[2020-12-30 14:38:49,083][INFO][WAL][CollectionFlushed][wal_thread]  is flushed by lsn 0
[2020-12-30 14:38:50,085][INFO][WAL][CollectionFlushed][wal_thread]  is flushed by lsn 0
[2020-12-30 14:38:51,088][INFO][WAL][CollectionFlushed][wal_thread]  is flushed by lsn 0
[2020-12-30 14:38:52,090][INFO][WAL][CollectionFlushed][wal_thread]  is flushed by lsn 0
[2020-12-30 14:38:53,093][INFO][WAL][CollectionFlushed][wal_thread]  is flushed by lsn 0
[2020-12-30 14:38:54,095][INFO][WAL][CollectionFlushed][wal_thread]  is flushed by lsn 0
[2020-12-30 14:38:55,098][INFO][WAL][CollectionFlushed][wal_thread]  is flushed by lsn 0
[2020-12-30 14:38:56,099][INFO][WAL][CollectionFlushed][wal_thread]  is flushed by lsn 0
[2020-12-30 14:38:57,101][INFO][WAL][CollectionFlushed][wal_thread]  is flushed by lsn 0
[2020-12-30 14:38:58,104][INFO][WAL][CollectionFlushed][wal_thread]  is flushed by lsn 0
[2020-12-30 14:38:59,107][INFO][WAL][CollectionFlushed][wal_thread]  is flushed by lsn 0
[2020-12-30 14:39:00,108][INFO][WAL][CollectionFlushed][wal_thread]  is flushed by lsn 0
[2020-12-30 14:39:01,110][INFO][WAL][CollectionFlushed][wal_thread]  is flushed by lsn 0
[2020-12-30 14:39:02,112][INFO][WAL][CollectionFlushed][wal_thread]  is flushed by lsn 0
[2020-12-30 14:39:03,113][INFO][WAL][CollectionFlushed][wal_thread]  is flushed by lsn 0
[2020-12-30 14:39:04,117][INFO][WAL][CollectionFlushed][wal_thread]  is flushed by lsn 0
[2020-12-30 14:39:05,120][INFO][WAL][CollectionFlushed][wal_thread]  is flushed by lsn 0
[2020-12-30 14:39:06,121][INFO][WAL][CollectionFlushed][wal_thread]  is flushed by lsn 0
[2020-12-30 14:39:07,124][INFO][WAL][CollectionFlushed][wal_thread]  is flushed by lsn 0
[2020-12-30 14:39:08,126][INFO][WAL][CollectionFlushed][wal_thread]  is flushed by lsn 0
[2020-12-30 14:39:09,128][INFO][WAL][CollectionFlushed][wal_thread]  is flushed by lsn 0
[2020-12-30 14:39:10,131][INFO][WAL][CollectionFlushed][wal_thread]  is flushed by lsn 0
[2020-12-30 14:39:11,134][INFO][WAL][CollectionFlushed][wal_thread]  is flushed by lsn 0
[2020-12-30 14:39:12,136][INFO][WAL][CollectionFlushed][wal_thread]  is flushed by lsn 0
[2020-12-30 14:39:13,138][INFO][WAL][CollectionFlushed][wal_thread]  is flushed by lsn 0
[2020-12-30 14:39:14,141][INFO][WAL][CollectionFlushed][wal_thread]  is flushed by lsn 0
[2020-12-30 14:39:15,145][INFO][WAL][CollectionFlushed][wal_thread]  is flushed by lsn 0
[2020-12-30 14:39:16,148][INFO][WAL][CollectionFlushed][wal_thread]  is flushed by lsn 0
[2020-12-30 14:39:17,151][INFO][WAL][CollectionFlushed][wal_thread]  is flushed by lsn 0
[2020-12-30 14:39:18,153][INFO][WAL][CollectionFlushed][wal_thread]  is flushed by lsn 0
[2020-12-30 14:39:19,156][INFO][WAL][CollectionFlushed][wal_thread]  is flushed by lsn 0
[2020-12-30 14:39:20,159][INFO][WAL][CollectionFlushed][wal_thread]  is flushed by lsn 0
[2020-12-30 14:39:21,161][INFO][WAL][CollectionFlushed][wal_thread]  is flushed by lsn 0
[2020-12-30 14:39:22,163][INFO][WAL][CollectionFlushed][wal_thread]  is flushed by lsn 0
[2020-12-30 14:39:23,165][INFO][WAL][CollectionFlushed][wal_thread]  is flushed by lsn 0
[2020-12-30 14:39:24,166][INFO][WAL][CollectionFlushed][wal_thread]  is flushed by lsn 0
[2020-12-30 14:39:25,168][INFO][WAL][CollectionFlushed][wal_thread]  is flushed by lsn 0
[2020-12-30 14:39:26,171][INFO][WAL][CollectionFlushed][wal_thread]  is flushed by lsn 0
[2020-12-30 14:39:27,174][INFO][WAL][CollectionFlushed][wal_thread]  is flushed by lsn 0
[2020-12-30 14:39:28,178][INFO][WAL][CollectionFlushed][wal_thread]  is flushed by lsn 0
[2020-12-30 14:39:29,181][INFO][WAL][CollectionFlushed][wal_thread]  is flushed by lsn 0
[2020-12-30 14:39:30,183][INFO][WAL][CollectionFlushed][wal_thread]  is flushed by lsn 0
[2020-12-30 14:39:31,186][INFO][WAL][CollectionFlushed][wal_thread]  is flushed by lsn 0
[2020-12-30 14:39:32,189][INFO][WAL][CollectionFlushed][wal_thread]  is flushed by lsn 0
[2020-12-30 14:39:33,192][INFO][WAL][CollectionFlushed][wal_thread]  is flushed by lsn 0
[2020-12-30 14:39:34,196][INFO][WAL][CollectionFlushed][wal_thread]  is flushed by lsn 0
[2020-12-30 14:39:35,199][INFO][WAL][CollectionFlushed][wal_thread]  is flushed by lsn 0
[2020-12-30 14:39:36,203][INFO][WAL][CollectionFlushed][wal_thread]  is flushed by lsn 0
[2020-12-30 14:39:37,206][INFO][WAL][CollectionFlushed][wal_thread]  is flushed by lsn 0
[2020-12-30 14:39:38,210][INFO][WAL][CollectionFlushed][wal_thread]  is flushed by lsn 0
[2020-12-30 14:39:39,213][INFO][WAL][CollectionFlushed][wal_thread]  is flushed by lsn 0
[2020-12-30 14:39:40,216][INFO][WAL][CollectionFlushed][wal_thread]  is flushed by lsn 0
[2020-12-30 14:39:41,219][INFO][WAL][CollectionFlushed][wal_thread]  is flushed by lsn 0
[2020-12-30 14:39:42,221][INFO][WAL][CollectionFlushed][wal_thread]  is flushed by lsn 0
[2020-12-30 14:39:43,224][INFO][WAL][CollectionFlushed][wal_thread]  is flushed by lsn 0
[2020-12-30 14:39:44,227][INFO][WAL][CollectionFlushed][wal_thread]  is flushed by lsn 0
[2020-12-30 14:39:45,230][INFO][WAL][CollectionFlushed][wal_thread]  is flushed by lsn 0
[2020-12-30 14:39:46,233][INFO][WAL][CollectionFlushed][wal_thread]  is flushed by lsn 0
[2020-12-30 14:39:47,234][INFO][WAL][CollectionFlushed][wal_thread]  is flushed by lsn 0
[2020-12-30 14:39:48,235][INFO][WAL][CollectionFlushed][wal_thread]  is flushed by lsn 0
[2020-12-30 14:39:49,236][INFO][WAL][CollectionFlushed][wal_thread]  is flushed by lsn 0
[2020-12-30 14:39:50,240][INFO][WAL][CollectionFlushed][wal_thread]  is flushed by lsn 0
[2020-12-30 14:39:51,243][INFO][WAL][CollectionFlushed][wal_thread]  is flushed by lsn 0
[2020-12-30 14:39:52,244][INFO][WAL][CollectionFlushed][wal_thread]  is flushed by lsn 0
[2020-12-30 14:39:53,245][INFO][WAL][CollectionFlushed][wal_thread]  is flushed by lsn 0
[2020-12-30 14:39:54,248][INFO][WAL][CollectionFlushed][wal_thread]  is flushed by lsn 0
[2020-12-30 14:39:55,252][INFO][WAL][CollectionFlushed][wal_thread]  is flushed by lsn 0
[2020-12-30 14:39:56,254][INFO][WAL][CollectionFlushed][wal_thread]  is flushed by lsn 0
[2020-12-30 14:39:57,257][INFO][WAL][CollectionFlushed][wal_thread]  is flushed by lsn 0
[2020-12-30 14:39:58,260][INFO][WAL][CollectionFlushed][wal_thread]  is flushed by lsn 0
[2020-12-30 14:39:59,263][INFO][WAL][CollectionFlushed][wal_thread]  is flushed by lsn 0
[2020-12-30 14:40:00,264][INFO][WAL][CollectionFlushed][wal_thread]  is flushed by lsn 0
[2020-12-30 14:40:01,266][INFO][WAL][CollectionFlushed][wal_thread]  is flushed by lsn 0
[2020-12-30 14:40:02,267][INFO][WAL][CollectionFlushed][wal_thread]  is flushed by lsn 0
[2020-12-30 14:40:03,270][INFO][WAL][CollectionFlushed][wal_thread]  is flushed by lsn 0
[2020-12-30 14:40:04,272][INFO][WAL][CollectionFlushed][wal_thread]  is flushed by lsn 0
[2020-12-30 14:40:05,273][INFO][WAL][CollectionFlushed][wal_thread]  is flushed by lsn 0
[2020-12-30 14:40:06,274][INFO][WAL][CollectionFlushed][wal_thread]  is flushed by lsn 0
[2020-12-30 14:40:07,275][INFO][WAL][CollectionFlushed][wal_thread]  is flushed by lsn 0
[2020-12-30 14:40:08,277][INFO][WAL][CollectionFlushed][wal_thread]  is flushed by lsn 0
[2020-12-30 14:40:09,281][INFO][WAL][CollectionFlushed][wal_thread]  is flushed by lsn 0
[2020-12-30 14:40:10,282][INFO][WAL][CollectionFlushed][wal_thread]  is flushed by lsn 0
[2020-12-30 14:40:11,283][INFO][WAL][CollectionFlushed][wal_thread]  is flushed by lsn 0
[2020-12-30 14:40:12,287][INFO][WAL][CollectionFlushed][wal_thread]  is flushed by lsn 0
[2020-12-30 14:40:13,290][INFO][WAL][CollectionFlushed][wal_thread]  is flushed by lsn 0
[2020-12-30 14:40:14,311][INFO][WAL][CollectionFlushed][wal_thread]  is flushed by lsn 0
[2020-12-30 14:40:15,314][INFO][WAL][CollectionFlushed][wal_thread]  is flushed by lsn 0
[2020-12-30 14:40:16,315][INFO][WAL][CollectionFlushed][wal_thread]  is flushed by lsn 0
[2020-12-30 14:40:17,317][INFO][WAL][CollectionFlushed][wal_thread]  is flushed by lsn 0
[2020-12-30 14:40:18,320][INFO][WAL][CollectionFlushed][wal_thread]  is flushed by lsn 0
[2020-12-30 14:40:19,322][INFO][WAL][CollectionFlushed][wal_thread]  is flushed by lsn 0
[2020-12-30 14:40:20,325][INFO][WAL][CollectionFlushed][wal_thread]  is flushed by lsn 0
[2020-12-30 14:40:21,326][INFO][WAL][CollectionFlushed][wal_thread]  is flushed by lsn 0
[2020-12-30 14:40:22,327][INFO][WAL][CollectionFlushed][wal_thread]  is flushed by lsn 0
[2020-12-30 14:40:23,329][INFO][WAL][CollectionFlushed][wal_thread]  is flushed by lsn 0
[2020-12-30 14:40:24,335][INFO][WAL][CollectionFlushed][wal_thread]  is flushed by lsn 0
[2020-12-30 14:40:25,337][INFO][WAL][CollectionFlushed][wal_thread]  is flushed by lsn 0
[2020-12-30 14:40:26,338][INFO][WAL][CollectionFlushed][wal_thread]  is flushed by lsn 0
[2020-12-30 14:40:27,341][INFO][WAL][CollectionFlushed][wal_thread]  is flushed by lsn 0
[2020-12-30 14:40:28,342][INFO][WAL][CollectionFlushed][wal_thread]  is flushed by lsn 0
[2020-12-30 14:40:29,343][INFO][WAL][CollectionFlushed][wal_thread]  is flushed by lsn 0
[2020-12-30 14:40:30,345][INFO][WAL][CollectionFlushed][wal_thread]  is flushed by lsn 0
[2020-12-30 14:40:31,348][INFO][WAL][CollectionFlushed][wal_thread]  is flushed by lsn 0
[2020-12-30 14:40:32,349][INFO][WAL][CollectionFlushed][wal_thread]  is flushed by lsn 0
[2020-12-30 14:40:33,354][INFO][WAL][CollectionFlushed][wal_thread]  is flushed by lsn 0
[2020-12-30 14:40:34,355][INFO][WAL][CollectionFlushed][wal_thread]  is flushed by lsn 0
[2020-12-30 14:40:35,356][INFO][WAL][CollectionFlushed][wal_thread]  is flushed by lsn 0
[2020-12-30 14:40:36,358][INFO][WAL][CollectionFlushed][wal_thread]  is flushed by lsn 0
[2020-12-30 14:40:37,359][INFO][WAL][CollectionFlushed][wal_thread]  is flushed by lsn 0
[2020-12-30 14:40:38,361][INFO][WAL][CollectionFlushed][wal_thread]  is flushed by lsn 0
[2020-12-30 14:40:39,362][INFO][WAL][CollectionFlushed][wal_thread]  is flushed by lsn 0
[2020-12-30 14:40:40,365][INFO][WAL][CollectionFlushed][wal_thread]  is flushed by lsn 0
[2020-12-30 14:40:41,367][INFO][WAL][CollectionFlushed][wal_thread]  is flushed by lsn 0
[2020-12-30 14:40:42,369][INFO][WAL][CollectionFlushed][wal_thread]  is flushed by lsn 0
[2020-12-30 14:40:43,371][INFO][WAL][CollectionFlushed][wal_thread]  is flushed by lsn 0
[2020-12-30 14:40:44,373][INFO][WAL][CollectionFlushed][wal_thread]  is flushed by lsn 0
[2020-12-30 14:40:45,376][INFO][WAL][CollectionFlushed][wal_thread]  is flushed by lsn 0
[2020-12-30 14:40:46,377][INFO][WAL][CollectionFlushed][wal_thread]  is flushed by lsn 0
[2020-12-30 14:40:47,379][INFO][WAL][CollectionFlushed][wal_thread]  is flushed by lsn 0
[2020-12-30 14:40:48,383][INFO][WAL][CollectionFlushed][wal_thread]  is flushed by lsn 0
[2020-12-30 14:40:49,385][INFO][WAL][CollectionFlushed][wal_thread]  is flushed by lsn 0
[2020-12-30 14:40:50,386][INFO][WAL][CollectionFlushed][wal_thread]  is flushed by lsn 0
[2020-12-30 14:40:51,388][INFO][WAL][CollectionFlushed][wal_thread]  is flushed by lsn 0
[2020-12-30 14:40:52,390][INFO][WAL][CollectionFlushed][wal_thread]  is flushed by lsn 0
[2020-12-30 14:40:53,392][INFO][WAL][CollectionFlushed][wal_thread]  is flushed by lsn 0
[2020-12-30 14:40:54,395][INFO][WAL][CollectionFlushed][wal_thread]  is flushed by lsn 0
[2020-12-30 14:40:55,396][INFO][WAL][CollectionFlushed][wal_thread]  is flushed by lsn 0
[2020-12-30 14:40:56,397][INFO][WAL][CollectionFlushed][wal_thread]  is flushed by lsn 0
[2020-12-30 14:40:57,398][INFO][WAL][CollectionFlushed][wal_thread]  is flushed by lsn 0
[2020-12-30 14:40:58,398][INFO][WAL][CollectionFlushed][wal_thread]  is flushed by lsn 0
[2020-12-30 14:40:59,400][INFO][WAL][CollectionFlushed][wal_thread]  is flushed by lsn 0
[2020-12-30 14:41:00,401][INFO][WAL][CollectionFlushed][wal_thread]  is flushed by lsn 0
[2020-12-30 14:41:01,402][INFO][WAL][CollectionFlushed][wal_thread]  is flushed by lsn 0
[2020-12-30 14:41:02,404][INFO][WAL][CollectionFlushed][wal_thread]  is flushed by lsn 0
[2020-12-30 14:41:03,404][INFO][WAL][CollectionFlushed][wal_thread]  is flushed by lsn 0
[2020-12-30 14:41:04,405][INFO][WAL][CollectionFlushed][wal_thread]  is flushed by lsn 0
[2020-12-30 14:41:05,406][INFO][WAL][CollectionFlushed][wal_thread]  is flushed by lsn 0
[2020-12-30 14:41:06,407][INFO][WAL][CollectionFlushed][wal_thread]  is flushed by lsn 0
[2020-12-30 14:41:07,408][INFO][WAL][CollectionFlushed][wal_thread]  is flushed by lsn 0
[2020-12-30 14:41:08,410][INFO][WAL][CollectionFlushed][wal_thread]  is flushed by lsn 0
[2020-12-30 14:41:09,410][INFO][WAL][CollectionFlushed][wal_thread]  is flushed by lsn 0
[2020-12-30 14:41:10,412][INFO][WAL][CollectionFlushed][wal_thread]  is flushed by lsn 0
[2020-12-30 14:41:11,414][INFO][WAL][CollectionFlushed][wal_thread]  is flushed by lsn 0
[2020-12-30 14:41:12,416][INFO][WAL][CollectionFlushed][wal_thread]  is flushed by lsn 0
[2020-12-30 14:41:13,417][INFO][WAL][CollectionFlushed][wal_thread]  is flushed by lsn 0
[2020-12-30 14:41:14,418][INFO][WAL][CollectionFlushed][wal_thread]  is flushed by lsn 0
[2020-12-30 14:41:15,419][INFO][WAL][CollectionFlushed][wal_thread]  is flushed by lsn 0
[2020-12-30 14:41:16,420][INFO][WAL][CollectionFlushed][wal_thread]  is flushed by lsn 0
[2020-12-30 14:41:17,421][INFO][WAL][CollectionFlushed][wal_thread]  is flushed by lsn 0
[2020-12-30 14:41:18,422][INFO][WAL][CollectionFlushed][wal_thread]  is flushed by lsn 0
[2020-12-30 14:41:19,423][INFO][WAL][CollectionFlushed][wal_thread]  is flushed by lsn 0
[2020-12-30 14:41:20,425][INFO][WAL][CollectionFlushed][wal_thread]  is flushed by lsn 0
[2020-12-30 14:41:21,425][INFO][WAL][CollectionFlushed][wal_thread]  is flushed by lsn 0
[2020-12-30 14:41:22,426][INFO][WAL][CollectionFlushed][wal_thread]  is flushed by lsn 0
[2020-12-30 14:41:23,428][INFO][WAL][CollectionFlushed][wal_thread]  is flushed by lsn 0
[2020-12-30 14:41:24,429][INFO][WAL][CollectionFlushed][wal_thread]  is flushed by lsn 0
[2020-12-30 14:41:25,430][INFO][WAL][CollectionFlushed][wal_thread]  is flushed by lsn 0
[2020-12-30 14:41:26,431][INFO][WAL][CollectionFlushed][wal_thread]  is flushed by lsn 0
[2020-12-30 14:41:27,432][INFO][WAL][CollectionFlushed][wal_thread]  is flushed by lsn 0
[2020-12-30 14:41:28,433][INFO][WAL][CollectionFlushed][wal_thread]  is flushed by lsn 0
[2020-12-30 14:41:29,436][INFO][WAL][CollectionFlushed][wal_thread]  is flushed by lsn 0
[2020-12-30 14:41:30,437][INFO][WAL][CollectionFlushed][wal_thread]  is flushed by lsn 0
[2020-12-30 14:41:31,438][INFO][WAL][CollectionFlushed][wal_thread]  is flushed by lsn 0
[2020-12-30 14:41:32,440][INFO][WAL][CollectionFlushed][wal_thread]  is flushed by lsn 0
[2020-12-30 14:41:33,441][INFO][WAL][CollectionFlushed][wal_thread]  is flushed by lsn 0
[2020-12-30 14:41:34,443][INFO][WAL][CollectionFlushed][wal_thread]  is flushed by lsn 0
[2020-12-30 14:41:35,444][INFO][WAL][CollectionFlushed][wal_thread]  is flushed by lsn 0
[2020-12-30 14:41:36,446][INFO][WAL][CollectionFlushed][wal_thread]  is flushed by lsn 0
[2020-12-30 14:41:37,448][INFO][WAL][CollectionFlushed][wal_thread]  is flushed by lsn 0
[2020-12-30 14:41:38,451][INFO][WAL][CollectionFlushed][wal_thread]  is flushed by lsn 0
[2020-12-30 14:41:39,452][INFO][WAL][CollectionFlushed][wal_thread]  is flushed by lsn 0
[2020-12-30 14:41:40,453][INFO][WAL][CollectionFlushed][wal_thread]  is flushed by lsn 0
[2020-12-30 14:41:41,454][INFO][WAL][CollectionFlushed][wal_thread]  is flushed by lsn 0
[2020-12-30 14:41:42,457][INFO][WAL][CollectionFlushed][wal_thread]  is flushed by lsn 0
[2020-12-30 14:41:43,458][INFO][WAL][CollectionFlushed][wal_thread]  is flushed by lsn 0
[2020-12-30 14:41:44,459][INFO][WAL][CollectionFlushed][wal_thread]  is flushed by lsn 0
[2020-12-30 14:41:45,460][INFO][WAL][CollectionFlushed][wal_thread]  is flushed by lsn 0
[2020-12-30 14:41:46,462][INFO][WAL][CollectionFlushed][wal_thread]  is flushed by lsn 0
[2020-12-30 14:41:47,463][INFO][WAL][CollectionFlushed][wal_thread]  is flushed by lsn 0
[2020-12-30 14:41:48,464][INFO][WAL][CollectionFlushed][wal_thread]  is flushed by lsn 0
[2020-12-30 14:41:49,466][INFO][WAL][CollectionFlushed][wal_thread]  is flushed by lsn 0
[2020-12-30 14:41:50,467][INFO][WAL][CollectionFlushed][wal_thread]  is flushed by lsn 0
[2020-12-30 14:41:51,470][INFO][WAL][CollectionFlushed][wal_thread]  is flushed by lsn 0
[2020-12-30 14:41:52,471][INFO][WAL][CollectionFlushed][wal_thread]  is flushed by lsn 0
[2020-12-30 14:41:53,474][INFO][WAL][CollectionFlushed][wal_thread]  is flushed by lsn 0
[2020-12-30 14:41:54,475][INFO][WAL][CollectionFlushed][wal_thread]  is flushed by lsn 0
[2020-12-30 14:41:55,478][INFO][WAL][CollectionFlushed][wal_thread]  is flushed by lsn 0
[2020-12-30 14:41:56,480][INFO][WAL][CollectionFlushed][wal_thread]  is flushed by lsn 0
[2020-12-30 14:41:57,482][INFO][WAL][CollectionFlushed][wal_thread]  is flushed by lsn 0
[2020-12-30 14:41:58,484][INFO][WAL][CollectionFlushed][wal_thread]  is flushed by lsn 0
[2020-12-30 14:41:59,486][INFO][WAL][CollectionFlushed][wal_thread]  is flushed by lsn 0
[2020-12-30 14:42:00,488][INFO][WAL][CollectionFlushed][wal_thread]  is flushed by lsn 0
[2020-12-30 14:42:01,489][INFO][WAL][CollectionFlushed][wal_thread]  is flushed by lsn 0
[2020-12-30 14:42:02,490][INFO][WAL][CollectionFlushed][wal_thread]  is flushed by lsn 0
[2020-12-30 14:42:03,491][INFO][WAL][CollectionFlushed][wal_thread]  is flushed by lsn 0
[2020-12-30 14:42:04,492][INFO][WAL][CollectionFlushed][wal_thread]  is flushed by lsn 0
[2020-12-30 14:42:05,493][INFO][WAL][CollectionFlushed][wal_thread]  is flushed by lsn 0
[2020-12-30 14:42:06,494][INFO][WAL][CollectionFlushed][wal_thread]  is flushed by lsn 0
[2020-12-30 14:42:07,495][INFO][WAL][CollectionFlushed][wal_thread]  is flushed by lsn 0
[2020-12-30 14:42:08,496][INFO][WAL][CollectionFlushed][wal_thread]  is flushed by lsn 0
[2020-12-30 14:42:09,497][INFO][WAL][CollectionFlushed][wal_thread]  is flushed by lsn 0
[2020-12-30 14:42:10,499][INFO][WAL][CollectionFlushed][wal_thread]  is flushed by lsn 0
[2020-12-30 14:42:11,500][INFO][WAL][CollectionFlushed][wal_thread]  is flushed by lsn 0
[2020-12-30 14:42:12,501][INFO][WAL][CollectionFlushed][wal_thread]  is flushed by lsn 0
[2020-12-30 14:42:13,502][INFO][WAL][CollectionFlushed][wal_thread]  is flushed by lsn 0
[2020-12-30 14:42:14,504][INFO][WAL][CollectionFlushed][wal_thread]  is flushed by lsn 0
[2020-12-30 14:42:15,505][INFO][WAL][CollectionFlushed][wal_thread]  is flushed by lsn 0
[2020-12-30 14:42:16,506][INFO][WAL][CollectionFlushed][wal_thread]  is flushed by lsn 0
[2020-12-30 14:42:17,507][INFO][WAL][CollectionFlushed][wal_thread]  is flushed by lsn 0
[2020-12-30 14:42:18,508][INFO][WAL][CollectionFlushed][wal_thread]  is flushed by lsn 0
[2020-12-30 14:42:19,508][INFO][WAL][CollectionFlushed][wal_thread]  is flushed by lsn 0
[2020-12-30 14:42:20,510][INFO][WAL][CollectionFlushed][wal_thread]  is flushed by lsn 0
[2020-12-30 14:42:21,510][INFO][WAL][CollectionFlushed][wal_thread]  is flushed by lsn 0
[2020-12-30 14:42:22,511][INFO][WAL][CollectionFlushed][wal_thread]  is flushed by lsn 0
[2020-12-30 14:42:23,512][INFO][WAL][CollectionFlushed][wal_thread]  is flushed by lsn 0
[2020-12-30 14:42:24,516][INFO][WAL][CollectionFlushed][wal_thread]  is flushed by lsn 0
[2020-12-30 14:42:25,516][INFO][WAL][CollectionFlushed][wal_thread]  is flushed by lsn 0
[2020-12-30 14:42:26,518][INFO][WAL][CollectionFlushed][wal_thread]  is flushed by lsn 0
[2020-12-30 14:42:27,519][INFO][WAL][CollectionFlushed][wal_thread]  is flushed by lsn 0
[2020-12-30 14:42:28,520][INFO][WAL][CollectionFlushed][wal_thread]  is flushed by lsn 0
[2020-12-30 14:42:28,742][INFO][SERVER][Cmd][grpcpp_sync_ser] Request [0] Cmd begin.
[2020-12-30 14:42:28,743][INFO][SERVER][PutToQueue][grpcpp_sync_ser] Create new thread for request group: info
[2020-12-30 14:42:28,744][INFO][SERVER][Cmd][grpcpp_sync_ser] Request [0] Cmd end.
[2020-12-30 14:42:28,746][INFO][SERVER][HasCollection][grpcpp_sync_ser] Request [1] HasCollection begin.
[2020-12-30 14:42:28,748][INFO][SERVER][HasCollection][grpcpp_sync_ser] Request [1] HasCollection end.
[2020-12-30 14:42:28,750][INFO][SERVER][DescribeCollection][grpcpp_sync_ser] Request [2] DescribeCollection begin.
[2020-12-30 14:42:28,752][INFO][SERVER][DescribeCollection][grpcpp_sync_ser] Request [2] DescribeCollection end.
[2020-12-30 14:42:28,753][INFO][SERVER][Insert][grpcpp_sync_ser] Request [3] Insert begin.
[2020-12-30 14:42:28,754][INFO][SERVER][PutToQueue][grpcpp_sync_ser] Create new thread for request group: ddl_dml
[2020-12-30 14:42:28,754][INFO][SERVER][OnExecute][reqsched_thread] [insert][0] Execute insert request.
[2020-12-30 14:42:28,756][INFO][WAL][Insert][reqsched_thread] [insert][0]retina_face insert in part  with lsn 4295400988
[2020-12-30 14:42:28,757][INFO][WAL][GetNextRecord][wal_thread] record type 2 collection retina_face lsn 4295400988
[2020-12-30 14:42:28,759][INFO][SERVER][Insert][grpcpp_sync_ser] Request [3] Insert end.
[2020-12-30 14:42:28,761][INFO][SERVER][Flush][grpcpp_sync_ser] Request [4] Flush begin.
[2020-12-30 14:42:28,768][INFO][WAL][Flush][reqsched_thread] retina_face want to be flush, lsn 4295400988
[2020-12-30 14:42:28,769][INFO][WAL][operator()][wal_thread] record flush collection retina_face lsn 4295400988
[2020-12-30 14:42:28,842][INFO][WAL][CollectionFlushed][wal_thread] retina_face is flushed by lsn 4295400988
[2020-12-30 14:42:28,844][INFO][SERVER][Flush][grpcpp_sync_ser] Request [4] Flush end.
[2020-12-30 14:42:28,845][INFO][SERVER][CountCollection][grpcpp_sync_ser] Request [5] CountCollection begin.
[2020-12-30 14:42:28,848][INFO][SERVER][CountCollection][grpcpp_sync_ser] Request [5] CountCollection end.
[2020-12-30 14:42:28,850][INFO][SERVER][ShowCollectionInfo][grpcpp_sync_ser] Request [6] ShowCollectionInfo begin.
[2020-12-30 14:42:28,857][INFO][SERVER][ShowCollectionInfo][grpcpp_sync_ser] Request [6] ShowCollectionInfo end.
[2020-12-30 14:42:28,860][INFO][SERVER][CreateIndex][grpcpp_sync_ser] Request [7] CreateIndex begin.
[2020-12-30 14:42:28,862][INFO][WAL][Flush][reqsched_thread]  want to be flush, lsn 4295400988
[2020-12-30 14:42:28,862][INFO][WAL][operator()][wal_thread] record flush collection  lsn 4295400988
[2020-12-30 14:42:28,993][INFO][WAL][CollectionFlushed][wal_thread]  is flushed by lsn 0
[2020-12-30 14:42:29,006][INFO][SERVER][CreateIndex][grpcpp_sync_ser] Request [7] CreateIndex end.
[2020-12-30 14:42:29,008][INFO][SERVER][DescribeIndex][grpcpp_sync_ser] Request [8] DescribeIndex begin.
[2020-12-30 14:42:29,010][INFO][SERVER][DescribeIndex][grpcpp_sync_ser] Request [8] DescribeIndex end.
[2020-12-30 14:42:29,999][INFO][WAL][CollectionFlushed][wal_thread]  is flushed by lsn 0
[2020-12-30 14:42:31,000][INFO][WAL][CollectionFlushed][wal_thread]  is flushed by lsn 0
[2020-12-30 14:42:32,003][INFO][WAL][CollectionFlushed][wal_thread]  is flushed by lsn 0
[2020-12-30 14:42:33,006][INFO][WAL][CollectionFlushed][wal_thread]  is flushed by lsn 0
[2020-12-30 14:42:34,010][INFO][WAL][CollectionFlushed][wal_thread]  is flushed by lsn 0
[2020-12-30 14:42:35,013][INFO][WAL][CollectionFlushed][wal_thread]  is flushed by lsn 0
[2020-12-30 14:42:36,017][INFO][WAL][CollectionFlushed][wal_thread]  is flushed by lsn 0
[2020-12-30 14:42:37,020][INFO][WAL][CollectionFlushed][wal_thread]  is flushed by lsn 0
[2020-12-30 14:42:38,024][INFO][WAL][CollectionFlushed][wal_thread]  is flushed by lsn 0
[2020-12-30 14:42:39,026][INFO][WAL][CollectionFlushed][wal_thread]  is flushed by lsn 0
[2020-12-30 14:42:40,030][INFO][WAL][CollectionFlushed][wal_thread]  is flushed by lsn 0
[2020-12-30 14:42:41,034][INFO][WAL][CollectionFlushed][wal_thread]  is flushed by lsn 0
[2020-12-30 14:42:42,037][INFO][WAL][CollectionFlushed][wal_thread]  is flushed by lsn 0
[2020-12-30 14:42:43,040][INFO][WAL][CollectionFlushed][wal_thread]  is flushed by lsn 0
[2020-12-30 14:42:44,043][INFO][WAL][CollectionFlushed][wal_thread]  is flushed by lsn 0
[2020-12-30 14:42:45,046][INFO][WAL][CollectionFlushed][wal_thread]  is flushed by lsn 0
[2020-12-30 14:42:46,050][INFO][WAL][CollectionFlushed][wal_thread]  is flushed by lsn 0
[2020-12-30 14:42:47,053][INFO][WAL][CollectionFlushed][wal_thread]  is flushed by lsn 0
[2020-12-30 14:42:48,056][INFO][WAL][CollectionFlushed][wal_thread]  is flushed by lsn 0
[2020-12-30 14:42:49,060][INFO][WAL][CollectionFlushed][wal_thread]  is flushed by lsn 0
[2020-12-30 14:42:50,063][INFO][WAL][CollectionFlushed][wal_thread]  is flushed by lsn 0
[2020-12-30 14:42:51,066][INFO][WAL][CollectionFlushed][wal_thread]  is flushed by lsn 0
[2020-12-30 14:42:52,070][INFO][WAL][CollectionFlushed][wal_thread]  is flushed by lsn 0
[2020-12-30 14:42:53,074][INFO][WAL][CollectionFlushed][wal_thread]  is flushed by lsn 0
[2020-12-30 14:42:54,077][INFO][WAL][CollectionFlushed][wal_thread]  is flushed by lsn 0
[2020-12-30 14:42:55,081][INFO][WAL][CollectionFlushed][wal_thread]  is flushed by lsn 0
[2020-12-30 14:42:56,084][INFO][WAL][CollectionFlushed][wal_thread]  is flushed by lsn 0
[2020-12-30 14:42:57,087][INFO][WAL][CollectionFlushed][wal_thread]  is flushed by lsn 0
[2020-12-30 14:42:58,090][INFO][WAL][CollectionFlushed][wal_thread]  is flushed by lsn 0
[2020-12-30 14:42:59,093][INFO][WAL][CollectionFlushed][wal_thread]  is flushed by lsn 0
[2020-12-30 14:43:00,096][INFO][WAL][CollectionFlushed][wal_thread]  is flushed by lsn 0
[2020-12-30 14:43:01,098][INFO][WAL][CollectionFlushed][wal_thread]  is flushed by lsn 0
[2020-12-30 14:43:02,100][INFO][WAL][CollectionFlushed][wal_thread]  is flushed by lsn 0
[2020-12-30 14:43:03,103][INFO][WAL][CollectionFlushed][wal_thread]  is flushed by lsn 0
[2020-12-30 14:43:04,104][INFO][WAL][CollectionFlushed][wal_thread]  is flushed by lsn 0
[2020-12-30 14:43:05,105][INFO][WAL][CollectionFlushed][wal_thread]  is flushed by lsn 0
[2020-12-30 14:43:06,106][INFO][WAL][CollectionFlushed][wal_thread]  is flushed by lsn 0
[2020-12-30 14:43:07,107][INFO][WAL][CollectionFlushed][wal_thread]  is flushed by lsn 0
[2020-12-30 14:43:08,108][INFO][WAL][CollectionFlushed][wal_thread]  is flushed by lsn 0
[2020-12-30 14:43:09,109][INFO][WAL][CollectionFlushed][wal_thread]  is flushed by lsn 0
[2020-12-30 14:43:10,112][INFO][WAL][CollectionFlushed][wal_thread]  is flushed by lsn 0
[2020-12-30 14:43:11,113][INFO][WAL][CollectionFlushed][wal_thread]  is flushed by lsn 0
[2020-12-30 14:43:12,114][INFO][WAL][CollectionFlushed][wal_thread]  is flushed by lsn 0
[2020-12-30 14:43:13,114][INFO][WAL][CollectionFlushed][wal_thread]  is flushed by lsn 0
[2020-12-30 14:43:14,116][INFO][WAL][CollectionFlushed][wal_thread]  is flushed by lsn 0
[2020-12-30 14:43:15,120][INFO][WAL][CollectionFlushed][wal_thread]  is flushed by lsn 0
[2020-12-30 14:43:16,123][INFO][WAL][CollectionFlushed][wal_thread]  is flushed by lsn 0
[2020-12-30 14:43:17,125][INFO][WAL][CollectionFlushed][wal_thread]  is flushed by lsn 0
[2020-12-30 14:43:18,127][INFO][WAL][CollectionFlushed][wal_thread]  is flushed by lsn 0
[2020-12-30 14:43:19,129][INFO][WAL][CollectionFlushed][wal_thread]  is flushed by lsn 0
[2020-12-30 14:43:20,131][INFO][WAL][CollectionFlushed][wal_thread]  is flushed by lsn 0
[2020-12-30 14:43:21,133][INFO][WAL][CollectionFlushed][wal_thread]  is flushed by lsn 0
[2020-12-30 14:43:22,134][INFO][WAL][CollectionFlushed][wal_thread]  is flushed by lsn 0
[2020-12-30 14:43:23,138][INFO][WAL][CollectionFlushed][wal_thread]  is flushed by lsn 0
[2020-12-30 14:43:24,141][INFO][WAL][CollectionFlushed][wal_thread]  is flushed by lsn 0
[2020-12-30 14:43:25,143][INFO][WAL][CollectionFlushed][wal_thread]  is flushed by lsn 0
[2020-12-30 14:43:26,145][INFO][WAL][CollectionFlushed][wal_thread]  is flushed by lsn 0
[2020-12-30 14:43:27,147][INFO][WAL][CollectionFlushed][wal_thread]  is flushed by lsn 0
[2020-12-30 14:43:28,150][INFO][WAL][CollectionFlushed][wal_thread]  is flushed by lsn 0
[2020-12-30 14:43:29,154][INFO][WAL][CollectionFlushed][wal_thread]  is flushed by lsn 0
[2020-12-30 14:43:30,157][INFO][WAL][CollectionFlushed][wal_thread]  is flushed by lsn 0
[2020-12-30 14:43:31,160][INFO][WAL][CollectionFlushed][wal_thread]  is flushed by lsn 0
[2020-12-30 14:43:32,163][INFO][WAL][CollectionFlushed][wal_thread]  is flushed by lsn 0
[2020-12-30 14:43:33,167][INFO][WAL][CollectionFlushed][wal_thread]  is flushed by lsn 0
[2020-12-30 14:43:34,171][INFO][WAL][CollectionFlushed][wal_thread]  is flushed by lsn 0
[2020-12-30 14:43:35,175][INFO][WAL][CollectionFlushed][wal_thread]  is flushed by lsn 0
[2020-12-30 14:43:36,178][INFO][WAL][CollectionFlushed][wal_thread]  is flushed by lsn 0
[2020-12-30 14:43:37,182][INFO][WAL][CollectionFlushed][wal_thread]  is flushed by lsn 0
[2020-12-30 14:43:38,184][INFO][WAL][CollectionFlushed][wal_thread]  is flushed by lsn 0
[2020-12-30 14:43:39,188][INFO][WAL][CollectionFlushed][wal_thread]  is flushed by lsn 0
[2020-12-30 14:43:40,192][INFO][WAL][CollectionFlushed][wal_thread]  is flushed by lsn 0
[2020-12-30 14:43:41,195][INFO][WAL][CollectionFlushed][wal_thread]  is flushed by lsn 0
[2020-12-30 14:43:42,198][INFO][WAL][CollectionFlushed][wal_thread]  is flushed by lsn 0
[2020-12-30 14:43:43,202][INFO][WAL][CollectionFlushed][wal_thread]  is flushed by lsn 0
[2020-12-30 14:43:44,205][INFO][WAL][CollectionFlushed][wal_thread]  is flushed by lsn 0
[2020-12-30 14:43:45,209][INFO][WAL][CollectionFlushed][wal_thread]  is flushed by lsn 0
[2020-12-30 14:43:46,212][INFO][WAL][CollectionFlushed][wal_thread]  is flushed by lsn 0
[2020-12-30 14:43:47,215][INFO][WAL][CollectionFlushed][wal_thread]  is flushed by lsn 0
[2020-12-30 14:43:48,218][INFO][WAL][CollectionFlushed][wal_thread]  is flushed by lsn 0
[2020-12-30 14:43:49,222][INFO][WAL][CollectionFlushed][wal_thread]  is flushed by lsn 0
[2020-12-30 14:43:50,225][INFO][WAL][CollectionFlushed][wal_thread]  is flushed by lsn 0
[2020-12-30 14:43:51,228][INFO][WAL][CollectionFlushed][wal_thread]  is flushed by lsn 0
[2020-12-30 14:43:52,231][INFO][WAL][CollectionFlushed][wal_thread]  is flushed by lsn 0
[2020-12-30 14:43:53,234][INFO][WAL][CollectionFlushed][wal_thread]  is flushed by lsn 0
[2020-12-30 14:43:54,237][INFO][WAL][CollectionFlushed][wal_thread]  is flushed by lsn 0
[2020-12-30 14:43:55,241][INFO][WAL][CollectionFlushed][wal_thread]  is flushed by lsn 0
[2020-12-30 14:43:56,244][INFO][WAL][CollectionFlushed][wal_thread]  is flushed by lsn 0
[2020-12-30 14:43:57,247][INFO][WAL][CollectionFlushed][wal_thread]  is flushed by lsn 0
[2020-12-30 14:43:58,250][INFO][WAL][CollectionFlushed][wal_thread]  is flushed by lsn 0
[2020-12-30 14:43:59,253][INFO][WAL][CollectionFlushed][wal_thread]  is flushed by lsn 0
[2020-12-30 14:44:00,255][INFO][WAL][CollectionFlushed][wal_thread]  is flushed by lsn 0
[2020-12-30 14:44:01,258][INFO][WAL][CollectionFlushed][wal_thread]  is flushed by lsn 0
[2020-12-30 14:44:02,259][INFO][WAL][CollectionFlushed][wal_thread]  is flushed by lsn 0
[2020-12-30 14:44:03,262][INFO][WAL][CollectionFlushed][wal_thread]  is flushed by lsn 0
[2020-12-30 14:44:04,264][INFO][WAL][CollectionFlushed][wal_thread]  is flushed by lsn 0
[2020-12-30 14:44:05,267][INFO][WAL][CollectionFlushed][wal_thread]  is flushed by lsn 0
[2020-12-30 14:44:06,270][INFO][WAL][CollectionFlushed][wal_thread]  is flushed by lsn 0
[2020-12-30 14:44:07,271][INFO][WAL][CollectionFlushed][wal_thread]  is flushed by lsn 0
[2020-12-30 14:44:08,272][INFO][WAL][CollectionFlushed][wal_thread]  is flushed by lsn 0
[2020-12-30 14:44:09,273][INFO][WAL][CollectionFlushed][wal_thread]  is flushed by lsn 0
[2020-12-30 14:44:10,276][INFO][WAL][CollectionFlushed][wal_thread]  is flushed by lsn 0
[2020-12-30 14:44:11,280][INFO][WAL][CollectionFlushed][wal_thread]  is flushed by lsn 0
[2020-12-30 14:44:12,282][INFO][WAL][CollectionFlushed][wal_thread]  is flushed by lsn 0
[2020-12-30 14:44:13,284][INFO][WAL][CollectionFlushed][wal_thread]  is flushed by lsn 0
[2020-12-30 14:44:14,286][INFO][WAL][CollectionFlushed][wal_thread]  is flushed by lsn 0
[2020-12-30 14:44:15,287][INFO][WAL][CollectionFlushed][wal_thread]  is flushed by lsn 0
[2020-12-30 14:44:16,290][INFO][WAL][CollectionFlushed][wal_thread]  is flushed by lsn 0
[2020-12-30 14:44:17,294][INFO][WAL][CollectionFlushed][wal_thread]  is flushed by lsn 0
[2020-12-30 14:44:18,296][INFO][WAL][CollectionFlushed][wal_thread]  is flushed by lsn 0
[2020-12-30 14:44:19,300][INFO][WAL][CollectionFlushed][wal_thread]  is flushed by lsn 0
[2020-12-30 14:44:20,303][INFO][WAL][CollectionFlushed][wal_thread]  is flushed by lsn 0
[2020-12-30 14:44:21,307][INFO][WAL][CollectionFlushed][wal_thread]  is flushed by lsn 0
[2020-12-30 14:44:22,310][INFO][WAL][CollectionFlushed][wal_thread]  is flushed by lsn 0
[2020-12-30 14:44:23,311][INFO][WAL][CollectionFlushed][wal_thread]  is flushed by lsn 0
[2020-12-30 14:44:24,315][INFO][WAL][CollectionFlushed][wal_thread]  is flushed by lsn 0
[2020-12-30 14:44:25,318][INFO][WAL][CollectionFlushed][wal_thread]  is flushed by lsn 0
[2020-12-30 14:44:26,321][INFO][WAL][CollectionFlushed][wal_thread]  is flushed by lsn 0
[2020-12-30 14:44:27,324][INFO][WAL][CollectionFlushed][wal_thread]  is flushed by lsn 0
[2020-12-30 14:44:28,327][INFO][WAL][CollectionFlushed][wal_thread]  is flushed by lsn 0
[2020-12-30 14:44:29,331][INFO][WAL][CollectionFlushed][wal_thread]  is flushed by lsn 0
[2020-12-30 14:44:30,342][INFO][WAL][CollectionFlushed][wal_thread]  is flushed by lsn 0
[2020-12-30 14:44:31,344][INFO][WAL][CollectionFlushed][wal_thread]  is flushed by lsn 0
[2020-12-30 14:44:32,348][INFO][WAL][CollectionFlushed][wal_thread]  is flushed by lsn 0
[2020-12-30 14:44:33,352][INFO][WAL][CollectionFlushed][wal_thread]  is flushed by lsn 0
[2020-12-30 14:44:34,356][INFO][WAL][CollectionFlushed][wal_thread]  is flushed by lsn 0
[2020-12-30 14:44:35,359][INFO][WAL][CollectionFlushed][wal_thread]  is flushed by lsn 0
[2020-12-30 14:44:36,363][INFO][WAL][CollectionFlushed][wal_thread]  is flushed by lsn 0
[2020-12-30 14:44:37,367][INFO][WAL][CollectionFlushed][wal_thread]  is flushed by lsn 0
[2020-12-30 14:44:38,371][INFO][WAL][CollectionFlushed][wal_thread]  is flushed by lsn 0
[2020-12-30 14:44:39,375][INFO][WAL][CollectionFlushed][wal_thread]  is flushed by lsn 0
[2020-12-30 14:44:40,379][INFO][WAL][CollectionFlushed][wal_thread]  is flushed by lsn 0
[2020-12-30 14:44:41,382][INFO][WAL][CollectionFlushed][wal_thread]  is flushed by lsn 0
[2020-12-30 14:44:42,387][INFO][WAL][CollectionFlushed][wal_thread]  is flushed by lsn 0
[2020-12-30 14:44:43,390][INFO][WAL][CollectionFlushed][wal_thread]  is flushed by lsn 0
[2020-12-30 14:44:44,393][INFO][WAL][CollectionFlushed][wal_thread]  is flushed by lsn 0
[2020-12-30 14:44:45,397][INFO][WAL][CollectionFlushed][wal_thread]  is flushed by lsn 0
[2020-12-30 14:44:46,400][INFO][WAL][CollectionFlushed][wal_thread]  is flushed by lsn 0
[2020-12-30 14:44:47,403][INFO][WAL][CollectionFlushed][wal_thread]  is flushed by lsn 0
[2020-12-30 14:44:48,407][INFO][WAL][CollectionFlushed][wal_thread]  is flushed by lsn 0
[2020-12-30 14:44:49,410][INFO][WAL][CollectionFlushed][wal_thread]  is flushed by lsn 0
[2020-12-30 14:44:50,413][INFO][WAL][CollectionFlushed][wal_thread]  is flushed by lsn 0
[2020-12-30 14:44:51,415][INFO][WAL][CollectionFlushed][wal_thread]  is flushed by lsn 0
[2020-12-30 14:44:52,417][INFO][WAL][CollectionFlushed][wal_thread]  is flushed by lsn 0
[2020-12-30 14:44:53,419][INFO][WAL][CollectionFlushed][wal_thread]  is flushed by lsn 0
[2020-12-30 14:44:54,423][INFO][WAL][CollectionFlushed][wal_thread]  is flushed by lsn 0
[2020-12-30 14:44:55,426][INFO][WAL][CollectionFlushed][wal_thread]  is flushed by lsn 0
[2020-12-30 14:44:56,429][INFO][WAL][CollectionFlushed][wal_thread]  is flushed by lsn 0
[2020-12-30 14:44:57,433][INFO][WAL][CollectionFlushed][wal_thread]  is flushed by lsn 0
[2020-12-30 14:44:58,436][INFO][WAL][CollectionFlushed][wal_thread]  is flushed by lsn 0
[2020-12-30 14:44:59,439][INFO][WAL][CollectionFlushed][wal_thread]  is flushed by lsn 0
[2020-12-30 14:45:00,440][INFO][WAL][CollectionFlushed][wal_thread]  is flushed by lsn 0
[2020-12-30 14:45:01,442][INFO][WAL][CollectionFlushed][wal_thread]  is flushed by lsn 0
[2020-12-30 14:45:02,445][INFO][WAL][CollectionFlushed][wal_thread]  is flushed by lsn 0
[2020-12-30 14:45:03,449][INFO][WAL][CollectionFlushed][wal_thread]  is flushed by lsn 0
[2020-12-30 14:45:04,451][INFO][WAL][CollectionFlushed][wal_thread]  is flushed by lsn 0
[2020-12-30 14:45:05,454][INFO][WAL][CollectionFlushed][wal_thread]  is flushed by lsn 0
[2020-12-30 14:45:06,455][INFO][WAL][CollectionFlushed][wal_thread]  is flushed by lsn 0
[2020-12-30 14:45:07,457][INFO][WAL][CollectionFlushed][wal_thread]  is flushed by lsn 0
[2020-12-30 14:45:08,459][INFO][WAL][CollectionFlushed][wal_thread]  is flushed by lsn 0
[2020-12-30 14:45:09,462][INFO][WAL][CollectionFlushed][wal_thread]  is flushed by lsn 0
[2020-12-30 14:45:10,465][INFO][WAL][CollectionFlushed][wal_thread]  is flushed by lsn 0
[2020-12-30 14:45:11,468][INFO][WAL][CollectionFlushed][wal_thread]  is flushed by lsn 0
[2020-12-30 14:45:12,472][INFO][WAL][CollectionFlushed][wal_thread]  is flushed by lsn 0
[2020-12-30 14:45:13,475][INFO][WAL][CollectionFlushed][wal_thread]  is flushed by lsn 0
[2020-12-30 14:45:14,476][INFO][WAL][CollectionFlushed][wal_thread]  is flushed by lsn 0
[2020-12-30 14:45:15,479][INFO][WAL][CollectionFlushed][wal_thread]  is flushed by lsn 0
[2020-12-30 14:45:16,480][INFO][WAL][CollectionFlushed][wal_thread]  is flushed by lsn 0
[2020-12-30 14:45:17,483][INFO][WAL][CollectionFlushed][wal_thread]  is flushed by lsn 0
[2020-12-30 14:45:18,484][INFO][WAL][CollectionFlushed][wal_thread]  is flushed by lsn 0
[2020-12-30 14:45:19,486][INFO][WAL][CollectionFlushed][wal_thread]  is flushed by lsn 0
[2020-12-30 14:45:20,489][INFO][WAL][CollectionFlushed][wal_thread]  is flushed by lsn 0
[2020-12-30 14:45:21,491][INFO][WAL][CollectionFlushed][wal_thread]  is flushed by lsn 0
[2020-12-30 14:45:22,493][INFO][WAL][CollectionFlushed][wal_thread]  is flushed by lsn 0
[2020-12-30 14:45:23,496][INFO][WAL][CollectionFlushed][wal_thread]  is flushed by lsn 0
[2020-12-30 14:45:24,497][INFO][WAL][CollectionFlushed][wal_thread]  is flushed by lsn 0
[2020-12-30 14:45:25,498][INFO][WAL][CollectionFlushed][wal_thread]  is flushed by lsn 0
[2020-12-30 14:45:26,499][INFO][WAL][CollectionFlushed][wal_thread]  is flushed by lsn 0
[2020-12-30 14:45:27,500][INFO][WAL][CollectionFlushed][wal_thread]  is flushed by lsn 0
[2020-12-30 14:45:28,503][INFO][WAL][CollectionFlushed][wal_thread]  is flushed by lsn 0
[2020-12-30 14:45:29,506][INFO][WAL][CollectionFlushed][wal_thread]  is flushed by lsn 0
[2020-12-30 14:45:30,509][INFO][WAL][CollectionFlushed][wal_thread]  is flushed by lsn 0
[2020-12-30 14:45:31,511][INFO][WAL][CollectionFlushed][wal_thread]  is flushed by lsn 0
[2020-12-30 14:45:32,514][INFO][WAL][CollectionFlushed][wal_thread]  is flushed by lsn 0
[2020-12-30 14:45:33,516][INFO][WAL][CollectionFlushed][wal_thread]  is flushed by lsn 0
[2020-12-30 14:45:34,519][INFO][WAL][CollectionFlushed][wal_thread]  is flushed by lsn 0
[2020-12-30 14:45:35,520][INFO][WAL][CollectionFlushed][wal_thread]  is flushed by lsn 0
[2020-12-30 14:45:36,521][INFO][WAL][CollectionFlushed][wal_thread]  is flushed by lsn 0
[2020-12-30 14:45:37,522][INFO][WAL][CollectionFlushed][wal_thread]  is flushed by lsn 0
[2020-12-30 14:45:38,524][INFO][WAL][CollectionFlushed][wal_thread]  is flushed by lsn 0
[2020-12-30 14:45:39,525][INFO][WAL][CollectionFlushed][wal_thread]  is flushed by lsn 0
[2020-12-30 14:45:40,526][INFO][WAL][CollectionFlushed][wal_thread]  is flushed by lsn 0
[2020-12-30 14:45:41,530][INFO][WAL][CollectionFlushed][wal_thread]  is flushed by lsn 0
[2020-12-30 14:45:42,532][INFO][WAL][CollectionFlushed][wal_thread]  is flushed by lsn 0
[2020-12-30 14:45:43,534][INFO][WAL][CollectionFlushed][wal_thread]  is flushed by lsn 0
[2020-12-30 14:45:44,536][INFO][WAL][CollectionFlushed][wal_thread]  is flushed by lsn 0
[2020-12-30 14:45:45,537][INFO][WAL][CollectionFlushed][wal_thread]  is flushed by lsn 0
[2020-12-30 14:45:46,538][INFO][WAL][CollectionFlushed][wal_thread]  is flushed by lsn 0
[2020-12-30 14:45:47,539][INFO][WAL][CollectionFlushed][wal_thread]  is flushed by lsn 0
[2020-12-30 14:45:48,539][INFO][WAL][CollectionFlushed][wal_thread]  is flushed by lsn 0
[2020-12-30 14:45:49,540][INFO][WAL][CollectionFlushed][wal_thread]  is flushed by lsn 0
[2020-12-30 14:45:50,542][INFO][WAL][CollectionFlushed][wal_thread]  is flushed by lsn 0
[2020-12-30 14:45:51,544][INFO][WAL][CollectionFlushed][wal_thread]  is flushed by lsn 0
[2020-12-30 14:45:52,546][INFO][WAL][CollectionFlushed][wal_thread]  is flushed by lsn 0
[2020-12-30 14:45:53,548][INFO][WAL][CollectionFlushed][wal_thread]  is flushed by lsn 0
[2020-12-30 14:45:54,551][INFO][WAL][CollectionFlushed][wal_thread]  is flushed by lsn 0
[2020-12-30 14:45:55,553][INFO][WAL][CollectionFlushed][wal_thread]  is flushed by lsn 0
[2020-12-30 14:45:56,555][INFO][WAL][CollectionFlushed][wal_thread]  is flushed by lsn 0
[2020-12-30 14:45:57,556][INFO][WAL][CollectionFlushed][wal_thread]  is flushed by lsn 0
[2020-12-30 14:45:58,557][INFO][WAL][CollectionFlushed][wal_thread]  is flushed by lsn 0
[2020-12-30 14:45:59,559][INFO][WAL][CollectionFlushed][wal_thread]  is flushed by lsn 0
[2020-12-30 14:46:00,562][INFO][WAL][CollectionFlushed][wal_thread]  is flushed by lsn 0
[2020-12-30 14:46:01,565][INFO][WAL][CollectionFlushed][wal_thread]  is flushed by lsn 0
[2020-12-30 14:46:02,567][INFO][WAL][CollectionFlushed][wal_thread]  is flushed by lsn 0
[2020-12-30 14:46:03,570][INFO][WAL][CollectionFlushed][wal_thread]  is flushed by lsn 0
[2020-12-30 14:46:04,571][INFO][WAL][CollectionFlushed][wal_thread]  is flushed by lsn 0
[2020-12-30 14:46:05,574][INFO][WAL][CollectionFlushed][wal_thread]  is flushed by lsn 0
[2020-12-30 14:46:06,574][INFO][WAL][CollectionFlushed][wal_thread]  is flushed by lsn 0
[2020-12-30 14:46:07,575][INFO][WAL][CollectionFlushed][wal_thread]  is flushed by lsn 0
[2020-12-30 14:46:08,576][INFO][WAL][CollectionFlushed][wal_thread]  is flushed by lsn 0
[2020-12-30 14:46:09,577][INFO][WAL][CollectionFlushed][wal_thread]  is flushed by lsn 0
[2020-12-30 14:46:10,580][INFO][WAL][CollectionFlushed][wal_thread]  is flushed by lsn 0
[2020-12-30 14:46:11,583][INFO][WAL][CollectionFlushed][wal_thread]  is flushed by lsn 0
[2020-12-30 14:46:12,586][INFO][WAL][CollectionFlushed][wal_thread]  is flushed by lsn 0
[2020-12-30 14:46:13,589][INFO][WAL][CollectionFlushed][wal_thread]  is flushed by lsn 0
[2020-12-30 14:46:14,592][INFO][WAL][CollectionFlushed][wal_thread]  is flushed by lsn 0
[2020-12-30 14:46:15,595][INFO][WAL][CollectionFlushed][wal_thread]  is flushed by lsn 0
[2020-12-30 14:46:16,598][INFO][WAL][CollectionFlushed][wal_thread]  is flushed by lsn 0
[2020-12-30 14:46:17,601][INFO][WAL][CollectionFlushed][wal_thread]  is flushed by lsn 0
[2020-12-30 14:46:18,603][INFO][WAL][CollectionFlushed][wal_thread]  is flushed by lsn 0
[2020-12-30 14:46:19,607][INFO][WAL][CollectionFlushed][wal_thread]  is flushed by lsn 0
[2020-12-30 14:46:20,610][INFO][WAL][CollectionFlushed][wal_thread]  is flushed by lsn 0
[2020-12-30 14:46:21,612][INFO][WAL][CollectionFlushed][wal_thread]  is flushed by lsn 0
[2020-12-30 14:46:22,615][INFO][WAL][CollectionFlushed][wal_thread]  is flushed by lsn 0
[2020-12-30 14:46:23,616][INFO][WAL][CollectionFlushed][wal_thread]  is flushed by lsn 0
[2020-12-30 14:46:24,619][INFO][WAL][CollectionFlushed][wal_thread]  is flushed by lsn 0
[2020-12-30 14:46:25,620][INFO][WAL][CollectionFlushed][wal_thread]  is flushed by lsn 0
[2020-12-30 14:46:26,621][INFO][WAL][CollectionFlushed][wal_thread]  is flushed by lsn 0
[2020-12-30 14:46:27,623][INFO][WAL][CollectionFlushed][wal_thread]  is flushed by lsn 0
[2020-12-30 14:46:28,625][INFO][WAL][CollectionFlushed][wal_thread]  is flushed by lsn 0
[2020-12-30 14:46:29,626][INFO][WAL][CollectionFlushed][wal_thread]  is flushed by lsn 0
[2020-12-30 14:46:30,635][INFO][WAL][CollectionFlushed][wal_thread]  is flushed by lsn 0
[2020-12-30 14:46:31,638][INFO][WAL][CollectionFlushed][wal_thread]  is flushed by lsn 0
[2020-12-30 14:46:32,641][INFO][WAL][CollectionFlushed][wal_thread]  is flushed by lsn 0
[2020-12-30 14:46:33,644][INFO][WAL][CollectionFlushed][wal_thread]  is flushed by lsn 0
[2020-12-30 14:46:34,646][INFO][WAL][CollectionFlushed][wal_thread]  is flushed by lsn 0
[2020-12-30 14:46:35,649][INFO][WAL][CollectionFlushed][wal_thread]  is flushed by lsn 0
[2020-12-30 14:46:36,652][INFO][WAL][CollectionFlushed][wal_thread]  is flushed by lsn 0
[2020-12-30 14:46:37,655][INFO][WAL][CollectionFlushed][wal_thread]  is flushed by lsn 0
[2020-12-30 14:46:38,656][INFO][WAL][CollectionFlushed][wal_thread]  is flushed by lsn 0
[2020-12-30 14:46:39,659][INFO][WAL][CollectionFlushed][wal_thread]  is flushed by lsn 0
[2020-12-30 14:46:40,664][INFO][WAL][CollectionFlushed][wal_thread]  is flushed by lsn 0
[2020-12-30 14:46:41,667][INFO][WAL][CollectionFlushed][wal_thread]  is flushed by lsn 0
[2020-12-30 14:46:42,670][INFO][WAL][CollectionFlushed][wal_thread]  is flushed by lsn 0
[2020-12-30 14:46:43,673][INFO][WAL][CollectionFlushed][wal_thread]  is flushed by lsn 0
[2020-12-30 14:46:44,676][INFO][WAL][CollectionFlushed][wal_thread]  is flushed by lsn 0
[2020-12-30 14:46:45,679][INFO][WAL][CollectionFlushed][wal_thread]  is flushed by lsn 0
[2020-12-30 14:46:46,682][INFO][WAL][CollectionFlushed][wal_thread]  is flushed by lsn 0
[2020-12-30 14:46:47,685][INFO][WAL][CollectionFlushed][wal_thread]  is flushed by lsn 0
[2020-12-30 14:46:48,687][INFO][WAL][CollectionFlushed][wal_thread]  is flushed by lsn 0
[2020-12-30 14:46:49,687][INFO][WAL][CollectionFlushed][wal_thread]  is flushed by lsn 0
[2020-12-30 14:46:50,689][INFO][WAL][CollectionFlushed][wal_thread]  is flushed by lsn 0
[2020-12-30 14:46:51,693][INFO][WAL][CollectionFlushed][wal_thread]  is flushed by lsn 0
[2020-12-30 14:46:52,696][INFO][WAL][CollectionFlushed][wal_thread]  is flushed by lsn 0
[2020-12-30 14:46:53,699][INFO][WAL][CollectionFlushed][wal_thread]  is flushed by lsn 0
[2020-12-30 14:46:54,702][INFO][WAL][CollectionFlushed][wal_thread]  is flushed by lsn 0
[2020-12-30 14:46:55,706][INFO][WAL][CollectionFlushed][wal_thread]  is flushed by lsn 0
[2020-12-30 14:46:56,709][INFO][WAL][CollectionFlushed][wal_thread]  is flushed by lsn 0
[2020-12-30 14:46:57,712][INFO][WAL][CollectionFlushed][wal_thread]  is flushed by lsn 0
[2020-12-30 14:46:58,714][INFO][WAL][CollectionFlushed][wal_thread]  is flushed by lsn 0
[2020-12-30 14:46:59,717][INFO][WAL][CollectionFlushed][wal_thread]  is flushed by lsn 0
[2020-12-30 14:47:00,718][INFO][WAL][CollectionFlushed][wal_thread]  is flushed by lsn 0
[2020-12-30 14:47:01,719][INFO][WAL][CollectionFlushed][wal_thread]  is flushed by lsn 0
[2020-12-30 14:47:02,721][INFO][WAL][CollectionFlushed][wal_thread]  is flushed by lsn 0
[2020-12-30 14:47:03,724][INFO][WAL][CollectionFlushed][wal_thread]  is flushed by lsn 0
[2020-12-30 14:47:04,725][INFO][WAL][CollectionFlushed][wal_thread]  is flushed by lsn 0
[2020-12-30 14:47:05,726][INFO][WAL][CollectionFlushed][wal_thread]  is flushed by lsn 0
[2020-12-30 14:47:06,727][INFO][WAL][CollectionFlushed][wal_thread]  is flushed by lsn 0
[2020-12-30 14:47:07,728][INFO][WAL][CollectionFlushed][wal_thread]  is flushed by lsn 0
[2020-12-30 14:47:08,730][INFO][WAL][CollectionFlushed][wal_thread]  is flushed by lsn 0
[2020-12-30 14:47:09,732][INFO][WAL][CollectionFlushed][wal_thread]  is flushed by lsn 0
[2020-12-30 14:47:10,735][INFO][WAL][CollectionFlushed][wal_thread]  is flushed by lsn 0
[2020-12-30 14:47:11,737][INFO][WAL][CollectionFlushed][wal_thread]  is flushed by lsn 0
[2020-12-30 14:47:12,740][INFO][WAL][CollectionFlushed][wal_thread]  is flushed by lsn 0
[2020-12-30 14:47:13,741][INFO][WAL][CollectionFlushed][wal_thread]  is flushed by lsn 0
[2020-12-30 14:47:14,742][INFO][WAL][CollectionFlushed][wal_thread]  is flushed by lsn 0
[2020-12-30 14:47:15,745][INFO][WAL][CollectionFlushed][wal_thread]  is flushed by lsn 0
[2020-12-30 14:47:16,746][INFO][WAL][CollectionFlushed][wal_thread]  is flushed by lsn 0
[2020-12-30 14:47:17,749][INFO][WAL][CollectionFlushed][wal_thread]  is flushed by lsn 0
[2020-12-30 14:47:18,751][INFO][WAL][CollectionFlushed][wal_thread]  is flushed by lsn 0
[2020-12-30 14:47:19,754][INFO][WAL][CollectionFlushed][wal_thread]  is flushed by lsn 0
[2020-12-30 14:47:20,757][INFO][WAL][CollectionFlushed][wal_thread]  is flushed by lsn 0
[2020-12-30 14:47:21,760][INFO][WAL][CollectionFlushed][wal_thread]  is flushed by lsn 0
[2020-12-30 14:47:22,761][INFO][WAL][CollectionFlushed][wal_thread]  is flushed by lsn 0
[2020-12-30 14:47:23,762][INFO][WAL][CollectionFlushed][wal_thread]  is flushed by lsn 0
[2020-12-30 14:47:24,763][INFO][WAL][CollectionFlushed][wal_thread]  is flushed by lsn 0
[2020-12-30 14:47:25,765][INFO][WAL][CollectionFlushed][wal_thread]  is flushed by lsn 0
[2020-12-30 14:47:26,766][INFO][WAL][CollectionFlushed][wal_thread]  is flushed by lsn 0
[2020-12-30 14:47:27,767][INFO][WAL][CollectionFlushed][wal_thread]  is flushed by lsn 0
[2020-12-30 14:47:28,768][INFO][WAL][CollectionFlushed][wal_thread]  is flushed by lsn 0
[2020-12-30 14:47:29,770][INFO][WAL][CollectionFlushed][wal_thread]  is flushed by lsn 0
[2020-12-30 14:47:30,772][INFO][WAL][CollectionFlushed][wal_thread]  is flushed by lsn 0
[2020-12-30 14:47:31,773][INFO][WAL][CollectionFlushed][wal_thread]  is flushed by lsn 0
[2020-12-30 14:47:32,776][INFO][WAL][CollectionFlushed][wal_thread]  is flushed by lsn 0
[2020-12-30 14:47:33,779][INFO][WAL][CollectionFlushed][wal_thread]  is flushed by lsn 0
[2020-12-30 14:47:34,783][INFO][WAL][CollectionFlushed][wal_thread]  is flushed by lsn 0
[2020-12-30 14:47:35,787][INFO][WAL][CollectionFlushed][wal_thread]  is flushed by lsn 0
[2020-12-30 14:47:36,790][INFO][WAL][CollectionFlushed][wal_thread]  is flushed by lsn 0
[2020-12-30 14:47:37,793][INFO][WAL][CollectionFlushed][wal_thread]  is flushed by lsn 0
[2020-12-30 14:47:38,796][INFO][WAL][CollectionFlushed][wal_thread]  is flushed by lsn 0
[2020-12-30 14:47:39,798][INFO][WAL][CollectionFlushed][wal_thread]  is flushed by lsn 0
[2020-12-30 14:47:40,801][INFO][WAL][CollectionFlushed][wal_thread]  is flushed by lsn 0
[2020-12-30 14:47:41,802][INFO][WAL][CollectionFlushed][wal_thread]  is flushed by lsn 0
[2020-12-30 14:47:42,803][INFO][WAL][CollectionFlushed][wal_thread]  is flushed by lsn 0
[2020-12-30 14:47:43,804][INFO][WAL][CollectionFlushed][wal_thread]  is flushed by lsn 0
[2020-12-30 14:47:44,806][INFO][WAL][CollectionFlushed][wal_thread]  is flushed by lsn 0
[2020-12-30 14:47:45,809][INFO][WAL][CollectionFlushed][wal_thread]  is flushed by lsn 0
[2020-12-30 14:47:46,812][INFO][WAL][CollectionFlushed][wal_thread]  is flushed by lsn 0
[2020-12-30 14:47:47,814][INFO][WAL][CollectionFlushed][wal_thread]  is flushed by lsn 0
[2020-12-30 14:47:48,815][INFO][WAL][CollectionFlushed][wal_thread]  is flushed by lsn 0
[2020-12-30 14:47:49,817][INFO][WAL][CollectionFlushed][wal_thread]  is flushed by lsn 0
[2020-12-30 14:47:50,818][INFO][WAL][CollectionFlushed][wal_thread]  is flushed by lsn 0
[2020-12-30 14:47:51,819][INFO][WAL][CollectionFlushed][wal_thread]  is flushed by lsn 0
[2020-12-30 14:47:52,823][INFO][WAL][CollectionFlushed][wal_thread]  is flushed by lsn 0
[2020-12-30 14:47:53,826][INFO][WAL][CollectionFlushed][wal_thread]  is flushed by lsn 0
[2020-12-30 14:47:54,829][INFO][WAL][CollectionFlushed][wal_thread]  is flushed by lsn 0
[2020-12-30 14:47:55,833][INFO][WAL][CollectionFlushed][wal_thread]  is flushed by lsn 0
[2020-12-30 14:47:56,836][INFO][WAL][CollectionFlushed][wal_thread]  is flushed by lsn 0
[2020-12-30 14:47:57,839][INFO][WAL][CollectionFlushed][wal_thread]  is flushed by lsn 0
[2020-12-30 14:47:58,843][INFO][WAL][CollectionFlushed][wal_thread]  is flushed by lsn 0
[2020-12-30 14:47:59,845][INFO][WAL][CollectionFlushed][wal_thread]  is flushed by lsn 0
[2020-12-30 14:48:00,846][INFO][WAL][CollectionFlushed][wal_thread]  is flushed by lsn 0
[2020-12-30 14:48:01,848][INFO][WAL][CollectionFlushed][wal_thread]  is flushed by lsn 0
[2020-12-30 14:48:02,851][INFO][WAL][CollectionFlushed][wal_thread]  is flushed by lsn 0
[2020-12-30 14:48:03,852][INFO][WAL][CollectionFlushed][wal_thread]  is flushed by lsn 0
[2020-12-30 14:48:04,855][INFO][WAL][CollectionFlushed][wal_thread]  is flushed by lsn 0
[2020-12-30 14:48:05,857][INFO][WAL][CollectionFlushed][wal_thread]  is flushed by lsn 0
[2020-12-30 14:48:06,859][INFO][WAL][CollectionFlushed][wal_thread]  is flushed by lsn 0
[2020-12-30 14:48:07,863][INFO][WAL][CollectionFlushed][wal_thread]  is flushed by lsn 0
[2020-12-30 14:48:08,866][INFO][WAL][CollectionFlushed][wal_thread]  is flushed by lsn 0
[2020-12-30 14:48:09,870][INFO][WAL][CollectionFlushed][wal_thread]  is flushed by lsn 0
[2020-12-30 14:48:10,874][INFO][WAL][CollectionFlushed][wal_thread]  is flushed by lsn 0
[2020-12-30 14:48:11,877][INFO][WAL][CollectionFlushed][wal_thread]  is flushed by lsn 0
[2020-12-30 14:48:12,878][INFO][WAL][CollectionFlushed][wal_thread]  is flushed by lsn 0
[2020-12-30 14:48:13,880][INFO][WAL][CollectionFlushed][wal_thread]  is flushed by lsn 0
[2020-12-30 14:48:14,884][INFO][WAL][CollectionFlushed][wal_thread]  is flushed by lsn 0
[2020-12-30 14:48:15,887][INFO][WAL][CollectionFlushed][wal_thread]  is flushed by lsn 0
[2020-12-30 14:48:16,890][INFO][WAL][CollectionFlushed][wal_thread]  is flushed by lsn 0
[2020-12-30 14:48:17,892][INFO][WAL][CollectionFlushed][wal_thread]  is flushed by lsn 0
[2020-12-30 14:48:18,894][INFO][WAL][CollectionFlushed][wal_thread]  is flushed by lsn 0
[2020-12-30 14:48:19,897][INFO][WAL][CollectionFlushed][wal_thread]  is flushed by lsn 0
[2020-12-30 14:48:20,901][INFO][WAL][CollectionFlushed][wal_thread]  is flushed by lsn 0
[2020-12-30 14:48:21,905][INFO][WAL][CollectionFlushed][wal_thread]  is flushed by lsn 0
[2020-12-30 14:48:22,908][INFO][WAL][CollectionFlushed][wal_thread]  is flushed by lsn 0
[2020-12-30 14:48:23,910][INFO][WAL][CollectionFlushed][wal_thread]  is flushed by lsn 0
[2020-12-30 14:48:24,912][INFO][WAL][CollectionFlushed][wal_thread]  is flushed by lsn 0
[2020-12-30 14:48:25,913][INFO][WAL][CollectionFlushed][wal_thread]  is flushed by lsn 0
[2020-12-30 14:48:26,914][INFO][WAL][CollectionFlushed][wal_thread]  is flushed by lsn 0
[2020-12-30 14:48:27,916][INFO][WAL][CollectionFlushed][wal_thread]  is flushed by lsn 0
[2020-12-30 14:48:28,919][INFO][WAL][CollectionFlushed][wal_thread]  is flushed by lsn 0
[2020-12-30 14:48:29,921][INFO][WAL][CollectionFlushed][wal_thread]  is flushed by lsn 0
[2020-12-30 14:48:30,928][INFO][WAL][CollectionFlushed][wal_thread]  is flushed by lsn 0
[2020-12-30 14:48:31,929][INFO][WAL][CollectionFlushed][wal_thread]  is flushed by lsn 0
[2020-12-30 14:48:32,931][INFO][WAL][CollectionFlushed][wal_thread]  is flushed by lsn 0
[2020-12-30 14:48:33,931][INFO][WAL][CollectionFlushed][wal_thread]  is flushed by lsn 0
[2020-12-30 14:48:34,933][INFO][WAL][CollectionFlushed][wal_thread]  is flushed by lsn 0
[2020-12-30 14:48:35,937][INFO][WAL][CollectionFlushed][wal_thread]  is flushed by lsn 0
[2020-12-30 14:48:36,940][INFO][WAL][CollectionFlushed][wal_thread]  is flushed by lsn 0
[2020-12-30 14:48:37,943][INFO][WAL][CollectionFlushed][wal_thread]  is flushed by lsn 0
[2020-12-30 14:48:38,946][INFO][WAL][CollectionFlushed][wal_thread]  is flushed by lsn 0
[2020-12-30 14:48:39,950][INFO][WAL][CollectionFlushed][wal_thread]  is flushed by lsn 0
[2020-12-30 14:48:40,953][INFO][WAL][CollectionFlushed][wal_thread]  is flushed by lsn 0
[2020-12-30 14:48:41,956][INFO][WAL][CollectionFlushed][wal_thread]  is flushed by lsn 0
[2020-12-30 14:48:42,959][INFO][WAL][CollectionFlushed][wal_thread]  is flushed by lsn 0
[2020-12-30 14:48:43,963][INFO][WAL][CollectionFlushed][wal_thread]  is flushed by lsn 0
[2020-12-30 14:48:44,966][INFO][WAL][CollectionFlushed][wal_thread]  is flushed by lsn 0
[2020-12-30 14:48:45,969][INFO][WAL][CollectionFlushed][wal_thread]  is flushed by lsn 0
[2020-12-30 14:48:46,972][INFO][WAL][CollectionFlushed][wal_thread]  is flushed by lsn 0
[2020-12-30 14:48:47,975][INFO][WAL][CollectionFlushed][wal_thread]  is flushed by lsn 0
[2020-12-30 14:48:48,976][INFO][WAL][CollectionFlushed][wal_thread]  is flushed by lsn 0
[2020-12-30 14:48:49,980][INFO][WAL][CollectionFlushed][wal_thread]  is flushed by lsn 0
[2020-12-30 14:48:50,984][INFO][WAL][CollectionFlushed][wal_thread]  is flushed by lsn 0
[2020-12-30 14:48:51,986][INFO][WAL][CollectionFlushed][wal_thread]  is flushed by lsn 0
[2020-12-30 14:48:52,987][INFO][WAL][CollectionFlushed][wal_thread]  is flushed by lsn 0
[2020-12-30 14:48:53,990][INFO][WAL][CollectionFlushed][wal_thread]  is flushed by lsn 0
[2020-12-30 14:48:54,991][INFO][WAL][CollectionFlushed][wal_thread]  is flushed by lsn 0
[2020-12-30 14:48:55,992][INFO][WAL][CollectionFlushed][wal_thread]  is flushed by lsn 0
[2020-12-30 14:48:56,994][INFO][WAL][CollectionFlushed][wal_thread]  is flushed by lsn 0
[2020-12-30 14:48:57,996][INFO][WAL][CollectionFlushed][wal_thread]  is flushed by lsn 0
[2020-12-30 14:48:58,998][INFO][WAL][CollectionFlushed][wal_thread]  is flushed by lsn 0
[2020-12-30 14:49:00,000][INFO][WAL][CollectionFlushed][wal_thread]  is flushed by lsn 0
[2020-12-30 14:49:01,004][INFO][WAL][CollectionFlushed][wal_thread]  is flushed by lsn 0
[2020-12-30 14:49:02,005][INFO][WAL][CollectionFlushed][wal_thread]  is flushed by lsn 0
[2020-12-30 14:49:03,008][INFO][WAL][CollectionFlushed][wal_thread]  is flushed by lsn 0
[2020-12-30 14:49:04,010][INFO][WAL][CollectionFlushed][wal_thread]  is flushed by lsn 0
[2020-12-30 14:49:05,013][INFO][WAL][CollectionFlushed][wal_thread]  is flushed by lsn 0
[2020-12-30 14:49:06,015][INFO][WAL][CollectionFlushed][wal_thread]  is flushed by lsn 0
[2020-12-30 14:49:07,019][INFO][WAL][CollectionFlushed][wal_thread]  is flushed by lsn 0
[2020-12-30 14:49:08,022][INFO][WAL][CollectionFlushed][wal_thread]  is flushed by lsn 0
[2020-12-30 14:49:09,025][INFO][WAL][CollectionFlushed][wal_thread]  is flushed by lsn 0
[2020-12-30 14:49:10,027][INFO][WAL][CollectionFlushed][wal_thread]  is flushed by lsn 0
[2020-12-30 14:49:11,031][INFO][WAL][CollectionFlushed][wal_thread]  is flushed by lsn 0
[2020-12-30 14:49:12,033][INFO][WAL][CollectionFlushed][wal_thread]  is flushed by lsn 0
[2020-12-30 14:49:13,035][INFO][WAL][CollectionFlushed][wal_thread]  is flushed by lsn 0
[2020-12-30 14:49:14,038][INFO][WAL][CollectionFlushed][wal_thread]  is flushed by lsn 0
[2020-12-30 14:49:15,040][INFO][WAL][CollectionFlushed][wal_thread]  is flushed by lsn 0
[2020-12-30 14:49:16,044][INFO][WAL][CollectionFlushed][wal_thread]  is flushed by lsn 0
[2020-12-30 14:49:17,047][INFO][WAL][CollectionFlushed][wal_thread]  is flushed by lsn 0
[2020-12-30 14:49:18,051][INFO][WAL][CollectionFlushed][wal_thread]  is flushed by lsn 0
[2020-12-30 14:49:19,052][INFO][WAL][CollectionFlushed][wal_thread]  is flushed by lsn 0
[2020-12-30 14:49:20,056][INFO][WAL][CollectionFlushed][wal_thread]  is flushed by lsn 0
[2020-12-30 14:49:21,058][INFO][WAL][CollectionFlushed][wal_thread]  is flushed by lsn 0
[2020-12-30 14:49:22,059][INFO][WAL][CollectionFlushed][wal_thread]  is flushed by lsn 0
[2020-12-30 14:49:23,060][INFO][WAL][CollectionFlushed][wal_thread]  is flushed by lsn 0
[2020-12-30 14:49:24,063][INFO][WAL][CollectionFlushed][wal_thread]  is flushed by lsn 0
[2020-12-30 14:49:25,065][INFO][WAL][CollectionFlushed][wal_thread]  is flushed by lsn 0
[2020-12-30 14:49:26,068][INFO][WAL][CollectionFlushed][wal_thread]  is flushed by lsn 0
[2020-12-30 14:49:27,070][INFO][WAL][CollectionFlushed][wal_thread]  is flushed by lsn 0
[2020-12-30 14:49:28,072][INFO][WAL][CollectionFlushed][wal_thread]  is flushed by lsn 0
[2020-12-30 14:49:29,075][INFO][WAL][CollectionFlushed][wal_thread]  is flushed by lsn 0
[2020-12-30 14:49:30,079][INFO][WAL][CollectionFlushed][wal_thread]  is flushed by lsn 0
[2020-12-30 14:49:31,082][INFO][WAL][CollectionFlushed][wal_thread]  is flushed by lsn 0
[2020-12-30 14:49:32,085][INFO][WAL][CollectionFlushed][wal_thread]  is flushed by lsn 0
[2020-12-30 14:49:33,088][INFO][WAL][CollectionFlushed][wal_thread]  is flushed by lsn 0
[2020-12-30 14:49:34,089][INFO][WAL][CollectionFlushed][wal_thread]  is flushed by lsn 0
[2020-12-30 14:49:35,092][INFO][WAL][CollectionFlushed][wal_thread]  is flushed by lsn 0
[2020-12-30 14:49:36,096][INFO][WAL][CollectionFlushed][wal_thread]  is flushed by lsn 0
[2020-12-30 14:49:37,099][INFO][WAL][CollectionFlushed][wal_thread]  is flushed by lsn 0
[2020-12-30 14:49:38,099][INFO][WAL][CollectionFlushed][wal_thread]  is flushed by lsn 0
[2020-12-30 14:49:39,100][INFO][WAL][CollectionFlushed][wal_thread]  is flushed by lsn 0
[2020-12-30 14:49:40,102][INFO][WAL][CollectionFlushed][wal_thread]  is flushed by lsn 0
[2020-12-30 14:49:41,103][INFO][WAL][CollectionFlushed][wal_thread]  is flushed by lsn 0
[2020-12-30 14:49:42,105][INFO][WAL][CollectionFlushed][wal_thread]  is flushed by lsn 0
[2020-12-30 14:49:43,107][INFO][WAL][CollectionFlushed][wal_thread]  is flushed by lsn 0
[2020-12-30 14:49:44,109][INFO][WAL][CollectionFlushed][wal_thread]  is flushed by lsn 0
[2020-12-30 14:49:45,110][INFO][WAL][CollectionFlushed][wal_thread]  is flushed by lsn 0
[2020-12-30 14:49:46,115][INFO][WAL][CollectionFlushed][wal_thread]  is flushed by lsn 0
[2020-12-30 14:49:47,117][INFO][WAL][CollectionFlushed][wal_thread]  is flushed by lsn 0
[2020-12-30 14:49:48,120][INFO][WAL][CollectionFlushed][wal_thread]  is flushed by lsn 0
[2020-12-30 14:49:49,121][INFO][WAL][CollectionFlushed][wal_thread]  is flushed by lsn 0
[2020-12-30 14:49:50,125][INFO][WAL][CollectionFlushed][wal_thread]  is flushed by lsn 0
[2020-12-30 14:49:51,128][INFO][WAL][CollectionFlushed][wal_thread]  is flushed by lsn 0
[2020-12-30 14:49:52,130][INFO][WAL][CollectionFlushed][wal_thread]  is flushed by lsn 0
[2020-12-30 14:49:53,132][INFO][WAL][CollectionFlushed][wal_thread]  is flushed by lsn 0
[2020-12-30 14:49:54,133][INFO][WAL][CollectionFlushed][wal_thread]  is flushed by lsn 0
[2020-12-30 14:49:55,133][INFO][WAL][CollectionFlushed][wal_thread]  is flushed by lsn 0
[2020-12-30 14:49:56,135][INFO][WAL][CollectionFlushed][wal_thread]  is flushed by lsn 0
[2020-12-30 14:49:57,136][INFO][WAL][CollectionFlushed][wal_thread]  is flushed by lsn 0
[2020-12-30 14:49:58,137][INFO][WAL][CollectionFlushed][wal_thread]  is flushed by lsn 0
[2020-12-30 14:49:59,138][INFO][WAL][CollectionFlushed][wal_thread]  is flushed by lsn 0
[2020-12-30 14:50:00,139][INFO][WAL][CollectionFlushed][wal_thread]  is flushed by lsn 0
[2020-12-30 14:50:01,140][INFO][WAL][CollectionFlushed][wal_thread]  is flushed by lsn 0
[2020-12-30 14:50:02,143][INFO][WAL][CollectionFlushed][wal_thread]  is flushed by lsn 0
[2020-12-30 14:50:03,144][INFO][WAL][CollectionFlushed][wal_thread]  is flushed by lsn 0
[2020-12-30 14:50:04,145][INFO][WAL][CollectionFlushed][wal_thread]  is flushed by lsn 0
[2020-12-30 14:50:05,147][INFO][WAL][CollectionFlushed][wal_thread]  is flushed by lsn 0
[2020-12-30 14:50:06,151][INFO][WAL][CollectionFlushed][wal_thread]  is flushed by lsn 0
[2020-12-30 14:50:07,153][INFO][WAL][CollectionFlushed][wal_thread]  is flushed by lsn 0
[2020-12-30 14:50:08,154][INFO][WAL][CollectionFlushed][wal_thread]  is flushed by lsn 0
[2020-12-30 14:50:09,155][INFO][WAL][CollectionFlushed][wal_thread]  is flushed by lsn 0
[2020-12-30 14:50:10,157][INFO][WAL][CollectionFlushed][wal_thread]  is flushed by lsn 0
[2020-12-30 14:50:11,159][INFO][WAL][CollectionFlushed][wal_thread]  is flushed by lsn 0
[2020-12-30 14:50:12,161][INFO][WAL][CollectionFlushed][wal_thread]  is flushed by lsn 0
[2020-12-30 14:50:13,164][INFO][WAL][CollectionFlushed][wal_thread]  is flushed by lsn 0
[2020-12-30 14:50:14,168][INFO][WAL][CollectionFlushed][wal_thread]  is flushed by lsn 0
[2020-12-30 14:50:15,170][INFO][WAL][CollectionFlushed][wal_thread]  is flushed by lsn 0
[2020-12-30 14:50:16,174][INFO][WAL][CollectionFlushed][wal_thread]  is flushed by lsn 0
[2020-12-30 14:50:17,178][INFO][WAL][CollectionFlushed][wal_thread]  is flushed by lsn 0
[2020-12-30 14:50:18,183][INFO][WAL][CollectionFlushed][wal_thread]  is flushed by lsn 0
[2020-12-30 14:50:19,186][INFO][WAL][CollectionFlushed][wal_thread]  is flushed by lsn 0
[2020-12-30 14:50:20,190][INFO][WAL][CollectionFlushed][wal_thread]  is flushed by lsn 0
[2020-12-30 14:50:21,191][INFO][WAL][CollectionFlushed][wal_thread]  is flushed by lsn 0
[2020-12-30 14:50:22,192][INFO][WAL][CollectionFlushed][wal_thread]  is flushed by lsn 0
[2020-12-30 14:50:23,195][INFO][WAL][CollectionFlushed][wal_thread]  is flushed by lsn 0
[2020-12-30 14:50:24,196][INFO][WAL][CollectionFlushed][wal_thread]  is flushed by lsn 0
[2020-12-30 14:50:25,197][INFO][WAL][CollectionFlushed][wal_thread]  is flushed by lsn 0
[2020-12-30 14:50:26,201][INFO][WAL][CollectionFlushed][wal_thread]  is flushed by lsn 0
[2020-12-30 14:50:27,203][INFO][WAL][CollectionFlushed][wal_thread]  is flushed by lsn 0
[2020-12-30 14:50:28,205][INFO][WAL][CollectionFlushed][wal_thread]  is flushed by lsn 0
[2020-12-30 14:50:29,209][INFO][WAL][CollectionFlushed][wal_thread]  is flushed by lsn 0
[2020-12-30 14:50:30,212][INFO][WAL][CollectionFlushed][wal_thread]  is flushed by lsn 0
[2020-12-30 14:50:31,219][INFO][WAL][CollectionFlushed][wal_thread]  is flushed by lsn 0
[2020-12-30 14:50:32,222][INFO][WAL][CollectionFlushed][wal_thread]  is flushed by lsn 0
[2020-12-30 14:50:33,225][INFO][WAL][CollectionFlushed][wal_thread]  is flushed by lsn 0
[2020-12-30 14:50:34,228][INFO][WAL][CollectionFlushed][wal_thread]  is flushed by lsn 0
[2020-12-30 14:50:35,231][INFO][WAL][CollectionFlushed][wal_thread]  is flushed by lsn 0
[2020-12-30 14:50:36,235][INFO][WAL][CollectionFlushed][wal_thread]  is flushed by lsn 0
[2020-12-30 14:50:37,239][INFO][WAL][CollectionFlushed][wal_thread]  is flushed by lsn 0
[2020-12-30 14:50:38,243][INFO][WAL][CollectionFlushed][wal_thread]  is flushed by lsn 0
[2020-12-30 14:50:39,247][INFO][WAL][CollectionFlushed][wal_thread]  is flushed by lsn 0
[2020-12-30 14:50:40,249][INFO][WAL][CollectionFlushed][wal_thread]  is flushed by lsn 0
[2020-12-30 14:50:41,252][INFO][WAL][CollectionFlushed][wal_thread]  is flushed by lsn 0
[2020-12-30 14:50:42,253][INFO][WAL][CollectionFlushed][wal_thread]  is flushed by lsn 0
[2020-12-30 14:50:43,253][INFO][WAL][CollectionFlushed][wal_thread]  is flushed by lsn 0
[2020-12-30 14:50:44,255][INFO][WAL][CollectionFlushed][wal_thread]  is flushed by lsn 0
[2020-12-30 14:50:45,258][INFO][WAL][CollectionFlushed][wal_thread]  is flushed by lsn 0
[2020-12-30 14:50:46,260][INFO][WAL][CollectionFlushed][wal_thread]  is flushed by lsn 0
[2020-12-30 14:50:47,262][INFO][WAL][CollectionFlushed][wal_thread]  is flushed by lsn 0
[2020-12-30 14:50:48,266][INFO][WAL][CollectionFlushed][wal_thread]  is flushed by lsn 0
[2020-12-30 14:50:49,269][INFO][WAL][CollectionFlushed][wal_thread]  is flushed by lsn 0
[2020-12-30 14:50:50,272][INFO][WAL][CollectionFlushed][wal_thread]  is flushed by lsn 0
[2020-12-30 14:50:51,274][INFO][WAL][CollectionFlushed][wal_thread]  is flushed by lsn 0
[2020-12-30 14:50:52,275][INFO][WAL][CollectionFlushed][wal_thread]  is flushed by lsn 0
[2020-12-30 14:50:53,278][INFO][WAL][CollectionFlushed][wal_thread]  is flushed by lsn 0
[2020-12-30 14:50:54,279][INFO][WAL][CollectionFlushed][wal_thread]  is flushed by lsn 0
[2020-12-30 14:50:55,280][INFO][WAL][CollectionFlushed][wal_thread]  is flushed by lsn 0
[2020-12-30 14:50:56,284][INFO][WAL][CollectionFlushed][wal_thread]  is flushed by lsn 0
[2020-12-30 14:50:57,287][INFO][WAL][CollectionFlushed][wal_thread]  is flushed by lsn 0
[2020-12-30 14:50:58,290][INFO][WAL][CollectionFlushed][wal_thread]  is flushed by lsn 0
[2020-12-30 14:50:59,292][INFO][WAL][CollectionFlushed][wal_thread]  is flushed by lsn 0
[2020-12-30 14:51:00,295][INFO][WAL][CollectionFlushed][wal_thread]  is flushed by lsn 0
[2020-12-30 14:51:01,297][INFO][WAL][CollectionFlushed][wal_thread]  is flushed by lsn 0
[2020-12-30 14:51:02,298][INFO][WAL][CollectionFlushed][wal_thread]  is flushed by lsn 0
[2020-12-30 14:51:03,300][INFO][WAL][CollectionFlushed][wal_thread]  is flushed by lsn 0
[2020-12-30 14:51:04,302][INFO][WAL][CollectionFlushed][wal_thread]  is flushed by lsn 0
[2020-12-30 14:51:05,305][INFO][WAL][CollectionFlushed][wal_thread]  is flushed by lsn 0
[2020-12-30 14:51:06,307][INFO][WAL][CollectionFlushed][wal_thread]  is flushed by lsn 0
[2020-12-30 14:51:07,309][INFO][WAL][CollectionFlushed][wal_thread]  is flushed by lsn 0
[2020-12-30 14:51:08,312][INFO][WAL][CollectionFlushed][wal_thread]  is flushed by lsn 0
[2020-12-30 14:51:09,313][INFO][WAL][CollectionFlushed][wal_thread]  is flushed by lsn 0
[2020-12-30 14:51:10,315][INFO][WAL][CollectionFlushed][wal_thread]  is flushed by lsn 0
[2020-12-30 14:51:11,316][INFO][WAL][CollectionFlushed][wal_thread]  is flushed by lsn 0
[2020-12-30 14:51:12,318][INFO][WAL][CollectionFlushed][wal_thread]  is flushed by lsn 0
[2020-12-30 14:51:13,319][INFO][WAL][CollectionFlushed][wal_thread]  is flushed by lsn 0
[2020-12-30 14:51:14,320][INFO][WAL][CollectionFlushed][wal_thread]  is flushed by lsn 0
[2020-12-30 14:51:15,322][INFO][WAL][CollectionFlushed][wal_thread]  is flushed by lsn 0
[2020-12-30 14:51:16,325][INFO][WAL][CollectionFlushed][wal_thread]  is flushed by lsn 0
[2020-12-30 14:51:17,326][INFO][WAL][CollectionFlushed][wal_thread]  is flushed by lsn 0
[2020-12-30 14:51:18,328][INFO][WAL][CollectionFlushed][wal_thread]  is flushed by lsn 0
[2020-12-30 14:51:19,332][INFO][WAL][CollectionFlushed][wal_thread]  is flushed by lsn 0
[2020-12-30 14:51:20,334][INFO][WAL][CollectionFlushed][wal_thread]  is flushed by lsn 0
[2020-12-30 14:51:21,336][INFO][WAL][CollectionFlushed][wal_thread]  is flushed by lsn 0
[2020-12-30 14:51:22,339][INFO][WAL][CollectionFlushed][wal_thread]  is flushed by lsn 0
[2020-12-30 14:51:23,341][INFO][WAL][CollectionFlushed][wal_thread]  is flushed by lsn 0
[2020-12-30 14:51:24,344][INFO][WAL][CollectionFlushed][wal_thread]  is flushed by lsn 0
[2020-12-30 14:51:25,346][INFO][WAL][CollectionFlushed][wal_thread]  is flushed by lsn 0
[2020-12-30 14:51:26,349][INFO][WAL][CollectionFlushed][wal_thread]  is flushed by lsn 0
[2020-12-30 14:51:27,350][INFO][WAL][CollectionFlushed][wal_thread]  is flushed by lsn 0
[2020-12-30 14:51:28,352][INFO][WAL][CollectionFlushed][wal_thread]  is flushed by lsn 0
[2020-12-30 14:51:29,354][INFO][WAL][CollectionFlushed][wal_thread]  is flushed by lsn 0
[2020-12-30 14:51:30,355][INFO][WAL][CollectionFlushed][wal_thread]  is flushed by lsn 0
[2020-12-30 14:51:31,358][INFO][WAL][CollectionFlushed][wal_thread]  is flushed by lsn 0
[2020-12-30 14:51:32,360][INFO][WAL][CollectionFlushed][wal_thread]  is flushed by lsn 0
[2020-12-30 14:51:33,365][INFO][WAL][CollectionFlushed][wal_thread]  is flushed by lsn 0
[2020-12-30 14:51:34,366][INFO][WAL][CollectionFlushed][wal_thread]  is flushed by lsn 0
[2020-12-30 14:51:35,369][INFO][WAL][CollectionFlushed][wal_thread]  is flushed by lsn 0
