[2021-01-04 09:38:13,200][INFO][SERVER][Check][milvus_server] InstanceLockCheck passed.
[2021-01-04 09:38:13,202][INFO][SERVER][Check][milvus_server] InstanceLockCheck passed.
[2021-01-04 09:38:13,202][INFO][SERVER][Start][milvus_server] Milvus Release version: v0.10.4, built at 2020-12-01 14:51.19
[2021-01-04 09:38:13,202][INFO][SERVER][Start][milvus_server] CPU edition
[2021-01-04 09:38:13,204][INFO][SERVER][CheckCpuInstructionSet][milvus_server] Supported CPU instruction sets: avx2, sse4_2
[2021-01-04 09:38:13,228][INFO][SERVER][LogConfigInFile][milvus_server] 

***************Config in file***************

version: 0.5
cluster:
  enable: false
  role: rw
general:
  timezone: UTC+8
  meta_uri: sqlite://:@:/
network:
  bind.address: 0.0.0.0
  bind.port: 19530
  http.enable: true
  http.port: 19121
storage:
  path: /var/lib/milvus
  auto_flush_interval: 1
wal:
  enable: true
  recovery_error_ignore: false
  buffer_size: 256MB
  path: /var/lib/milvus/wal
cache:
  cache_size: 1GB
  insert_buffer_size: 1GB
  preload_collection: ~
gpu:
  enable: false
  cache_size: 1GB
  gpu_search_threshold: 1000
  search_devices:
    - gpu0
  build_index_devices:
    - gpu0
fpga:
  enable: false
  search_devices:
    - fpga0
logs:
  level: debug
  trace.enable: true
  path: /var/lib/milvus/logs
  max_log_file_size: 1024MB
  log_rotate_num: 0
metric:
  enable: false
  address: 127.0.0.1
  port: 9091
[2021-01-04 09:38:13,345][INFO][SERVER][LogCpuInfo][milvus_server] 

***************CPU***************

processor	: 1
vendor_id	: GenuineIntel
cpu family	: 6
model		: 142
model name	: Intel(R) Core(TM) i5-8250U CPU @ 1.60GHz
stepping	: 10
microcode	: 0xffffffff
cpu MHz		: 1799.999
cache size	: 6144 KB
physical id	: 0
siblings	: 2
core id		: 0
cpu cores	: 1
apicid		: 1
initial apicid	: 1
fpu		: yes
fpu_exception	: yes
cpuid level	: 21
wp		: yes
flags		: fpu vme de pse tsc msr pae mce cx8 apic sep mtrr pge mca cmov pat pse36 clflush mmx fxsr sse sse2 ss ht syscall nx pdpe1gb rdtscp lm constant_tsc rep_good nopl xtopology cpuid pni pclmulqdq ssse3 fma cx16 pcid sse4_1 sse4_2 movbe popcnt aes xsave avx f16c rdrand hypervisor lahf_lm abm 3dnowprefetch invpcid_single ssbd ibrs ibpb stibp fsgsbase bmi1 avx2 smep bmi2 erms invpcid mpx rdseed adx smap clflushopt xsaveopt xsavec xgetbv1 xsaves flush_l1d arch_capabilities
bugs		: cpu_meltdown spectre_v1 spectre_v2 spec_store_bypass l1tf mds swapgs itlb_multihit
bogomips	: 3599.99
clflush size	: 64
cache_alignment	: 64
address sizes	: 39 bits physical, 48 bits virtual
power management:


[2021-01-04 09:38:13,349][INFO][SERVER][LogConfigInMem][milvus_server] 

***************Config in memory***************

{
   "cache": {
      "cache_insert_data": "false",
      "cache_size": "1GB",
      "cpu_cache_threshold": "0.7",
      "insert_buffer_size": "1GB",
      "preload_collection": ""
   },
   "cluster": {
      "enable": "false",
      "role": "rw"
   },
   "db_config": {
      "archive_days_threshold": "0",
      "archive_disk_threshold": "0"
   },
   "engine_config": {
      "max_partition_num": "4096",
      "omp_thread_num": "0",
      "simd_type": "auto",
      "use_blas_threshold": "1100"
   },
   "general": {
      "meta_uri": "sqlite://:@:/",
      "timezone": "UTC+8"
   },
   "logs": {
      "level": "debug",
      "log_rotate_num": "0",
      "max_log_file_size": "1024MB",
      "path": "/var/lib/milvus/logs",
      "trace.enable": "true"
   },
   "metric": {
      "address": "127.0.0.1",
      "enable": "false",
      "port": "9091"
   },
   "network": {
      "bind.address": "0.0.0.0",
      "bind.port": "19530",
      "http.enable": "true",
      "http.port": "19121"
   },
   "storage": {
      "auto_flush_interval": "1",
      "path": "/var/lib/milvus"
   },
   "tracing_config": {
      "json_config_path": ""
   },
   "wal": {
      "buffer_size": "256MB",
      "enable": "true",
      "path": "/var/lib/milvus/wal",
      "recovery_error_ignore": "false"
   }
}
[2021-01-04 09:38:13,453][INFO][ENGINE][Build][milvus_server] Using SQLite
[2021-01-04 09:40:38,535][INFO][SERVER][Cmd][grpcpp_sync_ser] Request [0] Cmd begin.
[2021-01-04 09:40:38,537][INFO][SERVER][PutToQueue][grpcpp_sync_ser] Create new thread for request group: info
[2021-01-04 09:40:38,540][INFO][SERVER][Cmd][grpcpp_sync_ser] Request [0] Cmd end.
[2021-01-04 09:40:38,547][INFO][SERVER][HasCollection][grpcpp_sync_ser] Request [1] HasCollection begin.
[2021-01-04 09:40:38,553][INFO][SERVER][HasCollection][grpcpp_sync_ser] Request [1] HasCollection end.
[2021-01-04 09:40:38,557][INFO][SERVER][CreateCollection][grpcpp_sync_ser] Request [2] CreateCollection begin.
[2021-01-04 09:40:38,558][INFO][SERVER][PutToQueue][grpcpp_sync_ser] Create new thread for request group: ddl_dml
[2021-01-04 09:40:38,559][INFO][WAL][CreateCollection][reqsched_thread] create collection retina_face 4295392636
[2021-01-04 09:40:38,573][INFO][SERVER][CreateCollection][grpcpp_sync_ser] Request [2] CreateCollection end.
[2021-01-04 09:40:38,575][INFO][SERVER][DescribeCollection][grpcpp_sync_ser] Request [3] DescribeCollection begin.
[2021-01-04 09:40:38,576][INFO][SERVER][DescribeCollection][grpcpp_sync_ser] Request [3] DescribeCollection end.
[2021-01-04 09:40:38,589][INFO][SERVER][Insert][grpcpp_sync_ser] Request [4] Insert begin.
[2021-01-04 09:40:38,590][INFO][SERVER][OnExecute][reqsched_thread] [insert][0] Execute insert request.
[2021-01-04 09:40:38,593][INFO][WAL][Insert][reqsched_thread] [insert][0]retina_face insert in part  with lsn 4295394724
[2021-01-04 09:40:38,594][INFO][WAL][GetNextRecord][wal_thread] record type 2 collection retina_face lsn 4295394724
[2021-01-04 09:40:38,596][INFO][SERVER][Insert][grpcpp_sync_ser] Request [4] Insert end.
[2021-01-04 09:40:38,601][INFO][SERVER][Flush][grpcpp_sync_ser] Request [5] Flush begin.
[2021-01-04 09:40:38,604][INFO][WAL][Flush][reqsched_thread] retina_face want to be flush, lsn 4295394724
[2021-01-04 09:40:38,605][INFO][WAL][operator()][wal_thread] record flush collection retina_face lsn 4295394724
[2021-01-04 09:40:38,768][INFO][WAL][CollectionFlushed][wal_thread] retina_face is flushed by lsn 4295394724
[2021-01-04 09:40:38,770][INFO][SERVER][Flush][grpcpp_sync_ser] Request [5] Flush end.
[2021-01-04 09:41:04,791][INFO][SERVER][Cmd][grpcpp_sync_ser] Request [6] Cmd begin.
[2021-01-04 09:41:04,792][INFO][SERVER][Cmd][grpcpp_sync_ser] Request [6] Cmd end.
[2021-01-04 09:41:04,794][INFO][SERVER][HasCollection][grpcpp_sync_ser] Request [7] HasCollection begin.
[2021-01-04 09:41:04,797][INFO][SERVER][HasCollection][grpcpp_sync_ser] Request [7] HasCollection end.
[2021-01-04 09:41:04,799][INFO][SERVER][Insert][grpcpp_sync_ser] Request [8] Insert begin.
[2021-01-04 09:41:04,799][INFO][SERVER][OnExecute][reqsched_thread] [insert][0] Execute insert request.
[2021-01-04 09:41:04,801][INFO][SERVER][Insert][grpcpp_sync_ser] Request [8] Insert end.
[2021-01-04 09:41:04,803][INFO][SERVER][Flush][grpcpp_sync_ser] Request [9] Flush begin.
[2021-01-04 09:41:04,806][INFO][WAL][Flush][reqsched_thread] retina_face want to be flush, lsn 0
[2021-01-04 09:41:04,807][INFO][SERVER][Flush][grpcpp_sync_ser] Request [9] Flush end.
[2021-01-04 09:41:04,810][INFO][SERVER][Search][grpcpp_sync_ser] Request [10] Search begin.
[2021-01-04 09:41:04,810][INFO][SERVER][OnPreExecute][grpcpp_sync_ser] [search][0] Search pre-execute. Check search parameters
[2021-01-04 09:41:04,811][INFO][SERVER][PutToQueue][grpcpp_sync_ser] Create new thread for request group: dql
[2021-01-04 09:41:04,811][INFO][SERVER][OnExecute][reqsched_thread] [search][0] Search execute.
[2021-01-04 09:41:04,816][INFO][SERVER][CpuCacheMgr][reqsched_thread] cpu cache.size: 1073741824
[2021-01-04 09:41:04,918][INFO][SERVER][Search][grpcpp_sync_ser] Request [10] Search end.
[2021-01-04 09:42:18,058][INFO][SERVER][Cmd][grpcpp_sync_ser] Request [11] Cmd begin.
[2021-01-04 09:42:18,059][INFO][SERVER][Cmd][grpcpp_sync_ser] Request [11] Cmd end.
[2021-01-04 09:42:18,061][INFO][SERVER][HasCollection][grpcpp_sync_ser] Request [12] HasCollection begin.
[2021-01-04 09:42:18,063][INFO][SERVER][HasCollection][grpcpp_sync_ser] Request [12] HasCollection end.
[2021-01-04 09:42:18,064][INFO][SERVER][DescribeCollection][grpcpp_sync_ser] Request [13] DescribeCollection begin.
[2021-01-04 09:42:18,066][INFO][SERVER][DescribeCollection][grpcpp_sync_ser] Request [13] DescribeCollection end.
[2021-01-04 09:42:18,068][INFO][SERVER][Insert][grpcpp_sync_ser] Request [14] Insert begin.
[2021-01-04 09:42:18,069][INFO][SERVER][OnExecute][reqsched_thread] [insert][0] Execute insert request.
[2021-01-04 09:42:18,071][INFO][WAL][Insert][reqsched_thread] [insert][0]retina_face insert in part  with lsn 4295396812
[2021-01-04 09:42:18,071][INFO][WAL][GetNextRecord][wal_thread] record type 2 collection retina_face lsn 4295396812
[2021-01-04 09:42:18,074][INFO][SERVER][Insert][grpcpp_sync_ser] Request [14] Insert end.
[2021-01-04 09:42:18,077][INFO][SERVER][Flush][grpcpp_sync_ser] Request [15] Flush begin.
[2021-01-04 09:42:18,080][INFO][WAL][Flush][reqsched_thread] retina_face want to be flush, lsn 4295396812
[2021-01-04 09:42:18,120][INFO][WAL][operator()][wal_thread] record flush collection retina_face lsn 4295396812
[2021-01-04 09:42:18,175][INFO][WAL][CollectionFlushed][wal_thread] retina_face is flushed by lsn 4295396812
[2021-01-04 09:42:18,177][INFO][SERVER][Flush][grpcpp_sync_ser] Request [15] Flush end.
[2021-01-04 09:42:31,839][INFO][SERVER][Cmd][grpcpp_sync_ser] Request [16] Cmd begin.
[2021-01-04 09:42:31,840][INFO][SERVER][Cmd][grpcpp_sync_ser] Request [16] Cmd end.
[2021-01-04 09:42:31,842][INFO][SERVER][HasCollection][grpcpp_sync_ser] Request [17] HasCollection begin.
[2021-01-04 09:42:31,844][INFO][SERVER][HasCollection][grpcpp_sync_ser] Request [17] HasCollection end.
[2021-01-04 09:42:31,846][INFO][SERVER][DescribeCollection][grpcpp_sync_ser] Request [18] DescribeCollection begin.
[2021-01-04 09:42:31,847][INFO][SERVER][DescribeCollection][grpcpp_sync_ser] Request [18] DescribeCollection end.
[2021-01-04 09:42:31,849][INFO][SERVER][Insert][grpcpp_sync_ser] Request [19] Insert begin.
[2021-01-04 09:42:31,849][INFO][SERVER][OnExecute][reqsched_thread] [insert][0] Execute insert request.
[2021-01-04 09:42:31,851][INFO][WAL][Insert][reqsched_thread] [insert][0]retina_face insert in part  with lsn 4295398900
[2021-01-04 09:42:31,853][INFO][WAL][GetNextRecord][wal_thread] record type 2 collection retina_face lsn 4295398900
[2021-01-04 09:42:31,854][INFO][SERVER][Insert][grpcpp_sync_ser] Request [19] Insert end.
[2021-01-04 09:42:31,857][INFO][SERVER][Flush][grpcpp_sync_ser] Request [20] Flush begin.
[2021-01-04 09:42:31,863][INFO][WAL][Flush][reqsched_thread] retina_face want to be flush, lsn 4295398900
[2021-01-04 09:42:31,865][INFO][WAL][operator()][wal_thread] record flush collection retina_face lsn 4295398900
[2021-01-04 09:42:31,902][INFO][WAL][CollectionFlushed][wal_thread] retina_face is flushed by lsn 4295398900
[2021-01-04 09:42:31,903][INFO][SERVER][Flush][grpcpp_sync_ser] Request [20] Flush end.
[2021-01-04 09:42:42,879][INFO][SERVER][Cmd][grpcpp_sync_ser] Request [21] Cmd begin.
[2021-01-04 09:42:42,880][INFO][SERVER][Cmd][grpcpp_sync_ser] Request [21] Cmd end.
[2021-01-04 09:42:42,882][INFO][SERVER][HasCollection][grpcpp_sync_ser] Request [22] HasCollection begin.
[2021-01-04 09:42:42,884][INFO][SERVER][HasCollection][grpcpp_sync_ser] Request [22] HasCollection end.
[2021-01-04 09:42:42,886][INFO][SERVER][Insert][grpcpp_sync_ser] Request [23] Insert begin.
[2021-01-04 09:42:42,886][INFO][SERVER][OnExecute][reqsched_thread] [insert][0] Execute insert request.
[2021-01-04 09:42:42,889][INFO][SERVER][Insert][grpcpp_sync_ser] Request [23] Insert end.
[2021-01-04 09:42:42,891][INFO][SERVER][Flush][grpcpp_sync_ser] Request [24] Flush begin.
[2021-01-04 09:42:42,893][INFO][WAL][Flush][reqsched_thread] retina_face want to be flush, lsn 0
[2021-01-04 09:42:42,895][INFO][SERVER][Flush][grpcpp_sync_ser] Request [24] Flush end.
[2021-01-04 09:42:42,897][INFO][SERVER][Search][grpcpp_sync_ser] Request [25] Search begin.
[2021-01-04 09:42:42,897][INFO][SERVER][OnPreExecute][grpcpp_sync_ser] [search][0] Search pre-execute. Check search parameters
[2021-01-04 09:42:42,898][INFO][SERVER][OnExecute][reqsched_thread] [search][0] Search execute.
[2021-01-04 09:42:42,921][INFO][SERVER][Search][grpcpp_sync_ser] Request [25] Search end.
[2021-01-04 09:48:37,514][INFO][SERVER][HandleSignal][milvus_server] Release lock!15
[2021-01-04 09:48:37,515][INFO][SERVER][HandleSignal][milvus_server] Server received critical signal: 15
[2021-01-04 09:48:37,516][INFO][SERVER][PrintStacktrace][milvus_server] Call stack:
[2021-01-04 09:48:37,542][INFO][SERVER][PrintStacktrace][milvus_server] /var/lib/milvus/bin/milvus_server() [0x6717ec]
[2021-01-04 09:48:37,542][INFO][SERVER][PrintStacktrace][milvus_server] /var/lib/milvus/bin/milvus_server() [0x6722d4]
[2021-01-04 09:48:37,543][INFO][SERVER][PrintStacktrace][milvus_server] /lib64/libc.so.6(+0x36400) [0x7f05bfb13400]
[2021-01-04 09:48:37,543][INFO][SERVER][PrintStacktrace][milvus_server] /lib64/libpthread.so.0(pause+0x2d) [0x7f05c08eef5d]
[2021-01-04 09:48:37,543][INFO][SERVER][PrintStacktrace][milvus_server] /var/lib/milvus/bin/milvus_server() [0x428609]
[2021-01-04 09:48:37,544][INFO][SERVER][PrintStacktrace][milvus_server] /lib64/libc.so.6(__libc_start_main+0xf5) [0x7f05bfaff555]
[2021-01-04 09:48:37,544][INFO][SERVER][PrintStacktrace][milvus_server] /var/lib/milvus/bin/milvus_server() [0x432727]
[2021-01-04 09:48:37,632][INFO][SERVER][Stop][milvus_server] Scheduler gonna stop...
[2021-01-04 09:48:37,633][INFO][SERVER][Stop][milvus_server] Scheduler stopped
